[2023-11-26T17:42:09.722+0000] {processor.py:157} INFO - Started process (PID=48) to work on /home/airflow/.local/lib/python3.8/site-packages/airflow/example_dags/example_task_group.py
[2023-11-26T17:42:09.726+0000] {processor.py:829} INFO - Processing file /home/airflow/.local/lib/python3.8/site-packages/airflow/example_dags/example_task_group.py for tasks to queue
[2023-11-26T17:42:09.732+0000] {logging_mixin.py:154} INFO - [2023-11-26T17:42:09.731+0000] {dagbag.py:536} INFO - Filling up the DagBag from /home/airflow/.local/lib/python3.8/site-packages/airflow/example_dags/example_task_group.py
[2023-11-26T17:42:09.774+0000] {processor.py:839} INFO - DAG(s) dict_keys(['example_task_group']) retrieved from /home/airflow/.local/lib/python3.8/site-packages/airflow/example_dags/example_task_group.py
[2023-11-26T17:42:09.855+0000] {logging_mixin.py:154} INFO - [2023-11-26T17:42:09.854+0000] {dag.py:2941} INFO - Sync 1 DAGs
[2023-11-26T17:42:09.938+0000] {logging_mixin.py:154} INFO - [2023-11-26T17:42:09.938+0000] {dag.py:3722} INFO - Setting next_dagrun for example_task_group to 2023-11-25T17:42:09.937875+00:00, run_after=2023-11-26T17:42:09.937875+00:00
[2023-11-26T17:42:10.014+0000] {processor.py:179} INFO - Processing /home/airflow/.local/lib/python3.8/site-packages/airflow/example_dags/example_task_group.py took 0.304 seconds
[2023-11-26T17:43:11.501+0000] {processor.py:157} INFO - Started process (PID=108) to work on /home/airflow/.local/lib/python3.8/site-packages/airflow/example_dags/example_task_group.py
[2023-11-26T17:43:11.578+0000] {processor.py:829} INFO - Processing file /home/airflow/.local/lib/python3.8/site-packages/airflow/example_dags/example_task_group.py for tasks to queue
[2023-11-26T17:43:11.593+0000] {logging_mixin.py:154} INFO - [2023-11-26T17:43:11.591+0000] {dagbag.py:536} INFO - Filling up the DagBag from /home/airflow/.local/lib/python3.8/site-packages/airflow/example_dags/example_task_group.py
[2023-11-26T17:43:11.707+0000] {processor.py:839} INFO - DAG(s) dict_keys(['example_task_group']) retrieved from /home/airflow/.local/lib/python3.8/site-packages/airflow/example_dags/example_task_group.py
[2023-11-26T17:43:11.931+0000] {logging_mixin.py:154} INFO - [2023-11-26T17:43:11.930+0000] {dag.py:2941} INFO - Sync 1 DAGs
[2023-11-26T17:43:13.058+0000] {logging_mixin.py:154} INFO - [2023-11-26T17:43:13.055+0000] {dag.py:3722} INFO - Setting next_dagrun for example_task_group to 2023-11-25T17:43:13.045590+00:00, run_after=2023-11-26T17:43:13.045590+00:00
[2023-11-26T17:43:14.024+0000] {processor.py:179} INFO - Processing /home/airflow/.local/lib/python3.8/site-packages/airflow/example_dags/example_task_group.py took 2.573 seconds
[2023-11-26T17:46:07.744+0000] {processor.py:157} INFO - Started process (PID=56) to work on /home/airflow/.local/lib/python3.8/site-packages/airflow/example_dags/example_task_group.py
[2023-11-26T17:46:07.746+0000] {processor.py:829} INFO - Processing file /home/airflow/.local/lib/python3.8/site-packages/airflow/example_dags/example_task_group.py for tasks to queue
[2023-11-26T17:46:07.752+0000] {logging_mixin.py:154} INFO - [2023-11-26T17:46:07.752+0000] {dagbag.py:536} INFO - Filling up the DagBag from /home/airflow/.local/lib/python3.8/site-packages/airflow/example_dags/example_task_group.py
[2023-11-26T17:46:07.812+0000] {processor.py:839} INFO - DAG(s) dict_keys(['example_task_group']) retrieved from /home/airflow/.local/lib/python3.8/site-packages/airflow/example_dags/example_task_group.py
[2023-11-26T17:46:07.940+0000] {logging_mixin.py:154} INFO - [2023-11-26T17:46:07.939+0000] {dag.py:2941} INFO - Sync 1 DAGs
[2023-11-26T17:46:08.064+0000] {logging_mixin.py:154} INFO - [2023-11-26T17:46:08.063+0000] {dag.py:3722} INFO - Setting next_dagrun for example_task_group to 2023-11-25T17:46:08.062657+00:00, run_after=2023-11-26T17:46:08.062657+00:00
[2023-11-26T17:46:08.127+0000] {processor.py:179} INFO - Processing /home/airflow/.local/lib/python3.8/site-packages/airflow/example_dags/example_task_group.py took 0.392 seconds
[2023-11-26T17:46:43.954+0000] {processor.py:157} INFO - Started process (PID=110) to work on /home/airflow/.local/lib/python3.8/site-packages/airflow/example_dags/example_task_group.py
[2023-11-26T17:46:43.957+0000] {processor.py:829} INFO - Processing file /home/airflow/.local/lib/python3.8/site-packages/airflow/example_dags/example_task_group.py for tasks to queue
[2023-11-26T17:46:43.963+0000] {logging_mixin.py:154} INFO - [2023-11-26T17:46:43.962+0000] {dagbag.py:536} INFO - Filling up the DagBag from /home/airflow/.local/lib/python3.8/site-packages/airflow/example_dags/example_task_group.py
[2023-11-26T17:46:43.987+0000] {processor.py:839} INFO - DAG(s) dict_keys(['example_task_group']) retrieved from /home/airflow/.local/lib/python3.8/site-packages/airflow/example_dags/example_task_group.py
[2023-11-26T17:46:44.085+0000] {logging_mixin.py:154} INFO - [2023-11-26T17:46:44.084+0000] {dag.py:2941} INFO - Sync 1 DAGs
[2023-11-26T17:46:44.196+0000] {logging_mixin.py:154} INFO - [2023-11-26T17:46:44.189+0000] {dag.py:3722} INFO - Setting next_dagrun for example_task_group to 2023-11-25T17:46:44.178777+00:00, run_after=2023-11-26T17:46:44.178777+00:00
[2023-11-26T17:46:44.303+0000] {processor.py:179} INFO - Processing /home/airflow/.local/lib/python3.8/site-packages/airflow/example_dags/example_task_group.py took 0.363 seconds
[2023-11-26T17:47:14.572+0000] {processor.py:157} INFO - Started process (PID=163) to work on /home/airflow/.local/lib/python3.8/site-packages/airflow/example_dags/example_task_group.py
[2023-11-26T17:47:14.575+0000] {processor.py:829} INFO - Processing file /home/airflow/.local/lib/python3.8/site-packages/airflow/example_dags/example_task_group.py for tasks to queue
[2023-11-26T17:47:14.580+0000] {logging_mixin.py:154} INFO - [2023-11-26T17:47:14.580+0000] {dagbag.py:536} INFO - Filling up the DagBag from /home/airflow/.local/lib/python3.8/site-packages/airflow/example_dags/example_task_group.py
[2023-11-26T17:47:14.597+0000] {processor.py:839} INFO - DAG(s) dict_keys(['example_task_group']) retrieved from /home/airflow/.local/lib/python3.8/site-packages/airflow/example_dags/example_task_group.py
[2023-11-26T17:47:14.656+0000] {logging_mixin.py:154} INFO - [2023-11-26T17:47:14.655+0000] {dag.py:2941} INFO - Sync 1 DAGs
[2023-11-26T17:47:14.711+0000] {logging_mixin.py:154} INFO - [2023-11-26T17:47:14.711+0000] {dag.py:3722} INFO - Setting next_dagrun for example_task_group to 2023-11-25T17:47:14.710588+00:00, run_after=2023-11-26T17:47:14.710588+00:00
[2023-11-26T17:47:14.761+0000] {processor.py:179} INFO - Processing /home/airflow/.local/lib/python3.8/site-packages/airflow/example_dags/example_task_group.py took 0.198 seconds
[2023-11-26T17:47:44.837+0000] {processor.py:157} INFO - Started process (PID=216) to work on /home/airflow/.local/lib/python3.8/site-packages/airflow/example_dags/example_task_group.py
[2023-11-26T17:47:44.839+0000] {processor.py:829} INFO - Processing file /home/airflow/.local/lib/python3.8/site-packages/airflow/example_dags/example_task_group.py for tasks to queue
[2023-11-26T17:47:44.843+0000] {logging_mixin.py:154} INFO - [2023-11-26T17:47:44.843+0000] {dagbag.py:536} INFO - Filling up the DagBag from /home/airflow/.local/lib/python3.8/site-packages/airflow/example_dags/example_task_group.py
[2023-11-26T17:47:44.858+0000] {processor.py:839} INFO - DAG(s) dict_keys(['example_task_group']) retrieved from /home/airflow/.local/lib/python3.8/site-packages/airflow/example_dags/example_task_group.py
[2023-11-26T17:47:44.912+0000] {logging_mixin.py:154} INFO - [2023-11-26T17:47:44.912+0000] {dag.py:2941} INFO - Sync 1 DAGs
[2023-11-26T17:47:44.955+0000] {logging_mixin.py:154} INFO - [2023-11-26T17:47:44.954+0000] {dag.py:3722} INFO - Setting next_dagrun for example_task_group to 2023-11-25T17:47:44.954258+00:00, run_after=2023-11-26T17:47:44.954258+00:00
[2023-11-26T17:47:44.998+0000] {processor.py:179} INFO - Processing /home/airflow/.local/lib/python3.8/site-packages/airflow/example_dags/example_task_group.py took 0.167 seconds
[2023-11-26T17:48:15.240+0000] {processor.py:157} INFO - Started process (PID=269) to work on /home/airflow/.local/lib/python3.8/site-packages/airflow/example_dags/example_task_group.py
[2023-11-26T17:48:15.244+0000] {processor.py:829} INFO - Processing file /home/airflow/.local/lib/python3.8/site-packages/airflow/example_dags/example_task_group.py for tasks to queue
[2023-11-26T17:48:15.249+0000] {logging_mixin.py:154} INFO - [2023-11-26T17:48:15.249+0000] {dagbag.py:536} INFO - Filling up the DagBag from /home/airflow/.local/lib/python3.8/site-packages/airflow/example_dags/example_task_group.py
[2023-11-26T17:48:15.278+0000] {processor.py:839} INFO - DAG(s) dict_keys(['example_task_group']) retrieved from /home/airflow/.local/lib/python3.8/site-packages/airflow/example_dags/example_task_group.py
[2023-11-26T17:48:15.379+0000] {logging_mixin.py:154} INFO - [2023-11-26T17:48:15.378+0000] {dag.py:2941} INFO - Sync 1 DAGs
[2023-11-26T17:48:15.451+0000] {logging_mixin.py:154} INFO - [2023-11-26T17:48:15.451+0000] {dag.py:3722} INFO - Setting next_dagrun for example_task_group to 2023-11-25T17:48:15.450979+00:00, run_after=2023-11-26T17:48:15.450979+00:00
[2023-11-26T17:48:15.561+0000] {processor.py:179} INFO - Processing /home/airflow/.local/lib/python3.8/site-packages/airflow/example_dags/example_task_group.py took 0.328 seconds
[2023-11-26T17:48:46.129+0000] {processor.py:157} INFO - Started process (PID=323) to work on /home/airflow/.local/lib/python3.8/site-packages/airflow/example_dags/example_task_group.py
[2023-11-26T17:48:46.132+0000] {processor.py:829} INFO - Processing file /home/airflow/.local/lib/python3.8/site-packages/airflow/example_dags/example_task_group.py for tasks to queue
[2023-11-26T17:48:46.139+0000] {logging_mixin.py:154} INFO - [2023-11-26T17:48:46.138+0000] {dagbag.py:536} INFO - Filling up the DagBag from /home/airflow/.local/lib/python3.8/site-packages/airflow/example_dags/example_task_group.py
[2023-11-26T17:48:46.167+0000] {processor.py:839} INFO - DAG(s) dict_keys(['example_task_group']) retrieved from /home/airflow/.local/lib/python3.8/site-packages/airflow/example_dags/example_task_group.py
[2023-11-26T17:48:46.256+0000] {logging_mixin.py:154} INFO - [2023-11-26T17:48:46.255+0000] {dag.py:2941} INFO - Sync 1 DAGs
[2023-11-26T17:48:46.394+0000] {logging_mixin.py:154} INFO - [2023-11-26T17:48:46.393+0000] {dag.py:3722} INFO - Setting next_dagrun for example_task_group to 2023-11-25T17:48:46.393187+00:00, run_after=2023-11-26T17:48:46.393187+00:00
[2023-11-26T17:48:46.437+0000] {processor.py:179} INFO - Processing /home/airflow/.local/lib/python3.8/site-packages/airflow/example_dags/example_task_group.py took 0.314 seconds
[2023-11-26T17:49:16.922+0000] {processor.py:157} INFO - Started process (PID=376) to work on /home/airflow/.local/lib/python3.8/site-packages/airflow/example_dags/example_task_group.py
[2023-11-26T17:49:16.925+0000] {processor.py:829} INFO - Processing file /home/airflow/.local/lib/python3.8/site-packages/airflow/example_dags/example_task_group.py for tasks to queue
[2023-11-26T17:49:16.930+0000] {logging_mixin.py:154} INFO - [2023-11-26T17:49:16.930+0000] {dagbag.py:536} INFO - Filling up the DagBag from /home/airflow/.local/lib/python3.8/site-packages/airflow/example_dags/example_task_group.py
[2023-11-26T17:49:16.948+0000] {processor.py:839} INFO - DAG(s) dict_keys(['example_task_group']) retrieved from /home/airflow/.local/lib/python3.8/site-packages/airflow/example_dags/example_task_group.py
[2023-11-26T17:49:17.005+0000] {logging_mixin.py:154} INFO - [2023-11-26T17:49:17.004+0000] {dag.py:2941} INFO - Sync 1 DAGs
[2023-11-26T17:49:17.073+0000] {logging_mixin.py:154} INFO - [2023-11-26T17:49:17.073+0000] {dag.py:3722} INFO - Setting next_dagrun for example_task_group to 2023-11-25T17:49:17.072636+00:00, run_after=2023-11-26T17:49:17.072636+00:00
[2023-11-26T17:49:17.116+0000] {processor.py:179} INFO - Processing /home/airflow/.local/lib/python3.8/site-packages/airflow/example_dags/example_task_group.py took 0.204 seconds
[2023-11-26T17:49:49.783+0000] {processor.py:157} INFO - Started process (PID=429) to work on /home/airflow/.local/lib/python3.8/site-packages/airflow/example_dags/example_task_group.py
[2023-11-26T17:49:49.789+0000] {processor.py:829} INFO - Processing file /home/airflow/.local/lib/python3.8/site-packages/airflow/example_dags/example_task_group.py for tasks to queue
[2023-11-26T17:49:49.796+0000] {logging_mixin.py:154} INFO - [2023-11-26T17:49:49.795+0000] {dagbag.py:536} INFO - Filling up the DagBag from /home/airflow/.local/lib/python3.8/site-packages/airflow/example_dags/example_task_group.py
[2023-11-26T17:49:49.851+0000] {processor.py:839} INFO - DAG(s) dict_keys(['example_task_group']) retrieved from /home/airflow/.local/lib/python3.8/site-packages/airflow/example_dags/example_task_group.py
[2023-11-26T17:49:50.032+0000] {logging_mixin.py:154} INFO - [2023-11-26T17:49:50.032+0000] {dag.py:2941} INFO - Sync 1 DAGs
[2023-11-26T17:49:50.180+0000] {logging_mixin.py:154} INFO - [2023-11-26T17:49:50.179+0000] {dag.py:3722} INFO - Setting next_dagrun for example_task_group to 2023-11-25T17:49:50.179402+00:00, run_after=2023-11-26T17:49:50.179402+00:00
[2023-11-26T17:49:50.252+0000] {processor.py:179} INFO - Processing /home/airflow/.local/lib/python3.8/site-packages/airflow/example_dags/example_task_group.py took 0.482 seconds
[2023-11-26T17:50:20.625+0000] {processor.py:157} INFO - Started process (PID=483) to work on /home/airflow/.local/lib/python3.8/site-packages/airflow/example_dags/example_task_group.py
[2023-11-26T17:50:20.629+0000] {processor.py:829} INFO - Processing file /home/airflow/.local/lib/python3.8/site-packages/airflow/example_dags/example_task_group.py for tasks to queue
[2023-11-26T17:50:20.637+0000] {logging_mixin.py:154} INFO - [2023-11-26T17:50:20.636+0000] {dagbag.py:536} INFO - Filling up the DagBag from /home/airflow/.local/lib/python3.8/site-packages/airflow/example_dags/example_task_group.py
[2023-11-26T17:50:20.657+0000] {processor.py:839} INFO - DAG(s) dict_keys(['example_task_group']) retrieved from /home/airflow/.local/lib/python3.8/site-packages/airflow/example_dags/example_task_group.py
[2023-11-26T17:50:20.741+0000] {logging_mixin.py:154} INFO - [2023-11-26T17:50:20.741+0000] {dag.py:2941} INFO - Sync 1 DAGs
[2023-11-26T17:50:20.815+0000] {logging_mixin.py:154} INFO - [2023-11-26T17:50:20.815+0000] {dag.py:3722} INFO - Setting next_dagrun for example_task_group to 2023-11-25T17:50:20.814795+00:00, run_after=2023-11-26T17:50:20.814795+00:00
[2023-11-26T17:50:20.888+0000] {processor.py:179} INFO - Processing /home/airflow/.local/lib/python3.8/site-packages/airflow/example_dags/example_task_group.py took 0.273 seconds
[2023-11-26T17:50:52.125+0000] {processor.py:157} INFO - Started process (PID=537) to work on /home/airflow/.local/lib/python3.8/site-packages/airflow/example_dags/example_task_group.py
[2023-11-26T17:50:52.127+0000] {processor.py:829} INFO - Processing file /home/airflow/.local/lib/python3.8/site-packages/airflow/example_dags/example_task_group.py for tasks to queue
[2023-11-26T17:50:52.166+0000] {logging_mixin.py:154} INFO - [2023-11-26T17:50:52.165+0000] {dagbag.py:536} INFO - Filling up the DagBag from /home/airflow/.local/lib/python3.8/site-packages/airflow/example_dags/example_task_group.py
[2023-11-26T17:50:52.194+0000] {processor.py:839} INFO - DAG(s) dict_keys(['example_task_group']) retrieved from /home/airflow/.local/lib/python3.8/site-packages/airflow/example_dags/example_task_group.py
[2023-11-26T17:50:52.336+0000] {logging_mixin.py:154} INFO - [2023-11-26T17:50:52.336+0000] {dag.py:2941} INFO - Sync 1 DAGs
[2023-11-26T17:50:52.455+0000] {logging_mixin.py:154} INFO - [2023-11-26T17:50:52.443+0000] {dag.py:3722} INFO - Setting next_dagrun for example_task_group to 2023-11-25T17:50:52.442710+00:00, run_after=2023-11-26T17:50:52.442710+00:00
[2023-11-26T17:50:52.547+0000] {processor.py:179} INFO - Processing /home/airflow/.local/lib/python3.8/site-packages/airflow/example_dags/example_task_group.py took 0.514 seconds
[2023-11-26T17:51:23.358+0000] {processor.py:157} INFO - Started process (PID=591) to work on /home/airflow/.local/lib/python3.8/site-packages/airflow/example_dags/example_task_group.py
[2023-11-26T17:51:23.362+0000] {processor.py:829} INFO - Processing file /home/airflow/.local/lib/python3.8/site-packages/airflow/example_dags/example_task_group.py for tasks to queue
[2023-11-26T17:51:23.374+0000] {logging_mixin.py:154} INFO - [2023-11-26T17:51:23.373+0000] {dagbag.py:536} INFO - Filling up the DagBag from /home/airflow/.local/lib/python3.8/site-packages/airflow/example_dags/example_task_group.py
[2023-11-26T17:51:23.404+0000] {processor.py:839} INFO - DAG(s) dict_keys(['example_task_group']) retrieved from /home/airflow/.local/lib/python3.8/site-packages/airflow/example_dags/example_task_group.py
[2023-11-26T17:51:23.486+0000] {logging_mixin.py:154} INFO - [2023-11-26T17:51:23.485+0000] {dag.py:2941} INFO - Sync 1 DAGs
[2023-11-26T17:51:23.591+0000] {logging_mixin.py:154} INFO - [2023-11-26T17:51:23.591+0000] {dag.py:3722} INFO - Setting next_dagrun for example_task_group to 2023-11-25T17:51:23.590441+00:00, run_after=2023-11-26T17:51:23.590441+00:00
[2023-11-26T17:51:23.865+0000] {processor.py:179} INFO - Processing /home/airflow/.local/lib/python3.8/site-packages/airflow/example_dags/example_task_group.py took 0.518 seconds
[2023-11-26T17:51:54.356+0000] {processor.py:157} INFO - Started process (PID=644) to work on /home/airflow/.local/lib/python3.8/site-packages/airflow/example_dags/example_task_group.py
[2023-11-26T17:51:54.359+0000] {processor.py:829} INFO - Processing file /home/airflow/.local/lib/python3.8/site-packages/airflow/example_dags/example_task_group.py for tasks to queue
[2023-11-26T17:51:54.369+0000] {logging_mixin.py:154} INFO - [2023-11-26T17:51:54.368+0000] {dagbag.py:536} INFO - Filling up the DagBag from /home/airflow/.local/lib/python3.8/site-packages/airflow/example_dags/example_task_group.py
[2023-11-26T17:51:54.389+0000] {processor.py:839} INFO - DAG(s) dict_keys(['example_task_group']) retrieved from /home/airflow/.local/lib/python3.8/site-packages/airflow/example_dags/example_task_group.py
[2023-11-26T17:51:54.469+0000] {logging_mixin.py:154} INFO - [2023-11-26T17:51:54.469+0000] {dag.py:2941} INFO - Sync 1 DAGs
[2023-11-26T17:51:54.557+0000] {logging_mixin.py:154} INFO - [2023-11-26T17:51:54.556+0000] {dag.py:3722} INFO - Setting next_dagrun for example_task_group to 2023-11-25T17:51:54.555956+00:00, run_after=2023-11-26T17:51:54.555956+00:00
[2023-11-26T17:51:54.620+0000] {processor.py:179} INFO - Processing /home/airflow/.local/lib/python3.8/site-packages/airflow/example_dags/example_task_group.py took 0.273 seconds
[2023-11-26T17:52:25.201+0000] {processor.py:157} INFO - Started process (PID=698) to work on /home/airflow/.local/lib/python3.8/site-packages/airflow/example_dags/example_task_group.py
[2023-11-26T17:52:25.220+0000] {processor.py:829} INFO - Processing file /home/airflow/.local/lib/python3.8/site-packages/airflow/example_dags/example_task_group.py for tasks to queue
[2023-11-26T17:52:25.229+0000] {logging_mixin.py:154} INFO - [2023-11-26T17:52:25.228+0000] {dagbag.py:536} INFO - Filling up the DagBag from /home/airflow/.local/lib/python3.8/site-packages/airflow/example_dags/example_task_group.py
[2023-11-26T17:52:25.259+0000] {processor.py:839} INFO - DAG(s) dict_keys(['example_task_group']) retrieved from /home/airflow/.local/lib/python3.8/site-packages/airflow/example_dags/example_task_group.py
[2023-11-26T17:52:25.364+0000] {logging_mixin.py:154} INFO - [2023-11-26T17:52:25.364+0000] {dag.py:2941} INFO - Sync 1 DAGs
[2023-11-26T17:52:25.468+0000] {logging_mixin.py:154} INFO - [2023-11-26T17:52:25.467+0000] {dag.py:3722} INFO - Setting next_dagrun for example_task_group to 2023-11-25T17:52:25.467032+00:00, run_after=2023-11-26T17:52:25.467032+00:00
[2023-11-26T17:52:25.544+0000] {processor.py:179} INFO - Processing /home/airflow/.local/lib/python3.8/site-packages/airflow/example_dags/example_task_group.py took 0.354 seconds
[2023-11-26T17:52:55.653+0000] {processor.py:157} INFO - Started process (PID=752) to work on /home/airflow/.local/lib/python3.8/site-packages/airflow/example_dags/example_task_group.py
[2023-11-26T17:52:55.655+0000] {processor.py:829} INFO - Processing file /home/airflow/.local/lib/python3.8/site-packages/airflow/example_dags/example_task_group.py for tasks to queue
[2023-11-26T17:52:55.661+0000] {logging_mixin.py:154} INFO - [2023-11-26T17:52:55.661+0000] {dagbag.py:536} INFO - Filling up the DagBag from /home/airflow/.local/lib/python3.8/site-packages/airflow/example_dags/example_task_group.py
[2023-11-26T17:52:55.724+0000] {processor.py:839} INFO - DAG(s) dict_keys(['example_task_group']) retrieved from /home/airflow/.local/lib/python3.8/site-packages/airflow/example_dags/example_task_group.py
[2023-11-26T17:52:55.807+0000] {logging_mixin.py:154} INFO - [2023-11-26T17:52:55.807+0000] {dag.py:2941} INFO - Sync 1 DAGs
[2023-11-26T17:52:55.913+0000] {logging_mixin.py:154} INFO - [2023-11-26T17:52:55.908+0000] {dag.py:3722} INFO - Setting next_dagrun for example_task_group to 2023-11-25T17:52:55.908037+00:00, run_after=2023-11-26T17:52:55.908037+00:00
[2023-11-26T17:52:56.049+0000] {processor.py:179} INFO - Processing /home/airflow/.local/lib/python3.8/site-packages/airflow/example_dags/example_task_group.py took 0.404 seconds
[2023-11-26T17:53:26.649+0000] {processor.py:157} INFO - Started process (PID=806) to work on /home/airflow/.local/lib/python3.8/site-packages/airflow/example_dags/example_task_group.py
[2023-11-26T17:53:26.652+0000] {processor.py:829} INFO - Processing file /home/airflow/.local/lib/python3.8/site-packages/airflow/example_dags/example_task_group.py for tasks to queue
[2023-11-26T17:53:26.665+0000] {logging_mixin.py:154} INFO - [2023-11-26T17:53:26.664+0000] {dagbag.py:536} INFO - Filling up the DagBag from /home/airflow/.local/lib/python3.8/site-packages/airflow/example_dags/example_task_group.py
[2023-11-26T17:53:26.739+0000] {processor.py:839} INFO - DAG(s) dict_keys(['example_task_group']) retrieved from /home/airflow/.local/lib/python3.8/site-packages/airflow/example_dags/example_task_group.py
[2023-11-26T17:53:26.969+0000] {logging_mixin.py:154} INFO - [2023-11-26T17:53:26.968+0000] {dag.py:2941} INFO - Sync 1 DAGs
[2023-11-26T17:53:27.493+0000] {logging_mixin.py:154} INFO - [2023-11-26T17:53:27.492+0000] {dag.py:3722} INFO - Setting next_dagrun for example_task_group to 2023-11-25T17:53:27.492235+00:00, run_after=2023-11-26T17:53:27.492235+00:00
[2023-11-26T17:53:27.606+0000] {processor.py:179} INFO - Processing /home/airflow/.local/lib/python3.8/site-packages/airflow/example_dags/example_task_group.py took 0.973 seconds
[2023-11-26T17:53:58.112+0000] {processor.py:157} INFO - Started process (PID=860) to work on /home/airflow/.local/lib/python3.8/site-packages/airflow/example_dags/example_task_group.py
[2023-11-26T17:53:58.114+0000] {processor.py:829} INFO - Processing file /home/airflow/.local/lib/python3.8/site-packages/airflow/example_dags/example_task_group.py for tasks to queue
[2023-11-26T17:53:58.120+0000] {logging_mixin.py:154} INFO - [2023-11-26T17:53:58.120+0000] {dagbag.py:536} INFO - Filling up the DagBag from /home/airflow/.local/lib/python3.8/site-packages/airflow/example_dags/example_task_group.py
[2023-11-26T17:53:58.139+0000] {processor.py:839} INFO - DAG(s) dict_keys(['example_task_group']) retrieved from /home/airflow/.local/lib/python3.8/site-packages/airflow/example_dags/example_task_group.py
[2023-11-26T17:53:58.203+0000] {logging_mixin.py:154} INFO - [2023-11-26T17:53:58.203+0000] {dag.py:2941} INFO - Sync 1 DAGs
[2023-11-26T17:53:58.261+0000] {logging_mixin.py:154} INFO - [2023-11-26T17:53:58.260+0000] {dag.py:3722} INFO - Setting next_dagrun for example_task_group to 2023-11-25T17:53:58.260069+00:00, run_after=2023-11-26T17:53:58.260069+00:00
[2023-11-26T17:53:58.315+0000] {processor.py:179} INFO - Processing /home/airflow/.local/lib/python3.8/site-packages/airflow/example_dags/example_task_group.py took 0.213 seconds
[2023-11-26T17:54:37.278+0000] {processor.py:157} INFO - Started process (PID=921) to work on /home/airflow/.local/lib/python3.8/site-packages/airflow/example_dags/example_task_group.py
[2023-11-26T17:54:37.284+0000] {processor.py:829} INFO - Processing file /home/airflow/.local/lib/python3.8/site-packages/airflow/example_dags/example_task_group.py for tasks to queue
[2023-11-26T17:54:37.293+0000] {logging_mixin.py:154} INFO - [2023-11-26T17:54:37.292+0000] {dagbag.py:536} INFO - Filling up the DagBag from /home/airflow/.local/lib/python3.8/site-packages/airflow/example_dags/example_task_group.py
[2023-11-26T17:54:37.377+0000] {processor.py:839} INFO - DAG(s) dict_keys(['example_task_group']) retrieved from /home/airflow/.local/lib/python3.8/site-packages/airflow/example_dags/example_task_group.py
[2023-11-26T17:54:37.627+0000] {logging_mixin.py:154} INFO - [2023-11-26T17:54:37.626+0000] {dag.py:2941} INFO - Sync 1 DAGs
[2023-11-26T17:54:37.832+0000] {logging_mixin.py:154} INFO - [2023-11-26T17:54:37.831+0000] {dag.py:3722} INFO - Setting next_dagrun for example_task_group to 2023-11-25T17:54:37.829858+00:00, run_after=2023-11-26T17:54:37.829858+00:00
[2023-11-26T17:54:37.892+0000] {processor.py:179} INFO - Processing /home/airflow/.local/lib/python3.8/site-packages/airflow/example_dags/example_task_group.py took 0.623 seconds
[2023-11-26T17:55:08.476+0000] {processor.py:157} INFO - Started process (PID=976) to work on /home/airflow/.local/lib/python3.8/site-packages/airflow/example_dags/example_task_group.py
[2023-11-26T17:55:08.479+0000] {processor.py:829} INFO - Processing file /home/airflow/.local/lib/python3.8/site-packages/airflow/example_dags/example_task_group.py for tasks to queue
[2023-11-26T17:55:08.485+0000] {logging_mixin.py:154} INFO - [2023-11-26T17:55:08.485+0000] {dagbag.py:536} INFO - Filling up the DagBag from /home/airflow/.local/lib/python3.8/site-packages/airflow/example_dags/example_task_group.py
[2023-11-26T17:55:08.505+0000] {processor.py:839} INFO - DAG(s) dict_keys(['example_task_group']) retrieved from /home/airflow/.local/lib/python3.8/site-packages/airflow/example_dags/example_task_group.py
[2023-11-26T17:55:08.574+0000] {logging_mixin.py:154} INFO - [2023-11-26T17:55:08.574+0000] {dag.py:2941} INFO - Sync 1 DAGs
[2023-11-26T17:55:08.653+0000] {logging_mixin.py:154} INFO - [2023-11-26T17:55:08.652+0000] {dag.py:3722} INFO - Setting next_dagrun for example_task_group to 2023-11-25T17:55:08.651715+00:00, run_after=2023-11-26T17:55:08.651715+00:00
[2023-11-26T17:55:08.711+0000] {processor.py:179} INFO - Processing /home/airflow/.local/lib/python3.8/site-packages/airflow/example_dags/example_task_group.py took 0.242 seconds
[2023-11-26T17:55:39.451+0000] {processor.py:157} INFO - Started process (PID=1028) to work on /home/airflow/.local/lib/python3.8/site-packages/airflow/example_dags/example_task_group.py
[2023-11-26T17:55:39.453+0000] {processor.py:829} INFO - Processing file /home/airflow/.local/lib/python3.8/site-packages/airflow/example_dags/example_task_group.py for tasks to queue
[2023-11-26T17:55:39.461+0000] {logging_mixin.py:154} INFO - [2023-11-26T17:55:39.460+0000] {dagbag.py:536} INFO - Filling up the DagBag from /home/airflow/.local/lib/python3.8/site-packages/airflow/example_dags/example_task_group.py
[2023-11-26T17:55:39.482+0000] {processor.py:839} INFO - DAG(s) dict_keys(['example_task_group']) retrieved from /home/airflow/.local/lib/python3.8/site-packages/airflow/example_dags/example_task_group.py
[2023-11-26T17:55:39.543+0000] {logging_mixin.py:154} INFO - [2023-11-26T17:55:39.542+0000] {dag.py:2941} INFO - Sync 1 DAGs
[2023-11-26T17:55:39.609+0000] {logging_mixin.py:154} INFO - [2023-11-26T17:55:39.609+0000] {dag.py:3722} INFO - Setting next_dagrun for example_task_group to 2023-11-25T17:55:39.608701+00:00, run_after=2023-11-26T17:55:39.608701+00:00
[2023-11-26T17:55:39.676+0000] {processor.py:179} INFO - Processing /home/airflow/.local/lib/python3.8/site-packages/airflow/example_dags/example_task_group.py took 0.236 seconds
[2023-11-26T17:56:09.781+0000] {processor.py:157} INFO - Started process (PID=1082) to work on /home/airflow/.local/lib/python3.8/site-packages/airflow/example_dags/example_task_group.py
[2023-11-26T17:56:09.784+0000] {processor.py:829} INFO - Processing file /home/airflow/.local/lib/python3.8/site-packages/airflow/example_dags/example_task_group.py for tasks to queue
[2023-11-26T17:56:09.792+0000] {logging_mixin.py:154} INFO - [2023-11-26T17:56:09.791+0000] {dagbag.py:536} INFO - Filling up the DagBag from /home/airflow/.local/lib/python3.8/site-packages/airflow/example_dags/example_task_group.py
[2023-11-26T17:56:09.820+0000] {processor.py:839} INFO - DAG(s) dict_keys(['example_task_group']) retrieved from /home/airflow/.local/lib/python3.8/site-packages/airflow/example_dags/example_task_group.py
[2023-11-26T17:56:09.906+0000] {logging_mixin.py:154} INFO - [2023-11-26T17:56:09.906+0000] {dag.py:2941} INFO - Sync 1 DAGs
[2023-11-26T17:56:10.003+0000] {logging_mixin.py:154} INFO - [2023-11-26T17:56:10.003+0000] {dag.py:3722} INFO - Setting next_dagrun for example_task_group to 2023-11-25T17:56:10.002891+00:00, run_after=2023-11-26T17:56:10.002891+00:00
[2023-11-26T17:56:10.067+0000] {processor.py:179} INFO - Processing /home/airflow/.local/lib/python3.8/site-packages/airflow/example_dags/example_task_group.py took 0.294 seconds
[2023-11-26T17:56:41.103+0000] {processor.py:157} INFO - Started process (PID=1136) to work on /home/airflow/.local/lib/python3.8/site-packages/airflow/example_dags/example_task_group.py
[2023-11-26T17:56:41.105+0000] {processor.py:829} INFO - Processing file /home/airflow/.local/lib/python3.8/site-packages/airflow/example_dags/example_task_group.py for tasks to queue
[2023-11-26T17:56:41.115+0000] {logging_mixin.py:154} INFO - [2023-11-26T17:56:41.114+0000] {dagbag.py:536} INFO - Filling up the DagBag from /home/airflow/.local/lib/python3.8/site-packages/airflow/example_dags/example_task_group.py
[2023-11-26T17:56:41.143+0000] {processor.py:839} INFO - DAG(s) dict_keys(['example_task_group']) retrieved from /home/airflow/.local/lib/python3.8/site-packages/airflow/example_dags/example_task_group.py
[2023-11-26T17:56:41.210+0000] {logging_mixin.py:154} INFO - [2023-11-26T17:56:41.210+0000] {dag.py:2941} INFO - Sync 1 DAGs
[2023-11-26T17:56:41.280+0000] {logging_mixin.py:154} INFO - [2023-11-26T17:56:41.279+0000] {dag.py:3722} INFO - Setting next_dagrun for example_task_group to 2023-11-25T17:56:41.279157+00:00, run_after=2023-11-26T17:56:41.279157+00:00
[2023-11-26T17:56:41.714+0000] {processor.py:179} INFO - Processing /home/airflow/.local/lib/python3.8/site-packages/airflow/example_dags/example_task_group.py took 0.624 seconds
[2023-11-26T17:57:12.360+0000] {processor.py:157} INFO - Started process (PID=1191) to work on /home/airflow/.local/lib/python3.8/site-packages/airflow/example_dags/example_task_group.py
[2023-11-26T17:57:12.363+0000] {processor.py:829} INFO - Processing file /home/airflow/.local/lib/python3.8/site-packages/airflow/example_dags/example_task_group.py for tasks to queue
[2023-11-26T17:57:12.368+0000] {logging_mixin.py:154} INFO - [2023-11-26T17:57:12.368+0000] {dagbag.py:536} INFO - Filling up the DagBag from /home/airflow/.local/lib/python3.8/site-packages/airflow/example_dags/example_task_group.py
[2023-11-26T17:57:12.384+0000] {processor.py:839} INFO - DAG(s) dict_keys(['example_task_group']) retrieved from /home/airflow/.local/lib/python3.8/site-packages/airflow/example_dags/example_task_group.py
[2023-11-26T17:57:12.432+0000] {logging_mixin.py:154} INFO - [2023-11-26T17:57:12.431+0000] {dag.py:2941} INFO - Sync 1 DAGs
[2023-11-26T17:57:12.478+0000] {logging_mixin.py:154} INFO - [2023-11-26T17:57:12.478+0000] {dag.py:3722} INFO - Setting next_dagrun for example_task_group to 2023-11-25T17:57:12.477403+00:00, run_after=2023-11-26T17:57:12.477403+00:00
[2023-11-26T17:57:12.527+0000] {processor.py:179} INFO - Processing /home/airflow/.local/lib/python3.8/site-packages/airflow/example_dags/example_task_group.py took 0.174 seconds
[2023-11-26T17:57:53.647+0000] {processor.py:157} INFO - Started process (PID=1244) to work on /home/airflow/.local/lib/python3.8/site-packages/airflow/example_dags/example_task_group.py
[2023-11-26T17:57:53.669+0000] {processor.py:829} INFO - Processing file /home/airflow/.local/lib/python3.8/site-packages/airflow/example_dags/example_task_group.py for tasks to queue
[2023-11-26T17:57:53.892+0000] {logging_mixin.py:154} INFO - [2023-11-26T17:57:53.890+0000] {dagbag.py:536} INFO - Filling up the DagBag from /home/airflow/.local/lib/python3.8/site-packages/airflow/example_dags/example_task_group.py
[2023-11-26T17:57:53.937+0000] {processor.py:839} INFO - DAG(s) dict_keys(['example_task_group']) retrieved from /home/airflow/.local/lib/python3.8/site-packages/airflow/example_dags/example_task_group.py
[2023-11-26T17:57:54.397+0000] {logging_mixin.py:154} INFO - [2023-11-26T17:57:54.397+0000] {dag.py:2941} INFO - Sync 1 DAGs
[2023-11-26T17:57:54.678+0000] {logging_mixin.py:154} INFO - [2023-11-26T17:57:54.677+0000] {dag.py:3722} INFO - Setting next_dagrun for example_task_group to 2023-11-25T17:57:54.676850+00:00, run_after=2023-11-26T17:57:54.676850+00:00
[2023-11-26T17:57:54.840+0000] {processor.py:179} INFO - Processing /home/airflow/.local/lib/python3.8/site-packages/airflow/example_dags/example_task_group.py took 1.323 seconds
[2023-11-26T17:58:25.833+0000] {processor.py:157} INFO - Started process (PID=1298) to work on /home/airflow/.local/lib/python3.8/site-packages/airflow/example_dags/example_task_group.py
[2023-11-26T17:58:25.836+0000] {processor.py:829} INFO - Processing file /home/airflow/.local/lib/python3.8/site-packages/airflow/example_dags/example_task_group.py for tasks to queue
[2023-11-26T17:58:25.843+0000] {logging_mixin.py:154} INFO - [2023-11-26T17:58:25.842+0000] {dagbag.py:536} INFO - Filling up the DagBag from /home/airflow/.local/lib/python3.8/site-packages/airflow/example_dags/example_task_group.py
[2023-11-26T17:58:25.865+0000] {processor.py:839} INFO - DAG(s) dict_keys(['example_task_group']) retrieved from /home/airflow/.local/lib/python3.8/site-packages/airflow/example_dags/example_task_group.py
[2023-11-26T17:58:25.986+0000] {logging_mixin.py:154} INFO - [2023-11-26T17:58:25.984+0000] {dag.py:2941} INFO - Sync 1 DAGs
[2023-11-26T17:58:27.267+0000] {logging_mixin.py:154} INFO - [2023-11-26T17:58:27.266+0000] {dag.py:3722} INFO - Setting next_dagrun for example_task_group to 2023-11-25T17:58:27.266124+00:00, run_after=2023-11-26T17:58:27.266124+00:00
[2023-11-26T17:58:27.374+0000] {processor.py:179} INFO - Processing /home/airflow/.local/lib/python3.8/site-packages/airflow/example_dags/example_task_group.py took 1.551 seconds
[2023-11-26T17:58:57.484+0000] {processor.py:157} INFO - Started process (PID=1352) to work on /home/airflow/.local/lib/python3.8/site-packages/airflow/example_dags/example_task_group.py
[2023-11-26T17:58:57.487+0000] {processor.py:829} INFO - Processing file /home/airflow/.local/lib/python3.8/site-packages/airflow/example_dags/example_task_group.py for tasks to queue
[2023-11-26T17:58:57.492+0000] {logging_mixin.py:154} INFO - [2023-11-26T17:58:57.492+0000] {dagbag.py:536} INFO - Filling up the DagBag from /home/airflow/.local/lib/python3.8/site-packages/airflow/example_dags/example_task_group.py
[2023-11-26T17:58:57.510+0000] {processor.py:839} INFO - DAG(s) dict_keys(['example_task_group']) retrieved from /home/airflow/.local/lib/python3.8/site-packages/airflow/example_dags/example_task_group.py
[2023-11-26T17:58:57.568+0000] {logging_mixin.py:154} INFO - [2023-11-26T17:58:57.567+0000] {dag.py:2941} INFO - Sync 1 DAGs
[2023-11-26T17:58:57.641+0000] {logging_mixin.py:154} INFO - [2023-11-26T17:58:57.640+0000] {dag.py:3722} INFO - Setting next_dagrun for example_task_group to 2023-11-25T17:58:57.639872+00:00, run_after=2023-11-26T17:58:57.639872+00:00
[2023-11-26T17:58:57.947+0000] {processor.py:179} INFO - Processing /home/airflow/.local/lib/python3.8/site-packages/airflow/example_dags/example_task_group.py took 0.471 seconds
[2023-11-26T17:59:28.449+0000] {processor.py:157} INFO - Started process (PID=1406) to work on /home/airflow/.local/lib/python3.8/site-packages/airflow/example_dags/example_task_group.py
[2023-11-26T17:59:28.454+0000] {processor.py:829} INFO - Processing file /home/airflow/.local/lib/python3.8/site-packages/airflow/example_dags/example_task_group.py for tasks to queue
[2023-11-26T17:59:28.466+0000] {logging_mixin.py:154} INFO - [2023-11-26T17:59:28.465+0000] {dagbag.py:536} INFO - Filling up the DagBag from /home/airflow/.local/lib/python3.8/site-packages/airflow/example_dags/example_task_group.py
[2023-11-26T17:59:28.542+0000] {processor.py:839} INFO - DAG(s) dict_keys(['example_task_group']) retrieved from /home/airflow/.local/lib/python3.8/site-packages/airflow/example_dags/example_task_group.py
[2023-11-26T17:59:28.643+0000] {logging_mixin.py:154} INFO - [2023-11-26T17:59:28.643+0000] {dag.py:2941} INFO - Sync 1 DAGs
[2023-11-26T17:59:28.794+0000] {logging_mixin.py:154} INFO - [2023-11-26T17:59:28.794+0000] {dag.py:3722} INFO - Setting next_dagrun for example_task_group to 2023-11-25T17:59:28.793611+00:00, run_after=2023-11-26T17:59:28.793611+00:00
[2023-11-26T17:59:28.883+0000] {processor.py:179} INFO - Processing /home/airflow/.local/lib/python3.8/site-packages/airflow/example_dags/example_task_group.py took 0.443 seconds
[2023-11-26T17:59:59.547+0000] {processor.py:157} INFO - Started process (PID=1460) to work on /home/airflow/.local/lib/python3.8/site-packages/airflow/example_dags/example_task_group.py
[2023-11-26T17:59:59.555+0000] {processor.py:829} INFO - Processing file /home/airflow/.local/lib/python3.8/site-packages/airflow/example_dags/example_task_group.py for tasks to queue
[2023-11-26T17:59:59.562+0000] {logging_mixin.py:154} INFO - [2023-11-26T17:59:59.561+0000] {dagbag.py:536} INFO - Filling up the DagBag from /home/airflow/.local/lib/python3.8/site-packages/airflow/example_dags/example_task_group.py
[2023-11-26T18:00:00.496+0000] {processor.py:839} INFO - DAG(s) dict_keys(['example_task_group']) retrieved from /home/airflow/.local/lib/python3.8/site-packages/airflow/example_dags/example_task_group.py
[2023-11-26T18:00:00.612+0000] {logging_mixin.py:154} INFO - [2023-11-26T18:00:00.612+0000] {dag.py:2941} INFO - Sync 1 DAGs
[2023-11-26T18:00:00.709+0000] {logging_mixin.py:154} INFO - [2023-11-26T18:00:00.709+0000] {dag.py:3722} INFO - Setting next_dagrun for example_task_group to 2023-11-25T18:00:00.709120+00:00, run_after=2023-11-26T18:00:00.709120+00:00
[2023-11-26T18:00:00.762+0000] {processor.py:179} INFO - Processing /home/airflow/.local/lib/python3.8/site-packages/airflow/example_dags/example_task_group.py took 1.222 seconds
[2023-11-26T18:00:30.939+0000] {processor.py:157} INFO - Started process (PID=1513) to work on /home/airflow/.local/lib/python3.8/site-packages/airflow/example_dags/example_task_group.py
[2023-11-26T18:00:30.941+0000] {processor.py:829} INFO - Processing file /home/airflow/.local/lib/python3.8/site-packages/airflow/example_dags/example_task_group.py for tasks to queue
[2023-11-26T18:00:30.946+0000] {logging_mixin.py:154} INFO - [2023-11-26T18:00:30.945+0000] {dagbag.py:536} INFO - Filling up the DagBag from /home/airflow/.local/lib/python3.8/site-packages/airflow/example_dags/example_task_group.py
[2023-11-26T18:00:30.962+0000] {processor.py:839} INFO - DAG(s) dict_keys(['example_task_group']) retrieved from /home/airflow/.local/lib/python3.8/site-packages/airflow/example_dags/example_task_group.py
[2023-11-26T18:00:31.195+0000] {logging_mixin.py:154} INFO - [2023-11-26T18:00:31.194+0000] {dag.py:2941} INFO - Sync 1 DAGs
[2023-11-26T18:00:31.521+0000] {logging_mixin.py:154} INFO - [2023-11-26T18:00:31.520+0000] {dag.py:3722} INFO - Setting next_dagrun for example_task_group to 2023-11-25T18:00:31.519918+00:00, run_after=2023-11-26T18:00:31.519918+00:00
[2023-11-26T18:00:31.655+0000] {processor.py:179} INFO - Processing /home/airflow/.local/lib/python3.8/site-packages/airflow/example_dags/example_task_group.py took 0.724 seconds
[2023-11-26T18:01:01.880+0000] {processor.py:157} INFO - Started process (PID=1567) to work on /home/airflow/.local/lib/python3.8/site-packages/airflow/example_dags/example_task_group.py
[2023-11-26T18:01:01.885+0000] {processor.py:829} INFO - Processing file /home/airflow/.local/lib/python3.8/site-packages/airflow/example_dags/example_task_group.py for tasks to queue
[2023-11-26T18:01:01.910+0000] {logging_mixin.py:154} INFO - [2023-11-26T18:01:01.908+0000] {dagbag.py:536} INFO - Filling up the DagBag from /home/airflow/.local/lib/python3.8/site-packages/airflow/example_dags/example_task_group.py
[2023-11-26T18:01:02.019+0000] {processor.py:839} INFO - DAG(s) dict_keys(['example_task_group']) retrieved from /home/airflow/.local/lib/python3.8/site-packages/airflow/example_dags/example_task_group.py
[2023-11-26T18:01:02.119+0000] {logging_mixin.py:154} INFO - [2023-11-26T18:01:02.119+0000] {dag.py:2941} INFO - Sync 1 DAGs
[2023-11-26T18:01:02.231+0000] {logging_mixin.py:154} INFO - [2023-11-26T18:01:02.231+0000] {dag.py:3722} INFO - Setting next_dagrun for example_task_group to 2023-11-25T18:01:02.230587+00:00, run_after=2023-11-26T18:01:02.230587+00:00
[2023-11-26T18:01:02.469+0000] {processor.py:179} INFO - Processing /home/airflow/.local/lib/python3.8/site-packages/airflow/example_dags/example_task_group.py took 0.637 seconds
[2023-11-26T18:01:33.239+0000] {processor.py:157} INFO - Started process (PID=1621) to work on /home/airflow/.local/lib/python3.8/site-packages/airflow/example_dags/example_task_group.py
[2023-11-26T18:01:33.246+0000] {processor.py:829} INFO - Processing file /home/airflow/.local/lib/python3.8/site-packages/airflow/example_dags/example_task_group.py for tasks to queue
[2023-11-26T18:01:33.272+0000] {logging_mixin.py:154} INFO - [2023-11-26T18:01:33.270+0000] {dagbag.py:536} INFO - Filling up the DagBag from /home/airflow/.local/lib/python3.8/site-packages/airflow/example_dags/example_task_group.py
[2023-11-26T18:01:33.320+0000] {processor.py:839} INFO - DAG(s) dict_keys(['example_task_group']) retrieved from /home/airflow/.local/lib/python3.8/site-packages/airflow/example_dags/example_task_group.py
[2023-11-26T18:01:33.411+0000] {logging_mixin.py:154} INFO - [2023-11-26T18:01:33.410+0000] {dag.py:2941} INFO - Sync 1 DAGs
[2023-11-26T18:01:33.479+0000] {logging_mixin.py:154} INFO - [2023-11-26T18:01:33.478+0000] {dag.py:3722} INFO - Setting next_dagrun for example_task_group to 2023-11-25T18:01:33.478444+00:00, run_after=2023-11-26T18:01:33.478444+00:00
[2023-11-26T18:01:33.555+0000] {processor.py:179} INFO - Processing /home/airflow/.local/lib/python3.8/site-packages/airflow/example_dags/example_task_group.py took 0.337 seconds
[2023-11-26T18:02:03.658+0000] {processor.py:157} INFO - Started process (PID=1674) to work on /home/airflow/.local/lib/python3.8/site-packages/airflow/example_dags/example_task_group.py
[2023-11-26T18:02:03.661+0000] {processor.py:829} INFO - Processing file /home/airflow/.local/lib/python3.8/site-packages/airflow/example_dags/example_task_group.py for tasks to queue
[2023-11-26T18:02:03.668+0000] {logging_mixin.py:154} INFO - [2023-11-26T18:02:03.667+0000] {dagbag.py:536} INFO - Filling up the DagBag from /home/airflow/.local/lib/python3.8/site-packages/airflow/example_dags/example_task_group.py
[2023-11-26T18:02:03.691+0000] {processor.py:839} INFO - DAG(s) dict_keys(['example_task_group']) retrieved from /home/airflow/.local/lib/python3.8/site-packages/airflow/example_dags/example_task_group.py
[2023-11-26T18:02:03.821+0000] {logging_mixin.py:154} INFO - [2023-11-26T18:02:03.821+0000] {dag.py:2941} INFO - Sync 1 DAGs
[2023-11-26T18:02:03.910+0000] {logging_mixin.py:154} INFO - [2023-11-26T18:02:03.910+0000] {dag.py:3722} INFO - Setting next_dagrun for example_task_group to 2023-11-25T18:02:03.909321+00:00, run_after=2023-11-26T18:02:03.909321+00:00
[2023-11-26T18:02:03.965+0000] {processor.py:179} INFO - Processing /home/airflow/.local/lib/python3.8/site-packages/airflow/example_dags/example_task_group.py took 0.318 seconds
[2023-11-26T18:02:35.374+0000] {processor.py:157} INFO - Started process (PID=1721) to work on /home/airflow/.local/lib/python3.8/site-packages/airflow/example_dags/example_task_group.py
[2023-11-26T18:02:35.377+0000] {processor.py:829} INFO - Processing file /home/airflow/.local/lib/python3.8/site-packages/airflow/example_dags/example_task_group.py for tasks to queue
[2023-11-26T18:02:35.391+0000] {logging_mixin.py:154} INFO - [2023-11-26T18:02:35.391+0000] {dagbag.py:536} INFO - Filling up the DagBag from /home/airflow/.local/lib/python3.8/site-packages/airflow/example_dags/example_task_group.py
[2023-11-26T18:02:35.415+0000] {processor.py:839} INFO - DAG(s) dict_keys(['example_task_group']) retrieved from /home/airflow/.local/lib/python3.8/site-packages/airflow/example_dags/example_task_group.py
[2023-11-26T18:02:35.511+0000] {logging_mixin.py:154} INFO - [2023-11-26T18:02:35.511+0000] {dag.py:2941} INFO - Sync 1 DAGs
[2023-11-26T18:02:35.632+0000] {logging_mixin.py:154} INFO - [2023-11-26T18:02:35.632+0000] {dag.py:3722} INFO - Setting next_dagrun for example_task_group to 2023-11-25T18:02:35.631507+00:00, run_after=2023-11-26T18:02:35.631507+00:00
[2023-11-26T18:02:35.691+0000] {processor.py:179} INFO - Processing /home/airflow/.local/lib/python3.8/site-packages/airflow/example_dags/example_task_group.py took 0.331 seconds
[2023-11-26T18:03:06.326+0000] {processor.py:157} INFO - Started process (PID=1775) to work on /home/airflow/.local/lib/python3.8/site-packages/airflow/example_dags/example_task_group.py
[2023-11-26T18:03:06.327+0000] {processor.py:829} INFO - Processing file /home/airflow/.local/lib/python3.8/site-packages/airflow/example_dags/example_task_group.py for tasks to queue
[2023-11-26T18:03:06.335+0000] {logging_mixin.py:154} INFO - [2023-11-26T18:03:06.334+0000] {dagbag.py:536} INFO - Filling up the DagBag from /home/airflow/.local/lib/python3.8/site-packages/airflow/example_dags/example_task_group.py
[2023-11-26T18:03:06.357+0000] {processor.py:839} INFO - DAG(s) dict_keys(['example_task_group']) retrieved from /home/airflow/.local/lib/python3.8/site-packages/airflow/example_dags/example_task_group.py
[2023-11-26T18:03:06.416+0000] {logging_mixin.py:154} INFO - [2023-11-26T18:03:06.416+0000] {dag.py:2941} INFO - Sync 1 DAGs
[2023-11-26T18:03:06.468+0000] {logging_mixin.py:154} INFO - [2023-11-26T18:03:06.467+0000] {dag.py:3722} INFO - Setting next_dagrun for example_task_group to 2023-11-25T18:03:06.467295+00:00, run_after=2023-11-26T18:03:06.467295+00:00
[2023-11-26T18:03:06.506+0000] {processor.py:179} INFO - Processing /home/airflow/.local/lib/python3.8/site-packages/airflow/example_dags/example_task_group.py took 0.186 seconds
