[2023-11-26T17:42:29.902+0000] {processor.py:157} INFO - Started process (PID=78) to work on /home/airflow/.local/lib/python3.8/site-packages/airflow/example_dags/example_nested_branch_dag.py
[2023-11-26T17:42:29.904+0000] {processor.py:829} INFO - Processing file /home/airflow/.local/lib/python3.8/site-packages/airflow/example_dags/example_nested_branch_dag.py for tasks to queue
[2023-11-26T17:42:29.911+0000] {logging_mixin.py:154} INFO - [2023-11-26T17:42:29.910+0000] {dagbag.py:536} INFO - Filling up the DagBag from /home/airflow/.local/lib/python3.8/site-packages/airflow/example_dags/example_nested_branch_dag.py
[2023-11-26T17:42:30.097+0000] {processor.py:839} INFO - DAG(s) dict_keys(['example_nested_branch_dag']) retrieved from /home/airflow/.local/lib/python3.8/site-packages/airflow/example_dags/example_nested_branch_dag.py
[2023-11-26T17:42:30.222+0000] {logging_mixin.py:154} INFO - [2023-11-26T17:42:30.222+0000] {dag.py:2941} INFO - Sync 1 DAGs
[2023-11-26T17:42:30.437+0000] {logging_mixin.py:154} INFO - [2023-11-26T17:42:30.436+0000] {dag.py:3722} INFO - Setting next_dagrun for example_nested_branch_dag to 2023-11-25T00:00:00+00:00, run_after=2023-11-26T00:00:00+00:00
[2023-11-26T17:42:30.526+0000] {processor.py:179} INFO - Processing /home/airflow/.local/lib/python3.8/site-packages/airflow/example_dags/example_nested_branch_dag.py took 0.636 seconds
[2023-11-26T17:46:20.844+0000] {processor.py:157} INFO - Started process (PID=80) to work on /home/airflow/.local/lib/python3.8/site-packages/airflow/example_dags/example_nested_branch_dag.py
[2023-11-26T17:46:20.865+0000] {processor.py:829} INFO - Processing file /home/airflow/.local/lib/python3.8/site-packages/airflow/example_dags/example_nested_branch_dag.py for tasks to queue
[2023-11-26T17:46:20.888+0000] {logging_mixin.py:154} INFO - [2023-11-26T17:46:20.888+0000] {dagbag.py:536} INFO - Filling up the DagBag from /home/airflow/.local/lib/python3.8/site-packages/airflow/example_dags/example_nested_branch_dag.py
[2023-11-26T17:46:21.070+0000] {processor.py:839} INFO - DAG(s) dict_keys(['example_nested_branch_dag']) retrieved from /home/airflow/.local/lib/python3.8/site-packages/airflow/example_dags/example_nested_branch_dag.py
[2023-11-26T17:46:21.400+0000] {logging_mixin.py:154} INFO - [2023-11-26T17:46:21.399+0000] {dag.py:2941} INFO - Sync 1 DAGs
[2023-11-26T17:46:21.601+0000] {logging_mixin.py:154} INFO - [2023-11-26T17:46:21.600+0000] {dag.py:3722} INFO - Setting next_dagrun for example_nested_branch_dag to 2023-11-25T00:00:00+00:00, run_after=2023-11-26T00:00:00+00:00
[2023-11-26T17:46:21.784+0000] {processor.py:179} INFO - Processing /home/airflow/.local/lib/python3.8/site-packages/airflow/example_dags/example_nested_branch_dag.py took 0.978 seconds
[2023-11-26T17:46:53.221+0000] {processor.py:157} INFO - Started process (PID=134) to work on /home/airflow/.local/lib/python3.8/site-packages/airflow/example_dags/example_nested_branch_dag.py
[2023-11-26T17:46:53.228+0000] {processor.py:829} INFO - Processing file /home/airflow/.local/lib/python3.8/site-packages/airflow/example_dags/example_nested_branch_dag.py for tasks to queue
[2023-11-26T17:46:53.252+0000] {logging_mixin.py:154} INFO - [2023-11-26T17:46:53.251+0000] {dagbag.py:536} INFO - Filling up the DagBag from /home/airflow/.local/lib/python3.8/site-packages/airflow/example_dags/example_nested_branch_dag.py
[2023-11-26T17:46:53.474+0000] {processor.py:839} INFO - DAG(s) dict_keys(['example_nested_branch_dag']) retrieved from /home/airflow/.local/lib/python3.8/site-packages/airflow/example_dags/example_nested_branch_dag.py
[2023-11-26T17:46:53.854+0000] {logging_mixin.py:154} INFO - [2023-11-26T17:46:53.853+0000] {dag.py:2941} INFO - Sync 1 DAGs
[2023-11-26T17:46:54.413+0000] {logging_mixin.py:154} INFO - [2023-11-26T17:46:54.347+0000] {dag.py:3722} INFO - Setting next_dagrun for example_nested_branch_dag to 2023-11-25T00:00:00+00:00, run_after=2023-11-26T00:00:00+00:00
[2023-11-26T17:46:54.868+0000] {processor.py:179} INFO - Processing /home/airflow/.local/lib/python3.8/site-packages/airflow/example_dags/example_nested_branch_dag.py took 1.691 seconds
[2023-11-26T17:47:25.073+0000] {processor.py:157} INFO - Started process (PID=195) to work on /home/airflow/.local/lib/python3.8/site-packages/airflow/example_dags/example_nested_branch_dag.py
[2023-11-26T17:47:25.082+0000] {processor.py:829} INFO - Processing file /home/airflow/.local/lib/python3.8/site-packages/airflow/example_dags/example_nested_branch_dag.py for tasks to queue
[2023-11-26T17:47:25.090+0000] {logging_mixin.py:154} INFO - [2023-11-26T17:47:25.089+0000] {dagbag.py:536} INFO - Filling up the DagBag from /home/airflow/.local/lib/python3.8/site-packages/airflow/example_dags/example_nested_branch_dag.py
[2023-11-26T17:47:25.116+0000] {processor.py:839} INFO - DAG(s) dict_keys(['example_nested_branch_dag']) retrieved from /home/airflow/.local/lib/python3.8/site-packages/airflow/example_dags/example_nested_branch_dag.py
[2023-11-26T17:47:25.170+0000] {logging_mixin.py:154} INFO - [2023-11-26T17:47:25.169+0000] {dag.py:2941} INFO - Sync 1 DAGs
[2023-11-26T17:47:25.231+0000] {logging_mixin.py:154} INFO - [2023-11-26T17:47:25.230+0000] {dag.py:3722} INFO - Setting next_dagrun for example_nested_branch_dag to 2023-11-25T00:00:00+00:00, run_after=2023-11-26T00:00:00+00:00
[2023-11-26T17:47:25.272+0000] {processor.py:179} INFO - Processing /home/airflow/.local/lib/python3.8/site-packages/airflow/example_dags/example_nested_branch_dag.py took 0.207 seconds
[2023-11-26T17:47:55.988+0000] {processor.py:157} INFO - Started process (PID=248) to work on /home/airflow/.local/lib/python3.8/site-packages/airflow/example_dags/example_nested_branch_dag.py
[2023-11-26T17:47:55.990+0000] {processor.py:829} INFO - Processing file /home/airflow/.local/lib/python3.8/site-packages/airflow/example_dags/example_nested_branch_dag.py for tasks to queue
[2023-11-26T17:47:55.996+0000] {logging_mixin.py:154} INFO - [2023-11-26T17:47:55.996+0000] {dagbag.py:536} INFO - Filling up the DagBag from /home/airflow/.local/lib/python3.8/site-packages/airflow/example_dags/example_nested_branch_dag.py
[2023-11-26T17:47:56.044+0000] {processor.py:839} INFO - DAG(s) dict_keys(['example_nested_branch_dag']) retrieved from /home/airflow/.local/lib/python3.8/site-packages/airflow/example_dags/example_nested_branch_dag.py
[2023-11-26T17:47:56.116+0000] {logging_mixin.py:154} INFO - [2023-11-26T17:47:56.115+0000] {dag.py:2941} INFO - Sync 1 DAGs
[2023-11-26T17:47:56.233+0000] {logging_mixin.py:154} INFO - [2023-11-26T17:47:56.232+0000] {dag.py:3722} INFO - Setting next_dagrun for example_nested_branch_dag to 2023-11-25T00:00:00+00:00, run_after=2023-11-26T00:00:00+00:00
[2023-11-26T17:47:56.286+0000] {processor.py:179} INFO - Processing /home/airflow/.local/lib/python3.8/site-packages/airflow/example_dags/example_nested_branch_dag.py took 0.307 seconds
[2023-11-26T17:48:27.267+0000] {processor.py:157} INFO - Started process (PID=302) to work on /home/airflow/.local/lib/python3.8/site-packages/airflow/example_dags/example_nested_branch_dag.py
[2023-11-26T17:48:27.270+0000] {processor.py:829} INFO - Processing file /home/airflow/.local/lib/python3.8/site-packages/airflow/example_dags/example_nested_branch_dag.py for tasks to queue
[2023-11-26T17:48:27.275+0000] {logging_mixin.py:154} INFO - [2023-11-26T17:48:27.275+0000] {dagbag.py:536} INFO - Filling up the DagBag from /home/airflow/.local/lib/python3.8/site-packages/airflow/example_dags/example_nested_branch_dag.py
[2023-11-26T17:48:27.299+0000] {processor.py:839} INFO - DAG(s) dict_keys(['example_nested_branch_dag']) retrieved from /home/airflow/.local/lib/python3.8/site-packages/airflow/example_dags/example_nested_branch_dag.py
[2023-11-26T17:48:27.359+0000] {logging_mixin.py:154} INFO - [2023-11-26T17:48:27.359+0000] {dag.py:2941} INFO - Sync 1 DAGs
[2023-11-26T17:48:27.420+0000] {logging_mixin.py:154} INFO - [2023-11-26T17:48:27.419+0000] {dag.py:3722} INFO - Setting next_dagrun for example_nested_branch_dag to 2023-11-25T00:00:00+00:00, run_after=2023-11-26T00:00:00+00:00
[2023-11-26T17:48:27.470+0000] {processor.py:179} INFO - Processing /home/airflow/.local/lib/python3.8/site-packages/airflow/example_dags/example_nested_branch_dag.py took 0.210 seconds
[2023-11-26T17:48:57.718+0000] {processor.py:157} INFO - Started process (PID=354) to work on /home/airflow/.local/lib/python3.8/site-packages/airflow/example_dags/example_nested_branch_dag.py
[2023-11-26T17:48:57.720+0000] {processor.py:829} INFO - Processing file /home/airflow/.local/lib/python3.8/site-packages/airflow/example_dags/example_nested_branch_dag.py for tasks to queue
[2023-11-26T17:48:57.726+0000] {logging_mixin.py:154} INFO - [2023-11-26T17:48:57.725+0000] {dagbag.py:536} INFO - Filling up the DagBag from /home/airflow/.local/lib/python3.8/site-packages/airflow/example_dags/example_nested_branch_dag.py
[2023-11-26T17:48:57.753+0000] {processor.py:839} INFO - DAG(s) dict_keys(['example_nested_branch_dag']) retrieved from /home/airflow/.local/lib/python3.8/site-packages/airflow/example_dags/example_nested_branch_dag.py
[2023-11-26T17:48:57.837+0000] {logging_mixin.py:154} INFO - [2023-11-26T17:48:57.835+0000] {dag.py:2941} INFO - Sync 1 DAGs
[2023-11-26T17:48:57.902+0000] {logging_mixin.py:154} INFO - [2023-11-26T17:48:57.901+0000] {dag.py:3722} INFO - Setting next_dagrun for example_nested_branch_dag to 2023-11-25T00:00:00+00:00, run_after=2023-11-26T00:00:00+00:00
[2023-11-26T17:48:57.949+0000] {processor.py:179} INFO - Processing /home/airflow/.local/lib/python3.8/site-packages/airflow/example_dags/example_nested_branch_dag.py took 0.242 seconds
[2023-11-26T17:49:28.110+0000] {processor.py:157} INFO - Started process (PID=407) to work on /home/airflow/.local/lib/python3.8/site-packages/airflow/example_dags/example_nested_branch_dag.py
[2023-11-26T17:49:28.112+0000] {processor.py:829} INFO - Processing file /home/airflow/.local/lib/python3.8/site-packages/airflow/example_dags/example_nested_branch_dag.py for tasks to queue
[2023-11-26T17:49:28.117+0000] {logging_mixin.py:154} INFO - [2023-11-26T17:49:28.117+0000] {dagbag.py:536} INFO - Filling up the DagBag from /home/airflow/.local/lib/python3.8/site-packages/airflow/example_dags/example_nested_branch_dag.py
[2023-11-26T17:49:28.140+0000] {processor.py:839} INFO - DAG(s) dict_keys(['example_nested_branch_dag']) retrieved from /home/airflow/.local/lib/python3.8/site-packages/airflow/example_dags/example_nested_branch_dag.py
[2023-11-26T17:49:28.202+0000] {logging_mixin.py:154} INFO - [2023-11-26T17:49:28.201+0000] {dag.py:2941} INFO - Sync 1 DAGs
[2023-11-26T17:49:28.270+0000] {logging_mixin.py:154} INFO - [2023-11-26T17:49:28.269+0000] {dag.py:3722} INFO - Setting next_dagrun for example_nested_branch_dag to 2023-11-25T00:00:00+00:00, run_after=2023-11-26T00:00:00+00:00
[2023-11-26T17:49:28.336+0000] {processor.py:179} INFO - Processing /home/airflow/.local/lib/python3.8/site-packages/airflow/example_dags/example_nested_branch_dag.py took 0.234 seconds
[2023-11-26T17:49:59.076+0000] {processor.py:157} INFO - Started process (PID=459) to work on /home/airflow/.local/lib/python3.8/site-packages/airflow/example_dags/example_nested_branch_dag.py
[2023-11-26T17:49:59.086+0000] {processor.py:829} INFO - Processing file /home/airflow/.local/lib/python3.8/site-packages/airflow/example_dags/example_nested_branch_dag.py for tasks to queue
[2023-11-26T17:49:59.100+0000] {logging_mixin.py:154} INFO - [2023-11-26T17:49:59.100+0000] {dagbag.py:536} INFO - Filling up the DagBag from /home/airflow/.local/lib/python3.8/site-packages/airflow/example_dags/example_nested_branch_dag.py
[2023-11-26T17:49:59.137+0000] {processor.py:839} INFO - DAG(s) dict_keys(['example_nested_branch_dag']) retrieved from /home/airflow/.local/lib/python3.8/site-packages/airflow/example_dags/example_nested_branch_dag.py
[2023-11-26T17:49:59.231+0000] {logging_mixin.py:154} INFO - [2023-11-26T17:49:59.231+0000] {dag.py:2941} INFO - Sync 1 DAGs
[2023-11-26T17:49:59.382+0000] {logging_mixin.py:154} INFO - [2023-11-26T17:49:59.381+0000] {dag.py:3722} INFO - Setting next_dagrun for example_nested_branch_dag to 2023-11-25T00:00:00+00:00, run_after=2023-11-26T00:00:00+00:00
[2023-11-26T17:49:59.436+0000] {processor.py:179} INFO - Processing /home/airflow/.local/lib/python3.8/site-packages/airflow/example_dags/example_nested_branch_dag.py took 0.370 seconds
[2023-11-26T17:50:30.751+0000] {processor.py:157} INFO - Started process (PID=513) to work on /home/airflow/.local/lib/python3.8/site-packages/airflow/example_dags/example_nested_branch_dag.py
[2023-11-26T17:50:30.753+0000] {processor.py:829} INFO - Processing file /home/airflow/.local/lib/python3.8/site-packages/airflow/example_dags/example_nested_branch_dag.py for tasks to queue
[2023-11-26T17:50:30.761+0000] {logging_mixin.py:154} INFO - [2023-11-26T17:50:30.759+0000] {dagbag.py:536} INFO - Filling up the DagBag from /home/airflow/.local/lib/python3.8/site-packages/airflow/example_dags/example_nested_branch_dag.py
[2023-11-26T17:50:30.786+0000] {processor.py:839} INFO - DAG(s) dict_keys(['example_nested_branch_dag']) retrieved from /home/airflow/.local/lib/python3.8/site-packages/airflow/example_dags/example_nested_branch_dag.py
[2023-11-26T17:50:30.856+0000] {logging_mixin.py:154} INFO - [2023-11-26T17:50:30.855+0000] {dag.py:2941} INFO - Sync 1 DAGs
[2023-11-26T17:50:30.934+0000] {logging_mixin.py:154} INFO - [2023-11-26T17:50:30.933+0000] {dag.py:3722} INFO - Setting next_dagrun for example_nested_branch_dag to 2023-11-25T00:00:00+00:00, run_after=2023-11-26T00:00:00+00:00
[2023-11-26T17:50:30.989+0000] {processor.py:179} INFO - Processing /home/airflow/.local/lib/python3.8/site-packages/airflow/example_dags/example_nested_branch_dag.py took 0.251 seconds
[2023-11-26T17:51:01.652+0000] {processor.py:157} INFO - Started process (PID=567) to work on /home/airflow/.local/lib/python3.8/site-packages/airflow/example_dags/example_nested_branch_dag.py
[2023-11-26T17:51:01.655+0000] {processor.py:829} INFO - Processing file /home/airflow/.local/lib/python3.8/site-packages/airflow/example_dags/example_nested_branch_dag.py for tasks to queue
[2023-11-26T17:51:01.664+0000] {logging_mixin.py:154} INFO - [2023-11-26T17:51:01.663+0000] {dagbag.py:536} INFO - Filling up the DagBag from /home/airflow/.local/lib/python3.8/site-packages/airflow/example_dags/example_nested_branch_dag.py
[2023-11-26T17:51:01.724+0000] {processor.py:839} INFO - DAG(s) dict_keys(['example_nested_branch_dag']) retrieved from /home/airflow/.local/lib/python3.8/site-packages/airflow/example_dags/example_nested_branch_dag.py
[2023-11-26T17:51:01.823+0000] {logging_mixin.py:154} INFO - [2023-11-26T17:51:01.822+0000] {dag.py:2941} INFO - Sync 1 DAGs
[2023-11-26T17:51:01.930+0000] {logging_mixin.py:154} INFO - [2023-11-26T17:51:01.929+0000] {dag.py:3722} INFO - Setting next_dagrun for example_nested_branch_dag to 2023-11-25T00:00:00+00:00, run_after=2023-11-26T00:00:00+00:00
[2023-11-26T17:51:01.999+0000] {processor.py:179} INFO - Processing /home/airflow/.local/lib/python3.8/site-packages/airflow/example_dags/example_nested_branch_dag.py took 0.357 seconds
[2023-11-26T17:51:34.354+0000] {processor.py:157} INFO - Started process (PID=620) to work on /home/airflow/.local/lib/python3.8/site-packages/airflow/example_dags/example_nested_branch_dag.py
[2023-11-26T17:51:34.357+0000] {processor.py:829} INFO - Processing file /home/airflow/.local/lib/python3.8/site-packages/airflow/example_dags/example_nested_branch_dag.py for tasks to queue
[2023-11-26T17:51:34.375+0000] {logging_mixin.py:154} INFO - [2023-11-26T17:51:34.374+0000] {dagbag.py:536} INFO - Filling up the DagBag from /home/airflow/.local/lib/python3.8/site-packages/airflow/example_dags/example_nested_branch_dag.py
[2023-11-26T17:51:34.417+0000] {processor.py:839} INFO - DAG(s) dict_keys(['example_nested_branch_dag']) retrieved from /home/airflow/.local/lib/python3.8/site-packages/airflow/example_dags/example_nested_branch_dag.py
[2023-11-26T17:51:34.534+0000] {logging_mixin.py:154} INFO - [2023-11-26T17:51:34.533+0000] {dag.py:2941} INFO - Sync 1 DAGs
[2023-11-26T17:51:34.849+0000] {logging_mixin.py:154} INFO - [2023-11-26T17:51:34.848+0000] {dag.py:3722} INFO - Setting next_dagrun for example_nested_branch_dag to 2023-11-25T00:00:00+00:00, run_after=2023-11-26T00:00:00+00:00
[2023-11-26T17:51:34.981+0000] {processor.py:179} INFO - Processing /home/airflow/.local/lib/python3.8/site-packages/airflow/example_dags/example_nested_branch_dag.py took 0.636 seconds
[2023-11-26T17:52:05.531+0000] {processor.py:157} INFO - Started process (PID=674) to work on /home/airflow/.local/lib/python3.8/site-packages/airflow/example_dags/example_nested_branch_dag.py
[2023-11-26T17:52:05.534+0000] {processor.py:829} INFO - Processing file /home/airflow/.local/lib/python3.8/site-packages/airflow/example_dags/example_nested_branch_dag.py for tasks to queue
[2023-11-26T17:52:05.543+0000] {logging_mixin.py:154} INFO - [2023-11-26T17:52:05.542+0000] {dagbag.py:536} INFO - Filling up the DagBag from /home/airflow/.local/lib/python3.8/site-packages/airflow/example_dags/example_nested_branch_dag.py
[2023-11-26T17:52:05.699+0000] {processor.py:839} INFO - DAG(s) dict_keys(['example_nested_branch_dag']) retrieved from /home/airflow/.local/lib/python3.8/site-packages/airflow/example_dags/example_nested_branch_dag.py
[2023-11-26T17:52:05.854+0000] {logging_mixin.py:154} INFO - [2023-11-26T17:52:05.854+0000] {dag.py:2941} INFO - Sync 1 DAGs
[2023-11-26T17:52:05.975+0000] {logging_mixin.py:154} INFO - [2023-11-26T17:52:05.974+0000] {dag.py:3722} INFO - Setting next_dagrun for example_nested_branch_dag to 2023-11-25T00:00:00+00:00, run_after=2023-11-26T00:00:00+00:00
[2023-11-26T17:52:06.043+0000] {processor.py:179} INFO - Processing /home/airflow/.local/lib/python3.8/site-packages/airflow/example_dags/example_nested_branch_dag.py took 0.523 seconds
[2023-11-26T17:52:36.258+0000] {processor.py:157} INFO - Started process (PID=728) to work on /home/airflow/.local/lib/python3.8/site-packages/airflow/example_dags/example_nested_branch_dag.py
[2023-11-26T17:52:36.262+0000] {processor.py:829} INFO - Processing file /home/airflow/.local/lib/python3.8/site-packages/airflow/example_dags/example_nested_branch_dag.py for tasks to queue
[2023-11-26T17:52:36.270+0000] {logging_mixin.py:154} INFO - [2023-11-26T17:52:36.269+0000] {dagbag.py:536} INFO - Filling up the DagBag from /home/airflow/.local/lib/python3.8/site-packages/airflow/example_dags/example_nested_branch_dag.py
[2023-11-26T17:52:36.329+0000] {processor.py:839} INFO - DAG(s) dict_keys(['example_nested_branch_dag']) retrieved from /home/airflow/.local/lib/python3.8/site-packages/airflow/example_dags/example_nested_branch_dag.py
[2023-11-26T17:52:36.513+0000] {logging_mixin.py:154} INFO - [2023-11-26T17:52:36.512+0000] {dag.py:2941} INFO - Sync 1 DAGs
[2023-11-26T17:52:36.659+0000] {logging_mixin.py:154} INFO - [2023-11-26T17:52:36.659+0000] {dag.py:3722} INFO - Setting next_dagrun for example_nested_branch_dag to 2023-11-25T00:00:00+00:00, run_after=2023-11-26T00:00:00+00:00
[2023-11-26T17:52:36.708+0000] {processor.py:179} INFO - Processing /home/airflow/.local/lib/python3.8/site-packages/airflow/example_dags/example_nested_branch_dag.py took 0.464 seconds
[2023-11-26T17:53:07.265+0000] {processor.py:157} INFO - Started process (PID=782) to work on /home/airflow/.local/lib/python3.8/site-packages/airflow/example_dags/example_nested_branch_dag.py
[2023-11-26T17:53:07.307+0000] {processor.py:829} INFO - Processing file /home/airflow/.local/lib/python3.8/site-packages/airflow/example_dags/example_nested_branch_dag.py for tasks to queue
[2023-11-26T17:53:07.322+0000] {logging_mixin.py:154} INFO - [2023-11-26T17:53:07.321+0000] {dagbag.py:536} INFO - Filling up the DagBag from /home/airflow/.local/lib/python3.8/site-packages/airflow/example_dags/example_nested_branch_dag.py
[2023-11-26T17:53:07.358+0000] {processor.py:839} INFO - DAG(s) dict_keys(['example_nested_branch_dag']) retrieved from /home/airflow/.local/lib/python3.8/site-packages/airflow/example_dags/example_nested_branch_dag.py
[2023-11-26T17:53:07.454+0000] {logging_mixin.py:154} INFO - [2023-11-26T17:53:07.453+0000] {dag.py:2941} INFO - Sync 1 DAGs
[2023-11-26T17:53:07.610+0000] {logging_mixin.py:154} INFO - [2023-11-26T17:53:07.610+0000] {dag.py:3722} INFO - Setting next_dagrun for example_nested_branch_dag to 2023-11-25T00:00:00+00:00, run_after=2023-11-26T00:00:00+00:00
[2023-11-26T17:53:07.718+0000] {processor.py:179} INFO - Processing /home/airflow/.local/lib/python3.8/site-packages/airflow/example_dags/example_nested_branch_dag.py took 0.461 seconds
[2023-11-26T17:53:38.182+0000] {processor.py:157} INFO - Started process (PID=836) to work on /home/airflow/.local/lib/python3.8/site-packages/airflow/example_dags/example_nested_branch_dag.py
[2023-11-26T17:53:38.186+0000] {processor.py:829} INFO - Processing file /home/airflow/.local/lib/python3.8/site-packages/airflow/example_dags/example_nested_branch_dag.py for tasks to queue
[2023-11-26T17:53:38.195+0000] {logging_mixin.py:154} INFO - [2023-11-26T17:53:38.195+0000] {dagbag.py:536} INFO - Filling up the DagBag from /home/airflow/.local/lib/python3.8/site-packages/airflow/example_dags/example_nested_branch_dag.py
[2023-11-26T17:53:38.228+0000] {processor.py:839} INFO - DAG(s) dict_keys(['example_nested_branch_dag']) retrieved from /home/airflow/.local/lib/python3.8/site-packages/airflow/example_dags/example_nested_branch_dag.py
[2023-11-26T17:53:38.328+0000] {logging_mixin.py:154} INFO - [2023-11-26T17:53:38.328+0000] {dag.py:2941} INFO - Sync 1 DAGs
[2023-11-26T17:53:38.460+0000] {logging_mixin.py:154} INFO - [2023-11-26T17:53:38.459+0000] {dag.py:3722} INFO - Setting next_dagrun for example_nested_branch_dag to 2023-11-25T00:00:00+00:00, run_after=2023-11-26T00:00:00+00:00
[2023-11-26T17:53:38.859+0000] {processor.py:179} INFO - Processing /home/airflow/.local/lib/python3.8/site-packages/airflow/example_dags/example_nested_branch_dag.py took 0.689 seconds
[2023-11-26T17:54:14.087+0000] {processor.py:157} INFO - Started process (PID=890) to work on /home/airflow/.local/lib/python3.8/site-packages/airflow/example_dags/example_nested_branch_dag.py
[2023-11-26T17:54:14.171+0000] {processor.py:829} INFO - Processing file /home/airflow/.local/lib/python3.8/site-packages/airflow/example_dags/example_nested_branch_dag.py for tasks to queue
[2023-11-26T17:54:14.195+0000] {logging_mixin.py:154} INFO - [2023-11-26T17:54:14.195+0000] {dagbag.py:536} INFO - Filling up the DagBag from /home/airflow/.local/lib/python3.8/site-packages/airflow/example_dags/example_nested_branch_dag.py
[2023-11-26T17:54:14.322+0000] {processor.py:839} INFO - DAG(s) dict_keys(['example_nested_branch_dag']) retrieved from /home/airflow/.local/lib/python3.8/site-packages/airflow/example_dags/example_nested_branch_dag.py
[2023-11-26T17:54:14.573+0000] {logging_mixin.py:154} INFO - [2023-11-26T17:54:14.573+0000] {dag.py:2941} INFO - Sync 1 DAGs
[2023-11-26T17:54:14.838+0000] {logging_mixin.py:154} INFO - [2023-11-26T17:54:14.837+0000] {dag.py:3722} INFO - Setting next_dagrun for example_nested_branch_dag to 2023-11-25T00:00:00+00:00, run_after=2023-11-26T00:00:00+00:00
[2023-11-26T17:54:15.131+0000] {processor.py:179} INFO - Processing /home/airflow/.local/lib/python3.8/site-packages/airflow/example_dags/example_nested_branch_dag.py took 1.057 seconds
[2023-11-26T17:54:47.590+0000] {processor.py:157} INFO - Started process (PID=944) to work on /home/airflow/.local/lib/python3.8/site-packages/airflow/example_dags/example_nested_branch_dag.py
[2023-11-26T17:54:47.601+0000] {processor.py:829} INFO - Processing file /home/airflow/.local/lib/python3.8/site-packages/airflow/example_dags/example_nested_branch_dag.py for tasks to queue
[2023-11-26T17:54:47.607+0000] {logging_mixin.py:154} INFO - [2023-11-26T17:54:47.606+0000] {dagbag.py:536} INFO - Filling up the DagBag from /home/airflow/.local/lib/python3.8/site-packages/airflow/example_dags/example_nested_branch_dag.py
[2023-11-26T17:54:47.684+0000] {processor.py:839} INFO - DAG(s) dict_keys(['example_nested_branch_dag']) retrieved from /home/airflow/.local/lib/python3.8/site-packages/airflow/example_dags/example_nested_branch_dag.py
[2023-11-26T17:54:47.867+0000] {logging_mixin.py:154} INFO - [2023-11-26T17:54:47.867+0000] {dag.py:2941} INFO - Sync 1 DAGs
[2023-11-26T17:54:48.145+0000] {logging_mixin.py:154} INFO - [2023-11-26T17:54:48.145+0000] {dag.py:3722} INFO - Setting next_dagrun for example_nested_branch_dag to 2023-11-25T00:00:00+00:00, run_after=2023-11-26T00:00:00+00:00
[2023-11-26T17:54:48.266+0000] {processor.py:179} INFO - Processing /home/airflow/.local/lib/python3.8/site-packages/airflow/example_dags/example_nested_branch_dag.py took 0.688 seconds
[2023-11-26T17:55:18.518+0000] {processor.py:157} INFO - Started process (PID=999) to work on /home/airflow/.local/lib/python3.8/site-packages/airflow/example_dags/example_nested_branch_dag.py
[2023-11-26T17:55:18.521+0000] {processor.py:829} INFO - Processing file /home/airflow/.local/lib/python3.8/site-packages/airflow/example_dags/example_nested_branch_dag.py for tasks to queue
[2023-11-26T17:55:18.527+0000] {logging_mixin.py:154} INFO - [2023-11-26T17:55:18.527+0000] {dagbag.py:536} INFO - Filling up the DagBag from /home/airflow/.local/lib/python3.8/site-packages/airflow/example_dags/example_nested_branch_dag.py
[2023-11-26T17:55:18.553+0000] {processor.py:839} INFO - DAG(s) dict_keys(['example_nested_branch_dag']) retrieved from /home/airflow/.local/lib/python3.8/site-packages/airflow/example_dags/example_nested_branch_dag.py
[2023-11-26T17:55:18.634+0000] {logging_mixin.py:154} INFO - [2023-11-26T17:55:18.634+0000] {dag.py:2941} INFO - Sync 1 DAGs
[2023-11-26T17:55:18.696+0000] {logging_mixin.py:154} INFO - [2023-11-26T17:55:18.695+0000] {dag.py:3722} INFO - Setting next_dagrun for example_nested_branch_dag to 2023-11-25T00:00:00+00:00, run_after=2023-11-26T00:00:00+00:00
[2023-11-26T17:55:18.969+0000] {processor.py:179} INFO - Processing /home/airflow/.local/lib/python3.8/site-packages/airflow/example_dags/example_nested_branch_dag.py took 0.460 seconds
[2023-11-26T17:55:49.503+0000] {processor.py:157} INFO - Started process (PID=1053) to work on /home/airflow/.local/lib/python3.8/site-packages/airflow/example_dags/example_nested_branch_dag.py
[2023-11-26T17:55:49.505+0000] {processor.py:829} INFO - Processing file /home/airflow/.local/lib/python3.8/site-packages/airflow/example_dags/example_nested_branch_dag.py for tasks to queue
[2023-11-26T17:55:49.511+0000] {logging_mixin.py:154} INFO - [2023-11-26T17:55:49.510+0000] {dagbag.py:536} INFO - Filling up the DagBag from /home/airflow/.local/lib/python3.8/site-packages/airflow/example_dags/example_nested_branch_dag.py
[2023-11-26T17:55:49.542+0000] {processor.py:839} INFO - DAG(s) dict_keys(['example_nested_branch_dag']) retrieved from /home/airflow/.local/lib/python3.8/site-packages/airflow/example_dags/example_nested_branch_dag.py
[2023-11-26T17:55:49.605+0000] {logging_mixin.py:154} INFO - [2023-11-26T17:55:49.605+0000] {dag.py:2941} INFO - Sync 1 DAGs
[2023-11-26T17:55:49.668+0000] {logging_mixin.py:154} INFO - [2023-11-26T17:55:49.668+0000] {dag.py:3722} INFO - Setting next_dagrun for example_nested_branch_dag to 2023-11-25T00:00:00+00:00, run_after=2023-11-26T00:00:00+00:00
[2023-11-26T17:55:49.715+0000] {processor.py:179} INFO - Processing /home/airflow/.local/lib/python3.8/site-packages/airflow/example_dags/example_nested_branch_dag.py took 0.224 seconds
[2023-11-26T17:56:20.049+0000] {processor.py:157} INFO - Started process (PID=1107) to work on /home/airflow/.local/lib/python3.8/site-packages/airflow/example_dags/example_nested_branch_dag.py
[2023-11-26T17:56:20.051+0000] {processor.py:829} INFO - Processing file /home/airflow/.local/lib/python3.8/site-packages/airflow/example_dags/example_nested_branch_dag.py for tasks to queue
[2023-11-26T17:56:20.056+0000] {logging_mixin.py:154} INFO - [2023-11-26T17:56:20.055+0000] {dagbag.py:536} INFO - Filling up the DagBag from /home/airflow/.local/lib/python3.8/site-packages/airflow/example_dags/example_nested_branch_dag.py
[2023-11-26T17:56:20.076+0000] {processor.py:839} INFO - DAG(s) dict_keys(['example_nested_branch_dag']) retrieved from /home/airflow/.local/lib/python3.8/site-packages/airflow/example_dags/example_nested_branch_dag.py
[2023-11-26T17:56:20.124+0000] {logging_mixin.py:154} INFO - [2023-11-26T17:56:20.123+0000] {dag.py:2941} INFO - Sync 1 DAGs
[2023-11-26T17:56:20.169+0000] {logging_mixin.py:154} INFO - [2023-11-26T17:56:20.169+0000] {dag.py:3722} INFO - Setting next_dagrun for example_nested_branch_dag to 2023-11-25T00:00:00+00:00, run_after=2023-11-26T00:00:00+00:00
[2023-11-26T17:56:20.212+0000] {processor.py:179} INFO - Processing /home/airflow/.local/lib/python3.8/site-packages/airflow/example_dags/example_nested_branch_dag.py took 0.169 seconds
[2023-11-26T17:56:51.955+0000] {processor.py:157} INFO - Started process (PID=1161) to work on /home/airflow/.local/lib/python3.8/site-packages/airflow/example_dags/example_nested_branch_dag.py
[2023-11-26T17:56:51.957+0000] {processor.py:829} INFO - Processing file /home/airflow/.local/lib/python3.8/site-packages/airflow/example_dags/example_nested_branch_dag.py for tasks to queue
[2023-11-26T17:56:51.968+0000] {logging_mixin.py:154} INFO - [2023-11-26T17:56:51.967+0000] {dagbag.py:536} INFO - Filling up the DagBag from /home/airflow/.local/lib/python3.8/site-packages/airflow/example_dags/example_nested_branch_dag.py
[2023-11-26T17:56:51.997+0000] {processor.py:839} INFO - DAG(s) dict_keys(['example_nested_branch_dag']) retrieved from /home/airflow/.local/lib/python3.8/site-packages/airflow/example_dags/example_nested_branch_dag.py
[2023-11-26T17:56:52.221+0000] {logging_mixin.py:154} INFO - [2023-11-26T17:56:52.221+0000] {dag.py:2941} INFO - Sync 1 DAGs
[2023-11-26T17:56:52.361+0000] {logging_mixin.py:154} INFO - [2023-11-26T17:56:52.360+0000] {dag.py:3722} INFO - Setting next_dagrun for example_nested_branch_dag to 2023-11-25T00:00:00+00:00, run_after=2023-11-26T00:00:00+00:00
[2023-11-26T17:56:52.413+0000] {processor.py:179} INFO - Processing /home/airflow/.local/lib/python3.8/site-packages/airflow/example_dags/example_nested_branch_dag.py took 0.467 seconds
[2023-11-26T17:57:28.916+0000] {processor.py:157} INFO - Started process (PID=1216) to work on /home/airflow/.local/lib/python3.8/site-packages/airflow/example_dags/example_nested_branch_dag.py
[2023-11-26T17:57:28.942+0000] {processor.py:829} INFO - Processing file /home/airflow/.local/lib/python3.8/site-packages/airflow/example_dags/example_nested_branch_dag.py for tasks to queue
[2023-11-26T17:57:29.006+0000] {logging_mixin.py:154} INFO - [2023-11-26T17:57:29.004+0000] {dagbag.py:536} INFO - Filling up the DagBag from /home/airflow/.local/lib/python3.8/site-packages/airflow/example_dags/example_nested_branch_dag.py
[2023-11-26T17:57:29.147+0000] {processor.py:839} INFO - DAG(s) dict_keys(['example_nested_branch_dag']) retrieved from /home/airflow/.local/lib/python3.8/site-packages/airflow/example_dags/example_nested_branch_dag.py
[2023-11-26T17:57:29.324+0000] {logging_mixin.py:154} INFO - [2023-11-26T17:57:29.324+0000] {dag.py:2941} INFO - Sync 1 DAGs
[2023-11-26T17:57:30.727+0000] {logging_mixin.py:154} INFO - [2023-11-26T17:57:30.727+0000] {dag.py:3722} INFO - Setting next_dagrun for example_nested_branch_dag to 2023-11-25T00:00:00+00:00, run_after=2023-11-26T00:00:00+00:00
[2023-11-26T17:57:31.011+0000] {processor.py:179} INFO - Processing /home/airflow/.local/lib/python3.8/site-packages/airflow/example_dags/example_nested_branch_dag.py took 2.143 seconds
[2023-11-26T17:58:05.443+0000] {processor.py:157} INFO - Started process (PID=1270) to work on /home/airflow/.local/lib/python3.8/site-packages/airflow/example_dags/example_nested_branch_dag.py
[2023-11-26T17:58:05.447+0000] {processor.py:829} INFO - Processing file /home/airflow/.local/lib/python3.8/site-packages/airflow/example_dags/example_nested_branch_dag.py for tasks to queue
[2023-11-26T17:58:05.461+0000] {logging_mixin.py:154} INFO - [2023-11-26T17:58:05.461+0000] {dagbag.py:536} INFO - Filling up the DagBag from /home/airflow/.local/lib/python3.8/site-packages/airflow/example_dags/example_nested_branch_dag.py
[2023-11-26T17:58:05.580+0000] {processor.py:839} INFO - DAG(s) dict_keys(['example_nested_branch_dag']) retrieved from /home/airflow/.local/lib/python3.8/site-packages/airflow/example_dags/example_nested_branch_dag.py
[2023-11-26T17:58:05.702+0000] {logging_mixin.py:154} INFO - [2023-11-26T17:58:05.701+0000] {dag.py:2941} INFO - Sync 1 DAGs
[2023-11-26T17:58:05.821+0000] {logging_mixin.py:154} INFO - [2023-11-26T17:58:05.821+0000] {dag.py:3722} INFO - Setting next_dagrun for example_nested_branch_dag to 2023-11-25T00:00:00+00:00, run_after=2023-11-26T00:00:00+00:00
[2023-11-26T17:58:05.947+0000] {processor.py:179} INFO - Processing /home/airflow/.local/lib/python3.8/site-packages/airflow/example_dags/example_nested_branch_dag.py took 0.513 seconds
[2023-11-26T17:58:37.931+0000] {processor.py:157} INFO - Started process (PID=1324) to work on /home/airflow/.local/lib/python3.8/site-packages/airflow/example_dags/example_nested_branch_dag.py
[2023-11-26T17:58:37.940+0000] {processor.py:829} INFO - Processing file /home/airflow/.local/lib/python3.8/site-packages/airflow/example_dags/example_nested_branch_dag.py for tasks to queue
[2023-11-26T17:58:37.948+0000] {logging_mixin.py:154} INFO - [2023-11-26T17:58:37.945+0000] {dagbag.py:536} INFO - Filling up the DagBag from /home/airflow/.local/lib/python3.8/site-packages/airflow/example_dags/example_nested_branch_dag.py
[2023-11-26T17:58:37.985+0000] {processor.py:839} INFO - DAG(s) dict_keys(['example_nested_branch_dag']) retrieved from /home/airflow/.local/lib/python3.8/site-packages/airflow/example_dags/example_nested_branch_dag.py
[2023-11-26T17:58:38.108+0000] {logging_mixin.py:154} INFO - [2023-11-26T17:58:38.107+0000] {dag.py:2941} INFO - Sync 1 DAGs
[2023-11-26T17:58:38.162+0000] {logging_mixin.py:154} INFO - [2023-11-26T17:58:38.162+0000] {dag.py:3722} INFO - Setting next_dagrun for example_nested_branch_dag to 2023-11-25T00:00:00+00:00, run_after=2023-11-26T00:00:00+00:00
[2023-11-26T17:58:38.209+0000] {processor.py:179} INFO - Processing /home/airflow/.local/lib/python3.8/site-packages/airflow/example_dags/example_nested_branch_dag.py took 0.318 seconds
[2023-11-26T17:59:15.699+0000] {processor.py:157} INFO - Started process (PID=1384) to work on /home/airflow/.local/lib/python3.8/site-packages/airflow/example_dags/example_nested_branch_dag.py
[2023-11-26T17:59:15.776+0000] {processor.py:829} INFO - Processing file /home/airflow/.local/lib/python3.8/site-packages/airflow/example_dags/example_nested_branch_dag.py for tasks to queue
[2023-11-26T17:59:15.871+0000] {logging_mixin.py:154} INFO - [2023-11-26T17:59:15.870+0000] {dagbag.py:536} INFO - Filling up the DagBag from /home/airflow/.local/lib/python3.8/site-packages/airflow/example_dags/example_nested_branch_dag.py
[2023-11-26T17:59:15.962+0000] {processor.py:839} INFO - DAG(s) dict_keys(['example_nested_branch_dag']) retrieved from /home/airflow/.local/lib/python3.8/site-packages/airflow/example_dags/example_nested_branch_dag.py
[2023-11-26T17:59:16.162+0000] {logging_mixin.py:154} INFO - [2023-11-26T17:59:16.162+0000] {dag.py:2941} INFO - Sync 1 DAGs
[2023-11-26T17:59:16.458+0000] {logging_mixin.py:154} INFO - [2023-11-26T17:59:16.457+0000] {dag.py:3722} INFO - Setting next_dagrun for example_nested_branch_dag to 2023-11-25T00:00:00+00:00, run_after=2023-11-26T00:00:00+00:00
[2023-11-26T17:59:16.529+0000] {processor.py:179} INFO - Processing /home/airflow/.local/lib/python3.8/site-packages/airflow/example_dags/example_nested_branch_dag.py took 0.843 seconds
[2023-11-26T17:59:47.030+0000] {processor.py:157} INFO - Started process (PID=1437) to work on /home/airflow/.local/lib/python3.8/site-packages/airflow/example_dags/example_nested_branch_dag.py
[2023-11-26T17:59:47.033+0000] {processor.py:829} INFO - Processing file /home/airflow/.local/lib/python3.8/site-packages/airflow/example_dags/example_nested_branch_dag.py for tasks to queue
[2023-11-26T17:59:47.038+0000] {logging_mixin.py:154} INFO - [2023-11-26T17:59:47.037+0000] {dagbag.py:536} INFO - Filling up the DagBag from /home/airflow/.local/lib/python3.8/site-packages/airflow/example_dags/example_nested_branch_dag.py
[2023-11-26T17:59:47.097+0000] {processor.py:839} INFO - DAG(s) dict_keys(['example_nested_branch_dag']) retrieved from /home/airflow/.local/lib/python3.8/site-packages/airflow/example_dags/example_nested_branch_dag.py
[2023-11-26T17:59:47.167+0000] {logging_mixin.py:154} INFO - [2023-11-26T17:59:47.167+0000] {dag.py:2941} INFO - Sync 1 DAGs
[2023-11-26T17:59:47.666+0000] {logging_mixin.py:154} INFO - [2023-11-26T17:59:47.666+0000] {dag.py:3722} INFO - Setting next_dagrun for example_nested_branch_dag to 2023-11-25T00:00:00+00:00, run_after=2023-11-26T00:00:00+00:00
[2023-11-26T17:59:47.907+0000] {processor.py:179} INFO - Processing /home/airflow/.local/lib/python3.8/site-packages/airflow/example_dags/example_nested_branch_dag.py took 0.889 seconds
[2023-11-26T18:00:18.994+0000] {processor.py:157} INFO - Started process (PID=1491) to work on /home/airflow/.local/lib/python3.8/site-packages/airflow/example_dags/example_nested_branch_dag.py
[2023-11-26T18:00:18.997+0000] {processor.py:829} INFO - Processing file /home/airflow/.local/lib/python3.8/site-packages/airflow/example_dags/example_nested_branch_dag.py for tasks to queue
[2023-11-26T18:00:19.009+0000] {logging_mixin.py:154} INFO - [2023-11-26T18:00:19.008+0000] {dagbag.py:536} INFO - Filling up the DagBag from /home/airflow/.local/lib/python3.8/site-packages/airflow/example_dags/example_nested_branch_dag.py
[2023-11-26T18:00:19.095+0000] {processor.py:839} INFO - DAG(s) dict_keys(['example_nested_branch_dag']) retrieved from /home/airflow/.local/lib/python3.8/site-packages/airflow/example_dags/example_nested_branch_dag.py
[2023-11-26T18:00:19.159+0000] {logging_mixin.py:154} INFO - [2023-11-26T18:00:19.159+0000] {dag.py:2941} INFO - Sync 1 DAGs
[2023-11-26T18:00:19.227+0000] {logging_mixin.py:154} INFO - [2023-11-26T18:00:19.226+0000] {dag.py:3722} INFO - Setting next_dagrun for example_nested_branch_dag to 2023-11-25T00:00:00+00:00, run_after=2023-11-26T00:00:00+00:00
[2023-11-26T18:00:19.277+0000] {processor.py:179} INFO - Processing /home/airflow/.local/lib/python3.8/site-packages/airflow/example_dags/example_nested_branch_dag.py took 0.298 seconds
[2023-11-26T18:00:50.505+0000] {processor.py:157} INFO - Started process (PID=1544) to work on /home/airflow/.local/lib/python3.8/site-packages/airflow/example_dags/example_nested_branch_dag.py
[2023-11-26T18:00:50.509+0000] {processor.py:829} INFO - Processing file /home/airflow/.local/lib/python3.8/site-packages/airflow/example_dags/example_nested_branch_dag.py for tasks to queue
[2023-11-26T18:00:50.519+0000] {logging_mixin.py:154} INFO - [2023-11-26T18:00:50.517+0000] {dagbag.py:536} INFO - Filling up the DagBag from /home/airflow/.local/lib/python3.8/site-packages/airflow/example_dags/example_nested_branch_dag.py
[2023-11-26T18:00:50.574+0000] {processor.py:839} INFO - DAG(s) dict_keys(['example_nested_branch_dag']) retrieved from /home/airflow/.local/lib/python3.8/site-packages/airflow/example_dags/example_nested_branch_dag.py
[2023-11-26T18:00:50.811+0000] {logging_mixin.py:154} INFO - [2023-11-26T18:00:50.810+0000] {dag.py:2941} INFO - Sync 1 DAGs
[2023-11-26T18:00:50.931+0000] {logging_mixin.py:154} INFO - [2023-11-26T18:00:50.931+0000] {dag.py:3722} INFO - Setting next_dagrun for example_nested_branch_dag to 2023-11-25T00:00:00+00:00, run_after=2023-11-26T00:00:00+00:00
[2023-11-26T18:00:50.999+0000] {processor.py:179} INFO - Processing /home/airflow/.local/lib/python3.8/site-packages/airflow/example_dags/example_nested_branch_dag.py took 0.503 seconds
[2023-11-26T18:01:21.893+0000] {processor.py:157} INFO - Started process (PID=1598) to work on /home/airflow/.local/lib/python3.8/site-packages/airflow/example_dags/example_nested_branch_dag.py
[2023-11-26T18:01:21.896+0000] {processor.py:829} INFO - Processing file /home/airflow/.local/lib/python3.8/site-packages/airflow/example_dags/example_nested_branch_dag.py for tasks to queue
[2023-11-26T18:01:21.902+0000] {logging_mixin.py:154} INFO - [2023-11-26T18:01:21.901+0000] {dagbag.py:536} INFO - Filling up the DagBag from /home/airflow/.local/lib/python3.8/site-packages/airflow/example_dags/example_nested_branch_dag.py
[2023-11-26T18:01:21.928+0000] {processor.py:839} INFO - DAG(s) dict_keys(['example_nested_branch_dag']) retrieved from /home/airflow/.local/lib/python3.8/site-packages/airflow/example_dags/example_nested_branch_dag.py
[2023-11-26T18:01:21.991+0000] {logging_mixin.py:154} INFO - [2023-11-26T18:01:21.990+0000] {dag.py:2941} INFO - Sync 1 DAGs
[2023-11-26T18:01:22.061+0000] {logging_mixin.py:154} INFO - [2023-11-26T18:01:22.060+0000] {dag.py:3722} INFO - Setting next_dagrun for example_nested_branch_dag to 2023-11-25T00:00:00+00:00, run_after=2023-11-26T00:00:00+00:00
[2023-11-26T18:01:22.119+0000] {processor.py:179} INFO - Processing /home/airflow/.local/lib/python3.8/site-packages/airflow/example_dags/example_nested_branch_dag.py took 0.234 seconds
[2023-11-26T18:01:52.513+0000] {processor.py:157} INFO - Started process (PID=1651) to work on /home/airflow/.local/lib/python3.8/site-packages/airflow/example_dags/example_nested_branch_dag.py
[2023-11-26T18:01:52.516+0000] {processor.py:829} INFO - Processing file /home/airflow/.local/lib/python3.8/site-packages/airflow/example_dags/example_nested_branch_dag.py for tasks to queue
[2023-11-26T18:01:52.522+0000] {logging_mixin.py:154} INFO - [2023-11-26T18:01:52.521+0000] {dagbag.py:536} INFO - Filling up the DagBag from /home/airflow/.local/lib/python3.8/site-packages/airflow/example_dags/example_nested_branch_dag.py
[2023-11-26T18:01:52.540+0000] {processor.py:839} INFO - DAG(s) dict_keys(['example_nested_branch_dag']) retrieved from /home/airflow/.local/lib/python3.8/site-packages/airflow/example_dags/example_nested_branch_dag.py
[2023-11-26T18:01:52.589+0000] {logging_mixin.py:154} INFO - [2023-11-26T18:01:52.588+0000] {dag.py:2941} INFO - Sync 1 DAGs
[2023-11-26T18:01:52.643+0000] {logging_mixin.py:154} INFO - [2023-11-26T18:01:52.642+0000] {dag.py:3722} INFO - Setting next_dagrun for example_nested_branch_dag to 2023-11-25T00:00:00+00:00, run_after=2023-11-26T00:00:00+00:00
[2023-11-26T18:01:52.699+0000] {processor.py:179} INFO - Processing /home/airflow/.local/lib/python3.8/site-packages/airflow/example_dags/example_nested_branch_dag.py took 0.193 seconds
[2023-11-26T18:02:25.262+0000] {processor.py:157} INFO - Started process (PID=1705) to work on /home/airflow/.local/lib/python3.8/site-packages/airflow/example_dags/example_nested_branch_dag.py
[2023-11-26T18:02:25.310+0000] {processor.py:829} INFO - Processing file /home/airflow/.local/lib/python3.8/site-packages/airflow/example_dags/example_nested_branch_dag.py for tasks to queue
[2023-11-26T18:02:25.317+0000] {logging_mixin.py:154} INFO - [2023-11-26T18:02:25.316+0000] {dagbag.py:536} INFO - Filling up the DagBag from /home/airflow/.local/lib/python3.8/site-packages/airflow/example_dags/example_nested_branch_dag.py
[2023-11-26T18:02:25.400+0000] {processor.py:839} INFO - DAG(s) dict_keys(['example_nested_branch_dag']) retrieved from /home/airflow/.local/lib/python3.8/site-packages/airflow/example_dags/example_nested_branch_dag.py
[2023-11-26T18:02:25.598+0000] {logging_mixin.py:154} INFO - [2023-11-26T18:02:25.598+0000] {dag.py:2941} INFO - Sync 1 DAGs
[2023-11-26T18:02:26.380+0000] {logging_mixin.py:154} INFO - [2023-11-26T18:02:26.380+0000] {dag.py:3722} INFO - Setting next_dagrun for example_nested_branch_dag to 2023-11-25T00:00:00+00:00, run_after=2023-11-26T00:00:00+00:00
[2023-11-26T18:02:26.570+0000] {processor.py:179} INFO - Processing /home/airflow/.local/lib/python3.8/site-packages/airflow/example_dags/example_nested_branch_dag.py took 1.320 seconds
[2023-11-26T18:02:57.052+0000] {processor.py:157} INFO - Started process (PID=1759) to work on /home/airflow/.local/lib/python3.8/site-packages/airflow/example_dags/example_nested_branch_dag.py
[2023-11-26T18:02:57.055+0000] {processor.py:829} INFO - Processing file /home/airflow/.local/lib/python3.8/site-packages/airflow/example_dags/example_nested_branch_dag.py for tasks to queue
[2023-11-26T18:02:57.062+0000] {logging_mixin.py:154} INFO - [2023-11-26T18:02:57.061+0000] {dagbag.py:536} INFO - Filling up the DagBag from /home/airflow/.local/lib/python3.8/site-packages/airflow/example_dags/example_nested_branch_dag.py
[2023-11-26T18:02:57.103+0000] {processor.py:839} INFO - DAG(s) dict_keys(['example_nested_branch_dag']) retrieved from /home/airflow/.local/lib/python3.8/site-packages/airflow/example_dags/example_nested_branch_dag.py
[2023-11-26T18:02:57.173+0000] {logging_mixin.py:154} INFO - [2023-11-26T18:02:57.172+0000] {dag.py:2941} INFO - Sync 1 DAGs
[2023-11-26T18:02:57.273+0000] {logging_mixin.py:154} INFO - [2023-11-26T18:02:57.272+0000] {dag.py:3722} INFO - Setting next_dagrun for example_nested_branch_dag to 2023-11-25T00:00:00+00:00, run_after=2023-11-26T00:00:00+00:00
[2023-11-26T18:02:57.378+0000] {processor.py:179} INFO - Processing /home/airflow/.local/lib/python3.8/site-packages/airflow/example_dags/example_nested_branch_dag.py took 0.334 seconds
[2023-11-26T18:03:27.481+0000] {processor.py:157} INFO - Started process (PID=1813) to work on /home/airflow/.local/lib/python3.8/site-packages/airflow/example_dags/example_nested_branch_dag.py
[2023-11-26T18:03:27.483+0000] {processor.py:829} INFO - Processing file /home/airflow/.local/lib/python3.8/site-packages/airflow/example_dags/example_nested_branch_dag.py for tasks to queue
[2023-11-26T18:03:27.493+0000] {logging_mixin.py:154} INFO - [2023-11-26T18:03:27.492+0000] {dagbag.py:536} INFO - Filling up the DagBag from /home/airflow/.local/lib/python3.8/site-packages/airflow/example_dags/example_nested_branch_dag.py
[2023-11-26T18:03:27.518+0000] {processor.py:839} INFO - DAG(s) dict_keys(['example_nested_branch_dag']) retrieved from /home/airflow/.local/lib/python3.8/site-packages/airflow/example_dags/example_nested_branch_dag.py
[2023-11-26T18:03:27.572+0000] {logging_mixin.py:154} INFO - [2023-11-26T18:03:27.572+0000] {dag.py:2941} INFO - Sync 1 DAGs
[2023-11-26T18:03:27.649+0000] {logging_mixin.py:154} INFO - [2023-11-26T18:03:27.649+0000] {dag.py:3722} INFO - Setting next_dagrun for example_nested_branch_dag to 2023-11-25T00:00:00+00:00, run_after=2023-11-26T00:00:00+00:00
[2023-11-26T18:03:27.716+0000] {processor.py:179} INFO - Processing /home/airflow/.local/lib/python3.8/site-packages/airflow/example_dags/example_nested_branch_dag.py took 0.246 seconds
