[2023-11-26T17:42:42.694+0000] {processor.py:157} INFO - Started process (PID=87) to work on /home/airflow/.local/lib/python3.8/site-packages/airflow/example_dags/example_branch_operator.py
[2023-11-26T17:42:42.978+0000] {processor.py:829} INFO - Processing file /home/airflow/.local/lib/python3.8/site-packages/airflow/example_dags/example_branch_operator.py for tasks to queue
[2023-11-26T17:42:43.768+0000] {logging_mixin.py:154} INFO - [2023-11-26T17:42:43.767+0000] {dagbag.py:536} INFO - Filling up the DagBag from /home/airflow/.local/lib/python3.8/site-packages/airflow/example_dags/example_branch_operator.py
[2023-11-26T17:42:45.099+0000] {processor.py:839} INFO - DAG(s) dict_keys(['example_branch_operator']) retrieved from /home/airflow/.local/lib/python3.8/site-packages/airflow/example_dags/example_branch_operator.py
[2023-11-26T17:42:46.439+0000] {logging_mixin.py:154} INFO - [2023-11-26T17:42:46.438+0000] {dag.py:2941} INFO - Sync 1 DAGs
[2023-11-26T17:42:47.395+0000] {logging_mixin.py:154} INFO - [2023-11-26T17:42:47.376+0000] {dag.py:3722} INFO - Setting next_dagrun for example_branch_operator to 2023-11-25T00:00:00+00:00, run_after=2023-11-26T00:00:00+00:00
[2023-11-26T17:42:48.226+0000] {processor.py:179} INFO - Processing /home/airflow/.local/lib/python3.8/site-packages/airflow/example_dags/example_branch_operator.py took 5.797 seconds
[2023-11-26T17:46:29.502+0000] {processor.py:157} INFO - Started process (PID=96) to work on /home/airflow/.local/lib/python3.8/site-packages/airflow/example_dags/example_branch_operator.py
[2023-11-26T17:46:29.512+0000] {processor.py:829} INFO - Processing file /home/airflow/.local/lib/python3.8/site-packages/airflow/example_dags/example_branch_operator.py for tasks to queue
[2023-11-26T17:46:29.567+0000] {logging_mixin.py:154} INFO - [2023-11-26T17:46:29.566+0000] {dagbag.py:536} INFO - Filling up the DagBag from /home/airflow/.local/lib/python3.8/site-packages/airflow/example_dags/example_branch_operator.py
[2023-11-26T17:46:29.761+0000] {processor.py:839} INFO - DAG(s) dict_keys(['example_branch_operator']) retrieved from /home/airflow/.local/lib/python3.8/site-packages/airflow/example_dags/example_branch_operator.py
[2023-11-26T17:46:30.129+0000] {logging_mixin.py:154} INFO - [2023-11-26T17:46:30.128+0000] {dag.py:2941} INFO - Sync 1 DAGs
[2023-11-26T17:46:30.395+0000] {logging_mixin.py:154} INFO - [2023-11-26T17:46:30.395+0000] {dag.py:3722} INFO - Setting next_dagrun for example_branch_operator to 2023-11-25T00:00:00+00:00, run_after=2023-11-26T00:00:00+00:00
[2023-11-26T17:46:30.477+0000] {processor.py:179} INFO - Processing /home/airflow/.local/lib/python3.8/site-packages/airflow/example_dags/example_branch_operator.py took 1.018 seconds
[2023-11-26T17:47:00.702+0000] {processor.py:157} INFO - Started process (PID=149) to work on /home/airflow/.local/lib/python3.8/site-packages/airflow/example_dags/example_branch_operator.py
[2023-11-26T17:47:00.707+0000] {processor.py:829} INFO - Processing file /home/airflow/.local/lib/python3.8/site-packages/airflow/example_dags/example_branch_operator.py for tasks to queue
[2023-11-26T17:47:00.714+0000] {logging_mixin.py:154} INFO - [2023-11-26T17:47:00.713+0000] {dagbag.py:536} INFO - Filling up the DagBag from /home/airflow/.local/lib/python3.8/site-packages/airflow/example_dags/example_branch_operator.py
[2023-11-26T17:47:00.803+0000] {processor.py:839} INFO - DAG(s) dict_keys(['example_branch_operator']) retrieved from /home/airflow/.local/lib/python3.8/site-packages/airflow/example_dags/example_branch_operator.py
[2023-11-26T17:47:01.042+0000] {logging_mixin.py:154} INFO - [2023-11-26T17:47:01.041+0000] {dag.py:2941} INFO - Sync 1 DAGs
[2023-11-26T17:47:01.312+0000] {logging_mixin.py:154} INFO - [2023-11-26T17:47:01.312+0000] {dag.py:3722} INFO - Setting next_dagrun for example_branch_operator to 2023-11-25T00:00:00+00:00, run_after=2023-11-26T00:00:00+00:00
[2023-11-26T17:47:01.522+0000] {processor.py:179} INFO - Processing /home/airflow/.local/lib/python3.8/site-packages/airflow/example_dags/example_branch_operator.py took 0.829 seconds
[2023-11-26T17:47:32.014+0000] {processor.py:157} INFO - Started process (PID=204) to work on /home/airflow/.local/lib/python3.8/site-packages/airflow/example_dags/example_branch_operator.py
[2023-11-26T17:47:32.017+0000] {processor.py:829} INFO - Processing file /home/airflow/.local/lib/python3.8/site-packages/airflow/example_dags/example_branch_operator.py for tasks to queue
[2023-11-26T17:47:32.024+0000] {logging_mixin.py:154} INFO - [2023-11-26T17:47:32.023+0000] {dagbag.py:536} INFO - Filling up the DagBag from /home/airflow/.local/lib/python3.8/site-packages/airflow/example_dags/example_branch_operator.py
[2023-11-26T17:47:32.051+0000] {processor.py:839} INFO - DAG(s) dict_keys(['example_branch_operator']) retrieved from /home/airflow/.local/lib/python3.8/site-packages/airflow/example_dags/example_branch_operator.py
[2023-11-26T17:47:32.126+0000] {logging_mixin.py:154} INFO - [2023-11-26T17:47:32.125+0000] {dag.py:2941} INFO - Sync 1 DAGs
[2023-11-26T17:47:32.188+0000] {logging_mixin.py:154} INFO - [2023-11-26T17:47:32.188+0000] {dag.py:3722} INFO - Setting next_dagrun for example_branch_operator to 2023-11-25T00:00:00+00:00, run_after=2023-11-26T00:00:00+00:00
[2023-11-26T17:47:32.238+0000] {processor.py:179} INFO - Processing /home/airflow/.local/lib/python3.8/site-packages/airflow/example_dags/example_branch_operator.py took 0.233 seconds
[2023-11-26T17:48:02.627+0000] {processor.py:157} INFO - Started process (PID=257) to work on /home/airflow/.local/lib/python3.8/site-packages/airflow/example_dags/example_branch_operator.py
[2023-11-26T17:48:02.629+0000] {processor.py:829} INFO - Processing file /home/airflow/.local/lib/python3.8/site-packages/airflow/example_dags/example_branch_operator.py for tasks to queue
[2023-11-26T17:48:02.636+0000] {logging_mixin.py:154} INFO - [2023-11-26T17:48:02.635+0000] {dagbag.py:536} INFO - Filling up the DagBag from /home/airflow/.local/lib/python3.8/site-packages/airflow/example_dags/example_branch_operator.py
[2023-11-26T17:48:02.662+0000] {processor.py:839} INFO - DAG(s) dict_keys(['example_branch_operator']) retrieved from /home/airflow/.local/lib/python3.8/site-packages/airflow/example_dags/example_branch_operator.py
[2023-11-26T17:48:02.720+0000] {logging_mixin.py:154} INFO - [2023-11-26T17:48:02.720+0000] {dag.py:2941} INFO - Sync 1 DAGs
[2023-11-26T17:48:02.785+0000] {logging_mixin.py:154} INFO - [2023-11-26T17:48:02.785+0000] {dag.py:3722} INFO - Setting next_dagrun for example_branch_operator to 2023-11-25T00:00:00+00:00, run_after=2023-11-26T00:00:00+00:00
[2023-11-26T17:48:02.837+0000] {processor.py:179} INFO - Processing /home/airflow/.local/lib/python3.8/site-packages/airflow/example_dags/example_branch_operator.py took 0.217 seconds
[2023-11-26T17:48:33.608+0000] {processor.py:157} INFO - Started process (PID=311) to work on /home/airflow/.local/lib/python3.8/site-packages/airflow/example_dags/example_branch_operator.py
[2023-11-26T17:48:33.611+0000] {processor.py:829} INFO - Processing file /home/airflow/.local/lib/python3.8/site-packages/airflow/example_dags/example_branch_operator.py for tasks to queue
[2023-11-26T17:48:33.617+0000] {logging_mixin.py:154} INFO - [2023-11-26T17:48:33.616+0000] {dagbag.py:536} INFO - Filling up the DagBag from /home/airflow/.local/lib/python3.8/site-packages/airflow/example_dags/example_branch_operator.py
[2023-11-26T17:48:33.642+0000] {processor.py:839} INFO - DAG(s) dict_keys(['example_branch_operator']) retrieved from /home/airflow/.local/lib/python3.8/site-packages/airflow/example_dags/example_branch_operator.py
[2023-11-26T17:48:33.715+0000] {logging_mixin.py:154} INFO - [2023-11-26T17:48:33.714+0000] {dag.py:2941} INFO - Sync 1 DAGs
[2023-11-26T17:48:33.792+0000] {logging_mixin.py:154} INFO - [2023-11-26T17:48:33.792+0000] {dag.py:3722} INFO - Setting next_dagrun for example_branch_operator to 2023-11-25T00:00:00+00:00, run_after=2023-11-26T00:00:00+00:00
[2023-11-26T17:48:33.845+0000] {processor.py:179} INFO - Processing /home/airflow/.local/lib/python3.8/site-packages/airflow/example_dags/example_branch_operator.py took 0.244 seconds
[2023-11-26T17:49:04.216+0000] {processor.py:157} INFO - Started process (PID=364) to work on /home/airflow/.local/lib/python3.8/site-packages/airflow/example_dags/example_branch_operator.py
[2023-11-26T17:49:04.218+0000] {processor.py:829} INFO - Processing file /home/airflow/.local/lib/python3.8/site-packages/airflow/example_dags/example_branch_operator.py for tasks to queue
[2023-11-26T17:49:04.225+0000] {logging_mixin.py:154} INFO - [2023-11-26T17:49:04.224+0000] {dagbag.py:536} INFO - Filling up the DagBag from /home/airflow/.local/lib/python3.8/site-packages/airflow/example_dags/example_branch_operator.py
[2023-11-26T17:49:04.252+0000] {processor.py:839} INFO - DAG(s) dict_keys(['example_branch_operator']) retrieved from /home/airflow/.local/lib/python3.8/site-packages/airflow/example_dags/example_branch_operator.py
[2023-11-26T17:49:04.317+0000] {logging_mixin.py:154} INFO - [2023-11-26T17:49:04.317+0000] {dag.py:2941} INFO - Sync 1 DAGs
[2023-11-26T17:49:04.379+0000] {logging_mixin.py:154} INFO - [2023-11-26T17:49:04.378+0000] {dag.py:3722} INFO - Setting next_dagrun for example_branch_operator to 2023-11-25T00:00:00+00:00, run_after=2023-11-26T00:00:00+00:00
[2023-11-26T17:49:04.426+0000] {processor.py:179} INFO - Processing /home/airflow/.local/lib/python3.8/site-packages/airflow/example_dags/example_branch_operator.py took 0.218 seconds
[2023-11-26T17:49:34.768+0000] {processor.py:157} INFO - Started process (PID=417) to work on /home/airflow/.local/lib/python3.8/site-packages/airflow/example_dags/example_branch_operator.py
[2023-11-26T17:49:34.774+0000] {processor.py:829} INFO - Processing file /home/airflow/.local/lib/python3.8/site-packages/airflow/example_dags/example_branch_operator.py for tasks to queue
[2023-11-26T17:49:34.781+0000] {logging_mixin.py:154} INFO - [2023-11-26T17:49:34.781+0000] {dagbag.py:536} INFO - Filling up the DagBag from /home/airflow/.local/lib/python3.8/site-packages/airflow/example_dags/example_branch_operator.py
[2023-11-26T17:49:34.818+0000] {processor.py:839} INFO - DAG(s) dict_keys(['example_branch_operator']) retrieved from /home/airflow/.local/lib/python3.8/site-packages/airflow/example_dags/example_branch_operator.py
[2023-11-26T17:49:34.939+0000] {logging_mixin.py:154} INFO - [2023-11-26T17:49:34.938+0000] {dag.py:2941} INFO - Sync 1 DAGs
[2023-11-26T17:49:35.055+0000] {logging_mixin.py:154} INFO - [2023-11-26T17:49:35.053+0000] {dag.py:3722} INFO - Setting next_dagrun for example_branch_operator to 2023-11-25T00:00:00+00:00, run_after=2023-11-26T00:00:00+00:00
[2023-11-26T17:49:35.119+0000] {processor.py:179} INFO - Processing /home/airflow/.local/lib/python3.8/site-packages/airflow/example_dags/example_branch_operator.py took 0.365 seconds
[2023-11-26T17:50:05.351+0000] {processor.py:157} INFO - Started process (PID=471) to work on /home/airflow/.local/lib/python3.8/site-packages/airflow/example_dags/example_branch_operator.py
[2023-11-26T17:50:05.354+0000] {processor.py:829} INFO - Processing file /home/airflow/.local/lib/python3.8/site-packages/airflow/example_dags/example_branch_operator.py for tasks to queue
[2023-11-26T17:50:05.361+0000] {logging_mixin.py:154} INFO - [2023-11-26T17:50:05.360+0000] {dagbag.py:536} INFO - Filling up the DagBag from /home/airflow/.local/lib/python3.8/site-packages/airflow/example_dags/example_branch_operator.py
[2023-11-26T17:50:05.386+0000] {processor.py:839} INFO - DAG(s) dict_keys(['example_branch_operator']) retrieved from /home/airflow/.local/lib/python3.8/site-packages/airflow/example_dags/example_branch_operator.py
[2023-11-26T17:50:05.452+0000] {logging_mixin.py:154} INFO - [2023-11-26T17:50:05.452+0000] {dag.py:2941} INFO - Sync 1 DAGs
[2023-11-26T17:50:05.546+0000] {logging_mixin.py:154} INFO - [2023-11-26T17:50:05.545+0000] {dag.py:3722} INFO - Setting next_dagrun for example_branch_operator to 2023-11-25T00:00:00+00:00, run_after=2023-11-26T00:00:00+00:00
[2023-11-26T17:50:05.600+0000] {processor.py:179} INFO - Processing /home/airflow/.local/lib/python3.8/site-packages/airflow/example_dags/example_branch_operator.py took 0.258 seconds
[2023-11-26T17:50:35.799+0000] {processor.py:157} INFO - Started process (PID=525) to work on /home/airflow/.local/lib/python3.8/site-packages/airflow/example_dags/example_branch_operator.py
[2023-11-26T17:50:35.803+0000] {processor.py:829} INFO - Processing file /home/airflow/.local/lib/python3.8/site-packages/airflow/example_dags/example_branch_operator.py for tasks to queue
[2023-11-26T17:50:35.813+0000] {logging_mixin.py:154} INFO - [2023-11-26T17:50:35.812+0000] {dagbag.py:536} INFO - Filling up the DagBag from /home/airflow/.local/lib/python3.8/site-packages/airflow/example_dags/example_branch_operator.py
[2023-11-26T17:50:35.842+0000] {processor.py:839} INFO - DAG(s) dict_keys(['example_branch_operator']) retrieved from /home/airflow/.local/lib/python3.8/site-packages/airflow/example_dags/example_branch_operator.py
[2023-11-26T17:50:35.932+0000] {logging_mixin.py:154} INFO - [2023-11-26T17:50:35.931+0000] {dag.py:2941} INFO - Sync 1 DAGs
[2023-11-26T17:50:36.037+0000] {logging_mixin.py:154} INFO - [2023-11-26T17:50:36.036+0000] {dag.py:3722} INFO - Setting next_dagrun for example_branch_operator to 2023-11-25T00:00:00+00:00, run_after=2023-11-26T00:00:00+00:00
[2023-11-26T17:50:36.099+0000] {processor.py:179} INFO - Processing /home/airflow/.local/lib/python3.8/site-packages/airflow/example_dags/example_branch_operator.py took 0.309 seconds
[2023-11-26T17:51:07.933+0000] {processor.py:157} INFO - Started process (PID=579) to work on /home/airflow/.local/lib/python3.8/site-packages/airflow/example_dags/example_branch_operator.py
[2023-11-26T17:51:07.935+0000] {processor.py:829} INFO - Processing file /home/airflow/.local/lib/python3.8/site-packages/airflow/example_dags/example_branch_operator.py for tasks to queue
[2023-11-26T17:51:07.939+0000] {logging_mixin.py:154} INFO - [2023-11-26T17:51:07.939+0000] {dagbag.py:536} INFO - Filling up the DagBag from /home/airflow/.local/lib/python3.8/site-packages/airflow/example_dags/example_branch_operator.py
[2023-11-26T17:51:07.960+0000] {processor.py:839} INFO - DAG(s) dict_keys(['example_branch_operator']) retrieved from /home/airflow/.local/lib/python3.8/site-packages/airflow/example_dags/example_branch_operator.py
[2023-11-26T17:51:08.020+0000] {logging_mixin.py:154} INFO - [2023-11-26T17:51:08.020+0000] {dag.py:2941} INFO - Sync 1 DAGs
[2023-11-26T17:51:08.076+0000] {logging_mixin.py:154} INFO - [2023-11-26T17:51:08.075+0000] {dag.py:3722} INFO - Setting next_dagrun for example_branch_operator to 2023-11-25T00:00:00+00:00, run_after=2023-11-26T00:00:00+00:00
[2023-11-26T17:51:08.110+0000] {processor.py:179} INFO - Processing /home/airflow/.local/lib/python3.8/site-packages/airflow/example_dags/example_branch_operator.py took 0.183 seconds
[2023-11-26T17:51:45.610+0000] {processor.py:157} INFO - Started process (PID=632) to work on /home/airflow/.local/lib/python3.8/site-packages/airflow/example_dags/example_branch_operator.py
[2023-11-26T17:51:45.625+0000] {processor.py:829} INFO - Processing file /home/airflow/.local/lib/python3.8/site-packages/airflow/example_dags/example_branch_operator.py for tasks to queue
[2023-11-26T17:51:45.641+0000] {logging_mixin.py:154} INFO - [2023-11-26T17:51:45.639+0000] {dagbag.py:536} INFO - Filling up the DagBag from /home/airflow/.local/lib/python3.8/site-packages/airflow/example_dags/example_branch_operator.py
[2023-11-26T17:51:45.692+0000] {processor.py:839} INFO - DAG(s) dict_keys(['example_branch_operator']) retrieved from /home/airflow/.local/lib/python3.8/site-packages/airflow/example_dags/example_branch_operator.py
[2023-11-26T17:51:45.790+0000] {logging_mixin.py:154} INFO - [2023-11-26T17:51:45.789+0000] {dag.py:2941} INFO - Sync 1 DAGs
[2023-11-26T17:51:45.889+0000] {logging_mixin.py:154} INFO - [2023-11-26T17:51:45.877+0000] {dag.py:3722} INFO - Setting next_dagrun for example_branch_operator to 2023-11-25T00:00:00+00:00, run_after=2023-11-26T00:00:00+00:00
[2023-11-26T17:51:45.953+0000] {processor.py:179} INFO - Processing /home/airflow/.local/lib/python3.8/site-packages/airflow/example_dags/example_branch_operator.py took 0.351 seconds
[2023-11-26T17:52:17.328+0000] {processor.py:157} INFO - Started process (PID=685) to work on /home/airflow/.local/lib/python3.8/site-packages/airflow/example_dags/example_branch_operator.py
[2023-11-26T17:52:17.331+0000] {processor.py:829} INFO - Processing file /home/airflow/.local/lib/python3.8/site-packages/airflow/example_dags/example_branch_operator.py for tasks to queue
[2023-11-26T17:52:17.340+0000] {logging_mixin.py:154} INFO - [2023-11-26T17:52:17.337+0000] {dagbag.py:536} INFO - Filling up the DagBag from /home/airflow/.local/lib/python3.8/site-packages/airflow/example_dags/example_branch_operator.py
[2023-11-26T17:52:17.410+0000] {processor.py:839} INFO - DAG(s) dict_keys(['example_branch_operator']) retrieved from /home/airflow/.local/lib/python3.8/site-packages/airflow/example_dags/example_branch_operator.py
[2023-11-26T17:52:17.601+0000] {logging_mixin.py:154} INFO - [2023-11-26T17:52:17.599+0000] {dag.py:2941} INFO - Sync 1 DAGs
[2023-11-26T17:52:17.831+0000] {logging_mixin.py:154} INFO - [2023-11-26T17:52:17.830+0000] {dag.py:3722} INFO - Setting next_dagrun for example_branch_operator to 2023-11-25T00:00:00+00:00, run_after=2023-11-26T00:00:00+00:00
[2023-11-26T17:52:17.902+0000] {processor.py:179} INFO - Processing /home/airflow/.local/lib/python3.8/site-packages/airflow/example_dags/example_branch_operator.py took 0.582 seconds
[2023-11-26T17:52:48.577+0000] {processor.py:157} INFO - Started process (PID=738) to work on /home/airflow/.local/lib/python3.8/site-packages/airflow/example_dags/example_branch_operator.py
[2023-11-26T17:52:48.581+0000] {processor.py:829} INFO - Processing file /home/airflow/.local/lib/python3.8/site-packages/airflow/example_dags/example_branch_operator.py for tasks to queue
[2023-11-26T17:52:48.622+0000] {logging_mixin.py:154} INFO - [2023-11-26T17:52:48.612+0000] {dagbag.py:536} INFO - Filling up the DagBag from /home/airflow/.local/lib/python3.8/site-packages/airflow/example_dags/example_branch_operator.py
[2023-11-26T17:52:48.664+0000] {processor.py:839} INFO - DAG(s) dict_keys(['example_branch_operator']) retrieved from /home/airflow/.local/lib/python3.8/site-packages/airflow/example_dags/example_branch_operator.py
[2023-11-26T17:52:48.772+0000] {logging_mixin.py:154} INFO - [2023-11-26T17:52:48.772+0000] {dag.py:2941} INFO - Sync 1 DAGs
[2023-11-26T17:52:48.850+0000] {logging_mixin.py:154} INFO - [2023-11-26T17:52:48.850+0000] {dag.py:3722} INFO - Setting next_dagrun for example_branch_operator to 2023-11-25T00:00:00+00:00, run_after=2023-11-26T00:00:00+00:00
[2023-11-26T17:52:48.914+0000] {processor.py:179} INFO - Processing /home/airflow/.local/lib/python3.8/site-packages/airflow/example_dags/example_branch_operator.py took 0.366 seconds
[2023-11-26T17:53:19.864+0000] {processor.py:157} INFO - Started process (PID=792) to work on /home/airflow/.local/lib/python3.8/site-packages/airflow/example_dags/example_branch_operator.py
[2023-11-26T17:53:19.869+0000] {processor.py:829} INFO - Processing file /home/airflow/.local/lib/python3.8/site-packages/airflow/example_dags/example_branch_operator.py for tasks to queue
[2023-11-26T17:53:19.879+0000] {logging_mixin.py:154} INFO - [2023-11-26T17:53:19.878+0000] {dagbag.py:536} INFO - Filling up the DagBag from /home/airflow/.local/lib/python3.8/site-packages/airflow/example_dags/example_branch_operator.py
[2023-11-26T17:53:19.923+0000] {processor.py:839} INFO - DAG(s) dict_keys(['example_branch_operator']) retrieved from /home/airflow/.local/lib/python3.8/site-packages/airflow/example_dags/example_branch_operator.py
[2023-11-26T17:53:20.100+0000] {logging_mixin.py:154} INFO - [2023-11-26T17:53:20.100+0000] {dag.py:2941} INFO - Sync 1 DAGs
[2023-11-26T17:53:20.191+0000] {logging_mixin.py:154} INFO - [2023-11-26T17:53:20.190+0000] {dag.py:3722} INFO - Setting next_dagrun for example_branch_operator to 2023-11-25T00:00:00+00:00, run_after=2023-11-26T00:00:00+00:00
[2023-11-26T17:53:20.250+0000] {processor.py:179} INFO - Processing /home/airflow/.local/lib/python3.8/site-packages/airflow/example_dags/example_branch_operator.py took 0.430 seconds
[2023-11-26T17:53:50.740+0000] {processor.py:157} INFO - Started process (PID=845) to work on /home/airflow/.local/lib/python3.8/site-packages/airflow/example_dags/example_branch_operator.py
[2023-11-26T17:53:50.742+0000] {processor.py:829} INFO - Processing file /home/airflow/.local/lib/python3.8/site-packages/airflow/example_dags/example_branch_operator.py for tasks to queue
[2023-11-26T17:53:50.750+0000] {logging_mixin.py:154} INFO - [2023-11-26T17:53:50.750+0000] {dagbag.py:536} INFO - Filling up the DagBag from /home/airflow/.local/lib/python3.8/site-packages/airflow/example_dags/example_branch_operator.py
[2023-11-26T17:53:50.776+0000] {processor.py:839} INFO - DAG(s) dict_keys(['example_branch_operator']) retrieved from /home/airflow/.local/lib/python3.8/site-packages/airflow/example_dags/example_branch_operator.py
[2023-11-26T17:53:50.843+0000] {logging_mixin.py:154} INFO - [2023-11-26T17:53:50.843+0000] {dag.py:2941} INFO - Sync 1 DAGs
[2023-11-26T17:53:50.904+0000] {logging_mixin.py:154} INFO - [2023-11-26T17:53:50.904+0000] {dag.py:3722} INFO - Setting next_dagrun for example_branch_operator to 2023-11-25T00:00:00+00:00, run_after=2023-11-26T00:00:00+00:00
[2023-11-26T17:53:50.956+0000] {processor.py:179} INFO - Processing /home/airflow/.local/lib/python3.8/site-packages/airflow/example_dags/example_branch_operator.py took 0.224 seconds
[2023-11-26T17:54:22.223+0000] {processor.py:157} INFO - Started process (PID=900) to work on /home/airflow/.local/lib/python3.8/site-packages/airflow/example_dags/example_branch_operator.py
[2023-11-26T17:54:22.233+0000] {processor.py:829} INFO - Processing file /home/airflow/.local/lib/python3.8/site-packages/airflow/example_dags/example_branch_operator.py for tasks to queue
[2023-11-26T17:54:22.250+0000] {logging_mixin.py:154} INFO - [2023-11-26T17:54:22.249+0000] {dagbag.py:536} INFO - Filling up the DagBag from /home/airflow/.local/lib/python3.8/site-packages/airflow/example_dags/example_branch_operator.py
[2023-11-26T17:54:22.451+0000] {processor.py:839} INFO - DAG(s) dict_keys(['example_branch_operator']) retrieved from /home/airflow/.local/lib/python3.8/site-packages/airflow/example_dags/example_branch_operator.py
[2023-11-26T17:54:22.714+0000] {logging_mixin.py:154} INFO - [2023-11-26T17:54:22.713+0000] {dag.py:2941} INFO - Sync 1 DAGs
[2023-11-26T17:54:22.847+0000] {logging_mixin.py:154} INFO - [2023-11-26T17:54:22.846+0000] {dag.py:3722} INFO - Setting next_dagrun for example_branch_operator to 2023-11-25T00:00:00+00:00, run_after=2023-11-26T00:00:00+00:00
[2023-11-26T17:54:23.151+0000] {processor.py:179} INFO - Processing /home/airflow/.local/lib/python3.8/site-packages/airflow/example_dags/example_branch_operator.py took 1.014 seconds
[2023-11-26T17:54:54.003+0000] {processor.py:157} INFO - Started process (PID=954) to work on /home/airflow/.local/lib/python3.8/site-packages/airflow/example_dags/example_branch_operator.py
[2023-11-26T17:54:54.018+0000] {processor.py:829} INFO - Processing file /home/airflow/.local/lib/python3.8/site-packages/airflow/example_dags/example_branch_operator.py for tasks to queue
[2023-11-26T17:54:54.026+0000] {logging_mixin.py:154} INFO - [2023-11-26T17:54:54.025+0000] {dagbag.py:536} INFO - Filling up the DagBag from /home/airflow/.local/lib/python3.8/site-packages/airflow/example_dags/example_branch_operator.py
[2023-11-26T17:54:54.062+0000] {processor.py:839} INFO - DAG(s) dict_keys(['example_branch_operator']) retrieved from /home/airflow/.local/lib/python3.8/site-packages/airflow/example_dags/example_branch_operator.py
[2023-11-26T17:54:54.306+0000] {logging_mixin.py:154} INFO - [2023-11-26T17:54:54.306+0000] {dag.py:2941} INFO - Sync 1 DAGs
[2023-11-26T17:54:54.481+0000] {logging_mixin.py:154} INFO - [2023-11-26T17:54:54.478+0000] {dag.py:3722} INFO - Setting next_dagrun for example_branch_operator to 2023-11-25T00:00:00+00:00, run_after=2023-11-26T00:00:00+00:00
[2023-11-26T17:54:54.569+0000] {processor.py:179} INFO - Processing /home/airflow/.local/lib/python3.8/site-packages/airflow/example_dags/example_branch_operator.py took 0.575 seconds
[2023-11-26T17:55:24.875+0000] {processor.py:157} INFO - Started process (PID=1009) to work on /home/airflow/.local/lib/python3.8/site-packages/airflow/example_dags/example_branch_operator.py
[2023-11-26T17:55:24.877+0000] {processor.py:829} INFO - Processing file /home/airflow/.local/lib/python3.8/site-packages/airflow/example_dags/example_branch_operator.py for tasks to queue
[2023-11-26T17:55:24.885+0000] {logging_mixin.py:154} INFO - [2023-11-26T17:55:24.885+0000] {dagbag.py:536} INFO - Filling up the DagBag from /home/airflow/.local/lib/python3.8/site-packages/airflow/example_dags/example_branch_operator.py
[2023-11-26T17:55:24.912+0000] {processor.py:839} INFO - DAG(s) dict_keys(['example_branch_operator']) retrieved from /home/airflow/.local/lib/python3.8/site-packages/airflow/example_dags/example_branch_operator.py
[2023-11-26T17:55:24.992+0000] {logging_mixin.py:154} INFO - [2023-11-26T17:55:24.992+0000] {dag.py:2941} INFO - Sync 1 DAGs
[2023-11-26T17:55:25.058+0000] {logging_mixin.py:154} INFO - [2023-11-26T17:55:25.058+0000] {dag.py:3722} INFO - Setting next_dagrun for example_branch_operator to 2023-11-25T00:00:00+00:00, run_after=2023-11-26T00:00:00+00:00
[2023-11-26T17:55:25.099+0000] {processor.py:179} INFO - Processing /home/airflow/.local/lib/python3.8/site-packages/airflow/example_dags/example_branch_operator.py took 0.235 seconds
[2023-11-26T17:55:55.317+0000] {processor.py:157} INFO - Started process (PID=1062) to work on /home/airflow/.local/lib/python3.8/site-packages/airflow/example_dags/example_branch_operator.py
[2023-11-26T17:55:55.320+0000] {processor.py:829} INFO - Processing file /home/airflow/.local/lib/python3.8/site-packages/airflow/example_dags/example_branch_operator.py for tasks to queue
[2023-11-26T17:55:55.329+0000] {logging_mixin.py:154} INFO - [2023-11-26T17:55:55.328+0000] {dagbag.py:536} INFO - Filling up the DagBag from /home/airflow/.local/lib/python3.8/site-packages/airflow/example_dags/example_branch_operator.py
[2023-11-26T17:55:55.368+0000] {processor.py:839} INFO - DAG(s) dict_keys(['example_branch_operator']) retrieved from /home/airflow/.local/lib/python3.8/site-packages/airflow/example_dags/example_branch_operator.py
[2023-11-26T17:55:55.450+0000] {logging_mixin.py:154} INFO - [2023-11-26T17:55:55.449+0000] {dag.py:2941} INFO - Sync 1 DAGs
[2023-11-26T17:55:55.536+0000] {logging_mixin.py:154} INFO - [2023-11-26T17:55:55.536+0000] {dag.py:3722} INFO - Setting next_dagrun for example_branch_operator to 2023-11-25T00:00:00+00:00, run_after=2023-11-26T00:00:00+00:00
[2023-11-26T17:55:55.592+0000] {processor.py:179} INFO - Processing /home/airflow/.local/lib/python3.8/site-packages/airflow/example_dags/example_branch_operator.py took 0.285 seconds
[2023-11-26T17:56:26.035+0000] {processor.py:157} INFO - Started process (PID=1116) to work on /home/airflow/.local/lib/python3.8/site-packages/airflow/example_dags/example_branch_operator.py
[2023-11-26T17:56:26.039+0000] {processor.py:829} INFO - Processing file /home/airflow/.local/lib/python3.8/site-packages/airflow/example_dags/example_branch_operator.py for tasks to queue
[2023-11-26T17:56:26.046+0000] {logging_mixin.py:154} INFO - [2023-11-26T17:56:26.046+0000] {dagbag.py:536} INFO - Filling up the DagBag from /home/airflow/.local/lib/python3.8/site-packages/airflow/example_dags/example_branch_operator.py
[2023-11-26T17:56:26.164+0000] {processor.py:839} INFO - DAG(s) dict_keys(['example_branch_operator']) retrieved from /home/airflow/.local/lib/python3.8/site-packages/airflow/example_dags/example_branch_operator.py
[2023-11-26T17:56:26.276+0000] {logging_mixin.py:154} INFO - [2023-11-26T17:56:26.276+0000] {dag.py:2941} INFO - Sync 1 DAGs
[2023-11-26T17:56:26.741+0000] {logging_mixin.py:154} INFO - [2023-11-26T17:56:26.739+0000] {dag.py:3722} INFO - Setting next_dagrun for example_branch_operator to 2023-11-25T00:00:00+00:00, run_after=2023-11-26T00:00:00+00:00
[2023-11-26T17:56:26.868+0000] {processor.py:179} INFO - Processing /home/airflow/.local/lib/python3.8/site-packages/airflow/example_dags/example_branch_operator.py took 0.844 seconds
[2023-11-26T17:56:57.323+0000] {processor.py:157} INFO - Started process (PID=1170) to work on /home/airflow/.local/lib/python3.8/site-packages/airflow/example_dags/example_branch_operator.py
[2023-11-26T17:56:57.326+0000] {processor.py:829} INFO - Processing file /home/airflow/.local/lib/python3.8/site-packages/airflow/example_dags/example_branch_operator.py for tasks to queue
[2023-11-26T17:56:57.333+0000] {logging_mixin.py:154} INFO - [2023-11-26T17:56:57.332+0000] {dagbag.py:536} INFO - Filling up the DagBag from /home/airflow/.local/lib/python3.8/site-packages/airflow/example_dags/example_branch_operator.py
[2023-11-26T17:56:57.378+0000] {processor.py:839} INFO - DAG(s) dict_keys(['example_branch_operator']) retrieved from /home/airflow/.local/lib/python3.8/site-packages/airflow/example_dags/example_branch_operator.py
[2023-11-26T17:56:57.474+0000] {logging_mixin.py:154} INFO - [2023-11-26T17:56:57.474+0000] {dag.py:2941} INFO - Sync 1 DAGs
[2023-11-26T17:56:57.570+0000] {logging_mixin.py:154} INFO - [2023-11-26T17:56:57.569+0000] {dag.py:3722} INFO - Setting next_dagrun for example_branch_operator to 2023-11-25T00:00:00+00:00, run_after=2023-11-26T00:00:00+00:00
[2023-11-26T17:56:57.652+0000] {processor.py:179} INFO - Processing /home/airflow/.local/lib/python3.8/site-packages/airflow/example_dags/example_branch_operator.py took 0.339 seconds
[2023-11-26T17:57:46.921+0000] {processor.py:157} INFO - Started process (PID=1235) to work on /home/airflow/.local/lib/python3.8/site-packages/airflow/example_dags/example_branch_operator.py
[2023-11-26T17:57:46.950+0000] {processor.py:829} INFO - Processing file /home/airflow/.local/lib/python3.8/site-packages/airflow/example_dags/example_branch_operator.py for tasks to queue
[2023-11-26T17:57:46.958+0000] {logging_mixin.py:154} INFO - [2023-11-26T17:57:46.957+0000] {dagbag.py:536} INFO - Filling up the DagBag from /home/airflow/.local/lib/python3.8/site-packages/airflow/example_dags/example_branch_operator.py
[2023-11-26T17:57:47.060+0000] {processor.py:839} INFO - DAG(s) dict_keys(['example_branch_operator']) retrieved from /home/airflow/.local/lib/python3.8/site-packages/airflow/example_dags/example_branch_operator.py
[2023-11-26T17:57:47.175+0000] {logging_mixin.py:154} INFO - [2023-11-26T17:57:47.175+0000] {dag.py:2941} INFO - Sync 1 DAGs
[2023-11-26T17:57:47.760+0000] {logging_mixin.py:154} INFO - [2023-11-26T17:57:47.759+0000] {dag.py:3722} INFO - Setting next_dagrun for example_branch_operator to 2023-11-25T00:00:00+00:00, run_after=2023-11-26T00:00:00+00:00
[2023-11-26T17:57:47.867+0000] {processor.py:179} INFO - Processing /home/airflow/.local/lib/python3.8/site-packages/airflow/example_dags/example_branch_operator.py took 0.954 seconds
[2023-11-26T17:58:18.044+0000] {processor.py:157} INFO - Started process (PID=1289) to work on /home/airflow/.local/lib/python3.8/site-packages/airflow/example_dags/example_branch_operator.py
[2023-11-26T17:58:18.047+0000] {processor.py:829} INFO - Processing file /home/airflow/.local/lib/python3.8/site-packages/airflow/example_dags/example_branch_operator.py for tasks to queue
[2023-11-26T17:58:18.053+0000] {logging_mixin.py:154} INFO - [2023-11-26T17:58:18.052+0000] {dagbag.py:536} INFO - Filling up the DagBag from /home/airflow/.local/lib/python3.8/site-packages/airflow/example_dags/example_branch_operator.py
[2023-11-26T17:58:18.077+0000] {processor.py:839} INFO - DAG(s) dict_keys(['example_branch_operator']) retrieved from /home/airflow/.local/lib/python3.8/site-packages/airflow/example_dags/example_branch_operator.py
[2023-11-26T17:58:18.140+0000] {logging_mixin.py:154} INFO - [2023-11-26T17:58:18.140+0000] {dag.py:2941} INFO - Sync 1 DAGs
[2023-11-26T17:58:18.511+0000] {logging_mixin.py:154} INFO - [2023-11-26T17:58:18.510+0000] {dag.py:3722} INFO - Setting next_dagrun for example_branch_operator to 2023-11-25T00:00:00+00:00, run_after=2023-11-26T00:00:00+00:00
[2023-11-26T17:58:18.554+0000] {processor.py:179} INFO - Processing /home/airflow/.local/lib/python3.8/site-packages/airflow/example_dags/example_branch_operator.py took 0.519 seconds
[2023-11-26T17:58:49.288+0000] {processor.py:157} INFO - Started process (PID=1343) to work on /home/airflow/.local/lib/python3.8/site-packages/airflow/example_dags/example_branch_operator.py
[2023-11-26T17:58:49.294+0000] {processor.py:829} INFO - Processing file /home/airflow/.local/lib/python3.8/site-packages/airflow/example_dags/example_branch_operator.py for tasks to queue
[2023-11-26T17:58:49.300+0000] {logging_mixin.py:154} INFO - [2023-11-26T17:58:49.299+0000] {dagbag.py:536} INFO - Filling up the DagBag from /home/airflow/.local/lib/python3.8/site-packages/airflow/example_dags/example_branch_operator.py
[2023-11-26T17:58:49.328+0000] {processor.py:839} INFO - DAG(s) dict_keys(['example_branch_operator']) retrieved from /home/airflow/.local/lib/python3.8/site-packages/airflow/example_dags/example_branch_operator.py
[2023-11-26T17:58:49.420+0000] {logging_mixin.py:154} INFO - [2023-11-26T17:58:49.420+0000] {dag.py:2941} INFO - Sync 1 DAGs
[2023-11-26T17:58:49.487+0000] {logging_mixin.py:154} INFO - [2023-11-26T17:58:49.486+0000] {dag.py:3722} INFO - Setting next_dagrun for example_branch_operator to 2023-11-25T00:00:00+00:00, run_after=2023-11-26T00:00:00+00:00
[2023-11-26T17:58:49.538+0000] {processor.py:179} INFO - Processing /home/airflow/.local/lib/python3.8/site-packages/airflow/example_dags/example_branch_operator.py took 0.257 seconds
[2023-11-26T17:59:20.024+0000] {processor.py:157} INFO - Started process (PID=1397) to work on /home/airflow/.local/lib/python3.8/site-packages/airflow/example_dags/example_branch_operator.py
[2023-11-26T17:59:20.028+0000] {processor.py:829} INFO - Processing file /home/airflow/.local/lib/python3.8/site-packages/airflow/example_dags/example_branch_operator.py for tasks to queue
[2023-11-26T17:59:20.035+0000] {logging_mixin.py:154} INFO - [2023-11-26T17:59:20.034+0000] {dagbag.py:536} INFO - Filling up the DagBag from /home/airflow/.local/lib/python3.8/site-packages/airflow/example_dags/example_branch_operator.py
[2023-11-26T17:59:20.102+0000] {processor.py:839} INFO - DAG(s) dict_keys(['example_branch_operator']) retrieved from /home/airflow/.local/lib/python3.8/site-packages/airflow/example_dags/example_branch_operator.py
[2023-11-26T17:59:20.209+0000] {logging_mixin.py:154} INFO - [2023-11-26T17:59:20.209+0000] {dag.py:2941} INFO - Sync 1 DAGs
[2023-11-26T17:59:20.278+0000] {logging_mixin.py:154} INFO - [2023-11-26T17:59:20.278+0000] {dag.py:3722} INFO - Setting next_dagrun for example_branch_operator to 2023-11-25T00:00:00+00:00, run_after=2023-11-26T00:00:00+00:00
[2023-11-26T17:59:20.324+0000] {processor.py:179} INFO - Processing /home/airflow/.local/lib/python3.8/site-packages/airflow/example_dags/example_branch_operator.py took 0.310 seconds
[2023-11-26T17:59:53.517+0000] {processor.py:157} INFO - Started process (PID=1451) to work on /home/airflow/.local/lib/python3.8/site-packages/airflow/example_dags/example_branch_operator.py
[2023-11-26T17:59:53.522+0000] {processor.py:829} INFO - Processing file /home/airflow/.local/lib/python3.8/site-packages/airflow/example_dags/example_branch_operator.py for tasks to queue
[2023-11-26T17:59:53.529+0000] {logging_mixin.py:154} INFO - [2023-11-26T17:59:53.528+0000] {dagbag.py:536} INFO - Filling up the DagBag from /home/airflow/.local/lib/python3.8/site-packages/airflow/example_dags/example_branch_operator.py
[2023-11-26T17:59:53.575+0000] {processor.py:839} INFO - DAG(s) dict_keys(['example_branch_operator']) retrieved from /home/airflow/.local/lib/python3.8/site-packages/airflow/example_dags/example_branch_operator.py
[2023-11-26T17:59:53.660+0000] {logging_mixin.py:154} INFO - [2023-11-26T17:59:53.659+0000] {dag.py:2941} INFO - Sync 1 DAGs
[2023-11-26T17:59:54.051+0000] {logging_mixin.py:154} INFO - [2023-11-26T17:59:54.050+0000] {dag.py:3722} INFO - Setting next_dagrun for example_branch_operator to 2023-11-25T00:00:00+00:00, run_after=2023-11-26T00:00:00+00:00
[2023-11-26T17:59:54.108+0000] {processor.py:179} INFO - Processing /home/airflow/.local/lib/python3.8/site-packages/airflow/example_dags/example_branch_operator.py took 0.603 seconds
[2023-11-26T18:00:24.553+0000] {processor.py:157} INFO - Started process (PID=1504) to work on /home/airflow/.local/lib/python3.8/site-packages/airflow/example_dags/example_branch_operator.py
[2023-11-26T18:00:24.556+0000] {processor.py:829} INFO - Processing file /home/airflow/.local/lib/python3.8/site-packages/airflow/example_dags/example_branch_operator.py for tasks to queue
[2023-11-26T18:00:24.562+0000] {logging_mixin.py:154} INFO - [2023-11-26T18:00:24.562+0000] {dagbag.py:536} INFO - Filling up the DagBag from /home/airflow/.local/lib/python3.8/site-packages/airflow/example_dags/example_branch_operator.py
[2023-11-26T18:00:24.590+0000] {processor.py:839} INFO - DAG(s) dict_keys(['example_branch_operator']) retrieved from /home/airflow/.local/lib/python3.8/site-packages/airflow/example_dags/example_branch_operator.py
[2023-11-26T18:00:24.649+0000] {logging_mixin.py:154} INFO - [2023-11-26T18:00:24.649+0000] {dag.py:2941} INFO - Sync 1 DAGs
[2023-11-26T18:00:24.711+0000] {logging_mixin.py:154} INFO - [2023-11-26T18:00:24.710+0000] {dag.py:3722} INFO - Setting next_dagrun for example_branch_operator to 2023-11-25T00:00:00+00:00, run_after=2023-11-26T00:00:00+00:00
[2023-11-26T18:00:24.761+0000] {processor.py:179} INFO - Processing /home/airflow/.local/lib/python3.8/site-packages/airflow/example_dags/example_branch_operator.py took 0.217 seconds
[2023-11-26T18:00:56.424+0000] {processor.py:157} INFO - Started process (PID=1558) to work on /home/airflow/.local/lib/python3.8/site-packages/airflow/example_dags/example_branch_operator.py
[2023-11-26T18:00:56.429+0000] {processor.py:829} INFO - Processing file /home/airflow/.local/lib/python3.8/site-packages/airflow/example_dags/example_branch_operator.py for tasks to queue
[2023-11-26T18:00:56.436+0000] {logging_mixin.py:154} INFO - [2023-11-26T18:00:56.435+0000] {dagbag.py:536} INFO - Filling up the DagBag from /home/airflow/.local/lib/python3.8/site-packages/airflow/example_dags/example_branch_operator.py
[2023-11-26T18:00:56.461+0000] {processor.py:839} INFO - DAG(s) dict_keys(['example_branch_operator']) retrieved from /home/airflow/.local/lib/python3.8/site-packages/airflow/example_dags/example_branch_operator.py
[2023-11-26T18:00:56.536+0000] {logging_mixin.py:154} INFO - [2023-11-26T18:00:56.536+0000] {dag.py:2941} INFO - Sync 1 DAGs
[2023-11-26T18:00:56.636+0000] {logging_mixin.py:154} INFO - [2023-11-26T18:00:56.635+0000] {dag.py:3722} INFO - Setting next_dagrun for example_branch_operator to 2023-11-25T00:00:00+00:00, run_after=2023-11-26T00:00:00+00:00
[2023-11-26T18:00:56.706+0000] {processor.py:179} INFO - Processing /home/airflow/.local/lib/python3.8/site-packages/airflow/example_dags/example_branch_operator.py took 0.289 seconds
[2023-11-26T18:01:27.374+0000] {processor.py:157} INFO - Started process (PID=1610) to work on /home/airflow/.local/lib/python3.8/site-packages/airflow/example_dags/example_branch_operator.py
[2023-11-26T18:01:27.391+0000] {processor.py:829} INFO - Processing file /home/airflow/.local/lib/python3.8/site-packages/airflow/example_dags/example_branch_operator.py for tasks to queue
[2023-11-26T18:01:27.399+0000] {logging_mixin.py:154} INFO - [2023-11-26T18:01:27.398+0000] {dagbag.py:536} INFO - Filling up the DagBag from /home/airflow/.local/lib/python3.8/site-packages/airflow/example_dags/example_branch_operator.py
[2023-11-26T18:01:27.428+0000] {processor.py:839} INFO - DAG(s) dict_keys(['example_branch_operator']) retrieved from /home/airflow/.local/lib/python3.8/site-packages/airflow/example_dags/example_branch_operator.py
[2023-11-26T18:01:27.515+0000] {logging_mixin.py:154} INFO - [2023-11-26T18:01:27.515+0000] {dag.py:2941} INFO - Sync 1 DAGs
[2023-11-26T18:01:27.607+0000] {logging_mixin.py:154} INFO - [2023-11-26T18:01:27.604+0000] {dag.py:3722} INFO - Setting next_dagrun for example_branch_operator to 2023-11-25T00:00:00+00:00, run_after=2023-11-26T00:00:00+00:00
[2023-11-26T18:01:27.767+0000] {processor.py:179} INFO - Processing /home/airflow/.local/lib/python3.8/site-packages/airflow/example_dags/example_branch_operator.py took 0.405 seconds
[2023-11-26T18:01:58.271+0000] {processor.py:157} INFO - Started process (PID=1663) to work on /home/airflow/.local/lib/python3.8/site-packages/airflow/example_dags/example_branch_operator.py
[2023-11-26T18:01:58.274+0000] {processor.py:829} INFO - Processing file /home/airflow/.local/lib/python3.8/site-packages/airflow/example_dags/example_branch_operator.py for tasks to queue
[2023-11-26T18:01:58.283+0000] {logging_mixin.py:154} INFO - [2023-11-26T18:01:58.282+0000] {dagbag.py:536} INFO - Filling up the DagBag from /home/airflow/.local/lib/python3.8/site-packages/airflow/example_dags/example_branch_operator.py
[2023-11-26T18:01:58.306+0000] {processor.py:839} INFO - DAG(s) dict_keys(['example_branch_operator']) retrieved from /home/airflow/.local/lib/python3.8/site-packages/airflow/example_dags/example_branch_operator.py
[2023-11-26T18:01:58.356+0000] {logging_mixin.py:154} INFO - [2023-11-26T18:01:58.356+0000] {dag.py:2941} INFO - Sync 1 DAGs
[2023-11-26T18:01:58.408+0000] {logging_mixin.py:154} INFO - [2023-11-26T18:01:58.407+0000] {dag.py:3722} INFO - Setting next_dagrun for example_branch_operator to 2023-11-25T00:00:00+00:00, run_after=2023-11-26T00:00:00+00:00
[2023-11-26T18:01:58.452+0000] {processor.py:179} INFO - Processing /home/airflow/.local/lib/python3.8/site-packages/airflow/example_dags/example_branch_operator.py took 0.191 seconds
[2023-11-26T18:02:34.495+0000] {processor.py:157} INFO - Started process (PID=1717) to work on /home/airflow/.local/lib/python3.8/site-packages/airflow/example_dags/example_branch_operator.py
[2023-11-26T18:02:34.500+0000] {processor.py:829} INFO - Processing file /home/airflow/.local/lib/python3.8/site-packages/airflow/example_dags/example_branch_operator.py for tasks to queue
[2023-11-26T18:02:34.513+0000] {logging_mixin.py:154} INFO - [2023-11-26T18:02:34.511+0000] {dagbag.py:536} INFO - Filling up the DagBag from /home/airflow/.local/lib/python3.8/site-packages/airflow/example_dags/example_branch_operator.py
[2023-11-26T18:02:34.541+0000] {processor.py:839} INFO - DAG(s) dict_keys(['example_branch_operator']) retrieved from /home/airflow/.local/lib/python3.8/site-packages/airflow/example_dags/example_branch_operator.py
[2023-11-26T18:02:34.628+0000] {logging_mixin.py:154} INFO - [2023-11-26T18:02:34.624+0000] {dag.py:2941} INFO - Sync 1 DAGs
[2023-11-26T18:02:34.793+0000] {logging_mixin.py:154} INFO - [2023-11-26T18:02:34.790+0000] {dag.py:3722} INFO - Setting next_dagrun for example_branch_operator to 2023-11-25T00:00:00+00:00, run_after=2023-11-26T00:00:00+00:00
[2023-11-26T18:02:34.931+0000] {processor.py:179} INFO - Processing /home/airflow/.local/lib/python3.8/site-packages/airflow/example_dags/example_branch_operator.py took 0.446 seconds
[2023-11-26T18:03:05.268+0000] {processor.py:157} INFO - Started process (PID=1771) to work on /home/airflow/.local/lib/python3.8/site-packages/airflow/example_dags/example_branch_operator.py
[2023-11-26T18:03:05.270+0000] {processor.py:829} INFO - Processing file /home/airflow/.local/lib/python3.8/site-packages/airflow/example_dags/example_branch_operator.py for tasks to queue
[2023-11-26T18:03:05.277+0000] {logging_mixin.py:154} INFO - [2023-11-26T18:03:05.276+0000] {dagbag.py:536} INFO - Filling up the DagBag from /home/airflow/.local/lib/python3.8/site-packages/airflow/example_dags/example_branch_operator.py
[2023-11-26T18:03:05.312+0000] {processor.py:839} INFO - DAG(s) dict_keys(['example_branch_operator']) retrieved from /home/airflow/.local/lib/python3.8/site-packages/airflow/example_dags/example_branch_operator.py
[2023-11-26T18:03:05.377+0000] {logging_mixin.py:154} INFO - [2023-11-26T18:03:05.377+0000] {dag.py:2941} INFO - Sync 1 DAGs
[2023-11-26T18:03:05.446+0000] {logging_mixin.py:154} INFO - [2023-11-26T18:03:05.445+0000] {dag.py:3722} INFO - Setting next_dagrun for example_branch_operator to 2023-11-25T00:00:00+00:00, run_after=2023-11-26T00:00:00+00:00
[2023-11-26T18:03:05.494+0000] {processor.py:179} INFO - Processing /home/airflow/.local/lib/python3.8/site-packages/airflow/example_dags/example_branch_operator.py took 0.235 seconds
