[2023-11-26T17:42:19.530+0000] {processor.py:157} INFO - Started process (PID=74) to work on /home/airflow/.local/lib/python3.8/site-packages/airflow/example_dags/example_external_task_marker_dag.py
[2023-11-26T17:42:19.536+0000] {processor.py:829} INFO - Processing file /home/airflow/.local/lib/python3.8/site-packages/airflow/example_dags/example_external_task_marker_dag.py for tasks to queue
[2023-11-26T17:42:19.550+0000] {logging_mixin.py:154} INFO - [2023-11-26T17:42:19.547+0000] {dagbag.py:536} INFO - Filling up the DagBag from /home/airflow/.local/lib/python3.8/site-packages/airflow/example_dags/example_external_task_marker_dag.py
[2023-11-26T17:42:19.583+0000] {processor.py:839} INFO - DAG(s) dict_keys(['example_external_task_marker_child', 'example_external_task_marker_parent']) retrieved from /home/airflow/.local/lib/python3.8/site-packages/airflow/example_dags/example_external_task_marker_dag.py
[2023-11-26T17:42:19.731+0000] {logging_mixin.py:154} INFO - [2023-11-26T17:42:19.730+0000] {dag.py:2941} INFO - Sync 2 DAGs
[2023-11-26T17:42:20.051+0000] {logging_mixin.py:154} INFO - [2023-11-26T17:42:20.049+0000] {dag.py:3722} INFO - Setting next_dagrun for example_external_task_marker_child to None, run_after=None
[2023-11-26T17:42:20.071+0000] {logging_mixin.py:154} INFO - [2023-11-26T17:42:20.071+0000] {dag.py:3722} INFO - Setting next_dagrun for example_external_task_marker_parent to None, run_after=None
[2023-11-26T17:42:20.333+0000] {processor.py:179} INFO - Processing /home/airflow/.local/lib/python3.8/site-packages/airflow/example_dags/example_external_task_marker_dag.py took 0.813 seconds
[2023-11-26T17:46:15.746+0000] {processor.py:157} INFO - Started process (PID=76) to work on /home/airflow/.local/lib/python3.8/site-packages/airflow/example_dags/example_external_task_marker_dag.py
[2023-11-26T17:46:15.749+0000] {processor.py:829} INFO - Processing file /home/airflow/.local/lib/python3.8/site-packages/airflow/example_dags/example_external_task_marker_dag.py for tasks to queue
[2023-11-26T17:46:15.770+0000] {logging_mixin.py:154} INFO - [2023-11-26T17:46:15.761+0000] {dagbag.py:536} INFO - Filling up the DagBag from /home/airflow/.local/lib/python3.8/site-packages/airflow/example_dags/example_external_task_marker_dag.py
[2023-11-26T17:46:15.834+0000] {processor.py:839} INFO - DAG(s) dict_keys(['example_external_task_marker_parent', 'example_external_task_marker_child']) retrieved from /home/airflow/.local/lib/python3.8/site-packages/airflow/example_dags/example_external_task_marker_dag.py
[2023-11-26T17:46:16.300+0000] {logging_mixin.py:154} INFO - [2023-11-26T17:46:16.299+0000] {dag.py:2941} INFO - Sync 2 DAGs
[2023-11-26T17:46:16.593+0000] {logging_mixin.py:154} INFO - [2023-11-26T17:46:16.592+0000] {dag.py:3722} INFO - Setting next_dagrun for example_external_task_marker_child to None, run_after=None
[2023-11-26T17:46:16.632+0000] {logging_mixin.py:154} INFO - [2023-11-26T17:46:16.632+0000] {dag.py:3722} INFO - Setting next_dagrun for example_external_task_marker_parent to None, run_after=None
[2023-11-26T17:46:17.066+0000] {processor.py:179} INFO - Processing /home/airflow/.local/lib/python3.8/site-packages/airflow/example_dags/example_external_task_marker_dag.py took 1.300 seconds
[2023-11-26T17:46:47.923+0000] {processor.py:157} INFO - Started process (PID=129) to work on /home/airflow/.local/lib/python3.8/site-packages/airflow/example_dags/example_external_task_marker_dag.py
[2023-11-26T17:46:47.926+0000] {processor.py:829} INFO - Processing file /home/airflow/.local/lib/python3.8/site-packages/airflow/example_dags/example_external_task_marker_dag.py for tasks to queue
[2023-11-26T17:46:47.933+0000] {logging_mixin.py:154} INFO - [2023-11-26T17:46:47.932+0000] {dagbag.py:536} INFO - Filling up the DagBag from /home/airflow/.local/lib/python3.8/site-packages/airflow/example_dags/example_external_task_marker_dag.py
[2023-11-26T17:46:47.946+0000] {processor.py:839} INFO - DAG(s) dict_keys(['example_external_task_marker_child', 'example_external_task_marker_parent']) retrieved from /home/airflow/.local/lib/python3.8/site-packages/airflow/example_dags/example_external_task_marker_dag.py
[2023-11-26T17:46:48.022+0000] {logging_mixin.py:154} INFO - [2023-11-26T17:46:48.021+0000] {dag.py:2941} INFO - Sync 2 DAGs
[2023-11-26T17:46:48.066+0000] {logging_mixin.py:154} INFO - [2023-11-26T17:46:48.065+0000] {dag.py:3722} INFO - Setting next_dagrun for example_external_task_marker_child to None, run_after=None
[2023-11-26T17:46:48.075+0000] {logging_mixin.py:154} INFO - [2023-11-26T17:46:48.075+0000] {dag.py:3722} INFO - Setting next_dagrun for example_external_task_marker_parent to None, run_after=None
[2023-11-26T17:46:48.114+0000] {processor.py:179} INFO - Processing /home/airflow/.local/lib/python3.8/site-packages/airflow/example_dags/example_external_task_marker_dag.py took 0.207 seconds
[2023-11-26T17:47:18.155+0000] {processor.py:157} INFO - Started process (PID=182) to work on /home/airflow/.local/lib/python3.8/site-packages/airflow/example_dags/example_external_task_marker_dag.py
[2023-11-26T17:47:18.157+0000] {processor.py:829} INFO - Processing file /home/airflow/.local/lib/python3.8/site-packages/airflow/example_dags/example_external_task_marker_dag.py for tasks to queue
[2023-11-26T17:47:18.163+0000] {logging_mixin.py:154} INFO - [2023-11-26T17:47:18.162+0000] {dagbag.py:536} INFO - Filling up the DagBag from /home/airflow/.local/lib/python3.8/site-packages/airflow/example_dags/example_external_task_marker_dag.py
[2023-11-26T17:47:18.174+0000] {processor.py:839} INFO - DAG(s) dict_keys(['example_external_task_marker_parent', 'example_external_task_marker_child']) retrieved from /home/airflow/.local/lib/python3.8/site-packages/airflow/example_dags/example_external_task_marker_dag.py
[2023-11-26T17:47:18.224+0000] {logging_mixin.py:154} INFO - [2023-11-26T17:47:18.224+0000] {dag.py:2941} INFO - Sync 2 DAGs
[2023-11-26T17:47:18.249+0000] {logging_mixin.py:154} INFO - [2023-11-26T17:47:18.248+0000] {dag.py:3722} INFO - Setting next_dagrun for example_external_task_marker_child to None, run_after=None
[2023-11-26T17:47:18.261+0000] {logging_mixin.py:154} INFO - [2023-11-26T17:47:18.260+0000] {dag.py:3722} INFO - Setting next_dagrun for example_external_task_marker_parent to None, run_after=None
[2023-11-26T17:47:18.298+0000] {processor.py:179} INFO - Processing /home/airflow/.local/lib/python3.8/site-packages/airflow/example_dags/example_external_task_marker_dag.py took 0.150 seconds
[2023-11-26T17:47:49.325+0000] {processor.py:157} INFO - Started process (PID=237) to work on /home/airflow/.local/lib/python3.8/site-packages/airflow/example_dags/example_external_task_marker_dag.py
[2023-11-26T17:47:49.327+0000] {processor.py:829} INFO - Processing file /home/airflow/.local/lib/python3.8/site-packages/airflow/example_dags/example_external_task_marker_dag.py for tasks to queue
[2023-11-26T17:47:49.332+0000] {logging_mixin.py:154} INFO - [2023-11-26T17:47:49.331+0000] {dagbag.py:536} INFO - Filling up the DagBag from /home/airflow/.local/lib/python3.8/site-packages/airflow/example_dags/example_external_task_marker_dag.py
[2023-11-26T17:47:49.345+0000] {processor.py:839} INFO - DAG(s) dict_keys(['example_external_task_marker_child', 'example_external_task_marker_parent']) retrieved from /home/airflow/.local/lib/python3.8/site-packages/airflow/example_dags/example_external_task_marker_dag.py
[2023-11-26T17:47:49.406+0000] {logging_mixin.py:154} INFO - [2023-11-26T17:47:49.405+0000] {dag.py:2941} INFO - Sync 2 DAGs
[2023-11-26T17:47:49.432+0000] {logging_mixin.py:154} INFO - [2023-11-26T17:47:49.431+0000] {dag.py:3722} INFO - Setting next_dagrun for example_external_task_marker_child to None, run_after=None
[2023-11-26T17:47:49.439+0000] {logging_mixin.py:154} INFO - [2023-11-26T17:47:49.438+0000] {dag.py:3722} INFO - Setting next_dagrun for example_external_task_marker_parent to None, run_after=None
[2023-11-26T17:47:49.472+0000] {processor.py:179} INFO - Processing /home/airflow/.local/lib/python3.8/site-packages/airflow/example_dags/example_external_task_marker_dag.py took 0.154 seconds
[2023-11-26T17:48:20.769+0000] {processor.py:157} INFO - Started process (PID=290) to work on /home/airflow/.local/lib/python3.8/site-packages/airflow/example_dags/example_external_task_marker_dag.py
[2023-11-26T17:48:20.772+0000] {processor.py:829} INFO - Processing file /home/airflow/.local/lib/python3.8/site-packages/airflow/example_dags/example_external_task_marker_dag.py for tasks to queue
[2023-11-26T17:48:20.777+0000] {logging_mixin.py:154} INFO - [2023-11-26T17:48:20.777+0000] {dagbag.py:536} INFO - Filling up the DagBag from /home/airflow/.local/lib/python3.8/site-packages/airflow/example_dags/example_external_task_marker_dag.py
[2023-11-26T17:48:20.790+0000] {processor.py:839} INFO - DAG(s) dict_keys(['example_external_task_marker_parent', 'example_external_task_marker_child']) retrieved from /home/airflow/.local/lib/python3.8/site-packages/airflow/example_dags/example_external_task_marker_dag.py
[2023-11-26T17:48:20.853+0000] {logging_mixin.py:154} INFO - [2023-11-26T17:48:20.853+0000] {dag.py:2941} INFO - Sync 2 DAGs
[2023-11-26T17:48:20.883+0000] {logging_mixin.py:154} INFO - [2023-11-26T17:48:20.883+0000] {dag.py:3722} INFO - Setting next_dagrun for example_external_task_marker_child to None, run_after=None
[2023-11-26T17:48:20.892+0000] {logging_mixin.py:154} INFO - [2023-11-26T17:48:20.891+0000] {dag.py:3722} INFO - Setting next_dagrun for example_external_task_marker_parent to None, run_after=None
[2023-11-26T17:48:20.938+0000] {processor.py:179} INFO - Processing /home/airflow/.local/lib/python3.8/site-packages/airflow/example_dags/example_external_task_marker_dag.py took 0.175 seconds
[2023-11-26T17:48:53.156+0000] {processor.py:157} INFO - Started process (PID=342) to work on /home/airflow/.local/lib/python3.8/site-packages/airflow/example_dags/example_external_task_marker_dag.py
[2023-11-26T17:48:53.158+0000] {processor.py:829} INFO - Processing file /home/airflow/.local/lib/python3.8/site-packages/airflow/example_dags/example_external_task_marker_dag.py for tasks to queue
[2023-11-26T17:48:53.164+0000] {logging_mixin.py:154} INFO - [2023-11-26T17:48:53.163+0000] {dagbag.py:536} INFO - Filling up the DagBag from /home/airflow/.local/lib/python3.8/site-packages/airflow/example_dags/example_external_task_marker_dag.py
[2023-11-26T17:48:53.187+0000] {processor.py:839} INFO - DAG(s) dict_keys(['example_external_task_marker_parent', 'example_external_task_marker_child']) retrieved from /home/airflow/.local/lib/python3.8/site-packages/airflow/example_dags/example_external_task_marker_dag.py
[2023-11-26T17:48:53.268+0000] {logging_mixin.py:154} INFO - [2023-11-26T17:48:53.268+0000] {dag.py:2941} INFO - Sync 2 DAGs
[2023-11-26T17:48:53.350+0000] {logging_mixin.py:154} INFO - [2023-11-26T17:48:53.350+0000] {dag.py:3722} INFO - Setting next_dagrun for example_external_task_marker_child to None, run_after=None
[2023-11-26T17:48:53.373+0000] {logging_mixin.py:154} INFO - [2023-11-26T17:48:53.372+0000] {dag.py:3722} INFO - Setting next_dagrun for example_external_task_marker_parent to None, run_after=None
[2023-11-26T17:48:53.444+0000] {processor.py:179} INFO - Processing /home/airflow/.local/lib/python3.8/site-packages/airflow/example_dags/example_external_task_marker_dag.py took 0.296 seconds
[2023-11-26T17:49:24.306+0000] {processor.py:157} INFO - Started process (PID=395) to work on /home/airflow/.local/lib/python3.8/site-packages/airflow/example_dags/example_external_task_marker_dag.py
[2023-11-26T17:49:24.309+0000] {processor.py:829} INFO - Processing file /home/airflow/.local/lib/python3.8/site-packages/airflow/example_dags/example_external_task_marker_dag.py for tasks to queue
[2023-11-26T17:49:24.315+0000] {logging_mixin.py:154} INFO - [2023-11-26T17:49:24.314+0000] {dagbag.py:536} INFO - Filling up the DagBag from /home/airflow/.local/lib/python3.8/site-packages/airflow/example_dags/example_external_task_marker_dag.py
[2023-11-26T17:49:24.331+0000] {processor.py:839} INFO - DAG(s) dict_keys(['example_external_task_marker_child', 'example_external_task_marker_parent']) retrieved from /home/airflow/.local/lib/python3.8/site-packages/airflow/example_dags/example_external_task_marker_dag.py
[2023-11-26T17:49:24.410+0000] {logging_mixin.py:154} INFO - [2023-11-26T17:49:24.410+0000] {dag.py:2941} INFO - Sync 2 DAGs
[2023-11-26T17:49:24.462+0000] {logging_mixin.py:154} INFO - [2023-11-26T17:49:24.461+0000] {dag.py:3722} INFO - Setting next_dagrun for example_external_task_marker_child to None, run_after=None
[2023-11-26T17:49:24.472+0000] {logging_mixin.py:154} INFO - [2023-11-26T17:49:24.471+0000] {dag.py:3722} INFO - Setting next_dagrun for example_external_task_marker_parent to None, run_after=None
[2023-11-26T17:49:24.521+0000] {processor.py:179} INFO - Processing /home/airflow/.local/lib/python3.8/site-packages/airflow/example_dags/example_external_task_marker_dag.py took 0.224 seconds
[2023-11-26T17:49:58.410+0000] {processor.py:157} INFO - Started process (PID=455) to work on /home/airflow/.local/lib/python3.8/site-packages/airflow/example_dags/example_external_task_marker_dag.py
[2023-11-26T17:49:58.417+0000] {processor.py:829} INFO - Processing file /home/airflow/.local/lib/python3.8/site-packages/airflow/example_dags/example_external_task_marker_dag.py for tasks to queue
[2023-11-26T17:49:58.423+0000] {logging_mixin.py:154} INFO - [2023-11-26T17:49:58.421+0000] {dagbag.py:536} INFO - Filling up the DagBag from /home/airflow/.local/lib/python3.8/site-packages/airflow/example_dags/example_external_task_marker_dag.py
[2023-11-26T17:49:58.436+0000] {processor.py:839} INFO - DAG(s) dict_keys(['example_external_task_marker_parent', 'example_external_task_marker_child']) retrieved from /home/airflow/.local/lib/python3.8/site-packages/airflow/example_dags/example_external_task_marker_dag.py
[2023-11-26T17:49:58.549+0000] {logging_mixin.py:154} INFO - [2023-11-26T17:49:58.549+0000] {dag.py:2941} INFO - Sync 2 DAGs
[2023-11-26T17:49:58.590+0000] {logging_mixin.py:154} INFO - [2023-11-26T17:49:58.590+0000] {dag.py:3722} INFO - Setting next_dagrun for example_external_task_marker_child to None, run_after=None
[2023-11-26T17:49:58.600+0000] {logging_mixin.py:154} INFO - [2023-11-26T17:49:58.600+0000] {dag.py:3722} INFO - Setting next_dagrun for example_external_task_marker_parent to None, run_after=None
[2023-11-26T17:49:58.650+0000] {processor.py:179} INFO - Processing /home/airflow/.local/lib/python3.8/site-packages/airflow/example_dags/example_external_task_marker_dag.py took 0.288 seconds
[2023-11-26T17:50:29.931+0000] {processor.py:157} INFO - Started process (PID=509) to work on /home/airflow/.local/lib/python3.8/site-packages/airflow/example_dags/example_external_task_marker_dag.py
[2023-11-26T17:50:29.934+0000] {processor.py:829} INFO - Processing file /home/airflow/.local/lib/python3.8/site-packages/airflow/example_dags/example_external_task_marker_dag.py for tasks to queue
[2023-11-26T17:50:29.942+0000] {logging_mixin.py:154} INFO - [2023-11-26T17:50:29.941+0000] {dagbag.py:536} INFO - Filling up the DagBag from /home/airflow/.local/lib/python3.8/site-packages/airflow/example_dags/example_external_task_marker_dag.py
[2023-11-26T17:50:29.965+0000] {processor.py:839} INFO - DAG(s) dict_keys(['example_external_task_marker_child', 'example_external_task_marker_parent']) retrieved from /home/airflow/.local/lib/python3.8/site-packages/airflow/example_dags/example_external_task_marker_dag.py
[2023-11-26T17:50:30.085+0000] {logging_mixin.py:154} INFO - [2023-11-26T17:50:30.084+0000] {dag.py:2941} INFO - Sync 2 DAGs
[2023-11-26T17:50:30.137+0000] {logging_mixin.py:154} INFO - [2023-11-26T17:50:30.136+0000] {dag.py:3722} INFO - Setting next_dagrun for example_external_task_marker_child to None, run_after=None
[2023-11-26T17:50:30.152+0000] {logging_mixin.py:154} INFO - [2023-11-26T17:50:30.150+0000] {dag.py:3722} INFO - Setting next_dagrun for example_external_task_marker_parent to None, run_after=None
[2023-11-26T17:50:30.211+0000] {processor.py:179} INFO - Processing /home/airflow/.local/lib/python3.8/site-packages/airflow/example_dags/example_external_task_marker_dag.py took 0.290 seconds
[2023-11-26T17:51:00.761+0000] {processor.py:157} INFO - Started process (PID=563) to work on /home/airflow/.local/lib/python3.8/site-packages/airflow/example_dags/example_external_task_marker_dag.py
[2023-11-26T17:51:00.764+0000] {processor.py:829} INFO - Processing file /home/airflow/.local/lib/python3.8/site-packages/airflow/example_dags/example_external_task_marker_dag.py for tasks to queue
[2023-11-26T17:51:00.819+0000] {logging_mixin.py:154} INFO - [2023-11-26T17:51:00.819+0000] {dagbag.py:536} INFO - Filling up the DagBag from /home/airflow/.local/lib/python3.8/site-packages/airflow/example_dags/example_external_task_marker_dag.py
[2023-11-26T17:51:00.870+0000] {processor.py:839} INFO - DAG(s) dict_keys(['example_external_task_marker_parent', 'example_external_task_marker_child']) retrieved from /home/airflow/.local/lib/python3.8/site-packages/airflow/example_dags/example_external_task_marker_dag.py
[2023-11-26T17:51:01.015+0000] {logging_mixin.py:154} INFO - [2023-11-26T17:51:01.014+0000] {dag.py:2941} INFO - Sync 2 DAGs
[2023-11-26T17:51:01.125+0000] {logging_mixin.py:154} INFO - [2023-11-26T17:51:01.125+0000] {dag.py:3722} INFO - Setting next_dagrun for example_external_task_marker_child to None, run_after=None
[2023-11-26T17:51:01.145+0000] {logging_mixin.py:154} INFO - [2023-11-26T17:51:01.145+0000] {dag.py:3722} INFO - Setting next_dagrun for example_external_task_marker_parent to None, run_after=None
[2023-11-26T17:51:01.214+0000] {processor.py:179} INFO - Processing /home/airflow/.local/lib/python3.8/site-packages/airflow/example_dags/example_external_task_marker_dag.py took 0.484 seconds
[2023-11-26T17:51:33.092+0000] {processor.py:157} INFO - Started process (PID=616) to work on /home/airflow/.local/lib/python3.8/site-packages/airflow/example_dags/example_external_task_marker_dag.py
[2023-11-26T17:51:33.105+0000] {processor.py:829} INFO - Processing file /home/airflow/.local/lib/python3.8/site-packages/airflow/example_dags/example_external_task_marker_dag.py for tasks to queue
[2023-11-26T17:51:33.117+0000] {logging_mixin.py:154} INFO - [2023-11-26T17:51:33.116+0000] {dagbag.py:536} INFO - Filling up the DagBag from /home/airflow/.local/lib/python3.8/site-packages/airflow/example_dags/example_external_task_marker_dag.py
[2023-11-26T17:51:33.149+0000] {processor.py:839} INFO - DAG(s) dict_keys(['example_external_task_marker_child', 'example_external_task_marker_parent']) retrieved from /home/airflow/.local/lib/python3.8/site-packages/airflow/example_dags/example_external_task_marker_dag.py
[2023-11-26T17:51:33.348+0000] {logging_mixin.py:154} INFO - [2023-11-26T17:51:33.343+0000] {dag.py:2941} INFO - Sync 2 DAGs
[2023-11-26T17:51:33.433+0000] {logging_mixin.py:154} INFO - [2023-11-26T17:51:33.427+0000] {dag.py:3722} INFO - Setting next_dagrun for example_external_task_marker_child to None, run_after=None
[2023-11-26T17:51:33.447+0000] {logging_mixin.py:154} INFO - [2023-11-26T17:51:33.444+0000] {dag.py:3722} INFO - Setting next_dagrun for example_external_task_marker_parent to None, run_after=None
[2023-11-26T17:51:33.533+0000] {processor.py:179} INFO - Processing /home/airflow/.local/lib/python3.8/site-packages/airflow/example_dags/example_external_task_marker_dag.py took 0.450 seconds
[2023-11-26T17:52:04.659+0000] {processor.py:157} INFO - Started process (PID=670) to work on /home/airflow/.local/lib/python3.8/site-packages/airflow/example_dags/example_external_task_marker_dag.py
[2023-11-26T17:52:04.665+0000] {processor.py:829} INFO - Processing file /home/airflow/.local/lib/python3.8/site-packages/airflow/example_dags/example_external_task_marker_dag.py for tasks to queue
[2023-11-26T17:52:04.673+0000] {logging_mixin.py:154} INFO - [2023-11-26T17:52:04.672+0000] {dagbag.py:536} INFO - Filling up the DagBag from /home/airflow/.local/lib/python3.8/site-packages/airflow/example_dags/example_external_task_marker_dag.py
[2023-11-26T17:52:04.707+0000] {processor.py:839} INFO - DAG(s) dict_keys(['example_external_task_marker_parent', 'example_external_task_marker_child']) retrieved from /home/airflow/.local/lib/python3.8/site-packages/airflow/example_dags/example_external_task_marker_dag.py
[2023-11-26T17:52:04.831+0000] {logging_mixin.py:154} INFO - [2023-11-26T17:52:04.830+0000] {dag.py:2941} INFO - Sync 2 DAGs
[2023-11-26T17:52:04.890+0000] {logging_mixin.py:154} INFO - [2023-11-26T17:52:04.890+0000] {dag.py:3722} INFO - Setting next_dagrun for example_external_task_marker_child to None, run_after=None
[2023-11-26T17:52:04.907+0000] {logging_mixin.py:154} INFO - [2023-11-26T17:52:04.906+0000] {dag.py:3722} INFO - Setting next_dagrun for example_external_task_marker_parent to None, run_after=None
[2023-11-26T17:52:04.976+0000] {processor.py:179} INFO - Processing /home/airflow/.local/lib/python3.8/site-packages/airflow/example_dags/example_external_task_marker_dag.py took 0.330 seconds
[2023-11-26T17:52:35.131+0000] {processor.py:157} INFO - Started process (PID=724) to work on /home/airflow/.local/lib/python3.8/site-packages/airflow/example_dags/example_external_task_marker_dag.py
[2023-11-26T17:52:35.136+0000] {processor.py:829} INFO - Processing file /home/airflow/.local/lib/python3.8/site-packages/airflow/example_dags/example_external_task_marker_dag.py for tasks to queue
[2023-11-26T17:52:35.147+0000] {logging_mixin.py:154} INFO - [2023-11-26T17:52:35.146+0000] {dagbag.py:536} INFO - Filling up the DagBag from /home/airflow/.local/lib/python3.8/site-packages/airflow/example_dags/example_external_task_marker_dag.py
[2023-11-26T17:52:35.201+0000] {processor.py:839} INFO - DAG(s) dict_keys(['example_external_task_marker_parent', 'example_external_task_marker_child']) retrieved from /home/airflow/.local/lib/python3.8/site-packages/airflow/example_dags/example_external_task_marker_dag.py
[2023-11-26T17:52:35.369+0000] {logging_mixin.py:154} INFO - [2023-11-26T17:52:35.367+0000] {dag.py:2941} INFO - Sync 2 DAGs
[2023-11-26T17:52:35.479+0000] {logging_mixin.py:154} INFO - [2023-11-26T17:52:35.478+0000] {dag.py:3722} INFO - Setting next_dagrun for example_external_task_marker_child to None, run_after=None
[2023-11-26T17:52:35.511+0000] {logging_mixin.py:154} INFO - [2023-11-26T17:52:35.510+0000] {dag.py:3722} INFO - Setting next_dagrun for example_external_task_marker_parent to None, run_after=None
[2023-11-26T17:52:35.569+0000] {processor.py:179} INFO - Processing /home/airflow/.local/lib/python3.8/site-packages/airflow/example_dags/example_external_task_marker_dag.py took 0.460 seconds
[2023-11-26T17:53:06.149+0000] {processor.py:157} INFO - Started process (PID=778) to work on /home/airflow/.local/lib/python3.8/site-packages/airflow/example_dags/example_external_task_marker_dag.py
[2023-11-26T17:53:06.160+0000] {processor.py:829} INFO - Processing file /home/airflow/.local/lib/python3.8/site-packages/airflow/example_dags/example_external_task_marker_dag.py for tasks to queue
[2023-11-26T17:53:06.169+0000] {logging_mixin.py:154} INFO - [2023-11-26T17:53:06.168+0000] {dagbag.py:536} INFO - Filling up the DagBag from /home/airflow/.local/lib/python3.8/site-packages/airflow/example_dags/example_external_task_marker_dag.py
[2023-11-26T17:53:06.184+0000] {processor.py:839} INFO - DAG(s) dict_keys(['example_external_task_marker_child', 'example_external_task_marker_parent']) retrieved from /home/airflow/.local/lib/python3.8/site-packages/airflow/example_dags/example_external_task_marker_dag.py
[2023-11-26T17:53:06.247+0000] {logging_mixin.py:154} INFO - [2023-11-26T17:53:06.246+0000] {dag.py:2941} INFO - Sync 2 DAGs
[2023-11-26T17:53:06.335+0000] {logging_mixin.py:154} INFO - [2023-11-26T17:53:06.335+0000] {dag.py:3722} INFO - Setting next_dagrun for example_external_task_marker_child to None, run_after=None
[2023-11-26T17:53:06.347+0000] {logging_mixin.py:154} INFO - [2023-11-26T17:53:06.347+0000] {dag.py:3722} INFO - Setting next_dagrun for example_external_task_marker_parent to None, run_after=None
[2023-11-26T17:53:06.414+0000] {processor.py:179} INFO - Processing /home/airflow/.local/lib/python3.8/site-packages/airflow/example_dags/example_external_task_marker_dag.py took 0.277 seconds
[2023-11-26T17:53:36.982+0000] {processor.py:157} INFO - Started process (PID=832) to work on /home/airflow/.local/lib/python3.8/site-packages/airflow/example_dags/example_external_task_marker_dag.py
[2023-11-26T17:53:36.984+0000] {processor.py:829} INFO - Processing file /home/airflow/.local/lib/python3.8/site-packages/airflow/example_dags/example_external_task_marker_dag.py for tasks to queue
[2023-11-26T17:53:36.989+0000] {logging_mixin.py:154} INFO - [2023-11-26T17:53:36.989+0000] {dagbag.py:536} INFO - Filling up the DagBag from /home/airflow/.local/lib/python3.8/site-packages/airflow/example_dags/example_external_task_marker_dag.py
[2023-11-26T17:53:37.004+0000] {processor.py:839} INFO - DAG(s) dict_keys(['example_external_task_marker_parent', 'example_external_task_marker_child']) retrieved from /home/airflow/.local/lib/python3.8/site-packages/airflow/example_dags/example_external_task_marker_dag.py
[2023-11-26T17:53:37.124+0000] {logging_mixin.py:154} INFO - [2023-11-26T17:53:37.123+0000] {dag.py:2941} INFO - Sync 2 DAGs
[2023-11-26T17:53:37.168+0000] {logging_mixin.py:154} INFO - [2023-11-26T17:53:37.167+0000] {dag.py:3722} INFO - Setting next_dagrun for example_external_task_marker_child to None, run_after=None
[2023-11-26T17:53:37.202+0000] {logging_mixin.py:154} INFO - [2023-11-26T17:53:37.201+0000] {dag.py:3722} INFO - Setting next_dagrun for example_external_task_marker_parent to None, run_after=None
[2023-11-26T17:53:37.341+0000] {processor.py:179} INFO - Processing /home/airflow/.local/lib/python3.8/site-packages/airflow/example_dags/example_external_task_marker_dag.py took 0.367 seconds
[2023-11-26T17:54:10.981+0000] {processor.py:157} INFO - Started process (PID=886) to work on /home/airflow/.local/lib/python3.8/site-packages/airflow/example_dags/example_external_task_marker_dag.py
[2023-11-26T17:54:11.167+0000] {processor.py:829} INFO - Processing file /home/airflow/.local/lib/python3.8/site-packages/airflow/example_dags/example_external_task_marker_dag.py for tasks to queue
[2023-11-26T17:54:11.207+0000] {logging_mixin.py:154} INFO - [2023-11-26T17:54:11.205+0000] {dagbag.py:536} INFO - Filling up the DagBag from /home/airflow/.local/lib/python3.8/site-packages/airflow/example_dags/example_external_task_marker_dag.py
[2023-11-26T17:54:11.356+0000] {processor.py:839} INFO - DAG(s) dict_keys(['example_external_task_marker_child', 'example_external_task_marker_parent']) retrieved from /home/airflow/.local/lib/python3.8/site-packages/airflow/example_dags/example_external_task_marker_dag.py
[2023-11-26T17:54:11.547+0000] {logging_mixin.py:154} INFO - [2023-11-26T17:54:11.547+0000] {dag.py:2941} INFO - Sync 2 DAGs
[2023-11-26T17:54:11.734+0000] {logging_mixin.py:154} INFO - [2023-11-26T17:54:11.727+0000] {dag.py:3722} INFO - Setting next_dagrun for example_external_task_marker_child to None, run_after=None
[2023-11-26T17:54:11.746+0000] {logging_mixin.py:154} INFO - [2023-11-26T17:54:11.746+0000] {dag.py:3722} INFO - Setting next_dagrun for example_external_task_marker_parent to None, run_after=None
[2023-11-26T17:54:12.107+0000] {processor.py:179} INFO - Processing /home/airflow/.local/lib/python3.8/site-packages/airflow/example_dags/example_external_task_marker_dag.py took 1.230 seconds
[2023-11-26T17:54:45.922+0000] {processor.py:157} INFO - Started process (PID=940) to work on /home/airflow/.local/lib/python3.8/site-packages/airflow/example_dags/example_external_task_marker_dag.py
[2023-11-26T17:54:45.927+0000] {processor.py:829} INFO - Processing file /home/airflow/.local/lib/python3.8/site-packages/airflow/example_dags/example_external_task_marker_dag.py for tasks to queue
[2023-11-26T17:54:45.935+0000] {logging_mixin.py:154} INFO - [2023-11-26T17:54:45.934+0000] {dagbag.py:536} INFO - Filling up the DagBag from /home/airflow/.local/lib/python3.8/site-packages/airflow/example_dags/example_external_task_marker_dag.py
[2023-11-26T17:54:45.985+0000] {processor.py:839} INFO - DAG(s) dict_keys(['example_external_task_marker_child', 'example_external_task_marker_parent']) retrieved from /home/airflow/.local/lib/python3.8/site-packages/airflow/example_dags/example_external_task_marker_dag.py
[2023-11-26T17:54:46.178+0000] {logging_mixin.py:154} INFO - [2023-11-26T17:54:46.177+0000] {dag.py:2941} INFO - Sync 2 DAGs
[2023-11-26T17:54:46.360+0000] {logging_mixin.py:154} INFO - [2023-11-26T17:54:46.360+0000] {dag.py:3722} INFO - Setting next_dagrun for example_external_task_marker_child to None, run_after=None
[2023-11-26T17:54:46.387+0000] {logging_mixin.py:154} INFO - [2023-11-26T17:54:46.386+0000] {dag.py:3722} INFO - Setting next_dagrun for example_external_task_marker_parent to None, run_after=None
[2023-11-26T17:54:46.572+0000] {processor.py:179} INFO - Processing /home/airflow/.local/lib/python3.8/site-packages/airflow/example_dags/example_external_task_marker_dag.py took 0.658 seconds
[2023-11-26T17:55:16.668+0000] {processor.py:157} INFO - Started process (PID=994) to work on /home/airflow/.local/lib/python3.8/site-packages/airflow/example_dags/example_external_task_marker_dag.py
[2023-11-26T17:55:16.671+0000] {processor.py:829} INFO - Processing file /home/airflow/.local/lib/python3.8/site-packages/airflow/example_dags/example_external_task_marker_dag.py for tasks to queue
[2023-11-26T17:55:16.675+0000] {logging_mixin.py:154} INFO - [2023-11-26T17:55:16.675+0000] {dagbag.py:536} INFO - Filling up the DagBag from /home/airflow/.local/lib/python3.8/site-packages/airflow/example_dags/example_external_task_marker_dag.py
[2023-11-26T17:55:16.687+0000] {processor.py:839} INFO - DAG(s) dict_keys(['example_external_task_marker_child', 'example_external_task_marker_parent']) retrieved from /home/airflow/.local/lib/python3.8/site-packages/airflow/example_dags/example_external_task_marker_dag.py
[2023-11-26T17:55:16.737+0000] {logging_mixin.py:154} INFO - [2023-11-26T17:55:16.736+0000] {dag.py:2941} INFO - Sync 2 DAGs
[2023-11-26T17:55:16.765+0000] {logging_mixin.py:154} INFO - [2023-11-26T17:55:16.764+0000] {dag.py:3722} INFO - Setting next_dagrun for example_external_task_marker_child to None, run_after=None
[2023-11-26T17:55:16.775+0000] {logging_mixin.py:154} INFO - [2023-11-26T17:55:16.774+0000] {dag.py:3722} INFO - Setting next_dagrun for example_external_task_marker_parent to None, run_after=None
[2023-11-26T17:55:16.814+0000] {processor.py:179} INFO - Processing /home/airflow/.local/lib/python3.8/site-packages/airflow/example_dags/example_external_task_marker_dag.py took 0.153 seconds
[2023-11-26T17:55:46.968+0000] {processor.py:157} INFO - Started process (PID=1048) to work on /home/airflow/.local/lib/python3.8/site-packages/airflow/example_dags/example_external_task_marker_dag.py
[2023-11-26T17:55:46.971+0000] {processor.py:829} INFO - Processing file /home/airflow/.local/lib/python3.8/site-packages/airflow/example_dags/example_external_task_marker_dag.py for tasks to queue
[2023-11-26T17:55:46.978+0000] {logging_mixin.py:154} INFO - [2023-11-26T17:55:46.977+0000] {dagbag.py:536} INFO - Filling up the DagBag from /home/airflow/.local/lib/python3.8/site-packages/airflow/example_dags/example_external_task_marker_dag.py
[2023-11-26T17:55:46.995+0000] {processor.py:839} INFO - DAG(s) dict_keys(['example_external_task_marker_child', 'example_external_task_marker_parent']) retrieved from /home/airflow/.local/lib/python3.8/site-packages/airflow/example_dags/example_external_task_marker_dag.py
[2023-11-26T17:55:47.095+0000] {logging_mixin.py:154} INFO - [2023-11-26T17:55:47.094+0000] {dag.py:2941} INFO - Sync 2 DAGs
[2023-11-26T17:55:47.132+0000] {logging_mixin.py:154} INFO - [2023-11-26T17:55:47.131+0000] {dag.py:3722} INFO - Setting next_dagrun for example_external_task_marker_child to None, run_after=None
[2023-11-26T17:55:47.139+0000] {logging_mixin.py:154} INFO - [2023-11-26T17:55:47.138+0000] {dag.py:3722} INFO - Setting next_dagrun for example_external_task_marker_parent to None, run_after=None
[2023-11-26T17:55:47.173+0000] {processor.py:179} INFO - Processing /home/airflow/.local/lib/python3.8/site-packages/airflow/example_dags/example_external_task_marker_dag.py took 0.213 seconds
[2023-11-26T17:56:17.256+0000] {processor.py:157} INFO - Started process (PID=1102) to work on /home/airflow/.local/lib/python3.8/site-packages/airflow/example_dags/example_external_task_marker_dag.py
[2023-11-26T17:56:17.258+0000] {processor.py:829} INFO - Processing file /home/airflow/.local/lib/python3.8/site-packages/airflow/example_dags/example_external_task_marker_dag.py for tasks to queue
[2023-11-26T17:56:17.264+0000] {logging_mixin.py:154} INFO - [2023-11-26T17:56:17.263+0000] {dagbag.py:536} INFO - Filling up the DagBag from /home/airflow/.local/lib/python3.8/site-packages/airflow/example_dags/example_external_task_marker_dag.py
[2023-11-26T17:56:17.278+0000] {processor.py:839} INFO - DAG(s) dict_keys(['example_external_task_marker_child', 'example_external_task_marker_parent']) retrieved from /home/airflow/.local/lib/python3.8/site-packages/airflow/example_dags/example_external_task_marker_dag.py
[2023-11-26T17:56:17.338+0000] {logging_mixin.py:154} INFO - [2023-11-26T17:56:17.337+0000] {dag.py:2941} INFO - Sync 2 DAGs
[2023-11-26T17:56:17.381+0000] {logging_mixin.py:154} INFO - [2023-11-26T17:56:17.380+0000] {dag.py:3722} INFO - Setting next_dagrun for example_external_task_marker_child to None, run_after=None
[2023-11-26T17:56:17.389+0000] {logging_mixin.py:154} INFO - [2023-11-26T17:56:17.389+0000] {dag.py:3722} INFO - Setting next_dagrun for example_external_task_marker_parent to None, run_after=None
[2023-11-26T17:56:17.439+0000] {processor.py:179} INFO - Processing /home/airflow/.local/lib/python3.8/site-packages/airflow/example_dags/example_external_task_marker_dag.py took 0.190 seconds
[2023-11-26T17:56:50.465+0000] {processor.py:157} INFO - Started process (PID=1157) to work on /home/airflow/.local/lib/python3.8/site-packages/airflow/example_dags/example_external_task_marker_dag.py
[2023-11-26T17:56:50.469+0000] {processor.py:829} INFO - Processing file /home/airflow/.local/lib/python3.8/site-packages/airflow/example_dags/example_external_task_marker_dag.py for tasks to queue
[2023-11-26T17:56:50.488+0000] {logging_mixin.py:154} INFO - [2023-11-26T17:56:50.487+0000] {dagbag.py:536} INFO - Filling up the DagBag from /home/airflow/.local/lib/python3.8/site-packages/airflow/example_dags/example_external_task_marker_dag.py
[2023-11-26T17:56:50.538+0000] {processor.py:839} INFO - DAG(s) dict_keys(['example_external_task_marker_parent', 'example_external_task_marker_child']) retrieved from /home/airflow/.local/lib/python3.8/site-packages/airflow/example_dags/example_external_task_marker_dag.py
[2023-11-26T17:56:50.654+0000] {logging_mixin.py:154} INFO - [2023-11-26T17:56:50.654+0000] {dag.py:2941} INFO - Sync 2 DAGs
[2023-11-26T17:56:50.737+0000] {logging_mixin.py:154} INFO - [2023-11-26T17:56:50.737+0000] {dag.py:3722} INFO - Setting next_dagrun for example_external_task_marker_child to None, run_after=None
[2023-11-26T17:56:50.751+0000] {logging_mixin.py:154} INFO - [2023-11-26T17:56:50.750+0000] {dag.py:3722} INFO - Setting next_dagrun for example_external_task_marker_parent to None, run_after=None
[2023-11-26T17:56:50.802+0000] {processor.py:179} INFO - Processing /home/airflow/.local/lib/python3.8/site-packages/airflow/example_dags/example_external_task_marker_dag.py took 0.347 seconds
[2023-11-26T17:57:22.590+0000] {processor.py:157} INFO - Started process (PID=1212) to work on /home/airflow/.local/lib/python3.8/site-packages/airflow/example_dags/example_external_task_marker_dag.py
[2023-11-26T17:57:22.660+0000] {processor.py:829} INFO - Processing file /home/airflow/.local/lib/python3.8/site-packages/airflow/example_dags/example_external_task_marker_dag.py for tasks to queue
[2023-11-26T17:57:22.678+0000] {logging_mixin.py:154} INFO - [2023-11-26T17:57:22.677+0000] {dagbag.py:536} INFO - Filling up the DagBag from /home/airflow/.local/lib/python3.8/site-packages/airflow/example_dags/example_external_task_marker_dag.py
[2023-11-26T17:57:22.730+0000] {processor.py:839} INFO - DAG(s) dict_keys(['example_external_task_marker_parent', 'example_external_task_marker_child']) retrieved from /home/airflow/.local/lib/python3.8/site-packages/airflow/example_dags/example_external_task_marker_dag.py
[2023-11-26T17:57:23.101+0000] {logging_mixin.py:154} INFO - [2023-11-26T17:57:23.100+0000] {dag.py:2941} INFO - Sync 2 DAGs
[2023-11-26T17:57:23.872+0000] {logging_mixin.py:154} INFO - [2023-11-26T17:57:23.868+0000] {dag.py:3722} INFO - Setting next_dagrun for example_external_task_marker_child to None, run_after=None
[2023-11-26T17:57:24.104+0000] {logging_mixin.py:154} INFO - [2023-11-26T17:57:24.103+0000] {dag.py:3722} INFO - Setting next_dagrun for example_external_task_marker_parent to None, run_after=None
[2023-11-26T17:57:25.739+0000] {processor.py:179} INFO - Processing /home/airflow/.local/lib/python3.8/site-packages/airflow/example_dags/example_external_task_marker_dag.py took 3.205 seconds
[2023-11-26T17:58:04.001+0000] {processor.py:157} INFO - Started process (PID=1266) to work on /home/airflow/.local/lib/python3.8/site-packages/airflow/example_dags/example_external_task_marker_dag.py
[2023-11-26T17:58:04.005+0000] {processor.py:829} INFO - Processing file /home/airflow/.local/lib/python3.8/site-packages/airflow/example_dags/example_external_task_marker_dag.py for tasks to queue
[2023-11-26T17:58:04.011+0000] {logging_mixin.py:154} INFO - [2023-11-26T17:58:04.010+0000] {dagbag.py:536} INFO - Filling up the DagBag from /home/airflow/.local/lib/python3.8/site-packages/airflow/example_dags/example_external_task_marker_dag.py
[2023-11-26T17:58:04.038+0000] {processor.py:839} INFO - DAG(s) dict_keys(['example_external_task_marker_child', 'example_external_task_marker_parent']) retrieved from /home/airflow/.local/lib/python3.8/site-packages/airflow/example_dags/example_external_task_marker_dag.py
[2023-11-26T17:58:04.111+0000] {logging_mixin.py:154} INFO - [2023-11-26T17:58:04.111+0000] {dag.py:2941} INFO - Sync 2 DAGs
[2023-11-26T17:58:04.150+0000] {logging_mixin.py:154} INFO - [2023-11-26T17:58:04.148+0000] {dag.py:3722} INFO - Setting next_dagrun for example_external_task_marker_child to None, run_after=None
[2023-11-26T17:58:04.159+0000] {logging_mixin.py:154} INFO - [2023-11-26T17:58:04.158+0000] {dag.py:3722} INFO - Setting next_dagrun for example_external_task_marker_parent to None, run_after=None
[2023-11-26T17:58:04.565+0000] {processor.py:179} INFO - Processing /home/airflow/.local/lib/python3.8/site-packages/airflow/example_dags/example_external_task_marker_dag.py took 0.563 seconds
[2023-11-26T17:58:36.943+0000] {processor.py:157} INFO - Started process (PID=1320) to work on /home/airflow/.local/lib/python3.8/site-packages/airflow/example_dags/example_external_task_marker_dag.py
[2023-11-26T17:58:36.945+0000] {processor.py:829} INFO - Processing file /home/airflow/.local/lib/python3.8/site-packages/airflow/example_dags/example_external_task_marker_dag.py for tasks to queue
[2023-11-26T17:58:36.950+0000] {logging_mixin.py:154} INFO - [2023-11-26T17:58:36.950+0000] {dagbag.py:536} INFO - Filling up the DagBag from /home/airflow/.local/lib/python3.8/site-packages/airflow/example_dags/example_external_task_marker_dag.py
[2023-11-26T17:58:36.970+0000] {processor.py:839} INFO - DAG(s) dict_keys(['example_external_task_marker_parent', 'example_external_task_marker_child']) retrieved from /home/airflow/.local/lib/python3.8/site-packages/airflow/example_dags/example_external_task_marker_dag.py
[2023-11-26T17:58:37.057+0000] {logging_mixin.py:154} INFO - [2023-11-26T17:58:37.057+0000] {dag.py:2941} INFO - Sync 2 DAGs
[2023-11-26T17:58:37.099+0000] {logging_mixin.py:154} INFO - [2023-11-26T17:58:37.098+0000] {dag.py:3722} INFO - Setting next_dagrun for example_external_task_marker_child to None, run_after=None
[2023-11-26T17:58:37.114+0000] {logging_mixin.py:154} INFO - [2023-11-26T17:58:37.114+0000] {dag.py:3722} INFO - Setting next_dagrun for example_external_task_marker_parent to None, run_after=None
[2023-11-26T17:58:37.166+0000] {processor.py:179} INFO - Processing /home/airflow/.local/lib/python3.8/site-packages/airflow/example_dags/example_external_task_marker_dag.py took 0.230 seconds
[2023-11-26T17:59:13.352+0000] {processor.py:157} INFO - Started process (PID=1379) to work on /home/airflow/.local/lib/python3.8/site-packages/airflow/example_dags/example_external_task_marker_dag.py
[2023-11-26T17:59:13.360+0000] {processor.py:829} INFO - Processing file /home/airflow/.local/lib/python3.8/site-packages/airflow/example_dags/example_external_task_marker_dag.py for tasks to queue
[2023-11-26T17:59:13.366+0000] {logging_mixin.py:154} INFO - [2023-11-26T17:59:13.366+0000] {dagbag.py:536} INFO - Filling up the DagBag from /home/airflow/.local/lib/python3.8/site-packages/airflow/example_dags/example_external_task_marker_dag.py
[2023-11-26T17:59:13.387+0000] {processor.py:839} INFO - DAG(s) dict_keys(['example_external_task_marker_parent', 'example_external_task_marker_child']) retrieved from /home/airflow/.local/lib/python3.8/site-packages/airflow/example_dags/example_external_task_marker_dag.py
[2023-11-26T17:59:13.617+0000] {logging_mixin.py:154} INFO - [2023-11-26T17:59:13.616+0000] {dag.py:2941} INFO - Sync 2 DAGs
[2023-11-26T17:59:14.275+0000] {logging_mixin.py:154} INFO - [2023-11-26T17:59:14.274+0000] {dag.py:3722} INFO - Setting next_dagrun for example_external_task_marker_child to None, run_after=None
[2023-11-26T17:59:14.285+0000] {logging_mixin.py:154} INFO - [2023-11-26T17:59:14.285+0000] {dag.py:3722} INFO - Setting next_dagrun for example_external_task_marker_parent to None, run_after=None
[2023-11-26T17:59:14.360+0000] {processor.py:179} INFO - Processing /home/airflow/.local/lib/python3.8/site-packages/airflow/example_dags/example_external_task_marker_dag.py took 1.023 seconds
[2023-11-26T17:59:44.928+0000] {processor.py:157} INFO - Started process (PID=1433) to work on /home/airflow/.local/lib/python3.8/site-packages/airflow/example_dags/example_external_task_marker_dag.py
[2023-11-26T17:59:44.932+0000] {processor.py:829} INFO - Processing file /home/airflow/.local/lib/python3.8/site-packages/airflow/example_dags/example_external_task_marker_dag.py for tasks to queue
[2023-11-26T17:59:44.945+0000] {logging_mixin.py:154} INFO - [2023-11-26T17:59:44.939+0000] {dagbag.py:536} INFO - Filling up the DagBag from /home/airflow/.local/lib/python3.8/site-packages/airflow/example_dags/example_external_task_marker_dag.py
[2023-11-26T17:59:44.965+0000] {processor.py:839} INFO - DAG(s) dict_keys(['example_external_task_marker_parent', 'example_external_task_marker_child']) retrieved from /home/airflow/.local/lib/python3.8/site-packages/airflow/example_dags/example_external_task_marker_dag.py
[2023-11-26T17:59:45.035+0000] {logging_mixin.py:154} INFO - [2023-11-26T17:59:45.034+0000] {dag.py:2941} INFO - Sync 2 DAGs
[2023-11-26T17:59:45.101+0000] {logging_mixin.py:154} INFO - [2023-11-26T17:59:45.100+0000] {dag.py:3722} INFO - Setting next_dagrun for example_external_task_marker_child to None, run_after=None
[2023-11-26T17:59:45.498+0000] {logging_mixin.py:154} INFO - [2023-11-26T17:59:45.497+0000] {dag.py:3722} INFO - Setting next_dagrun for example_external_task_marker_parent to None, run_after=None
[2023-11-26T17:59:45.573+0000] {processor.py:179} INFO - Processing /home/airflow/.local/lib/python3.8/site-packages/airflow/example_dags/example_external_task_marker_dag.py took 0.653 seconds
[2023-11-26T18:00:17.691+0000] {processor.py:157} INFO - Started process (PID=1486) to work on /home/airflow/.local/lib/python3.8/site-packages/airflow/example_dags/example_external_task_marker_dag.py
[2023-11-26T18:00:17.695+0000] {processor.py:829} INFO - Processing file /home/airflow/.local/lib/python3.8/site-packages/airflow/example_dags/example_external_task_marker_dag.py for tasks to queue
[2023-11-26T18:00:17.711+0000] {logging_mixin.py:154} INFO - [2023-11-26T18:00:17.710+0000] {dagbag.py:536} INFO - Filling up the DagBag from /home/airflow/.local/lib/python3.8/site-packages/airflow/example_dags/example_external_task_marker_dag.py
[2023-11-26T18:00:17.754+0000] {processor.py:839} INFO - DAG(s) dict_keys(['example_external_task_marker_child', 'example_external_task_marker_parent']) retrieved from /home/airflow/.local/lib/python3.8/site-packages/airflow/example_dags/example_external_task_marker_dag.py
[2023-11-26T18:00:18.024+0000] {logging_mixin.py:154} INFO - [2023-11-26T18:00:18.016+0000] {dag.py:2941} INFO - Sync 2 DAGs
[2023-11-26T18:00:18.121+0000] {logging_mixin.py:154} INFO - [2023-11-26T18:00:18.121+0000] {dag.py:3722} INFO - Setting next_dagrun for example_external_task_marker_child to None, run_after=None
[2023-11-26T18:00:18.134+0000] {logging_mixin.py:154} INFO - [2023-11-26T18:00:18.133+0000] {dag.py:3722} INFO - Setting next_dagrun for example_external_task_marker_parent to None, run_after=None
[2023-11-26T18:00:18.212+0000] {processor.py:179} INFO - Processing /home/airflow/.local/lib/python3.8/site-packages/airflow/example_dags/example_external_task_marker_dag.py took 0.547 seconds
[2023-11-26T18:00:48.800+0000] {processor.py:157} INFO - Started process (PID=1540) to work on /home/airflow/.local/lib/python3.8/site-packages/airflow/example_dags/example_external_task_marker_dag.py
[2023-11-26T18:00:48.802+0000] {processor.py:829} INFO - Processing file /home/airflow/.local/lib/python3.8/site-packages/airflow/example_dags/example_external_task_marker_dag.py for tasks to queue
[2023-11-26T18:00:48.810+0000] {logging_mixin.py:154} INFO - [2023-11-26T18:00:48.809+0000] {dagbag.py:536} INFO - Filling up the DagBag from /home/airflow/.local/lib/python3.8/site-packages/airflow/example_dags/example_external_task_marker_dag.py
[2023-11-26T18:00:48.839+0000] {processor.py:839} INFO - DAG(s) dict_keys(['example_external_task_marker_child', 'example_external_task_marker_parent']) retrieved from /home/airflow/.local/lib/python3.8/site-packages/airflow/example_dags/example_external_task_marker_dag.py
[2023-11-26T18:00:49.008+0000] {logging_mixin.py:154} INFO - [2023-11-26T18:00:49.008+0000] {dag.py:2941} INFO - Sync 2 DAGs
[2023-11-26T18:00:49.122+0000] {logging_mixin.py:154} INFO - [2023-11-26T18:00:49.122+0000] {dag.py:3722} INFO - Setting next_dagrun for example_external_task_marker_child to None, run_after=None
[2023-11-26T18:00:49.158+0000] {logging_mixin.py:154} INFO - [2023-11-26T18:00:49.157+0000] {dag.py:3722} INFO - Setting next_dagrun for example_external_task_marker_parent to None, run_after=None
[2023-11-26T18:00:49.230+0000] {processor.py:179} INFO - Processing /home/airflow/.local/lib/python3.8/site-packages/airflow/example_dags/example_external_task_marker_dag.py took 0.495 seconds
[2023-11-26T18:01:19.717+0000] {processor.py:157} INFO - Started process (PID=1594) to work on /home/airflow/.local/lib/python3.8/site-packages/airflow/example_dags/example_external_task_marker_dag.py
[2023-11-26T18:01:19.719+0000] {processor.py:829} INFO - Processing file /home/airflow/.local/lib/python3.8/site-packages/airflow/example_dags/example_external_task_marker_dag.py for tasks to queue
[2023-11-26T18:01:19.725+0000] {logging_mixin.py:154} INFO - [2023-11-26T18:01:19.725+0000] {dagbag.py:536} INFO - Filling up the DagBag from /home/airflow/.local/lib/python3.8/site-packages/airflow/example_dags/example_external_task_marker_dag.py
[2023-11-26T18:01:19.741+0000] {processor.py:839} INFO - DAG(s) dict_keys(['example_external_task_marker_parent', 'example_external_task_marker_child']) retrieved from /home/airflow/.local/lib/python3.8/site-packages/airflow/example_dags/example_external_task_marker_dag.py
[2023-11-26T18:01:19.810+0000] {logging_mixin.py:154} INFO - [2023-11-26T18:01:19.810+0000] {dag.py:2941} INFO - Sync 2 DAGs
[2023-11-26T18:01:19.842+0000] {logging_mixin.py:154} INFO - [2023-11-26T18:01:19.841+0000] {dag.py:3722} INFO - Setting next_dagrun for example_external_task_marker_child to None, run_after=None
[2023-11-26T18:01:19.852+0000] {logging_mixin.py:154} INFO - [2023-11-26T18:01:19.850+0000] {dag.py:3722} INFO - Setting next_dagrun for example_external_task_marker_parent to None, run_after=None
[2023-11-26T18:01:19.894+0000] {processor.py:179} INFO - Processing /home/airflow/.local/lib/python3.8/site-packages/airflow/example_dags/example_external_task_marker_dag.py took 0.185 seconds
[2023-11-26T18:01:50.431+0000] {processor.py:157} INFO - Started process (PID=1646) to work on /home/airflow/.local/lib/python3.8/site-packages/airflow/example_dags/example_external_task_marker_dag.py
[2023-11-26T18:01:50.434+0000] {processor.py:829} INFO - Processing file /home/airflow/.local/lib/python3.8/site-packages/airflow/example_dags/example_external_task_marker_dag.py for tasks to queue
[2023-11-26T18:01:50.442+0000] {logging_mixin.py:154} INFO - [2023-11-26T18:01:50.441+0000] {dagbag.py:536} INFO - Filling up the DagBag from /home/airflow/.local/lib/python3.8/site-packages/airflow/example_dags/example_external_task_marker_dag.py
[2023-11-26T18:01:50.458+0000] {processor.py:839} INFO - DAG(s) dict_keys(['example_external_task_marker_child', 'example_external_task_marker_parent']) retrieved from /home/airflow/.local/lib/python3.8/site-packages/airflow/example_dags/example_external_task_marker_dag.py
[2023-11-26T18:01:50.527+0000] {logging_mixin.py:154} INFO - [2023-11-26T18:01:50.526+0000] {dag.py:2941} INFO - Sync 2 DAGs
[2023-11-26T18:01:50.564+0000] {logging_mixin.py:154} INFO - [2023-11-26T18:01:50.563+0000] {dag.py:3722} INFO - Setting next_dagrun for example_external_task_marker_child to None, run_after=None
[2023-11-26T18:01:50.574+0000] {logging_mixin.py:154} INFO - [2023-11-26T18:01:50.573+0000] {dag.py:3722} INFO - Setting next_dagrun for example_external_task_marker_parent to None, run_after=None
[2023-11-26T18:01:50.620+0000] {processor.py:179} INFO - Processing /home/airflow/.local/lib/python3.8/site-packages/airflow/example_dags/example_external_task_marker_dag.py took 0.197 seconds
[2023-11-26T18:02:20.958+0000] {processor.py:157} INFO - Started process (PID=1700) to work on /home/airflow/.local/lib/python3.8/site-packages/airflow/example_dags/example_external_task_marker_dag.py
[2023-11-26T18:02:20.961+0000] {processor.py:829} INFO - Processing file /home/airflow/.local/lib/python3.8/site-packages/airflow/example_dags/example_external_task_marker_dag.py for tasks to queue
[2023-11-26T18:02:20.968+0000] {logging_mixin.py:154} INFO - [2023-11-26T18:02:20.968+0000] {dagbag.py:536} INFO - Filling up the DagBag from /home/airflow/.local/lib/python3.8/site-packages/airflow/example_dags/example_external_task_marker_dag.py
[2023-11-26T18:02:21.007+0000] {processor.py:839} INFO - DAG(s) dict_keys(['example_external_task_marker_parent', 'example_external_task_marker_child']) retrieved from /home/airflow/.local/lib/python3.8/site-packages/airflow/example_dags/example_external_task_marker_dag.py
[2023-11-26T18:02:22.436+0000] {logging_mixin.py:154} INFO - [2023-11-26T18:02:22.435+0000] {dag.py:2941} INFO - Sync 2 DAGs
[2023-11-26T18:02:22.887+0000] {logging_mixin.py:154} INFO - [2023-11-26T18:02:22.885+0000] {dag.py:3722} INFO - Setting next_dagrun for example_external_task_marker_child to None, run_after=None
[2023-11-26T18:02:23.027+0000] {logging_mixin.py:154} INFO - [2023-11-26T18:02:23.027+0000] {dag.py:3722} INFO - Setting next_dagrun for example_external_task_marker_parent to None, run_after=None
[2023-11-26T18:02:23.176+0000] {processor.py:179} INFO - Processing /home/airflow/.local/lib/python3.8/site-packages/airflow/example_dags/example_external_task_marker_dag.py took 2.228 seconds
[2023-11-26T18:02:53.804+0000] {processor.py:157} INFO - Started process (PID=1754) to work on /home/airflow/.local/lib/python3.8/site-packages/airflow/example_dags/example_external_task_marker_dag.py
[2023-11-26T18:02:53.806+0000] {processor.py:829} INFO - Processing file /home/airflow/.local/lib/python3.8/site-packages/airflow/example_dags/example_external_task_marker_dag.py for tasks to queue
[2023-11-26T18:02:53.814+0000] {logging_mixin.py:154} INFO - [2023-11-26T18:02:53.813+0000] {dagbag.py:536} INFO - Filling up the DagBag from /home/airflow/.local/lib/python3.8/site-packages/airflow/example_dags/example_external_task_marker_dag.py
[2023-11-26T18:02:53.847+0000] {processor.py:839} INFO - DAG(s) dict_keys(['example_external_task_marker_parent', 'example_external_task_marker_child']) retrieved from /home/airflow/.local/lib/python3.8/site-packages/airflow/example_dags/example_external_task_marker_dag.py
[2023-11-26T18:02:53.961+0000] {logging_mixin.py:154} INFO - [2023-11-26T18:02:53.961+0000] {dag.py:2941} INFO - Sync 2 DAGs
[2023-11-26T18:02:54.037+0000] {logging_mixin.py:154} INFO - [2023-11-26T18:02:54.037+0000] {dag.py:3722} INFO - Setting next_dagrun for example_external_task_marker_child to None, run_after=None
[2023-11-26T18:02:54.052+0000] {logging_mixin.py:154} INFO - [2023-11-26T18:02:54.051+0000] {dag.py:3722} INFO - Setting next_dagrun for example_external_task_marker_parent to None, run_after=None
[2023-11-26T18:02:54.190+0000] {processor.py:179} INFO - Processing /home/airflow/.local/lib/python3.8/site-packages/airflow/example_dags/example_external_task_marker_dag.py took 0.407 seconds
[2023-11-26T18:03:24.437+0000] {processor.py:157} INFO - Started process (PID=1808) to work on /home/airflow/.local/lib/python3.8/site-packages/airflow/example_dags/example_external_task_marker_dag.py
[2023-11-26T18:03:24.439+0000] {processor.py:829} INFO - Processing file /home/airflow/.local/lib/python3.8/site-packages/airflow/example_dags/example_external_task_marker_dag.py for tasks to queue
[2023-11-26T18:03:24.446+0000] {logging_mixin.py:154} INFO - [2023-11-26T18:03:24.445+0000] {dagbag.py:536} INFO - Filling up the DagBag from /home/airflow/.local/lib/python3.8/site-packages/airflow/example_dags/example_external_task_marker_dag.py
[2023-11-26T18:03:24.471+0000] {processor.py:839} INFO - DAG(s) dict_keys(['example_external_task_marker_child', 'example_external_task_marker_parent']) retrieved from /home/airflow/.local/lib/python3.8/site-packages/airflow/example_dags/example_external_task_marker_dag.py
[2023-11-26T18:03:24.579+0000] {logging_mixin.py:154} INFO - [2023-11-26T18:03:24.579+0000] {dag.py:2941} INFO - Sync 2 DAGs
[2023-11-26T18:03:24.647+0000] {logging_mixin.py:154} INFO - [2023-11-26T18:03:24.646+0000] {dag.py:3722} INFO - Setting next_dagrun for example_external_task_marker_child to None, run_after=None
[2023-11-26T18:03:24.656+0000] {logging_mixin.py:154} INFO - [2023-11-26T18:03:24.655+0000] {dag.py:3722} INFO - Setting next_dagrun for example_external_task_marker_parent to None, run_after=None
[2023-11-26T18:03:24.709+0000] {processor.py:179} INFO - Processing /home/airflow/.local/lib/python3.8/site-packages/airflow/example_dags/example_external_task_marker_dag.py took 0.280 seconds
