[2023-11-26T17:42:19.209+0000] {processor.py:157} INFO - Started process (PID=73) to work on /home/airflow/.local/lib/python3.8/site-packages/airflow/example_dags/example_dag_decorator.py
[2023-11-26T17:42:19.211+0000] {processor.py:829} INFO - Processing file /home/airflow/.local/lib/python3.8/site-packages/airflow/example_dags/example_dag_decorator.py for tasks to queue
[2023-11-26T17:42:19.217+0000] {logging_mixin.py:154} INFO - [2023-11-26T17:42:19.216+0000] {dagbag.py:536} INFO - Filling up the DagBag from /home/airflow/.local/lib/python3.8/site-packages/airflow/example_dags/example_dag_decorator.py
[2023-11-26T17:42:20.017+0000] {processor.py:839} INFO - DAG(s) dict_keys(['example_dag_decorator']) retrieved from /home/airflow/.local/lib/python3.8/site-packages/airflow/example_dags/example_dag_decorator.py
[2023-11-26T17:42:22.454+0000] {logging_mixin.py:154} INFO - [2023-11-26T17:42:22.454+0000] {dag.py:2941} INFO - Sync 1 DAGs
[2023-11-26T17:42:29.041+0000] {logging_mixin.py:154} INFO - [2023-11-26T17:42:29.039+0000] {dag.py:3722} INFO - Setting next_dagrun for example_dag_decorator to None, run_after=None
[2023-11-26T17:42:29.282+0000] {processor.py:179} INFO - Processing /home/airflow/.local/lib/python3.8/site-packages/airflow/example_dags/example_dag_decorator.py took 10.093 seconds
[2023-11-26T17:46:14.537+0000] {processor.py:157} INFO - Started process (PID=75) to work on /home/airflow/.local/lib/python3.8/site-packages/airflow/example_dags/example_dag_decorator.py
[2023-11-26T17:46:14.542+0000] {processor.py:829} INFO - Processing file /home/airflow/.local/lib/python3.8/site-packages/airflow/example_dags/example_dag_decorator.py for tasks to queue
[2023-11-26T17:46:14.560+0000] {logging_mixin.py:154} INFO - [2023-11-26T17:46:14.559+0000] {dagbag.py:536} INFO - Filling up the DagBag from /home/airflow/.local/lib/python3.8/site-packages/airflow/example_dags/example_dag_decorator.py
[2023-11-26T17:46:16.298+0000] {processor.py:839} INFO - DAG(s) dict_keys(['example_dag_decorator']) retrieved from /home/airflow/.local/lib/python3.8/site-packages/airflow/example_dags/example_dag_decorator.py
[2023-11-26T17:46:17.941+0000] {logging_mixin.py:154} INFO - [2023-11-26T17:46:17.936+0000] {dag.py:2941} INFO - Sync 1 DAGs
[2023-11-26T17:46:20.364+0000] {logging_mixin.py:154} INFO - [2023-11-26T17:46:20.364+0000] {dag.py:3722} INFO - Setting next_dagrun for example_dag_decorator to None, run_after=None
[2023-11-26T17:46:20.574+0000] {processor.py:179} INFO - Processing /home/airflow/.local/lib/python3.8/site-packages/airflow/example_dags/example_dag_decorator.py took 6.030 seconds
[2023-11-26T17:46:51.202+0000] {processor.py:157} INFO - Started process (PID=131) to work on /home/airflow/.local/lib/python3.8/site-packages/airflow/example_dags/example_dag_decorator.py
[2023-11-26T17:46:51.206+0000] {processor.py:829} INFO - Processing file /home/airflow/.local/lib/python3.8/site-packages/airflow/example_dags/example_dag_decorator.py for tasks to queue
[2023-11-26T17:46:51.213+0000] {logging_mixin.py:154} INFO - [2023-11-26T17:46:51.212+0000] {dagbag.py:536} INFO - Filling up the DagBag from /home/airflow/.local/lib/python3.8/site-packages/airflow/example_dags/example_dag_decorator.py
[2023-11-26T17:46:51.543+0000] {processor.py:839} INFO - DAG(s) dict_keys(['example_dag_decorator']) retrieved from /home/airflow/.local/lib/python3.8/site-packages/airflow/example_dags/example_dag_decorator.py
[2023-11-26T17:46:51.949+0000] {logging_mixin.py:154} INFO - [2023-11-26T17:46:51.949+0000] {dag.py:2941} INFO - Sync 1 DAGs
[2023-11-26T17:46:51.978+0000] {logging_mixin.py:154} INFO - [2023-11-26T17:46:51.977+0000] {dag.py:3722} INFO - Setting next_dagrun for example_dag_decorator to None, run_after=None
[2023-11-26T17:46:52.988+0000] {processor.py:179} INFO - Processing /home/airflow/.local/lib/python3.8/site-packages/airflow/example_dags/example_dag_decorator.py took 1.795 seconds
[2023-11-26T17:47:23.454+0000] {processor.py:157} INFO - Started process (PID=185) to work on /home/airflow/.local/lib/python3.8/site-packages/airflow/example_dags/example_dag_decorator.py
[2023-11-26T17:47:23.457+0000] {processor.py:829} INFO - Processing file /home/airflow/.local/lib/python3.8/site-packages/airflow/example_dags/example_dag_decorator.py for tasks to queue
[2023-11-26T17:47:23.463+0000] {logging_mixin.py:154} INFO - [2023-11-26T17:47:23.463+0000] {dagbag.py:536} INFO - Filling up the DagBag from /home/airflow/.local/lib/python3.8/site-packages/airflow/example_dags/example_dag_decorator.py
[2023-11-26T17:47:23.668+0000] {processor.py:839} INFO - DAG(s) dict_keys(['example_dag_decorator']) retrieved from /home/airflow/.local/lib/python3.8/site-packages/airflow/example_dags/example_dag_decorator.py
[2023-11-26T17:47:23.930+0000] {logging_mixin.py:154} INFO - [2023-11-26T17:47:23.929+0000] {dag.py:2941} INFO - Sync 1 DAGs
[2023-11-26T17:47:23.952+0000] {logging_mixin.py:154} INFO - [2023-11-26T17:47:23.952+0000] {dag.py:3722} INFO - Setting next_dagrun for example_dag_decorator to None, run_after=None
[2023-11-26T17:47:23.994+0000] {processor.py:179} INFO - Processing /home/airflow/.local/lib/python3.8/site-packages/airflow/example_dags/example_dag_decorator.py took 0.548 seconds
[2023-11-26T17:47:54.976+0000] {processor.py:157} INFO - Started process (PID=241) to work on /home/airflow/.local/lib/python3.8/site-packages/airflow/example_dags/example_dag_decorator.py
[2023-11-26T17:47:54.980+0000] {processor.py:829} INFO - Processing file /home/airflow/.local/lib/python3.8/site-packages/airflow/example_dags/example_dag_decorator.py for tasks to queue
[2023-11-26T17:47:54.999+0000] {logging_mixin.py:154} INFO - [2023-11-26T17:47:54.998+0000] {dagbag.py:536} INFO - Filling up the DagBag from /home/airflow/.local/lib/python3.8/site-packages/airflow/example_dags/example_dag_decorator.py
[2023-11-26T17:47:55.500+0000] {processor.py:839} INFO - DAG(s) dict_keys(['example_dag_decorator']) retrieved from /home/airflow/.local/lib/python3.8/site-packages/airflow/example_dags/example_dag_decorator.py
[2023-11-26T17:47:56.264+0000] {logging_mixin.py:154} INFO - [2023-11-26T17:47:56.264+0000] {dag.py:2941} INFO - Sync 1 DAGs
[2023-11-26T17:47:56.307+0000] {logging_mixin.py:154} INFO - [2023-11-26T17:47:56.306+0000] {dag.py:3722} INFO - Setting next_dagrun for example_dag_decorator to None, run_after=None
[2023-11-26T17:47:56.392+0000] {processor.py:179} INFO - Processing /home/airflow/.local/lib/python3.8/site-packages/airflow/example_dags/example_dag_decorator.py took 1.432 seconds
[2023-11-26T17:48:27.252+0000] {processor.py:157} INFO - Started process (PID=301) to work on /home/airflow/.local/lib/python3.8/site-packages/airflow/example_dags/example_dag_decorator.py
[2023-11-26T17:48:27.257+0000] {processor.py:829} INFO - Processing file /home/airflow/.local/lib/python3.8/site-packages/airflow/example_dags/example_dag_decorator.py for tasks to queue
[2023-11-26T17:48:27.262+0000] {logging_mixin.py:154} INFO - [2023-11-26T17:48:27.261+0000] {dagbag.py:536} INFO - Filling up the DagBag from /home/airflow/.local/lib/python3.8/site-packages/airflow/example_dags/example_dag_decorator.py
[2023-11-26T17:48:27.456+0000] {processor.py:839} INFO - DAG(s) dict_keys(['example_dag_decorator']) retrieved from /home/airflow/.local/lib/python3.8/site-packages/airflow/example_dags/example_dag_decorator.py
[2023-11-26T17:48:28.039+0000] {logging_mixin.py:154} INFO - [2023-11-26T17:48:28.038+0000] {dag.py:2941} INFO - Sync 1 DAGs
[2023-11-26T17:48:28.061+0000] {logging_mixin.py:154} INFO - [2023-11-26T17:48:28.061+0000] {dag.py:3722} INFO - Setting next_dagrun for example_dag_decorator to None, run_after=None
[2023-11-26T17:48:28.104+0000] {processor.py:179} INFO - Processing /home/airflow/.local/lib/python3.8/site-packages/airflow/example_dags/example_dag_decorator.py took 0.859 seconds
[2023-11-26T17:48:58.397+0000] {processor.py:157} INFO - Started process (PID=357) to work on /home/airflow/.local/lib/python3.8/site-packages/airflow/example_dags/example_dag_decorator.py
[2023-11-26T17:48:58.400+0000] {processor.py:829} INFO - Processing file /home/airflow/.local/lib/python3.8/site-packages/airflow/example_dags/example_dag_decorator.py for tasks to queue
[2023-11-26T17:48:58.407+0000] {logging_mixin.py:154} INFO - [2023-11-26T17:48:58.407+0000] {dagbag.py:536} INFO - Filling up the DagBag from /home/airflow/.local/lib/python3.8/site-packages/airflow/example_dags/example_dag_decorator.py
[2023-11-26T17:48:58.778+0000] {processor.py:839} INFO - DAG(s) dict_keys(['example_dag_decorator']) retrieved from /home/airflow/.local/lib/python3.8/site-packages/airflow/example_dags/example_dag_decorator.py
[2023-11-26T17:49:00.752+0000] {logging_mixin.py:154} INFO - [2023-11-26T17:49:00.752+0000] {dag.py:2941} INFO - Sync 1 DAGs
[2023-11-26T17:49:00.824+0000] {logging_mixin.py:154} INFO - [2023-11-26T17:49:00.823+0000] {dag.py:3722} INFO - Setting next_dagrun for example_dag_decorator to None, run_after=None
[2023-11-26T17:49:01.075+0000] {processor.py:179} INFO - Processing /home/airflow/.local/lib/python3.8/site-packages/airflow/example_dags/example_dag_decorator.py took 2.686 seconds
[2023-11-26T17:49:31.738+0000] {processor.py:157} INFO - Started process (PID=413) to work on /home/airflow/.local/lib/python3.8/site-packages/airflow/example_dags/example_dag_decorator.py
[2023-11-26T17:49:31.741+0000] {processor.py:829} INFO - Processing file /home/airflow/.local/lib/python3.8/site-packages/airflow/example_dags/example_dag_decorator.py for tasks to queue
[2023-11-26T17:49:31.747+0000] {logging_mixin.py:154} INFO - [2023-11-26T17:49:31.747+0000] {dagbag.py:536} INFO - Filling up the DagBag from /home/airflow/.local/lib/python3.8/site-packages/airflow/example_dags/example_dag_decorator.py
[2023-11-26T17:49:31.974+0000] {processor.py:839} INFO - DAG(s) dict_keys(['example_dag_decorator']) retrieved from /home/airflow/.local/lib/python3.8/site-packages/airflow/example_dags/example_dag_decorator.py
[2023-11-26T17:49:32.554+0000] {logging_mixin.py:154} INFO - [2023-11-26T17:49:32.553+0000] {dag.py:2941} INFO - Sync 1 DAGs
[2023-11-26T17:49:32.594+0000] {logging_mixin.py:154} INFO - [2023-11-26T17:49:32.593+0000] {dag.py:3722} INFO - Setting next_dagrun for example_dag_decorator to None, run_after=None
[2023-11-26T17:49:32.653+0000] {processor.py:179} INFO - Processing /home/airflow/.local/lib/python3.8/site-packages/airflow/example_dags/example_dag_decorator.py took 0.922 seconds
[2023-11-26T17:50:02.772+0000] {processor.py:157} INFO - Started process (PID=468) to work on /home/airflow/.local/lib/python3.8/site-packages/airflow/example_dags/example_dag_decorator.py
[2023-11-26T17:50:02.775+0000] {processor.py:829} INFO - Processing file /home/airflow/.local/lib/python3.8/site-packages/airflow/example_dags/example_dag_decorator.py for tasks to queue
[2023-11-26T17:50:02.785+0000] {logging_mixin.py:154} INFO - [2023-11-26T17:50:02.784+0000] {dagbag.py:536} INFO - Filling up the DagBag from /home/airflow/.local/lib/python3.8/site-packages/airflow/example_dags/example_dag_decorator.py
[2023-11-26T17:50:03.038+0000] {processor.py:839} INFO - DAG(s) dict_keys(['example_dag_decorator']) retrieved from /home/airflow/.local/lib/python3.8/site-packages/airflow/example_dags/example_dag_decorator.py
[2023-11-26T17:50:03.675+0000] {logging_mixin.py:154} INFO - [2023-11-26T17:50:03.675+0000] {dag.py:2941} INFO - Sync 1 DAGs
[2023-11-26T17:50:03.698+0000] {logging_mixin.py:154} INFO - [2023-11-26T17:50:03.697+0000] {dag.py:3722} INFO - Setting next_dagrun for example_dag_decorator to None, run_after=None
[2023-11-26T17:50:03.746+0000] {processor.py:179} INFO - Processing /home/airflow/.local/lib/python3.8/site-packages/airflow/example_dags/example_dag_decorator.py took 0.987 seconds
[2023-11-26T17:50:33.963+0000] {processor.py:157} INFO - Started process (PID=523) to work on /home/airflow/.local/lib/python3.8/site-packages/airflow/example_dags/example_dag_decorator.py
[2023-11-26T17:50:33.966+0000] {processor.py:829} INFO - Processing file /home/airflow/.local/lib/python3.8/site-packages/airflow/example_dags/example_dag_decorator.py for tasks to queue
[2023-11-26T17:50:33.972+0000] {logging_mixin.py:154} INFO - [2023-11-26T17:50:33.971+0000] {dagbag.py:536} INFO - Filling up the DagBag from /home/airflow/.local/lib/python3.8/site-packages/airflow/example_dags/example_dag_decorator.py
[2023-11-26T17:50:34.198+0000] {processor.py:839} INFO - DAG(s) dict_keys(['example_dag_decorator']) retrieved from /home/airflow/.local/lib/python3.8/site-packages/airflow/example_dags/example_dag_decorator.py
[2023-11-26T17:50:34.827+0000] {logging_mixin.py:154} INFO - [2023-11-26T17:50:34.827+0000] {dag.py:2941} INFO - Sync 1 DAGs
[2023-11-26T17:50:34.859+0000] {logging_mixin.py:154} INFO - [2023-11-26T17:50:34.859+0000] {dag.py:3722} INFO - Setting next_dagrun for example_dag_decorator to None, run_after=None
[2023-11-26T17:50:34.917+0000] {processor.py:179} INFO - Processing /home/airflow/.local/lib/python3.8/site-packages/airflow/example_dags/example_dag_decorator.py took 0.964 seconds
[2023-11-26T17:51:05.618+0000] {processor.py:157} INFO - Started process (PID=577) to work on /home/airflow/.local/lib/python3.8/site-packages/airflow/example_dags/example_dag_decorator.py
[2023-11-26T17:51:05.620+0000] {processor.py:829} INFO - Processing file /home/airflow/.local/lib/python3.8/site-packages/airflow/example_dags/example_dag_decorator.py for tasks to queue
[2023-11-26T17:51:05.627+0000] {logging_mixin.py:154} INFO - [2023-11-26T17:51:05.626+0000] {dagbag.py:536} INFO - Filling up the DagBag from /home/airflow/.local/lib/python3.8/site-packages/airflow/example_dags/example_dag_decorator.py
[2023-11-26T17:51:06.030+0000] {processor.py:839} INFO - DAG(s) dict_keys(['example_dag_decorator']) retrieved from /home/airflow/.local/lib/python3.8/site-packages/airflow/example_dags/example_dag_decorator.py
[2023-11-26T17:51:07.560+0000] {logging_mixin.py:154} INFO - [2023-11-26T17:51:07.559+0000] {dag.py:2941} INFO - Sync 1 DAGs
[2023-11-26T17:51:07.590+0000] {logging_mixin.py:154} INFO - [2023-11-26T17:51:07.590+0000] {dag.py:3722} INFO - Setting next_dagrun for example_dag_decorator to None, run_after=None
[2023-11-26T17:51:07.636+0000] {processor.py:179} INFO - Processing /home/airflow/.local/lib/python3.8/site-packages/airflow/example_dags/example_dag_decorator.py took 2.026 seconds
[2023-11-26T17:51:38.502+0000] {processor.py:157} INFO - Started process (PID=629) to work on /home/airflow/.local/lib/python3.8/site-packages/airflow/example_dags/example_dag_decorator.py
[2023-11-26T17:51:38.507+0000] {processor.py:829} INFO - Processing file /home/airflow/.local/lib/python3.8/site-packages/airflow/example_dags/example_dag_decorator.py for tasks to queue
[2023-11-26T17:51:38.522+0000] {logging_mixin.py:154} INFO - [2023-11-26T17:51:38.519+0000] {dagbag.py:536} INFO - Filling up the DagBag from /home/airflow/.local/lib/python3.8/site-packages/airflow/example_dags/example_dag_decorator.py
[2023-11-26T17:51:39.190+0000] {processor.py:839} INFO - DAG(s) dict_keys(['example_dag_decorator']) retrieved from /home/airflow/.local/lib/python3.8/site-packages/airflow/example_dags/example_dag_decorator.py
[2023-11-26T17:51:44.103+0000] {logging_mixin.py:154} INFO - [2023-11-26T17:51:44.100+0000] {dag.py:2941} INFO - Sync 1 DAGs
[2023-11-26T17:51:44.145+0000] {logging_mixin.py:154} INFO - [2023-11-26T17:51:44.145+0000] {dag.py:3722} INFO - Setting next_dagrun for example_dag_decorator to None, run_after=None
[2023-11-26T17:51:44.240+0000] {processor.py:179} INFO - Processing /home/airflow/.local/lib/python3.8/site-packages/airflow/example_dags/example_dag_decorator.py took 5.748 seconds
[2023-11-26T17:52:14.929+0000] {processor.py:157} INFO - Started process (PID=682) to work on /home/airflow/.local/lib/python3.8/site-packages/airflow/example_dags/example_dag_decorator.py
[2023-11-26T17:52:14.936+0000] {processor.py:829} INFO - Processing file /home/airflow/.local/lib/python3.8/site-packages/airflow/example_dags/example_dag_decorator.py for tasks to queue
[2023-11-26T17:52:14.952+0000] {logging_mixin.py:154} INFO - [2023-11-26T17:52:14.951+0000] {dagbag.py:536} INFO - Filling up the DagBag from /home/airflow/.local/lib/python3.8/site-packages/airflow/example_dags/example_dag_decorator.py
[2023-11-26T17:52:15.374+0000] {processor.py:839} INFO - DAG(s) dict_keys(['example_dag_decorator']) retrieved from /home/airflow/.local/lib/python3.8/site-packages/airflow/example_dags/example_dag_decorator.py
[2023-11-26T17:52:16.782+0000] {logging_mixin.py:154} INFO - [2023-11-26T17:52:16.782+0000] {dag.py:2941} INFO - Sync 1 DAGs
[2023-11-26T17:52:16.850+0000] {logging_mixin.py:154} INFO - [2023-11-26T17:52:16.849+0000] {dag.py:3722} INFO - Setting next_dagrun for example_dag_decorator to None, run_after=None
[2023-11-26T17:52:16.980+0000] {processor.py:179} INFO - Processing /home/airflow/.local/lib/python3.8/site-packages/airflow/example_dags/example_dag_decorator.py took 2.070 seconds
[2023-11-26T17:52:48.030+0000] {processor.py:157} INFO - Started process (PID=736) to work on /home/airflow/.local/lib/python3.8/site-packages/airflow/example_dags/example_dag_decorator.py
[2023-11-26T17:52:48.033+0000] {processor.py:829} INFO - Processing file /home/airflow/.local/lib/python3.8/site-packages/airflow/example_dags/example_dag_decorator.py for tasks to queue
[2023-11-26T17:52:48.041+0000] {logging_mixin.py:154} INFO - [2023-11-26T17:52:48.039+0000] {dagbag.py:536} INFO - Filling up the DagBag from /home/airflow/.local/lib/python3.8/site-packages/airflow/example_dags/example_dag_decorator.py
[2023-11-26T17:52:48.317+0000] {processor.py:839} INFO - DAG(s) dict_keys(['example_dag_decorator']) retrieved from /home/airflow/.local/lib/python3.8/site-packages/airflow/example_dags/example_dag_decorator.py
[2023-11-26T17:52:49.295+0000] {logging_mixin.py:154} INFO - [2023-11-26T17:52:49.294+0000] {dag.py:2941} INFO - Sync 1 DAGs
[2023-11-26T17:52:49.363+0000] {logging_mixin.py:154} INFO - [2023-11-26T17:52:49.362+0000] {dag.py:3722} INFO - Setting next_dagrun for example_dag_decorator to None, run_after=None
[2023-11-26T17:52:49.419+0000] {processor.py:179} INFO - Processing /home/airflow/.local/lib/python3.8/site-packages/airflow/example_dags/example_dag_decorator.py took 1.396 seconds
[2023-11-26T17:53:19.814+0000] {processor.py:157} INFO - Started process (PID=791) to work on /home/airflow/.local/lib/python3.8/site-packages/airflow/example_dags/example_dag_decorator.py
[2023-11-26T17:53:19.818+0000] {processor.py:829} INFO - Processing file /home/airflow/.local/lib/python3.8/site-packages/airflow/example_dags/example_dag_decorator.py for tasks to queue
[2023-11-26T17:53:19.828+0000] {logging_mixin.py:154} INFO - [2023-11-26T17:53:19.826+0000] {dagbag.py:536} INFO - Filling up the DagBag from /home/airflow/.local/lib/python3.8/site-packages/airflow/example_dags/example_dag_decorator.py
[2023-11-26T17:53:20.382+0000] {processor.py:839} INFO - DAG(s) dict_keys(['example_dag_decorator']) retrieved from /home/airflow/.local/lib/python3.8/site-packages/airflow/example_dags/example_dag_decorator.py
[2023-11-26T17:53:21.757+0000] {logging_mixin.py:154} INFO - [2023-11-26T17:53:21.757+0000] {dag.py:2941} INFO - Sync 1 DAGs
[2023-11-26T17:53:21.825+0000] {logging_mixin.py:154} INFO - [2023-11-26T17:53:21.821+0000] {dag.py:3722} INFO - Setting next_dagrun for example_dag_decorator to None, run_after=None
[2023-11-26T17:53:21.982+0000] {processor.py:179} INFO - Processing /home/airflow/.local/lib/python3.8/site-packages/airflow/example_dags/example_dag_decorator.py took 2.235 seconds
[2023-11-26T17:53:52.460+0000] {processor.py:157} INFO - Started process (PID=850) to work on /home/airflow/.local/lib/python3.8/site-packages/airflow/example_dags/example_dag_decorator.py
[2023-11-26T17:53:52.462+0000] {processor.py:829} INFO - Processing file /home/airflow/.local/lib/python3.8/site-packages/airflow/example_dags/example_dag_decorator.py for tasks to queue
[2023-11-26T17:53:52.468+0000] {logging_mixin.py:154} INFO - [2023-11-26T17:53:52.467+0000] {dagbag.py:536} INFO - Filling up the DagBag from /home/airflow/.local/lib/python3.8/site-packages/airflow/example_dags/example_dag_decorator.py
[2023-11-26T17:53:52.670+0000] {processor.py:839} INFO - DAG(s) dict_keys(['example_dag_decorator']) retrieved from /home/airflow/.local/lib/python3.8/site-packages/airflow/example_dags/example_dag_decorator.py
[2023-11-26T17:53:53.194+0000] {logging_mixin.py:154} INFO - [2023-11-26T17:53:53.193+0000] {dag.py:2941} INFO - Sync 1 DAGs
[2023-11-26T17:53:53.214+0000] {logging_mixin.py:154} INFO - [2023-11-26T17:53:53.214+0000] {dag.py:3722} INFO - Setting next_dagrun for example_dag_decorator to None, run_after=None
[2023-11-26T17:53:53.250+0000] {processor.py:179} INFO - Processing /home/airflow/.local/lib/python3.8/site-packages/airflow/example_dags/example_dag_decorator.py took 0.797 seconds
[2023-11-26T17:54:29.893+0000] {processor.py:157} INFO - Started process (PID=909) to work on /home/airflow/.local/lib/python3.8/site-packages/airflow/example_dags/example_dag_decorator.py
[2023-11-26T17:54:29.957+0000] {processor.py:829} INFO - Processing file /home/airflow/.local/lib/python3.8/site-packages/airflow/example_dags/example_dag_decorator.py for tasks to queue
[2023-11-26T17:54:29.973+0000] {logging_mixin.py:154} INFO - [2023-11-26T17:54:29.972+0000] {dagbag.py:536} INFO - Filling up the DagBag from /home/airflow/.local/lib/python3.8/site-packages/airflow/example_dags/example_dag_decorator.py
[2023-11-26T17:54:31.211+0000] {processor.py:839} INFO - DAG(s) dict_keys(['example_dag_decorator']) retrieved from /home/airflow/.local/lib/python3.8/site-packages/airflow/example_dags/example_dag_decorator.py
[2023-11-26T17:54:34.815+0000] {logging_mixin.py:154} INFO - [2023-11-26T17:54:34.815+0000] {dag.py:2941} INFO - Sync 1 DAGs
[2023-11-26T17:54:34.846+0000] {logging_mixin.py:154} INFO - [2023-11-26T17:54:34.845+0000] {dag.py:3722} INFO - Setting next_dagrun for example_dag_decorator to None, run_after=None
[2023-11-26T17:54:34.910+0000] {processor.py:179} INFO - Processing /home/airflow/.local/lib/python3.8/site-packages/airflow/example_dags/example_dag_decorator.py took 5.048 seconds
[2023-11-26T17:55:05.580+0000] {processor.py:157} INFO - Started process (PID=971) to work on /home/airflow/.local/lib/python3.8/site-packages/airflow/example_dags/example_dag_decorator.py
[2023-11-26T17:55:05.585+0000] {processor.py:829} INFO - Processing file /home/airflow/.local/lib/python3.8/site-packages/airflow/example_dags/example_dag_decorator.py for tasks to queue
[2023-11-26T17:55:05.592+0000] {logging_mixin.py:154} INFO - [2023-11-26T17:55:05.591+0000] {dagbag.py:536} INFO - Filling up the DagBag from /home/airflow/.local/lib/python3.8/site-packages/airflow/example_dags/example_dag_decorator.py
[2023-11-26T17:55:05.820+0000] {processor.py:839} INFO - DAG(s) dict_keys(['example_dag_decorator']) retrieved from /home/airflow/.local/lib/python3.8/site-packages/airflow/example_dags/example_dag_decorator.py
[2023-11-26T17:55:07.119+0000] {logging_mixin.py:154} INFO - [2023-11-26T17:55:07.118+0000] {dag.py:2941} INFO - Sync 1 DAGs
[2023-11-26T17:55:07.197+0000] {logging_mixin.py:154} INFO - [2023-11-26T17:55:07.196+0000] {dag.py:3722} INFO - Setting next_dagrun for example_dag_decorator to None, run_after=None
[2023-11-26T17:55:07.253+0000] {processor.py:179} INFO - Processing /home/airflow/.local/lib/python3.8/site-packages/airflow/example_dags/example_dag_decorator.py took 1.681 seconds
[2023-11-26T17:55:37.369+0000] {processor.py:157} INFO - Started process (PID=1025) to work on /home/airflow/.local/lib/python3.8/site-packages/airflow/example_dags/example_dag_decorator.py
[2023-11-26T17:55:37.371+0000] {processor.py:829} INFO - Processing file /home/airflow/.local/lib/python3.8/site-packages/airflow/example_dags/example_dag_decorator.py for tasks to queue
[2023-11-26T17:55:37.378+0000] {logging_mixin.py:154} INFO - [2023-11-26T17:55:37.377+0000] {dagbag.py:536} INFO - Filling up the DagBag from /home/airflow/.local/lib/python3.8/site-packages/airflow/example_dags/example_dag_decorator.py
[2023-11-26T17:55:37.614+0000] {processor.py:839} INFO - DAG(s) dict_keys(['example_dag_decorator']) retrieved from /home/airflow/.local/lib/python3.8/site-packages/airflow/example_dags/example_dag_decorator.py
[2023-11-26T17:55:38.097+0000] {logging_mixin.py:154} INFO - [2023-11-26T17:55:38.097+0000] {dag.py:2941} INFO - Sync 1 DAGs
[2023-11-26T17:55:38.121+0000] {logging_mixin.py:154} INFO - [2023-11-26T17:55:38.121+0000] {dag.py:3722} INFO - Setting next_dagrun for example_dag_decorator to None, run_after=None
[2023-11-26T17:55:38.166+0000] {processor.py:179} INFO - Processing /home/airflow/.local/lib/python3.8/site-packages/airflow/example_dags/example_dag_decorator.py took 0.805 seconds
[2023-11-26T17:56:08.234+0000] {processor.py:157} INFO - Started process (PID=1079) to work on /home/airflow/.local/lib/python3.8/site-packages/airflow/example_dags/example_dag_decorator.py
[2023-11-26T17:56:08.237+0000] {processor.py:829} INFO - Processing file /home/airflow/.local/lib/python3.8/site-packages/airflow/example_dags/example_dag_decorator.py for tasks to queue
[2023-11-26T17:56:08.244+0000] {logging_mixin.py:154} INFO - [2023-11-26T17:56:08.243+0000] {dagbag.py:536} INFO - Filling up the DagBag from /home/airflow/.local/lib/python3.8/site-packages/airflow/example_dags/example_dag_decorator.py
[2023-11-26T17:56:08.497+0000] {processor.py:839} INFO - DAG(s) dict_keys(['example_dag_decorator']) retrieved from /home/airflow/.local/lib/python3.8/site-packages/airflow/example_dags/example_dag_decorator.py
[2023-11-26T17:56:09.275+0000] {logging_mixin.py:154} INFO - [2023-11-26T17:56:09.274+0000] {dag.py:2941} INFO - Sync 1 DAGs
[2023-11-26T17:56:09.320+0000] {logging_mixin.py:154} INFO - [2023-11-26T17:56:09.320+0000] {dag.py:3722} INFO - Setting next_dagrun for example_dag_decorator to None, run_after=None
[2023-11-26T17:56:09.419+0000] {processor.py:179} INFO - Processing /home/airflow/.local/lib/python3.8/site-packages/airflow/example_dags/example_dag_decorator.py took 1.195 seconds
[2023-11-26T17:56:39.590+0000] {processor.py:157} INFO - Started process (PID=1133) to work on /home/airflow/.local/lib/python3.8/site-packages/airflow/example_dags/example_dag_decorator.py
[2023-11-26T17:56:39.595+0000] {processor.py:829} INFO - Processing file /home/airflow/.local/lib/python3.8/site-packages/airflow/example_dags/example_dag_decorator.py for tasks to queue
[2023-11-26T17:56:39.602+0000] {logging_mixin.py:154} INFO - [2023-11-26T17:56:39.601+0000] {dagbag.py:536} INFO - Filling up the DagBag from /home/airflow/.local/lib/python3.8/site-packages/airflow/example_dags/example_dag_decorator.py
[2023-11-26T17:56:40.331+0000] {processor.py:839} INFO - DAG(s) dict_keys(['example_dag_decorator']) retrieved from /home/airflow/.local/lib/python3.8/site-packages/airflow/example_dags/example_dag_decorator.py
[2023-11-26T17:56:40.644+0000] {logging_mixin.py:154} INFO - [2023-11-26T17:56:40.644+0000] {dag.py:2941} INFO - Sync 1 DAGs
[2023-11-26T17:56:40.672+0000] {logging_mixin.py:154} INFO - [2023-11-26T17:56:40.672+0000] {dag.py:3722} INFO - Setting next_dagrun for example_dag_decorator to None, run_after=None
[2023-11-26T17:56:40.723+0000] {processor.py:179} INFO - Processing /home/airflow/.local/lib/python3.8/site-packages/airflow/example_dags/example_dag_decorator.py took 1.156 seconds
[2023-11-26T17:57:10.916+0000] {processor.py:157} INFO - Started process (PID=1188) to work on /home/airflow/.local/lib/python3.8/site-packages/airflow/example_dags/example_dag_decorator.py
[2023-11-26T17:57:10.922+0000] {processor.py:829} INFO - Processing file /home/airflow/.local/lib/python3.8/site-packages/airflow/example_dags/example_dag_decorator.py for tasks to queue
[2023-11-26T17:57:10.933+0000] {logging_mixin.py:154} INFO - [2023-11-26T17:57:10.932+0000] {dagbag.py:536} INFO - Filling up the DagBag from /home/airflow/.local/lib/python3.8/site-packages/airflow/example_dags/example_dag_decorator.py
[2023-11-26T17:57:11.253+0000] {processor.py:839} INFO - DAG(s) dict_keys(['example_dag_decorator']) retrieved from /home/airflow/.local/lib/python3.8/site-packages/airflow/example_dags/example_dag_decorator.py
[2023-11-26T17:57:12.002+0000] {logging_mixin.py:154} INFO - [2023-11-26T17:57:12.002+0000] {dag.py:2941} INFO - Sync 1 DAGs
[2023-11-26T17:57:12.040+0000] {logging_mixin.py:154} INFO - [2023-11-26T17:57:12.040+0000] {dag.py:3722} INFO - Setting next_dagrun for example_dag_decorator to None, run_after=None
[2023-11-26T17:57:12.091+0000] {processor.py:179} INFO - Processing /home/airflow/.local/lib/python3.8/site-packages/airflow/example_dags/example_dag_decorator.py took 1.186 seconds
[2023-11-26T17:58:00.763+0000] {processor.py:157} INFO - Started process (PID=1260) to work on /home/airflow/.local/lib/python3.8/site-packages/airflow/example_dags/example_dag_decorator.py
[2023-11-26T17:58:00.766+0000] {processor.py:829} INFO - Processing file /home/airflow/.local/lib/python3.8/site-packages/airflow/example_dags/example_dag_decorator.py for tasks to queue
[2023-11-26T17:58:00.771+0000] {logging_mixin.py:154} INFO - [2023-11-26T17:58:00.770+0000] {dagbag.py:536} INFO - Filling up the DagBag from /home/airflow/.local/lib/python3.8/site-packages/airflow/example_dags/example_dag_decorator.py
[2023-11-26T17:58:01.351+0000] {processor.py:839} INFO - DAG(s) dict_keys(['example_dag_decorator']) retrieved from /home/airflow/.local/lib/python3.8/site-packages/airflow/example_dags/example_dag_decorator.py
[2023-11-26T17:58:02.437+0000] {logging_mixin.py:154} INFO - [2023-11-26T17:58:02.437+0000] {dag.py:2941} INFO - Sync 1 DAGs
[2023-11-26T17:58:02.463+0000] {logging_mixin.py:154} INFO - [2023-11-26T17:58:02.463+0000] {dag.py:3722} INFO - Setting next_dagrun for example_dag_decorator to None, run_after=None
[2023-11-26T17:58:02.513+0000] {processor.py:179} INFO - Processing /home/airflow/.local/lib/python3.8/site-packages/airflow/example_dags/example_dag_decorator.py took 1.756 seconds
[2023-11-26T17:58:32.999+0000] {processor.py:157} INFO - Started process (PID=1314) to work on /home/airflow/.local/lib/python3.8/site-packages/airflow/example_dags/example_dag_decorator.py
[2023-11-26T17:58:33.001+0000] {processor.py:829} INFO - Processing file /home/airflow/.local/lib/python3.8/site-packages/airflow/example_dags/example_dag_decorator.py for tasks to queue
[2023-11-26T17:58:33.007+0000] {logging_mixin.py:154} INFO - [2023-11-26T17:58:33.006+0000] {dagbag.py:536} INFO - Filling up the DagBag from /home/airflow/.local/lib/python3.8/site-packages/airflow/example_dags/example_dag_decorator.py
[2023-11-26T17:58:33.169+0000] {processor.py:839} INFO - DAG(s) dict_keys(['example_dag_decorator']) retrieved from /home/airflow/.local/lib/python3.8/site-packages/airflow/example_dags/example_dag_decorator.py
[2023-11-26T17:58:35.776+0000] {logging_mixin.py:154} INFO - [2023-11-26T17:58:35.775+0000] {dag.py:2941} INFO - Sync 1 DAGs
[2023-11-26T17:58:35.887+0000] {logging_mixin.py:154} INFO - [2023-11-26T17:58:35.886+0000] {dag.py:3722} INFO - Setting next_dagrun for example_dag_decorator to None, run_after=None
[2023-11-26T17:58:35.945+0000] {processor.py:179} INFO - Processing /home/airflow/.local/lib/python3.8/site-packages/airflow/example_dags/example_dag_decorator.py took 2.952 seconds
[2023-11-26T17:59:07.127+0000] {processor.py:157} INFO - Started process (PID=1370) to work on /home/airflow/.local/lib/python3.8/site-packages/airflow/example_dags/example_dag_decorator.py
[2023-11-26T17:59:07.136+0000] {processor.py:829} INFO - Processing file /home/airflow/.local/lib/python3.8/site-packages/airflow/example_dags/example_dag_decorator.py for tasks to queue
[2023-11-26T17:59:07.148+0000] {logging_mixin.py:154} INFO - [2023-11-26T17:59:07.147+0000] {dagbag.py:536} INFO - Filling up the DagBag from /home/airflow/.local/lib/python3.8/site-packages/airflow/example_dags/example_dag_decorator.py
[2023-11-26T17:59:12.760+0000] {processor.py:839} INFO - DAG(s) dict_keys(['example_dag_decorator']) retrieved from /home/airflow/.local/lib/python3.8/site-packages/airflow/example_dags/example_dag_decorator.py
[2023-11-26T17:59:13.203+0000] {logging_mixin.py:154} INFO - [2023-11-26T17:59:13.202+0000] {dag.py:2941} INFO - Sync 1 DAGs
[2023-11-26T17:59:13.255+0000] {logging_mixin.py:154} INFO - [2023-11-26T17:59:13.255+0000] {dag.py:3722} INFO - Setting next_dagrun for example_dag_decorator to None, run_after=None
[2023-11-26T17:59:13.337+0000] {processor.py:179} INFO - Processing /home/airflow/.local/lib/python3.8/site-packages/airflow/example_dags/example_dag_decorator.py took 6.224 seconds
[2023-11-26T17:59:43.962+0000] {processor.py:157} INFO - Started process (PID=1432) to work on /home/airflow/.local/lib/python3.8/site-packages/airflow/example_dags/example_dag_decorator.py
[2023-11-26T17:59:43.965+0000] {processor.py:829} INFO - Processing file /home/airflow/.local/lib/python3.8/site-packages/airflow/example_dags/example_dag_decorator.py for tasks to queue
[2023-11-26T17:59:43.974+0000] {logging_mixin.py:154} INFO - [2023-11-26T17:59:43.973+0000] {dagbag.py:536} INFO - Filling up the DagBag from /home/airflow/.local/lib/python3.8/site-packages/airflow/example_dags/example_dag_decorator.py
[2023-11-26T17:59:44.886+0000] {processor.py:839} INFO - DAG(s) dict_keys(['example_dag_decorator']) retrieved from /home/airflow/.local/lib/python3.8/site-packages/airflow/example_dags/example_dag_decorator.py
[2023-11-26T17:59:45.249+0000] {logging_mixin.py:154} INFO - [2023-11-26T17:59:45.248+0000] {dag.py:2941} INFO - Sync 1 DAGs
[2023-11-26T17:59:45.283+0000] {logging_mixin.py:154} INFO - [2023-11-26T17:59:45.283+0000] {dag.py:3722} INFO - Setting next_dagrun for example_dag_decorator to None, run_after=None
[2023-11-26T17:59:45.368+0000] {processor.py:179} INFO - Processing /home/airflow/.local/lib/python3.8/site-packages/airflow/example_dags/example_dag_decorator.py took 1.430 seconds
[2023-11-26T18:00:16.545+0000] {processor.py:157} INFO - Started process (PID=1485) to work on /home/airflow/.local/lib/python3.8/site-packages/airflow/example_dags/example_dag_decorator.py
[2023-11-26T18:00:16.592+0000] {processor.py:829} INFO - Processing file /home/airflow/.local/lib/python3.8/site-packages/airflow/example_dags/example_dag_decorator.py for tasks to queue
[2023-11-26T18:00:16.600+0000] {logging_mixin.py:154} INFO - [2023-11-26T18:00:16.599+0000] {dagbag.py:536} INFO - Filling up the DagBag from /home/airflow/.local/lib/python3.8/site-packages/airflow/example_dags/example_dag_decorator.py
[2023-11-26T18:00:17.152+0000] {processor.py:839} INFO - DAG(s) dict_keys(['example_dag_decorator']) retrieved from /home/airflow/.local/lib/python3.8/site-packages/airflow/example_dags/example_dag_decorator.py
[2023-11-26T18:00:17.999+0000] {logging_mixin.py:154} INFO - [2023-11-26T18:00:17.998+0000] {dag.py:2941} INFO - Sync 1 DAGs
[2023-11-26T18:00:18.125+0000] {logging_mixin.py:154} INFO - [2023-11-26T18:00:18.125+0000] {dag.py:3722} INFO - Setting next_dagrun for example_dag_decorator to None, run_after=None
[2023-11-26T18:00:18.218+0000] {processor.py:179} INFO - Processing /home/airflow/.local/lib/python3.8/site-packages/airflow/example_dags/example_dag_decorator.py took 1.734 seconds
[2023-11-26T18:00:48.331+0000] {processor.py:157} INFO - Started process (PID=1539) to work on /home/airflow/.local/lib/python3.8/site-packages/airflow/example_dags/example_dag_decorator.py
[2023-11-26T18:00:48.333+0000] {processor.py:829} INFO - Processing file /home/airflow/.local/lib/python3.8/site-packages/airflow/example_dags/example_dag_decorator.py for tasks to queue
[2023-11-26T18:00:48.340+0000] {logging_mixin.py:154} INFO - [2023-11-26T18:00:48.340+0000] {dagbag.py:536} INFO - Filling up the DagBag from /home/airflow/.local/lib/python3.8/site-packages/airflow/example_dags/example_dag_decorator.py
[2023-11-26T18:00:48.823+0000] {processor.py:839} INFO - DAG(s) dict_keys(['example_dag_decorator']) retrieved from /home/airflow/.local/lib/python3.8/site-packages/airflow/example_dags/example_dag_decorator.py
[2023-11-26T18:00:49.444+0000] {logging_mixin.py:154} INFO - [2023-11-26T18:00:49.443+0000] {dag.py:2941} INFO - Sync 1 DAGs
[2023-11-26T18:00:49.487+0000] {logging_mixin.py:154} INFO - [2023-11-26T18:00:49.486+0000] {dag.py:3722} INFO - Setting next_dagrun for example_dag_decorator to None, run_after=None
[2023-11-26T18:00:49.578+0000] {processor.py:179} INFO - Processing /home/airflow/.local/lib/python3.8/site-packages/airflow/example_dags/example_dag_decorator.py took 1.254 seconds
[2023-11-26T18:01:19.705+0000] {processor.py:157} INFO - Started process (PID=1593) to work on /home/airflow/.local/lib/python3.8/site-packages/airflow/example_dags/example_dag_decorator.py
[2023-11-26T18:01:19.708+0000] {processor.py:829} INFO - Processing file /home/airflow/.local/lib/python3.8/site-packages/airflow/example_dags/example_dag_decorator.py for tasks to queue
[2023-11-26T18:01:19.713+0000] {logging_mixin.py:154} INFO - [2023-11-26T18:01:19.713+0000] {dagbag.py:536} INFO - Filling up the DagBag from /home/airflow/.local/lib/python3.8/site-packages/airflow/example_dags/example_dag_decorator.py
[2023-11-26T18:01:19.912+0000] {processor.py:839} INFO - DAG(s) dict_keys(['example_dag_decorator']) retrieved from /home/airflow/.local/lib/python3.8/site-packages/airflow/example_dags/example_dag_decorator.py
[2023-11-26T18:01:20.341+0000] {logging_mixin.py:154} INFO - [2023-11-26T18:01:20.341+0000] {dag.py:2941} INFO - Sync 1 DAGs
[2023-11-26T18:01:20.366+0000] {logging_mixin.py:154} INFO - [2023-11-26T18:01:20.366+0000] {dag.py:3722} INFO - Setting next_dagrun for example_dag_decorator to None, run_after=None
[2023-11-26T18:01:20.406+0000] {processor.py:179} INFO - Processing /home/airflow/.local/lib/python3.8/site-packages/airflow/example_dags/example_dag_decorator.py took 0.708 seconds
[2023-11-26T18:01:50.682+0000] {processor.py:157} INFO - Started process (PID=1648) to work on /home/airflow/.local/lib/python3.8/site-packages/airflow/example_dags/example_dag_decorator.py
[2023-11-26T18:01:50.684+0000] {processor.py:829} INFO - Processing file /home/airflow/.local/lib/python3.8/site-packages/airflow/example_dags/example_dag_decorator.py for tasks to queue
[2023-11-26T18:01:50.696+0000] {logging_mixin.py:154} INFO - [2023-11-26T18:01:50.696+0000] {dagbag.py:536} INFO - Filling up the DagBag from /home/airflow/.local/lib/python3.8/site-packages/airflow/example_dags/example_dag_decorator.py
[2023-11-26T18:01:50.882+0000] {processor.py:839} INFO - DAG(s) dict_keys(['example_dag_decorator']) retrieved from /home/airflow/.local/lib/python3.8/site-packages/airflow/example_dags/example_dag_decorator.py
[2023-11-26T18:01:51.147+0000] {logging_mixin.py:154} INFO - [2023-11-26T18:01:51.147+0000] {dag.py:2941} INFO - Sync 1 DAGs
[2023-11-26T18:01:51.180+0000] {logging_mixin.py:154} INFO - [2023-11-26T18:01:51.180+0000] {dag.py:3722} INFO - Setting next_dagrun for example_dag_decorator to None, run_after=None
[2023-11-26T18:01:51.224+0000] {processor.py:179} INFO - Processing /home/airflow/.local/lib/python3.8/site-packages/airflow/example_dags/example_dag_decorator.py took 0.550 seconds
[2023-11-26T18:02:23.362+0000] {processor.py:157} INFO - Started process (PID=1702) to work on /home/airflow/.local/lib/python3.8/site-packages/airflow/example_dags/example_dag_decorator.py
[2023-11-26T18:02:23.442+0000] {processor.py:829} INFO - Processing file /home/airflow/.local/lib/python3.8/site-packages/airflow/example_dags/example_dag_decorator.py for tasks to queue
[2023-11-26T18:02:23.565+0000] {logging_mixin.py:154} INFO - [2023-11-26T18:02:23.564+0000] {dagbag.py:536} INFO - Filling up the DagBag from /home/airflow/.local/lib/python3.8/site-packages/airflow/example_dags/example_dag_decorator.py
[2023-11-26T18:02:24.890+0000] {processor.py:839} INFO - DAG(s) dict_keys(['example_dag_decorator']) retrieved from /home/airflow/.local/lib/python3.8/site-packages/airflow/example_dags/example_dag_decorator.py
[2023-11-26T18:02:25.056+0000] {logging_mixin.py:154} INFO - [2023-11-26T18:02:25.056+0000] {dag.py:2941} INFO - Sync 1 DAGs
[2023-11-26T18:02:25.103+0000] {logging_mixin.py:154} INFO - [2023-11-26T18:02:25.102+0000] {dag.py:3722} INFO - Setting next_dagrun for example_dag_decorator to None, run_after=None
[2023-11-26T18:02:25.165+0000] {processor.py:179} INFO - Processing /home/airflow/.local/lib/python3.8/site-packages/airflow/example_dags/example_dag_decorator.py took 1.888 seconds
[2023-11-26T18:02:55.273+0000] {processor.py:157} INFO - Started process (PID=1756) to work on /home/airflow/.local/lib/python3.8/site-packages/airflow/example_dags/example_dag_decorator.py
[2023-11-26T18:02:55.276+0000] {processor.py:829} INFO - Processing file /home/airflow/.local/lib/python3.8/site-packages/airflow/example_dags/example_dag_decorator.py for tasks to queue
[2023-11-26T18:02:55.282+0000] {logging_mixin.py:154} INFO - [2023-11-26T18:02:55.282+0000] {dagbag.py:536} INFO - Filling up the DagBag from /home/airflow/.local/lib/python3.8/site-packages/airflow/example_dags/example_dag_decorator.py
[2023-11-26T18:02:55.496+0000] {processor.py:839} INFO - DAG(s) dict_keys(['example_dag_decorator']) retrieved from /home/airflow/.local/lib/python3.8/site-packages/airflow/example_dags/example_dag_decorator.py
[2023-11-26T18:02:56.085+0000] {logging_mixin.py:154} INFO - [2023-11-26T18:02:56.084+0000] {dag.py:2941} INFO - Sync 1 DAGs
[2023-11-26T18:02:56.113+0000] {logging_mixin.py:154} INFO - [2023-11-26T18:02:56.112+0000] {dag.py:3722} INFO - Setting next_dagrun for example_dag_decorator to None, run_after=None
[2023-11-26T18:02:56.157+0000] {processor.py:179} INFO - Processing /home/airflow/.local/lib/python3.8/site-packages/airflow/example_dags/example_dag_decorator.py took 0.908 seconds
[2023-11-26T18:03:26.210+0000] {processor.py:157} INFO - Started process (PID=1811) to work on /home/airflow/.local/lib/python3.8/site-packages/airflow/example_dags/example_dag_decorator.py
[2023-11-26T18:03:26.213+0000] {processor.py:829} INFO - Processing file /home/airflow/.local/lib/python3.8/site-packages/airflow/example_dags/example_dag_decorator.py for tasks to queue
[2023-11-26T18:03:26.220+0000] {logging_mixin.py:154} INFO - [2023-11-26T18:03:26.219+0000] {dagbag.py:536} INFO - Filling up the DagBag from /home/airflow/.local/lib/python3.8/site-packages/airflow/example_dags/example_dag_decorator.py
[2023-11-26T18:03:26.436+0000] {processor.py:839} INFO - DAG(s) dict_keys(['example_dag_decorator']) retrieved from /home/airflow/.local/lib/python3.8/site-packages/airflow/example_dags/example_dag_decorator.py
[2023-11-26T18:03:26.491+0000] {logging_mixin.py:154} INFO - [2023-11-26T18:03:26.491+0000] {dag.py:2941} INFO - Sync 1 DAGs
[2023-11-26T18:03:26.515+0000] {logging_mixin.py:154} INFO - [2023-11-26T18:03:26.514+0000] {dag.py:3722} INFO - Setting next_dagrun for example_dag_decorator to None, run_after=None
[2023-11-26T18:03:26.564+0000] {processor.py:179} INFO - Processing /home/airflow/.local/lib/python3.8/site-packages/airflow/example_dags/example_dag_decorator.py took 0.363 seconds
