[2023-11-26T17:42:09.758+0000] {processor.py:157} INFO - Started process (PID=49) to work on /home/airflow/.local/lib/python3.8/site-packages/airflow/example_dags/example_xcomargs.py
[2023-11-26T17:42:09.762+0000] {processor.py:829} INFO - Processing file /home/airflow/.local/lib/python3.8/site-packages/airflow/example_dags/example_xcomargs.py for tasks to queue
[2023-11-26T17:42:09.767+0000] {logging_mixin.py:154} INFO - [2023-11-26T17:42:09.767+0000] {dagbag.py:536} INFO - Filling up the DagBag from /home/airflow/.local/lib/python3.8/site-packages/airflow/example_dags/example_xcomargs.py
[2023-11-26T17:42:09.790+0000] {processor.py:839} INFO - DAG(s) dict_keys(['example_xcom_args', 'example_xcom_args_with_operators']) retrieved from /home/airflow/.local/lib/python3.8/site-packages/airflow/example_dags/example_xcomargs.py
[2023-11-26T17:42:09.971+0000] {logging_mixin.py:154} INFO - [2023-11-26T17:42:09.971+0000] {dag.py:2941} INFO - Sync 2 DAGs
[2023-11-26T17:42:10.018+0000] {logging_mixin.py:154} INFO - [2023-11-26T17:42:10.017+0000] {dag.py:3722} INFO - Setting next_dagrun for example_xcom_args to None, run_after=None
[2023-11-26T17:42:10.026+0000] {logging_mixin.py:154} INFO - [2023-11-26T17:42:10.026+0000] {dag.py:3722} INFO - Setting next_dagrun for example_xcom_args_with_operators to None, run_after=None
[2023-11-26T17:42:10.133+0000] {processor.py:179} INFO - Processing /home/airflow/.local/lib/python3.8/site-packages/airflow/example_dags/example_xcomargs.py took 0.385 seconds
[2023-11-26T17:43:14.253+0000] {processor.py:157} INFO - Started process (PID=109) to work on /home/airflow/.local/lib/python3.8/site-packages/airflow/example_dags/example_xcomargs.py
[2023-11-26T17:43:14.292+0000] {processor.py:829} INFO - Processing file /home/airflow/.local/lib/python3.8/site-packages/airflow/example_dags/example_xcomargs.py for tasks to queue
[2023-11-26T17:43:14.563+0000] {logging_mixin.py:154} INFO - [2023-11-26T17:43:14.557+0000] {dagbag.py:536} INFO - Filling up the DagBag from /home/airflow/.local/lib/python3.8/site-packages/airflow/example_dags/example_xcomargs.py
[2023-11-26T17:43:14.926+0000] {processor.py:839} INFO - DAG(s) dict_keys(['example_xcom_args_with_operators', 'example_xcom_args']) retrieved from /home/airflow/.local/lib/python3.8/site-packages/airflow/example_dags/example_xcomargs.py
[2023-11-26T17:43:16.422+0000] {logging_mixin.py:154} INFO - [2023-11-26T17:43:16.422+0000] {dag.py:2941} INFO - Sync 2 DAGs
[2023-11-26T17:43:17.277+0000] {logging_mixin.py:154} INFO - [2023-11-26T17:43:17.276+0000] {dag.py:3722} INFO - Setting next_dagrun for example_xcom_args to None, run_after=None
[2023-11-26T17:43:17.548+0000] {logging_mixin.py:154} INFO - [2023-11-26T17:43:17.548+0000] {dag.py:3722} INFO - Setting next_dagrun for example_xcom_args_with_operators to None, run_after=None
[2023-11-26T17:43:18.290+0000] {processor.py:179} INFO - Processing /home/airflow/.local/lib/python3.8/site-packages/airflow/example_dags/example_xcomargs.py took 4.039 seconds
[2023-11-26T17:46:07.756+0000] {processor.py:157} INFO - Started process (PID=57) to work on /home/airflow/.local/lib/python3.8/site-packages/airflow/example_dags/example_xcomargs.py
[2023-11-26T17:46:07.761+0000] {processor.py:829} INFO - Processing file /home/airflow/.local/lib/python3.8/site-packages/airflow/example_dags/example_xcomargs.py for tasks to queue
[2023-11-26T17:46:07.776+0000] {logging_mixin.py:154} INFO - [2023-11-26T17:46:07.771+0000] {dagbag.py:536} INFO - Filling up the DagBag from /home/airflow/.local/lib/python3.8/site-packages/airflow/example_dags/example_xcomargs.py
[2023-11-26T17:46:07.867+0000] {processor.py:839} INFO - DAG(s) dict_keys(['example_xcom_args', 'example_xcom_args_with_operators']) retrieved from /home/airflow/.local/lib/python3.8/site-packages/airflow/example_dags/example_xcomargs.py
[2023-11-26T17:46:08.021+0000] {logging_mixin.py:154} INFO - [2023-11-26T17:46:08.021+0000] {dag.py:2941} INFO - Sync 2 DAGs
[2023-11-26T17:46:08.091+0000] {logging_mixin.py:154} INFO - [2023-11-26T17:46:08.090+0000] {dag.py:3722} INFO - Setting next_dagrun for example_xcom_args to None, run_after=None
[2023-11-26T17:46:08.102+0000] {logging_mixin.py:154} INFO - [2023-11-26T17:46:08.102+0000] {dag.py:3722} INFO - Setting next_dagrun for example_xcom_args_with_operators to None, run_after=None
[2023-11-26T17:46:08.210+0000] {processor.py:179} INFO - Processing /home/airflow/.local/lib/python3.8/site-packages/airflow/example_dags/example_xcomargs.py took 0.466 seconds
[2023-11-26T17:46:44.049+0000] {processor.py:157} INFO - Started process (PID=111) to work on /home/airflow/.local/lib/python3.8/site-packages/airflow/example_dags/example_xcomargs.py
[2023-11-26T17:46:44.057+0000] {processor.py:829} INFO - Processing file /home/airflow/.local/lib/python3.8/site-packages/airflow/example_dags/example_xcomargs.py for tasks to queue
[2023-11-26T17:46:44.063+0000] {logging_mixin.py:154} INFO - [2023-11-26T17:46:44.063+0000] {dagbag.py:536} INFO - Filling up the DagBag from /home/airflow/.local/lib/python3.8/site-packages/airflow/example_dags/example_xcomargs.py
[2023-11-26T17:46:44.091+0000] {processor.py:839} INFO - DAG(s) dict_keys(['example_xcom_args', 'example_xcom_args_with_operators']) retrieved from /home/airflow/.local/lib/python3.8/site-packages/airflow/example_dags/example_xcomargs.py
[2023-11-26T17:46:44.244+0000] {logging_mixin.py:154} INFO - [2023-11-26T17:46:44.244+0000] {dag.py:2941} INFO - Sync 2 DAGs
[2023-11-26T17:46:44.298+0000] {logging_mixin.py:154} INFO - [2023-11-26T17:46:44.297+0000] {dag.py:3722} INFO - Setting next_dagrun for example_xcom_args to None, run_after=None
[2023-11-26T17:46:44.346+0000] {logging_mixin.py:154} INFO - [2023-11-26T17:46:44.346+0000] {dag.py:3722} INFO - Setting next_dagrun for example_xcom_args_with_operators to None, run_after=None
[2023-11-26T17:46:44.573+0000] {processor.py:179} INFO - Processing /home/airflow/.local/lib/python3.8/site-packages/airflow/example_dags/example_xcomargs.py took 0.533 seconds
[2023-11-26T17:47:14.818+0000] {processor.py:157} INFO - Started process (PID=164) to work on /home/airflow/.local/lib/python3.8/site-packages/airflow/example_dags/example_xcomargs.py
[2023-11-26T17:47:14.821+0000] {processor.py:829} INFO - Processing file /home/airflow/.local/lib/python3.8/site-packages/airflow/example_dags/example_xcomargs.py for tasks to queue
[2023-11-26T17:47:14.826+0000] {logging_mixin.py:154} INFO - [2023-11-26T17:47:14.826+0000] {dagbag.py:536} INFO - Filling up the DagBag from /home/airflow/.local/lib/python3.8/site-packages/airflow/example_dags/example_xcomargs.py
[2023-11-26T17:47:14.846+0000] {processor.py:839} INFO - DAG(s) dict_keys(['example_xcom_args', 'example_xcom_args_with_operators']) retrieved from /home/airflow/.local/lib/python3.8/site-packages/airflow/example_dags/example_xcomargs.py
[2023-11-26T17:47:14.912+0000] {logging_mixin.py:154} INFO - [2023-11-26T17:47:14.912+0000] {dag.py:2941} INFO - Sync 2 DAGs
[2023-11-26T17:47:14.956+0000] {logging_mixin.py:154} INFO - [2023-11-26T17:47:14.955+0000] {dag.py:3722} INFO - Setting next_dagrun for example_xcom_args to None, run_after=None
[2023-11-26T17:47:14.967+0000] {logging_mixin.py:154} INFO - [2023-11-26T17:47:14.967+0000] {dag.py:3722} INFO - Setting next_dagrun for example_xcom_args_with_operators to None, run_after=None
[2023-11-26T17:47:15.009+0000] {processor.py:179} INFO - Processing /home/airflow/.local/lib/python3.8/site-packages/airflow/example_dags/example_xcomargs.py took 0.197 seconds
[2023-11-26T17:47:45.854+0000] {processor.py:157} INFO - Started process (PID=217) to work on /home/airflow/.local/lib/python3.8/site-packages/airflow/example_dags/example_xcomargs.py
[2023-11-26T17:47:45.856+0000] {processor.py:829} INFO - Processing file /home/airflow/.local/lib/python3.8/site-packages/airflow/example_dags/example_xcomargs.py for tasks to queue
[2023-11-26T17:47:45.862+0000] {logging_mixin.py:154} INFO - [2023-11-26T17:47:45.862+0000] {dagbag.py:536} INFO - Filling up the DagBag from /home/airflow/.local/lib/python3.8/site-packages/airflow/example_dags/example_xcomargs.py
[2023-11-26T17:47:45.881+0000] {processor.py:839} INFO - DAG(s) dict_keys(['example_xcom_args', 'example_xcom_args_with_operators']) retrieved from /home/airflow/.local/lib/python3.8/site-packages/airflow/example_dags/example_xcomargs.py
[2023-11-26T17:47:45.943+0000] {logging_mixin.py:154} INFO - [2023-11-26T17:47:45.943+0000] {dag.py:2941} INFO - Sync 2 DAGs
[2023-11-26T17:47:45.981+0000] {logging_mixin.py:154} INFO - [2023-11-26T17:47:45.981+0000] {dag.py:3722} INFO - Setting next_dagrun for example_xcom_args to None, run_after=None
[2023-11-26T17:47:45.992+0000] {logging_mixin.py:154} INFO - [2023-11-26T17:47:45.991+0000] {dag.py:3722} INFO - Setting next_dagrun for example_xcom_args_with_operators to None, run_after=None
[2023-11-26T17:47:46.037+0000] {processor.py:179} INFO - Processing /home/airflow/.local/lib/python3.8/site-packages/airflow/example_dags/example_xcomargs.py took 0.190 seconds
[2023-11-26T17:48:16.624+0000] {processor.py:157} INFO - Started process (PID=270) to work on /home/airflow/.local/lib/python3.8/site-packages/airflow/example_dags/example_xcomargs.py
[2023-11-26T17:48:16.645+0000] {processor.py:829} INFO - Processing file /home/airflow/.local/lib/python3.8/site-packages/airflow/example_dags/example_xcomargs.py for tasks to queue
[2023-11-26T17:48:16.691+0000] {logging_mixin.py:154} INFO - [2023-11-26T17:48:16.668+0000] {dagbag.py:536} INFO - Filling up the DagBag from /home/airflow/.local/lib/python3.8/site-packages/airflow/example_dags/example_xcomargs.py
[2023-11-26T17:48:16.796+0000] {processor.py:839} INFO - DAG(s) dict_keys(['example_xcom_args', 'example_xcom_args_with_operators']) retrieved from /home/airflow/.local/lib/python3.8/site-packages/airflow/example_dags/example_xcomargs.py
[2023-11-26T17:48:16.953+0000] {logging_mixin.py:154} INFO - [2023-11-26T17:48:16.953+0000] {dag.py:2941} INFO - Sync 2 DAGs
[2023-11-26T17:48:16.999+0000] {logging_mixin.py:154} INFO - [2023-11-26T17:48:16.998+0000] {dag.py:3722} INFO - Setting next_dagrun for example_xcom_args to None, run_after=None
[2023-11-26T17:48:17.010+0000] {logging_mixin.py:154} INFO - [2023-11-26T17:48:17.010+0000] {dag.py:3722} INFO - Setting next_dagrun for example_xcom_args_with_operators to None, run_after=None
[2023-11-26T17:48:17.268+0000] {processor.py:179} INFO - Processing /home/airflow/.local/lib/python3.8/site-packages/airflow/example_dags/example_xcomargs.py took 0.654 seconds
[2023-11-26T17:48:47.479+0000] {processor.py:157} INFO - Started process (PID=324) to work on /home/airflow/.local/lib/python3.8/site-packages/airflow/example_dags/example_xcomargs.py
[2023-11-26T17:48:47.481+0000] {processor.py:829} INFO - Processing file /home/airflow/.local/lib/python3.8/site-packages/airflow/example_dags/example_xcomargs.py for tasks to queue
[2023-11-26T17:48:47.487+0000] {logging_mixin.py:154} INFO - [2023-11-26T17:48:47.487+0000] {dagbag.py:536} INFO - Filling up the DagBag from /home/airflow/.local/lib/python3.8/site-packages/airflow/example_dags/example_xcomargs.py
[2023-11-26T17:48:47.505+0000] {processor.py:839} INFO - DAG(s) dict_keys(['example_xcom_args', 'example_xcom_args_with_operators']) retrieved from /home/airflow/.local/lib/python3.8/site-packages/airflow/example_dags/example_xcomargs.py
[2023-11-26T17:48:47.556+0000] {logging_mixin.py:154} INFO - [2023-11-26T17:48:47.555+0000] {dag.py:2941} INFO - Sync 2 DAGs
[2023-11-26T17:48:47.585+0000] {logging_mixin.py:154} INFO - [2023-11-26T17:48:47.584+0000] {dag.py:3722} INFO - Setting next_dagrun for example_xcom_args to None, run_after=None
[2023-11-26T17:48:47.593+0000] {logging_mixin.py:154} INFO - [2023-11-26T17:48:47.593+0000] {dag.py:3722} INFO - Setting next_dagrun for example_xcom_args_with_operators to None, run_after=None
[2023-11-26T17:48:47.631+0000] {processor.py:179} INFO - Processing /home/airflow/.local/lib/python3.8/site-packages/airflow/example_dags/example_xcomargs.py took 0.158 seconds
[2023-11-26T17:49:18.252+0000] {processor.py:157} INFO - Started process (PID=377) to work on /home/airflow/.local/lib/python3.8/site-packages/airflow/example_dags/example_xcomargs.py
[2023-11-26T17:49:18.254+0000] {processor.py:829} INFO - Processing file /home/airflow/.local/lib/python3.8/site-packages/airflow/example_dags/example_xcomargs.py for tasks to queue
[2023-11-26T17:49:18.261+0000] {logging_mixin.py:154} INFO - [2023-11-26T17:49:18.261+0000] {dagbag.py:536} INFO - Filling up the DagBag from /home/airflow/.local/lib/python3.8/site-packages/airflow/example_dags/example_xcomargs.py
[2023-11-26T17:49:18.297+0000] {processor.py:839} INFO - DAG(s) dict_keys(['example_xcom_args_with_operators', 'example_xcom_args']) retrieved from /home/airflow/.local/lib/python3.8/site-packages/airflow/example_dags/example_xcomargs.py
[2023-11-26T17:49:18.423+0000] {logging_mixin.py:154} INFO - [2023-11-26T17:49:18.422+0000] {dag.py:2941} INFO - Sync 2 DAGs
[2023-11-26T17:49:18.683+0000] {logging_mixin.py:154} INFO - [2023-11-26T17:49:18.682+0000] {dag.py:3722} INFO - Setting next_dagrun for example_xcom_args to None, run_after=None
[2023-11-26T17:49:18.723+0000] {logging_mixin.py:154} INFO - [2023-11-26T17:49:18.722+0000] {dag.py:3722} INFO - Setting next_dagrun for example_xcom_args_with_operators to None, run_after=None
[2023-11-26T17:49:18.845+0000] {processor.py:179} INFO - Processing /home/airflow/.local/lib/python3.8/site-packages/airflow/example_dags/example_xcomargs.py took 0.603 seconds
[2023-11-26T17:49:50.326+0000] {processor.py:157} INFO - Started process (PID=430) to work on /home/airflow/.local/lib/python3.8/site-packages/airflow/example_dags/example_xcomargs.py
[2023-11-26T17:49:50.329+0000] {processor.py:829} INFO - Processing file /home/airflow/.local/lib/python3.8/site-packages/airflow/example_dags/example_xcomargs.py for tasks to queue
[2023-11-26T17:49:50.337+0000] {logging_mixin.py:154} INFO - [2023-11-26T17:49:50.337+0000] {dagbag.py:536} INFO - Filling up the DagBag from /home/airflow/.local/lib/python3.8/site-packages/airflow/example_dags/example_xcomargs.py
[2023-11-26T17:49:50.373+0000] {processor.py:839} INFO - DAG(s) dict_keys(['example_xcom_args_with_operators', 'example_xcom_args']) retrieved from /home/airflow/.local/lib/python3.8/site-packages/airflow/example_dags/example_xcomargs.py
[2023-11-26T17:49:50.484+0000] {logging_mixin.py:154} INFO - [2023-11-26T17:49:50.484+0000] {dag.py:2941} INFO - Sync 2 DAGs
[2023-11-26T17:49:50.530+0000] {logging_mixin.py:154} INFO - [2023-11-26T17:49:50.529+0000] {dag.py:3722} INFO - Setting next_dagrun for example_xcom_args to None, run_after=None
[2023-11-26T17:49:50.537+0000] {logging_mixin.py:154} INFO - [2023-11-26T17:49:50.537+0000] {dag.py:3722} INFO - Setting next_dagrun for example_xcom_args_with_operators to None, run_after=None
[2023-11-26T17:49:50.589+0000] {processor.py:179} INFO - Processing /home/airflow/.local/lib/python3.8/site-packages/airflow/example_dags/example_xcomargs.py took 0.272 seconds
[2023-11-26T17:50:20.956+0000] {processor.py:157} INFO - Started process (PID=484) to work on /home/airflow/.local/lib/python3.8/site-packages/airflow/example_dags/example_xcomargs.py
[2023-11-26T17:50:20.958+0000] {processor.py:829} INFO - Processing file /home/airflow/.local/lib/python3.8/site-packages/airflow/example_dags/example_xcomargs.py for tasks to queue
[2023-11-26T17:50:20.969+0000] {logging_mixin.py:154} INFO - [2023-11-26T17:50:20.968+0000] {dagbag.py:536} INFO - Filling up the DagBag from /home/airflow/.local/lib/python3.8/site-packages/airflow/example_dags/example_xcomargs.py
[2023-11-26T17:50:21.000+0000] {processor.py:839} INFO - DAG(s) dict_keys(['example_xcom_args_with_operators', 'example_xcom_args']) retrieved from /home/airflow/.local/lib/python3.8/site-packages/airflow/example_dags/example_xcomargs.py
[2023-11-26T17:50:21.094+0000] {logging_mixin.py:154} INFO - [2023-11-26T17:50:21.094+0000] {dag.py:2941} INFO - Sync 2 DAGs
[2023-11-26T17:50:21.140+0000] {logging_mixin.py:154} INFO - [2023-11-26T17:50:21.139+0000] {dag.py:3722} INFO - Setting next_dagrun for example_xcom_args to None, run_after=None
[2023-11-26T17:50:21.152+0000] {logging_mixin.py:154} INFO - [2023-11-26T17:50:21.151+0000] {dag.py:3722} INFO - Setting next_dagrun for example_xcom_args_with_operators to None, run_after=None
[2023-11-26T17:50:21.218+0000] {processor.py:179} INFO - Processing /home/airflow/.local/lib/python3.8/site-packages/airflow/example_dags/example_xcomargs.py took 0.271 seconds
[2023-11-26T17:50:52.264+0000] {processor.py:157} INFO - Started process (PID=538) to work on /home/airflow/.local/lib/python3.8/site-packages/airflow/example_dags/example_xcomargs.py
[2023-11-26T17:50:52.271+0000] {processor.py:829} INFO - Processing file /home/airflow/.local/lib/python3.8/site-packages/airflow/example_dags/example_xcomargs.py for tasks to queue
[2023-11-26T17:50:52.282+0000] {logging_mixin.py:154} INFO - [2023-11-26T17:50:52.281+0000] {dagbag.py:536} INFO - Filling up the DagBag from /home/airflow/.local/lib/python3.8/site-packages/airflow/example_dags/example_xcomargs.py
[2023-11-26T17:50:52.331+0000] {processor.py:839} INFO - DAG(s) dict_keys(['example_xcom_args', 'example_xcom_args_with_operators']) retrieved from /home/airflow/.local/lib/python3.8/site-packages/airflow/example_dags/example_xcomargs.py
[2023-11-26T17:50:52.489+0000] {logging_mixin.py:154} INFO - [2023-11-26T17:50:52.488+0000] {dag.py:2941} INFO - Sync 2 DAGs
[2023-11-26T17:50:52.568+0000] {logging_mixin.py:154} INFO - [2023-11-26T17:50:52.568+0000] {dag.py:3722} INFO - Setting next_dagrun for example_xcom_args to None, run_after=None
[2023-11-26T17:50:52.586+0000] {logging_mixin.py:154} INFO - [2023-11-26T17:50:52.585+0000] {dag.py:3722} INFO - Setting next_dagrun for example_xcom_args_with_operators to None, run_after=None
[2023-11-26T17:50:52.675+0000] {processor.py:179} INFO - Processing /home/airflow/.local/lib/python3.8/site-packages/airflow/example_dags/example_xcomargs.py took 0.422 seconds
[2023-11-26T17:51:23.525+0000] {processor.py:157} INFO - Started process (PID=592) to work on /home/airflow/.local/lib/python3.8/site-packages/airflow/example_dags/example_xcomargs.py
[2023-11-26T17:51:23.551+0000] {processor.py:829} INFO - Processing file /home/airflow/.local/lib/python3.8/site-packages/airflow/example_dags/example_xcomargs.py for tasks to queue
[2023-11-26T17:51:23.559+0000] {logging_mixin.py:154} INFO - [2023-11-26T17:51:23.559+0000] {dagbag.py:536} INFO - Filling up the DagBag from /home/airflow/.local/lib/python3.8/site-packages/airflow/example_dags/example_xcomargs.py
[2023-11-26T17:51:23.700+0000] {processor.py:839} INFO - DAG(s) dict_keys(['example_xcom_args_with_operators', 'example_xcom_args']) retrieved from /home/airflow/.local/lib/python3.8/site-packages/airflow/example_dags/example_xcomargs.py
[2023-11-26T17:51:24.001+0000] {logging_mixin.py:154} INFO - [2023-11-26T17:51:24.001+0000] {dag.py:2941} INFO - Sync 2 DAGs
[2023-11-26T17:51:24.133+0000] {logging_mixin.py:154} INFO - [2023-11-26T17:51:24.133+0000] {dag.py:3722} INFO - Setting next_dagrun for example_xcom_args to None, run_after=None
[2023-11-26T17:51:24.203+0000] {logging_mixin.py:154} INFO - [2023-11-26T17:51:24.202+0000] {dag.py:3722} INFO - Setting next_dagrun for example_xcom_args_with_operators to None, run_after=None
[2023-11-26T17:51:24.265+0000] {processor.py:179} INFO - Processing /home/airflow/.local/lib/python3.8/site-packages/airflow/example_dags/example_xcomargs.py took 0.749 seconds
[2023-11-26T17:51:54.681+0000] {processor.py:157} INFO - Started process (PID=645) to work on /home/airflow/.local/lib/python3.8/site-packages/airflow/example_dags/example_xcomargs.py
[2023-11-26T17:51:54.683+0000] {processor.py:829} INFO - Processing file /home/airflow/.local/lib/python3.8/site-packages/airflow/example_dags/example_xcomargs.py for tasks to queue
[2023-11-26T17:51:54.689+0000] {logging_mixin.py:154} INFO - [2023-11-26T17:51:54.689+0000] {dagbag.py:536} INFO - Filling up the DagBag from /home/airflow/.local/lib/python3.8/site-packages/airflow/example_dags/example_xcomargs.py
[2023-11-26T17:51:54.718+0000] {processor.py:839} INFO - DAG(s) dict_keys(['example_xcom_args_with_operators', 'example_xcom_args']) retrieved from /home/airflow/.local/lib/python3.8/site-packages/airflow/example_dags/example_xcomargs.py
[2023-11-26T17:51:54.802+0000] {logging_mixin.py:154} INFO - [2023-11-26T17:51:54.801+0000] {dag.py:2941} INFO - Sync 2 DAGs
[2023-11-26T17:51:54.843+0000] {logging_mixin.py:154} INFO - [2023-11-26T17:51:54.843+0000] {dag.py:3722} INFO - Setting next_dagrun for example_xcom_args to None, run_after=None
[2023-11-26T17:51:54.854+0000] {logging_mixin.py:154} INFO - [2023-11-26T17:51:54.853+0000] {dag.py:3722} INFO - Setting next_dagrun for example_xcom_args_with_operators to None, run_after=None
[2023-11-26T17:51:54.914+0000] {processor.py:179} INFO - Processing /home/airflow/.local/lib/python3.8/site-packages/airflow/example_dags/example_xcomargs.py took 0.240 seconds
[2023-11-26T17:52:25.377+0000] {processor.py:157} INFO - Started process (PID=699) to work on /home/airflow/.local/lib/python3.8/site-packages/airflow/example_dags/example_xcomargs.py
[2023-11-26T17:52:25.381+0000] {processor.py:829} INFO - Processing file /home/airflow/.local/lib/python3.8/site-packages/airflow/example_dags/example_xcomargs.py for tasks to queue
[2023-11-26T17:52:25.388+0000] {logging_mixin.py:154} INFO - [2023-11-26T17:52:25.387+0000] {dagbag.py:536} INFO - Filling up the DagBag from /home/airflow/.local/lib/python3.8/site-packages/airflow/example_dags/example_xcomargs.py
[2023-11-26T17:52:25.419+0000] {processor.py:839} INFO - DAG(s) dict_keys(['example_xcom_args', 'example_xcom_args_with_operators']) retrieved from /home/airflow/.local/lib/python3.8/site-packages/airflow/example_dags/example_xcomargs.py
[2023-11-26T17:52:25.518+0000] {logging_mixin.py:154} INFO - [2023-11-26T17:52:25.517+0000] {dag.py:2941} INFO - Sync 2 DAGs
[2023-11-26T17:52:25.570+0000] {logging_mixin.py:154} INFO - [2023-11-26T17:52:25.569+0000] {dag.py:3722} INFO - Setting next_dagrun for example_xcom_args to None, run_after=None
[2023-11-26T17:52:25.590+0000] {logging_mixin.py:154} INFO - [2023-11-26T17:52:25.589+0000] {dag.py:3722} INFO - Setting next_dagrun for example_xcom_args_with_operators to None, run_after=None
[2023-11-26T17:52:25.650+0000] {processor.py:179} INFO - Processing /home/airflow/.local/lib/python3.8/site-packages/airflow/example_dags/example_xcomargs.py took 0.287 seconds
[2023-11-26T17:52:55.920+0000] {processor.py:157} INFO - Started process (PID=753) to work on /home/airflow/.local/lib/python3.8/site-packages/airflow/example_dags/example_xcomargs.py
[2023-11-26T17:52:55.922+0000] {processor.py:829} INFO - Processing file /home/airflow/.local/lib/python3.8/site-packages/airflow/example_dags/example_xcomargs.py for tasks to queue
[2023-11-26T17:52:55.950+0000] {logging_mixin.py:154} INFO - [2023-11-26T17:52:55.950+0000] {dagbag.py:536} INFO - Filling up the DagBag from /home/airflow/.local/lib/python3.8/site-packages/airflow/example_dags/example_xcomargs.py
[2023-11-26T17:52:55.999+0000] {processor.py:839} INFO - DAG(s) dict_keys(['example_xcom_args_with_operators', 'example_xcom_args']) retrieved from /home/airflow/.local/lib/python3.8/site-packages/airflow/example_dags/example_xcomargs.py
[2023-11-26T17:52:56.097+0000] {logging_mixin.py:154} INFO - [2023-11-26T17:52:56.097+0000] {dag.py:2941} INFO - Sync 2 DAGs
[2023-11-26T17:52:56.128+0000] {logging_mixin.py:154} INFO - [2023-11-26T17:52:56.128+0000] {dag.py:3722} INFO - Setting next_dagrun for example_xcom_args to None, run_after=None
[2023-11-26T17:52:56.138+0000] {logging_mixin.py:154} INFO - [2023-11-26T17:52:56.137+0000] {dag.py:3722} INFO - Setting next_dagrun for example_xcom_args_with_operators to None, run_after=None
[2023-11-26T17:52:56.181+0000] {processor.py:179} INFO - Processing /home/airflow/.local/lib/python3.8/site-packages/airflow/example_dags/example_xcomargs.py took 0.270 seconds
[2023-11-26T17:53:27.555+0000] {processor.py:157} INFO - Started process (PID=807) to work on /home/airflow/.local/lib/python3.8/site-packages/airflow/example_dags/example_xcomargs.py
[2023-11-26T17:53:27.570+0000] {processor.py:829} INFO - Processing file /home/airflow/.local/lib/python3.8/site-packages/airflow/example_dags/example_xcomargs.py for tasks to queue
[2023-11-26T17:53:27.598+0000] {logging_mixin.py:154} INFO - [2023-11-26T17:53:27.597+0000] {dagbag.py:536} INFO - Filling up the DagBag from /home/airflow/.local/lib/python3.8/site-packages/airflow/example_dags/example_xcomargs.py
[2023-11-26T17:53:27.651+0000] {processor.py:839} INFO - DAG(s) dict_keys(['example_xcom_args_with_operators', 'example_xcom_args']) retrieved from /home/airflow/.local/lib/python3.8/site-packages/airflow/example_dags/example_xcomargs.py
[2023-11-26T17:53:28.384+0000] {logging_mixin.py:154} INFO - [2023-11-26T17:53:28.382+0000] {dag.py:2941} INFO - Sync 2 DAGs
[2023-11-26T17:53:28.621+0000] {logging_mixin.py:154} INFO - [2023-11-26T17:53:28.620+0000] {dag.py:3722} INFO - Setting next_dagrun for example_xcom_args to None, run_after=None
[2023-11-26T17:53:28.841+0000] {logging_mixin.py:154} INFO - [2023-11-26T17:53:28.837+0000] {dag.py:3722} INFO - Setting next_dagrun for example_xcom_args_with_operators to None, run_after=None
[2023-11-26T17:53:29.056+0000] {processor.py:179} INFO - Processing /home/airflow/.local/lib/python3.8/site-packages/airflow/example_dags/example_xcomargs.py took 1.515 seconds
[2023-11-26T17:53:59.313+0000] {processor.py:157} INFO - Started process (PID=861) to work on /home/airflow/.local/lib/python3.8/site-packages/airflow/example_dags/example_xcomargs.py
[2023-11-26T17:53:59.315+0000] {processor.py:829} INFO - Processing file /home/airflow/.local/lib/python3.8/site-packages/airflow/example_dags/example_xcomargs.py for tasks to queue
[2023-11-26T17:53:59.321+0000] {logging_mixin.py:154} INFO - [2023-11-26T17:53:59.320+0000] {dagbag.py:536} INFO - Filling up the DagBag from /home/airflow/.local/lib/python3.8/site-packages/airflow/example_dags/example_xcomargs.py
[2023-11-26T17:53:59.347+0000] {processor.py:839} INFO - DAG(s) dict_keys(['example_xcom_args', 'example_xcom_args_with_operators']) retrieved from /home/airflow/.local/lib/python3.8/site-packages/airflow/example_dags/example_xcomargs.py
[2023-11-26T17:53:59.413+0000] {logging_mixin.py:154} INFO - [2023-11-26T17:53:59.413+0000] {dag.py:2941} INFO - Sync 2 DAGs
[2023-11-26T17:53:59.449+0000] {logging_mixin.py:154} INFO - [2023-11-26T17:53:59.448+0000] {dag.py:3722} INFO - Setting next_dagrun for example_xcom_args to None, run_after=None
[2023-11-26T17:53:59.457+0000] {logging_mixin.py:154} INFO - [2023-11-26T17:53:59.457+0000] {dag.py:3722} INFO - Setting next_dagrun for example_xcom_args_with_operators to None, run_after=None
[2023-11-26T17:53:59.501+0000] {processor.py:179} INFO - Processing /home/airflow/.local/lib/python3.8/site-packages/airflow/example_dags/example_xcomargs.py took 0.195 seconds
[2023-11-26T17:54:37.374+0000] {processor.py:157} INFO - Started process (PID=922) to work on /home/airflow/.local/lib/python3.8/site-packages/airflow/example_dags/example_xcomargs.py
[2023-11-26T17:54:37.397+0000] {processor.py:829} INFO - Processing file /home/airflow/.local/lib/python3.8/site-packages/airflow/example_dags/example_xcomargs.py for tasks to queue
[2023-11-26T17:54:37.405+0000] {logging_mixin.py:154} INFO - [2023-11-26T17:54:37.404+0000] {dagbag.py:536} INFO - Filling up the DagBag from /home/airflow/.local/lib/python3.8/site-packages/airflow/example_dags/example_xcomargs.py
[2023-11-26T17:54:37.618+0000] {processor.py:839} INFO - DAG(s) dict_keys(['example_xcom_args_with_operators', 'example_xcom_args']) retrieved from /home/airflow/.local/lib/python3.8/site-packages/airflow/example_dags/example_xcomargs.py
[2023-11-26T17:54:37.821+0000] {logging_mixin.py:154} INFO - [2023-11-26T17:54:37.821+0000] {dag.py:2941} INFO - Sync 2 DAGs
[2023-11-26T17:54:37.868+0000] {logging_mixin.py:154} INFO - [2023-11-26T17:54:37.868+0000] {dag.py:3722} INFO - Setting next_dagrun for example_xcom_args to None, run_after=None
[2023-11-26T17:54:37.879+0000] {logging_mixin.py:154} INFO - [2023-11-26T17:54:37.878+0000] {dag.py:3722} INFO - Setting next_dagrun for example_xcom_args_with_operators to None, run_after=None
[2023-11-26T17:54:38.016+0000] {processor.py:179} INFO - Processing /home/airflow/.local/lib/python3.8/site-packages/airflow/example_dags/example_xcomargs.py took 0.713 seconds
[2023-11-26T17:55:08.778+0000] {processor.py:157} INFO - Started process (PID=977) to work on /home/airflow/.local/lib/python3.8/site-packages/airflow/example_dags/example_xcomargs.py
[2023-11-26T17:55:08.785+0000] {processor.py:829} INFO - Processing file /home/airflow/.local/lib/python3.8/site-packages/airflow/example_dags/example_xcomargs.py for tasks to queue
[2023-11-26T17:55:08.792+0000] {logging_mixin.py:154} INFO - [2023-11-26T17:55:08.790+0000] {dagbag.py:536} INFO - Filling up the DagBag from /home/airflow/.local/lib/python3.8/site-packages/airflow/example_dags/example_xcomargs.py
[2023-11-26T17:55:08.836+0000] {processor.py:839} INFO - DAG(s) dict_keys(['example_xcom_args_with_operators', 'example_xcom_args']) retrieved from /home/airflow/.local/lib/python3.8/site-packages/airflow/example_dags/example_xcomargs.py
[2023-11-26T17:55:08.938+0000] {logging_mixin.py:154} INFO - [2023-11-26T17:55:08.937+0000] {dag.py:2941} INFO - Sync 2 DAGs
[2023-11-26T17:55:08.997+0000] {logging_mixin.py:154} INFO - [2023-11-26T17:55:08.996+0000] {dag.py:3722} INFO - Setting next_dagrun for example_xcom_args to None, run_after=None
[2023-11-26T17:55:09.010+0000] {logging_mixin.py:154} INFO - [2023-11-26T17:55:09.009+0000] {dag.py:3722} INFO - Setting next_dagrun for example_xcom_args_with_operators to None, run_after=None
[2023-11-26T17:55:09.090+0000] {processor.py:179} INFO - Processing /home/airflow/.local/lib/python3.8/site-packages/airflow/example_dags/example_xcomargs.py took 0.321 seconds
[2023-11-26T17:55:39.463+0000] {processor.py:157} INFO - Started process (PID=1029) to work on /home/airflow/.local/lib/python3.8/site-packages/airflow/example_dags/example_xcomargs.py
[2023-11-26T17:55:39.466+0000] {processor.py:829} INFO - Processing file /home/airflow/.local/lib/python3.8/site-packages/airflow/example_dags/example_xcomargs.py for tasks to queue
[2023-11-26T17:55:39.472+0000] {logging_mixin.py:154} INFO - [2023-11-26T17:55:39.471+0000] {dagbag.py:536} INFO - Filling up the DagBag from /home/airflow/.local/lib/python3.8/site-packages/airflow/example_dags/example_xcomargs.py
[2023-11-26T17:55:39.494+0000] {processor.py:839} INFO - DAG(s) dict_keys(['example_xcom_args_with_operators', 'example_xcom_args']) retrieved from /home/airflow/.local/lib/python3.8/site-packages/airflow/example_dags/example_xcomargs.py
[2023-11-26T17:55:39.558+0000] {logging_mixin.py:154} INFO - [2023-11-26T17:55:39.558+0000] {dag.py:2941} INFO - Sync 2 DAGs
[2023-11-26T17:55:39.597+0000] {logging_mixin.py:154} INFO - [2023-11-26T17:55:39.596+0000] {dag.py:3722} INFO - Setting next_dagrun for example_xcom_args to None, run_after=None
[2023-11-26T17:55:39.606+0000] {logging_mixin.py:154} INFO - [2023-11-26T17:55:39.606+0000] {dag.py:3722} INFO - Setting next_dagrun for example_xcom_args_with_operators to None, run_after=None
[2023-11-26T17:55:39.657+0000] {processor.py:179} INFO - Processing /home/airflow/.local/lib/python3.8/site-packages/airflow/example_dags/example_xcomargs.py took 0.204 seconds
[2023-11-26T17:56:09.804+0000] {processor.py:157} INFO - Started process (PID=1083) to work on /home/airflow/.local/lib/python3.8/site-packages/airflow/example_dags/example_xcomargs.py
[2023-11-26T17:56:09.817+0000] {processor.py:829} INFO - Processing file /home/airflow/.local/lib/python3.8/site-packages/airflow/example_dags/example_xcomargs.py for tasks to queue
[2023-11-26T17:56:09.825+0000] {logging_mixin.py:154} INFO - [2023-11-26T17:56:09.824+0000] {dagbag.py:536} INFO - Filling up the DagBag from /home/airflow/.local/lib/python3.8/site-packages/airflow/example_dags/example_xcomargs.py
[2023-11-26T17:56:09.859+0000] {processor.py:839} INFO - DAG(s) dict_keys(['example_xcom_args_with_operators', 'example_xcom_args']) retrieved from /home/airflow/.local/lib/python3.8/site-packages/airflow/example_dags/example_xcomargs.py
[2023-11-26T17:56:09.944+0000] {logging_mixin.py:154} INFO - [2023-11-26T17:56:09.943+0000] {dag.py:2941} INFO - Sync 2 DAGs
[2023-11-26T17:56:10.001+0000] {logging_mixin.py:154} INFO - [2023-11-26T17:56:10.000+0000] {dag.py:3722} INFO - Setting next_dagrun for example_xcom_args to None, run_after=None
[2023-11-26T17:56:10.011+0000] {logging_mixin.py:154} INFO - [2023-11-26T17:56:10.010+0000] {dag.py:3722} INFO - Setting next_dagrun for example_xcom_args_with_operators to None, run_after=None
[2023-11-26T17:56:10.092+0000] {processor.py:179} INFO - Processing /home/airflow/.local/lib/python3.8/site-packages/airflow/example_dags/example_xcomargs.py took 0.297 seconds
[2023-11-26T17:56:41.490+0000] {processor.py:157} INFO - Started process (PID=1137) to work on /home/airflow/.local/lib/python3.8/site-packages/airflow/example_dags/example_xcomargs.py
[2023-11-26T17:56:41.492+0000] {processor.py:829} INFO - Processing file /home/airflow/.local/lib/python3.8/site-packages/airflow/example_dags/example_xcomargs.py for tasks to queue
[2023-11-26T17:56:41.503+0000] {logging_mixin.py:154} INFO - [2023-11-26T17:56:41.499+0000] {dagbag.py:536} INFO - Filling up the DagBag from /home/airflow/.local/lib/python3.8/site-packages/airflow/example_dags/example_xcomargs.py
[2023-11-26T17:56:41.558+0000] {processor.py:839} INFO - DAG(s) dict_keys(['example_xcom_args_with_operators', 'example_xcom_args']) retrieved from /home/airflow/.local/lib/python3.8/site-packages/airflow/example_dags/example_xcomargs.py
[2023-11-26T17:56:41.621+0000] {logging_mixin.py:154} INFO - [2023-11-26T17:56:41.621+0000] {dag.py:2941} INFO - Sync 2 DAGs
[2023-11-26T17:56:41.659+0000] {logging_mixin.py:154} INFO - [2023-11-26T17:56:41.659+0000] {dag.py:3722} INFO - Setting next_dagrun for example_xcom_args to None, run_after=None
[2023-11-26T17:56:41.670+0000] {logging_mixin.py:154} INFO - [2023-11-26T17:56:41.670+0000] {dag.py:3722} INFO - Setting next_dagrun for example_xcom_args_with_operators to None, run_after=None
[2023-11-26T17:56:41.720+0000] {processor.py:179} INFO - Processing /home/airflow/.local/lib/python3.8/site-packages/airflow/example_dags/example_xcomargs.py took 0.238 seconds
[2023-11-26T17:57:12.569+0000] {processor.py:157} INFO - Started process (PID=1192) to work on /home/airflow/.local/lib/python3.8/site-packages/airflow/example_dags/example_xcomargs.py
[2023-11-26T17:57:12.571+0000] {processor.py:829} INFO - Processing file /home/airflow/.local/lib/python3.8/site-packages/airflow/example_dags/example_xcomargs.py for tasks to queue
[2023-11-26T17:57:12.577+0000] {logging_mixin.py:154} INFO - [2023-11-26T17:57:12.576+0000] {dagbag.py:536} INFO - Filling up the DagBag from /home/airflow/.local/lib/python3.8/site-packages/airflow/example_dags/example_xcomargs.py
[2023-11-26T17:57:12.595+0000] {processor.py:839} INFO - DAG(s) dict_keys(['example_xcom_args', 'example_xcom_args_with_operators']) retrieved from /home/airflow/.local/lib/python3.8/site-packages/airflow/example_dags/example_xcomargs.py
[2023-11-26T17:57:12.644+0000] {logging_mixin.py:154} INFO - [2023-11-26T17:57:12.644+0000] {dag.py:2941} INFO - Sync 2 DAGs
[2023-11-26T17:57:12.672+0000] {logging_mixin.py:154} INFO - [2023-11-26T17:57:12.672+0000] {dag.py:3722} INFO - Setting next_dagrun for example_xcom_args to None, run_after=None
[2023-11-26T17:57:12.680+0000] {logging_mixin.py:154} INFO - [2023-11-26T17:57:12.680+0000] {dag.py:3722} INFO - Setting next_dagrun for example_xcom_args_with_operators to None, run_after=None
[2023-11-26T17:57:12.718+0000] {processor.py:179} INFO - Processing /home/airflow/.local/lib/python3.8/site-packages/airflow/example_dags/example_xcomargs.py took 0.156 seconds
[2023-11-26T17:57:53.887+0000] {processor.py:157} INFO - Started process (PID=1245) to work on /home/airflow/.local/lib/python3.8/site-packages/airflow/example_dags/example_xcomargs.py
[2023-11-26T17:57:53.913+0000] {processor.py:829} INFO - Processing file /home/airflow/.local/lib/python3.8/site-packages/airflow/example_dags/example_xcomargs.py for tasks to queue
[2023-11-26T17:57:53.928+0000] {logging_mixin.py:154} INFO - [2023-11-26T17:57:53.927+0000] {dagbag.py:536} INFO - Filling up the DagBag from /home/airflow/.local/lib/python3.8/site-packages/airflow/example_dags/example_xcomargs.py
[2023-11-26T17:57:54.225+0000] {processor.py:839} INFO - DAG(s) dict_keys(['example_xcom_args_with_operators', 'example_xcom_args']) retrieved from /home/airflow/.local/lib/python3.8/site-packages/airflow/example_dags/example_xcomargs.py
[2023-11-26T17:57:54.650+0000] {logging_mixin.py:154} INFO - [2023-11-26T17:57:54.610+0000] {dag.py:2941} INFO - Sync 2 DAGs
[2023-11-26T17:57:54.779+0000] {logging_mixin.py:154} INFO - [2023-11-26T17:57:54.779+0000] {dag.py:3722} INFO - Setting next_dagrun for example_xcom_args to None, run_after=None
[2023-11-26T17:57:54.828+0000] {logging_mixin.py:154} INFO - [2023-11-26T17:57:54.827+0000] {dag.py:3722} INFO - Setting next_dagrun for example_xcom_args_with_operators to None, run_after=None
[2023-11-26T17:57:55.077+0000] {processor.py:179} INFO - Processing /home/airflow/.local/lib/python3.8/site-packages/airflow/example_dags/example_xcomargs.py took 1.304 seconds
[2023-11-26T17:58:25.850+0000] {processor.py:157} INFO - Started process (PID=1299) to work on /home/airflow/.local/lib/python3.8/site-packages/airflow/example_dags/example_xcomargs.py
[2023-11-26T17:58:25.852+0000] {processor.py:829} INFO - Processing file /home/airflow/.local/lib/python3.8/site-packages/airflow/example_dags/example_xcomargs.py for tasks to queue
[2023-11-26T17:58:25.859+0000] {logging_mixin.py:154} INFO - [2023-11-26T17:58:25.858+0000] {dagbag.py:536} INFO - Filling up the DagBag from /home/airflow/.local/lib/python3.8/site-packages/airflow/example_dags/example_xcomargs.py
[2023-11-26T17:58:25.939+0000] {processor.py:839} INFO - DAG(s) dict_keys(['example_xcom_args_with_operators', 'example_xcom_args']) retrieved from /home/airflow/.local/lib/python3.8/site-packages/airflow/example_dags/example_xcomargs.py
[2023-11-26T17:58:26.159+0000] {logging_mixin.py:154} INFO - [2023-11-26T17:58:26.158+0000] {dag.py:2941} INFO - Sync 2 DAGs
[2023-11-26T17:58:27.265+0000] {logging_mixin.py:154} INFO - [2023-11-26T17:58:27.265+0000] {dag.py:3722} INFO - Setting next_dagrun for example_xcom_args to None, run_after=None
[2023-11-26T17:58:27.274+0000] {logging_mixin.py:154} INFO - [2023-11-26T17:58:27.274+0000] {dag.py:3722} INFO - Setting next_dagrun for example_xcom_args_with_operators to None, run_after=None
[2023-11-26T17:58:27.349+0000] {processor.py:179} INFO - Processing /home/airflow/.local/lib/python3.8/site-packages/airflow/example_dags/example_xcomargs.py took 1.510 seconds
[2023-11-26T17:58:57.498+0000] {processor.py:157} INFO - Started process (PID=1353) to work on /home/airflow/.local/lib/python3.8/site-packages/airflow/example_dags/example_xcomargs.py
[2023-11-26T17:58:57.501+0000] {processor.py:829} INFO - Processing file /home/airflow/.local/lib/python3.8/site-packages/airflow/example_dags/example_xcomargs.py for tasks to queue
[2023-11-26T17:58:57.506+0000] {logging_mixin.py:154} INFO - [2023-11-26T17:58:57.506+0000] {dagbag.py:536} INFO - Filling up the DagBag from /home/airflow/.local/lib/python3.8/site-packages/airflow/example_dags/example_xcomargs.py
[2023-11-26T17:58:57.527+0000] {processor.py:839} INFO - DAG(s) dict_keys(['example_xcom_args', 'example_xcom_args_with_operators']) retrieved from /home/airflow/.local/lib/python3.8/site-packages/airflow/example_dags/example_xcomargs.py
[2023-11-26T17:58:57.592+0000] {logging_mixin.py:154} INFO - [2023-11-26T17:58:57.592+0000] {dag.py:2941} INFO - Sync 2 DAGs
[2023-11-26T17:58:57.635+0000] {logging_mixin.py:154} INFO - [2023-11-26T17:58:57.635+0000] {dag.py:3722} INFO - Setting next_dagrun for example_xcom_args to None, run_after=None
[2023-11-26T17:58:57.650+0000] {logging_mixin.py:154} INFO - [2023-11-26T17:58:57.650+0000] {dag.py:3722} INFO - Setting next_dagrun for example_xcom_args_with_operators to None, run_after=None
[2023-11-26T17:58:57.948+0000] {processor.py:179} INFO - Processing /home/airflow/.local/lib/python3.8/site-packages/airflow/example_dags/example_xcomargs.py took 0.456 seconds
[2023-11-26T17:59:28.483+0000] {processor.py:157} INFO - Started process (PID=1407) to work on /home/airflow/.local/lib/python3.8/site-packages/airflow/example_dags/example_xcomargs.py
[2023-11-26T17:59:28.486+0000] {processor.py:829} INFO - Processing file /home/airflow/.local/lib/python3.8/site-packages/airflow/example_dags/example_xcomargs.py for tasks to queue
[2023-11-26T17:59:28.498+0000] {logging_mixin.py:154} INFO - [2023-11-26T17:59:28.497+0000] {dagbag.py:536} INFO - Filling up the DagBag from /home/airflow/.local/lib/python3.8/site-packages/airflow/example_dags/example_xcomargs.py
[2023-11-26T17:59:28.520+0000] {processor.py:839} INFO - DAG(s) dict_keys(['example_xcom_args_with_operators', 'example_xcom_args']) retrieved from /home/airflow/.local/lib/python3.8/site-packages/airflow/example_dags/example_xcomargs.py
[2023-11-26T17:59:28.675+0000] {logging_mixin.py:154} INFO - [2023-11-26T17:59:28.675+0000] {dag.py:2941} INFO - Sync 2 DAGs
[2023-11-26T17:59:28.774+0000] {logging_mixin.py:154} INFO - [2023-11-26T17:59:28.773+0000] {dag.py:3722} INFO - Setting next_dagrun for example_xcom_args to None, run_after=None
[2023-11-26T17:59:28.789+0000] {logging_mixin.py:154} INFO - [2023-11-26T17:59:28.788+0000] {dag.py:3722} INFO - Setting next_dagrun for example_xcom_args_with_operators to None, run_after=None
[2023-11-26T17:59:28.842+0000] {processor.py:179} INFO - Processing /home/airflow/.local/lib/python3.8/site-packages/airflow/example_dags/example_xcomargs.py took 0.385 seconds
[2023-11-26T17:59:59.631+0000] {processor.py:157} INFO - Started process (PID=1461) to work on /home/airflow/.local/lib/python3.8/site-packages/airflow/example_dags/example_xcomargs.py
[2023-11-26T17:59:59.638+0000] {processor.py:829} INFO - Processing file /home/airflow/.local/lib/python3.8/site-packages/airflow/example_dags/example_xcomargs.py for tasks to queue
[2023-11-26T17:59:59.730+0000] {logging_mixin.py:154} INFO - [2023-11-26T17:59:59.728+0000] {dagbag.py:536} INFO - Filling up the DagBag from /home/airflow/.local/lib/python3.8/site-packages/airflow/example_dags/example_xcomargs.py
[2023-11-26T17:59:59.811+0000] {processor.py:839} INFO - DAG(s) dict_keys(['example_xcom_args', 'example_xcom_args_with_operators']) retrieved from /home/airflow/.local/lib/python3.8/site-packages/airflow/example_dags/example_xcomargs.py
[2023-11-26T18:00:00.701+0000] {logging_mixin.py:154} INFO - [2023-11-26T18:00:00.700+0000] {dag.py:2941} INFO - Sync 2 DAGs
[2023-11-26T18:00:00.732+0000] {logging_mixin.py:154} INFO - [2023-11-26T18:00:00.732+0000] {dag.py:3722} INFO - Setting next_dagrun for example_xcom_args to None, run_after=None
[2023-11-26T18:00:00.748+0000] {logging_mixin.py:154} INFO - [2023-11-26T18:00:00.747+0000] {dag.py:3722} INFO - Setting next_dagrun for example_xcom_args_with_operators to None, run_after=None
[2023-11-26T18:00:00.790+0000] {processor.py:179} INFO - Processing /home/airflow/.local/lib/python3.8/site-packages/airflow/example_dags/example_xcomargs.py took 1.175 seconds
[2023-11-26T18:00:30.986+0000] {processor.py:157} INFO - Started process (PID=1514) to work on /home/airflow/.local/lib/python3.8/site-packages/airflow/example_dags/example_xcomargs.py
[2023-11-26T18:00:30.988+0000] {processor.py:829} INFO - Processing file /home/airflow/.local/lib/python3.8/site-packages/airflow/example_dags/example_xcomargs.py for tasks to queue
[2023-11-26T18:00:30.994+0000] {logging_mixin.py:154} INFO - [2023-11-26T18:00:30.994+0000] {dagbag.py:536} INFO - Filling up the DagBag from /home/airflow/.local/lib/python3.8/site-packages/airflow/example_dags/example_xcomargs.py
[2023-11-26T18:00:31.015+0000] {processor.py:839} INFO - DAG(s) dict_keys(['example_xcom_args_with_operators', 'example_xcom_args']) retrieved from /home/airflow/.local/lib/python3.8/site-packages/airflow/example_dags/example_xcomargs.py
[2023-11-26T18:00:31.493+0000] {logging_mixin.py:154} INFO - [2023-11-26T18:00:31.482+0000] {dag.py:2941} INFO - Sync 2 DAGs
[2023-11-26T18:00:31.605+0000] {logging_mixin.py:154} INFO - [2023-11-26T18:00:31.605+0000] {dag.py:3722} INFO - Setting next_dagrun for example_xcom_args to None, run_after=None
[2023-11-26T18:00:31.698+0000] {logging_mixin.py:154} INFO - [2023-11-26T18:00:31.697+0000] {dag.py:3722} INFO - Setting next_dagrun for example_xcom_args_with_operators to None, run_after=None
[2023-11-26T18:00:31.794+0000] {processor.py:179} INFO - Processing /home/airflow/.local/lib/python3.8/site-packages/airflow/example_dags/example_xcomargs.py took 0.815 seconds
[2023-11-26T18:01:02.015+0000] {processor.py:157} INFO - Started process (PID=1568) to work on /home/airflow/.local/lib/python3.8/site-packages/airflow/example_dags/example_xcomargs.py
[2023-11-26T18:01:02.021+0000] {processor.py:829} INFO - Processing file /home/airflow/.local/lib/python3.8/site-packages/airflow/example_dags/example_xcomargs.py for tasks to queue
[2023-11-26T18:01:02.028+0000] {logging_mixin.py:154} INFO - [2023-11-26T18:01:02.027+0000] {dagbag.py:536} INFO - Filling up the DagBag from /home/airflow/.local/lib/python3.8/site-packages/airflow/example_dags/example_xcomargs.py
[2023-11-26T18:01:02.082+0000] {processor.py:839} INFO - DAG(s) dict_keys(['example_xcom_args_with_operators', 'example_xcom_args']) retrieved from /home/airflow/.local/lib/python3.8/site-packages/airflow/example_dags/example_xcomargs.py
[2023-11-26T18:01:02.173+0000] {logging_mixin.py:154} INFO - [2023-11-26T18:01:02.173+0000] {dag.py:2941} INFO - Sync 2 DAGs
[2023-11-26T18:01:02.228+0000] {logging_mixin.py:154} INFO - [2023-11-26T18:01:02.227+0000] {dag.py:3722} INFO - Setting next_dagrun for example_xcom_args to None, run_after=None
[2023-11-26T18:01:02.241+0000] {logging_mixin.py:154} INFO - [2023-11-26T18:01:02.241+0000] {dag.py:3722} INFO - Setting next_dagrun for example_xcom_args_with_operators to None, run_after=None
[2023-11-26T18:01:02.348+0000] {processor.py:179} INFO - Processing /home/airflow/.local/lib/python3.8/site-packages/airflow/example_dags/example_xcomargs.py took 0.349 seconds
[2023-11-26T18:01:33.278+0000] {processor.py:157} INFO - Started process (PID=1622) to work on /home/airflow/.local/lib/python3.8/site-packages/airflow/example_dags/example_xcomargs.py
[2023-11-26T18:01:33.291+0000] {processor.py:829} INFO - Processing file /home/airflow/.local/lib/python3.8/site-packages/airflow/example_dags/example_xcomargs.py for tasks to queue
[2023-11-26T18:01:33.312+0000] {logging_mixin.py:154} INFO - [2023-11-26T18:01:33.312+0000] {dagbag.py:536} INFO - Filling up the DagBag from /home/airflow/.local/lib/python3.8/site-packages/airflow/example_dags/example_xcomargs.py
[2023-11-26T18:01:33.350+0000] {processor.py:839} INFO - DAG(s) dict_keys(['example_xcom_args_with_operators', 'example_xcom_args']) retrieved from /home/airflow/.local/lib/python3.8/site-packages/airflow/example_dags/example_xcomargs.py
[2023-11-26T18:01:33.422+0000] {logging_mixin.py:154} INFO - [2023-11-26T18:01:33.421+0000] {dag.py:2941} INFO - Sync 2 DAGs
[2023-11-26T18:01:33.462+0000] {logging_mixin.py:154} INFO - [2023-11-26T18:01:33.462+0000] {dag.py:3722} INFO - Setting next_dagrun for example_xcom_args to None, run_after=None
[2023-11-26T18:01:33.472+0000] {logging_mixin.py:154} INFO - [2023-11-26T18:01:33.471+0000] {dag.py:3722} INFO - Setting next_dagrun for example_xcom_args_with_operators to None, run_after=None
[2023-11-26T18:01:33.546+0000] {processor.py:179} INFO - Processing /home/airflow/.local/lib/python3.8/site-packages/airflow/example_dags/example_xcomargs.py took 0.298 seconds
[2023-11-26T18:02:03.671+0000] {processor.py:157} INFO - Started process (PID=1675) to work on /home/airflow/.local/lib/python3.8/site-packages/airflow/example_dags/example_xcomargs.py
[2023-11-26T18:02:03.674+0000] {processor.py:829} INFO - Processing file /home/airflow/.local/lib/python3.8/site-packages/airflow/example_dags/example_xcomargs.py for tasks to queue
[2023-11-26T18:02:03.680+0000] {logging_mixin.py:154} INFO - [2023-11-26T18:02:03.679+0000] {dagbag.py:536} INFO - Filling up the DagBag from /home/airflow/.local/lib/python3.8/site-packages/airflow/example_dags/example_xcomargs.py
[2023-11-26T18:02:03.709+0000] {processor.py:839} INFO - DAG(s) dict_keys(['example_xcom_args', 'example_xcom_args_with_operators']) retrieved from /home/airflow/.local/lib/python3.8/site-packages/airflow/example_dags/example_xcomargs.py
[2023-11-26T18:02:03.848+0000] {logging_mixin.py:154} INFO - [2023-11-26T18:02:03.847+0000] {dag.py:2941} INFO - Sync 2 DAGs
[2023-11-26T18:02:03.903+0000] {logging_mixin.py:154} INFO - [2023-11-26T18:02:03.903+0000] {dag.py:3722} INFO - Setting next_dagrun for example_xcom_args to None, run_after=None
[2023-11-26T18:02:03.916+0000] {logging_mixin.py:154} INFO - [2023-11-26T18:02:03.915+0000] {dag.py:3722} INFO - Setting next_dagrun for example_xcom_args_with_operators to None, run_after=None
[2023-11-26T18:02:03.993+0000] {processor.py:179} INFO - Processing /home/airflow/.local/lib/python3.8/site-packages/airflow/example_dags/example_xcomargs.py took 0.331 seconds
[2023-11-26T18:02:35.647+0000] {processor.py:157} INFO - Started process (PID=1722) to work on /home/airflow/.local/lib/python3.8/site-packages/airflow/example_dags/example_xcomargs.py
[2023-11-26T18:02:35.650+0000] {processor.py:829} INFO - Processing file /home/airflow/.local/lib/python3.8/site-packages/airflow/example_dags/example_xcomargs.py for tasks to queue
[2023-11-26T18:02:35.660+0000] {logging_mixin.py:154} INFO - [2023-11-26T18:02:35.660+0000] {dagbag.py:536} INFO - Filling up the DagBag from /home/airflow/.local/lib/python3.8/site-packages/airflow/example_dags/example_xcomargs.py
[2023-11-26T18:02:35.705+0000] {processor.py:839} INFO - DAG(s) dict_keys(['example_xcom_args', 'example_xcom_args_with_operators']) retrieved from /home/airflow/.local/lib/python3.8/site-packages/airflow/example_dags/example_xcomargs.py
[2023-11-26T18:02:35.795+0000] {logging_mixin.py:154} INFO - [2023-11-26T18:02:35.795+0000] {dag.py:2941} INFO - Sync 2 DAGs
[2023-11-26T18:02:35.838+0000] {logging_mixin.py:154} INFO - [2023-11-26T18:02:35.838+0000] {dag.py:3722} INFO - Setting next_dagrun for example_xcom_args to None, run_after=None
[2023-11-26T18:02:35.847+0000] {logging_mixin.py:154} INFO - [2023-11-26T18:02:35.847+0000] {dag.py:3722} INFO - Setting next_dagrun for example_xcom_args_with_operators to None, run_after=None
[2023-11-26T18:02:35.900+0000] {processor.py:179} INFO - Processing /home/airflow/.local/lib/python3.8/site-packages/airflow/example_dags/example_xcomargs.py took 0.263 seconds
[2023-11-26T18:03:06.549+0000] {processor.py:157} INFO - Started process (PID=1776) to work on /home/airflow/.local/lib/python3.8/site-packages/airflow/example_dags/example_xcomargs.py
[2023-11-26T18:03:06.551+0000] {processor.py:829} INFO - Processing file /home/airflow/.local/lib/python3.8/site-packages/airflow/example_dags/example_xcomargs.py for tasks to queue
[2023-11-26T18:03:06.558+0000] {logging_mixin.py:154} INFO - [2023-11-26T18:03:06.557+0000] {dagbag.py:536} INFO - Filling up the DagBag from /home/airflow/.local/lib/python3.8/site-packages/airflow/example_dags/example_xcomargs.py
[2023-11-26T18:03:06.580+0000] {processor.py:839} INFO - DAG(s) dict_keys(['example_xcom_args', 'example_xcom_args_with_operators']) retrieved from /home/airflow/.local/lib/python3.8/site-packages/airflow/example_dags/example_xcomargs.py
[2023-11-26T18:03:06.653+0000] {logging_mixin.py:154} INFO - [2023-11-26T18:03:06.652+0000] {dag.py:2941} INFO - Sync 2 DAGs
[2023-11-26T18:03:06.696+0000] {logging_mixin.py:154} INFO - [2023-11-26T18:03:06.696+0000] {dag.py:3722} INFO - Setting next_dagrun for example_xcom_args to None, run_after=None
[2023-11-26T18:03:06.705+0000] {logging_mixin.py:154} INFO - [2023-11-26T18:03:06.705+0000] {dag.py:3722} INFO - Setting next_dagrun for example_xcom_args_with_operators to None, run_after=None
[2023-11-26T18:03:06.756+0000] {processor.py:179} INFO - Processing /home/airflow/.local/lib/python3.8/site-packages/airflow/example_dags/example_xcomargs.py took 0.214 seconds
