[2023-11-26T17:42:48.826+0000] {processor.py:157} INFO - Started process (PID=97) to work on /home/airflow/.local/lib/python3.8/site-packages/airflow/example_dags/example_short_circuit_operator.py
[2023-11-26T17:42:48.845+0000] {processor.py:829} INFO - Processing file /home/airflow/.local/lib/python3.8/site-packages/airflow/example_dags/example_short_circuit_operator.py for tasks to queue
[2023-11-26T17:42:48.889+0000] {logging_mixin.py:154} INFO - [2023-11-26T17:42:48.889+0000] {dagbag.py:536} INFO - Filling up the DagBag from /home/airflow/.local/lib/python3.8/site-packages/airflow/example_dags/example_short_circuit_operator.py
[2023-11-26T17:42:49.315+0000] {processor.py:839} INFO - DAG(s) dict_keys(['example_short_circuit_operator']) retrieved from /home/airflow/.local/lib/python3.8/site-packages/airflow/example_dags/example_short_circuit_operator.py
[2023-11-26T17:42:49.802+0000] {logging_mixin.py:154} INFO - [2023-11-26T17:42:49.802+0000] {dag.py:2941} INFO - Sync 1 DAGs
[2023-11-26T17:42:50.420+0000] {logging_mixin.py:154} INFO - [2023-11-26T17:42:50.419+0000] {dag.py:3722} INFO - Setting next_dagrun for example_short_circuit_operator to 2023-11-25T17:42:50.417802+00:00, run_after=2023-11-26T17:42:50.417802+00:00
[2023-11-26T17:42:50.786+0000] {processor.py:179} INFO - Processing /home/airflow/.local/lib/python3.8/site-packages/airflow/example_dags/example_short_circuit_operator.py took 1.991 seconds
[2023-11-26T17:46:30.889+0000] {processor.py:157} INFO - Started process (PID=99) to work on /home/airflow/.local/lib/python3.8/site-packages/airflow/example_dags/example_short_circuit_operator.py
[2023-11-26T17:46:30.907+0000] {processor.py:829} INFO - Processing file /home/airflow/.local/lib/python3.8/site-packages/airflow/example_dags/example_short_circuit_operator.py for tasks to queue
[2023-11-26T17:46:30.944+0000] {logging_mixin.py:154} INFO - [2023-11-26T17:46:30.929+0000] {dagbag.py:536} INFO - Filling up the DagBag from /home/airflow/.local/lib/python3.8/site-packages/airflow/example_dags/example_short_circuit_operator.py
[2023-11-26T17:46:31.035+0000] {processor.py:839} INFO - DAG(s) dict_keys(['example_short_circuit_operator']) retrieved from /home/airflow/.local/lib/python3.8/site-packages/airflow/example_dags/example_short_circuit_operator.py
[2023-11-26T17:46:31.242+0000] {logging_mixin.py:154} INFO - [2023-11-26T17:46:31.242+0000] {dag.py:2941} INFO - Sync 1 DAGs
[2023-11-26T17:46:31.370+0000] {logging_mixin.py:154} INFO - [2023-11-26T17:46:31.370+0000] {dag.py:3722} INFO - Setting next_dagrun for example_short_circuit_operator to 2023-11-25T17:46:31.369686+00:00, run_after=2023-11-26T17:46:31.369686+00:00
[2023-11-26T17:46:31.455+0000] {processor.py:179} INFO - Processing /home/airflow/.local/lib/python3.8/site-packages/airflow/example_dags/example_short_circuit_operator.py took 0.590 seconds
[2023-11-26T17:47:02.858+0000] {processor.py:157} INFO - Started process (PID=152) to work on /home/airflow/.local/lib/python3.8/site-packages/airflow/example_dags/example_short_circuit_operator.py
[2023-11-26T17:47:02.867+0000] {processor.py:829} INFO - Processing file /home/airflow/.local/lib/python3.8/site-packages/airflow/example_dags/example_short_circuit_operator.py for tasks to queue
[2023-11-26T17:47:02.877+0000] {logging_mixin.py:154} INFO - [2023-11-26T17:47:02.875+0000] {dagbag.py:536} INFO - Filling up the DagBag from /home/airflow/.local/lib/python3.8/site-packages/airflow/example_dags/example_short_circuit_operator.py
[2023-11-26T17:47:02.952+0000] {processor.py:839} INFO - DAG(s) dict_keys(['example_short_circuit_operator']) retrieved from /home/airflow/.local/lib/python3.8/site-packages/airflow/example_dags/example_short_circuit_operator.py
[2023-11-26T17:47:03.051+0000] {logging_mixin.py:154} INFO - [2023-11-26T17:47:03.051+0000] {dag.py:2941} INFO - Sync 1 DAGs
[2023-11-26T17:47:03.149+0000] {logging_mixin.py:154} INFO - [2023-11-26T17:47:03.149+0000] {dag.py:3722} INFO - Setting next_dagrun for example_short_circuit_operator to 2023-11-25T17:47:03.148665+00:00, run_after=2023-11-26T17:47:03.148665+00:00
[2023-11-26T17:47:03.304+0000] {processor.py:179} INFO - Processing /home/airflow/.local/lib/python3.8/site-packages/airflow/example_dags/example_short_circuit_operator.py took 0.457 seconds
[2023-11-26T17:47:33.598+0000] {processor.py:157} INFO - Started process (PID=208) to work on /home/airflow/.local/lib/python3.8/site-packages/airflow/example_dags/example_short_circuit_operator.py
[2023-11-26T17:47:33.600+0000] {processor.py:829} INFO - Processing file /home/airflow/.local/lib/python3.8/site-packages/airflow/example_dags/example_short_circuit_operator.py for tasks to queue
[2023-11-26T17:47:33.606+0000] {logging_mixin.py:154} INFO - [2023-11-26T17:47:33.606+0000] {dagbag.py:536} INFO - Filling up the DagBag from /home/airflow/.local/lib/python3.8/site-packages/airflow/example_dags/example_short_circuit_operator.py
[2023-11-26T17:47:33.630+0000] {processor.py:839} INFO - DAG(s) dict_keys(['example_short_circuit_operator']) retrieved from /home/airflow/.local/lib/python3.8/site-packages/airflow/example_dags/example_short_circuit_operator.py
[2023-11-26T17:47:33.695+0000] {logging_mixin.py:154} INFO - [2023-11-26T17:47:33.695+0000] {dag.py:2941} INFO - Sync 1 DAGs
[2023-11-26T17:47:33.757+0000] {logging_mixin.py:154} INFO - [2023-11-26T17:47:33.756+0000] {dag.py:3722} INFO - Setting next_dagrun for example_short_circuit_operator to 2023-11-25T17:47:33.755995+00:00, run_after=2023-11-26T17:47:33.755995+00:00
[2023-11-26T17:47:33.814+0000] {processor.py:179} INFO - Processing /home/airflow/.local/lib/python3.8/site-packages/airflow/example_dags/example_short_circuit_operator.py took 0.225 seconds
[2023-11-26T17:48:04.123+0000] {processor.py:157} INFO - Started process (PID=260) to work on /home/airflow/.local/lib/python3.8/site-packages/airflow/example_dags/example_short_circuit_operator.py
[2023-11-26T17:48:04.125+0000] {processor.py:829} INFO - Processing file /home/airflow/.local/lib/python3.8/site-packages/airflow/example_dags/example_short_circuit_operator.py for tasks to queue
[2023-11-26T17:48:04.130+0000] {logging_mixin.py:154} INFO - [2023-11-26T17:48:04.130+0000] {dagbag.py:536} INFO - Filling up the DagBag from /home/airflow/.local/lib/python3.8/site-packages/airflow/example_dags/example_short_circuit_operator.py
[2023-11-26T17:48:04.151+0000] {processor.py:839} INFO - DAG(s) dict_keys(['example_short_circuit_operator']) retrieved from /home/airflow/.local/lib/python3.8/site-packages/airflow/example_dags/example_short_circuit_operator.py
[2023-11-26T17:48:04.221+0000] {logging_mixin.py:154} INFO - [2023-11-26T17:48:04.220+0000] {dag.py:2941} INFO - Sync 1 DAGs
[2023-11-26T17:48:04.290+0000] {logging_mixin.py:154} INFO - [2023-11-26T17:48:04.289+0000] {dag.py:3722} INFO - Setting next_dagrun for example_short_circuit_operator to 2023-11-25T17:48:04.289104+00:00, run_after=2023-11-26T17:48:04.289104+00:00
[2023-11-26T17:48:04.353+0000] {processor.py:179} INFO - Processing /home/airflow/.local/lib/python3.8/site-packages/airflow/example_dags/example_short_circuit_operator.py took 0.238 seconds
[2023-11-26T17:48:35.125+0000] {processor.py:157} INFO - Started process (PID=314) to work on /home/airflow/.local/lib/python3.8/site-packages/airflow/example_dags/example_short_circuit_operator.py
[2023-11-26T17:48:35.128+0000] {processor.py:829} INFO - Processing file /home/airflow/.local/lib/python3.8/site-packages/airflow/example_dags/example_short_circuit_operator.py for tasks to queue
[2023-11-26T17:48:35.136+0000] {logging_mixin.py:154} INFO - [2023-11-26T17:48:35.135+0000] {dagbag.py:536} INFO - Filling up the DagBag from /home/airflow/.local/lib/python3.8/site-packages/airflow/example_dags/example_short_circuit_operator.py
[2023-11-26T17:48:35.156+0000] {processor.py:839} INFO - DAG(s) dict_keys(['example_short_circuit_operator']) retrieved from /home/airflow/.local/lib/python3.8/site-packages/airflow/example_dags/example_short_circuit_operator.py
[2023-11-26T17:48:35.227+0000] {logging_mixin.py:154} INFO - [2023-11-26T17:48:35.227+0000] {dag.py:2941} INFO - Sync 1 DAGs
[2023-11-26T17:48:35.302+0000] {logging_mixin.py:154} INFO - [2023-11-26T17:48:35.301+0000] {dag.py:3722} INFO - Setting next_dagrun for example_short_circuit_operator to 2023-11-25T17:48:35.301164+00:00, run_after=2023-11-26T17:48:35.301164+00:00
[2023-11-26T17:48:35.346+0000] {processor.py:179} INFO - Processing /home/airflow/.local/lib/python3.8/site-packages/airflow/example_dags/example_short_circuit_operator.py took 0.228 seconds
[2023-11-26T17:49:05.712+0000] {processor.py:157} INFO - Started process (PID=367) to work on /home/airflow/.local/lib/python3.8/site-packages/airflow/example_dags/example_short_circuit_operator.py
[2023-11-26T17:49:05.715+0000] {processor.py:829} INFO - Processing file /home/airflow/.local/lib/python3.8/site-packages/airflow/example_dags/example_short_circuit_operator.py for tasks to queue
[2023-11-26T17:49:05.724+0000] {logging_mixin.py:154} INFO - [2023-11-26T17:49:05.723+0000] {dagbag.py:536} INFO - Filling up the DagBag from /home/airflow/.local/lib/python3.8/site-packages/airflow/example_dags/example_short_circuit_operator.py
[2023-11-26T17:49:05.743+0000] {processor.py:839} INFO - DAG(s) dict_keys(['example_short_circuit_operator']) retrieved from /home/airflow/.local/lib/python3.8/site-packages/airflow/example_dags/example_short_circuit_operator.py
[2023-11-26T17:49:05.814+0000] {logging_mixin.py:154} INFO - [2023-11-26T17:49:05.813+0000] {dag.py:2941} INFO - Sync 1 DAGs
[2023-11-26T17:49:05.868+0000] {logging_mixin.py:154} INFO - [2023-11-26T17:49:05.867+0000] {dag.py:3722} INFO - Setting next_dagrun for example_short_circuit_operator to 2023-11-25T17:49:05.867065+00:00, run_after=2023-11-26T17:49:05.867065+00:00
[2023-11-26T17:49:05.921+0000] {processor.py:179} INFO - Processing /home/airflow/.local/lib/python3.8/site-packages/airflow/example_dags/example_short_circuit_operator.py took 0.216 seconds
[2023-11-26T17:49:36.563+0000] {processor.py:157} INFO - Started process (PID=420) to work on /home/airflow/.local/lib/python3.8/site-packages/airflow/example_dags/example_short_circuit_operator.py
[2023-11-26T17:49:36.566+0000] {processor.py:829} INFO - Processing file /home/airflow/.local/lib/python3.8/site-packages/airflow/example_dags/example_short_circuit_operator.py for tasks to queue
[2023-11-26T17:49:36.574+0000] {logging_mixin.py:154} INFO - [2023-11-26T17:49:36.573+0000] {dagbag.py:536} INFO - Filling up the DagBag from /home/airflow/.local/lib/python3.8/site-packages/airflow/example_dags/example_short_circuit_operator.py
[2023-11-26T17:49:36.598+0000] {processor.py:839} INFO - DAG(s) dict_keys(['example_short_circuit_operator']) retrieved from /home/airflow/.local/lib/python3.8/site-packages/airflow/example_dags/example_short_circuit_operator.py
[2023-11-26T17:49:36.659+0000] {logging_mixin.py:154} INFO - [2023-11-26T17:49:36.659+0000] {dag.py:2941} INFO - Sync 1 DAGs
[2023-11-26T17:49:36.739+0000] {logging_mixin.py:154} INFO - [2023-11-26T17:49:36.738+0000] {dag.py:3722} INFO - Setting next_dagrun for example_short_circuit_operator to 2023-11-25T17:49:36.737803+00:00, run_after=2023-11-26T17:49:36.737803+00:00
[2023-11-26T17:49:36.800+0000] {processor.py:179} INFO - Processing /home/airflow/.local/lib/python3.8/site-packages/airflow/example_dags/example_short_circuit_operator.py took 0.246 seconds
[2023-11-26T17:50:08.338+0000] {processor.py:157} INFO - Started process (PID=474) to work on /home/airflow/.local/lib/python3.8/site-packages/airflow/example_dags/example_short_circuit_operator.py
[2023-11-26T17:50:08.341+0000] {processor.py:829} INFO - Processing file /home/airflow/.local/lib/python3.8/site-packages/airflow/example_dags/example_short_circuit_operator.py for tasks to queue
[2023-11-26T17:50:08.351+0000] {logging_mixin.py:154} INFO - [2023-11-26T17:50:08.351+0000] {dagbag.py:536} INFO - Filling up the DagBag from /home/airflow/.local/lib/python3.8/site-packages/airflow/example_dags/example_short_circuit_operator.py
[2023-11-26T17:50:08.381+0000] {processor.py:839} INFO - DAG(s) dict_keys(['example_short_circuit_operator']) retrieved from /home/airflow/.local/lib/python3.8/site-packages/airflow/example_dags/example_short_circuit_operator.py
[2023-11-26T17:50:08.499+0000] {logging_mixin.py:154} INFO - [2023-11-26T17:50:08.499+0000] {dag.py:2941} INFO - Sync 1 DAGs
[2023-11-26T17:50:08.597+0000] {logging_mixin.py:154} INFO - [2023-11-26T17:50:08.596+0000] {dag.py:3722} INFO - Setting next_dagrun for example_short_circuit_operator to 2023-11-25T17:50:08.595716+00:00, run_after=2023-11-26T17:50:08.595716+00:00
[2023-11-26T17:50:08.704+0000] {processor.py:179} INFO - Processing /home/airflow/.local/lib/python3.8/site-packages/airflow/example_dags/example_short_circuit_operator.py took 0.378 seconds
[2023-11-26T17:50:39.549+0000] {processor.py:157} INFO - Started process (PID=528) to work on /home/airflow/.local/lib/python3.8/site-packages/airflow/example_dags/example_short_circuit_operator.py
[2023-11-26T17:50:39.551+0000] {processor.py:829} INFO - Processing file /home/airflow/.local/lib/python3.8/site-packages/airflow/example_dags/example_short_circuit_operator.py for tasks to queue
[2023-11-26T17:50:39.557+0000] {logging_mixin.py:154} INFO - [2023-11-26T17:50:39.556+0000] {dagbag.py:536} INFO - Filling up the DagBag from /home/airflow/.local/lib/python3.8/site-packages/airflow/example_dags/example_short_circuit_operator.py
[2023-11-26T17:50:39.609+0000] {processor.py:839} INFO - DAG(s) dict_keys(['example_short_circuit_operator']) retrieved from /home/airflow/.local/lib/python3.8/site-packages/airflow/example_dags/example_short_circuit_operator.py
[2023-11-26T17:50:39.715+0000] {logging_mixin.py:154} INFO - [2023-11-26T17:50:39.710+0000] {dag.py:2941} INFO - Sync 1 DAGs
[2023-11-26T17:50:39.819+0000] {logging_mixin.py:154} INFO - [2023-11-26T17:50:39.819+0000] {dag.py:3722} INFO - Setting next_dagrun for example_short_circuit_operator to 2023-11-25T17:50:39.818483+00:00, run_after=2023-11-26T17:50:39.818483+00:00
[2023-11-26T17:50:39.975+0000] {processor.py:179} INFO - Processing /home/airflow/.local/lib/python3.8/site-packages/airflow/example_dags/example_short_circuit_operator.py took 0.439 seconds
[2023-11-26T17:51:10.336+0000] {processor.py:157} INFO - Started process (PID=584) to work on /home/airflow/.local/lib/python3.8/site-packages/airflow/example_dags/example_short_circuit_operator.py
[2023-11-26T17:51:10.339+0000] {processor.py:829} INFO - Processing file /home/airflow/.local/lib/python3.8/site-packages/airflow/example_dags/example_short_circuit_operator.py for tasks to queue
[2023-11-26T17:51:10.344+0000] {logging_mixin.py:154} INFO - [2023-11-26T17:51:10.344+0000] {dagbag.py:536} INFO - Filling up the DagBag from /home/airflow/.local/lib/python3.8/site-packages/airflow/example_dags/example_short_circuit_operator.py
[2023-11-26T17:51:10.364+0000] {processor.py:839} INFO - DAG(s) dict_keys(['example_short_circuit_operator']) retrieved from /home/airflow/.local/lib/python3.8/site-packages/airflow/example_dags/example_short_circuit_operator.py
[2023-11-26T17:51:10.426+0000] {logging_mixin.py:154} INFO - [2023-11-26T17:51:10.426+0000] {dag.py:2941} INFO - Sync 1 DAGs
[2023-11-26T17:51:10.503+0000] {logging_mixin.py:154} INFO - [2023-11-26T17:51:10.502+0000] {dag.py:3722} INFO - Setting next_dagrun for example_short_circuit_operator to 2023-11-25T17:51:10.502431+00:00, run_after=2023-11-26T17:51:10.502431+00:00
[2023-11-26T17:51:10.546+0000] {processor.py:179} INFO - Processing /home/airflow/.local/lib/python3.8/site-packages/airflow/example_dags/example_short_circuit_operator.py took 0.218 seconds
[2023-11-26T17:51:46.218+0000] {processor.py:157} INFO - Started process (PID=635) to work on /home/airflow/.local/lib/python3.8/site-packages/airflow/example_dags/example_short_circuit_operator.py
[2023-11-26T17:51:46.221+0000] {processor.py:829} INFO - Processing file /home/airflow/.local/lib/python3.8/site-packages/airflow/example_dags/example_short_circuit_operator.py for tasks to queue
[2023-11-26T17:51:46.229+0000] {logging_mixin.py:154} INFO - [2023-11-26T17:51:46.227+0000] {dagbag.py:536} INFO - Filling up the DagBag from /home/airflow/.local/lib/python3.8/site-packages/airflow/example_dags/example_short_circuit_operator.py
[2023-11-26T17:51:46.275+0000] {processor.py:839} INFO - DAG(s) dict_keys(['example_short_circuit_operator']) retrieved from /home/airflow/.local/lib/python3.8/site-packages/airflow/example_dags/example_short_circuit_operator.py
[2023-11-26T17:51:46.541+0000] {logging_mixin.py:154} INFO - [2023-11-26T17:51:46.541+0000] {dag.py:2941} INFO - Sync 1 DAGs
[2023-11-26T17:51:46.641+0000] {logging_mixin.py:154} INFO - [2023-11-26T17:51:46.641+0000] {dag.py:3722} INFO - Setting next_dagrun for example_short_circuit_operator to 2023-11-25T17:51:46.640742+00:00, run_after=2023-11-26T17:51:46.640742+00:00
[2023-11-26T17:51:46.758+0000] {processor.py:179} INFO - Processing /home/airflow/.local/lib/python3.8/site-packages/airflow/example_dags/example_short_circuit_operator.py took 0.552 seconds
[2023-11-26T17:52:19.387+0000] {processor.py:157} INFO - Started process (PID=689) to work on /home/airflow/.local/lib/python3.8/site-packages/airflow/example_dags/example_short_circuit_operator.py
[2023-11-26T17:52:19.395+0000] {processor.py:829} INFO - Processing file /home/airflow/.local/lib/python3.8/site-packages/airflow/example_dags/example_short_circuit_operator.py for tasks to queue
[2023-11-26T17:52:19.531+0000] {logging_mixin.py:154} INFO - [2023-11-26T17:52:19.430+0000] {dagbag.py:536} INFO - Filling up the DagBag from /home/airflow/.local/lib/python3.8/site-packages/airflow/example_dags/example_short_circuit_operator.py
[2023-11-26T17:52:19.593+0000] {processor.py:839} INFO - DAG(s) dict_keys(['example_short_circuit_operator']) retrieved from /home/airflow/.local/lib/python3.8/site-packages/airflow/example_dags/example_short_circuit_operator.py
[2023-11-26T17:52:19.746+0000] {logging_mixin.py:154} INFO - [2023-11-26T17:52:19.745+0000] {dag.py:2941} INFO - Sync 1 DAGs
[2023-11-26T17:52:19.871+0000] {logging_mixin.py:154} INFO - [2023-11-26T17:52:19.871+0000] {dag.py:3722} INFO - Setting next_dagrun for example_short_circuit_operator to 2023-11-25T17:52:19.870414+00:00, run_after=2023-11-26T17:52:19.870414+00:00
[2023-11-26T17:52:19.945+0000] {processor.py:179} INFO - Processing /home/airflow/.local/lib/python3.8/site-packages/airflow/example_dags/example_short_circuit_operator.py took 0.579 seconds
[2023-11-26T17:52:50.537+0000] {processor.py:157} INFO - Started process (PID=741) to work on /home/airflow/.local/lib/python3.8/site-packages/airflow/example_dags/example_short_circuit_operator.py
[2023-11-26T17:52:50.540+0000] {processor.py:829} INFO - Processing file /home/airflow/.local/lib/python3.8/site-packages/airflow/example_dags/example_short_circuit_operator.py for tasks to queue
[2023-11-26T17:52:50.545+0000] {logging_mixin.py:154} INFO - [2023-11-26T17:52:50.545+0000] {dagbag.py:536} INFO - Filling up the DagBag from /home/airflow/.local/lib/python3.8/site-packages/airflow/example_dags/example_short_circuit_operator.py
[2023-11-26T17:52:50.566+0000] {processor.py:839} INFO - DAG(s) dict_keys(['example_short_circuit_operator']) retrieved from /home/airflow/.local/lib/python3.8/site-packages/airflow/example_dags/example_short_circuit_operator.py
[2023-11-26T17:52:50.643+0000] {logging_mixin.py:154} INFO - [2023-11-26T17:52:50.642+0000] {dag.py:2941} INFO - Sync 1 DAGs
[2023-11-26T17:52:50.752+0000] {logging_mixin.py:154} INFO - [2023-11-26T17:52:50.751+0000] {dag.py:3722} INFO - Setting next_dagrun for example_short_circuit_operator to 2023-11-25T17:52:50.750334+00:00, run_after=2023-11-26T17:52:50.750334+00:00
[2023-11-26T17:52:50.926+0000] {processor.py:179} INFO - Processing /home/airflow/.local/lib/python3.8/site-packages/airflow/example_dags/example_short_circuit_operator.py took 0.396 seconds
[2023-11-26T17:53:21.276+0000] {processor.py:157} INFO - Started process (PID=795) to work on /home/airflow/.local/lib/python3.8/site-packages/airflow/example_dags/example_short_circuit_operator.py
[2023-11-26T17:53:21.284+0000] {processor.py:829} INFO - Processing file /home/airflow/.local/lib/python3.8/site-packages/airflow/example_dags/example_short_circuit_operator.py for tasks to queue
[2023-11-26T17:53:21.289+0000] {logging_mixin.py:154} INFO - [2023-11-26T17:53:21.289+0000] {dagbag.py:536} INFO - Filling up the DagBag from /home/airflow/.local/lib/python3.8/site-packages/airflow/example_dags/example_short_circuit_operator.py
[2023-11-26T17:53:21.318+0000] {processor.py:839} INFO - DAG(s) dict_keys(['example_short_circuit_operator']) retrieved from /home/airflow/.local/lib/python3.8/site-packages/airflow/example_dags/example_short_circuit_operator.py
[2023-11-26T17:53:21.459+0000] {logging_mixin.py:154} INFO - [2023-11-26T17:53:21.459+0000] {dag.py:2941} INFO - Sync 1 DAGs
[2023-11-26T17:53:21.564+0000] {logging_mixin.py:154} INFO - [2023-11-26T17:53:21.563+0000] {dag.py:3722} INFO - Setting next_dagrun for example_short_circuit_operator to 2023-11-25T17:53:21.562565+00:00, run_after=2023-11-26T17:53:21.562565+00:00
[2023-11-26T17:53:21.619+0000] {processor.py:179} INFO - Processing /home/airflow/.local/lib/python3.8/site-packages/airflow/example_dags/example_short_circuit_operator.py took 0.348 seconds
[2023-11-26T17:53:52.031+0000] {processor.py:157} INFO - Started process (PID=848) to work on /home/airflow/.local/lib/python3.8/site-packages/airflow/example_dags/example_short_circuit_operator.py
[2023-11-26T17:53:52.034+0000] {processor.py:829} INFO - Processing file /home/airflow/.local/lib/python3.8/site-packages/airflow/example_dags/example_short_circuit_operator.py for tasks to queue
[2023-11-26T17:53:52.040+0000] {logging_mixin.py:154} INFO - [2023-11-26T17:53:52.039+0000] {dagbag.py:536} INFO - Filling up the DagBag from /home/airflow/.local/lib/python3.8/site-packages/airflow/example_dags/example_short_circuit_operator.py
[2023-11-26T17:53:52.063+0000] {processor.py:839} INFO - DAG(s) dict_keys(['example_short_circuit_operator']) retrieved from /home/airflow/.local/lib/python3.8/site-packages/airflow/example_dags/example_short_circuit_operator.py
[2023-11-26T17:53:52.144+0000] {logging_mixin.py:154} INFO - [2023-11-26T17:53:52.143+0000] {dag.py:2941} INFO - Sync 1 DAGs
[2023-11-26T17:53:52.220+0000] {logging_mixin.py:154} INFO - [2023-11-26T17:53:52.220+0000] {dag.py:3722} INFO - Setting next_dagrun for example_short_circuit_operator to 2023-11-25T17:53:52.219362+00:00, run_after=2023-11-26T17:53:52.219362+00:00
[2023-11-26T17:53:52.340+0000] {processor.py:179} INFO - Processing /home/airflow/.local/lib/python3.8/site-packages/airflow/example_dags/example_short_circuit_operator.py took 0.319 seconds
[2023-11-26T17:54:24.738+0000] {processor.py:157} INFO - Started process (PID=902) to work on /home/airflow/.local/lib/python3.8/site-packages/airflow/example_dags/example_short_circuit_operator.py
[2023-11-26T17:54:24.766+0000] {processor.py:829} INFO - Processing file /home/airflow/.local/lib/python3.8/site-packages/airflow/example_dags/example_short_circuit_operator.py for tasks to queue
[2023-11-26T17:54:24.854+0000] {logging_mixin.py:154} INFO - [2023-11-26T17:54:24.853+0000] {dagbag.py:536} INFO - Filling up the DagBag from /home/airflow/.local/lib/python3.8/site-packages/airflow/example_dags/example_short_circuit_operator.py
[2023-11-26T17:54:24.948+0000] {processor.py:839} INFO - DAG(s) dict_keys(['example_short_circuit_operator']) retrieved from /home/airflow/.local/lib/python3.8/site-packages/airflow/example_dags/example_short_circuit_operator.py
[2023-11-26T17:54:25.298+0000] {logging_mixin.py:154} INFO - [2023-11-26T17:54:25.297+0000] {dag.py:2941} INFO - Sync 1 DAGs
[2023-11-26T17:54:25.485+0000] {logging_mixin.py:154} INFO - [2023-11-26T17:54:25.485+0000] {dag.py:3722} INFO - Setting next_dagrun for example_short_circuit_operator to 2023-11-25T17:54:25.485077+00:00, run_after=2023-11-26T17:54:25.485077+00:00
[2023-11-26T17:54:25.717+0000] {processor.py:179} INFO - Processing /home/airflow/.local/lib/python3.8/site-packages/airflow/example_dags/example_short_circuit_operator.py took 1.022 seconds
[2023-11-26T17:54:56.080+0000] {processor.py:157} INFO - Started process (PID=957) to work on /home/airflow/.local/lib/python3.8/site-packages/airflow/example_dags/example_short_circuit_operator.py
[2023-11-26T17:54:56.086+0000] {processor.py:829} INFO - Processing file /home/airflow/.local/lib/python3.8/site-packages/airflow/example_dags/example_short_circuit_operator.py for tasks to queue
[2023-11-26T17:54:56.093+0000] {logging_mixin.py:154} INFO - [2023-11-26T17:54:56.092+0000] {dagbag.py:536} INFO - Filling up the DagBag from /home/airflow/.local/lib/python3.8/site-packages/airflow/example_dags/example_short_circuit_operator.py
[2023-11-26T17:54:56.142+0000] {processor.py:839} INFO - DAG(s) dict_keys(['example_short_circuit_operator']) retrieved from /home/airflow/.local/lib/python3.8/site-packages/airflow/example_dags/example_short_circuit_operator.py
[2023-11-26T17:54:56.316+0000] {logging_mixin.py:154} INFO - [2023-11-26T17:54:56.315+0000] {dag.py:2941} INFO - Sync 1 DAGs
[2023-11-26T17:54:56.634+0000] {logging_mixin.py:154} INFO - [2023-11-26T17:54:56.633+0000] {dag.py:3722} INFO - Setting next_dagrun for example_short_circuit_operator to 2023-11-25T17:54:56.631488+00:00, run_after=2023-11-26T17:54:56.631488+00:00
[2023-11-26T17:54:56.730+0000] {processor.py:179} INFO - Processing /home/airflow/.local/lib/python3.8/site-packages/airflow/example_dags/example_short_circuit_operator.py took 0.658 seconds
[2023-11-26T17:55:27.320+0000] {processor.py:157} INFO - Started process (PID=1012) to work on /home/airflow/.local/lib/python3.8/site-packages/airflow/example_dags/example_short_circuit_operator.py
[2023-11-26T17:55:27.323+0000] {processor.py:829} INFO - Processing file /home/airflow/.local/lib/python3.8/site-packages/airflow/example_dags/example_short_circuit_operator.py for tasks to queue
[2023-11-26T17:55:27.332+0000] {logging_mixin.py:154} INFO - [2023-11-26T17:55:27.332+0000] {dagbag.py:536} INFO - Filling up the DagBag from /home/airflow/.local/lib/python3.8/site-packages/airflow/example_dags/example_short_circuit_operator.py
[2023-11-26T17:55:27.369+0000] {processor.py:839} INFO - DAG(s) dict_keys(['example_short_circuit_operator']) retrieved from /home/airflow/.local/lib/python3.8/site-packages/airflow/example_dags/example_short_circuit_operator.py
[2023-11-26T17:55:27.524+0000] {logging_mixin.py:154} INFO - [2023-11-26T17:55:27.523+0000] {dag.py:2941} INFO - Sync 1 DAGs
[2023-11-26T17:55:27.641+0000] {logging_mixin.py:154} INFO - [2023-11-26T17:55:27.641+0000] {dag.py:3722} INFO - Setting next_dagrun for example_short_circuit_operator to 2023-11-25T17:55:27.640848+00:00, run_after=2023-11-26T17:55:27.640848+00:00
[2023-11-26T17:55:27.696+0000] {processor.py:179} INFO - Processing /home/airflow/.local/lib/python3.8/site-packages/airflow/example_dags/example_short_circuit_operator.py took 0.384 seconds
[2023-11-26T17:55:57.916+0000] {processor.py:157} INFO - Started process (PID=1066) to work on /home/airflow/.local/lib/python3.8/site-packages/airflow/example_dags/example_short_circuit_operator.py
[2023-11-26T17:55:57.918+0000] {processor.py:829} INFO - Processing file /home/airflow/.local/lib/python3.8/site-packages/airflow/example_dags/example_short_circuit_operator.py for tasks to queue
[2023-11-26T17:55:57.924+0000] {logging_mixin.py:154} INFO - [2023-11-26T17:55:57.924+0000] {dagbag.py:536} INFO - Filling up the DagBag from /home/airflow/.local/lib/python3.8/site-packages/airflow/example_dags/example_short_circuit_operator.py
[2023-11-26T17:55:57.966+0000] {processor.py:839} INFO - DAG(s) dict_keys(['example_short_circuit_operator']) retrieved from /home/airflow/.local/lib/python3.8/site-packages/airflow/example_dags/example_short_circuit_operator.py
[2023-11-26T17:55:58.110+0000] {logging_mixin.py:154} INFO - [2023-11-26T17:55:58.110+0000] {dag.py:2941} INFO - Sync 1 DAGs
[2023-11-26T17:55:58.162+0000] {logging_mixin.py:154} INFO - [2023-11-26T17:55:58.161+0000] {dag.py:3722} INFO - Setting next_dagrun for example_short_circuit_operator to 2023-11-25T17:55:58.161480+00:00, run_after=2023-11-26T17:55:58.161480+00:00
[2023-11-26T17:55:58.422+0000] {processor.py:179} INFO - Processing /home/airflow/.local/lib/python3.8/site-packages/airflow/example_dags/example_short_circuit_operator.py took 0.515 seconds
[2023-11-26T17:56:29.291+0000] {processor.py:157} INFO - Started process (PID=1121) to work on /home/airflow/.local/lib/python3.8/site-packages/airflow/example_dags/example_short_circuit_operator.py
[2023-11-26T17:56:29.296+0000] {processor.py:829} INFO - Processing file /home/airflow/.local/lib/python3.8/site-packages/airflow/example_dags/example_short_circuit_operator.py for tasks to queue
[2023-11-26T17:56:29.301+0000] {logging_mixin.py:154} INFO - [2023-11-26T17:56:29.300+0000] {dagbag.py:536} INFO - Filling up the DagBag from /home/airflow/.local/lib/python3.8/site-packages/airflow/example_dags/example_short_circuit_operator.py
[2023-11-26T17:56:29.318+0000] {processor.py:839} INFO - DAG(s) dict_keys(['example_short_circuit_operator']) retrieved from /home/airflow/.local/lib/python3.8/site-packages/airflow/example_dags/example_short_circuit_operator.py
[2023-11-26T17:56:29.376+0000] {logging_mixin.py:154} INFO - [2023-11-26T17:56:29.376+0000] {dag.py:2941} INFO - Sync 1 DAGs
[2023-11-26T17:56:29.439+0000] {logging_mixin.py:154} INFO - [2023-11-26T17:56:29.439+0000] {dag.py:3722} INFO - Setting next_dagrun for example_short_circuit_operator to 2023-11-25T17:56:29.438561+00:00, run_after=2023-11-26T17:56:29.438561+00:00
[2023-11-26T17:56:29.515+0000] {processor.py:179} INFO - Processing /home/airflow/.local/lib/python3.8/site-packages/airflow/example_dags/example_short_circuit_operator.py took 0.230 seconds
[2023-11-26T17:57:00.119+0000] {processor.py:157} INFO - Started process (PID=1175) to work on /home/airflow/.local/lib/python3.8/site-packages/airflow/example_dags/example_short_circuit_operator.py
[2023-11-26T17:57:00.122+0000] {processor.py:829} INFO - Processing file /home/airflow/.local/lib/python3.8/site-packages/airflow/example_dags/example_short_circuit_operator.py for tasks to queue
[2023-11-26T17:57:00.128+0000] {logging_mixin.py:154} INFO - [2023-11-26T17:57:00.127+0000] {dagbag.py:536} INFO - Filling up the DagBag from /home/airflow/.local/lib/python3.8/site-packages/airflow/example_dags/example_short_circuit_operator.py
[2023-11-26T17:57:00.178+0000] {processor.py:839} INFO - DAG(s) dict_keys(['example_short_circuit_operator']) retrieved from /home/airflow/.local/lib/python3.8/site-packages/airflow/example_dags/example_short_circuit_operator.py
[2023-11-26T17:57:00.259+0000] {logging_mixin.py:154} INFO - [2023-11-26T17:57:00.258+0000] {dag.py:2941} INFO - Sync 1 DAGs
[2023-11-26T17:57:00.324+0000] {logging_mixin.py:154} INFO - [2023-11-26T17:57:00.323+0000] {dag.py:3722} INFO - Setting next_dagrun for example_short_circuit_operator to 2023-11-25T17:57:00.323156+00:00, run_after=2023-11-26T17:57:00.323156+00:00
[2023-11-26T17:57:00.363+0000] {processor.py:179} INFO - Processing /home/airflow/.local/lib/python3.8/site-packages/airflow/example_dags/example_short_circuit_operator.py took 0.255 seconds
[2023-11-26T17:57:48.899+0000] {processor.py:157} INFO - Started process (PID=1238) to work on /home/airflow/.local/lib/python3.8/site-packages/airflow/example_dags/example_short_circuit_operator.py
[2023-11-26T17:57:48.916+0000] {processor.py:829} INFO - Processing file /home/airflow/.local/lib/python3.8/site-packages/airflow/example_dags/example_short_circuit_operator.py for tasks to queue
[2023-11-26T17:57:48.926+0000] {logging_mixin.py:154} INFO - [2023-11-26T17:57:48.925+0000] {dagbag.py:536} INFO - Filling up the DagBag from /home/airflow/.local/lib/python3.8/site-packages/airflow/example_dags/example_short_circuit_operator.py
[2023-11-26T17:57:48.950+0000] {processor.py:839} INFO - DAG(s) dict_keys(['example_short_circuit_operator']) retrieved from /home/airflow/.local/lib/python3.8/site-packages/airflow/example_dags/example_short_circuit_operator.py
[2023-11-26T17:57:49.186+0000] {logging_mixin.py:154} INFO - [2023-11-26T17:57:49.186+0000] {dag.py:2941} INFO - Sync 1 DAGs
[2023-11-26T17:57:49.413+0000] {logging_mixin.py:154} INFO - [2023-11-26T17:57:49.413+0000] {dag.py:3722} INFO - Setting next_dagrun for example_short_circuit_operator to 2023-11-25T17:57:49.412608+00:00, run_after=2023-11-26T17:57:49.412608+00:00
[2023-11-26T17:57:49.499+0000] {processor.py:179} INFO - Processing /home/airflow/.local/lib/python3.8/site-packages/airflow/example_dags/example_short_circuit_operator.py took 0.611 seconds
[2023-11-26T17:58:19.707+0000] {processor.py:157} INFO - Started process (PID=1293) to work on /home/airflow/.local/lib/python3.8/site-packages/airflow/example_dags/example_short_circuit_operator.py
[2023-11-26T17:58:19.710+0000] {processor.py:829} INFO - Processing file /home/airflow/.local/lib/python3.8/site-packages/airflow/example_dags/example_short_circuit_operator.py for tasks to queue
[2023-11-26T17:58:19.715+0000] {logging_mixin.py:154} INFO - [2023-11-26T17:58:19.715+0000] {dagbag.py:536} INFO - Filling up the DagBag from /home/airflow/.local/lib/python3.8/site-packages/airflow/example_dags/example_short_circuit_operator.py
[2023-11-26T17:58:19.738+0000] {processor.py:839} INFO - DAG(s) dict_keys(['example_short_circuit_operator']) retrieved from /home/airflow/.local/lib/python3.8/site-packages/airflow/example_dags/example_short_circuit_operator.py
[2023-11-26T17:58:19.787+0000] {logging_mixin.py:154} INFO - [2023-11-26T17:58:19.787+0000] {dag.py:2941} INFO - Sync 1 DAGs
[2023-11-26T17:58:20.043+0000] {logging_mixin.py:154} INFO - [2023-11-26T17:58:20.043+0000] {dag.py:3722} INFO - Setting next_dagrun for example_short_circuit_operator to 2023-11-25T17:58:20.042849+00:00, run_after=2023-11-26T17:58:20.042849+00:00
[2023-11-26T17:58:20.080+0000] {processor.py:179} INFO - Processing /home/airflow/.local/lib/python3.8/site-packages/airflow/example_dags/example_short_circuit_operator.py took 0.382 seconds
[2023-11-26T17:58:50.790+0000] {processor.py:157} INFO - Started process (PID=1346) to work on /home/airflow/.local/lib/python3.8/site-packages/airflow/example_dags/example_short_circuit_operator.py
[2023-11-26T17:58:50.792+0000] {processor.py:829} INFO - Processing file /home/airflow/.local/lib/python3.8/site-packages/airflow/example_dags/example_short_circuit_operator.py for tasks to queue
[2023-11-26T17:58:50.798+0000] {logging_mixin.py:154} INFO - [2023-11-26T17:58:50.797+0000] {dagbag.py:536} INFO - Filling up the DagBag from /home/airflow/.local/lib/python3.8/site-packages/airflow/example_dags/example_short_circuit_operator.py
[2023-11-26T17:58:50.817+0000] {processor.py:839} INFO - DAG(s) dict_keys(['example_short_circuit_operator']) retrieved from /home/airflow/.local/lib/python3.8/site-packages/airflow/example_dags/example_short_circuit_operator.py
[2023-11-26T17:58:50.899+0000] {logging_mixin.py:154} INFO - [2023-11-26T17:58:50.899+0000] {dag.py:2941} INFO - Sync 1 DAGs
[2023-11-26T17:58:50.962+0000] {logging_mixin.py:154} INFO - [2023-11-26T17:58:50.962+0000] {dag.py:3722} INFO - Setting next_dagrun for example_short_circuit_operator to 2023-11-25T17:58:50.961683+00:00, run_after=2023-11-26T17:58:50.961683+00:00
[2023-11-26T17:58:51.027+0000] {processor.py:179} INFO - Processing /home/airflow/.local/lib/python3.8/site-packages/airflow/example_dags/example_short_circuit_operator.py took 0.248 seconds
[2023-11-26T17:59:21.484+0000] {processor.py:157} INFO - Started process (PID=1400) to work on /home/airflow/.local/lib/python3.8/site-packages/airflow/example_dags/example_short_circuit_operator.py
[2023-11-26T17:59:21.488+0000] {processor.py:829} INFO - Processing file /home/airflow/.local/lib/python3.8/site-packages/airflow/example_dags/example_short_circuit_operator.py for tasks to queue
[2023-11-26T17:59:21.496+0000] {logging_mixin.py:154} INFO - [2023-11-26T17:59:21.495+0000] {dagbag.py:536} INFO - Filling up the DagBag from /home/airflow/.local/lib/python3.8/site-packages/airflow/example_dags/example_short_circuit_operator.py
[2023-11-26T17:59:21.524+0000] {processor.py:839} INFO - DAG(s) dict_keys(['example_short_circuit_operator']) retrieved from /home/airflow/.local/lib/python3.8/site-packages/airflow/example_dags/example_short_circuit_operator.py
[2023-11-26T17:59:21.643+0000] {logging_mixin.py:154} INFO - [2023-11-26T17:59:21.643+0000] {dag.py:2941} INFO - Sync 1 DAGs
[2023-11-26T17:59:21.727+0000] {logging_mixin.py:154} INFO - [2023-11-26T17:59:21.726+0000] {dag.py:3722} INFO - Setting next_dagrun for example_short_circuit_operator to 2023-11-25T17:59:21.724327+00:00, run_after=2023-11-26T17:59:21.724327+00:00
[2023-11-26T17:59:21.804+0000] {processor.py:179} INFO - Processing /home/airflow/.local/lib/python3.8/site-packages/airflow/example_dags/example_short_circuit_operator.py took 0.328 seconds
[2023-11-26T17:59:56.701+0000] {processor.py:157} INFO - Started process (PID=1454) to work on /home/airflow/.local/lib/python3.8/site-packages/airflow/example_dags/example_short_circuit_operator.py
[2023-11-26T17:59:56.704+0000] {processor.py:829} INFO - Processing file /home/airflow/.local/lib/python3.8/site-packages/airflow/example_dags/example_short_circuit_operator.py for tasks to queue
[2023-11-26T17:59:56.712+0000] {logging_mixin.py:154} INFO - [2023-11-26T17:59:56.711+0000] {dagbag.py:536} INFO - Filling up the DagBag from /home/airflow/.local/lib/python3.8/site-packages/airflow/example_dags/example_short_circuit_operator.py
[2023-11-26T17:59:56.745+0000] {processor.py:839} INFO - DAG(s) dict_keys(['example_short_circuit_operator']) retrieved from /home/airflow/.local/lib/python3.8/site-packages/airflow/example_dags/example_short_circuit_operator.py
[2023-11-26T17:59:56.968+0000] {logging_mixin.py:154} INFO - [2023-11-26T17:59:56.967+0000] {dag.py:2941} INFO - Sync 1 DAGs
[2023-11-26T17:59:58.493+0000] {logging_mixin.py:154} INFO - [2023-11-26T17:59:58.492+0000] {dag.py:3722} INFO - Setting next_dagrun for example_short_circuit_operator to 2023-11-25T17:59:58.492360+00:00, run_after=2023-11-26T17:59:58.492360+00:00
[2023-11-26T17:59:58.582+0000] {processor.py:179} INFO - Processing /home/airflow/.local/lib/python3.8/site-packages/airflow/example_dags/example_short_circuit_operator.py took 1.899 seconds
[2023-11-26T18:00:29.264+0000] {processor.py:157} INFO - Started process (PID=1510) to work on /home/airflow/.local/lib/python3.8/site-packages/airflow/example_dags/example_short_circuit_operator.py
[2023-11-26T18:00:29.267+0000] {processor.py:829} INFO - Processing file /home/airflow/.local/lib/python3.8/site-packages/airflow/example_dags/example_short_circuit_operator.py for tasks to queue
[2023-11-26T18:00:29.273+0000] {logging_mixin.py:154} INFO - [2023-11-26T18:00:29.273+0000] {dagbag.py:536} INFO - Filling up the DagBag from /home/airflow/.local/lib/python3.8/site-packages/airflow/example_dags/example_short_circuit_operator.py
[2023-11-26T18:00:29.294+0000] {processor.py:839} INFO - DAG(s) dict_keys(['example_short_circuit_operator']) retrieved from /home/airflow/.local/lib/python3.8/site-packages/airflow/example_dags/example_short_circuit_operator.py
[2023-11-26T18:00:29.355+0000] {logging_mixin.py:154} INFO - [2023-11-26T18:00:29.355+0000] {dag.py:2941} INFO - Sync 1 DAGs
[2023-11-26T18:00:29.420+0000] {logging_mixin.py:154} INFO - [2023-11-26T18:00:29.418+0000] {dag.py:3722} INFO - Setting next_dagrun for example_short_circuit_operator to 2023-11-25T18:00:29.418062+00:00, run_after=2023-11-26T18:00:29.418062+00:00
[2023-11-26T18:00:29.466+0000] {processor.py:179} INFO - Processing /home/airflow/.local/lib/python3.8/site-packages/airflow/example_dags/example_short_circuit_operator.py took 0.208 seconds
[2023-11-26T18:01:00.559+0000] {processor.py:157} INFO - Started process (PID=1566) to work on /home/airflow/.local/lib/python3.8/site-packages/airflow/example_dags/example_short_circuit_operator.py
[2023-11-26T18:01:00.565+0000] {processor.py:829} INFO - Processing file /home/airflow/.local/lib/python3.8/site-packages/airflow/example_dags/example_short_circuit_operator.py for tasks to queue
[2023-11-26T18:01:00.590+0000] {logging_mixin.py:154} INFO - [2023-11-26T18:01:00.589+0000] {dagbag.py:536} INFO - Filling up the DagBag from /home/airflow/.local/lib/python3.8/site-packages/airflow/example_dags/example_short_circuit_operator.py
[2023-11-26T18:01:00.614+0000] {processor.py:839} INFO - DAG(s) dict_keys(['example_short_circuit_operator']) retrieved from /home/airflow/.local/lib/python3.8/site-packages/airflow/example_dags/example_short_circuit_operator.py
[2023-11-26T18:01:00.678+0000] {logging_mixin.py:154} INFO - [2023-11-26T18:01:00.677+0000] {dag.py:2941} INFO - Sync 1 DAGs
[2023-11-26T18:01:00.737+0000] {logging_mixin.py:154} INFO - [2023-11-26T18:01:00.737+0000] {dag.py:3722} INFO - Setting next_dagrun for example_short_circuit_operator to 2023-11-25T18:01:00.736553+00:00, run_after=2023-11-26T18:01:00.736553+00:00
[2023-11-26T18:01:00.783+0000] {processor.py:179} INFO - Processing /home/airflow/.local/lib/python3.8/site-packages/airflow/example_dags/example_short_circuit_operator.py took 0.234 seconds
[2023-11-26T18:01:30.889+0000] {processor.py:157} INFO - Started process (PID=1620) to work on /home/airflow/.local/lib/python3.8/site-packages/airflow/example_dags/example_short_circuit_operator.py
[2023-11-26T18:01:30.892+0000] {processor.py:829} INFO - Processing file /home/airflow/.local/lib/python3.8/site-packages/airflow/example_dags/example_short_circuit_operator.py for tasks to queue
[2023-11-26T18:01:30.898+0000] {logging_mixin.py:154} INFO - [2023-11-26T18:01:30.898+0000] {dagbag.py:536} INFO - Filling up the DagBag from /home/airflow/.local/lib/python3.8/site-packages/airflow/example_dags/example_short_circuit_operator.py
[2023-11-26T18:01:30.924+0000] {processor.py:839} INFO - DAG(s) dict_keys(['example_short_circuit_operator']) retrieved from /home/airflow/.local/lib/python3.8/site-packages/airflow/example_dags/example_short_circuit_operator.py
[2023-11-26T18:01:31.001+0000] {logging_mixin.py:154} INFO - [2023-11-26T18:01:31.000+0000] {dag.py:2941} INFO - Sync 1 DAGs
[2023-11-26T18:01:31.071+0000] {logging_mixin.py:154} INFO - [2023-11-26T18:01:31.070+0000] {dag.py:3722} INFO - Setting next_dagrun for example_short_circuit_operator to 2023-11-25T18:01:31.069814+00:00, run_after=2023-11-26T18:01:31.069814+00:00
[2023-11-26T18:01:31.130+0000] {processor.py:179} INFO - Processing /home/airflow/.local/lib/python3.8/site-packages/airflow/example_dags/example_short_circuit_operator.py took 0.250 seconds
[2023-11-26T18:02:01.250+0000] {processor.py:157} INFO - Started process (PID=1672) to work on /home/airflow/.local/lib/python3.8/site-packages/airflow/example_dags/example_short_circuit_operator.py
[2023-11-26T18:02:01.252+0000] {processor.py:829} INFO - Processing file /home/airflow/.local/lib/python3.8/site-packages/airflow/example_dags/example_short_circuit_operator.py for tasks to queue
[2023-11-26T18:02:01.259+0000] {logging_mixin.py:154} INFO - [2023-11-26T18:02:01.258+0000] {dagbag.py:536} INFO - Filling up the DagBag from /home/airflow/.local/lib/python3.8/site-packages/airflow/example_dags/example_short_circuit_operator.py
[2023-11-26T18:02:01.284+0000] {processor.py:839} INFO - DAG(s) dict_keys(['example_short_circuit_operator']) retrieved from /home/airflow/.local/lib/python3.8/site-packages/airflow/example_dags/example_short_circuit_operator.py
[2023-11-26T18:02:01.352+0000] {logging_mixin.py:154} INFO - [2023-11-26T18:02:01.351+0000] {dag.py:2941} INFO - Sync 1 DAGs
[2023-11-26T18:02:01.468+0000] {logging_mixin.py:154} INFO - [2023-11-26T18:02:01.467+0000] {dag.py:3722} INFO - Setting next_dagrun for example_short_circuit_operator to 2023-11-25T18:02:01.467058+00:00, run_after=2023-11-26T18:02:01.467058+00:00
[2023-11-26T18:02:01.553+0000] {processor.py:179} INFO - Processing /home/airflow/.local/lib/python3.8/site-packages/airflow/example_dags/example_short_circuit_operator.py took 0.311 seconds
[2023-11-26T18:02:36.257+0000] {processor.py:157} INFO - Started process (PID=1725) to work on /home/airflow/.local/lib/python3.8/site-packages/airflow/example_dags/example_short_circuit_operator.py
[2023-11-26T18:02:36.260+0000] {processor.py:829} INFO - Processing file /home/airflow/.local/lib/python3.8/site-packages/airflow/example_dags/example_short_circuit_operator.py for tasks to queue
[2023-11-26T18:02:36.269+0000] {logging_mixin.py:154} INFO - [2023-11-26T18:02:36.269+0000] {dagbag.py:536} INFO - Filling up the DagBag from /home/airflow/.local/lib/python3.8/site-packages/airflow/example_dags/example_short_circuit_operator.py
[2023-11-26T18:02:36.294+0000] {processor.py:839} INFO - DAG(s) dict_keys(['example_short_circuit_operator']) retrieved from /home/airflow/.local/lib/python3.8/site-packages/airflow/example_dags/example_short_circuit_operator.py
[2023-11-26T18:02:36.379+0000] {logging_mixin.py:154} INFO - [2023-11-26T18:02:36.379+0000] {dag.py:2941} INFO - Sync 1 DAGs
[2023-11-26T18:02:36.471+0000] {logging_mixin.py:154} INFO - [2023-11-26T18:02:36.471+0000] {dag.py:3722} INFO - Setting next_dagrun for example_short_circuit_operator to 2023-11-25T18:02:36.470451+00:00, run_after=2023-11-26T18:02:36.470451+00:00
[2023-11-26T18:02:36.532+0000] {processor.py:179} INFO - Processing /home/airflow/.local/lib/python3.8/site-packages/airflow/example_dags/example_short_circuit_operator.py took 0.289 seconds
[2023-11-26T18:03:07.090+0000] {processor.py:157} INFO - Started process (PID=1780) to work on /home/airflow/.local/lib/python3.8/site-packages/airflow/example_dags/example_short_circuit_operator.py
[2023-11-26T18:03:07.096+0000] {processor.py:829} INFO - Processing file /home/airflow/.local/lib/python3.8/site-packages/airflow/example_dags/example_short_circuit_operator.py for tasks to queue
[2023-11-26T18:03:07.101+0000] {logging_mixin.py:154} INFO - [2023-11-26T18:03:07.101+0000] {dagbag.py:536} INFO - Filling up the DagBag from /home/airflow/.local/lib/python3.8/site-packages/airflow/example_dags/example_short_circuit_operator.py
[2023-11-26T18:03:07.126+0000] {processor.py:839} INFO - DAG(s) dict_keys(['example_short_circuit_operator']) retrieved from /home/airflow/.local/lib/python3.8/site-packages/airflow/example_dags/example_short_circuit_operator.py
[2023-11-26T18:03:07.197+0000] {logging_mixin.py:154} INFO - [2023-11-26T18:03:07.197+0000] {dag.py:2941} INFO - Sync 1 DAGs
[2023-11-26T18:03:07.259+0000] {logging_mixin.py:154} INFO - [2023-11-26T18:03:07.259+0000] {dag.py:3722} INFO - Setting next_dagrun for example_short_circuit_operator to 2023-11-25T18:03:07.258738+00:00, run_after=2023-11-26T18:03:07.258738+00:00
[2023-11-26T18:03:07.314+0000] {processor.py:179} INFO - Processing /home/airflow/.local/lib/python3.8/site-packages/airflow/example_dags/example_short_circuit_operator.py took 0.250 seconds
