[2023-11-26T17:42:37.855+0000] {processor.py:157} INFO - Started process (PID=85) to work on /home/airflow/.local/lib/python3.8/site-packages/airflow/example_dags/example_branch_python_dop_operator_3.py
[2023-11-26T17:42:37.862+0000] {processor.py:829} INFO - Processing file /home/airflow/.local/lib/python3.8/site-packages/airflow/example_dags/example_branch_python_dop_operator_3.py for tasks to queue
[2023-11-26T17:42:37.871+0000] {logging_mixin.py:154} INFO - [2023-11-26T17:42:37.870+0000] {dagbag.py:536} INFO - Filling up the DagBag from /home/airflow/.local/lib/python3.8/site-packages/airflow/example_dags/example_branch_python_dop_operator_3.py
[2023-11-26T17:42:38.058+0000] {processor.py:839} INFO - DAG(s) dict_keys(['example_branch_dop_operator_v3']) retrieved from /home/airflow/.local/lib/python3.8/site-packages/airflow/example_dags/example_branch_python_dop_operator_3.py
[2023-11-26T17:42:38.750+0000] {logging_mixin.py:154} INFO - [2023-11-26T17:42:38.749+0000] {dag.py:2941} INFO - Sync 1 DAGs
[2023-11-26T17:42:40.368+0000] {logging_mixin.py:154} INFO - [2023-11-26T17:42:40.367+0000] {dag.py:3722} INFO - Setting next_dagrun for example_branch_dop_operator_v3 to 2023-11-26T17:41:00+00:00, run_after=2023-11-26T17:42:00+00:00
[2023-11-26T17:42:41.164+0000] {processor.py:179} INFO - Processing /home/airflow/.local/lib/python3.8/site-packages/airflow/example_dags/example_branch_python_dop_operator_3.py took 3.334 seconds
[2023-11-26T17:46:26.229+0000] {processor.py:157} INFO - Started process (PID=94) to work on /home/airflow/.local/lib/python3.8/site-packages/airflow/example_dags/example_branch_python_dop_operator_3.py
[2023-11-26T17:46:26.275+0000] {processor.py:829} INFO - Processing file /home/airflow/.local/lib/python3.8/site-packages/airflow/example_dags/example_branch_python_dop_operator_3.py for tasks to queue
[2023-11-26T17:46:26.418+0000] {logging_mixin.py:154} INFO - [2023-11-26T17:46:26.417+0000] {dagbag.py:536} INFO - Filling up the DagBag from /home/airflow/.local/lib/python3.8/site-packages/airflow/example_dags/example_branch_python_dop_operator_3.py
[2023-11-26T17:46:27.587+0000] {processor.py:839} INFO - DAG(s) dict_keys(['example_branch_dop_operator_v3']) retrieved from /home/airflow/.local/lib/python3.8/site-packages/airflow/example_dags/example_branch_python_dop_operator_3.py
[2023-11-26T17:46:28.722+0000] {logging_mixin.py:154} INFO - [2023-11-26T17:46:28.722+0000] {dag.py:2941} INFO - Sync 1 DAGs
[2023-11-26T17:46:28.986+0000] {logging_mixin.py:154} INFO - [2023-11-26T17:46:28.985+0000] {dag.py:3722} INFO - Setting next_dagrun for example_branch_dop_operator_v3 to 2023-11-26T17:45:00+00:00, run_after=2023-11-26T17:46:00+00:00
[2023-11-26T17:46:29.314+0000] {processor.py:179} INFO - Processing /home/airflow/.local/lib/python3.8/site-packages/airflow/example_dags/example_branch_python_dop_operator_3.py took 3.180 seconds
[2023-11-26T17:46:59.535+0000] {processor.py:157} INFO - Started process (PID=147) to work on /home/airflow/.local/lib/python3.8/site-packages/airflow/example_dags/example_branch_python_dop_operator_3.py
[2023-11-26T17:46:59.542+0000] {processor.py:829} INFO - Processing file /home/airflow/.local/lib/python3.8/site-packages/airflow/example_dags/example_branch_python_dop_operator_3.py for tasks to queue
[2023-11-26T17:46:59.556+0000] {logging_mixin.py:154} INFO - [2023-11-26T17:46:59.555+0000] {dagbag.py:536} INFO - Filling up the DagBag from /home/airflow/.local/lib/python3.8/site-packages/airflow/example_dags/example_branch_python_dop_operator_3.py
[2023-11-26T17:46:59.593+0000] {processor.py:839} INFO - DAG(s) dict_keys(['example_branch_dop_operator_v3']) retrieved from /home/airflow/.local/lib/python3.8/site-packages/airflow/example_dags/example_branch_python_dop_operator_3.py
[2023-11-26T17:46:59.660+0000] {logging_mixin.py:154} INFO - [2023-11-26T17:46:59.659+0000] {dag.py:2941} INFO - Sync 1 DAGs
[2023-11-26T17:46:59.795+0000] {logging_mixin.py:154} INFO - [2023-11-26T17:46:59.794+0000] {dag.py:3722} INFO - Setting next_dagrun for example_branch_dop_operator_v3 to 2023-11-26T17:45:00+00:00, run_after=2023-11-26T17:46:00+00:00
[2023-11-26T17:46:59.881+0000] {processor.py:179} INFO - Processing /home/airflow/.local/lib/python3.8/site-packages/airflow/example_dags/example_branch_python_dop_operator_3.py took 0.355 seconds
[2023-11-26T17:47:29.977+0000] {processor.py:157} INFO - Started process (PID=202) to work on /home/airflow/.local/lib/python3.8/site-packages/airflow/example_dags/example_branch_python_dop_operator_3.py
[2023-11-26T17:47:29.979+0000] {processor.py:829} INFO - Processing file /home/airflow/.local/lib/python3.8/site-packages/airflow/example_dags/example_branch_python_dop_operator_3.py for tasks to queue
[2023-11-26T17:47:29.984+0000] {logging_mixin.py:154} INFO - [2023-11-26T17:47:29.983+0000] {dagbag.py:536} INFO - Filling up the DagBag from /home/airflow/.local/lib/python3.8/site-packages/airflow/example_dags/example_branch_python_dop_operator_3.py
[2023-11-26T17:47:30.002+0000] {processor.py:839} INFO - DAG(s) dict_keys(['example_branch_dop_operator_v3']) retrieved from /home/airflow/.local/lib/python3.8/site-packages/airflow/example_dags/example_branch_python_dop_operator_3.py
[2023-11-26T17:47:30.046+0000] {logging_mixin.py:154} INFO - [2023-11-26T17:47:30.045+0000] {dag.py:2941} INFO - Sync 1 DAGs
[2023-11-26T17:47:30.103+0000] {logging_mixin.py:154} INFO - [2023-11-26T17:47:30.102+0000] {dag.py:3722} INFO - Setting next_dagrun for example_branch_dop_operator_v3 to 2023-11-26T17:46:00+00:00, run_after=2023-11-26T17:47:00+00:00
[2023-11-26T17:47:30.145+0000] {processor.py:179} INFO - Processing /home/airflow/.local/lib/python3.8/site-packages/airflow/example_dags/example_branch_python_dop_operator_3.py took 0.177 seconds
[2023-11-26T17:48:00.222+0000] {processor.py:157} INFO - Started process (PID=255) to work on /home/airflow/.local/lib/python3.8/site-packages/airflow/example_dags/example_branch_python_dop_operator_3.py
[2023-11-26T17:48:00.224+0000] {processor.py:829} INFO - Processing file /home/airflow/.local/lib/python3.8/site-packages/airflow/example_dags/example_branch_python_dop_operator_3.py for tasks to queue
[2023-11-26T17:48:00.229+0000] {logging_mixin.py:154} INFO - [2023-11-26T17:48:00.228+0000] {dagbag.py:536} INFO - Filling up the DagBag from /home/airflow/.local/lib/python3.8/site-packages/airflow/example_dags/example_branch_python_dop_operator_3.py
[2023-11-26T17:48:00.247+0000] {processor.py:839} INFO - DAG(s) dict_keys(['example_branch_dop_operator_v3']) retrieved from /home/airflow/.local/lib/python3.8/site-packages/airflow/example_dags/example_branch_python_dop_operator_3.py
[2023-11-26T17:48:00.298+0000] {logging_mixin.py:154} INFO - [2023-11-26T17:48:00.297+0000] {dag.py:2941} INFO - Sync 1 DAGs
[2023-11-26T17:48:00.365+0000] {logging_mixin.py:154} INFO - [2023-11-26T17:48:00.364+0000] {dag.py:3722} INFO - Setting next_dagrun for example_branch_dop_operator_v3 to 2023-11-26T17:47:00+00:00, run_after=2023-11-26T17:48:00+00:00
[2023-11-26T17:48:00.537+0000] {processor.py:179} INFO - Processing /home/airflow/.local/lib/python3.8/site-packages/airflow/example_dags/example_branch_python_dop_operator_3.py took 0.322 seconds
[2023-11-26T17:48:31.439+0000] {processor.py:157} INFO - Started process (PID=309) to work on /home/airflow/.local/lib/python3.8/site-packages/airflow/example_dags/example_branch_python_dop_operator_3.py
[2023-11-26T17:48:31.441+0000] {processor.py:829} INFO - Processing file /home/airflow/.local/lib/python3.8/site-packages/airflow/example_dags/example_branch_python_dop_operator_3.py for tasks to queue
[2023-11-26T17:48:31.446+0000] {logging_mixin.py:154} INFO - [2023-11-26T17:48:31.446+0000] {dagbag.py:536} INFO - Filling up the DagBag from /home/airflow/.local/lib/python3.8/site-packages/airflow/example_dags/example_branch_python_dop_operator_3.py
[2023-11-26T17:48:31.466+0000] {processor.py:839} INFO - DAG(s) dict_keys(['example_branch_dop_operator_v3']) retrieved from /home/airflow/.local/lib/python3.8/site-packages/airflow/example_dags/example_branch_python_dop_operator_3.py
[2023-11-26T17:48:31.509+0000] {logging_mixin.py:154} INFO - [2023-11-26T17:48:31.508+0000] {dag.py:2941} INFO - Sync 1 DAGs
[2023-11-26T17:48:31.567+0000] {logging_mixin.py:154} INFO - [2023-11-26T17:48:31.566+0000] {dag.py:3722} INFO - Setting next_dagrun for example_branch_dop_operator_v3 to 2023-11-26T17:47:00+00:00, run_after=2023-11-26T17:48:00+00:00
[2023-11-26T17:48:31.607+0000] {processor.py:179} INFO - Processing /home/airflow/.local/lib/python3.8/site-packages/airflow/example_dags/example_branch_python_dop_operator_3.py took 0.174 seconds
[2023-11-26T17:49:02.192+0000] {processor.py:157} INFO - Started process (PID=362) to work on /home/airflow/.local/lib/python3.8/site-packages/airflow/example_dags/example_branch_python_dop_operator_3.py
[2023-11-26T17:49:02.194+0000] {processor.py:829} INFO - Processing file /home/airflow/.local/lib/python3.8/site-packages/airflow/example_dags/example_branch_python_dop_operator_3.py for tasks to queue
[2023-11-26T17:49:02.201+0000] {logging_mixin.py:154} INFO - [2023-11-26T17:49:02.200+0000] {dagbag.py:536} INFO - Filling up the DagBag from /home/airflow/.local/lib/python3.8/site-packages/airflow/example_dags/example_branch_python_dop_operator_3.py
[2023-11-26T17:49:02.224+0000] {processor.py:839} INFO - DAG(s) dict_keys(['example_branch_dop_operator_v3']) retrieved from /home/airflow/.local/lib/python3.8/site-packages/airflow/example_dags/example_branch_python_dop_operator_3.py
[2023-11-26T17:49:02.283+0000] {logging_mixin.py:154} INFO - [2023-11-26T17:49:02.282+0000] {dag.py:2941} INFO - Sync 1 DAGs
[2023-11-26T17:49:02.343+0000] {logging_mixin.py:154} INFO - [2023-11-26T17:49:02.342+0000] {dag.py:3722} INFO - Setting next_dagrun for example_branch_dop_operator_v3 to 2023-11-26T17:48:00+00:00, run_after=2023-11-26T17:49:00+00:00
[2023-11-26T17:49:02.402+0000] {processor.py:179} INFO - Processing /home/airflow/.local/lib/python3.8/site-packages/airflow/example_dags/example_branch_python_dop_operator_3.py took 0.221 seconds
[2023-11-26T17:49:32.713+0000] {processor.py:157} INFO - Started process (PID=415) to work on /home/airflow/.local/lib/python3.8/site-packages/airflow/example_dags/example_branch_python_dop_operator_3.py
[2023-11-26T17:49:32.715+0000] {processor.py:829} INFO - Processing file /home/airflow/.local/lib/python3.8/site-packages/airflow/example_dags/example_branch_python_dop_operator_3.py for tasks to queue
[2023-11-26T17:49:32.722+0000] {logging_mixin.py:154} INFO - [2023-11-26T17:49:32.721+0000] {dagbag.py:536} INFO - Filling up the DagBag from /home/airflow/.local/lib/python3.8/site-packages/airflow/example_dags/example_branch_python_dop_operator_3.py
[2023-11-26T17:49:32.747+0000] {processor.py:839} INFO - DAG(s) dict_keys(['example_branch_dop_operator_v3']) retrieved from /home/airflow/.local/lib/python3.8/site-packages/airflow/example_dags/example_branch_python_dop_operator_3.py
[2023-11-26T17:49:32.805+0000] {logging_mixin.py:154} INFO - [2023-11-26T17:49:32.804+0000] {dag.py:2941} INFO - Sync 1 DAGs
[2023-11-26T17:49:32.885+0000] {logging_mixin.py:154} INFO - [2023-11-26T17:49:32.885+0000] {dag.py:3722} INFO - Setting next_dagrun for example_branch_dop_operator_v3 to 2023-11-26T17:48:00+00:00, run_after=2023-11-26T17:49:00+00:00
[2023-11-26T17:49:32.932+0000] {processor.py:179} INFO - Processing /home/airflow/.local/lib/python3.8/site-packages/airflow/example_dags/example_branch_python_dop_operator_3.py took 0.227 seconds
[2023-11-26T17:50:02.999+0000] {processor.py:157} INFO - Started process (PID=469) to work on /home/airflow/.local/lib/python3.8/site-packages/airflow/example_dags/example_branch_python_dop_operator_3.py
[2023-11-26T17:50:03.006+0000] {processor.py:829} INFO - Processing file /home/airflow/.local/lib/python3.8/site-packages/airflow/example_dags/example_branch_python_dop_operator_3.py for tasks to queue
[2023-11-26T17:50:03.015+0000] {logging_mixin.py:154} INFO - [2023-11-26T17:50:03.014+0000] {dagbag.py:536} INFO - Filling up the DagBag from /home/airflow/.local/lib/python3.8/site-packages/airflow/example_dags/example_branch_python_dop_operator_3.py
[2023-11-26T17:50:03.049+0000] {processor.py:839} INFO - DAG(s) dict_keys(['example_branch_dop_operator_v3']) retrieved from /home/airflow/.local/lib/python3.8/site-packages/airflow/example_dags/example_branch_python_dop_operator_3.py
[2023-11-26T17:50:03.122+0000] {logging_mixin.py:154} INFO - [2023-11-26T17:50:03.122+0000] {dag.py:2941} INFO - Sync 1 DAGs
[2023-11-26T17:50:03.203+0000] {logging_mixin.py:154} INFO - [2023-11-26T17:50:03.202+0000] {dag.py:3722} INFO - Setting next_dagrun for example_branch_dop_operator_v3 to 2023-11-26T17:49:00+00:00, run_after=2023-11-26T17:50:00+00:00
[2023-11-26T17:50:03.270+0000] {processor.py:179} INFO - Processing /home/airflow/.local/lib/python3.8/site-packages/airflow/example_dags/example_branch_python_dop_operator_3.py took 0.284 seconds
[2023-11-26T17:50:33.420+0000] {processor.py:157} INFO - Started process (PID=522) to work on /home/airflow/.local/lib/python3.8/site-packages/airflow/example_dags/example_branch_python_dop_operator_3.py
[2023-11-26T17:50:33.423+0000] {processor.py:829} INFO - Processing file /home/airflow/.local/lib/python3.8/site-packages/airflow/example_dags/example_branch_python_dop_operator_3.py for tasks to queue
[2023-11-26T17:50:33.431+0000] {logging_mixin.py:154} INFO - [2023-11-26T17:50:33.430+0000] {dagbag.py:536} INFO - Filling up the DagBag from /home/airflow/.local/lib/python3.8/site-packages/airflow/example_dags/example_branch_python_dop_operator_3.py
[2023-11-26T17:50:33.457+0000] {processor.py:839} INFO - DAG(s) dict_keys(['example_branch_dop_operator_v3']) retrieved from /home/airflow/.local/lib/python3.8/site-packages/airflow/example_dags/example_branch_python_dop_operator_3.py
[2023-11-26T17:50:33.536+0000] {logging_mixin.py:154} INFO - [2023-11-26T17:50:33.536+0000] {dag.py:2941} INFO - Sync 1 DAGs
[2023-11-26T17:50:33.630+0000] {logging_mixin.py:154} INFO - [2023-11-26T17:50:33.629+0000] {dag.py:3722} INFO - Setting next_dagrun for example_branch_dop_operator_v3 to 2023-11-26T17:49:00+00:00, run_after=2023-11-26T17:50:00+00:00
[2023-11-26T17:50:33.689+0000] {processor.py:179} INFO - Processing /home/airflow/.local/lib/python3.8/site-packages/airflow/example_dags/example_branch_python_dop_operator_3.py took 0.279 seconds
[2023-11-26T17:51:03.970+0000] {processor.py:157} INFO - Started process (PID=574) to work on /home/airflow/.local/lib/python3.8/site-packages/airflow/example_dags/example_branch_python_dop_operator_3.py
[2023-11-26T17:51:03.973+0000] {processor.py:829} INFO - Processing file /home/airflow/.local/lib/python3.8/site-packages/airflow/example_dags/example_branch_python_dop_operator_3.py for tasks to queue
[2023-11-26T17:51:03.980+0000] {logging_mixin.py:154} INFO - [2023-11-26T17:51:03.980+0000] {dagbag.py:536} INFO - Filling up the DagBag from /home/airflow/.local/lib/python3.8/site-packages/airflow/example_dags/example_branch_python_dop_operator_3.py
[2023-11-26T17:51:04.013+0000] {processor.py:839} INFO - DAG(s) dict_keys(['example_branch_dop_operator_v3']) retrieved from /home/airflow/.local/lib/python3.8/site-packages/airflow/example_dags/example_branch_python_dop_operator_3.py
[2023-11-26T17:51:04.098+0000] {logging_mixin.py:154} INFO - [2023-11-26T17:51:04.098+0000] {dag.py:2941} INFO - Sync 1 DAGs
[2023-11-26T17:51:04.274+0000] {logging_mixin.py:154} INFO - [2023-11-26T17:51:04.274+0000] {dag.py:3722} INFO - Setting next_dagrun for example_branch_dop_operator_v3 to 2023-11-26T17:50:00+00:00, run_after=2023-11-26T17:51:00+00:00
[2023-11-26T17:51:04.347+0000] {processor.py:179} INFO - Processing /home/airflow/.local/lib/python3.8/site-packages/airflow/example_dags/example_branch_python_dop_operator_3.py took 0.385 seconds
[2023-11-26T17:51:37.848+0000] {processor.py:157} INFO - Started process (PID=627) to work on /home/airflow/.local/lib/python3.8/site-packages/airflow/example_dags/example_branch_python_dop_operator_3.py
[2023-11-26T17:51:37.853+0000] {processor.py:829} INFO - Processing file /home/airflow/.local/lib/python3.8/site-packages/airflow/example_dags/example_branch_python_dop_operator_3.py for tasks to queue
[2023-11-26T17:51:37.864+0000] {logging_mixin.py:154} INFO - [2023-11-26T17:51:37.863+0000] {dagbag.py:536} INFO - Filling up the DagBag from /home/airflow/.local/lib/python3.8/site-packages/airflow/example_dags/example_branch_python_dop_operator_3.py
[2023-11-26T17:51:37.905+0000] {processor.py:839} INFO - DAG(s) dict_keys(['example_branch_dop_operator_v3']) retrieved from /home/airflow/.local/lib/python3.8/site-packages/airflow/example_dags/example_branch_python_dop_operator_3.py
[2023-11-26T17:51:38.009+0000] {logging_mixin.py:154} INFO - [2023-11-26T17:51:38.009+0000] {dag.py:2941} INFO - Sync 1 DAGs
[2023-11-26T17:51:38.308+0000] {logging_mixin.py:154} INFO - [2023-11-26T17:51:38.306+0000] {dag.py:3722} INFO - Setting next_dagrun for example_branch_dop_operator_v3 to 2023-11-26T17:50:00+00:00, run_after=2023-11-26T17:51:00+00:00
[2023-11-26T17:51:38.404+0000] {processor.py:179} INFO - Processing /home/airflow/.local/lib/python3.8/site-packages/airflow/example_dags/example_branch_python_dop_operator_3.py took 0.577 seconds
[2023-11-26T17:52:09.161+0000] {processor.py:157} INFO - Started process (PID=681) to work on /home/airflow/.local/lib/python3.8/site-packages/airflow/example_dags/example_branch_python_dop_operator_3.py
[2023-11-26T17:52:09.167+0000] {processor.py:829} INFO - Processing file /home/airflow/.local/lib/python3.8/site-packages/airflow/example_dags/example_branch_python_dop_operator_3.py for tasks to queue
[2023-11-26T17:52:09.176+0000] {logging_mixin.py:154} INFO - [2023-11-26T17:52:09.175+0000] {dagbag.py:536} INFO - Filling up the DagBag from /home/airflow/.local/lib/python3.8/site-packages/airflow/example_dags/example_branch_python_dop_operator_3.py
[2023-11-26T17:52:09.256+0000] {processor.py:839} INFO - DAG(s) dict_keys(['example_branch_dop_operator_v3']) retrieved from /home/airflow/.local/lib/python3.8/site-packages/airflow/example_dags/example_branch_python_dop_operator_3.py
[2023-11-26T17:52:09.595+0000] {logging_mixin.py:154} INFO - [2023-11-26T17:52:09.594+0000] {dag.py:2941} INFO - Sync 1 DAGs
[2023-11-26T17:52:09.891+0000] {logging_mixin.py:154} INFO - [2023-11-26T17:52:09.890+0000] {dag.py:3722} INFO - Setting next_dagrun for example_branch_dop_operator_v3 to 2023-11-26T17:51:00+00:00, run_after=2023-11-26T17:52:00+00:00
[2023-11-26T17:52:09.960+0000] {processor.py:179} INFO - Processing /home/airflow/.local/lib/python3.8/site-packages/airflow/example_dags/example_branch_python_dop_operator_3.py took 0.820 seconds
[2023-11-26T17:52:40.540+0000] {processor.py:157} INFO - Started process (PID=735) to work on /home/airflow/.local/lib/python3.8/site-packages/airflow/example_dags/example_branch_python_dop_operator_3.py
[2023-11-26T17:52:40.547+0000] {processor.py:829} INFO - Processing file /home/airflow/.local/lib/python3.8/site-packages/airflow/example_dags/example_branch_python_dop_operator_3.py for tasks to queue
[2023-11-26T17:52:40.553+0000] {logging_mixin.py:154} INFO - [2023-11-26T17:52:40.552+0000] {dagbag.py:536} INFO - Filling up the DagBag from /home/airflow/.local/lib/python3.8/site-packages/airflow/example_dags/example_branch_python_dop_operator_3.py
[2023-11-26T17:52:40.588+0000] {processor.py:839} INFO - DAG(s) dict_keys(['example_branch_dop_operator_v3']) retrieved from /home/airflow/.local/lib/python3.8/site-packages/airflow/example_dags/example_branch_python_dop_operator_3.py
[2023-11-26T17:52:40.670+0000] {logging_mixin.py:154} INFO - [2023-11-26T17:52:40.669+0000] {dag.py:2941} INFO - Sync 1 DAGs
[2023-11-26T17:52:40.795+0000] {logging_mixin.py:154} INFO - [2023-11-26T17:52:40.793+0000] {dag.py:3722} INFO - Setting next_dagrun for example_branch_dop_operator_v3 to 2023-11-26T17:51:00+00:00, run_after=2023-11-26T17:52:00+00:00
[2023-11-26T17:52:40.866+0000] {processor.py:179} INFO - Processing /home/airflow/.local/lib/python3.8/site-packages/airflow/example_dags/example_branch_python_dop_operator_3.py took 0.340 seconds
[2023-11-26T17:53:11.501+0000] {processor.py:157} INFO - Started process (PID=789) to work on /home/airflow/.local/lib/python3.8/site-packages/airflow/example_dags/example_branch_python_dop_operator_3.py
[2023-11-26T17:53:11.504+0000] {processor.py:829} INFO - Processing file /home/airflow/.local/lib/python3.8/site-packages/airflow/example_dags/example_branch_python_dop_operator_3.py for tasks to queue
[2023-11-26T17:53:11.511+0000] {logging_mixin.py:154} INFO - [2023-11-26T17:53:11.510+0000] {dagbag.py:536} INFO - Filling up the DagBag from /home/airflow/.local/lib/python3.8/site-packages/airflow/example_dags/example_branch_python_dop_operator_3.py
[2023-11-26T17:53:11.545+0000] {processor.py:839} INFO - DAG(s) dict_keys(['example_branch_dop_operator_v3']) retrieved from /home/airflow/.local/lib/python3.8/site-packages/airflow/example_dags/example_branch_python_dop_operator_3.py
[2023-11-26T17:53:11.600+0000] {logging_mixin.py:154} INFO - [2023-11-26T17:53:11.599+0000] {dag.py:2941} INFO - Sync 1 DAGs
[2023-11-26T17:53:11.737+0000] {logging_mixin.py:154} INFO - [2023-11-26T17:53:11.737+0000] {dag.py:3722} INFO - Setting next_dagrun for example_branch_dop_operator_v3 to 2023-11-26T17:52:00+00:00, run_after=2023-11-26T17:53:00+00:00
[2023-11-26T17:53:11.816+0000] {processor.py:179} INFO - Processing /home/airflow/.local/lib/python3.8/site-packages/airflow/example_dags/example_branch_python_dop_operator_3.py took 0.336 seconds
[2023-11-26T17:53:42.200+0000] {processor.py:157} INFO - Started process (PID=843) to work on /home/airflow/.local/lib/python3.8/site-packages/airflow/example_dags/example_branch_python_dop_operator_3.py
[2023-11-26T17:53:42.202+0000] {processor.py:829} INFO - Processing file /home/airflow/.local/lib/python3.8/site-packages/airflow/example_dags/example_branch_python_dop_operator_3.py for tasks to queue
[2023-11-26T17:53:42.208+0000] {logging_mixin.py:154} INFO - [2023-11-26T17:53:42.207+0000] {dagbag.py:536} INFO - Filling up the DagBag from /home/airflow/.local/lib/python3.8/site-packages/airflow/example_dags/example_branch_python_dop_operator_3.py
[2023-11-26T17:53:42.232+0000] {processor.py:839} INFO - DAG(s) dict_keys(['example_branch_dop_operator_v3']) retrieved from /home/airflow/.local/lib/python3.8/site-packages/airflow/example_dags/example_branch_python_dop_operator_3.py
[2023-11-26T17:53:42.287+0000] {logging_mixin.py:154} INFO - [2023-11-26T17:53:42.287+0000] {dag.py:2941} INFO - Sync 1 DAGs
[2023-11-26T17:53:42.376+0000] {logging_mixin.py:154} INFO - [2023-11-26T17:53:42.376+0000] {dag.py:3722} INFO - Setting next_dagrun for example_branch_dop_operator_v3 to 2023-11-26T17:52:00+00:00, run_after=2023-11-26T17:53:00+00:00
[2023-11-26T17:53:42.633+0000] {processor.py:179} INFO - Processing /home/airflow/.local/lib/python3.8/site-packages/airflow/example_dags/example_branch_python_dop_operator_3.py took 0.440 seconds
[2023-11-26T17:54:18.031+0000] {processor.py:157} INFO - Started process (PID=897) to work on /home/airflow/.local/lib/python3.8/site-packages/airflow/example_dags/example_branch_python_dop_operator_3.py
[2023-11-26T17:54:18.049+0000] {processor.py:829} INFO - Processing file /home/airflow/.local/lib/python3.8/site-packages/airflow/example_dags/example_branch_python_dop_operator_3.py for tasks to queue
[2023-11-26T17:54:18.068+0000] {logging_mixin.py:154} INFO - [2023-11-26T17:54:18.068+0000] {dagbag.py:536} INFO - Filling up the DagBag from /home/airflow/.local/lib/python3.8/site-packages/airflow/example_dags/example_branch_python_dop_operator_3.py
[2023-11-26T17:54:18.369+0000] {processor.py:839} INFO - DAG(s) dict_keys(['example_branch_dop_operator_v3']) retrieved from /home/airflow/.local/lib/python3.8/site-packages/airflow/example_dags/example_branch_python_dop_operator_3.py
[2023-11-26T17:54:18.787+0000] {logging_mixin.py:154} INFO - [2023-11-26T17:54:18.786+0000] {dag.py:2941} INFO - Sync 1 DAGs
[2023-11-26T17:54:19.246+0000] {logging_mixin.py:154} INFO - [2023-11-26T17:54:19.246+0000] {dag.py:3722} INFO - Setting next_dagrun for example_branch_dop_operator_v3 to 2023-11-26T17:53:00+00:00, run_after=2023-11-26T17:54:00+00:00
[2023-11-26T17:54:19.547+0000] {processor.py:179} INFO - Processing /home/airflow/.local/lib/python3.8/site-packages/airflow/example_dags/example_branch_python_dop_operator_3.py took 1.543 seconds
[2023-11-26T17:54:51.194+0000] {processor.py:157} INFO - Started process (PID=951) to work on /home/airflow/.local/lib/python3.8/site-packages/airflow/example_dags/example_branch_python_dop_operator_3.py
[2023-11-26T17:54:51.205+0000] {processor.py:829} INFO - Processing file /home/airflow/.local/lib/python3.8/site-packages/airflow/example_dags/example_branch_python_dop_operator_3.py for tasks to queue
[2023-11-26T17:54:51.250+0000] {logging_mixin.py:154} INFO - [2023-11-26T17:54:51.250+0000] {dagbag.py:536} INFO - Filling up the DagBag from /home/airflow/.local/lib/python3.8/site-packages/airflow/example_dags/example_branch_python_dop_operator_3.py
[2023-11-26T17:54:51.290+0000] {processor.py:839} INFO - DAG(s) dict_keys(['example_branch_dop_operator_v3']) retrieved from /home/airflow/.local/lib/python3.8/site-packages/airflow/example_dags/example_branch_python_dop_operator_3.py
[2023-11-26T17:54:51.520+0000] {logging_mixin.py:154} INFO - [2023-11-26T17:54:51.518+0000] {dag.py:2941} INFO - Sync 1 DAGs
[2023-11-26T17:54:52.274+0000] {logging_mixin.py:154} INFO - [2023-11-26T17:54:52.273+0000] {dag.py:3722} INFO - Setting next_dagrun for example_branch_dop_operator_v3 to 2023-11-26T17:53:00+00:00, run_after=2023-11-26T17:54:00+00:00
[2023-11-26T17:54:52.800+0000] {processor.py:179} INFO - Processing /home/airflow/.local/lib/python3.8/site-packages/airflow/example_dags/example_branch_python_dop_operator_3.py took 1.636 seconds
[2023-11-26T17:55:23.482+0000] {processor.py:157} INFO - Started process (PID=1006) to work on /home/airflow/.local/lib/python3.8/site-packages/airflow/example_dags/example_branch_python_dop_operator_3.py
[2023-11-26T17:55:23.485+0000] {processor.py:829} INFO - Processing file /home/airflow/.local/lib/python3.8/site-packages/airflow/example_dags/example_branch_python_dop_operator_3.py for tasks to queue
[2023-11-26T17:55:23.489+0000] {logging_mixin.py:154} INFO - [2023-11-26T17:55:23.489+0000] {dagbag.py:536} INFO - Filling up the DagBag from /home/airflow/.local/lib/python3.8/site-packages/airflow/example_dags/example_branch_python_dop_operator_3.py
[2023-11-26T17:55:23.509+0000] {processor.py:839} INFO - DAG(s) dict_keys(['example_branch_dop_operator_v3']) retrieved from /home/airflow/.local/lib/python3.8/site-packages/airflow/example_dags/example_branch_python_dop_operator_3.py
[2023-11-26T17:55:23.559+0000] {logging_mixin.py:154} INFO - [2023-11-26T17:55:23.558+0000] {dag.py:2941} INFO - Sync 1 DAGs
[2023-11-26T17:55:23.635+0000] {logging_mixin.py:154} INFO - [2023-11-26T17:55:23.634+0000] {dag.py:3722} INFO - Setting next_dagrun for example_branch_dop_operator_v3 to 2023-11-26T17:54:00+00:00, run_after=2023-11-26T17:55:00+00:00
[2023-11-26T17:55:23.937+0000] {processor.py:179} INFO - Processing /home/airflow/.local/lib/python3.8/site-packages/airflow/example_dags/example_branch_python_dop_operator_3.py took 0.463 seconds
[2023-11-26T17:55:54.127+0000] {processor.py:157} INFO - Started process (PID=1060) to work on /home/airflow/.local/lib/python3.8/site-packages/airflow/example_dags/example_branch_python_dop_operator_3.py
[2023-11-26T17:55:54.130+0000] {processor.py:829} INFO - Processing file /home/airflow/.local/lib/python3.8/site-packages/airflow/example_dags/example_branch_python_dop_operator_3.py for tasks to queue
[2023-11-26T17:55:54.139+0000] {logging_mixin.py:154} INFO - [2023-11-26T17:55:54.138+0000] {dagbag.py:536} INFO - Filling up the DagBag from /home/airflow/.local/lib/python3.8/site-packages/airflow/example_dags/example_branch_python_dop_operator_3.py
[2023-11-26T17:55:54.161+0000] {processor.py:839} INFO - DAG(s) dict_keys(['example_branch_dop_operator_v3']) retrieved from /home/airflow/.local/lib/python3.8/site-packages/airflow/example_dags/example_branch_python_dop_operator_3.py
[2023-11-26T17:55:54.225+0000] {logging_mixin.py:154} INFO - [2023-11-26T17:55:54.224+0000] {dag.py:2941} INFO - Sync 1 DAGs
[2023-11-26T17:55:54.297+0000] {logging_mixin.py:154} INFO - [2023-11-26T17:55:54.297+0000] {dag.py:3722} INFO - Setting next_dagrun for example_branch_dop_operator_v3 to 2023-11-26T17:54:00+00:00, run_after=2023-11-26T17:55:00+00:00
[2023-11-26T17:55:54.344+0000] {processor.py:179} INFO - Processing /home/airflow/.local/lib/python3.8/site-packages/airflow/example_dags/example_branch_python_dop_operator_3.py took 0.227 seconds
[2023-11-26T17:56:24.407+0000] {processor.py:157} INFO - Started process (PID=1114) to work on /home/airflow/.local/lib/python3.8/site-packages/airflow/example_dags/example_branch_python_dop_operator_3.py
[2023-11-26T17:56:24.411+0000] {processor.py:829} INFO - Processing file /home/airflow/.local/lib/python3.8/site-packages/airflow/example_dags/example_branch_python_dop_operator_3.py for tasks to queue
[2023-11-26T17:56:24.417+0000] {logging_mixin.py:154} INFO - [2023-11-26T17:56:24.417+0000] {dagbag.py:536} INFO - Filling up the DagBag from /home/airflow/.local/lib/python3.8/site-packages/airflow/example_dags/example_branch_python_dop_operator_3.py
[2023-11-26T17:56:24.434+0000] {processor.py:839} INFO - DAG(s) dict_keys(['example_branch_dop_operator_v3']) retrieved from /home/airflow/.local/lib/python3.8/site-packages/airflow/example_dags/example_branch_python_dop_operator_3.py
[2023-11-26T17:56:24.481+0000] {logging_mixin.py:154} INFO - [2023-11-26T17:56:24.481+0000] {dag.py:2941} INFO - Sync 1 DAGs
[2023-11-26T17:56:24.553+0000] {logging_mixin.py:154} INFO - [2023-11-26T17:56:24.552+0000] {dag.py:3722} INFO - Setting next_dagrun for example_branch_dop_operator_v3 to 2023-11-26T17:55:00+00:00, run_after=2023-11-26T17:56:00+00:00
[2023-11-26T17:56:24.695+0000] {processor.py:179} INFO - Processing /home/airflow/.local/lib/python3.8/site-packages/airflow/example_dags/example_branch_python_dop_operator_3.py took 0.294 seconds
[2023-11-26T17:56:55.256+0000] {processor.py:157} INFO - Started process (PID=1168) to work on /home/airflow/.local/lib/python3.8/site-packages/airflow/example_dags/example_branch_python_dop_operator_3.py
[2023-11-26T17:56:55.261+0000] {processor.py:829} INFO - Processing file /home/airflow/.local/lib/python3.8/site-packages/airflow/example_dags/example_branch_python_dop_operator_3.py for tasks to queue
[2023-11-26T17:56:55.265+0000] {logging_mixin.py:154} INFO - [2023-11-26T17:56:55.264+0000] {dagbag.py:536} INFO - Filling up the DagBag from /home/airflow/.local/lib/python3.8/site-packages/airflow/example_dags/example_branch_python_dop_operator_3.py
[2023-11-26T17:56:55.292+0000] {processor.py:839} INFO - DAG(s) dict_keys(['example_branch_dop_operator_v3']) retrieved from /home/airflow/.local/lib/python3.8/site-packages/airflow/example_dags/example_branch_python_dop_operator_3.py
[2023-11-26T17:56:55.339+0000] {logging_mixin.py:154} INFO - [2023-11-26T17:56:55.338+0000] {dag.py:2941} INFO - Sync 1 DAGs
[2023-11-26T17:56:55.414+0000] {logging_mixin.py:154} INFO - [2023-11-26T17:56:55.413+0000] {dag.py:3722} INFO - Setting next_dagrun for example_branch_dop_operator_v3 to 2023-11-26T17:55:00+00:00, run_after=2023-11-26T17:56:00+00:00
[2023-11-26T17:56:55.481+0000] {processor.py:179} INFO - Processing /home/airflow/.local/lib/python3.8/site-packages/airflow/example_dags/example_branch_python_dop_operator_3.py took 0.233 seconds
[2023-11-26T17:57:46.313+0000] {processor.py:157} INFO - Started process (PID=1233) to work on /home/airflow/.local/lib/python3.8/site-packages/airflow/example_dags/example_branch_python_dop_operator_3.py
[2023-11-26T17:57:46.316+0000] {processor.py:829} INFO - Processing file /home/airflow/.local/lib/python3.8/site-packages/airflow/example_dags/example_branch_python_dop_operator_3.py for tasks to queue
[2023-11-26T17:57:46.322+0000] {logging_mixin.py:154} INFO - [2023-11-26T17:57:46.321+0000] {dagbag.py:536} INFO - Filling up the DagBag from /home/airflow/.local/lib/python3.8/site-packages/airflow/example_dags/example_branch_python_dop_operator_3.py
[2023-11-26T17:57:46.378+0000] {processor.py:839} INFO - DAG(s) dict_keys(['example_branch_dop_operator_v3']) retrieved from /home/airflow/.local/lib/python3.8/site-packages/airflow/example_dags/example_branch_python_dop_operator_3.py
[2023-11-26T17:57:46.515+0000] {logging_mixin.py:154} INFO - [2023-11-26T17:57:46.515+0000] {dag.py:2941} INFO - Sync 1 DAGs
[2023-11-26T17:57:46.705+0000] {logging_mixin.py:154} INFO - [2023-11-26T17:57:46.705+0000] {dag.py:3722} INFO - Setting next_dagrun for example_branch_dop_operator_v3 to 2023-11-26T17:56:00+00:00, run_after=2023-11-26T17:57:00+00:00
[2023-11-26T17:57:46.806+0000] {processor.py:179} INFO - Processing /home/airflow/.local/lib/python3.8/site-packages/airflow/example_dags/example_branch_python_dop_operator_3.py took 0.518 seconds
[2023-11-26T17:58:16.997+0000] {processor.py:157} INFO - Started process (PID=1287) to work on /home/airflow/.local/lib/python3.8/site-packages/airflow/example_dags/example_branch_python_dop_operator_3.py
[2023-11-26T17:58:17.000+0000] {processor.py:829} INFO - Processing file /home/airflow/.local/lib/python3.8/site-packages/airflow/example_dags/example_branch_python_dop_operator_3.py for tasks to queue
[2023-11-26T17:58:17.005+0000] {logging_mixin.py:154} INFO - [2023-11-26T17:58:17.004+0000] {dagbag.py:536} INFO - Filling up the DagBag from /home/airflow/.local/lib/python3.8/site-packages/airflow/example_dags/example_branch_python_dop_operator_3.py
[2023-11-26T17:58:17.025+0000] {processor.py:839} INFO - DAG(s) dict_keys(['example_branch_dop_operator_v3']) retrieved from /home/airflow/.local/lib/python3.8/site-packages/airflow/example_dags/example_branch_python_dop_operator_3.py
[2023-11-26T17:58:17.091+0000] {logging_mixin.py:154} INFO - [2023-11-26T17:58:17.091+0000] {dag.py:2941} INFO - Sync 1 DAGs
[2023-11-26T17:58:17.216+0000] {logging_mixin.py:154} INFO - [2023-11-26T17:58:17.215+0000] {dag.py:3722} INFO - Setting next_dagrun for example_branch_dop_operator_v3 to 2023-11-26T17:57:00+00:00, run_after=2023-11-26T17:58:00+00:00
[2023-11-26T17:58:17.569+0000] {processor.py:179} INFO - Processing /home/airflow/.local/lib/python3.8/site-packages/airflow/example_dags/example_branch_python_dop_operator_3.py took 0.578 seconds
[2023-11-26T17:58:48.643+0000] {processor.py:157} INFO - Started process (PID=1341) to work on /home/airflow/.local/lib/python3.8/site-packages/airflow/example_dags/example_branch_python_dop_operator_3.py
[2023-11-26T17:58:48.645+0000] {processor.py:829} INFO - Processing file /home/airflow/.local/lib/python3.8/site-packages/airflow/example_dags/example_branch_python_dop_operator_3.py for tasks to queue
[2023-11-26T17:58:48.652+0000] {logging_mixin.py:154} INFO - [2023-11-26T17:58:48.651+0000] {dagbag.py:536} INFO - Filling up the DagBag from /home/airflow/.local/lib/python3.8/site-packages/airflow/example_dags/example_branch_python_dop_operator_3.py
[2023-11-26T17:58:48.687+0000] {processor.py:839} INFO - DAG(s) dict_keys(['example_branch_dop_operator_v3']) retrieved from /home/airflow/.local/lib/python3.8/site-packages/airflow/example_dags/example_branch_python_dop_operator_3.py
[2023-11-26T17:58:48.823+0000] {logging_mixin.py:154} INFO - [2023-11-26T17:58:48.823+0000] {dag.py:2941} INFO - Sync 1 DAGs
[2023-11-26T17:58:49.040+0000] {logging_mixin.py:154} INFO - [2023-11-26T17:58:49.040+0000] {dag.py:3722} INFO - Setting next_dagrun for example_branch_dop_operator_v3 to 2023-11-26T17:57:00+00:00, run_after=2023-11-26T17:58:00+00:00
[2023-11-26T17:58:49.166+0000] {processor.py:179} INFO - Processing /home/airflow/.local/lib/python3.8/site-packages/airflow/example_dags/example_branch_python_dop_operator_3.py took 0.536 seconds
[2023-11-26T17:59:19.573+0000] {processor.py:157} INFO - Started process (PID=1395) to work on /home/airflow/.local/lib/python3.8/site-packages/airflow/example_dags/example_branch_python_dop_operator_3.py
[2023-11-26T17:59:19.597+0000] {processor.py:829} INFO - Processing file /home/airflow/.local/lib/python3.8/site-packages/airflow/example_dags/example_branch_python_dop_operator_3.py for tasks to queue
[2023-11-26T17:59:19.605+0000] {logging_mixin.py:154} INFO - [2023-11-26T17:59:19.604+0000] {dagbag.py:536} INFO - Filling up the DagBag from /home/airflow/.local/lib/python3.8/site-packages/airflow/example_dags/example_branch_python_dop_operator_3.py
[2023-11-26T17:59:19.638+0000] {processor.py:839} INFO - DAG(s) dict_keys(['example_branch_dop_operator_v3']) retrieved from /home/airflow/.local/lib/python3.8/site-packages/airflow/example_dags/example_branch_python_dop_operator_3.py
[2023-11-26T17:59:19.718+0000] {logging_mixin.py:154} INFO - [2023-11-26T17:59:19.718+0000] {dag.py:2941} INFO - Sync 1 DAGs
[2023-11-26T17:59:19.870+0000] {logging_mixin.py:154} INFO - [2023-11-26T17:59:19.869+0000] {dag.py:3722} INFO - Setting next_dagrun for example_branch_dop_operator_v3 to 2023-11-26T17:58:00+00:00, run_after=2023-11-26T17:59:00+00:00
[2023-11-26T17:59:19.923+0000] {processor.py:179} INFO - Processing /home/airflow/.local/lib/python3.8/site-packages/airflow/example_dags/example_branch_python_dop_operator_3.py took 0.356 seconds
[2023-11-26T17:59:52.763+0000] {processor.py:157} INFO - Started process (PID=1449) to work on /home/airflow/.local/lib/python3.8/site-packages/airflow/example_dags/example_branch_python_dop_operator_3.py
[2023-11-26T17:59:52.766+0000] {processor.py:829} INFO - Processing file /home/airflow/.local/lib/python3.8/site-packages/airflow/example_dags/example_branch_python_dop_operator_3.py for tasks to queue
[2023-11-26T17:59:52.774+0000] {logging_mixin.py:154} INFO - [2023-11-26T17:59:52.774+0000] {dagbag.py:536} INFO - Filling up the DagBag from /home/airflow/.local/lib/python3.8/site-packages/airflow/example_dags/example_branch_python_dop_operator_3.py
[2023-11-26T17:59:52.808+0000] {processor.py:839} INFO - DAG(s) dict_keys(['example_branch_dop_operator_v3']) retrieved from /home/airflow/.local/lib/python3.8/site-packages/airflow/example_dags/example_branch_python_dop_operator_3.py
[2023-11-26T17:59:52.899+0000] {logging_mixin.py:154} INFO - [2023-11-26T17:59:52.899+0000] {dag.py:2941} INFO - Sync 1 DAGs
[2023-11-26T17:59:53.366+0000] {logging_mixin.py:154} INFO - [2023-11-26T17:59:53.365+0000] {dag.py:3722} INFO - Setting next_dagrun for example_branch_dop_operator_v3 to 2023-11-26T17:58:00+00:00, run_after=2023-11-26T17:59:00+00:00
[2023-11-26T17:59:53.423+0000] {processor.py:179} INFO - Processing /home/airflow/.local/lib/python3.8/site-packages/airflow/example_dags/example_branch_python_dop_operator_3.py took 0.675 seconds
[2023-11-26T18:00:24.195+0000] {processor.py:157} INFO - Started process (PID=1502) to work on /home/airflow/.local/lib/python3.8/site-packages/airflow/example_dags/example_branch_python_dop_operator_3.py
[2023-11-26T18:00:24.197+0000] {processor.py:829} INFO - Processing file /home/airflow/.local/lib/python3.8/site-packages/airflow/example_dags/example_branch_python_dop_operator_3.py for tasks to queue
[2023-11-26T18:00:24.205+0000] {logging_mixin.py:154} INFO - [2023-11-26T18:00:24.204+0000] {dagbag.py:536} INFO - Filling up the DagBag from /home/airflow/.local/lib/python3.8/site-packages/airflow/example_dags/example_branch_python_dop_operator_3.py
[2023-11-26T18:00:24.236+0000] {processor.py:839} INFO - DAG(s) dict_keys(['example_branch_dop_operator_v3']) retrieved from /home/airflow/.local/lib/python3.8/site-packages/airflow/example_dags/example_branch_python_dop_operator_3.py
[2023-11-26T18:00:24.332+0000] {logging_mixin.py:154} INFO - [2023-11-26T18:00:24.332+0000] {dag.py:2941} INFO - Sync 1 DAGs
[2023-11-26T18:00:24.440+0000] {logging_mixin.py:154} INFO - [2023-11-26T18:00:24.439+0000] {dag.py:3722} INFO - Setting next_dagrun for example_branch_dop_operator_v3 to 2023-11-26T17:59:00+00:00, run_after=2023-11-26T18:00:00+00:00
[2023-11-26T18:00:24.482+0000] {processor.py:179} INFO - Processing /home/airflow/.local/lib/python3.8/site-packages/airflow/example_dags/example_branch_python_dop_operator_3.py took 0.294 seconds
[2023-11-26T18:00:55.590+0000] {processor.py:157} INFO - Started process (PID=1556) to work on /home/airflow/.local/lib/python3.8/site-packages/airflow/example_dags/example_branch_python_dop_operator_3.py
[2023-11-26T18:00:55.593+0000] {processor.py:829} INFO - Processing file /home/airflow/.local/lib/python3.8/site-packages/airflow/example_dags/example_branch_python_dop_operator_3.py for tasks to queue
[2023-11-26T18:00:55.601+0000] {logging_mixin.py:154} INFO - [2023-11-26T18:00:55.600+0000] {dagbag.py:536} INFO - Filling up the DagBag from /home/airflow/.local/lib/python3.8/site-packages/airflow/example_dags/example_branch_python_dop_operator_3.py
[2023-11-26T18:00:55.670+0000] {processor.py:839} INFO - DAG(s) dict_keys(['example_branch_dop_operator_v3']) retrieved from /home/airflow/.local/lib/python3.8/site-packages/airflow/example_dags/example_branch_python_dop_operator_3.py
[2023-11-26T18:00:55.880+0000] {logging_mixin.py:154} INFO - [2023-11-26T18:00:55.878+0000] {dag.py:2941} INFO - Sync 1 DAGs
[2023-11-26T18:00:56.059+0000] {logging_mixin.py:154} INFO - [2023-11-26T18:00:56.058+0000] {dag.py:3722} INFO - Setting next_dagrun for example_branch_dop_operator_v3 to 2023-11-26T17:59:00+00:00, run_after=2023-11-26T18:00:00+00:00
[2023-11-26T18:00:56.200+0000] {processor.py:179} INFO - Processing /home/airflow/.local/lib/python3.8/site-packages/airflow/example_dags/example_branch_python_dop_operator_3.py took 0.647 seconds
[2023-11-26T18:01:26.920+0000] {processor.py:157} INFO - Started process (PID=1608) to work on /home/airflow/.local/lib/python3.8/site-packages/airflow/example_dags/example_branch_python_dop_operator_3.py
[2023-11-26T18:01:26.922+0000] {processor.py:829} INFO - Processing file /home/airflow/.local/lib/python3.8/site-packages/airflow/example_dags/example_branch_python_dop_operator_3.py for tasks to queue
[2023-11-26T18:01:26.929+0000] {logging_mixin.py:154} INFO - [2023-11-26T18:01:26.929+0000] {dagbag.py:536} INFO - Filling up the DagBag from /home/airflow/.local/lib/python3.8/site-packages/airflow/example_dags/example_branch_python_dop_operator_3.py
[2023-11-26T18:01:26.952+0000] {processor.py:839} INFO - DAG(s) dict_keys(['example_branch_dop_operator_v3']) retrieved from /home/airflow/.local/lib/python3.8/site-packages/airflow/example_dags/example_branch_python_dop_operator_3.py
[2023-11-26T18:01:27.021+0000] {logging_mixin.py:154} INFO - [2023-11-26T18:01:27.020+0000] {dag.py:2941} INFO - Sync 1 DAGs
[2023-11-26T18:01:27.151+0000] {logging_mixin.py:154} INFO - [2023-11-26T18:01:27.151+0000] {dag.py:3722} INFO - Setting next_dagrun for example_branch_dop_operator_v3 to 2023-11-26T18:00:00+00:00, run_after=2023-11-26T18:01:00+00:00
[2023-11-26T18:01:27.266+0000] {processor.py:179} INFO - Processing /home/airflow/.local/lib/python3.8/site-packages/airflow/example_dags/example_branch_python_dop_operator_3.py took 0.355 seconds
[2023-11-26T18:01:57.914+0000] {processor.py:157} INFO - Started process (PID=1661) to work on /home/airflow/.local/lib/python3.8/site-packages/airflow/example_dags/example_branch_python_dop_operator_3.py
[2023-11-26T18:01:57.917+0000] {processor.py:829} INFO - Processing file /home/airflow/.local/lib/python3.8/site-packages/airflow/example_dags/example_branch_python_dop_operator_3.py for tasks to queue
[2023-11-26T18:01:57.924+0000] {logging_mixin.py:154} INFO - [2023-11-26T18:01:57.923+0000] {dagbag.py:536} INFO - Filling up the DagBag from /home/airflow/.local/lib/python3.8/site-packages/airflow/example_dags/example_branch_python_dop_operator_3.py
[2023-11-26T18:01:57.951+0000] {processor.py:839} INFO - DAG(s) dict_keys(['example_branch_dop_operator_v3']) retrieved from /home/airflow/.local/lib/python3.8/site-packages/airflow/example_dags/example_branch_python_dop_operator_3.py
[2023-11-26T18:01:58.013+0000] {logging_mixin.py:154} INFO - [2023-11-26T18:01:58.012+0000] {dag.py:2941} INFO - Sync 1 DAGs
[2023-11-26T18:01:58.152+0000] {logging_mixin.py:154} INFO - [2023-11-26T18:01:58.152+0000] {dag.py:3722} INFO - Setting next_dagrun for example_branch_dop_operator_v3 to 2023-11-26T18:00:00+00:00, run_after=2023-11-26T18:01:00+00:00
[2023-11-26T18:01:58.215+0000] {processor.py:179} INFO - Processing /home/airflow/.local/lib/python3.8/site-packages/airflow/example_dags/example_branch_python_dop_operator_3.py took 0.310 seconds
[2023-11-26T18:02:32.836+0000] {processor.py:157} INFO - Started process (PID=1715) to work on /home/airflow/.local/lib/python3.8/site-packages/airflow/example_dags/example_branch_python_dop_operator_3.py
[2023-11-26T18:02:33.098+0000] {processor.py:829} INFO - Processing file /home/airflow/.local/lib/python3.8/site-packages/airflow/example_dags/example_branch_python_dop_operator_3.py for tasks to queue
[2023-11-26T18:02:33.156+0000] {logging_mixin.py:154} INFO - [2023-11-26T18:02:33.154+0000] {dagbag.py:536} INFO - Filling up the DagBag from /home/airflow/.local/lib/python3.8/site-packages/airflow/example_dags/example_branch_python_dop_operator_3.py
[2023-11-26T18:02:33.445+0000] {processor.py:839} INFO - DAG(s) dict_keys(['example_branch_dop_operator_v3']) retrieved from /home/airflow/.local/lib/python3.8/site-packages/airflow/example_dags/example_branch_python_dop_operator_3.py
[2023-11-26T18:02:33.696+0000] {logging_mixin.py:154} INFO - [2023-11-26T18:02:33.696+0000] {dag.py:2941} INFO - Sync 1 DAGs
[2023-11-26T18:02:33.898+0000] {logging_mixin.py:154} INFO - [2023-11-26T18:02:33.897+0000] {dag.py:3722} INFO - Setting next_dagrun for example_branch_dop_operator_v3 to 2023-11-26T18:01:00+00:00, run_after=2023-11-26T18:02:00+00:00
[2023-11-26T18:02:34.126+0000] {processor.py:179} INFO - Processing /home/airflow/.local/lib/python3.8/site-packages/airflow/example_dags/example_branch_python_dop_operator_3.py took 1.351 seconds
[2023-11-26T18:03:04.224+0000] {processor.py:157} INFO - Started process (PID=1769) to work on /home/airflow/.local/lib/python3.8/site-packages/airflow/example_dags/example_branch_python_dop_operator_3.py
[2023-11-26T18:03:04.227+0000] {processor.py:829} INFO - Processing file /home/airflow/.local/lib/python3.8/site-packages/airflow/example_dags/example_branch_python_dop_operator_3.py for tasks to queue
[2023-11-26T18:03:04.235+0000] {logging_mixin.py:154} INFO - [2023-11-26T18:03:04.234+0000] {dagbag.py:536} INFO - Filling up the DagBag from /home/airflow/.local/lib/python3.8/site-packages/airflow/example_dags/example_branch_python_dop_operator_3.py
[2023-11-26T18:03:04.262+0000] {processor.py:839} INFO - DAG(s) dict_keys(['example_branch_dop_operator_v3']) retrieved from /home/airflow/.local/lib/python3.8/site-packages/airflow/example_dags/example_branch_python_dop_operator_3.py
[2023-11-26T18:03:04.310+0000] {logging_mixin.py:154} INFO - [2023-11-26T18:03:04.310+0000] {dag.py:2941} INFO - Sync 1 DAGs
[2023-11-26T18:03:04.370+0000] {logging_mixin.py:154} INFO - [2023-11-26T18:03:04.370+0000] {dag.py:3722} INFO - Setting next_dagrun for example_branch_dop_operator_v3 to 2023-11-26T18:02:00+00:00, run_after=2023-11-26T18:03:00+00:00
[2023-11-26T18:03:04.409+0000] {processor.py:179} INFO - Processing /home/airflow/.local/lib/python3.8/site-packages/airflow/example_dags/example_branch_python_dop_operator_3.py took 0.197 seconds
