[2023-11-26T17:42:24.677+0000] {processor.py:157} INFO - Started process (PID=76) to work on /home/airflow/.local/lib/python3.8/site-packages/airflow/example_dags/example_sla_dag.py
[2023-11-26T17:42:24.694+0000] {processor.py:829} INFO - Processing file /home/airflow/.local/lib/python3.8/site-packages/airflow/example_dags/example_sla_dag.py for tasks to queue
[2023-11-26T17:42:25.069+0000] {logging_mixin.py:154} INFO - [2023-11-26T17:42:24.915+0000] {dagbag.py:536} INFO - Filling up the DagBag from /home/airflow/.local/lib/python3.8/site-packages/airflow/example_dags/example_sla_dag.py
[2023-11-26T17:42:26.843+0000] {processor.py:839} INFO - DAG(s) dict_keys(['example_sla_dag']) retrieved from /home/airflow/.local/lib/python3.8/site-packages/airflow/example_dags/example_sla_dag.py
[2023-11-26T17:42:28.763+0000] {logging_mixin.py:154} INFO - [2023-11-26T17:42:28.762+0000] {dag.py:2941} INFO - Sync 1 DAGs
[2023-11-26T17:42:29.639+0000] {logging_mixin.py:154} INFO - [2023-11-26T17:42:29.639+0000] {dag.py:3722} INFO - Setting next_dagrun for example_sla_dag to 2023-11-26T17:40:00+00:00, run_after=2023-11-26T17:42:00+00:00
[2023-11-26T17:42:29.764+0000] {processor.py:179} INFO - Processing /home/airflow/.local/lib/python3.8/site-packages/airflow/example_dags/example_sla_dag.py took 5.571 seconds
[2023-11-26T17:46:18.914+0000] {processor.py:157} INFO - Started process (PID=78) to work on /home/airflow/.local/lib/python3.8/site-packages/airflow/example_dags/example_sla_dag.py
[2023-11-26T17:46:18.925+0000] {processor.py:829} INFO - Processing file /home/airflow/.local/lib/python3.8/site-packages/airflow/example_dags/example_sla_dag.py for tasks to queue
[2023-11-26T17:46:18.943+0000] {logging_mixin.py:154} INFO - [2023-11-26T17:46:18.942+0000] {dagbag.py:536} INFO - Filling up the DagBag from /home/airflow/.local/lib/python3.8/site-packages/airflow/example_dags/example_sla_dag.py
[2023-11-26T17:46:19.166+0000] {processor.py:839} INFO - DAG(s) dict_keys(['example_sla_dag']) retrieved from /home/airflow/.local/lib/python3.8/site-packages/airflow/example_dags/example_sla_dag.py
[2023-11-26T17:46:19.743+0000] {logging_mixin.py:154} INFO - [2023-11-26T17:46:19.743+0000] {dag.py:2941} INFO - Sync 1 DAGs
[2023-11-26T17:46:20.168+0000] {logging_mixin.py:154} INFO - [2023-11-26T17:46:20.168+0000] {dag.py:3722} INFO - Setting next_dagrun for example_sla_dag to 2023-11-26T17:44:00+00:00, run_after=2023-11-26T17:46:00+00:00
[2023-11-26T17:46:20.413+0000] {processor.py:179} INFO - Processing /home/airflow/.local/lib/python3.8/site-packages/airflow/example_dags/example_sla_dag.py took 1.515 seconds
[2023-11-26T17:46:51.212+0000] {processor.py:157} INFO - Started process (PID=132) to work on /home/airflow/.local/lib/python3.8/site-packages/airflow/example_dags/example_sla_dag.py
[2023-11-26T17:46:51.215+0000] {processor.py:829} INFO - Processing file /home/airflow/.local/lib/python3.8/site-packages/airflow/example_dags/example_sla_dag.py for tasks to queue
[2023-11-26T17:46:51.221+0000] {logging_mixin.py:154} INFO - [2023-11-26T17:46:51.220+0000] {dagbag.py:536} INFO - Filling up the DagBag from /home/airflow/.local/lib/python3.8/site-packages/airflow/example_dags/example_sla_dag.py
[2023-11-26T17:46:51.244+0000] {processor.py:839} INFO - DAG(s) dict_keys(['example_sla_dag']) retrieved from /home/airflow/.local/lib/python3.8/site-packages/airflow/example_dags/example_sla_dag.py
[2023-11-26T17:46:51.306+0000] {logging_mixin.py:154} INFO - [2023-11-26T17:46:51.306+0000] {dag.py:2941} INFO - Sync 1 DAGs
[2023-11-26T17:46:51.397+0000] {logging_mixin.py:154} INFO - [2023-11-26T17:46:51.397+0000] {dag.py:3722} INFO - Setting next_dagrun for example_sla_dag to 2023-11-26T17:44:00+00:00, run_after=2023-11-26T17:46:00+00:00
[2023-11-26T17:46:51.464+0000] {processor.py:179} INFO - Processing /home/airflow/.local/lib/python3.8/site-packages/airflow/example_dags/example_sla_dag.py took 0.261 seconds
[2023-11-26T17:47:22.376+0000] {processor.py:157} INFO - Started process (PID=184) to work on /home/airflow/.local/lib/python3.8/site-packages/airflow/example_dags/example_sla_dag.py
[2023-11-26T17:47:22.379+0000] {processor.py:829} INFO - Processing file /home/airflow/.local/lib/python3.8/site-packages/airflow/example_dags/example_sla_dag.py for tasks to queue
[2023-11-26T17:47:22.384+0000] {logging_mixin.py:154} INFO - [2023-11-26T17:47:22.383+0000] {dagbag.py:536} INFO - Filling up the DagBag from /home/airflow/.local/lib/python3.8/site-packages/airflow/example_dags/example_sla_dag.py
[2023-11-26T17:47:22.400+0000] {processor.py:839} INFO - DAG(s) dict_keys(['example_sla_dag']) retrieved from /home/airflow/.local/lib/python3.8/site-packages/airflow/example_dags/example_sla_dag.py
[2023-11-26T17:47:22.443+0000] {logging_mixin.py:154} INFO - [2023-11-26T17:47:22.442+0000] {dag.py:2941} INFO - Sync 1 DAGs
[2023-11-26T17:47:22.494+0000] {logging_mixin.py:154} INFO - [2023-11-26T17:47:22.494+0000] {dag.py:3722} INFO - Setting next_dagrun for example_sla_dag to 2023-11-26T17:44:00+00:00, run_after=2023-11-26T17:46:00+00:00
[2023-11-26T17:47:22.535+0000] {processor.py:179} INFO - Processing /home/airflow/.local/lib/python3.8/site-packages/airflow/example_dags/example_sla_dag.py took 0.164 seconds
[2023-11-26T17:47:52.677+0000] {processor.py:157} INFO - Started process (PID=239) to work on /home/airflow/.local/lib/python3.8/site-packages/airflow/example_dags/example_sla_dag.py
[2023-11-26T17:47:52.679+0000] {processor.py:829} INFO - Processing file /home/airflow/.local/lib/python3.8/site-packages/airflow/example_dags/example_sla_dag.py for tasks to queue
[2023-11-26T17:47:52.684+0000] {logging_mixin.py:154} INFO - [2023-11-26T17:47:52.684+0000] {dagbag.py:536} INFO - Filling up the DagBag from /home/airflow/.local/lib/python3.8/site-packages/airflow/example_dags/example_sla_dag.py
[2023-11-26T17:47:52.700+0000] {processor.py:839} INFO - DAG(s) dict_keys(['example_sla_dag']) retrieved from /home/airflow/.local/lib/python3.8/site-packages/airflow/example_dags/example_sla_dag.py
[2023-11-26T17:47:52.744+0000] {logging_mixin.py:154} INFO - [2023-11-26T17:47:52.743+0000] {dag.py:2941} INFO - Sync 1 DAGs
[2023-11-26T17:47:52.805+0000] {logging_mixin.py:154} INFO - [2023-11-26T17:47:52.804+0000] {dag.py:3722} INFO - Setting next_dagrun for example_sla_dag to 2023-11-26T17:44:00+00:00, run_after=2023-11-26T17:46:00+00:00
[2023-11-26T17:47:52.845+0000] {processor.py:179} INFO - Processing /home/airflow/.local/lib/python3.8/site-packages/airflow/example_dags/example_sla_dag.py took 0.174 seconds
[2023-11-26T17:48:22.997+0000] {processor.py:157} INFO - Started process (PID=292) to work on /home/airflow/.local/lib/python3.8/site-packages/airflow/example_dags/example_sla_dag.py
[2023-11-26T17:48:22.999+0000] {processor.py:829} INFO - Processing file /home/airflow/.local/lib/python3.8/site-packages/airflow/example_dags/example_sla_dag.py for tasks to queue
[2023-11-26T17:48:23.007+0000] {logging_mixin.py:154} INFO - [2023-11-26T17:48:23.007+0000] {dagbag.py:536} INFO - Filling up the DagBag from /home/airflow/.local/lib/python3.8/site-packages/airflow/example_dags/example_sla_dag.py
[2023-11-26T17:48:23.028+0000] {processor.py:839} INFO - DAG(s) dict_keys(['example_sla_dag']) retrieved from /home/airflow/.local/lib/python3.8/site-packages/airflow/example_dags/example_sla_dag.py
[2023-11-26T17:48:23.075+0000] {logging_mixin.py:154} INFO - [2023-11-26T17:48:23.075+0000] {dag.py:2941} INFO - Sync 1 DAGs
[2023-11-26T17:48:23.133+0000] {logging_mixin.py:154} INFO - [2023-11-26T17:48:23.133+0000] {dag.py:3722} INFO - Setting next_dagrun for example_sla_dag to 2023-11-26T17:46:00+00:00, run_after=2023-11-26T17:48:00+00:00
[2023-11-26T17:48:23.175+0000] {processor.py:179} INFO - Processing /home/airflow/.local/lib/python3.8/site-packages/airflow/example_dags/example_sla_dag.py took 0.184 seconds
[2023-11-26T17:48:54.800+0000] {processor.py:157} INFO - Started process (PID=346) to work on /home/airflow/.local/lib/python3.8/site-packages/airflow/example_dags/example_sla_dag.py
[2023-11-26T17:48:54.803+0000] {processor.py:829} INFO - Processing file /home/airflow/.local/lib/python3.8/site-packages/airflow/example_dags/example_sla_dag.py for tasks to queue
[2023-11-26T17:48:54.853+0000] {logging_mixin.py:154} INFO - [2023-11-26T17:48:54.853+0000] {dagbag.py:536} INFO - Filling up the DagBag from /home/airflow/.local/lib/python3.8/site-packages/airflow/example_dags/example_sla_dag.py
[2023-11-26T17:48:54.959+0000] {processor.py:839} INFO - DAG(s) dict_keys(['example_sla_dag']) retrieved from /home/airflow/.local/lib/python3.8/site-packages/airflow/example_dags/example_sla_dag.py
[2023-11-26T17:48:55.141+0000] {logging_mixin.py:154} INFO - [2023-11-26T17:48:55.140+0000] {dag.py:2941} INFO - Sync 1 DAGs
[2023-11-26T17:48:55.322+0000] {logging_mixin.py:154} INFO - [2023-11-26T17:48:55.322+0000] {dag.py:3722} INFO - Setting next_dagrun for example_sla_dag to 2023-11-26T17:46:00+00:00, run_after=2023-11-26T17:48:00+00:00
[2023-11-26T17:48:55.514+0000] {processor.py:179} INFO - Processing /home/airflow/.local/lib/python3.8/site-packages/airflow/example_dags/example_sla_dag.py took 0.721 seconds
[2023-11-26T17:49:25.867+0000] {processor.py:157} INFO - Started process (PID=397) to work on /home/airflow/.local/lib/python3.8/site-packages/airflow/example_dags/example_sla_dag.py
[2023-11-26T17:49:25.870+0000] {processor.py:829} INFO - Processing file /home/airflow/.local/lib/python3.8/site-packages/airflow/example_dags/example_sla_dag.py for tasks to queue
[2023-11-26T17:49:25.879+0000] {logging_mixin.py:154} INFO - [2023-11-26T17:49:25.878+0000] {dagbag.py:536} INFO - Filling up the DagBag from /home/airflow/.local/lib/python3.8/site-packages/airflow/example_dags/example_sla_dag.py
[2023-11-26T17:49:25.897+0000] {processor.py:839} INFO - DAG(s) dict_keys(['example_sla_dag']) retrieved from /home/airflow/.local/lib/python3.8/site-packages/airflow/example_dags/example_sla_dag.py
[2023-11-26T17:49:26.015+0000] {logging_mixin.py:154} INFO - [2023-11-26T17:49:26.014+0000] {dag.py:2941} INFO - Sync 1 DAGs
[2023-11-26T17:49:26.193+0000] {logging_mixin.py:154} INFO - [2023-11-26T17:49:26.192+0000] {dag.py:3722} INFO - Setting next_dagrun for example_sla_dag to 2023-11-26T17:46:00+00:00, run_after=2023-11-26T17:48:00+00:00
[2023-11-26T17:49:26.296+0000] {processor.py:179} INFO - Processing /home/airflow/.local/lib/python3.8/site-packages/airflow/example_dags/example_sla_dag.py took 0.436 seconds
[2023-11-26T17:49:58.718+0000] {processor.py:157} INFO - Started process (PID=457) to work on /home/airflow/.local/lib/python3.8/site-packages/airflow/example_dags/example_sla_dag.py
[2023-11-26T17:49:58.720+0000] {processor.py:829} INFO - Processing file /home/airflow/.local/lib/python3.8/site-packages/airflow/example_dags/example_sla_dag.py for tasks to queue
[2023-11-26T17:49:58.732+0000] {logging_mixin.py:154} INFO - [2023-11-26T17:49:58.732+0000] {dagbag.py:536} INFO - Filling up the DagBag from /home/airflow/.local/lib/python3.8/site-packages/airflow/example_dags/example_sla_dag.py
[2023-11-26T17:49:58.768+0000] {processor.py:839} INFO - DAG(s) dict_keys(['example_sla_dag']) retrieved from /home/airflow/.local/lib/python3.8/site-packages/airflow/example_dags/example_sla_dag.py
[2023-11-26T17:49:58.837+0000] {logging_mixin.py:154} INFO - [2023-11-26T17:49:58.837+0000] {dag.py:2941} INFO - Sync 1 DAGs
[2023-11-26T17:49:58.937+0000] {logging_mixin.py:154} INFO - [2023-11-26T17:49:58.936+0000] {dag.py:3722} INFO - Setting next_dagrun for example_sla_dag to 2023-11-26T17:46:00+00:00, run_after=2023-11-26T17:48:00+00:00
[2023-11-26T17:49:59.018+0000] {processor.py:179} INFO - Processing /home/airflow/.local/lib/python3.8/site-packages/airflow/example_dags/example_sla_dag.py took 0.311 seconds
[2023-11-26T17:50:30.300+0000] {processor.py:157} INFO - Started process (PID=511) to work on /home/airflow/.local/lib/python3.8/site-packages/airflow/example_dags/example_sla_dag.py
[2023-11-26T17:50:30.303+0000] {processor.py:829} INFO - Processing file /home/airflow/.local/lib/python3.8/site-packages/airflow/example_dags/example_sla_dag.py for tasks to queue
[2023-11-26T17:50:30.317+0000] {logging_mixin.py:154} INFO - [2023-11-26T17:50:30.316+0000] {dagbag.py:536} INFO - Filling up the DagBag from /home/airflow/.local/lib/python3.8/site-packages/airflow/example_dags/example_sla_dag.py
[2023-11-26T17:50:30.350+0000] {processor.py:839} INFO - DAG(s) dict_keys(['example_sla_dag']) retrieved from /home/airflow/.local/lib/python3.8/site-packages/airflow/example_dags/example_sla_dag.py
[2023-11-26T17:50:30.442+0000] {logging_mixin.py:154} INFO - [2023-11-26T17:50:30.442+0000] {dag.py:2941} INFO - Sync 1 DAGs
[2023-11-26T17:50:30.598+0000] {logging_mixin.py:154} INFO - [2023-11-26T17:50:30.598+0000] {dag.py:3722} INFO - Setting next_dagrun for example_sla_dag to 2023-11-26T17:48:00+00:00, run_after=2023-11-26T17:50:00+00:00
[2023-11-26T17:50:30.687+0000] {processor.py:179} INFO - Processing /home/airflow/.local/lib/python3.8/site-packages/airflow/example_dags/example_sla_dag.py took 0.400 seconds
[2023-11-26T17:51:01.282+0000] {processor.py:157} INFO - Started process (PID=565) to work on /home/airflow/.local/lib/python3.8/site-packages/airflow/example_dags/example_sla_dag.py
[2023-11-26T17:51:01.285+0000] {processor.py:829} INFO - Processing file /home/airflow/.local/lib/python3.8/site-packages/airflow/example_dags/example_sla_dag.py for tasks to queue
[2023-11-26T17:51:01.291+0000] {logging_mixin.py:154} INFO - [2023-11-26T17:51:01.291+0000] {dagbag.py:536} INFO - Filling up the DagBag from /home/airflow/.local/lib/python3.8/site-packages/airflow/example_dags/example_sla_dag.py
[2023-11-26T17:51:01.324+0000] {processor.py:839} INFO - DAG(s) dict_keys(['example_sla_dag']) retrieved from /home/airflow/.local/lib/python3.8/site-packages/airflow/example_dags/example_sla_dag.py
[2023-11-26T17:51:01.402+0000] {logging_mixin.py:154} INFO - [2023-11-26T17:51:01.401+0000] {dag.py:2941} INFO - Sync 1 DAGs
[2023-11-26T17:51:01.516+0000] {logging_mixin.py:154} INFO - [2023-11-26T17:51:01.516+0000] {dag.py:3722} INFO - Setting next_dagrun for example_sla_dag to 2023-11-26T17:48:00+00:00, run_after=2023-11-26T17:50:00+00:00
[2023-11-26T17:51:01.582+0000] {processor.py:179} INFO - Processing /home/airflow/.local/lib/python3.8/site-packages/airflow/example_dags/example_sla_dag.py took 0.314 seconds
[2023-11-26T17:51:33.693+0000] {processor.py:157} INFO - Started process (PID=618) to work on /home/airflow/.local/lib/python3.8/site-packages/airflow/example_dags/example_sla_dag.py
[2023-11-26T17:51:33.697+0000] {processor.py:829} INFO - Processing file /home/airflow/.local/lib/python3.8/site-packages/airflow/example_dags/example_sla_dag.py for tasks to queue
[2023-11-26T17:51:33.709+0000] {logging_mixin.py:154} INFO - [2023-11-26T17:51:33.708+0000] {dagbag.py:536} INFO - Filling up the DagBag from /home/airflow/.local/lib/python3.8/site-packages/airflow/example_dags/example_sla_dag.py
[2023-11-26T17:51:33.745+0000] {processor.py:839} INFO - DAG(s) dict_keys(['example_sla_dag']) retrieved from /home/airflow/.local/lib/python3.8/site-packages/airflow/example_dags/example_sla_dag.py
[2023-11-26T17:51:33.933+0000] {logging_mixin.py:154} INFO - [2023-11-26T17:51:33.933+0000] {dag.py:2941} INFO - Sync 1 DAGs
[2023-11-26T17:51:34.110+0000] {logging_mixin.py:154} INFO - [2023-11-26T17:51:34.110+0000] {dag.py:3722} INFO - Setting next_dagrun for example_sla_dag to 2023-11-26T17:48:00+00:00, run_after=2023-11-26T17:50:00+00:00
[2023-11-26T17:51:34.220+0000] {processor.py:179} INFO - Processing /home/airflow/.local/lib/python3.8/site-packages/airflow/example_dags/example_sla_dag.py took 0.545 seconds
[2023-11-26T17:52:05.055+0000] {processor.py:157} INFO - Started process (PID=672) to work on /home/airflow/.local/lib/python3.8/site-packages/airflow/example_dags/example_sla_dag.py
[2023-11-26T17:52:05.062+0000] {processor.py:829} INFO - Processing file /home/airflow/.local/lib/python3.8/site-packages/airflow/example_dags/example_sla_dag.py for tasks to queue
[2023-11-26T17:52:05.070+0000] {logging_mixin.py:154} INFO - [2023-11-26T17:52:05.070+0000] {dagbag.py:536} INFO - Filling up the DagBag from /home/airflow/.local/lib/python3.8/site-packages/airflow/example_dags/example_sla_dag.py
[2023-11-26T17:52:05.101+0000] {processor.py:839} INFO - DAG(s) dict_keys(['example_sla_dag']) retrieved from /home/airflow/.local/lib/python3.8/site-packages/airflow/example_dags/example_sla_dag.py
[2023-11-26T17:52:05.173+0000] {logging_mixin.py:154} INFO - [2023-11-26T17:52:05.172+0000] {dag.py:2941} INFO - Sync 1 DAGs
[2023-11-26T17:52:05.322+0000] {logging_mixin.py:154} INFO - [2023-11-26T17:52:05.321+0000] {dag.py:3722} INFO - Setting next_dagrun for example_sla_dag to 2023-11-26T17:50:00+00:00, run_after=2023-11-26T17:52:00+00:00
[2023-11-26T17:52:05.398+0000] {processor.py:179} INFO - Processing /home/airflow/.local/lib/python3.8/site-packages/airflow/example_dags/example_sla_dag.py took 0.354 seconds
[2023-11-26T17:52:35.639+0000] {processor.py:157} INFO - Started process (PID=726) to work on /home/airflow/.local/lib/python3.8/site-packages/airflow/example_dags/example_sla_dag.py
[2023-11-26T17:52:35.642+0000] {processor.py:829} INFO - Processing file /home/airflow/.local/lib/python3.8/site-packages/airflow/example_dags/example_sla_dag.py for tasks to queue
[2023-11-26T17:52:35.648+0000] {logging_mixin.py:154} INFO - [2023-11-26T17:52:35.648+0000] {dagbag.py:536} INFO - Filling up the DagBag from /home/airflow/.local/lib/python3.8/site-packages/airflow/example_dags/example_sla_dag.py
[2023-11-26T17:52:35.680+0000] {processor.py:839} INFO - DAG(s) dict_keys(['example_sla_dag']) retrieved from /home/airflow/.local/lib/python3.8/site-packages/airflow/example_dags/example_sla_dag.py
[2023-11-26T17:52:35.756+0000] {logging_mixin.py:154} INFO - [2023-11-26T17:52:35.755+0000] {dag.py:2941} INFO - Sync 1 DAGs
[2023-11-26T17:52:35.861+0000] {logging_mixin.py:154} INFO - [2023-11-26T17:52:35.860+0000] {dag.py:3722} INFO - Setting next_dagrun for example_sla_dag to 2023-11-26T17:50:00+00:00, run_after=2023-11-26T17:52:00+00:00
[2023-11-26T17:52:35.917+0000] {processor.py:179} INFO - Processing /home/airflow/.local/lib/python3.8/site-packages/airflow/example_dags/example_sla_dag.py took 0.288 seconds
[2023-11-26T17:53:06.515+0000] {processor.py:157} INFO - Started process (PID=780) to work on /home/airflow/.local/lib/python3.8/site-packages/airflow/example_dags/example_sla_dag.py
[2023-11-26T17:53:06.536+0000] {processor.py:829} INFO - Processing file /home/airflow/.local/lib/python3.8/site-packages/airflow/example_dags/example_sla_dag.py for tasks to queue
[2023-11-26T17:53:06.546+0000] {logging_mixin.py:154} INFO - [2023-11-26T17:53:06.546+0000] {dagbag.py:536} INFO - Filling up the DagBag from /home/airflow/.local/lib/python3.8/site-packages/airflow/example_dags/example_sla_dag.py
[2023-11-26T17:53:06.599+0000] {processor.py:839} INFO - DAG(s) dict_keys(['example_sla_dag']) retrieved from /home/airflow/.local/lib/python3.8/site-packages/airflow/example_dags/example_sla_dag.py
[2023-11-26T17:53:06.648+0000] {logging_mixin.py:154} INFO - [2023-11-26T17:53:06.647+0000] {dag.py:2941} INFO - Sync 1 DAGs
[2023-11-26T17:53:06.845+0000] {logging_mixin.py:154} INFO - [2023-11-26T17:53:06.845+0000] {dag.py:3722} INFO - Setting next_dagrun for example_sla_dag to 2023-11-26T17:50:00+00:00, run_after=2023-11-26T17:52:00+00:00
[2023-11-26T17:53:06.902+0000] {processor.py:179} INFO - Processing /home/airflow/.local/lib/python3.8/site-packages/airflow/example_dags/example_sla_dag.py took 0.395 seconds
[2023-11-26T17:53:37.436+0000] {processor.py:157} INFO - Started process (PID=834) to work on /home/airflow/.local/lib/python3.8/site-packages/airflow/example_dags/example_sla_dag.py
[2023-11-26T17:53:37.440+0000] {processor.py:829} INFO - Processing file /home/airflow/.local/lib/python3.8/site-packages/airflow/example_dags/example_sla_dag.py for tasks to queue
[2023-11-26T17:53:37.447+0000] {logging_mixin.py:154} INFO - [2023-11-26T17:53:37.446+0000] {dagbag.py:536} INFO - Filling up the DagBag from /home/airflow/.local/lib/python3.8/site-packages/airflow/example_dags/example_sla_dag.py
[2023-11-26T17:53:37.518+0000] {processor.py:839} INFO - DAG(s) dict_keys(['example_sla_dag']) retrieved from /home/airflow/.local/lib/python3.8/site-packages/airflow/example_dags/example_sla_dag.py
[2023-11-26T17:53:37.698+0000] {logging_mixin.py:154} INFO - [2023-11-26T17:53:37.697+0000] {dag.py:2941} INFO - Sync 1 DAGs
[2023-11-26T17:53:37.816+0000] {logging_mixin.py:154} INFO - [2023-11-26T17:53:37.816+0000] {dag.py:3722} INFO - Setting next_dagrun for example_sla_dag to 2023-11-26T17:50:00+00:00, run_after=2023-11-26T17:52:00+00:00
[2023-11-26T17:53:37.884+0000] {processor.py:179} INFO - Processing /home/airflow/.local/lib/python3.8/site-packages/airflow/example_dags/example_sla_dag.py took 0.455 seconds
[2023-11-26T17:54:12.534+0000] {processor.py:157} INFO - Started process (PID=888) to work on /home/airflow/.local/lib/python3.8/site-packages/airflow/example_dags/example_sla_dag.py
[2023-11-26T17:54:12.538+0000] {processor.py:829} INFO - Processing file /home/airflow/.local/lib/python3.8/site-packages/airflow/example_dags/example_sla_dag.py for tasks to queue
[2023-11-26T17:54:12.545+0000] {logging_mixin.py:154} INFO - [2023-11-26T17:54:12.545+0000] {dagbag.py:536} INFO - Filling up the DagBag from /home/airflow/.local/lib/python3.8/site-packages/airflow/example_dags/example_sla_dag.py
[2023-11-26T17:54:12.693+0000] {processor.py:839} INFO - DAG(s) dict_keys(['example_sla_dag']) retrieved from /home/airflow/.local/lib/python3.8/site-packages/airflow/example_dags/example_sla_dag.py
[2023-11-26T17:54:12.775+0000] {logging_mixin.py:154} INFO - [2023-11-26T17:54:12.774+0000] {dag.py:2941} INFO - Sync 1 DAGs
[2023-11-26T17:54:12.970+0000] {logging_mixin.py:154} INFO - [2023-11-26T17:54:12.965+0000] {dag.py:3722} INFO - Setting next_dagrun for example_sla_dag to 2023-11-26T17:52:00+00:00, run_after=2023-11-26T17:54:00+00:00
[2023-11-26T17:54:13.095+0000] {processor.py:179} INFO - Processing /home/airflow/.local/lib/python3.8/site-packages/airflow/example_dags/example_sla_dag.py took 0.588 seconds
[2023-11-26T17:54:46.747+0000] {processor.py:157} INFO - Started process (PID=942) to work on /home/airflow/.local/lib/python3.8/site-packages/airflow/example_dags/example_sla_dag.py
[2023-11-26T17:54:46.754+0000] {processor.py:829} INFO - Processing file /home/airflow/.local/lib/python3.8/site-packages/airflow/example_dags/example_sla_dag.py for tasks to queue
[2023-11-26T17:54:46.762+0000] {logging_mixin.py:154} INFO - [2023-11-26T17:54:46.761+0000] {dagbag.py:536} INFO - Filling up the DagBag from /home/airflow/.local/lib/python3.8/site-packages/airflow/example_dags/example_sla_dag.py
[2023-11-26T17:54:46.880+0000] {processor.py:839} INFO - DAG(s) dict_keys(['example_sla_dag']) retrieved from /home/airflow/.local/lib/python3.8/site-packages/airflow/example_dags/example_sla_dag.py
[2023-11-26T17:54:47.075+0000] {logging_mixin.py:154} INFO - [2023-11-26T17:54:47.074+0000] {dag.py:2941} INFO - Sync 1 DAGs
[2023-11-26T17:54:47.347+0000] {logging_mixin.py:154} INFO - [2023-11-26T17:54:47.346+0000] {dag.py:3722} INFO - Setting next_dagrun for example_sla_dag to 2023-11-26T17:52:00+00:00, run_after=2023-11-26T17:54:00+00:00
[2023-11-26T17:54:47.500+0000] {processor.py:179} INFO - Processing /home/airflow/.local/lib/python3.8/site-packages/airflow/example_dags/example_sla_dag.py took 0.761 seconds
[2023-11-26T17:55:17.896+0000] {processor.py:157} INFO - Started process (PID=997) to work on /home/airflow/.local/lib/python3.8/site-packages/airflow/example_dags/example_sla_dag.py
[2023-11-26T17:55:17.903+0000] {processor.py:829} INFO - Processing file /home/airflow/.local/lib/python3.8/site-packages/airflow/example_dags/example_sla_dag.py for tasks to queue
[2023-11-26T17:55:17.909+0000] {logging_mixin.py:154} INFO - [2023-11-26T17:55:17.908+0000] {dagbag.py:536} INFO - Filling up the DagBag from /home/airflow/.local/lib/python3.8/site-packages/airflow/example_dags/example_sla_dag.py
[2023-11-26T17:55:17.937+0000] {processor.py:839} INFO - DAG(s) dict_keys(['example_sla_dag']) retrieved from /home/airflow/.local/lib/python3.8/site-packages/airflow/example_dags/example_sla_dag.py
[2023-11-26T17:55:17.996+0000] {logging_mixin.py:154} INFO - [2023-11-26T17:55:17.996+0000] {dag.py:2941} INFO - Sync 1 DAGs
[2023-11-26T17:55:18.101+0000] {logging_mixin.py:154} INFO - [2023-11-26T17:55:18.101+0000] {dag.py:3722} INFO - Setting next_dagrun for example_sla_dag to 2023-11-26T17:52:00+00:00, run_after=2023-11-26T17:54:00+00:00
[2023-11-26T17:55:18.458+0000] {processor.py:179} INFO - Processing /home/airflow/.local/lib/python3.8/site-packages/airflow/example_dags/example_sla_dag.py took 0.571 seconds
[2023-11-26T17:55:49.237+0000] {processor.py:157} INFO - Started process (PID=1051) to work on /home/airflow/.local/lib/python3.8/site-packages/airflow/example_dags/example_sla_dag.py
[2023-11-26T17:55:49.239+0000] {processor.py:829} INFO - Processing file /home/airflow/.local/lib/python3.8/site-packages/airflow/example_dags/example_sla_dag.py for tasks to queue
[2023-11-26T17:55:49.247+0000] {logging_mixin.py:154} INFO - [2023-11-26T17:55:49.246+0000] {dagbag.py:536} INFO - Filling up the DagBag from /home/airflow/.local/lib/python3.8/site-packages/airflow/example_dags/example_sla_dag.py
[2023-11-26T17:55:49.317+0000] {processor.py:839} INFO - DAG(s) dict_keys(['example_sla_dag']) retrieved from /home/airflow/.local/lib/python3.8/site-packages/airflow/example_dags/example_sla_dag.py
[2023-11-26T17:55:49.368+0000] {logging_mixin.py:154} INFO - [2023-11-26T17:55:49.368+0000] {dag.py:2941} INFO - Sync 1 DAGs
[2023-11-26T17:55:49.442+0000] {logging_mixin.py:154} INFO - [2023-11-26T17:55:49.442+0000] {dag.py:3722} INFO - Setting next_dagrun for example_sla_dag to 2023-11-26T17:52:00+00:00, run_after=2023-11-26T17:54:00+00:00
[2023-11-26T17:55:49.498+0000] {processor.py:179} INFO - Processing /home/airflow/.local/lib/python3.8/site-packages/airflow/example_dags/example_sla_dag.py took 0.268 seconds
[2023-11-26T17:56:19.802+0000] {processor.py:157} INFO - Started process (PID=1105) to work on /home/airflow/.local/lib/python3.8/site-packages/airflow/example_dags/example_sla_dag.py
[2023-11-26T17:56:19.805+0000] {processor.py:829} INFO - Processing file /home/airflow/.local/lib/python3.8/site-packages/airflow/example_dags/example_sla_dag.py for tasks to queue
[2023-11-26T17:56:19.814+0000] {logging_mixin.py:154} INFO - [2023-11-26T17:56:19.814+0000] {dagbag.py:536} INFO - Filling up the DagBag from /home/airflow/.local/lib/python3.8/site-packages/airflow/example_dags/example_sla_dag.py
[2023-11-26T17:56:19.839+0000] {processor.py:839} INFO - DAG(s) dict_keys(['example_sla_dag']) retrieved from /home/airflow/.local/lib/python3.8/site-packages/airflow/example_dags/example_sla_dag.py
[2023-11-26T17:56:19.894+0000] {logging_mixin.py:154} INFO - [2023-11-26T17:56:19.893+0000] {dag.py:2941} INFO - Sync 1 DAGs
[2023-11-26T17:56:19.968+0000] {logging_mixin.py:154} INFO - [2023-11-26T17:56:19.967+0000] {dag.py:3722} INFO - Setting next_dagrun for example_sla_dag to 2023-11-26T17:54:00+00:00, run_after=2023-11-26T17:56:00+00:00
[2023-11-26T17:56:20.012+0000] {processor.py:179} INFO - Processing /home/airflow/.local/lib/python3.8/site-packages/airflow/example_dags/example_sla_dag.py took 0.218 seconds
[2023-11-26T17:56:50.970+0000] {processor.py:157} INFO - Started process (PID=1159) to work on /home/airflow/.local/lib/python3.8/site-packages/airflow/example_dags/example_sla_dag.py
[2023-11-26T17:56:50.975+0000] {processor.py:829} INFO - Processing file /home/airflow/.local/lib/python3.8/site-packages/airflow/example_dags/example_sla_dag.py for tasks to queue
[2023-11-26T17:56:50.989+0000] {logging_mixin.py:154} INFO - [2023-11-26T17:56:50.988+0000] {dagbag.py:536} INFO - Filling up the DagBag from /home/airflow/.local/lib/python3.8/site-packages/airflow/example_dags/example_sla_dag.py
[2023-11-26T17:56:51.085+0000] {processor.py:839} INFO - DAG(s) dict_keys(['example_sla_dag']) retrieved from /home/airflow/.local/lib/python3.8/site-packages/airflow/example_dags/example_sla_dag.py
[2023-11-26T17:56:51.221+0000] {logging_mixin.py:154} INFO - [2023-11-26T17:56:51.220+0000] {dag.py:2941} INFO - Sync 1 DAGs
[2023-11-26T17:56:51.388+0000] {logging_mixin.py:154} INFO - [2023-11-26T17:56:51.388+0000] {dag.py:3722} INFO - Setting next_dagrun for example_sla_dag to 2023-11-26T17:54:00+00:00, run_after=2023-11-26T17:56:00+00:00
[2023-11-26T17:56:51.710+0000] {processor.py:179} INFO - Processing /home/airflow/.local/lib/python3.8/site-packages/airflow/example_dags/example_sla_dag.py took 0.753 seconds
[2023-11-26T17:57:25.944+0000] {processor.py:157} INFO - Started process (PID=1214) to work on /home/airflow/.local/lib/python3.8/site-packages/airflow/example_dags/example_sla_dag.py
[2023-11-26T17:57:25.974+0000] {processor.py:829} INFO - Processing file /home/airflow/.local/lib/python3.8/site-packages/airflow/example_dags/example_sla_dag.py for tasks to queue
[2023-11-26T17:57:25.999+0000] {logging_mixin.py:154} INFO - [2023-11-26T17:57:25.982+0000] {dagbag.py:536} INFO - Filling up the DagBag from /home/airflow/.local/lib/python3.8/site-packages/airflow/example_dags/example_sla_dag.py
[2023-11-26T17:57:26.098+0000] {processor.py:839} INFO - DAG(s) dict_keys(['example_sla_dag']) retrieved from /home/airflow/.local/lib/python3.8/site-packages/airflow/example_dags/example_sla_dag.py
[2023-11-26T17:57:26.280+0000] {logging_mixin.py:154} INFO - [2023-11-26T17:57:26.280+0000] {dag.py:2941} INFO - Sync 1 DAGs
[2023-11-26T17:57:28.433+0000] {logging_mixin.py:154} INFO - [2023-11-26T17:57:28.399+0000] {dag.py:3722} INFO - Setting next_dagrun for example_sla_dag to 2023-11-26T17:54:00+00:00, run_after=2023-11-26T17:56:00+00:00
[2023-11-26T17:57:28.638+0000] {processor.py:179} INFO - Processing /home/airflow/.local/lib/python3.8/site-packages/airflow/example_dags/example_sla_dag.py took 2.702 seconds
[2023-11-26T17:58:04.817+0000] {processor.py:157} INFO - Started process (PID=1268) to work on /home/airflow/.local/lib/python3.8/site-packages/airflow/example_dags/example_sla_dag.py
[2023-11-26T17:58:04.873+0000] {processor.py:829} INFO - Processing file /home/airflow/.local/lib/python3.8/site-packages/airflow/example_dags/example_sla_dag.py for tasks to queue
[2023-11-26T17:58:04.890+0000] {logging_mixin.py:154} INFO - [2023-11-26T17:58:04.889+0000] {dagbag.py:536} INFO - Filling up the DagBag from /home/airflow/.local/lib/python3.8/site-packages/airflow/example_dags/example_sla_dag.py
[2023-11-26T17:58:04.916+0000] {processor.py:839} INFO - DAG(s) dict_keys(['example_sla_dag']) retrieved from /home/airflow/.local/lib/python3.8/site-packages/airflow/example_dags/example_sla_dag.py
[2023-11-26T17:58:04.980+0000] {logging_mixin.py:154} INFO - [2023-11-26T17:58:04.980+0000] {dag.py:2941} INFO - Sync 1 DAGs
[2023-11-26T17:58:05.144+0000] {logging_mixin.py:154} INFO - [2023-11-26T17:58:05.143+0000] {dag.py:3722} INFO - Setting next_dagrun for example_sla_dag to 2023-11-26T17:56:00+00:00, run_after=2023-11-26T17:58:00+00:00
[2023-11-26T17:58:05.348+0000] {processor.py:179} INFO - Processing /home/airflow/.local/lib/python3.8/site-packages/airflow/example_dags/example_sla_dag.py took 0.541 seconds
[2023-11-26T17:58:37.563+0000] {processor.py:157} INFO - Started process (PID=1322) to work on /home/airflow/.local/lib/python3.8/site-packages/airflow/example_dags/example_sla_dag.py
[2023-11-26T17:58:37.565+0000] {processor.py:829} INFO - Processing file /home/airflow/.local/lib/python3.8/site-packages/airflow/example_dags/example_sla_dag.py for tasks to queue
[2023-11-26T17:58:37.576+0000] {logging_mixin.py:154} INFO - [2023-11-26T17:58:37.573+0000] {dagbag.py:536} INFO - Filling up the DagBag from /home/airflow/.local/lib/python3.8/site-packages/airflow/example_dags/example_sla_dag.py
[2023-11-26T17:58:37.650+0000] {processor.py:839} INFO - DAG(s) dict_keys(['example_sla_dag']) retrieved from /home/airflow/.local/lib/python3.8/site-packages/airflow/example_dags/example_sla_dag.py
[2023-11-26T17:58:37.717+0000] {logging_mixin.py:154} INFO - [2023-11-26T17:58:37.716+0000] {dag.py:2941} INFO - Sync 1 DAGs
[2023-11-26T17:58:37.794+0000] {logging_mixin.py:154} INFO - [2023-11-26T17:58:37.794+0000] {dag.py:3722} INFO - Setting next_dagrun for example_sla_dag to 2023-11-26T17:56:00+00:00, run_after=2023-11-26T17:58:00+00:00
[2023-11-26T17:58:37.842+0000] {processor.py:179} INFO - Processing /home/airflow/.local/lib/python3.8/site-packages/airflow/example_dags/example_sla_dag.py took 0.293 seconds
[2023-11-26T17:59:14.436+0000] {processor.py:157} INFO - Started process (PID=1381) to work on /home/airflow/.local/lib/python3.8/site-packages/airflow/example_dags/example_sla_dag.py
[2023-11-26T17:59:14.441+0000] {processor.py:829} INFO - Processing file /home/airflow/.local/lib/python3.8/site-packages/airflow/example_dags/example_sla_dag.py for tasks to queue
[2023-11-26T17:59:14.449+0000] {logging_mixin.py:154} INFO - [2023-11-26T17:59:14.447+0000] {dagbag.py:536} INFO - Filling up the DagBag from /home/airflow/.local/lib/python3.8/site-packages/airflow/example_dags/example_sla_dag.py
[2023-11-26T17:59:14.473+0000] {processor.py:839} INFO - DAG(s) dict_keys(['example_sla_dag']) retrieved from /home/airflow/.local/lib/python3.8/site-packages/airflow/example_dags/example_sla_dag.py
[2023-11-26T17:59:14.566+0000] {logging_mixin.py:154} INFO - [2023-11-26T17:59:14.566+0000] {dag.py:2941} INFO - Sync 1 DAGs
[2023-11-26T17:59:14.933+0000] {logging_mixin.py:154} INFO - [2023-11-26T17:59:14.933+0000] {dag.py:3722} INFO - Setting next_dagrun for example_sla_dag to 2023-11-26T17:56:00+00:00, run_after=2023-11-26T17:58:00+00:00
[2023-11-26T17:59:14.994+0000] {processor.py:179} INFO - Processing /home/airflow/.local/lib/python3.8/site-packages/airflow/example_dags/example_sla_dag.py took 0.568 seconds
[2023-11-26T17:59:45.677+0000] {processor.py:157} INFO - Started process (PID=1435) to work on /home/airflow/.local/lib/python3.8/site-packages/airflow/example_dags/example_sla_dag.py
[2023-11-26T17:59:45.680+0000] {processor.py:829} INFO - Processing file /home/airflow/.local/lib/python3.8/site-packages/airflow/example_dags/example_sla_dag.py for tasks to queue
[2023-11-26T17:59:45.687+0000] {logging_mixin.py:154} INFO - [2023-11-26T17:59:45.687+0000] {dagbag.py:536} INFO - Filling up the DagBag from /home/airflow/.local/lib/python3.8/site-packages/airflow/example_dags/example_sla_dag.py
[2023-11-26T17:59:45.725+0000] {processor.py:839} INFO - DAG(s) dict_keys(['example_sla_dag']) retrieved from /home/airflow/.local/lib/python3.8/site-packages/airflow/example_dags/example_sla_dag.py
[2023-11-26T17:59:45.858+0000] {logging_mixin.py:154} INFO - [2023-11-26T17:59:45.857+0000] {dag.py:2941} INFO - Sync 1 DAGs
[2023-11-26T17:59:46.381+0000] {logging_mixin.py:154} INFO - [2023-11-26T17:59:46.381+0000] {dag.py:3722} INFO - Setting next_dagrun for example_sla_dag to 2023-11-26T17:56:00+00:00, run_after=2023-11-26T17:58:00+00:00
[2023-11-26T17:59:46.423+0000] {processor.py:179} INFO - Processing /home/airflow/.local/lib/python3.8/site-packages/airflow/example_dags/example_sla_dag.py took 0.756 seconds
[2023-11-26T18:00:18.547+0000] {processor.py:157} INFO - Started process (PID=1488) to work on /home/airflow/.local/lib/python3.8/site-packages/airflow/example_dags/example_sla_dag.py
[2023-11-26T18:00:18.550+0000] {processor.py:829} INFO - Processing file /home/airflow/.local/lib/python3.8/site-packages/airflow/example_dags/example_sla_dag.py for tasks to queue
[2023-11-26T18:00:18.556+0000] {logging_mixin.py:154} INFO - [2023-11-26T18:00:18.556+0000] {dagbag.py:536} INFO - Filling up the DagBag from /home/airflow/.local/lib/python3.8/site-packages/airflow/example_dags/example_sla_dag.py
[2023-11-26T18:00:18.585+0000] {processor.py:839} INFO - DAG(s) dict_keys(['example_sla_dag']) retrieved from /home/airflow/.local/lib/python3.8/site-packages/airflow/example_dags/example_sla_dag.py
[2023-11-26T18:00:18.638+0000] {logging_mixin.py:154} INFO - [2023-11-26T18:00:18.637+0000] {dag.py:2941} INFO - Sync 1 DAGs
[2023-11-26T18:00:18.727+0000] {logging_mixin.py:154} INFO - [2023-11-26T18:00:18.726+0000] {dag.py:3722} INFO - Setting next_dagrun for example_sla_dag to 2023-11-26T17:58:00+00:00, run_after=2023-11-26T18:00:00+00:00
[2023-11-26T18:00:18.804+0000] {processor.py:179} INFO - Processing /home/airflow/.local/lib/python3.8/site-packages/airflow/example_dags/example_sla_dag.py took 0.264 seconds
[2023-11-26T18:00:49.775+0000] {processor.py:157} INFO - Started process (PID=1542) to work on /home/airflow/.local/lib/python3.8/site-packages/airflow/example_dags/example_sla_dag.py
[2023-11-26T18:00:49.778+0000] {processor.py:829} INFO - Processing file /home/airflow/.local/lib/python3.8/site-packages/airflow/example_dags/example_sla_dag.py for tasks to queue
[2023-11-26T18:00:49.785+0000] {logging_mixin.py:154} INFO - [2023-11-26T18:00:49.784+0000] {dagbag.py:536} INFO - Filling up the DagBag from /home/airflow/.local/lib/python3.8/site-packages/airflow/example_dags/example_sla_dag.py
[2023-11-26T18:00:49.816+0000] {processor.py:839} INFO - DAG(s) dict_keys(['example_sla_dag']) retrieved from /home/airflow/.local/lib/python3.8/site-packages/airflow/example_dags/example_sla_dag.py
[2023-11-26T18:00:49.983+0000] {logging_mixin.py:154} INFO - [2023-11-26T18:00:49.982+0000] {dag.py:2941} INFO - Sync 1 DAGs
[2023-11-26T18:00:50.307+0000] {logging_mixin.py:154} INFO - [2023-11-26T18:00:50.306+0000] {dag.py:3722} INFO - Setting next_dagrun for example_sla_dag to 2023-11-26T17:58:00+00:00, run_after=2023-11-26T18:00:00+00:00
[2023-11-26T18:00:50.384+0000] {processor.py:179} INFO - Processing /home/airflow/.local/lib/python3.8/site-packages/airflow/example_dags/example_sla_dag.py took 0.677 seconds
[2023-11-26T18:01:21.329+0000] {processor.py:157} INFO - Started process (PID=1596) to work on /home/airflow/.local/lib/python3.8/site-packages/airflow/example_dags/example_sla_dag.py
[2023-11-26T18:01:21.336+0000] {processor.py:829} INFO - Processing file /home/airflow/.local/lib/python3.8/site-packages/airflow/example_dags/example_sla_dag.py for tasks to queue
[2023-11-26T18:01:21.348+0000] {logging_mixin.py:154} INFO - [2023-11-26T18:01:21.347+0000] {dagbag.py:536} INFO - Filling up the DagBag from /home/airflow/.local/lib/python3.8/site-packages/airflow/example_dags/example_sla_dag.py
[2023-11-26T18:01:21.372+0000] {processor.py:839} INFO - DAG(s) dict_keys(['example_sla_dag']) retrieved from /home/airflow/.local/lib/python3.8/site-packages/airflow/example_dags/example_sla_dag.py
[2023-11-26T18:01:21.497+0000] {logging_mixin.py:154} INFO - [2023-11-26T18:01:21.497+0000] {dag.py:2941} INFO - Sync 1 DAGs
[2023-11-26T18:01:21.774+0000] {logging_mixin.py:154} INFO - [2023-11-26T18:01:21.773+0000] {dag.py:3722} INFO - Setting next_dagrun for example_sla_dag to 2023-11-26T17:58:00+00:00, run_after=2023-11-26T18:00:00+00:00
[2023-11-26T18:01:21.837+0000] {processor.py:179} INFO - Processing /home/airflow/.local/lib/python3.8/site-packages/airflow/example_dags/example_sla_dag.py took 0.515 seconds
[2023-11-26T18:01:52.276+0000] {processor.py:157} INFO - Started process (PID=1649) to work on /home/airflow/.local/lib/python3.8/site-packages/airflow/example_dags/example_sla_dag.py
[2023-11-26T18:01:52.278+0000] {processor.py:829} INFO - Processing file /home/airflow/.local/lib/python3.8/site-packages/airflow/example_dags/example_sla_dag.py for tasks to queue
[2023-11-26T18:01:52.285+0000] {logging_mixin.py:154} INFO - [2023-11-26T18:01:52.284+0000] {dagbag.py:536} INFO - Filling up the DagBag from /home/airflow/.local/lib/python3.8/site-packages/airflow/example_dags/example_sla_dag.py
[2023-11-26T18:01:52.303+0000] {processor.py:839} INFO - DAG(s) dict_keys(['example_sla_dag']) retrieved from /home/airflow/.local/lib/python3.8/site-packages/airflow/example_dags/example_sla_dag.py
[2023-11-26T18:01:52.352+0000] {logging_mixin.py:154} INFO - [2023-11-26T18:01:52.352+0000] {dag.py:2941} INFO - Sync 1 DAGs
[2023-11-26T18:01:52.418+0000] {logging_mixin.py:154} INFO - [2023-11-26T18:01:52.417+0000] {dag.py:3722} INFO - Setting next_dagrun for example_sla_dag to 2023-11-26T17:58:00+00:00, run_after=2023-11-26T18:00:00+00:00
[2023-11-26T18:01:52.461+0000] {processor.py:179} INFO - Processing /home/airflow/.local/lib/python3.8/site-packages/airflow/example_dags/example_sla_dag.py took 0.194 seconds
[2023-11-26T18:02:23.636+0000] {processor.py:157} INFO - Started process (PID=1703) to work on /home/airflow/.local/lib/python3.8/site-packages/airflow/example_dags/example_sla_dag.py
[2023-11-26T18:02:23.639+0000] {processor.py:829} INFO - Processing file /home/airflow/.local/lib/python3.8/site-packages/airflow/example_dags/example_sla_dag.py for tasks to queue
[2023-11-26T18:02:23.647+0000] {logging_mixin.py:154} INFO - [2023-11-26T18:02:23.646+0000] {dagbag.py:536} INFO - Filling up the DagBag from /home/airflow/.local/lib/python3.8/site-packages/airflow/example_dags/example_sla_dag.py
[2023-11-26T18:02:23.692+0000] {processor.py:839} INFO - DAG(s) dict_keys(['example_sla_dag']) retrieved from /home/airflow/.local/lib/python3.8/site-packages/airflow/example_dags/example_sla_dag.py
[2023-11-26T18:02:24.596+0000] {logging_mixin.py:154} INFO - [2023-11-26T18:02:24.595+0000] {dag.py:2941} INFO - Sync 1 DAGs
[2023-11-26T18:02:24.785+0000] {logging_mixin.py:154} INFO - [2023-11-26T18:02:24.784+0000] {dag.py:3722} INFO - Setting next_dagrun for example_sla_dag to 2023-11-26T18:00:00+00:00, run_after=2023-11-26T18:02:00+00:00
[2023-11-26T18:02:24.866+0000] {processor.py:179} INFO - Processing /home/airflow/.local/lib/python3.8/site-packages/airflow/example_dags/example_sla_dag.py took 1.239 seconds
[2023-11-26T18:02:55.286+0000] {processor.py:157} INFO - Started process (PID=1757) to work on /home/airflow/.local/lib/python3.8/site-packages/airflow/example_dags/example_sla_dag.py
[2023-11-26T18:02:55.289+0000] {processor.py:829} INFO - Processing file /home/airflow/.local/lib/python3.8/site-packages/airflow/example_dags/example_sla_dag.py for tasks to queue
[2023-11-26T18:02:55.318+0000] {logging_mixin.py:154} INFO - [2023-11-26T18:02:55.317+0000] {dagbag.py:536} INFO - Filling up the DagBag from /home/airflow/.local/lib/python3.8/site-packages/airflow/example_dags/example_sla_dag.py
[2023-11-26T18:02:55.342+0000] {processor.py:839} INFO - DAG(s) dict_keys(['example_sla_dag']) retrieved from /home/airflow/.local/lib/python3.8/site-packages/airflow/example_dags/example_sla_dag.py
[2023-11-26T18:02:55.384+0000] {logging_mixin.py:154} INFO - [2023-11-26T18:02:55.384+0000] {dag.py:2941} INFO - Sync 1 DAGs
[2023-11-26T18:02:55.448+0000] {logging_mixin.py:154} INFO - [2023-11-26T18:02:55.447+0000] {dag.py:3722} INFO - Setting next_dagrun for example_sla_dag to 2023-11-26T18:00:00+00:00, run_after=2023-11-26T18:02:00+00:00
[2023-11-26T18:02:55.490+0000] {processor.py:179} INFO - Processing /home/airflow/.local/lib/python3.8/site-packages/airflow/example_dags/example_sla_dag.py took 0.212 seconds
[2023-11-26T18:03:25.848+0000] {processor.py:157} INFO - Started process (PID=1810) to work on /home/airflow/.local/lib/python3.8/site-packages/airflow/example_dags/example_sla_dag.py
[2023-11-26T18:03:25.862+0000] {processor.py:829} INFO - Processing file /home/airflow/.local/lib/python3.8/site-packages/airflow/example_dags/example_sla_dag.py for tasks to queue
[2023-11-26T18:03:25.877+0000] {logging_mixin.py:154} INFO - [2023-11-26T18:03:25.876+0000] {dagbag.py:536} INFO - Filling up the DagBag from /home/airflow/.local/lib/python3.8/site-packages/airflow/example_dags/example_sla_dag.py
[2023-11-26T18:03:25.910+0000] {processor.py:839} INFO - DAG(s) dict_keys(['example_sla_dag']) retrieved from /home/airflow/.local/lib/python3.8/site-packages/airflow/example_dags/example_sla_dag.py
[2023-11-26T18:03:26.002+0000] {logging_mixin.py:154} INFO - [2023-11-26T18:03:26.002+0000] {dag.py:2941} INFO - Sync 1 DAGs
[2023-11-26T18:03:26.098+0000] {logging_mixin.py:154} INFO - [2023-11-26T18:03:26.098+0000] {dag.py:3722} INFO - Setting next_dagrun for example_sla_dag to 2023-11-26T18:00:00+00:00, run_after=2023-11-26T18:02:00+00:00
[2023-11-26T18:03:26.148+0000] {processor.py:179} INFO - Processing /home/airflow/.local/lib/python3.8/site-packages/airflow/example_dags/example_sla_dag.py took 0.312 seconds
