[2023-11-26T17:42:10.358+0000] {processor.py:157} INFO - Started process (PID=51) to work on /home/airflow/.local/lib/python3.8/site-packages/airflow/example_dags/example_xcom.py
[2023-11-26T17:42:10.384+0000] {processor.py:829} INFO - Processing file /home/airflow/.local/lib/python3.8/site-packages/airflow/example_dags/example_xcom.py for tasks to queue
[2023-11-26T17:42:10.433+0000] {logging_mixin.py:154} INFO - [2023-11-26T17:42:10.433+0000] {dagbag.py:536} INFO - Filling up the DagBag from /home/airflow/.local/lib/python3.8/site-packages/airflow/example_dags/example_xcom.py
[2023-11-26T17:42:10.681+0000] {processor.py:839} INFO - DAG(s) dict_keys(['example_xcom']) retrieved from /home/airflow/.local/lib/python3.8/site-packages/airflow/example_dags/example_xcom.py
[2023-11-26T17:42:10.834+0000] {logging_mixin.py:154} INFO - [2023-11-26T17:42:10.833+0000] {dag.py:2941} INFO - Sync 1 DAGs
[2023-11-26T17:42:10.926+0000] {logging_mixin.py:154} INFO - [2023-11-26T17:42:10.925+0000] {dag.py:3722} INFO - Setting next_dagrun for example_xcom to 2021-01-01T00:00:00+00:00, run_after=2021-01-01T00:00:00+00:00
[2023-11-26T17:42:11.125+0000] {processor.py:179} INFO - Processing /home/airflow/.local/lib/python3.8/site-packages/airflow/example_dags/example_xcom.py took 0.825 seconds
[2023-11-26T17:46:08.346+0000] {processor.py:157} INFO - Started process (PID=59) to work on /home/airflow/.local/lib/python3.8/site-packages/airflow/example_dags/example_xcom.py
[2023-11-26T17:46:08.384+0000] {processor.py:829} INFO - Processing file /home/airflow/.local/lib/python3.8/site-packages/airflow/example_dags/example_xcom.py for tasks to queue
[2023-11-26T17:46:08.391+0000] {logging_mixin.py:154} INFO - [2023-11-26T17:46:08.391+0000] {dagbag.py:536} INFO - Filling up the DagBag from /home/airflow/.local/lib/python3.8/site-packages/airflow/example_dags/example_xcom.py
[2023-11-26T17:46:08.475+0000] {processor.py:839} INFO - DAG(s) dict_keys(['example_xcom']) retrieved from /home/airflow/.local/lib/python3.8/site-packages/airflow/example_dags/example_xcom.py
[2023-11-26T17:46:08.651+0000] {logging_mixin.py:154} INFO - [2023-11-26T17:46:08.651+0000] {dag.py:2941} INFO - Sync 1 DAGs
[2023-11-26T17:46:08.754+0000] {logging_mixin.py:154} INFO - [2023-11-26T17:46:08.754+0000] {dag.py:3722} INFO - Setting next_dagrun for example_xcom to 2021-01-01T00:00:00+00:00, run_after=2021-01-01T00:00:00+00:00
[2023-11-26T17:46:08.837+0000] {processor.py:179} INFO - Processing /home/airflow/.local/lib/python3.8/site-packages/airflow/example_dags/example_xcom.py took 0.508 seconds
[2023-11-26T17:46:44.719+0000] {processor.py:157} INFO - Started process (PID=113) to work on /home/airflow/.local/lib/python3.8/site-packages/airflow/example_dags/example_xcom.py
[2023-11-26T17:46:44.725+0000] {processor.py:829} INFO - Processing file /home/airflow/.local/lib/python3.8/site-packages/airflow/example_dags/example_xcom.py for tasks to queue
[2023-11-26T17:46:44.733+0000] {logging_mixin.py:154} INFO - [2023-11-26T17:46:44.732+0000] {dagbag.py:536} INFO - Filling up the DagBag from /home/airflow/.local/lib/python3.8/site-packages/airflow/example_dags/example_xcom.py
[2023-11-26T17:46:44.762+0000] {processor.py:839} INFO - DAG(s) dict_keys(['example_xcom']) retrieved from /home/airflow/.local/lib/python3.8/site-packages/airflow/example_dags/example_xcom.py
[2023-11-26T17:46:44.854+0000] {logging_mixin.py:154} INFO - [2023-11-26T17:46:44.854+0000] {dag.py:2941} INFO - Sync 1 DAGs
[2023-11-26T17:46:44.917+0000] {logging_mixin.py:154} INFO - [2023-11-26T17:46:44.916+0000] {dag.py:3722} INFO - Setting next_dagrun for example_xcom to 2021-01-01T00:00:00+00:00, run_after=2021-01-01T00:00:00+00:00
[2023-11-26T17:46:44.987+0000] {processor.py:179} INFO - Processing /home/airflow/.local/lib/python3.8/site-packages/airflow/example_dags/example_xcom.py took 0.279 seconds
[2023-11-26T17:47:15.327+0000] {processor.py:157} INFO - Started process (PID=166) to work on /home/airflow/.local/lib/python3.8/site-packages/airflow/example_dags/example_xcom.py
[2023-11-26T17:47:15.339+0000] {processor.py:829} INFO - Processing file /home/airflow/.local/lib/python3.8/site-packages/airflow/example_dags/example_xcom.py for tasks to queue
[2023-11-26T17:47:15.345+0000] {logging_mixin.py:154} INFO - [2023-11-26T17:47:15.344+0000] {dagbag.py:536} INFO - Filling up the DagBag from /home/airflow/.local/lib/python3.8/site-packages/airflow/example_dags/example_xcom.py
[2023-11-26T17:47:15.364+0000] {processor.py:839} INFO - DAG(s) dict_keys(['example_xcom']) retrieved from /home/airflow/.local/lib/python3.8/site-packages/airflow/example_dags/example_xcom.py
[2023-11-26T17:47:15.418+0000] {logging_mixin.py:154} INFO - [2023-11-26T17:47:15.418+0000] {dag.py:2941} INFO - Sync 1 DAGs
[2023-11-26T17:47:15.473+0000] {logging_mixin.py:154} INFO - [2023-11-26T17:47:15.473+0000] {dag.py:3722} INFO - Setting next_dagrun for example_xcom to 2021-01-01T00:00:00+00:00, run_after=2021-01-01T00:00:00+00:00
[2023-11-26T17:47:15.514+0000] {processor.py:179} INFO - Processing /home/airflow/.local/lib/python3.8/site-packages/airflow/example_dags/example_xcom.py took 0.195 seconds
[2023-11-26T17:47:46.089+0000] {processor.py:157} INFO - Started process (PID=219) to work on /home/airflow/.local/lib/python3.8/site-packages/airflow/example_dags/example_xcom.py
[2023-11-26T17:47:46.092+0000] {processor.py:829} INFO - Processing file /home/airflow/.local/lib/python3.8/site-packages/airflow/example_dags/example_xcom.py for tasks to queue
[2023-11-26T17:47:46.097+0000] {logging_mixin.py:154} INFO - [2023-11-26T17:47:46.097+0000] {dagbag.py:536} INFO - Filling up the DagBag from /home/airflow/.local/lib/python3.8/site-packages/airflow/example_dags/example_xcom.py
[2023-11-26T17:47:46.117+0000] {processor.py:839} INFO - DAG(s) dict_keys(['example_xcom']) retrieved from /home/airflow/.local/lib/python3.8/site-packages/airflow/example_dags/example_xcom.py
[2023-11-26T17:47:46.219+0000] {logging_mixin.py:154} INFO - [2023-11-26T17:47:46.219+0000] {dag.py:2941} INFO - Sync 1 DAGs
[2023-11-26T17:47:46.307+0000] {logging_mixin.py:154} INFO - [2023-11-26T17:47:46.306+0000] {dag.py:3722} INFO - Setting next_dagrun for example_xcom to 2021-01-01T00:00:00+00:00, run_after=2021-01-01T00:00:00+00:00
[2023-11-26T17:47:46.381+0000] {processor.py:179} INFO - Processing /home/airflow/.local/lib/python3.8/site-packages/airflow/example_dags/example_xcom.py took 0.299 seconds
[2023-11-26T17:48:17.513+0000] {processor.py:157} INFO - Started process (PID=272) to work on /home/airflow/.local/lib/python3.8/site-packages/airflow/example_dags/example_xcom.py
[2023-11-26T17:48:17.515+0000] {processor.py:829} INFO - Processing file /home/airflow/.local/lib/python3.8/site-packages/airflow/example_dags/example_xcom.py for tasks to queue
[2023-11-26T17:48:17.531+0000] {logging_mixin.py:154} INFO - [2023-11-26T17:48:17.531+0000] {dagbag.py:536} INFO - Filling up the DagBag from /home/airflow/.local/lib/python3.8/site-packages/airflow/example_dags/example_xcom.py
[2023-11-26T17:48:17.567+0000] {processor.py:839} INFO - DAG(s) dict_keys(['example_xcom']) retrieved from /home/airflow/.local/lib/python3.8/site-packages/airflow/example_dags/example_xcom.py
[2023-11-26T17:48:17.632+0000] {logging_mixin.py:154} INFO - [2023-11-26T17:48:17.632+0000] {dag.py:2941} INFO - Sync 1 DAGs
[2023-11-26T17:48:17.726+0000] {logging_mixin.py:154} INFO - [2023-11-26T17:48:17.726+0000] {dag.py:3722} INFO - Setting next_dagrun for example_xcom to 2021-01-01T00:00:00+00:00, run_after=2021-01-01T00:00:00+00:00
[2023-11-26T17:48:17.798+0000] {processor.py:179} INFO - Processing /home/airflow/.local/lib/python3.8/site-packages/airflow/example_dags/example_xcom.py took 0.335 seconds
[2023-11-26T17:48:47.939+0000] {processor.py:157} INFO - Started process (PID=326) to work on /home/airflow/.local/lib/python3.8/site-packages/airflow/example_dags/example_xcom.py
[2023-11-26T17:48:47.940+0000] {processor.py:829} INFO - Processing file /home/airflow/.local/lib/python3.8/site-packages/airflow/example_dags/example_xcom.py for tasks to queue
[2023-11-26T17:48:47.945+0000] {logging_mixin.py:154} INFO - [2023-11-26T17:48:47.944+0000] {dagbag.py:536} INFO - Filling up the DagBag from /home/airflow/.local/lib/python3.8/site-packages/airflow/example_dags/example_xcom.py
[2023-11-26T17:48:47.965+0000] {processor.py:839} INFO - DAG(s) dict_keys(['example_xcom']) retrieved from /home/airflow/.local/lib/python3.8/site-packages/airflow/example_dags/example_xcom.py
[2023-11-26T17:48:48.014+0000] {logging_mixin.py:154} INFO - [2023-11-26T17:48:48.014+0000] {dag.py:2941} INFO - Sync 1 DAGs
[2023-11-26T17:48:48.071+0000] {logging_mixin.py:154} INFO - [2023-11-26T17:48:48.071+0000] {dag.py:3722} INFO - Setting next_dagrun for example_xcom to 2021-01-01T00:00:00+00:00, run_after=2021-01-01T00:00:00+00:00
[2023-11-26T17:48:48.118+0000] {processor.py:179} INFO - Processing /home/airflow/.local/lib/python3.8/site-packages/airflow/example_dags/example_xcom.py took 0.185 seconds
[2023-11-26T17:49:18.978+0000] {processor.py:157} INFO - Started process (PID=379) to work on /home/airflow/.local/lib/python3.8/site-packages/airflow/example_dags/example_xcom.py
[2023-11-26T17:49:18.980+0000] {processor.py:829} INFO - Processing file /home/airflow/.local/lib/python3.8/site-packages/airflow/example_dags/example_xcom.py for tasks to queue
[2023-11-26T17:49:19.008+0000] {logging_mixin.py:154} INFO - [2023-11-26T17:49:19.004+0000] {dagbag.py:536} INFO - Filling up the DagBag from /home/airflow/.local/lib/python3.8/site-packages/airflow/example_dags/example_xcom.py
[2023-11-26T17:49:19.059+0000] {processor.py:839} INFO - DAG(s) dict_keys(['example_xcom']) retrieved from /home/airflow/.local/lib/python3.8/site-packages/airflow/example_dags/example_xcom.py
[2023-11-26T17:49:19.160+0000] {logging_mixin.py:154} INFO - [2023-11-26T17:49:19.160+0000] {dag.py:2941} INFO - Sync 1 DAGs
[2023-11-26T17:49:19.238+0000] {logging_mixin.py:154} INFO - [2023-11-26T17:49:19.238+0000] {dag.py:3722} INFO - Setting next_dagrun for example_xcom to 2021-01-01T00:00:00+00:00, run_after=2021-01-01T00:00:00+00:00
[2023-11-26T17:49:19.382+0000] {processor.py:179} INFO - Processing /home/airflow/.local/lib/python3.8/site-packages/airflow/example_dags/example_xcom.py took 0.415 seconds
[2023-11-26T17:49:50.753+0000] {processor.py:157} INFO - Started process (PID=432) to work on /home/airflow/.local/lib/python3.8/site-packages/airflow/example_dags/example_xcom.py
[2023-11-26T17:49:50.756+0000] {processor.py:829} INFO - Processing file /home/airflow/.local/lib/python3.8/site-packages/airflow/example_dags/example_xcom.py for tasks to queue
[2023-11-26T17:49:50.766+0000] {logging_mixin.py:154} INFO - [2023-11-26T17:49:50.765+0000] {dagbag.py:536} INFO - Filling up the DagBag from /home/airflow/.local/lib/python3.8/site-packages/airflow/example_dags/example_xcom.py
[2023-11-26T17:49:50.846+0000] {processor.py:839} INFO - DAG(s) dict_keys(['example_xcom']) retrieved from /home/airflow/.local/lib/python3.8/site-packages/airflow/example_dags/example_xcom.py
[2023-11-26T17:49:51.050+0000] {logging_mixin.py:154} INFO - [2023-11-26T17:49:51.049+0000] {dag.py:2941} INFO - Sync 1 DAGs
[2023-11-26T17:49:51.150+0000] {logging_mixin.py:154} INFO - [2023-11-26T17:49:51.149+0000] {dag.py:3722} INFO - Setting next_dagrun for example_xcom to 2021-01-01T00:00:00+00:00, run_after=2021-01-01T00:00:00+00:00
[2023-11-26T17:49:51.319+0000] {processor.py:179} INFO - Processing /home/airflow/.local/lib/python3.8/site-packages/airflow/example_dags/example_xcom.py took 0.575 seconds
[2023-11-26T17:50:21.628+0000] {processor.py:157} INFO - Started process (PID=486) to work on /home/airflow/.local/lib/python3.8/site-packages/airflow/example_dags/example_xcom.py
[2023-11-26T17:50:21.632+0000] {processor.py:829} INFO - Processing file /home/airflow/.local/lib/python3.8/site-packages/airflow/example_dags/example_xcom.py for tasks to queue
[2023-11-26T17:50:21.637+0000] {logging_mixin.py:154} INFO - [2023-11-26T17:50:21.637+0000] {dagbag.py:536} INFO - Filling up the DagBag from /home/airflow/.local/lib/python3.8/site-packages/airflow/example_dags/example_xcom.py
[2023-11-26T17:50:21.659+0000] {processor.py:839} INFO - DAG(s) dict_keys(['example_xcom']) retrieved from /home/airflow/.local/lib/python3.8/site-packages/airflow/example_dags/example_xcom.py
[2023-11-26T17:50:21.739+0000] {logging_mixin.py:154} INFO - [2023-11-26T17:50:21.738+0000] {dag.py:2941} INFO - Sync 1 DAGs
[2023-11-26T17:50:21.822+0000] {logging_mixin.py:154} INFO - [2023-11-26T17:50:21.822+0000] {dag.py:3722} INFO - Setting next_dagrun for example_xcom to 2021-01-01T00:00:00+00:00, run_after=2021-01-01T00:00:00+00:00
[2023-11-26T17:50:21.893+0000] {processor.py:179} INFO - Processing /home/airflow/.local/lib/python3.8/site-packages/airflow/example_dags/example_xcom.py took 0.273 seconds
[2023-11-26T17:50:52.924+0000] {processor.py:157} INFO - Started process (PID=540) to work on /home/airflow/.local/lib/python3.8/site-packages/airflow/example_dags/example_xcom.py
[2023-11-26T17:50:52.928+0000] {processor.py:829} INFO - Processing file /home/airflow/.local/lib/python3.8/site-packages/airflow/example_dags/example_xcom.py for tasks to queue
[2023-11-26T17:50:52.935+0000] {logging_mixin.py:154} INFO - [2023-11-26T17:50:52.934+0000] {dagbag.py:536} INFO - Filling up the DagBag from /home/airflow/.local/lib/python3.8/site-packages/airflow/example_dags/example_xcom.py
[2023-11-26T17:50:53.003+0000] {processor.py:839} INFO - DAG(s) dict_keys(['example_xcom']) retrieved from /home/airflow/.local/lib/python3.8/site-packages/airflow/example_dags/example_xcom.py
[2023-11-26T17:50:53.116+0000] {logging_mixin.py:154} INFO - [2023-11-26T17:50:53.116+0000] {dag.py:2941} INFO - Sync 1 DAGs
[2023-11-26T17:50:53.379+0000] {logging_mixin.py:154} INFO - [2023-11-26T17:50:53.379+0000] {dag.py:3722} INFO - Setting next_dagrun for example_xcom to 2021-01-01T00:00:00+00:00, run_after=2021-01-01T00:00:00+00:00
[2023-11-26T17:50:53.473+0000] {processor.py:179} INFO - Processing /home/airflow/.local/lib/python3.8/site-packages/airflow/example_dags/example_xcom.py took 0.577 seconds
[2023-11-26T17:51:24.503+0000] {processor.py:157} INFO - Started process (PID=594) to work on /home/airflow/.local/lib/python3.8/site-packages/airflow/example_dags/example_xcom.py
[2023-11-26T17:51:24.507+0000] {processor.py:829} INFO - Processing file /home/airflow/.local/lib/python3.8/site-packages/airflow/example_dags/example_xcom.py for tasks to queue
[2023-11-26T17:51:24.537+0000] {logging_mixin.py:154} INFO - [2023-11-26T17:51:24.524+0000] {dagbag.py:536} INFO - Filling up the DagBag from /home/airflow/.local/lib/python3.8/site-packages/airflow/example_dags/example_xcom.py
[2023-11-26T17:51:24.585+0000] {processor.py:839} INFO - DAG(s) dict_keys(['example_xcom']) retrieved from /home/airflow/.local/lib/python3.8/site-packages/airflow/example_dags/example_xcom.py
[2023-11-26T17:51:24.676+0000] {logging_mixin.py:154} INFO - [2023-11-26T17:51:24.676+0000] {dag.py:2941} INFO - Sync 1 DAGs
[2023-11-26T17:51:24.790+0000] {logging_mixin.py:154} INFO - [2023-11-26T17:51:24.789+0000] {dag.py:3722} INFO - Setting next_dagrun for example_xcom to 2021-01-01T00:00:00+00:00, run_after=2021-01-01T00:00:00+00:00
[2023-11-26T17:51:24.858+0000] {processor.py:179} INFO - Processing /home/airflow/.local/lib/python3.8/site-packages/airflow/example_dags/example_xcom.py took 0.368 seconds
[2023-11-26T17:51:55.003+0000] {processor.py:157} INFO - Started process (PID=647) to work on /home/airflow/.local/lib/python3.8/site-packages/airflow/example_dags/example_xcom.py
[2023-11-26T17:51:55.007+0000] {processor.py:829} INFO - Processing file /home/airflow/.local/lib/python3.8/site-packages/airflow/example_dags/example_xcom.py for tasks to queue
[2023-11-26T17:51:55.014+0000] {logging_mixin.py:154} INFO - [2023-11-26T17:51:55.013+0000] {dagbag.py:536} INFO - Filling up the DagBag from /home/airflow/.local/lib/python3.8/site-packages/airflow/example_dags/example_xcom.py
[2023-11-26T17:51:55.042+0000] {processor.py:839} INFO - DAG(s) dict_keys(['example_xcom']) retrieved from /home/airflow/.local/lib/python3.8/site-packages/airflow/example_dags/example_xcom.py
[2023-11-26T17:51:55.118+0000] {logging_mixin.py:154} INFO - [2023-11-26T17:51:55.117+0000] {dag.py:2941} INFO - Sync 1 DAGs
[2023-11-26T17:51:55.199+0000] {logging_mixin.py:154} INFO - [2023-11-26T17:51:55.199+0000] {dag.py:3722} INFO - Setting next_dagrun for example_xcom to 2021-01-01T00:00:00+00:00, run_after=2021-01-01T00:00:00+00:00
[2023-11-26T17:51:55.263+0000] {processor.py:179} INFO - Processing /home/airflow/.local/lib/python3.8/site-packages/airflow/example_dags/example_xcom.py took 0.269 seconds
[2023-11-26T17:52:25.613+0000] {processor.py:157} INFO - Started process (PID=700) to work on /home/airflow/.local/lib/python3.8/site-packages/airflow/example_dags/example_xcom.py
[2023-11-26T17:52:25.616+0000] {processor.py:829} INFO - Processing file /home/airflow/.local/lib/python3.8/site-packages/airflow/example_dags/example_xcom.py for tasks to queue
[2023-11-26T17:52:25.625+0000] {logging_mixin.py:154} INFO - [2023-11-26T17:52:25.623+0000] {dagbag.py:536} INFO - Filling up the DagBag from /home/airflow/.local/lib/python3.8/site-packages/airflow/example_dags/example_xcom.py
[2023-11-26T17:52:25.653+0000] {processor.py:839} INFO - DAG(s) dict_keys(['example_xcom']) retrieved from /home/airflow/.local/lib/python3.8/site-packages/airflow/example_dags/example_xcom.py
[2023-11-26T17:52:25.735+0000] {logging_mixin.py:154} INFO - [2023-11-26T17:52:25.734+0000] {dag.py:2941} INFO - Sync 1 DAGs
[2023-11-26T17:52:25.818+0000] {logging_mixin.py:154} INFO - [2023-11-26T17:52:25.818+0000] {dag.py:3722} INFO - Setting next_dagrun for example_xcom to 2021-01-01T00:00:00+00:00, run_after=2021-01-01T00:00:00+00:00
[2023-11-26T17:52:25.887+0000] {processor.py:179} INFO - Processing /home/airflow/.local/lib/python3.8/site-packages/airflow/example_dags/example_xcom.py took 0.284 seconds
[2023-11-26T17:52:56.103+0000] {processor.py:157} INFO - Started process (PID=754) to work on /home/airflow/.local/lib/python3.8/site-packages/airflow/example_dags/example_xcom.py
[2023-11-26T17:52:56.105+0000] {processor.py:829} INFO - Processing file /home/airflow/.local/lib/python3.8/site-packages/airflow/example_dags/example_xcom.py for tasks to queue
[2023-11-26T17:52:56.110+0000] {logging_mixin.py:154} INFO - [2023-11-26T17:52:56.110+0000] {dagbag.py:536} INFO - Filling up the DagBag from /home/airflow/.local/lib/python3.8/site-packages/airflow/example_dags/example_xcom.py
[2023-11-26T17:52:56.131+0000] {processor.py:839} INFO - DAG(s) dict_keys(['example_xcom']) retrieved from /home/airflow/.local/lib/python3.8/site-packages/airflow/example_dags/example_xcom.py
[2023-11-26T17:52:56.185+0000] {logging_mixin.py:154} INFO - [2023-11-26T17:52:56.185+0000] {dag.py:2941} INFO - Sync 1 DAGs
[2023-11-26T17:52:56.243+0000] {logging_mixin.py:154} INFO - [2023-11-26T17:52:56.243+0000] {dag.py:3722} INFO - Setting next_dagrun for example_xcom to 2021-01-01T00:00:00+00:00, run_after=2021-01-01T00:00:00+00:00
[2023-11-26T17:52:56.317+0000] {processor.py:179} INFO - Processing /home/airflow/.local/lib/python3.8/site-packages/airflow/example_dags/example_xcom.py took 0.221 seconds
[2023-11-26T17:53:28.051+0000] {processor.py:157} INFO - Started process (PID=808) to work on /home/airflow/.local/lib/python3.8/site-packages/airflow/example_dags/example_xcom.py
[2023-11-26T17:53:28.063+0000] {processor.py:829} INFO - Processing file /home/airflow/.local/lib/python3.8/site-packages/airflow/example_dags/example_xcom.py for tasks to queue
[2023-11-26T17:53:28.106+0000] {logging_mixin.py:154} INFO - [2023-11-26T17:53:28.105+0000] {dagbag.py:536} INFO - Filling up the DagBag from /home/airflow/.local/lib/python3.8/site-packages/airflow/example_dags/example_xcom.py
[2023-11-26T17:53:28.457+0000] {processor.py:839} INFO - DAG(s) dict_keys(['example_xcom']) retrieved from /home/airflow/.local/lib/python3.8/site-packages/airflow/example_dags/example_xcom.py
[2023-11-26T17:53:28.972+0000] {logging_mixin.py:154} INFO - [2023-11-26T17:53:28.971+0000] {dag.py:2941} INFO - Sync 1 DAGs
[2023-11-26T17:53:29.147+0000] {logging_mixin.py:154} INFO - [2023-11-26T17:53:29.147+0000] {dag.py:3722} INFO - Setting next_dagrun for example_xcom to 2021-01-01T00:00:00+00:00, run_after=2021-01-01T00:00:00+00:00
[2023-11-26T17:53:29.215+0000] {processor.py:179} INFO - Processing /home/airflow/.local/lib/python3.8/site-packages/airflow/example_dags/example_xcom.py took 1.173 seconds
[2023-11-26T17:53:59.327+0000] {processor.py:157} INFO - Started process (PID=862) to work on /home/airflow/.local/lib/python3.8/site-packages/airflow/example_dags/example_xcom.py
[2023-11-26T17:53:59.329+0000] {processor.py:829} INFO - Processing file /home/airflow/.local/lib/python3.8/site-packages/airflow/example_dags/example_xcom.py for tasks to queue
[2023-11-26T17:53:59.334+0000] {logging_mixin.py:154} INFO - [2023-11-26T17:53:59.334+0000] {dagbag.py:536} INFO - Filling up the DagBag from /home/airflow/.local/lib/python3.8/site-packages/airflow/example_dags/example_xcom.py
[2023-11-26T17:53:59.361+0000] {processor.py:839} INFO - DAG(s) dict_keys(['example_xcom']) retrieved from /home/airflow/.local/lib/python3.8/site-packages/airflow/example_dags/example_xcom.py
[2023-11-26T17:53:59.411+0000] {logging_mixin.py:154} INFO - [2023-11-26T17:53:59.410+0000] {dag.py:2941} INFO - Sync 1 DAGs
[2023-11-26T17:53:59.468+0000] {logging_mixin.py:154} INFO - [2023-11-26T17:53:59.466+0000] {dag.py:3722} INFO - Setting next_dagrun for example_xcom to 2021-01-01T00:00:00+00:00, run_after=2021-01-01T00:00:00+00:00
[2023-11-26T17:53:59.519+0000] {processor.py:179} INFO - Processing /home/airflow/.local/lib/python3.8/site-packages/airflow/example_dags/example_xcom.py took 0.199 seconds
[2023-11-26T17:54:38.100+0000] {processor.py:157} INFO - Started process (PID=924) to work on /home/airflow/.local/lib/python3.8/site-packages/airflow/example_dags/example_xcom.py
[2023-11-26T17:54:38.103+0000] {processor.py:829} INFO - Processing file /home/airflow/.local/lib/python3.8/site-packages/airflow/example_dags/example_xcom.py for tasks to queue
[2023-11-26T17:54:38.108+0000] {logging_mixin.py:154} INFO - [2023-11-26T17:54:38.106+0000] {dagbag.py:536} INFO - Filling up the DagBag from /home/airflow/.local/lib/python3.8/site-packages/airflow/example_dags/example_xcom.py
[2023-11-26T17:54:38.157+0000] {processor.py:839} INFO - DAG(s) dict_keys(['example_xcom']) retrieved from /home/airflow/.local/lib/python3.8/site-packages/airflow/example_dags/example_xcom.py
[2023-11-26T17:54:38.224+0000] {logging_mixin.py:154} INFO - [2023-11-26T17:54:38.222+0000] {dag.py:2941} INFO - Sync 1 DAGs
[2023-11-26T17:54:38.296+0000] {logging_mixin.py:154} INFO - [2023-11-26T17:54:38.295+0000] {dag.py:3722} INFO - Setting next_dagrun for example_xcom to 2021-01-01T00:00:00+00:00, run_after=2021-01-01T00:00:00+00:00
[2023-11-26T17:54:38.357+0000] {processor.py:179} INFO - Processing /home/airflow/.local/lib/python3.8/site-packages/airflow/example_dags/example_xcom.py took 0.270 seconds
[2023-11-26T17:55:09.159+0000] {processor.py:157} INFO - Started process (PID=979) to work on /home/airflow/.local/lib/python3.8/site-packages/airflow/example_dags/example_xcom.py
[2023-11-26T17:55:09.162+0000] {processor.py:829} INFO - Processing file /home/airflow/.local/lib/python3.8/site-packages/airflow/example_dags/example_xcom.py for tasks to queue
[2023-11-26T17:55:09.172+0000] {logging_mixin.py:154} INFO - [2023-11-26T17:55:09.172+0000] {dagbag.py:536} INFO - Filling up the DagBag from /home/airflow/.local/lib/python3.8/site-packages/airflow/example_dags/example_xcom.py
[2023-11-26T17:55:09.207+0000] {processor.py:839} INFO - DAG(s) dict_keys(['example_xcom']) retrieved from /home/airflow/.local/lib/python3.8/site-packages/airflow/example_dags/example_xcom.py
[2023-11-26T17:55:09.329+0000] {logging_mixin.py:154} INFO - [2023-11-26T17:55:09.329+0000] {dag.py:2941} INFO - Sync 1 DAGs
[2023-11-26T17:55:09.494+0000] {logging_mixin.py:154} INFO - [2023-11-26T17:55:09.493+0000] {dag.py:3722} INFO - Setting next_dagrun for example_xcom to 2021-01-01T00:00:00+00:00, run_after=2021-01-01T00:00:00+00:00
[2023-11-26T17:55:09.569+0000] {processor.py:179} INFO - Processing /home/airflow/.local/lib/python3.8/site-packages/airflow/example_dags/example_xcom.py took 0.419 seconds
[2023-11-26T17:55:40.727+0000] {processor.py:157} INFO - Started process (PID=1033) to work on /home/airflow/.local/lib/python3.8/site-packages/airflow/example_dags/example_xcom.py
[2023-11-26T17:55:40.729+0000] {processor.py:829} INFO - Processing file /home/airflow/.local/lib/python3.8/site-packages/airflow/example_dags/example_xcom.py for tasks to queue
[2023-11-26T17:55:40.734+0000] {logging_mixin.py:154} INFO - [2023-11-26T17:55:40.734+0000] {dagbag.py:536} INFO - Filling up the DagBag from /home/airflow/.local/lib/python3.8/site-packages/airflow/example_dags/example_xcom.py
[2023-11-26T17:55:40.756+0000] {processor.py:839} INFO - DAG(s) dict_keys(['example_xcom']) retrieved from /home/airflow/.local/lib/python3.8/site-packages/airflow/example_dags/example_xcom.py
[2023-11-26T17:55:40.819+0000] {logging_mixin.py:154} INFO - [2023-11-26T17:55:40.818+0000] {dag.py:2941} INFO - Sync 1 DAGs
[2023-11-26T17:55:40.889+0000] {logging_mixin.py:154} INFO - [2023-11-26T17:55:40.889+0000] {dag.py:3722} INFO - Setting next_dagrun for example_xcom to 2021-01-01T00:00:00+00:00, run_after=2021-01-01T00:00:00+00:00
[2023-11-26T17:55:40.940+0000] {processor.py:179} INFO - Processing /home/airflow/.local/lib/python3.8/site-packages/airflow/example_dags/example_xcom.py took 0.221 seconds
[2023-11-26T17:56:11.188+0000] {processor.py:157} INFO - Started process (PID=1085) to work on /home/airflow/.local/lib/python3.8/site-packages/airflow/example_dags/example_xcom.py
[2023-11-26T17:56:11.190+0000] {processor.py:829} INFO - Processing file /home/airflow/.local/lib/python3.8/site-packages/airflow/example_dags/example_xcom.py for tasks to queue
[2023-11-26T17:56:11.197+0000] {logging_mixin.py:154} INFO - [2023-11-26T17:56:11.196+0000] {dagbag.py:536} INFO - Filling up the DagBag from /home/airflow/.local/lib/python3.8/site-packages/airflow/example_dags/example_xcom.py
[2023-11-26T17:56:11.218+0000] {processor.py:839} INFO - DAG(s) dict_keys(['example_xcom']) retrieved from /home/airflow/.local/lib/python3.8/site-packages/airflow/example_dags/example_xcom.py
[2023-11-26T17:56:11.285+0000] {logging_mixin.py:154} INFO - [2023-11-26T17:56:11.285+0000] {dag.py:2941} INFO - Sync 1 DAGs
[2023-11-26T17:56:11.352+0000] {logging_mixin.py:154} INFO - [2023-11-26T17:56:11.352+0000] {dag.py:3722} INFO - Setting next_dagrun for example_xcom to 2021-01-01T00:00:00+00:00, run_after=2021-01-01T00:00:00+00:00
[2023-11-26T17:56:11.424+0000] {processor.py:179} INFO - Processing /home/airflow/.local/lib/python3.8/site-packages/airflow/example_dags/example_xcom.py took 0.245 seconds
[2023-11-26T17:56:42.081+0000] {processor.py:157} INFO - Started process (PID=1139) to work on /home/airflow/.local/lib/python3.8/site-packages/airflow/example_dags/example_xcom.py
[2023-11-26T17:56:42.083+0000] {processor.py:829} INFO - Processing file /home/airflow/.local/lib/python3.8/site-packages/airflow/example_dags/example_xcom.py for tasks to queue
[2023-11-26T17:56:42.089+0000] {logging_mixin.py:154} INFO - [2023-11-26T17:56:42.088+0000] {dagbag.py:536} INFO - Filling up the DagBag from /home/airflow/.local/lib/python3.8/site-packages/airflow/example_dags/example_xcom.py
[2023-11-26T17:56:42.109+0000] {processor.py:839} INFO - DAG(s) dict_keys(['example_xcom']) retrieved from /home/airflow/.local/lib/python3.8/site-packages/airflow/example_dags/example_xcom.py
[2023-11-26T17:56:42.196+0000] {logging_mixin.py:154} INFO - [2023-11-26T17:56:42.195+0000] {dag.py:2941} INFO - Sync 1 DAGs
[2023-11-26T17:56:42.264+0000] {logging_mixin.py:154} INFO - [2023-11-26T17:56:42.263+0000] {dag.py:3722} INFO - Setting next_dagrun for example_xcom to 2021-01-01T00:00:00+00:00, run_after=2021-01-01T00:00:00+00:00
[2023-11-26T17:56:42.672+0000] {processor.py:179} INFO - Processing /home/airflow/.local/lib/python3.8/site-packages/airflow/example_dags/example_xcom.py took 0.599 seconds
[2023-11-26T17:57:12.779+0000] {processor.py:157} INFO - Started process (PID=1194) to work on /home/airflow/.local/lib/python3.8/site-packages/airflow/example_dags/example_xcom.py
[2023-11-26T17:57:12.782+0000] {processor.py:829} INFO - Processing file /home/airflow/.local/lib/python3.8/site-packages/airflow/example_dags/example_xcom.py for tasks to queue
[2023-11-26T17:57:12.792+0000] {logging_mixin.py:154} INFO - [2023-11-26T17:57:12.791+0000] {dagbag.py:536} INFO - Filling up the DagBag from /home/airflow/.local/lib/python3.8/site-packages/airflow/example_dags/example_xcom.py
[2023-11-26T17:57:12.807+0000] {processor.py:839} INFO - DAG(s) dict_keys(['example_xcom']) retrieved from /home/airflow/.local/lib/python3.8/site-packages/airflow/example_dags/example_xcom.py
[2023-11-26T17:57:12.858+0000] {logging_mixin.py:154} INFO - [2023-11-26T17:57:12.857+0000] {dag.py:2941} INFO - Sync 1 DAGs
[2023-11-26T17:57:12.918+0000] {logging_mixin.py:154} INFO - [2023-11-26T17:57:12.917+0000] {dag.py:3722} INFO - Setting next_dagrun for example_xcom to 2021-01-01T00:00:00+00:00, run_after=2021-01-01T00:00:00+00:00
[2023-11-26T17:57:12.993+0000] {processor.py:179} INFO - Processing /home/airflow/.local/lib/python3.8/site-packages/airflow/example_dags/example_xcom.py took 0.221 seconds
[2023-11-26T17:57:55.812+0000] {processor.py:157} INFO - Started process (PID=1247) to work on /home/airflow/.local/lib/python3.8/site-packages/airflow/example_dags/example_xcom.py
[2023-11-26T17:57:55.815+0000] {processor.py:829} INFO - Processing file /home/airflow/.local/lib/python3.8/site-packages/airflow/example_dags/example_xcom.py for tasks to queue
[2023-11-26T17:57:55.947+0000] {logging_mixin.py:154} INFO - [2023-11-26T17:57:55.946+0000] {dagbag.py:536} INFO - Filling up the DagBag from /home/airflow/.local/lib/python3.8/site-packages/airflow/example_dags/example_xcom.py
[2023-11-26T17:57:55.966+0000] {processor.py:839} INFO - DAG(s) dict_keys(['example_xcom']) retrieved from /home/airflow/.local/lib/python3.8/site-packages/airflow/example_dags/example_xcom.py
[2023-11-26T17:57:56.169+0000] {logging_mixin.py:154} INFO - [2023-11-26T17:57:56.167+0000] {dag.py:2941} INFO - Sync 1 DAGs
[2023-11-26T17:57:56.428+0000] {logging_mixin.py:154} INFO - [2023-11-26T17:57:56.427+0000] {dag.py:3722} INFO - Setting next_dagrun for example_xcom to 2021-01-01T00:00:00+00:00, run_after=2021-01-01T00:00:00+00:00
[2023-11-26T17:57:56.603+0000] {processor.py:179} INFO - Processing /home/airflow/.local/lib/python3.8/site-packages/airflow/example_dags/example_xcom.py took 0.832 seconds
[2023-11-26T17:58:27.881+0000] {processor.py:157} INFO - Started process (PID=1301) to work on /home/airflow/.local/lib/python3.8/site-packages/airflow/example_dags/example_xcom.py
[2023-11-26T17:58:27.893+0000] {processor.py:829} INFO - Processing file /home/airflow/.local/lib/python3.8/site-packages/airflow/example_dags/example_xcom.py for tasks to queue
[2023-11-26T17:58:27.915+0000] {logging_mixin.py:154} INFO - [2023-11-26T17:58:27.913+0000] {dagbag.py:536} INFO - Filling up the DagBag from /home/airflow/.local/lib/python3.8/site-packages/airflow/example_dags/example_xcom.py
[2023-11-26T17:58:27.966+0000] {processor.py:839} INFO - DAG(s) dict_keys(['example_xcom']) retrieved from /home/airflow/.local/lib/python3.8/site-packages/airflow/example_dags/example_xcom.py
[2023-11-26T17:58:28.175+0000] {logging_mixin.py:154} INFO - [2023-11-26T17:58:28.175+0000] {dag.py:2941} INFO - Sync 1 DAGs
[2023-11-26T17:58:29.157+0000] {logging_mixin.py:154} INFO - [2023-11-26T17:58:29.157+0000] {dag.py:3722} INFO - Setting next_dagrun for example_xcom to 2021-01-01T00:00:00+00:00, run_after=2021-01-01T00:00:00+00:00
[2023-11-26T17:58:29.207+0000] {processor.py:179} INFO - Processing /home/airflow/.local/lib/python3.8/site-packages/airflow/example_dags/example_xcom.py took 1.351 seconds
[2023-11-26T17:58:59.463+0000] {processor.py:157} INFO - Started process (PID=1355) to work on /home/airflow/.local/lib/python3.8/site-packages/airflow/example_dags/example_xcom.py
[2023-11-26T17:58:59.465+0000] {processor.py:829} INFO - Processing file /home/airflow/.local/lib/python3.8/site-packages/airflow/example_dags/example_xcom.py for tasks to queue
[2023-11-26T17:58:59.475+0000] {logging_mixin.py:154} INFO - [2023-11-26T17:58:59.470+0000] {dagbag.py:536} INFO - Filling up the DagBag from /home/airflow/.local/lib/python3.8/site-packages/airflow/example_dags/example_xcom.py
[2023-11-26T17:58:59.500+0000] {processor.py:839} INFO - DAG(s) dict_keys(['example_xcom']) retrieved from /home/airflow/.local/lib/python3.8/site-packages/airflow/example_dags/example_xcom.py
[2023-11-26T17:58:59.583+0000] {logging_mixin.py:154} INFO - [2023-11-26T17:58:59.582+0000] {dag.py:2941} INFO - Sync 1 DAGs
[2023-11-26T17:58:59.997+0000] {logging_mixin.py:154} INFO - [2023-11-26T17:58:59.997+0000] {dag.py:3722} INFO - Setting next_dagrun for example_xcom to 2021-01-01T00:00:00+00:00, run_after=2021-01-01T00:00:00+00:00
[2023-11-26T17:59:00.079+0000] {processor.py:179} INFO - Processing /home/airflow/.local/lib/python3.8/site-packages/airflow/example_dags/example_xcom.py took 0.629 seconds
[2023-11-26T17:59:30.747+0000] {processor.py:157} INFO - Started process (PID=1409) to work on /home/airflow/.local/lib/python3.8/site-packages/airflow/example_dags/example_xcom.py
[2023-11-26T17:59:30.750+0000] {processor.py:829} INFO - Processing file /home/airflow/.local/lib/python3.8/site-packages/airflow/example_dags/example_xcom.py for tasks to queue
[2023-11-26T17:59:30.756+0000] {logging_mixin.py:154} INFO - [2023-11-26T17:59:30.756+0000] {dagbag.py:536} INFO - Filling up the DagBag from /home/airflow/.local/lib/python3.8/site-packages/airflow/example_dags/example_xcom.py
[2023-11-26T17:59:30.778+0000] {processor.py:839} INFO - DAG(s) dict_keys(['example_xcom']) retrieved from /home/airflow/.local/lib/python3.8/site-packages/airflow/example_dags/example_xcom.py
[2023-11-26T17:59:30.839+0000] {logging_mixin.py:154} INFO - [2023-11-26T17:59:30.839+0000] {dag.py:2941} INFO - Sync 1 DAGs
[2023-11-26T17:59:30.906+0000] {logging_mixin.py:154} INFO - [2023-11-26T17:59:30.906+0000] {dag.py:3722} INFO - Setting next_dagrun for example_xcom to 2021-01-01T00:00:00+00:00, run_after=2021-01-01T00:00:00+00:00
[2023-11-26T17:59:30.966+0000] {processor.py:179} INFO - Processing /home/airflow/.local/lib/python3.8/site-packages/airflow/example_dags/example_xcom.py took 0.226 seconds
[2023-11-26T18:00:01.664+0000] {processor.py:157} INFO - Started process (PID=1463) to work on /home/airflow/.local/lib/python3.8/site-packages/airflow/example_dags/example_xcom.py
[2023-11-26T18:00:01.681+0000] {processor.py:829} INFO - Processing file /home/airflow/.local/lib/python3.8/site-packages/airflow/example_dags/example_xcom.py for tasks to queue
[2023-11-26T18:00:01.707+0000] {logging_mixin.py:154} INFO - [2023-11-26T18:00:01.705+0000] {dagbag.py:536} INFO - Filling up the DagBag from /home/airflow/.local/lib/python3.8/site-packages/airflow/example_dags/example_xcom.py
[2023-11-26T18:00:02.757+0000] {processor.py:839} INFO - DAG(s) dict_keys(['example_xcom']) retrieved from /home/airflow/.local/lib/python3.8/site-packages/airflow/example_dags/example_xcom.py
[2023-11-26T18:00:03.211+0000] {logging_mixin.py:154} INFO - [2023-11-26T18:00:03.199+0000] {dag.py:2941} INFO - Sync 1 DAGs
[2023-11-26T18:00:03.349+0000] {logging_mixin.py:154} INFO - [2023-11-26T18:00:03.349+0000] {dag.py:3722} INFO - Setting next_dagrun for example_xcom to 2021-01-01T00:00:00+00:00, run_after=2021-01-01T00:00:00+00:00
[2023-11-26T18:00:03.527+0000] {processor.py:179} INFO - Processing /home/airflow/.local/lib/python3.8/site-packages/airflow/example_dags/example_xcom.py took 1.882 seconds
[2023-11-26T18:00:34.082+0000] {processor.py:157} INFO - Started process (PID=1516) to work on /home/airflow/.local/lib/python3.8/site-packages/airflow/example_dags/example_xcom.py
[2023-11-26T18:00:34.085+0000] {processor.py:829} INFO - Processing file /home/airflow/.local/lib/python3.8/site-packages/airflow/example_dags/example_xcom.py for tasks to queue
[2023-11-26T18:00:34.092+0000] {logging_mixin.py:154} INFO - [2023-11-26T18:00:34.091+0000] {dagbag.py:536} INFO - Filling up the DagBag from /home/airflow/.local/lib/python3.8/site-packages/airflow/example_dags/example_xcom.py
[2023-11-26T18:00:34.112+0000] {processor.py:839} INFO - DAG(s) dict_keys(['example_xcom']) retrieved from /home/airflow/.local/lib/python3.8/site-packages/airflow/example_dags/example_xcom.py
[2023-11-26T18:00:34.203+0000] {logging_mixin.py:154} INFO - [2023-11-26T18:00:34.202+0000] {dag.py:2941} INFO - Sync 1 DAGs
[2023-11-26T18:00:34.270+0000] {logging_mixin.py:154} INFO - [2023-11-26T18:00:34.270+0000] {dag.py:3722} INFO - Setting next_dagrun for example_xcom to 2021-01-01T00:00:00+00:00, run_after=2021-01-01T00:00:00+00:00
[2023-11-26T18:00:34.326+0000] {processor.py:179} INFO - Processing /home/airflow/.local/lib/python3.8/site-packages/airflow/example_dags/example_xcom.py took 0.257 seconds
[2023-11-26T18:01:04.579+0000] {processor.py:157} INFO - Started process (PID=1570) to work on /home/airflow/.local/lib/python3.8/site-packages/airflow/example_dags/example_xcom.py
[2023-11-26T18:01:04.587+0000] {processor.py:829} INFO - Processing file /home/airflow/.local/lib/python3.8/site-packages/airflow/example_dags/example_xcom.py for tasks to queue
[2023-11-26T18:01:04.606+0000] {logging_mixin.py:154} INFO - [2023-11-26T18:01:04.606+0000] {dagbag.py:536} INFO - Filling up the DagBag from /home/airflow/.local/lib/python3.8/site-packages/airflow/example_dags/example_xcom.py
[2023-11-26T18:01:04.632+0000] {processor.py:839} INFO - DAG(s) dict_keys(['example_xcom']) retrieved from /home/airflow/.local/lib/python3.8/site-packages/airflow/example_dags/example_xcom.py
[2023-11-26T18:01:04.796+0000] {logging_mixin.py:154} INFO - [2023-11-26T18:01:04.796+0000] {dag.py:2941} INFO - Sync 1 DAGs
[2023-11-26T18:01:04.946+0000] {logging_mixin.py:154} INFO - [2023-11-26T18:01:04.946+0000] {dag.py:3722} INFO - Setting next_dagrun for example_xcom to 2021-01-01T00:00:00+00:00, run_after=2021-01-01T00:00:00+00:00
[2023-11-26T18:01:04.998+0000] {processor.py:179} INFO - Processing /home/airflow/.local/lib/python3.8/site-packages/airflow/example_dags/example_xcom.py took 0.433 seconds
[2023-11-26T18:01:35.660+0000] {processor.py:157} INFO - Started process (PID=1624) to work on /home/airflow/.local/lib/python3.8/site-packages/airflow/example_dags/example_xcom.py
[2023-11-26T18:01:35.665+0000] {processor.py:829} INFO - Processing file /home/airflow/.local/lib/python3.8/site-packages/airflow/example_dags/example_xcom.py for tasks to queue
[2023-11-26T18:01:35.673+0000] {logging_mixin.py:154} INFO - [2023-11-26T18:01:35.672+0000] {dagbag.py:536} INFO - Filling up the DagBag from /home/airflow/.local/lib/python3.8/site-packages/airflow/example_dags/example_xcom.py
[2023-11-26T18:01:35.704+0000] {processor.py:839} INFO - DAG(s) dict_keys(['example_xcom']) retrieved from /home/airflow/.local/lib/python3.8/site-packages/airflow/example_dags/example_xcom.py
[2023-11-26T18:01:35.849+0000] {logging_mixin.py:154} INFO - [2023-11-26T18:01:35.848+0000] {dag.py:2941} INFO - Sync 1 DAGs
[2023-11-26T18:01:36.017+0000] {logging_mixin.py:154} INFO - [2023-11-26T18:01:36.017+0000] {dag.py:3722} INFO - Setting next_dagrun for example_xcom to 2021-01-01T00:00:00+00:00, run_after=2021-01-01T00:00:00+00:00
[2023-11-26T18:01:36.111+0000] {processor.py:179} INFO - Processing /home/airflow/.local/lib/python3.8/site-packages/airflow/example_dags/example_xcom.py took 0.463 seconds
[2023-11-26T18:02:06.418+0000] {processor.py:157} INFO - Started process (PID=1678) to work on /home/airflow/.local/lib/python3.8/site-packages/airflow/example_dags/example_xcom.py
[2023-11-26T18:02:06.421+0000] {processor.py:829} INFO - Processing file /home/airflow/.local/lib/python3.8/site-packages/airflow/example_dags/example_xcom.py for tasks to queue
[2023-11-26T18:02:06.435+0000] {logging_mixin.py:154} INFO - [2023-11-26T18:02:06.434+0000] {dagbag.py:536} INFO - Filling up the DagBag from /home/airflow/.local/lib/python3.8/site-packages/airflow/example_dags/example_xcom.py
[2023-11-26T18:02:06.462+0000] {processor.py:839} INFO - DAG(s) dict_keys(['example_xcom']) retrieved from /home/airflow/.local/lib/python3.8/site-packages/airflow/example_dags/example_xcom.py
[2023-11-26T18:02:06.544+0000] {logging_mixin.py:154} INFO - [2023-11-26T18:02:06.544+0000] {dag.py:2941} INFO - Sync 1 DAGs
[2023-11-26T18:02:06.601+0000] {logging_mixin.py:154} INFO - [2023-11-26T18:02:06.600+0000] {dag.py:3722} INFO - Setting next_dagrun for example_xcom to 2021-01-01T00:00:00+00:00, run_after=2021-01-01T00:00:00+00:00
[2023-11-26T18:02:06.654+0000] {processor.py:179} INFO - Processing /home/airflow/.local/lib/python3.8/site-packages/airflow/example_dags/example_xcom.py took 0.245 seconds
[2023-11-26T18:02:36.962+0000] {processor.py:157} INFO - Started process (PID=1730) to work on /home/airflow/.local/lib/python3.8/site-packages/airflow/example_dags/example_xcom.py
[2023-11-26T18:02:36.966+0000] {processor.py:829} INFO - Processing file /home/airflow/.local/lib/python3.8/site-packages/airflow/example_dags/example_xcom.py for tasks to queue
[2023-11-26T18:02:36.971+0000] {logging_mixin.py:154} INFO - [2023-11-26T18:02:36.971+0000] {dagbag.py:536} INFO - Filling up the DagBag from /home/airflow/.local/lib/python3.8/site-packages/airflow/example_dags/example_xcom.py
[2023-11-26T18:02:37.007+0000] {processor.py:839} INFO - DAG(s) dict_keys(['example_xcom']) retrieved from /home/airflow/.local/lib/python3.8/site-packages/airflow/example_dags/example_xcom.py
[2023-11-26T18:02:37.075+0000] {logging_mixin.py:154} INFO - [2023-11-26T18:02:37.075+0000] {dag.py:2941} INFO - Sync 1 DAGs
[2023-11-26T18:02:37.197+0000] {logging_mixin.py:154} INFO - [2023-11-26T18:02:37.197+0000] {dag.py:3722} INFO - Setting next_dagrun for example_xcom to 2021-01-01T00:00:00+00:00, run_after=2021-01-01T00:00:00+00:00
[2023-11-26T18:02:37.254+0000] {processor.py:179} INFO - Processing /home/airflow/.local/lib/python3.8/site-packages/airflow/example_dags/example_xcom.py took 0.301 seconds
[2023-11-26T18:03:07.397+0000] {processor.py:157} INFO - Started process (PID=1783) to work on /home/airflow/.local/lib/python3.8/site-packages/airflow/example_dags/example_xcom.py
[2023-11-26T18:03:07.399+0000] {processor.py:829} INFO - Processing file /home/airflow/.local/lib/python3.8/site-packages/airflow/example_dags/example_xcom.py for tasks to queue
[2023-11-26T18:03:07.405+0000] {logging_mixin.py:154} INFO - [2023-11-26T18:03:07.404+0000] {dagbag.py:536} INFO - Filling up the DagBag from /home/airflow/.local/lib/python3.8/site-packages/airflow/example_dags/example_xcom.py
[2023-11-26T18:03:07.427+0000] {processor.py:839} INFO - DAG(s) dict_keys(['example_xcom']) retrieved from /home/airflow/.local/lib/python3.8/site-packages/airflow/example_dags/example_xcom.py
[2023-11-26T18:03:07.502+0000] {logging_mixin.py:154} INFO - [2023-11-26T18:03:07.501+0000] {dag.py:2941} INFO - Sync 1 DAGs
[2023-11-26T18:03:07.592+0000] {logging_mixin.py:154} INFO - [2023-11-26T18:03:07.592+0000] {dag.py:3722} INFO - Setting next_dagrun for example_xcom to 2021-01-01T00:00:00+00:00, run_after=2021-01-01T00:00:00+00:00
[2023-11-26T18:03:07.643+0000] {processor.py:179} INFO - Processing /home/airflow/.local/lib/python3.8/site-packages/airflow/example_dags/example_xcom.py took 0.257 seconds
