[2023-11-26T17:42:15.324+0000] {processor.py:157} INFO - Started process (PID=68) to work on /home/airflow/.local/lib/python3.8/site-packages/airflow/example_dags/example_local_kubernetes_executor.py
[2023-11-26T17:42:15.328+0000] {processor.py:829} INFO - Processing file /home/airflow/.local/lib/python3.8/site-packages/airflow/example_dags/example_local_kubernetes_executor.py for tasks to queue
[2023-11-26T17:42:15.334+0000] {logging_mixin.py:154} INFO - [2023-11-26T17:42:15.333+0000] {dagbag.py:536} INFO - Filling up the DagBag from /home/airflow/.local/lib/python3.8/site-packages/airflow/example_dags/example_local_kubernetes_executor.py
[2023-11-26T17:42:15.360+0000] {processor.py:839} INFO - DAG(s) dict_keys(['example_local_kubernetes_executor']) retrieved from /home/airflow/.local/lib/python3.8/site-packages/airflow/example_dags/example_local_kubernetes_executor.py
[2023-11-26T17:42:17.125+0000] {logging_mixin.py:154} INFO - [2023-11-26T17:42:17.124+0000] {dag.py:2941} INFO - Sync 1 DAGs
[2023-11-26T17:42:17.442+0000] {logging_mixin.py:154} INFO - [2023-11-26T17:42:17.442+0000] {dag.py:3722} INFO - Setting next_dagrun for example_local_kubernetes_executor to None, run_after=None
[2023-11-26T17:42:17.532+0000] {processor.py:179} INFO - Processing /home/airflow/.local/lib/python3.8/site-packages/airflow/example_dags/example_local_kubernetes_executor.py took 1.980 seconds
[2023-11-26T17:46:12.382+0000] {processor.py:157} INFO - Started process (PID=70) to work on /home/airflow/.local/lib/python3.8/site-packages/airflow/example_dags/example_local_kubernetes_executor.py
[2023-11-26T17:46:12.400+0000] {processor.py:829} INFO - Processing file /home/airflow/.local/lib/python3.8/site-packages/airflow/example_dags/example_local_kubernetes_executor.py for tasks to queue
[2023-11-26T17:46:12.419+0000] {logging_mixin.py:154} INFO - [2023-11-26T17:46:12.419+0000] {dagbag.py:536} INFO - Filling up the DagBag from /home/airflow/.local/lib/python3.8/site-packages/airflow/example_dags/example_local_kubernetes_executor.py
[2023-11-26T17:46:12.539+0000] {processor.py:839} INFO - DAG(s) dict_keys(['example_local_kubernetes_executor']) retrieved from /home/airflow/.local/lib/python3.8/site-packages/airflow/example_dags/example_local_kubernetes_executor.py
[2023-11-26T17:46:13.042+0000] {logging_mixin.py:154} INFO - [2023-11-26T17:46:13.041+0000] {dag.py:2941} INFO - Sync 1 DAGs
[2023-11-26T17:46:13.110+0000] {logging_mixin.py:154} INFO - [2023-11-26T17:46:13.110+0000] {dag.py:3722} INFO - Setting next_dagrun for example_local_kubernetes_executor to None, run_after=None
[2023-11-26T17:46:13.312+0000] {processor.py:179} INFO - Processing /home/airflow/.local/lib/python3.8/site-packages/airflow/example_dags/example_local_kubernetes_executor.py took 0.953 seconds
[2023-11-26T17:46:46.980+0000] {processor.py:157} INFO - Started process (PID=125) to work on /home/airflow/.local/lib/python3.8/site-packages/airflow/example_dags/example_local_kubernetes_executor.py
[2023-11-26T17:46:46.982+0000] {processor.py:829} INFO - Processing file /home/airflow/.local/lib/python3.8/site-packages/airflow/example_dags/example_local_kubernetes_executor.py for tasks to queue
[2023-11-26T17:46:46.988+0000] {logging_mixin.py:154} INFO - [2023-11-26T17:46:46.987+0000] {dagbag.py:536} INFO - Filling up the DagBag from /home/airflow/.local/lib/python3.8/site-packages/airflow/example_dags/example_local_kubernetes_executor.py
[2023-11-26T17:46:47.009+0000] {processor.py:839} INFO - DAG(s) dict_keys(['example_local_kubernetes_executor']) retrieved from /home/airflow/.local/lib/python3.8/site-packages/airflow/example_dags/example_local_kubernetes_executor.py
[2023-11-26T17:46:47.169+0000] {logging_mixin.py:154} INFO - [2023-11-26T17:46:47.168+0000] {dag.py:2941} INFO - Sync 1 DAGs
[2023-11-26T17:46:47.208+0000] {logging_mixin.py:154} INFO - [2023-11-26T17:46:47.207+0000] {dag.py:3722} INFO - Setting next_dagrun for example_local_kubernetes_executor to None, run_after=None
[2023-11-26T17:46:47.256+0000] {processor.py:179} INFO - Processing /home/airflow/.local/lib/python3.8/site-packages/airflow/example_dags/example_local_kubernetes_executor.py took 0.286 seconds
[2023-11-26T17:47:17.388+0000] {processor.py:157} INFO - Started process (PID=177) to work on /home/airflow/.local/lib/python3.8/site-packages/airflow/example_dags/example_local_kubernetes_executor.py
[2023-11-26T17:47:17.390+0000] {processor.py:829} INFO - Processing file /home/airflow/.local/lib/python3.8/site-packages/airflow/example_dags/example_local_kubernetes_executor.py for tasks to queue
[2023-11-26T17:47:17.395+0000] {logging_mixin.py:154} INFO - [2023-11-26T17:47:17.395+0000] {dagbag.py:536} INFO - Filling up the DagBag from /home/airflow/.local/lib/python3.8/site-packages/airflow/example_dags/example_local_kubernetes_executor.py
[2023-11-26T17:47:17.417+0000] {processor.py:839} INFO - DAG(s) dict_keys(['example_local_kubernetes_executor']) retrieved from /home/airflow/.local/lib/python3.8/site-packages/airflow/example_dags/example_local_kubernetes_executor.py
[2023-11-26T17:47:17.507+0000] {logging_mixin.py:154} INFO - [2023-11-26T17:47:17.507+0000] {dag.py:2941} INFO - Sync 1 DAGs
[2023-11-26T17:47:17.547+0000] {logging_mixin.py:154} INFO - [2023-11-26T17:47:17.546+0000] {dag.py:3722} INFO - Setting next_dagrun for example_local_kubernetes_executor to None, run_after=None
[2023-11-26T17:47:17.616+0000] {processor.py:179} INFO - Processing /home/airflow/.local/lib/python3.8/site-packages/airflow/example_dags/example_local_kubernetes_executor.py took 0.235 seconds
[2023-11-26T17:47:48.497+0000] {processor.py:157} INFO - Started process (PID=232) to work on /home/airflow/.local/lib/python3.8/site-packages/airflow/example_dags/example_local_kubernetes_executor.py
[2023-11-26T17:47:48.500+0000] {processor.py:829} INFO - Processing file /home/airflow/.local/lib/python3.8/site-packages/airflow/example_dags/example_local_kubernetes_executor.py for tasks to queue
[2023-11-26T17:47:48.507+0000] {logging_mixin.py:154} INFO - [2023-11-26T17:47:48.506+0000] {dagbag.py:536} INFO - Filling up the DagBag from /home/airflow/.local/lib/python3.8/site-packages/airflow/example_dags/example_local_kubernetes_executor.py
[2023-11-26T17:47:48.529+0000] {processor.py:839} INFO - DAG(s) dict_keys(['example_local_kubernetes_executor']) retrieved from /home/airflow/.local/lib/python3.8/site-packages/airflow/example_dags/example_local_kubernetes_executor.py
[2023-11-26T17:47:48.614+0000] {logging_mixin.py:154} INFO - [2023-11-26T17:47:48.614+0000] {dag.py:2941} INFO - Sync 1 DAGs
[2023-11-26T17:47:48.646+0000] {logging_mixin.py:154} INFO - [2023-11-26T17:47:48.645+0000] {dag.py:3722} INFO - Setting next_dagrun for example_local_kubernetes_executor to None, run_after=None
[2023-11-26T17:47:48.695+0000] {processor.py:179} INFO - Processing /home/airflow/.local/lib/python3.8/site-packages/airflow/example_dags/example_local_kubernetes_executor.py took 0.207 seconds
[2023-11-26T17:48:20.037+0000] {processor.py:157} INFO - Started process (PID=285) to work on /home/airflow/.local/lib/python3.8/site-packages/airflow/example_dags/example_local_kubernetes_executor.py
[2023-11-26T17:48:20.039+0000] {processor.py:829} INFO - Processing file /home/airflow/.local/lib/python3.8/site-packages/airflow/example_dags/example_local_kubernetes_executor.py for tasks to queue
[2023-11-26T17:48:20.044+0000] {logging_mixin.py:154} INFO - [2023-11-26T17:48:20.043+0000] {dagbag.py:536} INFO - Filling up the DagBag from /home/airflow/.local/lib/python3.8/site-packages/airflow/example_dags/example_local_kubernetes_executor.py
[2023-11-26T17:48:20.067+0000] {processor.py:839} INFO - DAG(s) dict_keys(['example_local_kubernetes_executor']) retrieved from /home/airflow/.local/lib/python3.8/site-packages/airflow/example_dags/example_local_kubernetes_executor.py
[2023-11-26T17:48:20.172+0000] {logging_mixin.py:154} INFO - [2023-11-26T17:48:20.171+0000] {dag.py:2941} INFO - Sync 1 DAGs
[2023-11-26T17:48:20.202+0000] {logging_mixin.py:154} INFO - [2023-11-26T17:48:20.202+0000] {dag.py:3722} INFO - Setting next_dagrun for example_local_kubernetes_executor to None, run_after=None
[2023-11-26T17:48:20.252+0000] {processor.py:179} INFO - Processing /home/airflow/.local/lib/python3.8/site-packages/airflow/example_dags/example_local_kubernetes_executor.py took 0.223 seconds
[2023-11-26T17:48:51.707+0000] {processor.py:157} INFO - Started process (PID=337) to work on /home/airflow/.local/lib/python3.8/site-packages/airflow/example_dags/example_local_kubernetes_executor.py
[2023-11-26T17:48:51.718+0000] {processor.py:829} INFO - Processing file /home/airflow/.local/lib/python3.8/site-packages/airflow/example_dags/example_local_kubernetes_executor.py for tasks to queue
[2023-11-26T17:48:51.726+0000] {logging_mixin.py:154} INFO - [2023-11-26T17:48:51.725+0000] {dagbag.py:536} INFO - Filling up the DagBag from /home/airflow/.local/lib/python3.8/site-packages/airflow/example_dags/example_local_kubernetes_executor.py
[2023-11-26T17:48:51.773+0000] {processor.py:839} INFO - DAG(s) dict_keys(['example_local_kubernetes_executor']) retrieved from /home/airflow/.local/lib/python3.8/site-packages/airflow/example_dags/example_local_kubernetes_executor.py
[2023-11-26T17:48:51.910+0000] {logging_mixin.py:154} INFO - [2023-11-26T17:48:51.910+0000] {dag.py:2941} INFO - Sync 1 DAGs
[2023-11-26T17:48:51.962+0000] {logging_mixin.py:154} INFO - [2023-11-26T17:48:51.962+0000] {dag.py:3722} INFO - Setting next_dagrun for example_local_kubernetes_executor to None, run_after=None
[2023-11-26T17:48:52.016+0000] {processor.py:179} INFO - Processing /home/airflow/.local/lib/python3.8/site-packages/airflow/example_dags/example_local_kubernetes_executor.py took 0.318 seconds
[2023-11-26T17:49:23.345+0000] {processor.py:157} INFO - Started process (PID=390) to work on /home/airflow/.local/lib/python3.8/site-packages/airflow/example_dags/example_local_kubernetes_executor.py
[2023-11-26T17:49:23.348+0000] {processor.py:829} INFO - Processing file /home/airflow/.local/lib/python3.8/site-packages/airflow/example_dags/example_local_kubernetes_executor.py for tasks to queue
[2023-11-26T17:49:23.353+0000] {logging_mixin.py:154} INFO - [2023-11-26T17:49:23.352+0000] {dagbag.py:536} INFO - Filling up the DagBag from /home/airflow/.local/lib/python3.8/site-packages/airflow/example_dags/example_local_kubernetes_executor.py
[2023-11-26T17:49:23.374+0000] {processor.py:839} INFO - DAG(s) dict_keys(['example_local_kubernetes_executor']) retrieved from /home/airflow/.local/lib/python3.8/site-packages/airflow/example_dags/example_local_kubernetes_executor.py
[2023-11-26T17:49:23.572+0000] {logging_mixin.py:154} INFO - [2023-11-26T17:49:23.571+0000] {dag.py:2941} INFO - Sync 1 DAGs
[2023-11-26T17:49:23.624+0000] {logging_mixin.py:154} INFO - [2023-11-26T17:49:23.624+0000] {dag.py:3722} INFO - Setting next_dagrun for example_local_kubernetes_executor to None, run_after=None
[2023-11-26T17:49:23.687+0000] {processor.py:179} INFO - Processing /home/airflow/.local/lib/python3.8/site-packages/airflow/example_dags/example_local_kubernetes_executor.py took 0.352 seconds
[2023-11-26T17:49:55.766+0000] {processor.py:157} INFO - Started process (PID=443) to work on /home/airflow/.local/lib/python3.8/site-packages/airflow/example_dags/example_local_kubernetes_executor.py
[2023-11-26T17:49:55.777+0000] {processor.py:829} INFO - Processing file /home/airflow/.local/lib/python3.8/site-packages/airflow/example_dags/example_local_kubernetes_executor.py for tasks to queue
[2023-11-26T17:49:55.784+0000] {logging_mixin.py:154} INFO - [2023-11-26T17:49:55.784+0000] {dagbag.py:536} INFO - Filling up the DagBag from /home/airflow/.local/lib/python3.8/site-packages/airflow/example_dags/example_local_kubernetes_executor.py
[2023-11-26T17:49:56.370+0000] {processor.py:839} INFO - DAG(s) dict_keys(['example_local_kubernetes_executor']) retrieved from /home/airflow/.local/lib/python3.8/site-packages/airflow/example_dags/example_local_kubernetes_executor.py
[2023-11-26T17:49:57.019+0000] {logging_mixin.py:154} INFO - [2023-11-26T17:49:57.018+0000] {dag.py:2941} INFO - Sync 1 DAGs
[2023-11-26T17:49:57.179+0000] {logging_mixin.py:154} INFO - [2023-11-26T17:49:57.178+0000] {dag.py:3722} INFO - Setting next_dagrun for example_local_kubernetes_executor to None, run_after=None
[2023-11-26T17:49:57.229+0000] {processor.py:179} INFO - Processing /home/airflow/.local/lib/python3.8/site-packages/airflow/example_dags/example_local_kubernetes_executor.py took 1.471 seconds
[2023-11-26T17:50:27.534+0000] {processor.py:157} INFO - Started process (PID=504) to work on /home/airflow/.local/lib/python3.8/site-packages/airflow/example_dags/example_local_kubernetes_executor.py
[2023-11-26T17:50:27.538+0000] {processor.py:829} INFO - Processing file /home/airflow/.local/lib/python3.8/site-packages/airflow/example_dags/example_local_kubernetes_executor.py for tasks to queue
[2023-11-26T17:50:27.543+0000] {logging_mixin.py:154} INFO - [2023-11-26T17:50:27.542+0000] {dagbag.py:536} INFO - Filling up the DagBag from /home/airflow/.local/lib/python3.8/site-packages/airflow/example_dags/example_local_kubernetes_executor.py
[2023-11-26T17:50:27.569+0000] {processor.py:839} INFO - DAG(s) dict_keys(['example_local_kubernetes_executor']) retrieved from /home/airflow/.local/lib/python3.8/site-packages/airflow/example_dags/example_local_kubernetes_executor.py
[2023-11-26T17:50:28.019+0000] {logging_mixin.py:154} INFO - [2023-11-26T17:50:28.018+0000] {dag.py:2941} INFO - Sync 1 DAGs
[2023-11-26T17:50:28.133+0000] {logging_mixin.py:154} INFO - [2023-11-26T17:50:28.133+0000] {dag.py:3722} INFO - Setting next_dagrun for example_local_kubernetes_executor to None, run_after=None
[2023-11-26T17:50:28.193+0000] {processor.py:179} INFO - Processing /home/airflow/.local/lib/python3.8/site-packages/airflow/example_dags/example_local_kubernetes_executor.py took 0.677 seconds
[2023-11-26T17:50:58.351+0000] {processor.py:157} INFO - Started process (PID=558) to work on /home/airflow/.local/lib/python3.8/site-packages/airflow/example_dags/example_local_kubernetes_executor.py
[2023-11-26T17:50:58.355+0000] {processor.py:829} INFO - Processing file /home/airflow/.local/lib/python3.8/site-packages/airflow/example_dags/example_local_kubernetes_executor.py for tasks to queue
[2023-11-26T17:50:58.365+0000] {logging_mixin.py:154} INFO - [2023-11-26T17:50:58.364+0000] {dagbag.py:536} INFO - Filling up the DagBag from /home/airflow/.local/lib/python3.8/site-packages/airflow/example_dags/example_local_kubernetes_executor.py
[2023-11-26T17:50:58.390+0000] {processor.py:839} INFO - DAG(s) dict_keys(['example_local_kubernetes_executor']) retrieved from /home/airflow/.local/lib/python3.8/site-packages/airflow/example_dags/example_local_kubernetes_executor.py
[2023-11-26T17:50:58.531+0000] {logging_mixin.py:154} INFO - [2023-11-26T17:50:58.531+0000] {dag.py:2941} INFO - Sync 1 DAGs
[2023-11-26T17:50:58.682+0000] {logging_mixin.py:154} INFO - [2023-11-26T17:50:58.682+0000] {dag.py:3722} INFO - Setting next_dagrun for example_local_kubernetes_executor to None, run_after=None
[2023-11-26T17:50:58.772+0000] {processor.py:179} INFO - Processing /home/airflow/.local/lib/python3.8/site-packages/airflow/example_dags/example_local_kubernetes_executor.py took 0.432 seconds
[2023-11-26T17:51:30.709+0000] {processor.py:157} INFO - Started process (PID=610) to work on /home/airflow/.local/lib/python3.8/site-packages/airflow/example_dags/example_local_kubernetes_executor.py
[2023-11-26T17:51:30.716+0000] {processor.py:829} INFO - Processing file /home/airflow/.local/lib/python3.8/site-packages/airflow/example_dags/example_local_kubernetes_executor.py for tasks to queue
[2023-11-26T17:51:30.724+0000] {logging_mixin.py:154} INFO - [2023-11-26T17:51:30.722+0000] {dagbag.py:536} INFO - Filling up the DagBag from /home/airflow/.local/lib/python3.8/site-packages/airflow/example_dags/example_local_kubernetes_executor.py
[2023-11-26T17:51:30.774+0000] {processor.py:839} INFO - DAG(s) dict_keys(['example_local_kubernetes_executor']) retrieved from /home/airflow/.local/lib/python3.8/site-packages/airflow/example_dags/example_local_kubernetes_executor.py
[2023-11-26T17:51:31.052+0000] {logging_mixin.py:154} INFO - [2023-11-26T17:51:31.051+0000] {dag.py:2941} INFO - Sync 1 DAGs
[2023-11-26T17:51:31.187+0000] {logging_mixin.py:154} INFO - [2023-11-26T17:51:31.187+0000] {dag.py:3722} INFO - Setting next_dagrun for example_local_kubernetes_executor to None, run_after=None
[2023-11-26T17:51:31.349+0000] {processor.py:179} INFO - Processing /home/airflow/.local/lib/python3.8/site-packages/airflow/example_dags/example_local_kubernetes_executor.py took 0.649 seconds
[2023-11-26T17:52:02.211+0000] {processor.py:157} INFO - Started process (PID=665) to work on /home/airflow/.local/lib/python3.8/site-packages/airflow/example_dags/example_local_kubernetes_executor.py
[2023-11-26T17:52:02.215+0000] {processor.py:829} INFO - Processing file /home/airflow/.local/lib/python3.8/site-packages/airflow/example_dags/example_local_kubernetes_executor.py for tasks to queue
[2023-11-26T17:52:02.224+0000] {logging_mixin.py:154} INFO - [2023-11-26T17:52:02.223+0000] {dagbag.py:536} INFO - Filling up the DagBag from /home/airflow/.local/lib/python3.8/site-packages/airflow/example_dags/example_local_kubernetes_executor.py
[2023-11-26T17:52:02.252+0000] {processor.py:839} INFO - DAG(s) dict_keys(['example_local_kubernetes_executor']) retrieved from /home/airflow/.local/lib/python3.8/site-packages/airflow/example_dags/example_local_kubernetes_executor.py
[2023-11-26T17:52:02.570+0000] {logging_mixin.py:154} INFO - [2023-11-26T17:52:02.570+0000] {dag.py:2941} INFO - Sync 1 DAGs
[2023-11-26T17:52:03.005+0000] {logging_mixin.py:154} INFO - [2023-11-26T17:52:03.005+0000] {dag.py:3722} INFO - Setting next_dagrun for example_local_kubernetes_executor to None, run_after=None
[2023-11-26T17:52:03.123+0000] {processor.py:179} INFO - Processing /home/airflow/.local/lib/python3.8/site-packages/airflow/example_dags/example_local_kubernetes_executor.py took 0.925 seconds
[2023-11-26T17:52:33.602+0000] {processor.py:157} INFO - Started process (PID=718) to work on /home/airflow/.local/lib/python3.8/site-packages/airflow/example_dags/example_local_kubernetes_executor.py
[2023-11-26T17:52:33.611+0000] {processor.py:829} INFO - Processing file /home/airflow/.local/lib/python3.8/site-packages/airflow/example_dags/example_local_kubernetes_executor.py for tasks to queue
[2023-11-26T17:52:33.619+0000] {logging_mixin.py:154} INFO - [2023-11-26T17:52:33.618+0000] {dagbag.py:536} INFO - Filling up the DagBag from /home/airflow/.local/lib/python3.8/site-packages/airflow/example_dags/example_local_kubernetes_executor.py
[2023-11-26T17:52:33.648+0000] {processor.py:839} INFO - DAG(s) dict_keys(['example_local_kubernetes_executor']) retrieved from /home/airflow/.local/lib/python3.8/site-packages/airflow/example_dags/example_local_kubernetes_executor.py
[2023-11-26T17:52:33.831+0000] {logging_mixin.py:154} INFO - [2023-11-26T17:52:33.831+0000] {dag.py:2941} INFO - Sync 1 DAGs
[2023-11-26T17:52:33.885+0000] {logging_mixin.py:154} INFO - [2023-11-26T17:52:33.884+0000] {dag.py:3722} INFO - Setting next_dagrun for example_local_kubernetes_executor to None, run_after=None
[2023-11-26T17:52:33.969+0000] {processor.py:179} INFO - Processing /home/airflow/.local/lib/python3.8/site-packages/airflow/example_dags/example_local_kubernetes_executor.py took 0.376 seconds
[2023-11-26T17:53:04.695+0000] {processor.py:157} INFO - Started process (PID=773) to work on /home/airflow/.local/lib/python3.8/site-packages/airflow/example_dags/example_local_kubernetes_executor.py
[2023-11-26T17:53:04.704+0000] {processor.py:829} INFO - Processing file /home/airflow/.local/lib/python3.8/site-packages/airflow/example_dags/example_local_kubernetes_executor.py for tasks to queue
[2023-11-26T17:53:04.715+0000] {logging_mixin.py:154} INFO - [2023-11-26T17:53:04.713+0000] {dagbag.py:536} INFO - Filling up the DagBag from /home/airflow/.local/lib/python3.8/site-packages/airflow/example_dags/example_local_kubernetes_executor.py
[2023-11-26T17:53:04.760+0000] {processor.py:839} INFO - DAG(s) dict_keys(['example_local_kubernetes_executor']) retrieved from /home/airflow/.local/lib/python3.8/site-packages/airflow/example_dags/example_local_kubernetes_executor.py
[2023-11-26T17:53:04.885+0000] {logging_mixin.py:154} INFO - [2023-11-26T17:53:04.885+0000] {dag.py:2941} INFO - Sync 1 DAGs
[2023-11-26T17:53:04.938+0000] {logging_mixin.py:154} INFO - [2023-11-26T17:53:04.937+0000] {dag.py:3722} INFO - Setting next_dagrun for example_local_kubernetes_executor to None, run_after=None
[2023-11-26T17:53:04.997+0000] {processor.py:179} INFO - Processing /home/airflow/.local/lib/python3.8/site-packages/airflow/example_dags/example_local_kubernetes_executor.py took 0.318 seconds
[2023-11-26T17:53:35.236+0000] {processor.py:157} INFO - Started process (PID=827) to work on /home/airflow/.local/lib/python3.8/site-packages/airflow/example_dags/example_local_kubernetes_executor.py
[2023-11-26T17:53:35.238+0000] {processor.py:829} INFO - Processing file /home/airflow/.local/lib/python3.8/site-packages/airflow/example_dags/example_local_kubernetes_executor.py for tasks to queue
[2023-11-26T17:53:35.243+0000] {logging_mixin.py:154} INFO - [2023-11-26T17:53:35.243+0000] {dagbag.py:536} INFO - Filling up the DagBag from /home/airflow/.local/lib/python3.8/site-packages/airflow/example_dags/example_local_kubernetes_executor.py
[2023-11-26T17:53:35.265+0000] {processor.py:839} INFO - DAG(s) dict_keys(['example_local_kubernetes_executor']) retrieved from /home/airflow/.local/lib/python3.8/site-packages/airflow/example_dags/example_local_kubernetes_executor.py
[2023-11-26T17:53:35.366+0000] {logging_mixin.py:154} INFO - [2023-11-26T17:53:35.366+0000] {dag.py:2941} INFO - Sync 1 DAGs
[2023-11-26T17:53:35.423+0000] {logging_mixin.py:154} INFO - [2023-11-26T17:53:35.423+0000] {dag.py:3722} INFO - Setting next_dagrun for example_local_kubernetes_executor to None, run_after=None
[2023-11-26T17:53:35.492+0000] {processor.py:179} INFO - Processing /home/airflow/.local/lib/python3.8/site-packages/airflow/example_dags/example_local_kubernetes_executor.py took 0.264 seconds
[2023-11-26T17:54:07.572+0000] {processor.py:157} INFO - Started process (PID=881) to work on /home/airflow/.local/lib/python3.8/site-packages/airflow/example_dags/example_local_kubernetes_executor.py
[2023-11-26T17:54:07.580+0000] {processor.py:829} INFO - Processing file /home/airflow/.local/lib/python3.8/site-packages/airflow/example_dags/example_local_kubernetes_executor.py for tasks to queue
[2023-11-26T17:54:07.604+0000] {logging_mixin.py:154} INFO - [2023-11-26T17:54:07.603+0000] {dagbag.py:536} INFO - Filling up the DagBag from /home/airflow/.local/lib/python3.8/site-packages/airflow/example_dags/example_local_kubernetes_executor.py
[2023-11-26T17:54:07.688+0000] {processor.py:839} INFO - DAG(s) dict_keys(['example_local_kubernetes_executor']) retrieved from /home/airflow/.local/lib/python3.8/site-packages/airflow/example_dags/example_local_kubernetes_executor.py
[2023-11-26T17:54:07.871+0000] {logging_mixin.py:154} INFO - [2023-11-26T17:54:07.870+0000] {dag.py:2941} INFO - Sync 1 DAGs
[2023-11-26T17:54:08.020+0000] {logging_mixin.py:154} INFO - [2023-11-26T17:54:08.020+0000] {dag.py:3722} INFO - Setting next_dagrun for example_local_kubernetes_executor to None, run_after=None
[2023-11-26T17:54:08.328+0000] {processor.py:179} INFO - Processing /home/airflow/.local/lib/python3.8/site-packages/airflow/example_dags/example_local_kubernetes_executor.py took 0.773 seconds
[2023-11-26T17:54:42.903+0000] {processor.py:157} INFO - Started process (PID=935) to work on /home/airflow/.local/lib/python3.8/site-packages/airflow/example_dags/example_local_kubernetes_executor.py
[2023-11-26T17:54:42.905+0000] {processor.py:829} INFO - Processing file /home/airflow/.local/lib/python3.8/site-packages/airflow/example_dags/example_local_kubernetes_executor.py for tasks to queue
[2023-11-26T17:54:42.912+0000] {logging_mixin.py:154} INFO - [2023-11-26T17:54:42.911+0000] {dagbag.py:536} INFO - Filling up the DagBag from /home/airflow/.local/lib/python3.8/site-packages/airflow/example_dags/example_local_kubernetes_executor.py
[2023-11-26T17:54:42.938+0000] {processor.py:839} INFO - DAG(s) dict_keys(['example_local_kubernetes_executor']) retrieved from /home/airflow/.local/lib/python3.8/site-packages/airflow/example_dags/example_local_kubernetes_executor.py
[2023-11-26T17:54:43.348+0000] {logging_mixin.py:154} INFO - [2023-11-26T17:54:43.348+0000] {dag.py:2941} INFO - Sync 1 DAGs
[2023-11-26T17:54:43.530+0000] {logging_mixin.py:154} INFO - [2023-11-26T17:54:43.529+0000] {dag.py:3722} INFO - Setting next_dagrun for example_local_kubernetes_executor to None, run_after=None
[2023-11-26T17:54:43.875+0000] {processor.py:179} INFO - Processing /home/airflow/.local/lib/python3.8/site-packages/airflow/example_dags/example_local_kubernetes_executor.py took 0.980 seconds
[2023-11-26T17:55:14.393+0000] {processor.py:157} INFO - Started process (PID=990) to work on /home/airflow/.local/lib/python3.8/site-packages/airflow/example_dags/example_local_kubernetes_executor.py
[2023-11-26T17:55:14.397+0000] {processor.py:829} INFO - Processing file /home/airflow/.local/lib/python3.8/site-packages/airflow/example_dags/example_local_kubernetes_executor.py for tasks to queue
[2023-11-26T17:55:14.403+0000] {logging_mixin.py:154} INFO - [2023-11-26T17:55:14.403+0000] {dagbag.py:536} INFO - Filling up the DagBag from /home/airflow/.local/lib/python3.8/site-packages/airflow/example_dags/example_local_kubernetes_executor.py
[2023-11-26T17:55:14.425+0000] {processor.py:839} INFO - DAG(s) dict_keys(['example_local_kubernetes_executor']) retrieved from /home/airflow/.local/lib/python3.8/site-packages/airflow/example_dags/example_local_kubernetes_executor.py
[2023-11-26T17:55:14.528+0000] {logging_mixin.py:154} INFO - [2023-11-26T17:55:14.527+0000] {dag.py:2941} INFO - Sync 1 DAGs
[2023-11-26T17:55:14.574+0000] {logging_mixin.py:154} INFO - [2023-11-26T17:55:14.574+0000] {dag.py:3722} INFO - Setting next_dagrun for example_local_kubernetes_executor to None, run_after=None
[2023-11-26T17:55:14.623+0000] {processor.py:179} INFO - Processing /home/airflow/.local/lib/python3.8/site-packages/airflow/example_dags/example_local_kubernetes_executor.py took 0.239 seconds
[2023-11-26T17:55:45.200+0000] {processor.py:157} INFO - Started process (PID=1044) to work on /home/airflow/.local/lib/python3.8/site-packages/airflow/example_dags/example_local_kubernetes_executor.py
[2023-11-26T17:55:45.203+0000] {processor.py:829} INFO - Processing file /home/airflow/.local/lib/python3.8/site-packages/airflow/example_dags/example_local_kubernetes_executor.py for tasks to queue
[2023-11-26T17:55:45.211+0000] {logging_mixin.py:154} INFO - [2023-11-26T17:55:45.210+0000] {dagbag.py:536} INFO - Filling up the DagBag from /home/airflow/.local/lib/python3.8/site-packages/airflow/example_dags/example_local_kubernetes_executor.py
[2023-11-26T17:55:45.237+0000] {processor.py:839} INFO - DAG(s) dict_keys(['example_local_kubernetes_executor']) retrieved from /home/airflow/.local/lib/python3.8/site-packages/airflow/example_dags/example_local_kubernetes_executor.py
[2023-11-26T17:55:45.325+0000] {logging_mixin.py:154} INFO - [2023-11-26T17:55:45.324+0000] {dag.py:2941} INFO - Sync 1 DAGs
[2023-11-26T17:55:45.362+0000] {logging_mixin.py:154} INFO - [2023-11-26T17:55:45.362+0000] {dag.py:3722} INFO - Setting next_dagrun for example_local_kubernetes_executor to None, run_after=None
[2023-11-26T17:55:45.419+0000] {processor.py:179} INFO - Processing /home/airflow/.local/lib/python3.8/site-packages/airflow/example_dags/example_local_kubernetes_executor.py took 0.228 seconds
[2023-11-26T17:56:16.543+0000] {processor.py:157} INFO - Started process (PID=1098) to work on /home/airflow/.local/lib/python3.8/site-packages/airflow/example_dags/example_local_kubernetes_executor.py
[2023-11-26T17:56:16.547+0000] {processor.py:829} INFO - Processing file /home/airflow/.local/lib/python3.8/site-packages/airflow/example_dags/example_local_kubernetes_executor.py for tasks to queue
[2023-11-26T17:56:16.552+0000] {logging_mixin.py:154} INFO - [2023-11-26T17:56:16.552+0000] {dagbag.py:536} INFO - Filling up the DagBag from /home/airflow/.local/lib/python3.8/site-packages/airflow/example_dags/example_local_kubernetes_executor.py
[2023-11-26T17:56:16.580+0000] {processor.py:839} INFO - DAG(s) dict_keys(['example_local_kubernetes_executor']) retrieved from /home/airflow/.local/lib/python3.8/site-packages/airflow/example_dags/example_local_kubernetes_executor.py
[2023-11-26T17:56:16.663+0000] {logging_mixin.py:154} INFO - [2023-11-26T17:56:16.662+0000] {dag.py:2941} INFO - Sync 1 DAGs
[2023-11-26T17:56:16.700+0000] {logging_mixin.py:154} INFO - [2023-11-26T17:56:16.699+0000] {dag.py:3722} INFO - Setting next_dagrun for example_local_kubernetes_executor to None, run_after=None
[2023-11-26T17:56:16.754+0000] {processor.py:179} INFO - Processing /home/airflow/.local/lib/python3.8/site-packages/airflow/example_dags/example_local_kubernetes_executor.py took 0.220 seconds
[2023-11-26T17:56:47.417+0000] {processor.py:157} INFO - Started process (PID=1152) to work on /home/airflow/.local/lib/python3.8/site-packages/airflow/example_dags/example_local_kubernetes_executor.py
[2023-11-26T17:56:47.424+0000] {processor.py:829} INFO - Processing file /home/airflow/.local/lib/python3.8/site-packages/airflow/example_dags/example_local_kubernetes_executor.py for tasks to queue
[2023-11-26T17:56:47.434+0000] {logging_mixin.py:154} INFO - [2023-11-26T17:56:47.433+0000] {dagbag.py:536} INFO - Filling up the DagBag from /home/airflow/.local/lib/python3.8/site-packages/airflow/example_dags/example_local_kubernetes_executor.py
[2023-11-26T17:56:47.467+0000] {processor.py:839} INFO - DAG(s) dict_keys(['example_local_kubernetes_executor']) retrieved from /home/airflow/.local/lib/python3.8/site-packages/airflow/example_dags/example_local_kubernetes_executor.py
[2023-11-26T17:56:48.014+0000] {logging_mixin.py:154} INFO - [2023-11-26T17:56:48.013+0000] {dag.py:2941} INFO - Sync 1 DAGs
[2023-11-26T17:56:48.102+0000] {logging_mixin.py:154} INFO - [2023-11-26T17:56:48.102+0000] {dag.py:3722} INFO - Setting next_dagrun for example_local_kubernetes_executor to None, run_after=None
[2023-11-26T17:56:48.169+0000] {processor.py:179} INFO - Processing /home/airflow/.local/lib/python3.8/site-packages/airflow/example_dags/example_local_kubernetes_executor.py took 0.792 seconds
[2023-11-26T17:57:19.150+0000] {processor.py:157} INFO - Started process (PID=1207) to work on /home/airflow/.local/lib/python3.8/site-packages/airflow/example_dags/example_local_kubernetes_executor.py
[2023-11-26T17:57:19.152+0000] {processor.py:829} INFO - Processing file /home/airflow/.local/lib/python3.8/site-packages/airflow/example_dags/example_local_kubernetes_executor.py for tasks to queue
[2023-11-26T17:57:19.158+0000] {logging_mixin.py:154} INFO - [2023-11-26T17:57:19.157+0000] {dagbag.py:536} INFO - Filling up the DagBag from /home/airflow/.local/lib/python3.8/site-packages/airflow/example_dags/example_local_kubernetes_executor.py
[2023-11-26T17:57:19.177+0000] {processor.py:839} INFO - DAG(s) dict_keys(['example_local_kubernetes_executor']) retrieved from /home/airflow/.local/lib/python3.8/site-packages/airflow/example_dags/example_local_kubernetes_executor.py
[2023-11-26T17:57:19.293+0000] {logging_mixin.py:154} INFO - [2023-11-26T17:57:19.292+0000] {dag.py:2941} INFO - Sync 1 DAGs
[2023-11-26T17:57:19.801+0000] {logging_mixin.py:154} INFO - [2023-11-26T17:57:19.801+0000] {dag.py:3722} INFO - Setting next_dagrun for example_local_kubernetes_executor to None, run_after=None
[2023-11-26T17:57:19.867+0000] {processor.py:179} INFO - Processing /home/airflow/.local/lib/python3.8/site-packages/airflow/example_dags/example_local_kubernetes_executor.py took 0.724 seconds
[2023-11-26T17:58:00.517+0000] {processor.py:157} INFO - Started process (PID=1258) to work on /home/airflow/.local/lib/python3.8/site-packages/airflow/example_dags/example_local_kubernetes_executor.py
[2023-11-26T17:58:00.519+0000] {processor.py:829} INFO - Processing file /home/airflow/.local/lib/python3.8/site-packages/airflow/example_dags/example_local_kubernetes_executor.py for tasks to queue
[2023-11-26T17:58:00.525+0000] {logging_mixin.py:154} INFO - [2023-11-26T17:58:00.524+0000] {dagbag.py:536} INFO - Filling up the DagBag from /home/airflow/.local/lib/python3.8/site-packages/airflow/example_dags/example_local_kubernetes_executor.py
[2023-11-26T17:58:00.544+0000] {processor.py:839} INFO - DAG(s) dict_keys(['example_local_kubernetes_executor']) retrieved from /home/airflow/.local/lib/python3.8/site-packages/airflow/example_dags/example_local_kubernetes_executor.py
[2023-11-26T17:58:00.630+0000] {logging_mixin.py:154} INFO - [2023-11-26T17:58:00.629+0000] {dag.py:2941} INFO - Sync 1 DAGs
[2023-11-26T17:58:00.660+0000] {logging_mixin.py:154} INFO - [2023-11-26T17:58:00.660+0000] {dag.py:3722} INFO - Setting next_dagrun for example_local_kubernetes_executor to None, run_after=None
[2023-11-26T17:58:00.712+0000] {processor.py:179} INFO - Processing /home/airflow/.local/lib/python3.8/site-packages/airflow/example_dags/example_local_kubernetes_executor.py took 0.201 seconds
[2023-11-26T17:58:30.964+0000] {processor.py:157} INFO - Started process (PID=1312) to work on /home/airflow/.local/lib/python3.8/site-packages/airflow/example_dags/example_local_kubernetes_executor.py
[2023-11-26T17:58:30.966+0000] {processor.py:829} INFO - Processing file /home/airflow/.local/lib/python3.8/site-packages/airflow/example_dags/example_local_kubernetes_executor.py for tasks to queue
[2023-11-26T17:58:30.972+0000] {logging_mixin.py:154} INFO - [2023-11-26T17:58:30.972+0000] {dagbag.py:536} INFO - Filling up the DagBag from /home/airflow/.local/lib/python3.8/site-packages/airflow/example_dags/example_local_kubernetes_executor.py
[2023-11-26T17:58:30.991+0000] {processor.py:839} INFO - DAG(s) dict_keys(['example_local_kubernetes_executor']) retrieved from /home/airflow/.local/lib/python3.8/site-packages/airflow/example_dags/example_local_kubernetes_executor.py
[2023-11-26T17:58:31.073+0000] {logging_mixin.py:154} INFO - [2023-11-26T17:58:31.073+0000] {dag.py:2941} INFO - Sync 1 DAGs
[2023-11-26T17:58:31.103+0000] {logging_mixin.py:154} INFO - [2023-11-26T17:58:31.103+0000] {dag.py:3722} INFO - Setting next_dagrun for example_local_kubernetes_executor to None, run_after=None
[2023-11-26T17:58:31.147+0000] {processor.py:179} INFO - Processing /home/airflow/.local/lib/python3.8/site-packages/airflow/example_dags/example_local_kubernetes_executor.py took 0.190 seconds
[2023-11-26T17:59:03.129+0000] {processor.py:157} INFO - Started process (PID=1366) to work on /home/airflow/.local/lib/python3.8/site-packages/airflow/example_dags/example_local_kubernetes_executor.py
[2023-11-26T17:59:03.132+0000] {processor.py:829} INFO - Processing file /home/airflow/.local/lib/python3.8/site-packages/airflow/example_dags/example_local_kubernetes_executor.py for tasks to queue
[2023-11-26T17:59:03.138+0000] {logging_mixin.py:154} INFO - [2023-11-26T17:59:03.138+0000] {dagbag.py:536} INFO - Filling up the DagBag from /home/airflow/.local/lib/python3.8/site-packages/airflow/example_dags/example_local_kubernetes_executor.py
[2023-11-26T17:59:03.159+0000] {processor.py:839} INFO - DAG(s) dict_keys(['example_local_kubernetes_executor']) retrieved from /home/airflow/.local/lib/python3.8/site-packages/airflow/example_dags/example_local_kubernetes_executor.py
[2023-11-26T17:59:03.525+0000] {logging_mixin.py:154} INFO - [2023-11-26T17:59:03.525+0000] {dag.py:2941} INFO - Sync 1 DAGs
[2023-11-26T17:59:03.560+0000] {logging_mixin.py:154} INFO - [2023-11-26T17:59:03.560+0000] {dag.py:3722} INFO - Setting next_dagrun for example_local_kubernetes_executor to None, run_after=None
[2023-11-26T17:59:03.631+0000] {processor.py:179} INFO - Processing /home/airflow/.local/lib/python3.8/site-packages/airflow/example_dags/example_local_kubernetes_executor.py took 0.510 seconds
[2023-11-26T17:59:34.614+0000] {processor.py:157} INFO - Started process (PID=1420) to work on /home/airflow/.local/lib/python3.8/site-packages/airflow/example_dags/example_local_kubernetes_executor.py
[2023-11-26T17:59:34.621+0000] {processor.py:829} INFO - Processing file /home/airflow/.local/lib/python3.8/site-packages/airflow/example_dags/example_local_kubernetes_executor.py for tasks to queue
[2023-11-26T17:59:34.626+0000] {logging_mixin.py:154} INFO - [2023-11-26T17:59:34.625+0000] {dagbag.py:536} INFO - Filling up the DagBag from /home/airflow/.local/lib/python3.8/site-packages/airflow/example_dags/example_local_kubernetes_executor.py
[2023-11-26T17:59:34.648+0000] {processor.py:839} INFO - DAG(s) dict_keys(['example_local_kubernetes_executor']) retrieved from /home/airflow/.local/lib/python3.8/site-packages/airflow/example_dags/example_local_kubernetes_executor.py
[2023-11-26T17:59:34.736+0000] {logging_mixin.py:154} INFO - [2023-11-26T17:59:34.736+0000] {dag.py:2941} INFO - Sync 1 DAGs
[2023-11-26T17:59:35.003+0000] {logging_mixin.py:154} INFO - [2023-11-26T17:59:35.003+0000] {dag.py:3722} INFO - Setting next_dagrun for example_local_kubernetes_executor to None, run_after=None
[2023-11-26T17:59:35.046+0000] {processor.py:179} INFO - Processing /home/airflow/.local/lib/python3.8/site-packages/airflow/example_dags/example_local_kubernetes_executor.py took 0.440 seconds
[2023-11-26T18:00:09.027+0000] {processor.py:157} INFO - Started process (PID=1474) to work on /home/airflow/.local/lib/python3.8/site-packages/airflow/example_dags/example_local_kubernetes_executor.py
[2023-11-26T18:00:09.031+0000] {processor.py:829} INFO - Processing file /home/airflow/.local/lib/python3.8/site-packages/airflow/example_dags/example_local_kubernetes_executor.py for tasks to queue
[2023-11-26T18:00:09.041+0000] {logging_mixin.py:154} INFO - [2023-11-26T18:00:09.040+0000] {dagbag.py:536} INFO - Filling up the DagBag from /home/airflow/.local/lib/python3.8/site-packages/airflow/example_dags/example_local_kubernetes_executor.py
[2023-11-26T18:00:09.066+0000] {processor.py:839} INFO - DAG(s) dict_keys(['example_local_kubernetes_executor']) retrieved from /home/airflow/.local/lib/python3.8/site-packages/airflow/example_dags/example_local_kubernetes_executor.py
[2023-11-26T18:00:09.240+0000] {logging_mixin.py:154} INFO - [2023-11-26T18:00:09.217+0000] {dag.py:2941} INFO - Sync 1 DAGs
[2023-11-26T18:00:09.309+0000] {logging_mixin.py:154} INFO - [2023-11-26T18:00:09.308+0000] {dag.py:3722} INFO - Setting next_dagrun for example_local_kubernetes_executor to None, run_after=None
[2023-11-26T18:00:09.405+0000] {processor.py:179} INFO - Processing /home/airflow/.local/lib/python3.8/site-packages/airflow/example_dags/example_local_kubernetes_executor.py took 0.400 seconds
[2023-11-26T18:00:39.589+0000] {processor.py:157} INFO - Started process (PID=1527) to work on /home/airflow/.local/lib/python3.8/site-packages/airflow/example_dags/example_local_kubernetes_executor.py
[2023-11-26T18:00:39.592+0000] {processor.py:829} INFO - Processing file /home/airflow/.local/lib/python3.8/site-packages/airflow/example_dags/example_local_kubernetes_executor.py for tasks to queue
[2023-11-26T18:00:39.597+0000] {logging_mixin.py:154} INFO - [2023-11-26T18:00:39.596+0000] {dagbag.py:536} INFO - Filling up the DagBag from /home/airflow/.local/lib/python3.8/site-packages/airflow/example_dags/example_local_kubernetes_executor.py
[2023-11-26T18:00:39.616+0000] {processor.py:839} INFO - DAG(s) dict_keys(['example_local_kubernetes_executor']) retrieved from /home/airflow/.local/lib/python3.8/site-packages/airflow/example_dags/example_local_kubernetes_executor.py
[2023-11-26T18:00:39.739+0000] {logging_mixin.py:154} INFO - [2023-11-26T18:00:39.739+0000] {dag.py:2941} INFO - Sync 1 DAGs
[2023-11-26T18:00:39.836+0000] {logging_mixin.py:154} INFO - [2023-11-26T18:00:39.836+0000] {dag.py:3722} INFO - Setting next_dagrun for example_local_kubernetes_executor to None, run_after=None
[2023-11-26T18:00:39.895+0000] {processor.py:179} INFO - Processing /home/airflow/.local/lib/python3.8/site-packages/airflow/example_dags/example_local_kubernetes_executor.py took 0.314 seconds
[2023-11-26T18:01:10.914+0000] {processor.py:157} INFO - Started process (PID=1581) to work on /home/airflow/.local/lib/python3.8/site-packages/airflow/example_dags/example_local_kubernetes_executor.py
[2023-11-26T18:01:10.917+0000] {processor.py:829} INFO - Processing file /home/airflow/.local/lib/python3.8/site-packages/airflow/example_dags/example_local_kubernetes_executor.py for tasks to queue
[2023-11-26T18:01:10.924+0000] {logging_mixin.py:154} INFO - [2023-11-26T18:01:10.923+0000] {dagbag.py:536} INFO - Filling up the DagBag from /home/airflow/.local/lib/python3.8/site-packages/airflow/example_dags/example_local_kubernetes_executor.py
[2023-11-26T18:01:10.942+0000] {processor.py:839} INFO - DAG(s) dict_keys(['example_local_kubernetes_executor']) retrieved from /home/airflow/.local/lib/python3.8/site-packages/airflow/example_dags/example_local_kubernetes_executor.py
[2023-11-26T18:01:11.043+0000] {logging_mixin.py:154} INFO - [2023-11-26T18:01:11.042+0000] {dag.py:2941} INFO - Sync 1 DAGs
[2023-11-26T18:01:11.076+0000] {logging_mixin.py:154} INFO - [2023-11-26T18:01:11.076+0000] {dag.py:3722} INFO - Setting next_dagrun for example_local_kubernetes_executor to None, run_after=None
[2023-11-26T18:01:11.124+0000] {processor.py:179} INFO - Processing /home/airflow/.local/lib/python3.8/site-packages/airflow/example_dags/example_local_kubernetes_executor.py took 0.221 seconds
[2023-11-26T18:01:41.765+0000] {processor.py:157} INFO - Started process (PID=1635) to work on /home/airflow/.local/lib/python3.8/site-packages/airflow/example_dags/example_local_kubernetes_executor.py
[2023-11-26T18:01:41.779+0000] {processor.py:829} INFO - Processing file /home/airflow/.local/lib/python3.8/site-packages/airflow/example_dags/example_local_kubernetes_executor.py for tasks to queue
[2023-11-26T18:01:41.803+0000] {logging_mixin.py:154} INFO - [2023-11-26T18:01:41.802+0000] {dagbag.py:536} INFO - Filling up the DagBag from /home/airflow/.local/lib/python3.8/site-packages/airflow/example_dags/example_local_kubernetes_executor.py
[2023-11-26T18:01:41.823+0000] {processor.py:839} INFO - DAG(s) dict_keys(['example_local_kubernetes_executor']) retrieved from /home/airflow/.local/lib/python3.8/site-packages/airflow/example_dags/example_local_kubernetes_executor.py
[2023-11-26T18:01:41.932+0000] {logging_mixin.py:154} INFO - [2023-11-26T18:01:41.932+0000] {dag.py:2941} INFO - Sync 1 DAGs
[2023-11-26T18:01:41.981+0000] {logging_mixin.py:154} INFO - [2023-11-26T18:01:41.981+0000] {dag.py:3722} INFO - Setting next_dagrun for example_local_kubernetes_executor to None, run_after=None
[2023-11-26T18:01:42.029+0000] {processor.py:179} INFO - Processing /home/airflow/.local/lib/python3.8/site-packages/airflow/example_dags/example_local_kubernetes_executor.py took 0.272 seconds
[2023-11-26T18:02:12.296+0000] {processor.py:157} INFO - Started process (PID=1688) to work on /home/airflow/.local/lib/python3.8/site-packages/airflow/example_dags/example_local_kubernetes_executor.py
[2023-11-26T18:02:12.300+0000] {processor.py:829} INFO - Processing file /home/airflow/.local/lib/python3.8/site-packages/airflow/example_dags/example_local_kubernetes_executor.py for tasks to queue
[2023-11-26T18:02:12.305+0000] {logging_mixin.py:154} INFO - [2023-11-26T18:02:12.305+0000] {dagbag.py:536} INFO - Filling up the DagBag from /home/airflow/.local/lib/python3.8/site-packages/airflow/example_dags/example_local_kubernetes_executor.py
[2023-11-26T18:02:12.324+0000] {processor.py:839} INFO - DAG(s) dict_keys(['example_local_kubernetes_executor']) retrieved from /home/airflow/.local/lib/python3.8/site-packages/airflow/example_dags/example_local_kubernetes_executor.py
[2023-11-26T18:02:12.422+0000] {logging_mixin.py:154} INFO - [2023-11-26T18:02:12.422+0000] {dag.py:2941} INFO - Sync 1 DAGs
[2023-11-26T18:02:12.458+0000] {logging_mixin.py:154} INFO - [2023-11-26T18:02:12.457+0000] {dag.py:3722} INFO - Setting next_dagrun for example_local_kubernetes_executor to None, run_after=None
[2023-11-26T18:02:12.513+0000] {processor.py:179} INFO - Processing /home/airflow/.local/lib/python3.8/site-packages/airflow/example_dags/example_local_kubernetes_executor.py took 0.225 seconds
[2023-11-26T18:02:44.303+0000] {processor.py:157} INFO - Started process (PID=1742) to work on /home/airflow/.local/lib/python3.8/site-packages/airflow/example_dags/example_local_kubernetes_executor.py
[2023-11-26T18:02:44.307+0000] {processor.py:829} INFO - Processing file /home/airflow/.local/lib/python3.8/site-packages/airflow/example_dags/example_local_kubernetes_executor.py for tasks to queue
[2023-11-26T18:02:44.313+0000] {logging_mixin.py:154} INFO - [2023-11-26T18:02:44.313+0000] {dagbag.py:536} INFO - Filling up the DagBag from /home/airflow/.local/lib/python3.8/site-packages/airflow/example_dags/example_local_kubernetes_executor.py
[2023-11-26T18:02:44.335+0000] {processor.py:839} INFO - DAG(s) dict_keys(['example_local_kubernetes_executor']) retrieved from /home/airflow/.local/lib/python3.8/site-packages/airflow/example_dags/example_local_kubernetes_executor.py
[2023-11-26T18:02:44.634+0000] {logging_mixin.py:154} INFO - [2023-11-26T18:02:44.621+0000] {dag.py:2941} INFO - Sync 1 DAGs
[2023-11-26T18:02:44.764+0000] {logging_mixin.py:154} INFO - [2023-11-26T18:02:44.763+0000] {dag.py:3722} INFO - Setting next_dagrun for example_local_kubernetes_executor to None, run_after=None
[2023-11-26T18:02:44.936+0000] {processor.py:179} INFO - Processing /home/airflow/.local/lib/python3.8/site-packages/airflow/example_dags/example_local_kubernetes_executor.py took 0.657 seconds
[2023-11-26T18:03:15.233+0000] {processor.py:157} INFO - Started process (PID=1796) to work on /home/airflow/.local/lib/python3.8/site-packages/airflow/example_dags/example_local_kubernetes_executor.py
[2023-11-26T18:03:15.236+0000] {processor.py:829} INFO - Processing file /home/airflow/.local/lib/python3.8/site-packages/airflow/example_dags/example_local_kubernetes_executor.py for tasks to queue
[2023-11-26T18:03:15.242+0000] {logging_mixin.py:154} INFO - [2023-11-26T18:03:15.241+0000] {dagbag.py:536} INFO - Filling up the DagBag from /home/airflow/.local/lib/python3.8/site-packages/airflow/example_dags/example_local_kubernetes_executor.py
[2023-11-26T18:03:15.263+0000] {processor.py:839} INFO - DAG(s) dict_keys(['example_local_kubernetes_executor']) retrieved from /home/airflow/.local/lib/python3.8/site-packages/airflow/example_dags/example_local_kubernetes_executor.py
[2023-11-26T18:03:15.350+0000] {logging_mixin.py:154} INFO - [2023-11-26T18:03:15.350+0000] {dag.py:2941} INFO - Sync 1 DAGs
[2023-11-26T18:03:15.381+0000] {logging_mixin.py:154} INFO - [2023-11-26T18:03:15.380+0000] {dag.py:3722} INFO - Setting next_dagrun for example_local_kubernetes_executor to None, run_after=None
[2023-11-26T18:03:15.431+0000] {processor.py:179} INFO - Processing /home/airflow/.local/lib/python3.8/site-packages/airflow/example_dags/example_local_kubernetes_executor.py took 0.205 seconds
