[2023-11-26T17:42:17.642+0000] {processor.py:157} INFO - Started process (PID=70) to work on /home/airflow/.local/lib/python3.8/site-packages/airflow/example_dags/example_setup_teardown_taskflow.py
[2023-11-26T17:42:17.655+0000] {processor.py:829} INFO - Processing file /home/airflow/.local/lib/python3.8/site-packages/airflow/example_dags/example_setup_teardown_taskflow.py for tasks to queue
[2023-11-26T17:42:17.683+0000] {logging_mixin.py:154} INFO - [2023-11-26T17:42:17.682+0000] {dagbag.py:536} INFO - Filling up the DagBag from /home/airflow/.local/lib/python3.8/site-packages/airflow/example_dags/example_setup_teardown_taskflow.py
[2023-11-26T17:42:17.731+0000] {processor.py:839} INFO - DAG(s) dict_keys(['example_setup_teardown_taskflow']) retrieved from /home/airflow/.local/lib/python3.8/site-packages/airflow/example_dags/example_setup_teardown_taskflow.py
[2023-11-26T17:42:17.923+0000] {logging_mixin.py:154} INFO - [2023-11-26T17:42:17.923+0000] {dag.py:2941} INFO - Sync 1 DAGs
[2023-11-26T17:42:18.277+0000] {logging_mixin.py:154} INFO - [2023-11-26T17:42:18.277+0000] {dag.py:3722} INFO - Setting next_dagrun for example_setup_teardown_taskflow to 2023-11-25T17:42:18.276522+00:00, run_after=2023-11-26T17:42:18.276522+00:00
[2023-11-26T17:42:18.363+0000] {processor.py:179} INFO - Processing /home/airflow/.local/lib/python3.8/site-packages/airflow/example_dags/example_setup_teardown_taskflow.py took 0.757 seconds
[2023-11-26T17:46:13.392+0000] {processor.py:157} INFO - Started process (PID=72) to work on /home/airflow/.local/lib/python3.8/site-packages/airflow/example_dags/example_setup_teardown_taskflow.py
[2023-11-26T17:46:13.397+0000] {processor.py:829} INFO - Processing file /home/airflow/.local/lib/python3.8/site-packages/airflow/example_dags/example_setup_teardown_taskflow.py for tasks to queue
[2023-11-26T17:46:13.485+0000] {logging_mixin.py:154} INFO - [2023-11-26T17:46:13.484+0000] {dagbag.py:536} INFO - Filling up the DagBag from /home/airflow/.local/lib/python3.8/site-packages/airflow/example_dags/example_setup_teardown_taskflow.py
[2023-11-26T17:46:13.650+0000] {processor.py:839} INFO - DAG(s) dict_keys(['example_setup_teardown_taskflow']) retrieved from /home/airflow/.local/lib/python3.8/site-packages/airflow/example_dags/example_setup_teardown_taskflow.py
[2023-11-26T17:46:13.850+0000] {logging_mixin.py:154} INFO - [2023-11-26T17:46:13.850+0000] {dag.py:2941} INFO - Sync 1 DAGs
[2023-11-26T17:46:14.025+0000] {logging_mixin.py:154} INFO - [2023-11-26T17:46:14.024+0000] {dag.py:3722} INFO - Setting next_dagrun for example_setup_teardown_taskflow to 2023-11-25T17:46:14.024215+00:00, run_after=2023-11-26T17:46:14.024215+00:00
[2023-11-26T17:46:14.254+0000] {processor.py:179} INFO - Processing /home/airflow/.local/lib/python3.8/site-packages/airflow/example_dags/example_setup_teardown_taskflow.py took 0.913 seconds
[2023-11-26T17:46:47.315+0000] {processor.py:157} INFO - Started process (PID=126) to work on /home/airflow/.local/lib/python3.8/site-packages/airflow/example_dags/example_setup_teardown_taskflow.py
[2023-11-26T17:46:47.317+0000] {processor.py:829} INFO - Processing file /home/airflow/.local/lib/python3.8/site-packages/airflow/example_dags/example_setup_teardown_taskflow.py for tasks to queue
[2023-11-26T17:46:47.324+0000] {logging_mixin.py:154} INFO - [2023-11-26T17:46:47.323+0000] {dagbag.py:536} INFO - Filling up the DagBag from /home/airflow/.local/lib/python3.8/site-packages/airflow/example_dags/example_setup_teardown_taskflow.py
[2023-11-26T17:46:47.368+0000] {processor.py:839} INFO - DAG(s) dict_keys(['example_setup_teardown_taskflow']) retrieved from /home/airflow/.local/lib/python3.8/site-packages/airflow/example_dags/example_setup_teardown_taskflow.py
[2023-11-26T17:46:47.475+0000] {logging_mixin.py:154} INFO - [2023-11-26T17:46:47.474+0000] {dag.py:2941} INFO - Sync 1 DAGs
[2023-11-26T17:46:47.560+0000] {logging_mixin.py:154} INFO - [2023-11-26T17:46:47.559+0000] {dag.py:3722} INFO - Setting next_dagrun for example_setup_teardown_taskflow to 2023-11-25T17:46:47.559274+00:00, run_after=2023-11-26T17:46:47.559274+00:00
[2023-11-26T17:46:47.610+0000] {processor.py:179} INFO - Processing /home/airflow/.local/lib/python3.8/site-packages/airflow/example_dags/example_setup_teardown_taskflow.py took 0.306 seconds
[2023-11-26T17:47:17.671+0000] {processor.py:157} INFO - Started process (PID=179) to work on /home/airflow/.local/lib/python3.8/site-packages/airflow/example_dags/example_setup_teardown_taskflow.py
[2023-11-26T17:47:17.674+0000] {processor.py:829} INFO - Processing file /home/airflow/.local/lib/python3.8/site-packages/airflow/example_dags/example_setup_teardown_taskflow.py for tasks to queue
[2023-11-26T17:47:17.679+0000] {logging_mixin.py:154} INFO - [2023-11-26T17:47:17.678+0000] {dagbag.py:536} INFO - Filling up the DagBag from /home/airflow/.local/lib/python3.8/site-packages/airflow/example_dags/example_setup_teardown_taskflow.py
[2023-11-26T17:47:17.704+0000] {processor.py:839} INFO - DAG(s) dict_keys(['example_setup_teardown_taskflow']) retrieved from /home/airflow/.local/lib/python3.8/site-packages/airflow/example_dags/example_setup_teardown_taskflow.py
[2023-11-26T17:47:17.759+0000] {logging_mixin.py:154} INFO - [2023-11-26T17:47:17.758+0000] {dag.py:2941} INFO - Sync 1 DAGs
[2023-11-26T17:47:17.823+0000] {logging_mixin.py:154} INFO - [2023-11-26T17:47:17.823+0000] {dag.py:3722} INFO - Setting next_dagrun for example_setup_teardown_taskflow to 2023-11-25T17:47:17.822723+00:00, run_after=2023-11-26T17:47:17.822723+00:00
[2023-11-26T17:47:17.870+0000] {processor.py:179} INFO - Processing /home/airflow/.local/lib/python3.8/site-packages/airflow/example_dags/example_setup_teardown_taskflow.py took 0.207 seconds
[2023-11-26T17:47:48.781+0000] {processor.py:157} INFO - Started process (PID=234) to work on /home/airflow/.local/lib/python3.8/site-packages/airflow/example_dags/example_setup_teardown_taskflow.py
[2023-11-26T17:47:48.783+0000] {processor.py:829} INFO - Processing file /home/airflow/.local/lib/python3.8/site-packages/airflow/example_dags/example_setup_teardown_taskflow.py for tasks to queue
[2023-11-26T17:47:48.789+0000] {logging_mixin.py:154} INFO - [2023-11-26T17:47:48.789+0000] {dagbag.py:536} INFO - Filling up the DagBag from /home/airflow/.local/lib/python3.8/site-packages/airflow/example_dags/example_setup_teardown_taskflow.py
[2023-11-26T17:47:48.815+0000] {processor.py:839} INFO - DAG(s) dict_keys(['example_setup_teardown_taskflow']) retrieved from /home/airflow/.local/lib/python3.8/site-packages/airflow/example_dags/example_setup_teardown_taskflow.py
[2023-11-26T17:47:48.871+0000] {logging_mixin.py:154} INFO - [2023-11-26T17:47:48.871+0000] {dag.py:2941} INFO - Sync 1 DAGs
[2023-11-26T17:47:48.938+0000] {logging_mixin.py:154} INFO - [2023-11-26T17:47:48.938+0000] {dag.py:3722} INFO - Setting next_dagrun for example_setup_teardown_taskflow to 2023-11-25T17:47:48.937566+00:00, run_after=2023-11-26T17:47:48.937566+00:00
[2023-11-26T17:47:49.013+0000] {processor.py:179} INFO - Processing /home/airflow/.local/lib/python3.8/site-packages/airflow/example_dags/example_setup_teardown_taskflow.py took 0.239 seconds
[2023-11-26T17:48:20.303+0000] {processor.py:157} INFO - Started process (PID=287) to work on /home/airflow/.local/lib/python3.8/site-packages/airflow/example_dags/example_setup_teardown_taskflow.py
[2023-11-26T17:48:20.306+0000] {processor.py:829} INFO - Processing file /home/airflow/.local/lib/python3.8/site-packages/airflow/example_dags/example_setup_teardown_taskflow.py for tasks to queue
[2023-11-26T17:48:20.312+0000] {logging_mixin.py:154} INFO - [2023-11-26T17:48:20.311+0000] {dagbag.py:536} INFO - Filling up the DagBag from /home/airflow/.local/lib/python3.8/site-packages/airflow/example_dags/example_setup_teardown_taskflow.py
[2023-11-26T17:48:20.333+0000] {processor.py:839} INFO - DAG(s) dict_keys(['example_setup_teardown_taskflow']) retrieved from /home/airflow/.local/lib/python3.8/site-packages/airflow/example_dags/example_setup_teardown_taskflow.py
[2023-11-26T17:48:20.394+0000] {logging_mixin.py:154} INFO - [2023-11-26T17:48:20.393+0000] {dag.py:2941} INFO - Sync 1 DAGs
[2023-11-26T17:48:20.449+0000] {logging_mixin.py:154} INFO - [2023-11-26T17:48:20.449+0000] {dag.py:3722} INFO - Setting next_dagrun for example_setup_teardown_taskflow to 2023-11-25T17:48:20.448569+00:00, run_after=2023-11-26T17:48:20.448569+00:00
[2023-11-26T17:48:20.495+0000] {processor.py:179} INFO - Processing /home/airflow/.local/lib/python3.8/site-packages/airflow/example_dags/example_setup_teardown_taskflow.py took 0.200 seconds
[2023-11-26T17:48:52.199+0000] {processor.py:157} INFO - Started process (PID=339) to work on /home/airflow/.local/lib/python3.8/site-packages/airflow/example_dags/example_setup_teardown_taskflow.py
[2023-11-26T17:48:52.210+0000] {processor.py:829} INFO - Processing file /home/airflow/.local/lib/python3.8/site-packages/airflow/example_dags/example_setup_teardown_taskflow.py for tasks to queue
[2023-11-26T17:48:52.239+0000] {logging_mixin.py:154} INFO - [2023-11-26T17:48:52.238+0000] {dagbag.py:536} INFO - Filling up the DagBag from /home/airflow/.local/lib/python3.8/site-packages/airflow/example_dags/example_setup_teardown_taskflow.py
[2023-11-26T17:48:52.267+0000] {processor.py:839} INFO - DAG(s) dict_keys(['example_setup_teardown_taskflow']) retrieved from /home/airflow/.local/lib/python3.8/site-packages/airflow/example_dags/example_setup_teardown_taskflow.py
[2023-11-26T17:48:52.346+0000] {logging_mixin.py:154} INFO - [2023-11-26T17:48:52.346+0000] {dag.py:2941} INFO - Sync 1 DAGs
[2023-11-26T17:48:52.531+0000] {logging_mixin.py:154} INFO - [2023-11-26T17:48:52.526+0000] {dag.py:3722} INFO - Setting next_dagrun for example_setup_teardown_taskflow to 2023-11-25T17:48:52.525951+00:00, run_after=2023-11-26T17:48:52.525951+00:00
[2023-11-26T17:48:52.593+0000] {processor.py:179} INFO - Processing /home/airflow/.local/lib/python3.8/site-packages/airflow/example_dags/example_setup_teardown_taskflow.py took 0.444 seconds
[2023-11-26T17:49:23.762+0000] {processor.py:157} INFO - Started process (PID=392) to work on /home/airflow/.local/lib/python3.8/site-packages/airflow/example_dags/example_setup_teardown_taskflow.py
[2023-11-26T17:49:23.770+0000] {processor.py:829} INFO - Processing file /home/airflow/.local/lib/python3.8/site-packages/airflow/example_dags/example_setup_teardown_taskflow.py for tasks to queue
[2023-11-26T17:49:23.776+0000] {logging_mixin.py:154} INFO - [2023-11-26T17:49:23.775+0000] {dagbag.py:536} INFO - Filling up the DagBag from /home/airflow/.local/lib/python3.8/site-packages/airflow/example_dags/example_setup_teardown_taskflow.py
[2023-11-26T17:49:23.799+0000] {processor.py:839} INFO - DAG(s) dict_keys(['example_setup_teardown_taskflow']) retrieved from /home/airflow/.local/lib/python3.8/site-packages/airflow/example_dags/example_setup_teardown_taskflow.py
[2023-11-26T17:49:23.863+0000] {logging_mixin.py:154} INFO - [2023-11-26T17:49:23.863+0000] {dag.py:2941} INFO - Sync 1 DAGs
[2023-11-26T17:49:23.936+0000] {logging_mixin.py:154} INFO - [2023-11-26T17:49:23.936+0000] {dag.py:3722} INFO - Setting next_dagrun for example_setup_teardown_taskflow to 2023-11-25T17:49:23.935977+00:00, run_after=2023-11-26T17:49:23.935977+00:00
[2023-11-26T17:49:24.014+0000] {processor.py:179} INFO - Processing /home/airflow/.local/lib/python3.8/site-packages/airflow/example_dags/example_setup_teardown_taskflow.py took 0.263 seconds
[2023-11-26T17:49:57.827+0000] {processor.py:157} INFO - Started process (PID=452) to work on /home/airflow/.local/lib/python3.8/site-packages/airflow/example_dags/example_setup_teardown_taskflow.py
[2023-11-26T17:49:57.836+0000] {processor.py:829} INFO - Processing file /home/airflow/.local/lib/python3.8/site-packages/airflow/example_dags/example_setup_teardown_taskflow.py for tasks to queue
[2023-11-26T17:49:57.855+0000] {logging_mixin.py:154} INFO - [2023-11-26T17:49:57.854+0000] {dagbag.py:536} INFO - Filling up the DagBag from /home/airflow/.local/lib/python3.8/site-packages/airflow/example_dags/example_setup_teardown_taskflow.py
[2023-11-26T17:49:57.888+0000] {processor.py:839} INFO - DAG(s) dict_keys(['example_setup_teardown_taskflow']) retrieved from /home/airflow/.local/lib/python3.8/site-packages/airflow/example_dags/example_setup_teardown_taskflow.py
[2023-11-26T17:49:58.060+0000] {logging_mixin.py:154} INFO - [2023-11-26T17:49:58.059+0000] {dag.py:2941} INFO - Sync 1 DAGs
[2023-11-26T17:49:58.135+0000] {logging_mixin.py:154} INFO - [2023-11-26T17:49:58.135+0000] {dag.py:3722} INFO - Setting next_dagrun for example_setup_teardown_taskflow to 2023-11-25T17:49:58.134267+00:00, run_after=2023-11-26T17:49:58.134267+00:00
[2023-11-26T17:49:58.223+0000] {processor.py:179} INFO - Processing /home/airflow/.local/lib/python3.8/site-packages/airflow/example_dags/example_setup_teardown_taskflow.py took 0.407 seconds
[2023-11-26T17:50:28.469+0000] {processor.py:157} INFO - Started process (PID=506) to work on /home/airflow/.local/lib/python3.8/site-packages/airflow/example_dags/example_setup_teardown_taskflow.py
[2023-11-26T17:50:28.472+0000] {processor.py:829} INFO - Processing file /home/airflow/.local/lib/python3.8/site-packages/airflow/example_dags/example_setup_teardown_taskflow.py for tasks to queue
[2023-11-26T17:50:28.484+0000] {logging_mixin.py:154} INFO - [2023-11-26T17:50:28.483+0000] {dagbag.py:536} INFO - Filling up the DagBag from /home/airflow/.local/lib/python3.8/site-packages/airflow/example_dags/example_setup_teardown_taskflow.py
[2023-11-26T17:50:28.622+0000] {processor.py:839} INFO - DAG(s) dict_keys(['example_setup_teardown_taskflow']) retrieved from /home/airflow/.local/lib/python3.8/site-packages/airflow/example_dags/example_setup_teardown_taskflow.py
[2023-11-26T17:50:28.733+0000] {logging_mixin.py:154} INFO - [2023-11-26T17:50:28.726+0000] {dag.py:2941} INFO - Sync 1 DAGs
[2023-11-26T17:50:28.841+0000] {logging_mixin.py:154} INFO - [2023-11-26T17:50:28.841+0000] {dag.py:3722} INFO - Setting next_dagrun for example_setup_teardown_taskflow to 2023-11-25T17:50:28.840580+00:00, run_after=2023-11-26T17:50:28.840580+00:00
[2023-11-26T17:50:28.953+0000] {processor.py:179} INFO - Processing /home/airflow/.local/lib/python3.8/site-packages/airflow/example_dags/example_setup_teardown_taskflow.py took 0.495 seconds
[2023-11-26T17:50:59.879+0000] {processor.py:157} INFO - Started process (PID=560) to work on /home/airflow/.local/lib/python3.8/site-packages/airflow/example_dags/example_setup_teardown_taskflow.py
[2023-11-26T17:50:59.887+0000] {processor.py:829} INFO - Processing file /home/airflow/.local/lib/python3.8/site-packages/airflow/example_dags/example_setup_teardown_taskflow.py for tasks to queue
[2023-11-26T17:50:59.895+0000] {logging_mixin.py:154} INFO - [2023-11-26T17:50:59.894+0000] {dagbag.py:536} INFO - Filling up the DagBag from /home/airflow/.local/lib/python3.8/site-packages/airflow/example_dags/example_setup_teardown_taskflow.py
[2023-11-26T17:50:59.924+0000] {processor.py:839} INFO - DAG(s) dict_keys(['example_setup_teardown_taskflow']) retrieved from /home/airflow/.local/lib/python3.8/site-packages/airflow/example_dags/example_setup_teardown_taskflow.py
[2023-11-26T17:51:00.007+0000] {logging_mixin.py:154} INFO - [2023-11-26T17:51:00.006+0000] {dag.py:2941} INFO - Sync 1 DAGs
[2023-11-26T17:51:00.101+0000] {logging_mixin.py:154} INFO - [2023-11-26T17:51:00.101+0000] {dag.py:3722} INFO - Setting next_dagrun for example_setup_teardown_taskflow to 2023-11-25T17:51:00.100712+00:00, run_after=2023-11-26T17:51:00.100712+00:00
[2023-11-26T17:51:00.167+0000] {processor.py:179} INFO - Processing /home/airflow/.local/lib/python3.8/site-packages/airflow/example_dags/example_setup_teardown_taskflow.py took 0.296 seconds
[2023-11-26T17:51:31.917+0000] {processor.py:157} INFO - Started process (PID=613) to work on /home/airflow/.local/lib/python3.8/site-packages/airflow/example_dags/example_setup_teardown_taskflow.py
[2023-11-26T17:51:31.920+0000] {processor.py:829} INFO - Processing file /home/airflow/.local/lib/python3.8/site-packages/airflow/example_dags/example_setup_teardown_taskflow.py for tasks to queue
[2023-11-26T17:51:31.932+0000] {logging_mixin.py:154} INFO - [2023-11-26T17:51:31.931+0000] {dagbag.py:536} INFO - Filling up the DagBag from /home/airflow/.local/lib/python3.8/site-packages/airflow/example_dags/example_setup_teardown_taskflow.py
[2023-11-26T17:51:32.000+0000] {processor.py:839} INFO - DAG(s) dict_keys(['example_setup_teardown_taskflow']) retrieved from /home/airflow/.local/lib/python3.8/site-packages/airflow/example_dags/example_setup_teardown_taskflow.py
[2023-11-26T17:51:32.108+0000] {logging_mixin.py:154} INFO - [2023-11-26T17:51:32.107+0000] {dag.py:2941} INFO - Sync 1 DAGs
[2023-11-26T17:51:32.237+0000] {logging_mixin.py:154} INFO - [2023-11-26T17:51:32.235+0000] {dag.py:3722} INFO - Setting next_dagrun for example_setup_teardown_taskflow to 2023-11-25T17:51:32.234009+00:00, run_after=2023-11-26T17:51:32.234009+00:00
[2023-11-26T17:51:32.377+0000] {processor.py:179} INFO - Processing /home/airflow/.local/lib/python3.8/site-packages/airflow/example_dags/example_setup_teardown_taskflow.py took 0.469 seconds
[2023-11-26T17:52:03.655+0000] {processor.py:157} INFO - Started process (PID=667) to work on /home/airflow/.local/lib/python3.8/site-packages/airflow/example_dags/example_setup_teardown_taskflow.py
[2023-11-26T17:52:03.660+0000] {processor.py:829} INFO - Processing file /home/airflow/.local/lib/python3.8/site-packages/airflow/example_dags/example_setup_teardown_taskflow.py for tasks to queue
[2023-11-26T17:52:03.669+0000] {logging_mixin.py:154} INFO - [2023-11-26T17:52:03.668+0000] {dagbag.py:536} INFO - Filling up the DagBag from /home/airflow/.local/lib/python3.8/site-packages/airflow/example_dags/example_setup_teardown_taskflow.py
[2023-11-26T17:52:03.710+0000] {processor.py:839} INFO - DAG(s) dict_keys(['example_setup_teardown_taskflow']) retrieved from /home/airflow/.local/lib/python3.8/site-packages/airflow/example_dags/example_setup_teardown_taskflow.py
[2023-11-26T17:52:03.827+0000] {logging_mixin.py:154} INFO - [2023-11-26T17:52:03.826+0000] {dag.py:2941} INFO - Sync 1 DAGs
[2023-11-26T17:52:03.910+0000] {logging_mixin.py:154} INFO - [2023-11-26T17:52:03.910+0000] {dag.py:3722} INFO - Setting next_dagrun for example_setup_teardown_taskflow to 2023-11-25T17:52:03.908470+00:00, run_after=2023-11-26T17:52:03.908470+00:00
[2023-11-26T17:52:04.039+0000] {processor.py:179} INFO - Processing /home/airflow/.local/lib/python3.8/site-packages/airflow/example_dags/example_setup_teardown_taskflow.py took 0.396 seconds
[2023-11-26T17:52:34.326+0000] {processor.py:157} INFO - Started process (PID=721) to work on /home/airflow/.local/lib/python3.8/site-packages/airflow/example_dags/example_setup_teardown_taskflow.py
[2023-11-26T17:52:34.329+0000] {processor.py:829} INFO - Processing file /home/airflow/.local/lib/python3.8/site-packages/airflow/example_dags/example_setup_teardown_taskflow.py for tasks to queue
[2023-11-26T17:52:34.337+0000] {logging_mixin.py:154} INFO - [2023-11-26T17:52:34.336+0000] {dagbag.py:536} INFO - Filling up the DagBag from /home/airflow/.local/lib/python3.8/site-packages/airflow/example_dags/example_setup_teardown_taskflow.py
[2023-11-26T17:52:34.378+0000] {processor.py:839} INFO - DAG(s) dict_keys(['example_setup_teardown_taskflow']) retrieved from /home/airflow/.local/lib/python3.8/site-packages/airflow/example_dags/example_setup_teardown_taskflow.py
[2023-11-26T17:52:34.482+0000] {logging_mixin.py:154} INFO - [2023-11-26T17:52:34.482+0000] {dag.py:2941} INFO - Sync 1 DAGs
[2023-11-26T17:52:34.586+0000] {logging_mixin.py:154} INFO - [2023-11-26T17:52:34.586+0000] {dag.py:3722} INFO - Setting next_dagrun for example_setup_teardown_taskflow to 2023-11-25T17:52:34.585564+00:00, run_after=2023-11-26T17:52:34.585564+00:00
[2023-11-26T17:52:34.663+0000] {processor.py:179} INFO - Processing /home/airflow/.local/lib/python3.8/site-packages/airflow/example_dags/example_setup_teardown_taskflow.py took 0.348 seconds
[2023-11-26T17:53:04.803+0000] {processor.py:157} INFO - Started process (PID=774) to work on /home/airflow/.local/lib/python3.8/site-packages/airflow/example_dags/example_setup_teardown_taskflow.py
[2023-11-26T17:53:04.810+0000] {processor.py:829} INFO - Processing file /home/airflow/.local/lib/python3.8/site-packages/airflow/example_dags/example_setup_teardown_taskflow.py for tasks to queue
[2023-11-26T17:53:04.819+0000] {logging_mixin.py:154} INFO - [2023-11-26T17:53:04.817+0000] {dagbag.py:536} INFO - Filling up the DagBag from /home/airflow/.local/lib/python3.8/site-packages/airflow/example_dags/example_setup_teardown_taskflow.py
[2023-11-26T17:53:04.851+0000] {processor.py:839} INFO - DAG(s) dict_keys(['example_setup_teardown_taskflow']) retrieved from /home/airflow/.local/lib/python3.8/site-packages/airflow/example_dags/example_setup_teardown_taskflow.py
[2023-11-26T17:53:04.914+0000] {logging_mixin.py:154} INFO - [2023-11-26T17:53:04.912+0000] {dag.py:2941} INFO - Sync 1 DAGs
[2023-11-26T17:53:04.991+0000] {logging_mixin.py:154} INFO - [2023-11-26T17:53:04.991+0000] {dag.py:3722} INFO - Setting next_dagrun for example_setup_teardown_taskflow to 2023-11-25T17:53:04.990975+00:00, run_after=2023-11-26T17:53:04.990975+00:00
[2023-11-26T17:53:05.125+0000] {processor.py:179} INFO - Processing /home/airflow/.local/lib/python3.8/site-packages/airflow/example_dags/example_setup_teardown_taskflow.py took 0.333 seconds
[2023-11-26T17:53:35.461+0000] {processor.py:157} INFO - Started process (PID=828) to work on /home/airflow/.local/lib/python3.8/site-packages/airflow/example_dags/example_setup_teardown_taskflow.py
[2023-11-26T17:53:35.463+0000] {processor.py:829} INFO - Processing file /home/airflow/.local/lib/python3.8/site-packages/airflow/example_dags/example_setup_teardown_taskflow.py for tasks to queue
[2023-11-26T17:53:35.469+0000] {logging_mixin.py:154} INFO - [2023-11-26T17:53:35.469+0000] {dagbag.py:536} INFO - Filling up the DagBag from /home/airflow/.local/lib/python3.8/site-packages/airflow/example_dags/example_setup_teardown_taskflow.py
[2023-11-26T17:53:35.502+0000] {processor.py:839} INFO - DAG(s) dict_keys(['example_setup_teardown_taskflow']) retrieved from /home/airflow/.local/lib/python3.8/site-packages/airflow/example_dags/example_setup_teardown_taskflow.py
[2023-11-26T17:53:35.689+0000] {logging_mixin.py:154} INFO - [2023-11-26T17:53:35.688+0000] {dag.py:2941} INFO - Sync 1 DAGs
[2023-11-26T17:53:35.754+0000] {logging_mixin.py:154} INFO - [2023-11-26T17:53:35.754+0000] {dag.py:3722} INFO - Setting next_dagrun for example_setup_teardown_taskflow to 2023-11-25T17:53:35.753834+00:00, run_after=2023-11-26T17:53:35.753834+00:00
[2023-11-26T17:53:35.846+0000] {processor.py:179} INFO - Processing /home/airflow/.local/lib/python3.8/site-packages/airflow/example_dags/example_setup_teardown_taskflow.py took 0.395 seconds
[2023-11-26T17:54:07.892+0000] {processor.py:157} INFO - Started process (PID=882) to work on /home/airflow/.local/lib/python3.8/site-packages/airflow/example_dags/example_setup_teardown_taskflow.py
[2023-11-26T17:54:07.899+0000] {processor.py:829} INFO - Processing file /home/airflow/.local/lib/python3.8/site-packages/airflow/example_dags/example_setup_teardown_taskflow.py for tasks to queue
[2023-11-26T17:54:07.912+0000] {logging_mixin.py:154} INFO - [2023-11-26T17:54:07.909+0000] {dagbag.py:536} INFO - Filling up the DagBag from /home/airflow/.local/lib/python3.8/site-packages/airflow/example_dags/example_setup_teardown_taskflow.py
[2023-11-26T17:54:08.060+0000] {processor.py:839} INFO - DAG(s) dict_keys(['example_setup_teardown_taskflow']) retrieved from /home/airflow/.local/lib/python3.8/site-packages/airflow/example_dags/example_setup_teardown_taskflow.py
[2023-11-26T17:54:08.155+0000] {logging_mixin.py:154} INFO - [2023-11-26T17:54:08.154+0000] {dag.py:2941} INFO - Sync 1 DAGs
[2023-11-26T17:54:08.513+0000] {logging_mixin.py:154} INFO - [2023-11-26T17:54:08.512+0000] {dag.py:3722} INFO - Setting next_dagrun for example_setup_teardown_taskflow to 2023-11-25T17:54:08.512265+00:00, run_after=2023-11-26T17:54:08.512265+00:00
[2023-11-26T17:54:08.579+0000] {processor.py:179} INFO - Processing /home/airflow/.local/lib/python3.8/site-packages/airflow/example_dags/example_setup_teardown_taskflow.py took 0.724 seconds
[2023-11-26T17:54:43.875+0000] {processor.py:157} INFO - Started process (PID=936) to work on /home/airflow/.local/lib/python3.8/site-packages/airflow/example_dags/example_setup_teardown_taskflow.py
[2023-11-26T17:54:43.898+0000] {processor.py:829} INFO - Processing file /home/airflow/.local/lib/python3.8/site-packages/airflow/example_dags/example_setup_teardown_taskflow.py for tasks to queue
[2023-11-26T17:54:43.919+0000] {logging_mixin.py:154} INFO - [2023-11-26T17:54:43.910+0000] {dagbag.py:536} INFO - Filling up the DagBag from /home/airflow/.local/lib/python3.8/site-packages/airflow/example_dags/example_setup_teardown_taskflow.py
[2023-11-26T17:54:44.205+0000] {processor.py:839} INFO - DAG(s) dict_keys(['example_setup_teardown_taskflow']) retrieved from /home/airflow/.local/lib/python3.8/site-packages/airflow/example_dags/example_setup_teardown_taskflow.py
[2023-11-26T17:54:44.434+0000] {logging_mixin.py:154} INFO - [2023-11-26T17:54:44.431+0000] {dag.py:2941} INFO - Sync 1 DAGs
[2023-11-26T17:54:44.747+0000] {logging_mixin.py:154} INFO - [2023-11-26T17:54:44.746+0000] {dag.py:3722} INFO - Setting next_dagrun for example_setup_teardown_taskflow to 2023-11-25T17:54:44.745455+00:00, run_after=2023-11-26T17:54:44.745455+00:00
[2023-11-26T17:54:45.211+0000] {processor.py:179} INFO - Processing /home/airflow/.local/lib/python3.8/site-packages/airflow/example_dags/example_setup_teardown_taskflow.py took 1.349 seconds
[2023-11-26T17:55:15.721+0000] {processor.py:157} INFO - Started process (PID=991) to work on /home/airflow/.local/lib/python3.8/site-packages/airflow/example_dags/example_setup_teardown_taskflow.py
[2023-11-26T17:55:15.724+0000] {processor.py:829} INFO - Processing file /home/airflow/.local/lib/python3.8/site-packages/airflow/example_dags/example_setup_teardown_taskflow.py for tasks to queue
[2023-11-26T17:55:15.730+0000] {logging_mixin.py:154} INFO - [2023-11-26T17:55:15.730+0000] {dagbag.py:536} INFO - Filling up the DagBag from /home/airflow/.local/lib/python3.8/site-packages/airflow/example_dags/example_setup_teardown_taskflow.py
[2023-11-26T17:55:15.751+0000] {processor.py:839} INFO - DAG(s) dict_keys(['example_setup_teardown_taskflow']) retrieved from /home/airflow/.local/lib/python3.8/site-packages/airflow/example_dags/example_setup_teardown_taskflow.py
[2023-11-26T17:55:15.797+0000] {logging_mixin.py:154} INFO - [2023-11-26T17:55:15.796+0000] {dag.py:2941} INFO - Sync 1 DAGs
[2023-11-26T17:55:15.845+0000] {logging_mixin.py:154} INFO - [2023-11-26T17:55:15.844+0000] {dag.py:3722} INFO - Setting next_dagrun for example_setup_teardown_taskflow to 2023-11-25T17:55:15.844446+00:00, run_after=2023-11-26T17:55:15.844446+00:00
[2023-11-26T17:55:15.888+0000] {processor.py:179} INFO - Processing /home/airflow/.local/lib/python3.8/site-packages/airflow/example_dags/example_setup_teardown_taskflow.py took 0.178 seconds
[2023-11-26T17:55:46.488+0000] {processor.py:157} INFO - Started process (PID=1045) to work on /home/airflow/.local/lib/python3.8/site-packages/airflow/example_dags/example_setup_teardown_taskflow.py
[2023-11-26T17:55:46.490+0000] {processor.py:829} INFO - Processing file /home/airflow/.local/lib/python3.8/site-packages/airflow/example_dags/example_setup_teardown_taskflow.py for tasks to queue
[2023-11-26T17:55:46.495+0000] {logging_mixin.py:154} INFO - [2023-11-26T17:55:46.495+0000] {dagbag.py:536} INFO - Filling up the DagBag from /home/airflow/.local/lib/python3.8/site-packages/airflow/example_dags/example_setup_teardown_taskflow.py
[2023-11-26T17:55:46.524+0000] {processor.py:839} INFO - DAG(s) dict_keys(['example_setup_teardown_taskflow']) retrieved from /home/airflow/.local/lib/python3.8/site-packages/airflow/example_dags/example_setup_teardown_taskflow.py
[2023-11-26T17:55:46.579+0000] {logging_mixin.py:154} INFO - [2023-11-26T17:55:46.578+0000] {dag.py:2941} INFO - Sync 1 DAGs
[2023-11-26T17:55:46.630+0000] {logging_mixin.py:154} INFO - [2023-11-26T17:55:46.629+0000] {dag.py:3722} INFO - Setting next_dagrun for example_setup_teardown_taskflow to 2023-11-25T17:55:46.629304+00:00, run_after=2023-11-26T17:55:46.629304+00:00
[2023-11-26T17:55:46.673+0000] {processor.py:179} INFO - Processing /home/airflow/.local/lib/python3.8/site-packages/airflow/example_dags/example_setup_teardown_taskflow.py took 0.193 seconds
[2023-11-26T17:56:16.808+0000] {processor.py:157} INFO - Started process (PID=1099) to work on /home/airflow/.local/lib/python3.8/site-packages/airflow/example_dags/example_setup_teardown_taskflow.py
[2023-11-26T17:56:16.810+0000] {processor.py:829} INFO - Processing file /home/airflow/.local/lib/python3.8/site-packages/airflow/example_dags/example_setup_teardown_taskflow.py for tasks to queue
[2023-11-26T17:56:16.818+0000] {logging_mixin.py:154} INFO - [2023-11-26T17:56:16.818+0000] {dagbag.py:536} INFO - Filling up the DagBag from /home/airflow/.local/lib/python3.8/site-packages/airflow/example_dags/example_setup_teardown_taskflow.py
[2023-11-26T17:56:16.840+0000] {processor.py:839} INFO - DAG(s) dict_keys(['example_setup_teardown_taskflow']) retrieved from /home/airflow/.local/lib/python3.8/site-packages/airflow/example_dags/example_setup_teardown_taskflow.py
[2023-11-26T17:56:16.897+0000] {logging_mixin.py:154} INFO - [2023-11-26T17:56:16.897+0000] {dag.py:2941} INFO - Sync 1 DAGs
[2023-11-26T17:56:16.950+0000] {logging_mixin.py:154} INFO - [2023-11-26T17:56:16.950+0000] {dag.py:3722} INFO - Setting next_dagrun for example_setup_teardown_taskflow to 2023-11-25T17:56:16.949983+00:00, run_after=2023-11-26T17:56:16.949983+00:00
[2023-11-26T17:56:16.990+0000] {processor.py:179} INFO - Processing /home/airflow/.local/lib/python3.8/site-packages/airflow/example_dags/example_setup_teardown_taskflow.py took 0.189 seconds
[2023-11-26T17:56:47.813+0000] {processor.py:157} INFO - Started process (PID=1153) to work on /home/airflow/.local/lib/python3.8/site-packages/airflow/example_dags/example_setup_teardown_taskflow.py
[2023-11-26T17:56:47.820+0000] {processor.py:829} INFO - Processing file /home/airflow/.local/lib/python3.8/site-packages/airflow/example_dags/example_setup_teardown_taskflow.py for tasks to queue
[2023-11-26T17:56:47.828+0000] {logging_mixin.py:154} INFO - [2023-11-26T17:56:47.827+0000] {dagbag.py:536} INFO - Filling up the DagBag from /home/airflow/.local/lib/python3.8/site-packages/airflow/example_dags/example_setup_teardown_taskflow.py
[2023-11-26T17:56:47.861+0000] {processor.py:839} INFO - DAG(s) dict_keys(['example_setup_teardown_taskflow']) retrieved from /home/airflow/.local/lib/python3.8/site-packages/airflow/example_dags/example_setup_teardown_taskflow.py
[2023-11-26T17:56:47.940+0000] {logging_mixin.py:154} INFO - [2023-11-26T17:56:47.940+0000] {dag.py:2941} INFO - Sync 1 DAGs
[2023-11-26T17:56:48.054+0000] {logging_mixin.py:154} INFO - [2023-11-26T17:56:48.054+0000] {dag.py:3722} INFO - Setting next_dagrun for example_setup_teardown_taskflow to 2023-11-25T17:56:48.053485+00:00, run_after=2023-11-26T17:56:48.053485+00:00
[2023-11-26T17:56:48.196+0000] {processor.py:179} INFO - Processing /home/airflow/.local/lib/python3.8/site-packages/airflow/example_dags/example_setup_teardown_taskflow.py took 0.394 seconds
[2023-11-26T17:57:19.748+0000] {processor.py:157} INFO - Started process (PID=1208) to work on /home/airflow/.local/lib/python3.8/site-packages/airflow/example_dags/example_setup_teardown_taskflow.py
[2023-11-26T17:57:19.753+0000] {processor.py:829} INFO - Processing file /home/airflow/.local/lib/python3.8/site-packages/airflow/example_dags/example_setup_teardown_taskflow.py for tasks to queue
[2023-11-26T17:57:19.759+0000] {logging_mixin.py:154} INFO - [2023-11-26T17:57:19.758+0000] {dagbag.py:536} INFO - Filling up the DagBag from /home/airflow/.local/lib/python3.8/site-packages/airflow/example_dags/example_setup_teardown_taskflow.py
[2023-11-26T17:57:19.793+0000] {processor.py:839} INFO - DAG(s) dict_keys(['example_setup_teardown_taskflow']) retrieved from /home/airflow/.local/lib/python3.8/site-packages/airflow/example_dags/example_setup_teardown_taskflow.py
[2023-11-26T17:57:19.859+0000] {logging_mixin.py:154} INFO - [2023-11-26T17:57:19.859+0000] {dag.py:2941} INFO - Sync 1 DAGs
[2023-11-26T17:57:19.928+0000] {logging_mixin.py:154} INFO - [2023-11-26T17:57:19.927+0000] {dag.py:3722} INFO - Setting next_dagrun for example_setup_teardown_taskflow to 2023-11-25T17:57:19.927389+00:00, run_after=2023-11-26T17:57:19.927389+00:00
[2023-11-26T17:57:20.195+0000] {processor.py:179} INFO - Processing /home/airflow/.local/lib/python3.8/site-packages/airflow/example_dags/example_setup_teardown_taskflow.py took 0.454 seconds
[2023-11-26T17:58:00.689+0000] {processor.py:157} INFO - Started process (PID=1259) to work on /home/airflow/.local/lib/python3.8/site-packages/airflow/example_dags/example_setup_teardown_taskflow.py
[2023-11-26T17:58:00.692+0000] {processor.py:829} INFO - Processing file /home/airflow/.local/lib/python3.8/site-packages/airflow/example_dags/example_setup_teardown_taskflow.py for tasks to queue
[2023-11-26T17:58:00.700+0000] {logging_mixin.py:154} INFO - [2023-11-26T17:58:00.699+0000] {dagbag.py:536} INFO - Filling up the DagBag from /home/airflow/.local/lib/python3.8/site-packages/airflow/example_dags/example_setup_teardown_taskflow.py
[2023-11-26T17:58:00.727+0000] {processor.py:839} INFO - DAG(s) dict_keys(['example_setup_teardown_taskflow']) retrieved from /home/airflow/.local/lib/python3.8/site-packages/airflow/example_dags/example_setup_teardown_taskflow.py
[2023-11-26T17:58:00.810+0000] {logging_mixin.py:154} INFO - [2023-11-26T17:58:00.809+0000] {dag.py:2941} INFO - Sync 1 DAGs
[2023-11-26T17:58:00.895+0000] {logging_mixin.py:154} INFO - [2023-11-26T17:58:00.895+0000] {dag.py:3722} INFO - Setting next_dagrun for example_setup_teardown_taskflow to 2023-11-25T17:58:00.894545+00:00, run_after=2023-11-26T17:58:00.894545+00:00
[2023-11-26T17:58:01.167+0000] {processor.py:179} INFO - Processing /home/airflow/.local/lib/python3.8/site-packages/airflow/example_dags/example_setup_teardown_taskflow.py took 0.485 seconds
[2023-11-26T17:58:31.982+0000] {processor.py:157} INFO - Started process (PID=1313) to work on /home/airflow/.local/lib/python3.8/site-packages/airflow/example_dags/example_setup_teardown_taskflow.py
[2023-11-26T17:58:31.986+0000] {processor.py:829} INFO - Processing file /home/airflow/.local/lib/python3.8/site-packages/airflow/example_dags/example_setup_teardown_taskflow.py for tasks to queue
[2023-11-26T17:58:31.991+0000] {logging_mixin.py:154} INFO - [2023-11-26T17:58:31.991+0000] {dagbag.py:536} INFO - Filling up the DagBag from /home/airflow/.local/lib/python3.8/site-packages/airflow/example_dags/example_setup_teardown_taskflow.py
[2023-11-26T17:58:32.010+0000] {processor.py:839} INFO - DAG(s) dict_keys(['example_setup_teardown_taskflow']) retrieved from /home/airflow/.local/lib/python3.8/site-packages/airflow/example_dags/example_setup_teardown_taskflow.py
[2023-11-26T17:58:32.062+0000] {logging_mixin.py:154} INFO - [2023-11-26T17:58:32.062+0000] {dag.py:2941} INFO - Sync 1 DAGs
[2023-11-26T17:58:32.119+0000] {logging_mixin.py:154} INFO - [2023-11-26T17:58:32.118+0000] {dag.py:3722} INFO - Setting next_dagrun for example_setup_teardown_taskflow to 2023-11-25T17:58:32.118235+00:00, run_after=2023-11-26T17:58:32.118235+00:00
[2023-11-26T17:58:32.158+0000] {processor.py:179} INFO - Processing /home/airflow/.local/lib/python3.8/site-packages/airflow/example_dags/example_setup_teardown_taskflow.py took 0.184 seconds
[2023-11-26T17:59:03.397+0000] {processor.py:157} INFO - Started process (PID=1367) to work on /home/airflow/.local/lib/python3.8/site-packages/airflow/example_dags/example_setup_teardown_taskflow.py
[2023-11-26T17:59:03.400+0000] {processor.py:829} INFO - Processing file /home/airflow/.local/lib/python3.8/site-packages/airflow/example_dags/example_setup_teardown_taskflow.py for tasks to queue
[2023-11-26T17:59:03.405+0000] {logging_mixin.py:154} INFO - [2023-11-26T17:59:03.405+0000] {dagbag.py:536} INFO - Filling up the DagBag from /home/airflow/.local/lib/python3.8/site-packages/airflow/example_dags/example_setup_teardown_taskflow.py
[2023-11-26T17:59:03.431+0000] {processor.py:839} INFO - DAG(s) dict_keys(['example_setup_teardown_taskflow']) retrieved from /home/airflow/.local/lib/python3.8/site-packages/airflow/example_dags/example_setup_teardown_taskflow.py
[2023-11-26T17:59:03.487+0000] {logging_mixin.py:154} INFO - [2023-11-26T17:59:03.486+0000] {dag.py:2941} INFO - Sync 1 DAGs
[2023-11-26T17:59:03.976+0000] {logging_mixin.py:154} INFO - [2023-11-26T17:59:03.976+0000] {dag.py:3722} INFO - Setting next_dagrun for example_setup_teardown_taskflow to 2023-11-25T17:59:03.976097+00:00, run_after=2023-11-26T17:59:03.976097+00:00
[2023-11-26T17:59:04.033+0000] {processor.py:179} INFO - Processing /home/airflow/.local/lib/python3.8/site-packages/airflow/example_dags/example_setup_teardown_taskflow.py took 0.643 seconds
[2023-11-26T17:59:35.099+0000] {processor.py:157} INFO - Started process (PID=1421) to work on /home/airflow/.local/lib/python3.8/site-packages/airflow/example_dags/example_setup_teardown_taskflow.py
[2023-11-26T17:59:35.101+0000] {processor.py:829} INFO - Processing file /home/airflow/.local/lib/python3.8/site-packages/airflow/example_dags/example_setup_teardown_taskflow.py for tasks to queue
[2023-11-26T17:59:35.106+0000] {logging_mixin.py:154} INFO - [2023-11-26T17:59:35.105+0000] {dagbag.py:536} INFO - Filling up the DagBag from /home/airflow/.local/lib/python3.8/site-packages/airflow/example_dags/example_setup_teardown_taskflow.py
[2023-11-26T17:59:35.126+0000] {processor.py:839} INFO - DAG(s) dict_keys(['example_setup_teardown_taskflow']) retrieved from /home/airflow/.local/lib/python3.8/site-packages/airflow/example_dags/example_setup_teardown_taskflow.py
[2023-11-26T17:59:35.170+0000] {logging_mixin.py:154} INFO - [2023-11-26T17:59:35.169+0000] {dag.py:2941} INFO - Sync 1 DAGs
[2023-11-26T17:59:35.215+0000] {logging_mixin.py:154} INFO - [2023-11-26T17:59:35.215+0000] {dag.py:3722} INFO - Setting next_dagrun for example_setup_teardown_taskflow to 2023-11-25T17:59:35.214905+00:00, run_after=2023-11-26T17:59:35.214905+00:00
[2023-11-26T17:59:35.665+0000] {processor.py:179} INFO - Processing /home/airflow/.local/lib/python3.8/site-packages/airflow/example_dags/example_setup_teardown_taskflow.py took 0.572 seconds
[2023-11-26T18:00:09.118+0000] {processor.py:157} INFO - Started process (PID=1475) to work on /home/airflow/.local/lib/python3.8/site-packages/airflow/example_dags/example_setup_teardown_taskflow.py
[2023-11-26T18:00:09.129+0000] {processor.py:829} INFO - Processing file /home/airflow/.local/lib/python3.8/site-packages/airflow/example_dags/example_setup_teardown_taskflow.py for tasks to queue
[2023-11-26T18:00:09.139+0000] {logging_mixin.py:154} INFO - [2023-11-26T18:00:09.138+0000] {dagbag.py:536} INFO - Filling up the DagBag from /home/airflow/.local/lib/python3.8/site-packages/airflow/example_dags/example_setup_teardown_taskflow.py
[2023-11-26T18:00:09.199+0000] {processor.py:839} INFO - DAG(s) dict_keys(['example_setup_teardown_taskflow']) retrieved from /home/airflow/.local/lib/python3.8/site-packages/airflow/example_dags/example_setup_teardown_taskflow.py
[2023-11-26T18:00:09.332+0000] {logging_mixin.py:154} INFO - [2023-11-26T18:00:09.331+0000] {dag.py:2941} INFO - Sync 1 DAGs
[2023-11-26T18:00:09.477+0000] {logging_mixin.py:154} INFO - [2023-11-26T18:00:09.476+0000] {dag.py:3722} INFO - Setting next_dagrun for example_setup_teardown_taskflow to 2023-11-25T18:00:09.475992+00:00, run_after=2023-11-26T18:00:09.475992+00:00
[2023-11-26T18:00:09.529+0000] {processor.py:179} INFO - Processing /home/airflow/.local/lib/python3.8/site-packages/airflow/example_dags/example_setup_teardown_taskflow.py took 0.422 seconds
[2023-11-26T18:00:39.764+0000] {processor.py:157} INFO - Started process (PID=1528) to work on /home/airflow/.local/lib/python3.8/site-packages/airflow/example_dags/example_setup_teardown_taskflow.py
[2023-11-26T18:00:39.769+0000] {processor.py:829} INFO - Processing file /home/airflow/.local/lib/python3.8/site-packages/airflow/example_dags/example_setup_teardown_taskflow.py for tasks to queue
[2023-11-26T18:00:39.781+0000] {logging_mixin.py:154} INFO - [2023-11-26T18:00:39.780+0000] {dagbag.py:536} INFO - Filling up the DagBag from /home/airflow/.local/lib/python3.8/site-packages/airflow/example_dags/example_setup_teardown_taskflow.py
[2023-11-26T18:00:39.848+0000] {processor.py:839} INFO - DAG(s) dict_keys(['example_setup_teardown_taskflow']) retrieved from /home/airflow/.local/lib/python3.8/site-packages/airflow/example_dags/example_setup_teardown_taskflow.py
[2023-11-26T18:00:39.919+0000] {logging_mixin.py:154} INFO - [2023-11-26T18:00:39.919+0000] {dag.py:2941} INFO - Sync 1 DAGs
[2023-11-26T18:00:39.996+0000] {logging_mixin.py:154} INFO - [2023-11-26T18:00:39.996+0000] {dag.py:3722} INFO - Setting next_dagrun for example_setup_teardown_taskflow to 2023-11-25T18:00:39.995669+00:00, run_after=2023-11-26T18:00:39.995669+00:00
[2023-11-26T18:00:40.042+0000] {processor.py:179} INFO - Processing /home/airflow/.local/lib/python3.8/site-packages/airflow/example_dags/example_setup_teardown_taskflow.py took 0.293 seconds
[2023-11-26T18:01:10.973+0000] {processor.py:157} INFO - Started process (PID=1582) to work on /home/airflow/.local/lib/python3.8/site-packages/airflow/example_dags/example_setup_teardown_taskflow.py
[2023-11-26T18:01:10.976+0000] {processor.py:829} INFO - Processing file /home/airflow/.local/lib/python3.8/site-packages/airflow/example_dags/example_setup_teardown_taskflow.py for tasks to queue
[2023-11-26T18:01:10.981+0000] {logging_mixin.py:154} INFO - [2023-11-26T18:01:10.981+0000] {dagbag.py:536} INFO - Filling up the DagBag from /home/airflow/.local/lib/python3.8/site-packages/airflow/example_dags/example_setup_teardown_taskflow.py
[2023-11-26T18:01:11.017+0000] {processor.py:839} INFO - DAG(s) dict_keys(['example_setup_teardown_taskflow']) retrieved from /home/airflow/.local/lib/python3.8/site-packages/airflow/example_dags/example_setup_teardown_taskflow.py
[2023-11-26T18:01:11.081+0000] {logging_mixin.py:154} INFO - [2023-11-26T18:01:11.081+0000] {dag.py:2941} INFO - Sync 1 DAGs
[2023-11-26T18:01:11.147+0000] {logging_mixin.py:154} INFO - [2023-11-26T18:01:11.146+0000] {dag.py:3722} INFO - Setting next_dagrun for example_setup_teardown_taskflow to 2023-11-25T18:01:11.145434+00:00, run_after=2023-11-26T18:01:11.145434+00:00
[2023-11-26T18:01:11.356+0000] {processor.py:179} INFO - Processing /home/airflow/.local/lib/python3.8/site-packages/airflow/example_dags/example_setup_teardown_taskflow.py took 0.391 seconds
[2023-11-26T18:01:41.832+0000] {processor.py:157} INFO - Started process (PID=1636) to work on /home/airflow/.local/lib/python3.8/site-packages/airflow/example_dags/example_setup_teardown_taskflow.py
[2023-11-26T18:01:41.835+0000] {processor.py:829} INFO - Processing file /home/airflow/.local/lib/python3.8/site-packages/airflow/example_dags/example_setup_teardown_taskflow.py for tasks to queue
[2023-11-26T18:01:41.842+0000] {logging_mixin.py:154} INFO - [2023-11-26T18:01:41.842+0000] {dagbag.py:536} INFO - Filling up the DagBag from /home/airflow/.local/lib/python3.8/site-packages/airflow/example_dags/example_setup_teardown_taskflow.py
[2023-11-26T18:01:41.868+0000] {processor.py:839} INFO - DAG(s) dict_keys(['example_setup_teardown_taskflow']) retrieved from /home/airflow/.local/lib/python3.8/site-packages/airflow/example_dags/example_setup_teardown_taskflow.py
[2023-11-26T18:01:41.931+0000] {logging_mixin.py:154} INFO - [2023-11-26T18:01:41.930+0000] {dag.py:2941} INFO - Sync 1 DAGs
[2023-11-26T18:01:41.995+0000] {logging_mixin.py:154} INFO - [2023-11-26T18:01:41.995+0000] {dag.py:3722} INFO - Setting next_dagrun for example_setup_teardown_taskflow to 2023-11-25T18:01:41.994633+00:00, run_after=2023-11-26T18:01:41.994633+00:00
[2023-11-26T18:01:42.050+0000] {processor.py:179} INFO - Processing /home/airflow/.local/lib/python3.8/site-packages/airflow/example_dags/example_setup_teardown_taskflow.py took 0.228 seconds
[2023-11-26T18:02:12.309+0000] {processor.py:157} INFO - Started process (PID=1689) to work on /home/airflow/.local/lib/python3.8/site-packages/airflow/example_dags/example_setup_teardown_taskflow.py
[2023-11-26T18:02:12.311+0000] {processor.py:829} INFO - Processing file /home/airflow/.local/lib/python3.8/site-packages/airflow/example_dags/example_setup_teardown_taskflow.py for tasks to queue
[2023-11-26T18:02:12.318+0000] {logging_mixin.py:154} INFO - [2023-11-26T18:02:12.317+0000] {dagbag.py:536} INFO - Filling up the DagBag from /home/airflow/.local/lib/python3.8/site-packages/airflow/example_dags/example_setup_teardown_taskflow.py
[2023-11-26T18:02:12.346+0000] {processor.py:839} INFO - DAG(s) dict_keys(['example_setup_teardown_taskflow']) retrieved from /home/airflow/.local/lib/python3.8/site-packages/airflow/example_dags/example_setup_teardown_taskflow.py
[2023-11-26T18:02:12.411+0000] {logging_mixin.py:154} INFO - [2023-11-26T18:02:12.411+0000] {dag.py:2941} INFO - Sync 1 DAGs
[2023-11-26T18:02:12.469+0000] {logging_mixin.py:154} INFO - [2023-11-26T18:02:12.468+0000] {dag.py:3722} INFO - Setting next_dagrun for example_setup_teardown_taskflow to 2023-11-25T18:02:12.468143+00:00, run_after=2023-11-26T18:02:12.468143+00:00
[2023-11-26T18:02:12.523+0000] {processor.py:179} INFO - Processing /home/airflow/.local/lib/python3.8/site-packages/airflow/example_dags/example_setup_teardown_taskflow.py took 0.222 seconds
[2023-11-26T18:02:44.308+0000] {processor.py:157} INFO - Started process (PID=1743) to work on /home/airflow/.local/lib/python3.8/site-packages/airflow/example_dags/example_setup_teardown_taskflow.py
[2023-11-26T18:02:44.312+0000] {processor.py:829} INFO - Processing file /home/airflow/.local/lib/python3.8/site-packages/airflow/example_dags/example_setup_teardown_taskflow.py for tasks to queue
[2023-11-26T18:02:44.318+0000] {logging_mixin.py:154} INFO - [2023-11-26T18:02:44.317+0000] {dagbag.py:536} INFO - Filling up the DagBag from /home/airflow/.local/lib/python3.8/site-packages/airflow/example_dags/example_setup_teardown_taskflow.py
[2023-11-26T18:02:44.381+0000] {processor.py:839} INFO - DAG(s) dict_keys(['example_setup_teardown_taskflow']) retrieved from /home/airflow/.local/lib/python3.8/site-packages/airflow/example_dags/example_setup_teardown_taskflow.py
[2023-11-26T18:02:44.636+0000] {logging_mixin.py:154} INFO - [2023-11-26T18:02:44.635+0000] {dag.py:2941} INFO - Sync 1 DAGs
[2023-11-26T18:02:44.929+0000] {logging_mixin.py:154} INFO - [2023-11-26T18:02:44.928+0000] {dag.py:3722} INFO - Setting next_dagrun for example_setup_teardown_taskflow to 2023-11-25T18:02:44.928159+00:00, run_after=2023-11-26T18:02:44.928159+00:00
[2023-11-26T18:02:45.025+0000] {processor.py:179} INFO - Processing /home/airflow/.local/lib/python3.8/site-packages/airflow/example_dags/example_setup_teardown_taskflow.py took 0.727 seconds
[2023-11-26T18:03:15.537+0000] {processor.py:157} INFO - Started process (PID=1797) to work on /home/airflow/.local/lib/python3.8/site-packages/airflow/example_dags/example_setup_teardown_taskflow.py
[2023-11-26T18:03:15.539+0000] {processor.py:829} INFO - Processing file /home/airflow/.local/lib/python3.8/site-packages/airflow/example_dags/example_setup_teardown_taskflow.py for tasks to queue
[2023-11-26T18:03:15.546+0000] {logging_mixin.py:154} INFO - [2023-11-26T18:03:15.545+0000] {dagbag.py:536} INFO - Filling up the DagBag from /home/airflow/.local/lib/python3.8/site-packages/airflow/example_dags/example_setup_teardown_taskflow.py
[2023-11-26T18:03:15.577+0000] {processor.py:839} INFO - DAG(s) dict_keys(['example_setup_teardown_taskflow']) retrieved from /home/airflow/.local/lib/python3.8/site-packages/airflow/example_dags/example_setup_teardown_taskflow.py
[2023-11-26T18:03:15.633+0000] {logging_mixin.py:154} INFO - [2023-11-26T18:03:15.633+0000] {dag.py:2941} INFO - Sync 1 DAGs
[2023-11-26T18:03:15.674+0000] {logging_mixin.py:154} INFO - [2023-11-26T18:03:15.674+0000] {dag.py:3722} INFO - Setting next_dagrun for example_setup_teardown_taskflow to 2023-11-25T18:03:15.673926+00:00, run_after=2023-11-26T18:03:15.673926+00:00
[2023-11-26T18:03:15.722+0000] {processor.py:179} INFO - Processing /home/airflow/.local/lib/python3.8/site-packages/airflow/example_dags/example_setup_teardown_taskflow.py took 0.193 seconds
