[2023-11-26T17:42:11.879+0000] {processor.py:157} INFO - Started process (PID=56) to work on /home/airflow/.local/lib/python3.8/site-packages/airflow/example_dags/example_task_group_decorator.py
[2023-11-26T17:42:11.882+0000] {processor.py:829} INFO - Processing file /home/airflow/.local/lib/python3.8/site-packages/airflow/example_dags/example_task_group_decorator.py for tasks to queue
[2023-11-26T17:42:11.888+0000] {logging_mixin.py:154} INFO - [2023-11-26T17:42:11.888+0000] {dagbag.py:536} INFO - Filling up the DagBag from /home/airflow/.local/lib/python3.8/site-packages/airflow/example_dags/example_task_group_decorator.py
[2023-11-26T17:42:11.994+0000] {processor.py:839} INFO - DAG(s) dict_keys(['example_task_group_decorator']) retrieved from /home/airflow/.local/lib/python3.8/site-packages/airflow/example_dags/example_task_group_decorator.py
[2023-11-26T17:42:12.281+0000] {logging_mixin.py:154} INFO - [2023-11-26T17:42:12.280+0000] {dag.py:2941} INFO - Sync 1 DAGs
[2023-11-26T17:42:12.436+0000] {logging_mixin.py:154} INFO - [2023-11-26T17:42:12.435+0000] {dag.py:3722} INFO - Setting next_dagrun for example_task_group_decorator to 2023-11-25T17:42:12.434403+00:00, run_after=2023-11-26T17:42:12.434403+00:00
[2023-11-26T17:42:12.514+0000] {processor.py:179} INFO - Processing /home/airflow/.local/lib/python3.8/site-packages/airflow/example_dags/example_task_group_decorator.py took 0.644 seconds
[2023-11-26T17:46:09.917+0000] {processor.py:157} INFO - Started process (PID=64) to work on /home/airflow/.local/lib/python3.8/site-packages/airflow/example_dags/example_task_group_decorator.py
[2023-11-26T17:46:09.948+0000] {processor.py:829} INFO - Processing file /home/airflow/.local/lib/python3.8/site-packages/airflow/example_dags/example_task_group_decorator.py for tasks to queue
[2023-11-26T17:46:09.962+0000] {logging_mixin.py:154} INFO - [2023-11-26T17:46:09.961+0000] {dagbag.py:536} INFO - Filling up the DagBag from /home/airflow/.local/lib/python3.8/site-packages/airflow/example_dags/example_task_group_decorator.py
[2023-11-26T17:46:10.074+0000] {processor.py:839} INFO - DAG(s) dict_keys(['example_task_group_decorator']) retrieved from /home/airflow/.local/lib/python3.8/site-packages/airflow/example_dags/example_task_group_decorator.py
[2023-11-26T17:46:10.197+0000] {logging_mixin.py:154} INFO - [2023-11-26T17:46:10.197+0000] {dag.py:2941} INFO - Sync 1 DAGs
[2023-11-26T17:46:10.272+0000] {logging_mixin.py:154} INFO - [2023-11-26T17:46:10.272+0000] {dag.py:3722} INFO - Setting next_dagrun for example_task_group_decorator to 2023-11-25T17:46:10.271741+00:00, run_after=2023-11-26T17:46:10.271741+00:00
[2023-11-26T17:46:10.458+0000] {processor.py:179} INFO - Processing /home/airflow/.local/lib/python3.8/site-packages/airflow/example_dags/example_task_group_decorator.py took 0.549 seconds
[2023-11-26T17:46:45.764+0000] {processor.py:157} INFO - Started process (PID=118) to work on /home/airflow/.local/lib/python3.8/site-packages/airflow/example_dags/example_task_group_decorator.py
[2023-11-26T17:46:45.767+0000] {processor.py:829} INFO - Processing file /home/airflow/.local/lib/python3.8/site-packages/airflow/example_dags/example_task_group_decorator.py for tasks to queue
[2023-11-26T17:46:45.773+0000] {logging_mixin.py:154} INFO - [2023-11-26T17:46:45.772+0000] {dagbag.py:536} INFO - Filling up the DagBag from /home/airflow/.local/lib/python3.8/site-packages/airflow/example_dags/example_task_group_decorator.py
[2023-11-26T17:46:45.819+0000] {processor.py:839} INFO - DAG(s) dict_keys(['example_task_group_decorator']) retrieved from /home/airflow/.local/lib/python3.8/site-packages/airflow/example_dags/example_task_group_decorator.py
[2023-11-26T17:46:45.885+0000] {logging_mixin.py:154} INFO - [2023-11-26T17:46:45.885+0000] {dag.py:2941} INFO - Sync 1 DAGs
[2023-11-26T17:46:45.948+0000] {logging_mixin.py:154} INFO - [2023-11-26T17:46:45.947+0000] {dag.py:3722} INFO - Setting next_dagrun for example_task_group_decorator to 2023-11-25T17:46:45.947263+00:00, run_after=2023-11-26T17:46:45.947263+00:00
[2023-11-26T17:46:46.000+0000] {processor.py:179} INFO - Processing /home/airflow/.local/lib/python3.8/site-packages/airflow/example_dags/example_task_group_decorator.py took 0.244 seconds
[2023-11-26T17:47:16.260+0000] {processor.py:157} INFO - Started process (PID=171) to work on /home/airflow/.local/lib/python3.8/site-packages/airflow/example_dags/example_task_group_decorator.py
[2023-11-26T17:47:16.268+0000] {processor.py:829} INFO - Processing file /home/airflow/.local/lib/python3.8/site-packages/airflow/example_dags/example_task_group_decorator.py for tasks to queue
[2023-11-26T17:47:16.279+0000] {logging_mixin.py:154} INFO - [2023-11-26T17:47:16.278+0000] {dagbag.py:536} INFO - Filling up the DagBag from /home/airflow/.local/lib/python3.8/site-packages/airflow/example_dags/example_task_group_decorator.py
[2023-11-26T17:47:16.371+0000] {processor.py:839} INFO - DAG(s) dict_keys(['example_task_group_decorator']) retrieved from /home/airflow/.local/lib/python3.8/site-packages/airflow/example_dags/example_task_group_decorator.py
[2023-11-26T17:47:16.441+0000] {logging_mixin.py:154} INFO - [2023-11-26T17:47:16.440+0000] {dag.py:2941} INFO - Sync 1 DAGs
[2023-11-26T17:47:16.499+0000] {logging_mixin.py:154} INFO - [2023-11-26T17:47:16.498+0000] {dag.py:3722} INFO - Setting next_dagrun for example_task_group_decorator to 2023-11-25T17:47:16.498093+00:00, run_after=2023-11-26T17:47:16.498093+00:00
[2023-11-26T17:47:16.558+0000] {processor.py:179} INFO - Processing /home/airflow/.local/lib/python3.8/site-packages/airflow/example_dags/example_task_group_decorator.py took 0.306 seconds
[2023-11-26T17:47:47.569+0000] {processor.py:157} INFO - Started process (PID=226) to work on /home/airflow/.local/lib/python3.8/site-packages/airflow/example_dags/example_task_group_decorator.py
[2023-11-26T17:47:47.571+0000] {processor.py:829} INFO - Processing file /home/airflow/.local/lib/python3.8/site-packages/airflow/example_dags/example_task_group_decorator.py for tasks to queue
[2023-11-26T17:47:47.577+0000] {logging_mixin.py:154} INFO - [2023-11-26T17:47:47.576+0000] {dagbag.py:536} INFO - Filling up the DagBag from /home/airflow/.local/lib/python3.8/site-packages/airflow/example_dags/example_task_group_decorator.py
[2023-11-26T17:47:47.613+0000] {processor.py:839} INFO - DAG(s) dict_keys(['example_task_group_decorator']) retrieved from /home/airflow/.local/lib/python3.8/site-packages/airflow/example_dags/example_task_group_decorator.py
[2023-11-26T17:47:47.674+0000] {logging_mixin.py:154} INFO - [2023-11-26T17:47:47.673+0000] {dag.py:2941} INFO - Sync 1 DAGs
[2023-11-26T17:47:47.731+0000] {logging_mixin.py:154} INFO - [2023-11-26T17:47:47.731+0000] {dag.py:3722} INFO - Setting next_dagrun for example_task_group_decorator to 2023-11-25T17:47:47.730795+00:00, run_after=2023-11-26T17:47:47.730795+00:00
[2023-11-26T17:47:47.776+0000] {processor.py:179} INFO - Processing /home/airflow/.local/lib/python3.8/site-packages/airflow/example_dags/example_task_group_decorator.py took 0.214 seconds
[2023-11-26T17:48:18.625+0000] {processor.py:157} INFO - Started process (PID=277) to work on /home/airflow/.local/lib/python3.8/site-packages/airflow/example_dags/example_task_group_decorator.py
[2023-11-26T17:48:18.627+0000] {processor.py:829} INFO - Processing file /home/airflow/.local/lib/python3.8/site-packages/airflow/example_dags/example_task_group_decorator.py for tasks to queue
[2023-11-26T17:48:18.633+0000] {logging_mixin.py:154} INFO - [2023-11-26T17:48:18.632+0000] {dagbag.py:536} INFO - Filling up the DagBag from /home/airflow/.local/lib/python3.8/site-packages/airflow/example_dags/example_task_group_decorator.py
[2023-11-26T17:48:18.681+0000] {processor.py:839} INFO - DAG(s) dict_keys(['example_task_group_decorator']) retrieved from /home/airflow/.local/lib/python3.8/site-packages/airflow/example_dags/example_task_group_decorator.py
[2023-11-26T17:48:18.752+0000] {logging_mixin.py:154} INFO - [2023-11-26T17:48:18.752+0000] {dag.py:2941} INFO - Sync 1 DAGs
[2023-11-26T17:48:18.812+0000] {logging_mixin.py:154} INFO - [2023-11-26T17:48:18.811+0000] {dag.py:3722} INFO - Setting next_dagrun for example_task_group_decorator to 2023-11-25T17:48:18.811103+00:00, run_after=2023-11-26T17:48:18.811103+00:00
[2023-11-26T17:48:18.867+0000] {processor.py:179} INFO - Processing /home/airflow/.local/lib/python3.8/site-packages/airflow/example_dags/example_task_group_decorator.py took 0.251 seconds
[2023-11-26T17:48:49.859+0000] {processor.py:157} INFO - Started process (PID=331) to work on /home/airflow/.local/lib/python3.8/site-packages/airflow/example_dags/example_task_group_decorator.py
[2023-11-26T17:48:49.862+0000] {processor.py:829} INFO - Processing file /home/airflow/.local/lib/python3.8/site-packages/airflow/example_dags/example_task_group_decorator.py for tasks to queue
[2023-11-26T17:48:49.869+0000] {logging_mixin.py:154} INFO - [2023-11-26T17:48:49.868+0000] {dagbag.py:536} INFO - Filling up the DagBag from /home/airflow/.local/lib/python3.8/site-packages/airflow/example_dags/example_task_group_decorator.py
[2023-11-26T17:48:49.920+0000] {processor.py:839} INFO - DAG(s) dict_keys(['example_task_group_decorator']) retrieved from /home/airflow/.local/lib/python3.8/site-packages/airflow/example_dags/example_task_group_decorator.py
[2023-11-26T17:48:50.004+0000] {logging_mixin.py:154} INFO - [2023-11-26T17:48:50.004+0000] {dag.py:2941} INFO - Sync 1 DAGs
[2023-11-26T17:48:50.153+0000] {logging_mixin.py:154} INFO - [2023-11-26T17:48:50.152+0000] {dag.py:3722} INFO - Setting next_dagrun for example_task_group_decorator to 2023-11-25T17:48:50.152335+00:00, run_after=2023-11-26T17:48:50.152335+00:00
[2023-11-26T17:48:50.476+0000] {processor.py:179} INFO - Processing /home/airflow/.local/lib/python3.8/site-packages/airflow/example_dags/example_task_group_decorator.py took 0.631 seconds
[2023-11-26T17:49:22.176+0000] {processor.py:157} INFO - Started process (PID=384) to work on /home/airflow/.local/lib/python3.8/site-packages/airflow/example_dags/example_task_group_decorator.py
[2023-11-26T17:49:22.179+0000] {processor.py:829} INFO - Processing file /home/airflow/.local/lib/python3.8/site-packages/airflow/example_dags/example_task_group_decorator.py for tasks to queue
[2023-11-26T17:49:22.188+0000] {logging_mixin.py:154} INFO - [2023-11-26T17:49:22.187+0000] {dagbag.py:536} INFO - Filling up the DagBag from /home/airflow/.local/lib/python3.8/site-packages/airflow/example_dags/example_task_group_decorator.py
[2023-11-26T17:49:22.227+0000] {processor.py:839} INFO - DAG(s) dict_keys(['example_task_group_decorator']) retrieved from /home/airflow/.local/lib/python3.8/site-packages/airflow/example_dags/example_task_group_decorator.py
[2023-11-26T17:49:22.294+0000] {logging_mixin.py:154} INFO - [2023-11-26T17:49:22.294+0000] {dag.py:2941} INFO - Sync 1 DAGs
[2023-11-26T17:49:22.357+0000] {logging_mixin.py:154} INFO - [2023-11-26T17:49:22.357+0000] {dag.py:3722} INFO - Setting next_dagrun for example_task_group_decorator to 2023-11-25T17:49:22.356931+00:00, run_after=2023-11-26T17:49:22.356931+00:00
[2023-11-26T17:49:22.509+0000] {processor.py:179} INFO - Processing /home/airflow/.local/lib/python3.8/site-packages/airflow/example_dags/example_task_group_decorator.py took 0.346 seconds
[2023-11-26T17:49:53.778+0000] {processor.py:157} INFO - Started process (PID=437) to work on /home/airflow/.local/lib/python3.8/site-packages/airflow/example_dags/example_task_group_decorator.py
[2023-11-26T17:49:53.781+0000] {processor.py:829} INFO - Processing file /home/airflow/.local/lib/python3.8/site-packages/airflow/example_dags/example_task_group_decorator.py for tasks to queue
[2023-11-26T17:49:53.815+0000] {logging_mixin.py:154} INFO - [2023-11-26T17:49:53.814+0000] {dagbag.py:536} INFO - Filling up the DagBag from /home/airflow/.local/lib/python3.8/site-packages/airflow/example_dags/example_task_group_decorator.py
[2023-11-26T17:49:53.885+0000] {processor.py:839} INFO - DAG(s) dict_keys(['example_task_group_decorator']) retrieved from /home/airflow/.local/lib/python3.8/site-packages/airflow/example_dags/example_task_group_decorator.py
[2023-11-26T17:49:53.957+0000] {logging_mixin.py:154} INFO - [2023-11-26T17:49:53.956+0000] {dag.py:2941} INFO - Sync 1 DAGs
[2023-11-26T17:49:54.018+0000] {logging_mixin.py:154} INFO - [2023-11-26T17:49:54.018+0000] {dag.py:3722} INFO - Setting next_dagrun for example_task_group_decorator to 2023-11-25T17:49:54.017448+00:00, run_after=2023-11-26T17:49:54.017448+00:00
[2023-11-26T17:49:54.130+0000] {processor.py:179} INFO - Processing /home/airflow/.local/lib/python3.8/site-packages/airflow/example_dags/example_task_group_decorator.py took 0.366 seconds
[2023-11-26T17:50:24.624+0000] {processor.py:157} INFO - Started process (PID=491) to work on /home/airflow/.local/lib/python3.8/site-packages/airflow/example_dags/example_task_group_decorator.py
[2023-11-26T17:50:24.630+0000] {processor.py:829} INFO - Processing file /home/airflow/.local/lib/python3.8/site-packages/airflow/example_dags/example_task_group_decorator.py for tasks to queue
[2023-11-26T17:50:24.636+0000] {logging_mixin.py:154} INFO - [2023-11-26T17:50:24.636+0000] {dagbag.py:536} INFO - Filling up the DagBag from /home/airflow/.local/lib/python3.8/site-packages/airflow/example_dags/example_task_group_decorator.py
[2023-11-26T17:50:24.683+0000] {processor.py:839} INFO - DAG(s) dict_keys(['example_task_group_decorator']) retrieved from /home/airflow/.local/lib/python3.8/site-packages/airflow/example_dags/example_task_group_decorator.py
[2023-11-26T17:50:24.766+0000] {logging_mixin.py:154} INFO - [2023-11-26T17:50:24.765+0000] {dag.py:2941} INFO - Sync 1 DAGs
[2023-11-26T17:50:24.840+0000] {logging_mixin.py:154} INFO - [2023-11-26T17:50:24.840+0000] {dag.py:3722} INFO - Setting next_dagrun for example_task_group_decorator to 2023-11-25T17:50:24.840128+00:00, run_after=2023-11-26T17:50:24.840128+00:00
[2023-11-26T17:50:24.899+0000] {processor.py:179} INFO - Processing /home/airflow/.local/lib/python3.8/site-packages/airflow/example_dags/example_task_group_decorator.py took 0.284 seconds
[2023-11-26T17:50:55.223+0000] {processor.py:157} INFO - Started process (PID=545) to work on /home/airflow/.local/lib/python3.8/site-packages/airflow/example_dags/example_task_group_decorator.py
[2023-11-26T17:50:55.226+0000] {processor.py:829} INFO - Processing file /home/airflow/.local/lib/python3.8/site-packages/airflow/example_dags/example_task_group_decorator.py for tasks to queue
[2023-11-26T17:50:55.233+0000] {logging_mixin.py:154} INFO - [2023-11-26T17:50:55.232+0000] {dagbag.py:536} INFO - Filling up the DagBag from /home/airflow/.local/lib/python3.8/site-packages/airflow/example_dags/example_task_group_decorator.py
[2023-11-26T17:50:55.355+0000] {processor.py:839} INFO - DAG(s) dict_keys(['example_task_group_decorator']) retrieved from /home/airflow/.local/lib/python3.8/site-packages/airflow/example_dags/example_task_group_decorator.py
[2023-11-26T17:50:55.569+0000] {logging_mixin.py:154} INFO - [2023-11-26T17:50:55.565+0000] {dag.py:2941} INFO - Sync 1 DAGs
[2023-11-26T17:50:55.733+0000] {logging_mixin.py:154} INFO - [2023-11-26T17:50:55.732+0000] {dag.py:3722} INFO - Setting next_dagrun for example_task_group_decorator to 2023-11-25T17:50:55.732290+00:00, run_after=2023-11-26T17:50:55.732290+00:00
[2023-11-26T17:50:55.799+0000] {processor.py:179} INFO - Processing /home/airflow/.local/lib/python3.8/site-packages/airflow/example_dags/example_task_group_decorator.py took 0.592 seconds
[2023-11-26T17:51:26.444+0000] {processor.py:157} INFO - Started process (PID=599) to work on /home/airflow/.local/lib/python3.8/site-packages/airflow/example_dags/example_task_group_decorator.py
[2023-11-26T17:51:26.454+0000] {processor.py:829} INFO - Processing file /home/airflow/.local/lib/python3.8/site-packages/airflow/example_dags/example_task_group_decorator.py for tasks to queue
[2023-11-26T17:51:26.587+0000] {logging_mixin.py:154} INFO - [2023-11-26T17:51:26.586+0000] {dagbag.py:536} INFO - Filling up the DagBag from /home/airflow/.local/lib/python3.8/site-packages/airflow/example_dags/example_task_group_decorator.py
[2023-11-26T17:51:26.734+0000] {processor.py:839} INFO - DAG(s) dict_keys(['example_task_group_decorator']) retrieved from /home/airflow/.local/lib/python3.8/site-packages/airflow/example_dags/example_task_group_decorator.py
[2023-11-26T17:51:26.989+0000] {logging_mixin.py:154} INFO - [2023-11-26T17:51:26.988+0000] {dag.py:2941} INFO - Sync 1 DAGs
[2023-11-26T17:51:27.475+0000] {logging_mixin.py:154} INFO - [2023-11-26T17:51:27.475+0000] {dag.py:3722} INFO - Setting next_dagrun for example_task_group_decorator to 2023-11-25T17:51:27.474791+00:00, run_after=2023-11-26T17:51:27.474791+00:00
[2023-11-26T17:51:27.676+0000] {processor.py:179} INFO - Processing /home/airflow/.local/lib/python3.8/site-packages/airflow/example_dags/example_task_group_decorator.py took 1.284 seconds
[2023-11-26T17:51:58.055+0000] {processor.py:157} INFO - Started process (PID=651) to work on /home/airflow/.local/lib/python3.8/site-packages/airflow/example_dags/example_task_group_decorator.py
[2023-11-26T17:51:58.059+0000] {processor.py:829} INFO - Processing file /home/airflow/.local/lib/python3.8/site-packages/airflow/example_dags/example_task_group_decorator.py for tasks to queue
[2023-11-26T17:51:58.067+0000] {logging_mixin.py:154} INFO - [2023-11-26T17:51:58.066+0000] {dagbag.py:536} INFO - Filling up the DagBag from /home/airflow/.local/lib/python3.8/site-packages/airflow/example_dags/example_task_group_decorator.py
[2023-11-26T17:51:58.109+0000] {processor.py:839} INFO - DAG(s) dict_keys(['example_task_group_decorator']) retrieved from /home/airflow/.local/lib/python3.8/site-packages/airflow/example_dags/example_task_group_decorator.py
[2023-11-26T17:51:58.391+0000] {logging_mixin.py:154} INFO - [2023-11-26T17:51:58.389+0000] {dag.py:2941} INFO - Sync 1 DAGs
[2023-11-26T17:51:58.466+0000] {logging_mixin.py:154} INFO - [2023-11-26T17:51:58.465+0000] {dag.py:3722} INFO - Setting next_dagrun for example_task_group_decorator to 2023-11-25T17:51:58.462569+00:00, run_after=2023-11-26T17:51:58.462569+00:00
[2023-11-26T17:51:58.525+0000] {processor.py:179} INFO - Processing /home/airflow/.local/lib/python3.8/site-packages/airflow/example_dags/example_task_group_decorator.py took 0.483 seconds
[2023-11-26T17:52:28.864+0000] {processor.py:157} INFO - Started process (PID=705) to work on /home/airflow/.local/lib/python3.8/site-packages/airflow/example_dags/example_task_group_decorator.py
[2023-11-26T17:52:28.868+0000] {processor.py:829} INFO - Processing file /home/airflow/.local/lib/python3.8/site-packages/airflow/example_dags/example_task_group_decorator.py for tasks to queue
[2023-11-26T17:52:28.881+0000] {logging_mixin.py:154} INFO - [2023-11-26T17:52:28.879+0000] {dagbag.py:536} INFO - Filling up the DagBag from /home/airflow/.local/lib/python3.8/site-packages/airflow/example_dags/example_task_group_decorator.py
[2023-11-26T17:52:28.979+0000] {processor.py:839} INFO - DAG(s) dict_keys(['example_task_group_decorator']) retrieved from /home/airflow/.local/lib/python3.8/site-packages/airflow/example_dags/example_task_group_decorator.py
[2023-11-26T17:52:29.075+0000] {logging_mixin.py:154} INFO - [2023-11-26T17:52:29.075+0000] {dag.py:2941} INFO - Sync 1 DAGs
[2023-11-26T17:52:29.184+0000] {logging_mixin.py:154} INFO - [2023-11-26T17:52:29.183+0000] {dag.py:3722} INFO - Setting next_dagrun for example_task_group_decorator to 2023-11-25T17:52:29.182997+00:00, run_after=2023-11-26T17:52:29.182997+00:00
[2023-11-26T17:52:29.497+0000] {processor.py:179} INFO - Processing /home/airflow/.local/lib/python3.8/site-packages/airflow/example_dags/example_task_group_decorator.py took 0.646 seconds
[2023-11-26T17:53:00.774+0000] {processor.py:157} INFO - Started process (PID=759) to work on /home/airflow/.local/lib/python3.8/site-packages/airflow/example_dags/example_task_group_decorator.py
[2023-11-26T17:53:00.777+0000] {processor.py:829} INFO - Processing file /home/airflow/.local/lib/python3.8/site-packages/airflow/example_dags/example_task_group_decorator.py for tasks to queue
[2023-11-26T17:53:00.814+0000] {logging_mixin.py:154} INFO - [2023-11-26T17:53:00.813+0000] {dagbag.py:536} INFO - Filling up the DagBag from /home/airflow/.local/lib/python3.8/site-packages/airflow/example_dags/example_task_group_decorator.py
[2023-11-26T17:53:02.546+0000] {processor.py:839} INFO - DAG(s) dict_keys(['example_task_group_decorator']) retrieved from /home/airflow/.local/lib/python3.8/site-packages/airflow/example_dags/example_task_group_decorator.py
[2023-11-26T17:53:03.078+0000] {logging_mixin.py:154} INFO - [2023-11-26T17:53:03.077+0000] {dag.py:2941} INFO - Sync 1 DAGs
[2023-11-26T17:53:03.299+0000] {logging_mixin.py:154} INFO - [2023-11-26T17:53:03.298+0000] {dag.py:3722} INFO - Setting next_dagrun for example_task_group_decorator to 2023-11-25T17:53:03.298080+00:00, run_after=2023-11-26T17:53:03.298080+00:00
[2023-11-26T17:53:03.378+0000] {processor.py:179} INFO - Processing /home/airflow/.local/lib/python3.8/site-packages/airflow/example_dags/example_task_group_decorator.py took 2.763 seconds
[2023-11-26T17:53:33.511+0000] {processor.py:157} INFO - Started process (PID=820) to work on /home/airflow/.local/lib/python3.8/site-packages/airflow/example_dags/example_task_group_decorator.py
[2023-11-26T17:53:33.514+0000] {processor.py:829} INFO - Processing file /home/airflow/.local/lib/python3.8/site-packages/airflow/example_dags/example_task_group_decorator.py for tasks to queue
[2023-11-26T17:53:33.521+0000] {logging_mixin.py:154} INFO - [2023-11-26T17:53:33.521+0000] {dagbag.py:536} INFO - Filling up the DagBag from /home/airflow/.local/lib/python3.8/site-packages/airflow/example_dags/example_task_group_decorator.py
[2023-11-26T17:53:33.587+0000] {processor.py:839} INFO - DAG(s) dict_keys(['example_task_group_decorator']) retrieved from /home/airflow/.local/lib/python3.8/site-packages/airflow/example_dags/example_task_group_decorator.py
[2023-11-26T17:53:33.704+0000] {logging_mixin.py:154} INFO - [2023-11-26T17:53:33.703+0000] {dag.py:2941} INFO - Sync 1 DAGs
[2023-11-26T17:53:33.806+0000] {logging_mixin.py:154} INFO - [2023-11-26T17:53:33.806+0000] {dag.py:3722} INFO - Setting next_dagrun for example_task_group_decorator to 2023-11-25T17:53:33.805919+00:00, run_after=2023-11-26T17:53:33.805919+00:00
[2023-11-26T17:53:33.899+0000] {processor.py:179} INFO - Processing /home/airflow/.local/lib/python3.8/site-packages/airflow/example_dags/example_task_group_decorator.py took 0.402 seconds
[2023-11-26T17:54:04.076+0000] {processor.py:157} INFO - Started process (PID=874) to work on /home/airflow/.local/lib/python3.8/site-packages/airflow/example_dags/example_task_group_decorator.py
[2023-11-26T17:54:04.078+0000] {processor.py:829} INFO - Processing file /home/airflow/.local/lib/python3.8/site-packages/airflow/example_dags/example_task_group_decorator.py for tasks to queue
[2023-11-26T17:54:04.084+0000] {logging_mixin.py:154} INFO - [2023-11-26T17:54:04.083+0000] {dagbag.py:536} INFO - Filling up the DagBag from /home/airflow/.local/lib/python3.8/site-packages/airflow/example_dags/example_task_group_decorator.py
[2023-11-26T17:54:04.111+0000] {processor.py:839} INFO - DAG(s) dict_keys(['example_task_group_decorator']) retrieved from /home/airflow/.local/lib/python3.8/site-packages/airflow/example_dags/example_task_group_decorator.py
[2023-11-26T17:54:04.169+0000] {logging_mixin.py:154} INFO - [2023-11-26T17:54:04.168+0000] {dag.py:2941} INFO - Sync 1 DAGs
[2023-11-26T17:54:04.235+0000] {logging_mixin.py:154} INFO - [2023-11-26T17:54:04.235+0000] {dag.py:3722} INFO - Setting next_dagrun for example_task_group_decorator to 2023-11-25T17:54:04.234890+00:00, run_after=2023-11-26T17:54:04.234890+00:00
[2023-11-26T17:54:04.275+0000] {processor.py:179} INFO - Processing /home/airflow/.local/lib/python3.8/site-packages/airflow/example_dags/example_task_group_decorator.py took 0.206 seconds
[2023-11-26T17:54:39.352+0000] {processor.py:157} INFO - Started process (PID=929) to work on /home/airflow/.local/lib/python3.8/site-packages/airflow/example_dags/example_task_group_decorator.py
[2023-11-26T17:54:39.358+0000] {processor.py:829} INFO - Processing file /home/airflow/.local/lib/python3.8/site-packages/airflow/example_dags/example_task_group_decorator.py for tasks to queue
[2023-11-26T17:54:39.364+0000] {logging_mixin.py:154} INFO - [2023-11-26T17:54:39.363+0000] {dagbag.py:536} INFO - Filling up the DagBag from /home/airflow/.local/lib/python3.8/site-packages/airflow/example_dags/example_task_group_decorator.py
[2023-11-26T17:54:39.554+0000] {processor.py:839} INFO - DAG(s) dict_keys(['example_task_group_decorator']) retrieved from /home/airflow/.local/lib/python3.8/site-packages/airflow/example_dags/example_task_group_decorator.py
[2023-11-26T17:54:39.661+0000] {logging_mixin.py:154} INFO - [2023-11-26T17:54:39.661+0000] {dag.py:2941} INFO - Sync 1 DAGs
[2023-11-26T17:54:39.742+0000] {logging_mixin.py:154} INFO - [2023-11-26T17:54:39.742+0000] {dag.py:3722} INFO - Setting next_dagrun for example_task_group_decorator to 2023-11-25T17:54:39.741602+00:00, run_after=2023-11-26T17:54:39.741602+00:00
[2023-11-26T17:54:39.841+0000] {processor.py:179} INFO - Processing /home/airflow/.local/lib/python3.8/site-packages/airflow/example_dags/example_task_group_decorator.py took 0.497 seconds
[2023-11-26T17:55:10.080+0000] {processor.py:157} INFO - Started process (PID=984) to work on /home/airflow/.local/lib/python3.8/site-packages/airflow/example_dags/example_task_group_decorator.py
[2023-11-26T17:55:10.084+0000] {processor.py:829} INFO - Processing file /home/airflow/.local/lib/python3.8/site-packages/airflow/example_dags/example_task_group_decorator.py for tasks to queue
[2023-11-26T17:55:10.109+0000] {logging_mixin.py:154} INFO - [2023-11-26T17:55:10.106+0000] {dagbag.py:536} INFO - Filling up the DagBag from /home/airflow/.local/lib/python3.8/site-packages/airflow/example_dags/example_task_group_decorator.py
[2023-11-26T17:55:10.166+0000] {processor.py:839} INFO - DAG(s) dict_keys(['example_task_group_decorator']) retrieved from /home/airflow/.local/lib/python3.8/site-packages/airflow/example_dags/example_task_group_decorator.py
[2023-11-26T17:55:10.249+0000] {logging_mixin.py:154} INFO - [2023-11-26T17:55:10.249+0000] {dag.py:2941} INFO - Sync 1 DAGs
[2023-11-26T17:55:10.322+0000] {logging_mixin.py:154} INFO - [2023-11-26T17:55:10.322+0000] {dag.py:3722} INFO - Setting next_dagrun for example_task_group_decorator to 2023-11-25T17:55:10.321586+00:00, run_after=2023-11-26T17:55:10.321586+00:00
[2023-11-26T17:55:10.390+0000] {processor.py:179} INFO - Processing /home/airflow/.local/lib/python3.8/site-packages/airflow/example_dags/example_task_group_decorator.py took 0.320 seconds
[2023-11-26T17:55:41.593+0000] {processor.py:157} INFO - Started process (PID=1038) to work on /home/airflow/.local/lib/python3.8/site-packages/airflow/example_dags/example_task_group_decorator.py
[2023-11-26T17:55:41.595+0000] {processor.py:829} INFO - Processing file /home/airflow/.local/lib/python3.8/site-packages/airflow/example_dags/example_task_group_decorator.py for tasks to queue
[2023-11-26T17:55:41.600+0000] {logging_mixin.py:154} INFO - [2023-11-26T17:55:41.600+0000] {dagbag.py:536} INFO - Filling up the DagBag from /home/airflow/.local/lib/python3.8/site-packages/airflow/example_dags/example_task_group_decorator.py
[2023-11-26T17:55:41.639+0000] {processor.py:839} INFO - DAG(s) dict_keys(['example_task_group_decorator']) retrieved from /home/airflow/.local/lib/python3.8/site-packages/airflow/example_dags/example_task_group_decorator.py
[2023-11-26T17:55:41.700+0000] {logging_mixin.py:154} INFO - [2023-11-26T17:55:41.699+0000] {dag.py:2941} INFO - Sync 1 DAGs
[2023-11-26T17:55:41.761+0000] {logging_mixin.py:154} INFO - [2023-11-26T17:55:41.760+0000] {dag.py:3722} INFO - Setting next_dagrun for example_task_group_decorator to 2023-11-25T17:55:41.760155+00:00, run_after=2023-11-26T17:55:41.760155+00:00
[2023-11-26T17:55:41.806+0000] {processor.py:179} INFO - Processing /home/airflow/.local/lib/python3.8/site-packages/airflow/example_dags/example_task_group_decorator.py took 0.221 seconds
[2023-11-26T17:56:12.591+0000] {processor.py:157} INFO - Started process (PID=1092) to work on /home/airflow/.local/lib/python3.8/site-packages/airflow/example_dags/example_task_group_decorator.py
[2023-11-26T17:56:12.603+0000] {processor.py:829} INFO - Processing file /home/airflow/.local/lib/python3.8/site-packages/airflow/example_dags/example_task_group_decorator.py for tasks to queue
[2023-11-26T17:56:12.611+0000] {logging_mixin.py:154} INFO - [2023-11-26T17:56:12.610+0000] {dagbag.py:536} INFO - Filling up the DagBag from /home/airflow/.local/lib/python3.8/site-packages/airflow/example_dags/example_task_group_decorator.py
[2023-11-26T17:56:12.653+0000] {processor.py:839} INFO - DAG(s) dict_keys(['example_task_group_decorator']) retrieved from /home/airflow/.local/lib/python3.8/site-packages/airflow/example_dags/example_task_group_decorator.py
[2023-11-26T17:56:12.736+0000] {logging_mixin.py:154} INFO - [2023-11-26T17:56:12.735+0000] {dag.py:2941} INFO - Sync 1 DAGs
[2023-11-26T17:56:12.813+0000] {logging_mixin.py:154} INFO - [2023-11-26T17:56:12.812+0000] {dag.py:3722} INFO - Setting next_dagrun for example_task_group_decorator to 2023-11-25T17:56:12.812196+00:00, run_after=2023-11-26T17:56:12.812196+00:00
[2023-11-26T17:56:12.864+0000] {processor.py:179} INFO - Processing /home/airflow/.local/lib/python3.8/site-packages/airflow/example_dags/example_task_group_decorator.py took 0.282 seconds
[2023-11-26T17:56:43.345+0000] {processor.py:157} INFO - Started process (PID=1144) to work on /home/airflow/.local/lib/python3.8/site-packages/airflow/example_dags/example_task_group_decorator.py
[2023-11-26T17:56:43.347+0000] {processor.py:829} INFO - Processing file /home/airflow/.local/lib/python3.8/site-packages/airflow/example_dags/example_task_group_decorator.py for tasks to queue
[2023-11-26T17:56:43.352+0000] {logging_mixin.py:154} INFO - [2023-11-26T17:56:43.351+0000] {dagbag.py:536} INFO - Filling up the DagBag from /home/airflow/.local/lib/python3.8/site-packages/airflow/example_dags/example_task_group_decorator.py
[2023-11-26T17:56:43.395+0000] {processor.py:839} INFO - DAG(s) dict_keys(['example_task_group_decorator']) retrieved from /home/airflow/.local/lib/python3.8/site-packages/airflow/example_dags/example_task_group_decorator.py
[2023-11-26T17:56:43.466+0000] {logging_mixin.py:154} INFO - [2023-11-26T17:56:43.466+0000] {dag.py:2941} INFO - Sync 1 DAGs
[2023-11-26T17:56:44.028+0000] {logging_mixin.py:154} INFO - [2023-11-26T17:56:44.028+0000] {dag.py:3722} INFO - Setting next_dagrun for example_task_group_decorator to 2023-11-25T17:56:44.027572+00:00, run_after=2023-11-26T17:56:44.027572+00:00
[2023-11-26T17:56:44.086+0000] {processor.py:179} INFO - Processing /home/airflow/.local/lib/python3.8/site-packages/airflow/example_dags/example_task_group_decorator.py took 0.750 seconds
[2023-11-26T17:57:14.290+0000] {processor.py:157} INFO - Started process (PID=1199) to work on /home/airflow/.local/lib/python3.8/site-packages/airflow/example_dags/example_task_group_decorator.py
[2023-11-26T17:57:14.294+0000] {processor.py:829} INFO - Processing file /home/airflow/.local/lib/python3.8/site-packages/airflow/example_dags/example_task_group_decorator.py for tasks to queue
[2023-11-26T17:57:14.300+0000] {logging_mixin.py:154} INFO - [2023-11-26T17:57:14.299+0000] {dagbag.py:536} INFO - Filling up the DagBag from /home/airflow/.local/lib/python3.8/site-packages/airflow/example_dags/example_task_group_decorator.py
[2023-11-26T17:57:14.362+0000] {processor.py:839} INFO - DAG(s) dict_keys(['example_task_group_decorator']) retrieved from /home/airflow/.local/lib/python3.8/site-packages/airflow/example_dags/example_task_group_decorator.py
[2023-11-26T17:57:14.449+0000] {logging_mixin.py:154} INFO - [2023-11-26T17:57:14.449+0000] {dag.py:2941} INFO - Sync 1 DAGs
[2023-11-26T17:57:14.509+0000] {logging_mixin.py:154} INFO - [2023-11-26T17:57:14.508+0000] {dag.py:3722} INFO - Setting next_dagrun for example_task_group_decorator to 2023-11-25T17:57:14.507492+00:00, run_after=2023-11-26T17:57:14.507492+00:00
[2023-11-26T17:57:14.787+0000] {processor.py:179} INFO - Processing /home/airflow/.local/lib/python3.8/site-packages/airflow/example_dags/example_task_group_decorator.py took 0.507 seconds
[2023-11-26T17:57:59.235+0000] {processor.py:157} INFO - Started process (PID=1252) to work on /home/airflow/.local/lib/python3.8/site-packages/airflow/example_dags/example_task_group_decorator.py
[2023-11-26T17:57:59.238+0000] {processor.py:829} INFO - Processing file /home/airflow/.local/lib/python3.8/site-packages/airflow/example_dags/example_task_group_decorator.py for tasks to queue
[2023-11-26T17:57:59.242+0000] {logging_mixin.py:154} INFO - [2023-11-26T17:57:59.241+0000] {dagbag.py:536} INFO - Filling up the DagBag from /home/airflow/.local/lib/python3.8/site-packages/airflow/example_dags/example_task_group_decorator.py
[2023-11-26T17:57:59.312+0000] {processor.py:839} INFO - DAG(s) dict_keys(['example_task_group_decorator']) retrieved from /home/airflow/.local/lib/python3.8/site-packages/airflow/example_dags/example_task_group_decorator.py
[2023-11-26T17:57:59.430+0000] {logging_mixin.py:154} INFO - [2023-11-26T17:57:59.429+0000] {dag.py:2941} INFO - Sync 1 DAGs
[2023-11-26T17:57:59.692+0000] {logging_mixin.py:154} INFO - [2023-11-26T17:57:59.692+0000] {dag.py:3722} INFO - Setting next_dagrun for example_task_group_decorator to 2023-11-25T17:57:59.691395+00:00, run_after=2023-11-26T17:57:59.691395+00:00
[2023-11-26T17:57:59.795+0000] {processor.py:179} INFO - Processing /home/airflow/.local/lib/python3.8/site-packages/airflow/example_dags/example_task_group_decorator.py took 0.568 seconds
[2023-11-26T17:58:30.257+0000] {processor.py:157} INFO - Started process (PID=1306) to work on /home/airflow/.local/lib/python3.8/site-packages/airflow/example_dags/example_task_group_decorator.py
[2023-11-26T17:58:30.260+0000] {processor.py:829} INFO - Processing file /home/airflow/.local/lib/python3.8/site-packages/airflow/example_dags/example_task_group_decorator.py for tasks to queue
[2023-11-26T17:58:30.265+0000] {logging_mixin.py:154} INFO - [2023-11-26T17:58:30.265+0000] {dagbag.py:536} INFO - Filling up the DagBag from /home/airflow/.local/lib/python3.8/site-packages/airflow/example_dags/example_task_group_decorator.py
[2023-11-26T17:58:30.314+0000] {processor.py:839} INFO - DAG(s) dict_keys(['example_task_group_decorator']) retrieved from /home/airflow/.local/lib/python3.8/site-packages/airflow/example_dags/example_task_group_decorator.py
[2023-11-26T17:58:30.387+0000] {logging_mixin.py:154} INFO - [2023-11-26T17:58:30.387+0000] {dag.py:2941} INFO - Sync 1 DAGs
[2023-11-26T17:58:30.449+0000] {logging_mixin.py:154} INFO - [2023-11-26T17:58:30.448+0000] {dag.py:3722} INFO - Setting next_dagrun for example_task_group_decorator to 2023-11-25T17:58:30.447918+00:00, run_after=2023-11-26T17:58:30.447918+00:00
[2023-11-26T17:58:30.498+0000] {processor.py:179} INFO - Processing /home/airflow/.local/lib/python3.8/site-packages/airflow/example_dags/example_task_group_decorator.py took 0.248 seconds
[2023-11-26T17:59:01.157+0000] {processor.py:157} INFO - Started process (PID=1360) to work on /home/airflow/.local/lib/python3.8/site-packages/airflow/example_dags/example_task_group_decorator.py
[2023-11-26T17:59:01.159+0000] {processor.py:829} INFO - Processing file /home/airflow/.local/lib/python3.8/site-packages/airflow/example_dags/example_task_group_decorator.py for tasks to queue
[2023-11-26T17:59:01.164+0000] {logging_mixin.py:154} INFO - [2023-11-26T17:59:01.163+0000] {dagbag.py:536} INFO - Filling up the DagBag from /home/airflow/.local/lib/python3.8/site-packages/airflow/example_dags/example_task_group_decorator.py
[2023-11-26T17:59:01.204+0000] {processor.py:839} INFO - DAG(s) dict_keys(['example_task_group_decorator']) retrieved from /home/airflow/.local/lib/python3.8/site-packages/airflow/example_dags/example_task_group_decorator.py
[2023-11-26T17:59:01.272+0000] {logging_mixin.py:154} INFO - [2023-11-26T17:59:01.272+0000] {dag.py:2941} INFO - Sync 1 DAGs
[2023-11-26T17:59:01.829+0000] {logging_mixin.py:154} INFO - [2023-11-26T17:59:01.828+0000] {dag.py:3722} INFO - Setting next_dagrun for example_task_group_decorator to 2023-11-25T17:59:01.827849+00:00, run_after=2023-11-26T17:59:01.827849+00:00
[2023-11-26T17:59:01.878+0000] {processor.py:179} INFO - Processing /home/airflow/.local/lib/python3.8/site-packages/airflow/example_dags/example_task_group_decorator.py took 0.728 seconds
[2023-11-26T17:59:31.961+0000] {processor.py:157} INFO - Started process (PID=1414) to work on /home/airflow/.local/lib/python3.8/site-packages/airflow/example_dags/example_task_group_decorator.py
[2023-11-26T17:59:31.964+0000] {processor.py:829} INFO - Processing file /home/airflow/.local/lib/python3.8/site-packages/airflow/example_dags/example_task_group_decorator.py for tasks to queue
[2023-11-26T17:59:31.971+0000] {logging_mixin.py:154} INFO - [2023-11-26T17:59:31.969+0000] {dagbag.py:536} INFO - Filling up the DagBag from /home/airflow/.local/lib/python3.8/site-packages/airflow/example_dags/example_task_group_decorator.py
[2023-11-26T17:59:32.015+0000] {processor.py:839} INFO - DAG(s) dict_keys(['example_task_group_decorator']) retrieved from /home/airflow/.local/lib/python3.8/site-packages/airflow/example_dags/example_task_group_decorator.py
[2023-11-26T17:59:32.113+0000] {logging_mixin.py:154} INFO - [2023-11-26T17:59:32.113+0000] {dag.py:2941} INFO - Sync 1 DAGs
[2023-11-26T17:59:32.180+0000] {logging_mixin.py:154} INFO - [2023-11-26T17:59:32.180+0000] {dag.py:3722} INFO - Setting next_dagrun for example_task_group_decorator to 2023-11-25T17:59:32.179799+00:00, run_after=2023-11-26T17:59:32.179799+00:00
[2023-11-26T17:59:32.530+0000] {processor.py:179} INFO - Processing /home/airflow/.local/lib/python3.8/site-packages/airflow/example_dags/example_task_group_decorator.py took 0.577 seconds
[2023-11-26T18:00:07.232+0000] {processor.py:157} INFO - Started process (PID=1468) to work on /home/airflow/.local/lib/python3.8/site-packages/airflow/example_dags/example_task_group_decorator.py
[2023-11-26T18:00:07.274+0000] {processor.py:829} INFO - Processing file /home/airflow/.local/lib/python3.8/site-packages/airflow/example_dags/example_task_group_decorator.py for tasks to queue
[2023-11-26T18:00:07.316+0000] {logging_mixin.py:154} INFO - [2023-11-26T18:00:07.315+0000] {dagbag.py:536} INFO - Filling up the DagBag from /home/airflow/.local/lib/python3.8/site-packages/airflow/example_dags/example_task_group_decorator.py
[2023-11-26T18:00:07.448+0000] {processor.py:839} INFO - DAG(s) dict_keys(['example_task_group_decorator']) retrieved from /home/airflow/.local/lib/python3.8/site-packages/airflow/example_dags/example_task_group_decorator.py
[2023-11-26T18:00:07.633+0000] {logging_mixin.py:154} INFO - [2023-11-26T18:00:07.632+0000] {dag.py:2941} INFO - Sync 1 DAGs
[2023-11-26T18:00:07.827+0000] {logging_mixin.py:154} INFO - [2023-11-26T18:00:07.826+0000] {dag.py:3722} INFO - Setting next_dagrun for example_task_group_decorator to 2023-11-25T18:00:07.801037+00:00, run_after=2023-11-26T18:00:07.801037+00:00
[2023-11-26T18:00:07.947+0000] {processor.py:179} INFO - Processing /home/airflow/.local/lib/python3.8/site-packages/airflow/example_dags/example_task_group_decorator.py took 0.754 seconds
[2023-11-26T18:00:38.645+0000] {processor.py:157} INFO - Started process (PID=1521) to work on /home/airflow/.local/lib/python3.8/site-packages/airflow/example_dags/example_task_group_decorator.py
[2023-11-26T18:00:38.647+0000] {processor.py:829} INFO - Processing file /home/airflow/.local/lib/python3.8/site-packages/airflow/example_dags/example_task_group_decorator.py for tasks to queue
[2023-11-26T18:00:38.656+0000] {logging_mixin.py:154} INFO - [2023-11-26T18:00:38.656+0000] {dagbag.py:536} INFO - Filling up the DagBag from /home/airflow/.local/lib/python3.8/site-packages/airflow/example_dags/example_task_group_decorator.py
[2023-11-26T18:00:38.714+0000] {processor.py:839} INFO - DAG(s) dict_keys(['example_task_group_decorator']) retrieved from /home/airflow/.local/lib/python3.8/site-packages/airflow/example_dags/example_task_group_decorator.py
[2023-11-26T18:00:38.794+0000] {logging_mixin.py:154} INFO - [2023-11-26T18:00:38.794+0000] {dag.py:2941} INFO - Sync 1 DAGs
[2023-11-26T18:00:38.874+0000] {logging_mixin.py:154} INFO - [2023-11-26T18:00:38.874+0000] {dag.py:3722} INFO - Setting next_dagrun for example_task_group_decorator to 2023-11-25T18:00:38.873687+00:00, run_after=2023-11-26T18:00:38.873687+00:00
[2023-11-26T18:00:38.938+0000] {processor.py:179} INFO - Processing /home/airflow/.local/lib/python3.8/site-packages/airflow/example_dags/example_task_group_decorator.py took 0.307 seconds
[2023-11-26T18:01:09.875+0000] {processor.py:157} INFO - Started process (PID=1575) to work on /home/airflow/.local/lib/python3.8/site-packages/airflow/example_dags/example_task_group_decorator.py
[2023-11-26T18:01:09.880+0000] {processor.py:829} INFO - Processing file /home/airflow/.local/lib/python3.8/site-packages/airflow/example_dags/example_task_group_decorator.py for tasks to queue
[2023-11-26T18:01:09.893+0000] {logging_mixin.py:154} INFO - [2023-11-26T18:01:09.892+0000] {dagbag.py:536} INFO - Filling up the DagBag from /home/airflow/.local/lib/python3.8/site-packages/airflow/example_dags/example_task_group_decorator.py
[2023-11-26T18:01:09.952+0000] {processor.py:839} INFO - DAG(s) dict_keys(['example_task_group_decorator']) retrieved from /home/airflow/.local/lib/python3.8/site-packages/airflow/example_dags/example_task_group_decorator.py
[2023-11-26T18:01:10.069+0000] {logging_mixin.py:154} INFO - [2023-11-26T18:01:10.069+0000] {dag.py:2941} INFO - Sync 1 DAGs
[2023-11-26T18:01:10.125+0000] {logging_mixin.py:154} INFO - [2023-11-26T18:01:10.124+0000] {dag.py:3722} INFO - Setting next_dagrun for example_task_group_decorator to 2023-11-25T18:01:10.124418+00:00, run_after=2023-11-26T18:01:10.124418+00:00
[2023-11-26T18:01:10.173+0000] {processor.py:179} INFO - Processing /home/airflow/.local/lib/python3.8/site-packages/airflow/example_dags/example_task_group_decorator.py took 0.306 seconds
[2023-11-26T18:01:40.474+0000] {processor.py:157} INFO - Started process (PID=1629) to work on /home/airflow/.local/lib/python3.8/site-packages/airflow/example_dags/example_task_group_decorator.py
[2023-11-26T18:01:40.478+0000] {processor.py:829} INFO - Processing file /home/airflow/.local/lib/python3.8/site-packages/airflow/example_dags/example_task_group_decorator.py for tasks to queue
[2023-11-26T18:01:40.488+0000] {logging_mixin.py:154} INFO - [2023-11-26T18:01:40.487+0000] {dagbag.py:536} INFO - Filling up the DagBag from /home/airflow/.local/lib/python3.8/site-packages/airflow/example_dags/example_task_group_decorator.py
[2023-11-26T18:01:40.540+0000] {processor.py:839} INFO - DAG(s) dict_keys(['example_task_group_decorator']) retrieved from /home/airflow/.local/lib/python3.8/site-packages/airflow/example_dags/example_task_group_decorator.py
[2023-11-26T18:01:40.612+0000] {logging_mixin.py:154} INFO - [2023-11-26T18:01:40.612+0000] {dag.py:2941} INFO - Sync 1 DAGs
[2023-11-26T18:01:40.672+0000] {logging_mixin.py:154} INFO - [2023-11-26T18:01:40.672+0000] {dag.py:3722} INFO - Setting next_dagrun for example_task_group_decorator to 2023-11-25T18:01:40.671432+00:00, run_after=2023-11-26T18:01:40.671432+00:00
[2023-11-26T18:01:40.720+0000] {processor.py:179} INFO - Processing /home/airflow/.local/lib/python3.8/site-packages/airflow/example_dags/example_task_group_decorator.py took 0.252 seconds
[2023-11-26T18:02:10.942+0000] {processor.py:157} INFO - Started process (PID=1682) to work on /home/airflow/.local/lib/python3.8/site-packages/airflow/example_dags/example_task_group_decorator.py
[2023-11-26T18:02:10.944+0000] {processor.py:829} INFO - Processing file /home/airflow/.local/lib/python3.8/site-packages/airflow/example_dags/example_task_group_decorator.py for tasks to queue
[2023-11-26T18:02:10.950+0000] {logging_mixin.py:154} INFO - [2023-11-26T18:02:10.949+0000] {dagbag.py:536} INFO - Filling up the DagBag from /home/airflow/.local/lib/python3.8/site-packages/airflow/example_dags/example_task_group_decorator.py
[2023-11-26T18:02:10.993+0000] {processor.py:839} INFO - DAG(s) dict_keys(['example_task_group_decorator']) retrieved from /home/airflow/.local/lib/python3.8/site-packages/airflow/example_dags/example_task_group_decorator.py
[2023-11-26T18:02:11.076+0000] {logging_mixin.py:154} INFO - [2023-11-26T18:02:11.076+0000] {dag.py:2941} INFO - Sync 1 DAGs
[2023-11-26T18:02:11.136+0000] {logging_mixin.py:154} INFO - [2023-11-26T18:02:11.136+0000] {dag.py:3722} INFO - Setting next_dagrun for example_task_group_decorator to 2023-11-25T18:02:11.136130+00:00, run_after=2023-11-26T18:02:11.136130+00:00
[2023-11-26T18:02:11.184+0000] {processor.py:179} INFO - Processing /home/airflow/.local/lib/python3.8/site-packages/airflow/example_dags/example_task_group_decorator.py took 0.250 seconds
[2023-11-26T18:02:42.346+0000] {processor.py:157} INFO - Started process (PID=1736) to work on /home/airflow/.local/lib/python3.8/site-packages/airflow/example_dags/example_task_group_decorator.py
[2023-11-26T18:02:42.353+0000] {processor.py:829} INFO - Processing file /home/airflow/.local/lib/python3.8/site-packages/airflow/example_dags/example_task_group_decorator.py for tasks to queue
[2023-11-26T18:02:42.359+0000] {logging_mixin.py:154} INFO - [2023-11-26T18:02:42.358+0000] {dagbag.py:536} INFO - Filling up the DagBag from /home/airflow/.local/lib/python3.8/site-packages/airflow/example_dags/example_task_group_decorator.py
[2023-11-26T18:02:42.422+0000] {processor.py:839} INFO - DAG(s) dict_keys(['example_task_group_decorator']) retrieved from /home/airflow/.local/lib/python3.8/site-packages/airflow/example_dags/example_task_group_decorator.py
[2023-11-26T18:02:42.552+0000] {logging_mixin.py:154} INFO - [2023-11-26T18:02:42.551+0000] {dag.py:2941} INFO - Sync 1 DAGs
[2023-11-26T18:02:42.673+0000] {logging_mixin.py:154} INFO - [2023-11-26T18:02:42.673+0000] {dag.py:3722} INFO - Setting next_dagrun for example_task_group_decorator to 2023-11-25T18:02:42.671664+00:00, run_after=2023-11-26T18:02:42.671664+00:00
[2023-11-26T18:02:42.747+0000] {processor.py:179} INFO - Processing /home/airflow/.local/lib/python3.8/site-packages/airflow/example_dags/example_task_group_decorator.py took 0.416 seconds
[2023-11-26T18:03:13.407+0000] {processor.py:157} INFO - Started process (PID=1790) to work on /home/airflow/.local/lib/python3.8/site-packages/airflow/example_dags/example_task_group_decorator.py
[2023-11-26T18:03:13.409+0000] {processor.py:829} INFO - Processing file /home/airflow/.local/lib/python3.8/site-packages/airflow/example_dags/example_task_group_decorator.py for tasks to queue
[2023-11-26T18:03:13.414+0000] {logging_mixin.py:154} INFO - [2023-11-26T18:03:13.413+0000] {dagbag.py:536} INFO - Filling up the DagBag from /home/airflow/.local/lib/python3.8/site-packages/airflow/example_dags/example_task_group_decorator.py
[2023-11-26T18:03:13.451+0000] {processor.py:839} INFO - DAG(s) dict_keys(['example_task_group_decorator']) retrieved from /home/airflow/.local/lib/python3.8/site-packages/airflow/example_dags/example_task_group_decorator.py
[2023-11-26T18:03:13.508+0000] {logging_mixin.py:154} INFO - [2023-11-26T18:03:13.507+0000] {dag.py:2941} INFO - Sync 1 DAGs
[2023-11-26T18:03:13.553+0000] {logging_mixin.py:154} INFO - [2023-11-26T18:03:13.552+0000] {dag.py:3722} INFO - Setting next_dagrun for example_task_group_decorator to 2023-11-25T18:03:13.552498+00:00, run_after=2023-11-26T18:03:13.552498+00:00
[2023-11-26T18:03:13.597+0000] {processor.py:179} INFO - Processing /home/airflow/.local/lib/python3.8/site-packages/airflow/example_dags/example_task_group_decorator.py took 0.197 seconds
