[2023-11-26T17:42:30.533+0000] {processor.py:157} INFO - Started process (PID=79) to work on /home/airflow/.local/lib/python3.8/site-packages/airflow/example_dags/example_trigger_target_dag.py
[2023-11-26T17:42:30.544+0000] {processor.py:829} INFO - Processing file /home/airflow/.local/lib/python3.8/site-packages/airflow/example_dags/example_trigger_target_dag.py for tasks to queue
[2023-11-26T17:42:30.577+0000] {logging_mixin.py:154} INFO - [2023-11-26T17:42:30.560+0000] {dagbag.py:536} INFO - Filling up the DagBag from /home/airflow/.local/lib/python3.8/site-packages/airflow/example_dags/example_trigger_target_dag.py
[2023-11-26T17:42:30.612+0000] {processor.py:839} INFO - DAG(s) dict_keys(['example_trigger_target_dag']) retrieved from /home/airflow/.local/lib/python3.8/site-packages/airflow/example_dags/example_trigger_target_dag.py
[2023-11-26T17:42:31.139+0000] {logging_mixin.py:154} INFO - [2023-11-26T17:42:31.138+0000] {dag.py:2941} INFO - Sync 1 DAGs
[2023-11-26T17:42:31.448+0000] {logging_mixin.py:154} INFO - [2023-11-26T17:42:31.448+0000] {dag.py:3722} INFO - Setting next_dagrun for example_trigger_target_dag to None, run_after=None
[2023-11-26T17:42:31.848+0000] {processor.py:179} INFO - Processing /home/airflow/.local/lib/python3.8/site-packages/airflow/example_dags/example_trigger_target_dag.py took 1.328 seconds
[2023-11-26T17:46:21.937+0000] {processor.py:157} INFO - Started process (PID=81) to work on /home/airflow/.local/lib/python3.8/site-packages/airflow/example_dags/example_trigger_target_dag.py
[2023-11-26T17:46:21.969+0000] {processor.py:829} INFO - Processing file /home/airflow/.local/lib/python3.8/site-packages/airflow/example_dags/example_trigger_target_dag.py for tasks to queue
[2023-11-26T17:46:21.990+0000] {logging_mixin.py:154} INFO - [2023-11-26T17:46:21.989+0000] {dagbag.py:536} INFO - Filling up the DagBag from /home/airflow/.local/lib/python3.8/site-packages/airflow/example_dags/example_trigger_target_dag.py
[2023-11-26T17:46:22.151+0000] {processor.py:839} INFO - DAG(s) dict_keys(['example_trigger_target_dag']) retrieved from /home/airflow/.local/lib/python3.8/site-packages/airflow/example_dags/example_trigger_target_dag.py
[2023-11-26T17:46:22.689+0000] {logging_mixin.py:154} INFO - [2023-11-26T17:46:22.688+0000] {dag.py:2941} INFO - Sync 1 DAGs
[2023-11-26T17:46:23.167+0000] {logging_mixin.py:154} INFO - [2023-11-26T17:46:23.166+0000] {dag.py:3722} INFO - Setting next_dagrun for example_trigger_target_dag to None, run_after=None
[2023-11-26T17:46:23.899+0000] {processor.py:179} INFO - Processing /home/airflow/.local/lib/python3.8/site-packages/airflow/example_dags/example_trigger_target_dag.py took 1.992 seconds
[2023-11-26T17:46:54.254+0000] {processor.py:157} INFO - Started process (PID=140) to work on /home/airflow/.local/lib/python3.8/site-packages/airflow/example_dags/example_trigger_target_dag.py
[2023-11-26T17:46:54.319+0000] {processor.py:829} INFO - Processing file /home/airflow/.local/lib/python3.8/site-packages/airflow/example_dags/example_trigger_target_dag.py for tasks to queue
[2023-11-26T17:46:54.579+0000] {logging_mixin.py:154} INFO - [2023-11-26T17:46:54.578+0000] {dagbag.py:536} INFO - Filling up the DagBag from /home/airflow/.local/lib/python3.8/site-packages/airflow/example_dags/example_trigger_target_dag.py
[2023-11-26T17:46:54.615+0000] {processor.py:839} INFO - DAG(s) dict_keys(['example_trigger_target_dag']) retrieved from /home/airflow/.local/lib/python3.8/site-packages/airflow/example_dags/example_trigger_target_dag.py
[2023-11-26T17:46:54.830+0000] {logging_mixin.py:154} INFO - [2023-11-26T17:46:54.829+0000] {dag.py:2941} INFO - Sync 1 DAGs
[2023-11-26T17:46:54.884+0000] {logging_mixin.py:154} INFO - [2023-11-26T17:46:54.884+0000] {dag.py:3722} INFO - Setting next_dagrun for example_trigger_target_dag to None, run_after=None
[2023-11-26T17:46:55.045+0000] {processor.py:179} INFO - Processing /home/airflow/.local/lib/python3.8/site-packages/airflow/example_dags/example_trigger_target_dag.py took 0.949 seconds
[2023-11-26T17:47:25.320+0000] {processor.py:157} INFO - Started process (PID=196) to work on /home/airflow/.local/lib/python3.8/site-packages/airflow/example_dags/example_trigger_target_dag.py
[2023-11-26T17:47:25.323+0000] {processor.py:829} INFO - Processing file /home/airflow/.local/lib/python3.8/site-packages/airflow/example_dags/example_trigger_target_dag.py for tasks to queue
[2023-11-26T17:47:25.327+0000] {logging_mixin.py:154} INFO - [2023-11-26T17:47:25.327+0000] {dagbag.py:536} INFO - Filling up the DagBag from /home/airflow/.local/lib/python3.8/site-packages/airflow/example_dags/example_trigger_target_dag.py
[2023-11-26T17:47:25.338+0000] {processor.py:839} INFO - DAG(s) dict_keys(['example_trigger_target_dag']) retrieved from /home/airflow/.local/lib/python3.8/site-packages/airflow/example_dags/example_trigger_target_dag.py
[2023-11-26T17:47:25.382+0000] {logging_mixin.py:154} INFO - [2023-11-26T17:47:25.382+0000] {dag.py:2941} INFO - Sync 1 DAGs
[2023-11-26T17:47:25.411+0000] {logging_mixin.py:154} INFO - [2023-11-26T17:47:25.411+0000] {dag.py:3722} INFO - Setting next_dagrun for example_trigger_target_dag to None, run_after=None
[2023-11-26T17:47:25.454+0000] {processor.py:179} INFO - Processing /home/airflow/.local/lib/python3.8/site-packages/airflow/example_dags/example_trigger_target_dag.py took 0.141 seconds
[2023-11-26T17:47:56.391+0000] {processor.py:157} INFO - Started process (PID=249) to work on /home/airflow/.local/lib/python3.8/site-packages/airflow/example_dags/example_trigger_target_dag.py
[2023-11-26T17:47:56.393+0000] {processor.py:829} INFO - Processing file /home/airflow/.local/lib/python3.8/site-packages/airflow/example_dags/example_trigger_target_dag.py for tasks to queue
[2023-11-26T17:47:56.399+0000] {logging_mixin.py:154} INFO - [2023-11-26T17:47:56.398+0000] {dagbag.py:536} INFO - Filling up the DagBag from /home/airflow/.local/lib/python3.8/site-packages/airflow/example_dags/example_trigger_target_dag.py
[2023-11-26T17:47:56.416+0000] {processor.py:839} INFO - DAG(s) dict_keys(['example_trigger_target_dag']) retrieved from /home/airflow/.local/lib/python3.8/site-packages/airflow/example_dags/example_trigger_target_dag.py
[2023-11-26T17:47:56.469+0000] {logging_mixin.py:154} INFO - [2023-11-26T17:47:56.469+0000] {dag.py:2941} INFO - Sync 1 DAGs
[2023-11-26T17:47:56.496+0000] {logging_mixin.py:154} INFO - [2023-11-26T17:47:56.495+0000] {dag.py:3722} INFO - Setting next_dagrun for example_trigger_target_dag to None, run_after=None
[2023-11-26T17:47:56.538+0000] {processor.py:179} INFO - Processing /home/airflow/.local/lib/python3.8/site-packages/airflow/example_dags/example_trigger_target_dag.py took 0.154 seconds
[2023-11-26T17:48:27.519+0000] {processor.py:157} INFO - Started process (PID=303) to work on /home/airflow/.local/lib/python3.8/site-packages/airflow/example_dags/example_trigger_target_dag.py
[2023-11-26T17:48:27.521+0000] {processor.py:829} INFO - Processing file /home/airflow/.local/lib/python3.8/site-packages/airflow/example_dags/example_trigger_target_dag.py for tasks to queue
[2023-11-26T17:48:27.527+0000] {logging_mixin.py:154} INFO - [2023-11-26T17:48:27.526+0000] {dagbag.py:536} INFO - Filling up the DagBag from /home/airflow/.local/lib/python3.8/site-packages/airflow/example_dags/example_trigger_target_dag.py
[2023-11-26T17:48:27.543+0000] {processor.py:839} INFO - DAG(s) dict_keys(['example_trigger_target_dag']) retrieved from /home/airflow/.local/lib/python3.8/site-packages/airflow/example_dags/example_trigger_target_dag.py
[2023-11-26T17:48:27.628+0000] {logging_mixin.py:154} INFO - [2023-11-26T17:48:27.628+0000] {dag.py:2941} INFO - Sync 1 DAGs
[2023-11-26T17:48:27.666+0000] {logging_mixin.py:154} INFO - [2023-11-26T17:48:27.666+0000] {dag.py:3722} INFO - Setting next_dagrun for example_trigger_target_dag to None, run_after=None
[2023-11-26T17:48:27.714+0000] {processor.py:179} INFO - Processing /home/airflow/.local/lib/python3.8/site-packages/airflow/example_dags/example_trigger_target_dag.py took 0.203 seconds
[2023-11-26T17:48:58.014+0000] {processor.py:157} INFO - Started process (PID=355) to work on /home/airflow/.local/lib/python3.8/site-packages/airflow/example_dags/example_trigger_target_dag.py
[2023-11-26T17:48:58.017+0000] {processor.py:829} INFO - Processing file /home/airflow/.local/lib/python3.8/site-packages/airflow/example_dags/example_trigger_target_dag.py for tasks to queue
[2023-11-26T17:48:58.034+0000] {logging_mixin.py:154} INFO - [2023-11-26T17:48:58.025+0000] {dagbag.py:536} INFO - Filling up the DagBag from /home/airflow/.local/lib/python3.8/site-packages/airflow/example_dags/example_trigger_target_dag.py
[2023-11-26T17:48:58.074+0000] {processor.py:839} INFO - DAG(s) dict_keys(['example_trigger_target_dag']) retrieved from /home/airflow/.local/lib/python3.8/site-packages/airflow/example_dags/example_trigger_target_dag.py
[2023-11-26T17:48:58.165+0000] {logging_mixin.py:154} INFO - [2023-11-26T17:48:58.164+0000] {dag.py:2941} INFO - Sync 1 DAGs
[2023-11-26T17:48:58.227+0000] {logging_mixin.py:154} INFO - [2023-11-26T17:48:58.227+0000] {dag.py:3722} INFO - Setting next_dagrun for example_trigger_target_dag to None, run_after=None
[2023-11-26T17:48:58.290+0000] {processor.py:179} INFO - Processing /home/airflow/.local/lib/python3.8/site-packages/airflow/example_dags/example_trigger_target_dag.py took 0.284 seconds
[2023-11-26T17:49:28.393+0000] {processor.py:157} INFO - Started process (PID=408) to work on /home/airflow/.local/lib/python3.8/site-packages/airflow/example_dags/example_trigger_target_dag.py
[2023-11-26T17:49:28.395+0000] {processor.py:829} INFO - Processing file /home/airflow/.local/lib/python3.8/site-packages/airflow/example_dags/example_trigger_target_dag.py for tasks to queue
[2023-11-26T17:49:28.401+0000] {logging_mixin.py:154} INFO - [2023-11-26T17:49:28.401+0000] {dagbag.py:536} INFO - Filling up the DagBag from /home/airflow/.local/lib/python3.8/site-packages/airflow/example_dags/example_trigger_target_dag.py
[2023-11-26T17:49:28.415+0000] {processor.py:839} INFO - DAG(s) dict_keys(['example_trigger_target_dag']) retrieved from /home/airflow/.local/lib/python3.8/site-packages/airflow/example_dags/example_trigger_target_dag.py
[2023-11-26T17:49:28.480+0000] {logging_mixin.py:154} INFO - [2023-11-26T17:49:28.480+0000] {dag.py:2941} INFO - Sync 1 DAGs
[2023-11-26T17:49:28.523+0000] {logging_mixin.py:154} INFO - [2023-11-26T17:49:28.523+0000] {dag.py:3722} INFO - Setting next_dagrun for example_trigger_target_dag to None, run_after=None
[2023-11-26T17:49:28.572+0000] {processor.py:179} INFO - Processing /home/airflow/.local/lib/python3.8/site-packages/airflow/example_dags/example_trigger_target_dag.py took 0.190 seconds
[2023-11-26T17:49:59.393+0000] {processor.py:157} INFO - Started process (PID=460) to work on /home/airflow/.local/lib/python3.8/site-packages/airflow/example_dags/example_trigger_target_dag.py
[2023-11-26T17:49:59.395+0000] {processor.py:829} INFO - Processing file /home/airflow/.local/lib/python3.8/site-packages/airflow/example_dags/example_trigger_target_dag.py for tasks to queue
[2023-11-26T17:49:59.402+0000] {logging_mixin.py:154} INFO - [2023-11-26T17:49:59.402+0000] {dagbag.py:536} INFO - Filling up the DagBag from /home/airflow/.local/lib/python3.8/site-packages/airflow/example_dags/example_trigger_target_dag.py
[2023-11-26T17:49:59.418+0000] {processor.py:839} INFO - DAG(s) dict_keys(['example_trigger_target_dag']) retrieved from /home/airflow/.local/lib/python3.8/site-packages/airflow/example_dags/example_trigger_target_dag.py
[2023-11-26T17:49:59.504+0000] {logging_mixin.py:154} INFO - [2023-11-26T17:49:59.503+0000] {dag.py:2941} INFO - Sync 1 DAGs
[2023-11-26T17:49:59.538+0000] {logging_mixin.py:154} INFO - [2023-11-26T17:49:59.538+0000] {dag.py:3722} INFO - Setting next_dagrun for example_trigger_target_dag to None, run_after=None
[2023-11-26T17:49:59.688+0000] {processor.py:179} INFO - Processing /home/airflow/.local/lib/python3.8/site-packages/airflow/example_dags/example_trigger_target_dag.py took 0.307 seconds
[2023-11-26T17:50:31.050+0000] {processor.py:157} INFO - Started process (PID=514) to work on /home/airflow/.local/lib/python3.8/site-packages/airflow/example_dags/example_trigger_target_dag.py
[2023-11-26T17:50:31.053+0000] {processor.py:829} INFO - Processing file /home/airflow/.local/lib/python3.8/site-packages/airflow/example_dags/example_trigger_target_dag.py for tasks to queue
[2023-11-26T17:50:31.061+0000] {logging_mixin.py:154} INFO - [2023-11-26T17:50:31.060+0000] {dagbag.py:536} INFO - Filling up the DagBag from /home/airflow/.local/lib/python3.8/site-packages/airflow/example_dags/example_trigger_target_dag.py
[2023-11-26T17:50:31.091+0000] {processor.py:839} INFO - DAG(s) dict_keys(['example_trigger_target_dag']) retrieved from /home/airflow/.local/lib/python3.8/site-packages/airflow/example_dags/example_trigger_target_dag.py
[2023-11-26T17:50:31.203+0000] {logging_mixin.py:154} INFO - [2023-11-26T17:50:31.202+0000] {dag.py:2941} INFO - Sync 1 DAGs
[2023-11-26T17:50:31.255+0000] {logging_mixin.py:154} INFO - [2023-11-26T17:50:31.254+0000] {dag.py:3722} INFO - Setting next_dagrun for example_trigger_target_dag to None, run_after=None
[2023-11-26T17:50:31.333+0000] {processor.py:179} INFO - Processing /home/airflow/.local/lib/python3.8/site-packages/airflow/example_dags/example_trigger_target_dag.py took 0.293 seconds
[2023-11-26T17:51:01.868+0000] {processor.py:157} INFO - Started process (PID=568) to work on /home/airflow/.local/lib/python3.8/site-packages/airflow/example_dags/example_trigger_target_dag.py
[2023-11-26T17:51:01.872+0000] {processor.py:829} INFO - Processing file /home/airflow/.local/lib/python3.8/site-packages/airflow/example_dags/example_trigger_target_dag.py for tasks to queue
[2023-11-26T17:51:01.889+0000] {logging_mixin.py:154} INFO - [2023-11-26T17:51:01.889+0000] {dagbag.py:536} INFO - Filling up the DagBag from /home/airflow/.local/lib/python3.8/site-packages/airflow/example_dags/example_trigger_target_dag.py
[2023-11-26T17:51:01.908+0000] {processor.py:839} INFO - DAG(s) dict_keys(['example_trigger_target_dag']) retrieved from /home/airflow/.local/lib/python3.8/site-packages/airflow/example_dags/example_trigger_target_dag.py
[2023-11-26T17:51:01.981+0000] {logging_mixin.py:154} INFO - [2023-11-26T17:51:01.980+0000] {dag.py:2941} INFO - Sync 1 DAGs
[2023-11-26T17:51:02.031+0000] {logging_mixin.py:154} INFO - [2023-11-26T17:51:02.030+0000] {dag.py:3722} INFO - Setting next_dagrun for example_trigger_target_dag to None, run_after=None
[2023-11-26T17:51:02.111+0000] {processor.py:179} INFO - Processing /home/airflow/.local/lib/python3.8/site-packages/airflow/example_dags/example_trigger_target_dag.py took 0.253 seconds
[2023-11-26T17:51:34.792+0000] {processor.py:157} INFO - Started process (PID=621) to work on /home/airflow/.local/lib/python3.8/site-packages/airflow/example_dags/example_trigger_target_dag.py
[2023-11-26T17:51:34.799+0000] {processor.py:829} INFO - Processing file /home/airflow/.local/lib/python3.8/site-packages/airflow/example_dags/example_trigger_target_dag.py for tasks to queue
[2023-11-26T17:51:34.833+0000] {logging_mixin.py:154} INFO - [2023-11-26T17:51:34.833+0000] {dagbag.py:536} INFO - Filling up the DagBag from /home/airflow/.local/lib/python3.8/site-packages/airflow/example_dags/example_trigger_target_dag.py
[2023-11-26T17:51:34.884+0000] {processor.py:839} INFO - DAG(s) dict_keys(['example_trigger_target_dag']) retrieved from /home/airflow/.local/lib/python3.8/site-packages/airflow/example_dags/example_trigger_target_dag.py
[2023-11-26T17:51:35.026+0000] {logging_mixin.py:154} INFO - [2023-11-26T17:51:35.026+0000] {dag.py:2941} INFO - Sync 1 DAGs
[2023-11-26T17:51:35.820+0000] {logging_mixin.py:154} INFO - [2023-11-26T17:51:35.820+0000] {dag.py:3722} INFO - Setting next_dagrun for example_trigger_target_dag to None, run_after=None
[2023-11-26T17:51:35.977+0000] {processor.py:179} INFO - Processing /home/airflow/.local/lib/python3.8/site-packages/airflow/example_dags/example_trigger_target_dag.py took 1.238 seconds
[2023-11-26T17:52:06.124+0000] {processor.py:157} INFO - Started process (PID=675) to work on /home/airflow/.local/lib/python3.8/site-packages/airflow/example_dags/example_trigger_target_dag.py
[2023-11-26T17:52:06.127+0000] {processor.py:829} INFO - Processing file /home/airflow/.local/lib/python3.8/site-packages/airflow/example_dags/example_trigger_target_dag.py for tasks to queue
[2023-11-26T17:52:06.137+0000] {logging_mixin.py:154} INFO - [2023-11-26T17:52:06.136+0000] {dagbag.py:536} INFO - Filling up the DagBag from /home/airflow/.local/lib/python3.8/site-packages/airflow/example_dags/example_trigger_target_dag.py
[2023-11-26T17:52:06.157+0000] {processor.py:839} INFO - DAG(s) dict_keys(['example_trigger_target_dag']) retrieved from /home/airflow/.local/lib/python3.8/site-packages/airflow/example_dags/example_trigger_target_dag.py
[2023-11-26T17:52:06.241+0000] {logging_mixin.py:154} INFO - [2023-11-26T17:52:06.241+0000] {dag.py:2941} INFO - Sync 1 DAGs
[2023-11-26T17:52:06.327+0000] {logging_mixin.py:154} INFO - [2023-11-26T17:52:06.326+0000] {dag.py:3722} INFO - Setting next_dagrun for example_trigger_target_dag to None, run_after=None
[2023-11-26T17:52:06.454+0000] {processor.py:179} INFO - Processing /home/airflow/.local/lib/python3.8/site-packages/airflow/example_dags/example_trigger_target_dag.py took 0.339 seconds
[2023-11-26T17:52:36.809+0000] {processor.py:157} INFO - Started process (PID=729) to work on /home/airflow/.local/lib/python3.8/site-packages/airflow/example_dags/example_trigger_target_dag.py
[2023-11-26T17:52:36.815+0000] {processor.py:829} INFO - Processing file /home/airflow/.local/lib/python3.8/site-packages/airflow/example_dags/example_trigger_target_dag.py for tasks to queue
[2023-11-26T17:52:36.827+0000] {logging_mixin.py:154} INFO - [2023-11-26T17:52:36.826+0000] {dagbag.py:536} INFO - Filling up the DagBag from /home/airflow/.local/lib/python3.8/site-packages/airflow/example_dags/example_trigger_target_dag.py
[2023-11-26T17:52:36.843+0000] {processor.py:839} INFO - DAG(s) dict_keys(['example_trigger_target_dag']) retrieved from /home/airflow/.local/lib/python3.8/site-packages/airflow/example_dags/example_trigger_target_dag.py
[2023-11-26T17:52:36.905+0000] {logging_mixin.py:154} INFO - [2023-11-26T17:52:36.905+0000] {dag.py:2941} INFO - Sync 1 DAGs
[2023-11-26T17:52:36.952+0000] {logging_mixin.py:154} INFO - [2023-11-26T17:52:36.952+0000] {dag.py:3722} INFO - Setting next_dagrun for example_trigger_target_dag to None, run_after=None
[2023-11-26T17:52:37.223+0000] {processor.py:179} INFO - Processing /home/airflow/.local/lib/python3.8/site-packages/airflow/example_dags/example_trigger_target_dag.py took 0.459 seconds
[2023-11-26T17:53:07.699+0000] {processor.py:157} INFO - Started process (PID=783) to work on /home/airflow/.local/lib/python3.8/site-packages/airflow/example_dags/example_trigger_target_dag.py
[2023-11-26T17:53:07.703+0000] {processor.py:829} INFO - Processing file /home/airflow/.local/lib/python3.8/site-packages/airflow/example_dags/example_trigger_target_dag.py for tasks to queue
[2023-11-26T17:53:07.710+0000] {logging_mixin.py:154} INFO - [2023-11-26T17:53:07.709+0000] {dagbag.py:536} INFO - Filling up the DagBag from /home/airflow/.local/lib/python3.8/site-packages/airflow/example_dags/example_trigger_target_dag.py
[2023-11-26T17:53:07.785+0000] {processor.py:839} INFO - DAG(s) dict_keys(['example_trigger_target_dag']) retrieved from /home/airflow/.local/lib/python3.8/site-packages/airflow/example_dags/example_trigger_target_dag.py
[2023-11-26T17:53:07.901+0000] {logging_mixin.py:154} INFO - [2023-11-26T17:53:07.901+0000] {dag.py:2941} INFO - Sync 1 DAGs
[2023-11-26T17:53:07.938+0000] {logging_mixin.py:154} INFO - [2023-11-26T17:53:07.938+0000] {dag.py:3722} INFO - Setting next_dagrun for example_trigger_target_dag to None, run_after=None
[2023-11-26T17:53:07.995+0000] {processor.py:179} INFO - Processing /home/airflow/.local/lib/python3.8/site-packages/airflow/example_dags/example_trigger_target_dag.py took 0.305 seconds
[2023-11-26T17:53:38.725+0000] {processor.py:157} INFO - Started process (PID=837) to work on /home/airflow/.local/lib/python3.8/site-packages/airflow/example_dags/example_trigger_target_dag.py
[2023-11-26T17:53:38.728+0000] {processor.py:829} INFO - Processing file /home/airflow/.local/lib/python3.8/site-packages/airflow/example_dags/example_trigger_target_dag.py for tasks to queue
[2023-11-26T17:53:38.738+0000] {logging_mixin.py:154} INFO - [2023-11-26T17:53:38.737+0000] {dagbag.py:536} INFO - Filling up the DagBag from /home/airflow/.local/lib/python3.8/site-packages/airflow/example_dags/example_trigger_target_dag.py
[2023-11-26T17:53:38.752+0000] {processor.py:839} INFO - DAG(s) dict_keys(['example_trigger_target_dag']) retrieved from /home/airflow/.local/lib/python3.8/site-packages/airflow/example_dags/example_trigger_target_dag.py
[2023-11-26T17:53:38.805+0000] {logging_mixin.py:154} INFO - [2023-11-26T17:53:38.805+0000] {dag.py:2941} INFO - Sync 1 DAGs
[2023-11-26T17:53:38.844+0000] {logging_mixin.py:154} INFO - [2023-11-26T17:53:38.844+0000] {dag.py:3722} INFO - Setting next_dagrun for example_trigger_target_dag to None, run_after=None
[2023-11-26T17:53:38.900+0000] {processor.py:179} INFO - Processing /home/airflow/.local/lib/python3.8/site-packages/airflow/example_dags/example_trigger_target_dag.py took 0.188 seconds
[2023-11-26T17:54:14.539+0000] {processor.py:157} INFO - Started process (PID=891) to work on /home/airflow/.local/lib/python3.8/site-packages/airflow/example_dags/example_trigger_target_dag.py
[2023-11-26T17:54:14.544+0000] {processor.py:829} INFO - Processing file /home/airflow/.local/lib/python3.8/site-packages/airflow/example_dags/example_trigger_target_dag.py for tasks to queue
[2023-11-26T17:54:14.579+0000] {logging_mixin.py:154} INFO - [2023-11-26T17:54:14.578+0000] {dagbag.py:536} INFO - Filling up the DagBag from /home/airflow/.local/lib/python3.8/site-packages/airflow/example_dags/example_trigger_target_dag.py
[2023-11-26T17:54:14.601+0000] {processor.py:839} INFO - DAG(s) dict_keys(['example_trigger_target_dag']) retrieved from /home/airflow/.local/lib/python3.8/site-packages/airflow/example_dags/example_trigger_target_dag.py
[2023-11-26T17:54:14.830+0000] {logging_mixin.py:154} INFO - [2023-11-26T17:54:14.830+0000] {dag.py:2941} INFO - Sync 1 DAGs
[2023-11-26T17:54:15.117+0000] {logging_mixin.py:154} INFO - [2023-11-26T17:54:15.117+0000] {dag.py:3722} INFO - Setting next_dagrun for example_trigger_target_dag to None, run_after=None
[2023-11-26T17:54:15.287+0000] {processor.py:179} INFO - Processing /home/airflow/.local/lib/python3.8/site-packages/airflow/example_dags/example_trigger_target_dag.py took 0.755 seconds
[2023-11-26T17:54:48.092+0000] {processor.py:157} INFO - Started process (PID=945) to work on /home/airflow/.local/lib/python3.8/site-packages/airflow/example_dags/example_trigger_target_dag.py
[2023-11-26T17:54:48.101+0000] {processor.py:829} INFO - Processing file /home/airflow/.local/lib/python3.8/site-packages/airflow/example_dags/example_trigger_target_dag.py for tasks to queue
[2023-11-26T17:54:48.107+0000] {logging_mixin.py:154} INFO - [2023-11-26T17:54:48.107+0000] {dagbag.py:536} INFO - Filling up the DagBag from /home/airflow/.local/lib/python3.8/site-packages/airflow/example_dags/example_trigger_target_dag.py
[2023-11-26T17:54:48.127+0000] {processor.py:839} INFO - DAG(s) dict_keys(['example_trigger_target_dag']) retrieved from /home/airflow/.local/lib/python3.8/site-packages/airflow/example_dags/example_trigger_target_dag.py
[2023-11-26T17:54:48.312+0000] {logging_mixin.py:154} INFO - [2023-11-26T17:54:48.311+0000] {dag.py:2941} INFO - Sync 1 DAGs
[2023-11-26T17:54:48.427+0000] {logging_mixin.py:154} INFO - [2023-11-26T17:54:48.426+0000] {dag.py:3722} INFO - Setting next_dagrun for example_trigger_target_dag to None, run_after=None
[2023-11-26T17:54:48.571+0000] {processor.py:179} INFO - Processing /home/airflow/.local/lib/python3.8/site-packages/airflow/example_dags/example_trigger_target_dag.py took 0.493 seconds
[2023-11-26T17:55:18.693+0000] {processor.py:157} INFO - Started process (PID=1000) to work on /home/airflow/.local/lib/python3.8/site-packages/airflow/example_dags/example_trigger_target_dag.py
[2023-11-26T17:55:18.696+0000] {processor.py:829} INFO - Processing file /home/airflow/.local/lib/python3.8/site-packages/airflow/example_dags/example_trigger_target_dag.py for tasks to queue
[2023-11-26T17:55:18.701+0000] {logging_mixin.py:154} INFO - [2023-11-26T17:55:18.700+0000] {dagbag.py:536} INFO - Filling up the DagBag from /home/airflow/.local/lib/python3.8/site-packages/airflow/example_dags/example_trigger_target_dag.py
[2023-11-26T17:55:18.714+0000] {processor.py:839} INFO - DAG(s) dict_keys(['example_trigger_target_dag']) retrieved from /home/airflow/.local/lib/python3.8/site-packages/airflow/example_dags/example_trigger_target_dag.py
[2023-11-26T17:55:18.766+0000] {logging_mixin.py:154} INFO - [2023-11-26T17:55:18.765+0000] {dag.py:2941} INFO - Sync 1 DAGs
[2023-11-26T17:55:18.796+0000] {logging_mixin.py:154} INFO - [2023-11-26T17:55:18.795+0000] {dag.py:3722} INFO - Setting next_dagrun for example_trigger_target_dag to None, run_after=None
[2023-11-26T17:55:18.848+0000] {processor.py:179} INFO - Processing /home/airflow/.local/lib/python3.8/site-packages/airflow/example_dags/example_trigger_target_dag.py took 0.161 seconds
[2023-11-26T17:55:49.560+0000] {processor.py:157} INFO - Started process (PID=1054) to work on /home/airflow/.local/lib/python3.8/site-packages/airflow/example_dags/example_trigger_target_dag.py
[2023-11-26T17:55:49.563+0000] {processor.py:829} INFO - Processing file /home/airflow/.local/lib/python3.8/site-packages/airflow/example_dags/example_trigger_target_dag.py for tasks to queue
[2023-11-26T17:55:49.569+0000] {logging_mixin.py:154} INFO - [2023-11-26T17:55:49.568+0000] {dagbag.py:536} INFO - Filling up the DagBag from /home/airflow/.local/lib/python3.8/site-packages/airflow/example_dags/example_trigger_target_dag.py
[2023-11-26T17:55:49.582+0000] {processor.py:839} INFO - DAG(s) dict_keys(['example_trigger_target_dag']) retrieved from /home/airflow/.local/lib/python3.8/site-packages/airflow/example_dags/example_trigger_target_dag.py
[2023-11-26T17:55:49.636+0000] {logging_mixin.py:154} INFO - [2023-11-26T17:55:49.636+0000] {dag.py:2941} INFO - Sync 1 DAGs
[2023-11-26T17:55:49.674+0000] {logging_mixin.py:154} INFO - [2023-11-26T17:55:49.674+0000] {dag.py:3722} INFO - Setting next_dagrun for example_trigger_target_dag to None, run_after=None
[2023-11-26T17:55:49.715+0000] {processor.py:179} INFO - Processing /home/airflow/.local/lib/python3.8/site-packages/airflow/example_dags/example_trigger_target_dag.py took 0.167 seconds
[2023-11-26T17:56:20.255+0000] {processor.py:157} INFO - Started process (PID=1108) to work on /home/airflow/.local/lib/python3.8/site-packages/airflow/example_dags/example_trigger_target_dag.py
[2023-11-26T17:56:20.257+0000] {processor.py:829} INFO - Processing file /home/airflow/.local/lib/python3.8/site-packages/airflow/example_dags/example_trigger_target_dag.py for tasks to queue
[2023-11-26T17:56:20.261+0000] {logging_mixin.py:154} INFO - [2023-11-26T17:56:20.261+0000] {dagbag.py:536} INFO - Filling up the DagBag from /home/airflow/.local/lib/python3.8/site-packages/airflow/example_dags/example_trigger_target_dag.py
[2023-11-26T17:56:20.277+0000] {processor.py:839} INFO - DAG(s) dict_keys(['example_trigger_target_dag']) retrieved from /home/airflow/.local/lib/python3.8/site-packages/airflow/example_dags/example_trigger_target_dag.py
[2023-11-26T17:56:20.317+0000] {logging_mixin.py:154} INFO - [2023-11-26T17:56:20.316+0000] {dag.py:2941} INFO - Sync 1 DAGs
[2023-11-26T17:56:20.346+0000] {logging_mixin.py:154} INFO - [2023-11-26T17:56:20.346+0000] {dag.py:3722} INFO - Setting next_dagrun for example_trigger_target_dag to None, run_after=None
[2023-11-26T17:56:20.389+0000] {processor.py:179} INFO - Processing /home/airflow/.local/lib/python3.8/site-packages/airflow/example_dags/example_trigger_target_dag.py took 0.142 seconds
[2023-11-26T17:56:52.242+0000] {processor.py:157} INFO - Started process (PID=1162) to work on /home/airflow/.local/lib/python3.8/site-packages/airflow/example_dags/example_trigger_target_dag.py
[2023-11-26T17:56:52.251+0000] {processor.py:829} INFO - Processing file /home/airflow/.local/lib/python3.8/site-packages/airflow/example_dags/example_trigger_target_dag.py for tasks to queue
[2023-11-26T17:56:52.264+0000] {logging_mixin.py:154} INFO - [2023-11-26T17:56:52.263+0000] {dagbag.py:536} INFO - Filling up the DagBag from /home/airflow/.local/lib/python3.8/site-packages/airflow/example_dags/example_trigger_target_dag.py
[2023-11-26T17:56:52.300+0000] {processor.py:839} INFO - DAG(s) dict_keys(['example_trigger_target_dag']) retrieved from /home/airflow/.local/lib/python3.8/site-packages/airflow/example_dags/example_trigger_target_dag.py
[2023-11-26T17:56:52.365+0000] {logging_mixin.py:154} INFO - [2023-11-26T17:56:52.365+0000] {dag.py:2941} INFO - Sync 1 DAGs
[2023-11-26T17:56:52.409+0000] {logging_mixin.py:154} INFO - [2023-11-26T17:56:52.408+0000] {dag.py:3722} INFO - Setting next_dagrun for example_trigger_target_dag to None, run_after=None
[2023-11-26T17:56:52.488+0000] {processor.py:179} INFO - Processing /home/airflow/.local/lib/python3.8/site-packages/airflow/example_dags/example_trigger_target_dag.py took 0.292 seconds
[2023-11-26T17:57:28.988+0000] {processor.py:157} INFO - Started process (PID=1217) to work on /home/airflow/.local/lib/python3.8/site-packages/airflow/example_dags/example_trigger_target_dag.py
[2023-11-26T17:57:29.015+0000] {processor.py:829} INFO - Processing file /home/airflow/.local/lib/python3.8/site-packages/airflow/example_dags/example_trigger_target_dag.py for tasks to queue
[2023-11-26T17:57:29.041+0000] {logging_mixin.py:154} INFO - [2023-11-26T17:57:29.040+0000] {dagbag.py:536} INFO - Filling up the DagBag from /home/airflow/.local/lib/python3.8/site-packages/airflow/example_dags/example_trigger_target_dag.py
[2023-11-26T17:57:29.233+0000] {processor.py:839} INFO - DAG(s) dict_keys(['example_trigger_target_dag']) retrieved from /home/airflow/.local/lib/python3.8/site-packages/airflow/example_dags/example_trigger_target_dag.py
[2023-11-26T17:57:29.348+0000] {logging_mixin.py:154} INFO - [2023-11-26T17:57:29.348+0000] {dag.py:2941} INFO - Sync 1 DAGs
[2023-11-26T17:57:29.422+0000] {logging_mixin.py:154} INFO - [2023-11-26T17:57:29.422+0000] {dag.py:3722} INFO - Setting next_dagrun for example_trigger_target_dag to None, run_after=None
[2023-11-26T17:57:30.998+0000] {processor.py:179} INFO - Processing /home/airflow/.local/lib/python3.8/site-packages/airflow/example_dags/example_trigger_target_dag.py took 2.029 seconds
[2023-11-26T17:58:06.073+0000] {processor.py:157} INFO - Started process (PID=1271) to work on /home/airflow/.local/lib/python3.8/site-packages/airflow/example_dags/example_trigger_target_dag.py
[2023-11-26T17:58:06.077+0000] {processor.py:829} INFO - Processing file /home/airflow/.local/lib/python3.8/site-packages/airflow/example_dags/example_trigger_target_dag.py for tasks to queue
[2023-11-26T17:58:06.093+0000] {logging_mixin.py:154} INFO - [2023-11-26T17:58:06.090+0000] {dagbag.py:536} INFO - Filling up the DagBag from /home/airflow/.local/lib/python3.8/site-packages/airflow/example_dags/example_trigger_target_dag.py
[2023-11-26T17:58:06.141+0000] {processor.py:839} INFO - DAG(s) dict_keys(['example_trigger_target_dag']) retrieved from /home/airflow/.local/lib/python3.8/site-packages/airflow/example_dags/example_trigger_target_dag.py
[2023-11-26T17:58:06.216+0000] {logging_mixin.py:154} INFO - [2023-11-26T17:58:06.216+0000] {dag.py:2941} INFO - Sync 1 DAGs
[2023-11-26T17:58:06.291+0000] {logging_mixin.py:154} INFO - [2023-11-26T17:58:06.291+0000] {dag.py:3722} INFO - Setting next_dagrun for example_trigger_target_dag to None, run_after=None
[2023-11-26T17:58:07.212+0000] {processor.py:179} INFO - Processing /home/airflow/.local/lib/python3.8/site-packages/airflow/example_dags/example_trigger_target_dag.py took 1.156 seconds
[2023-11-26T17:58:38.274+0000] {processor.py:157} INFO - Started process (PID=1325) to work on /home/airflow/.local/lib/python3.8/site-packages/airflow/example_dags/example_trigger_target_dag.py
[2023-11-26T17:58:38.281+0000] {processor.py:829} INFO - Processing file /home/airflow/.local/lib/python3.8/site-packages/airflow/example_dags/example_trigger_target_dag.py for tasks to queue
[2023-11-26T17:58:38.298+0000] {logging_mixin.py:154} INFO - [2023-11-26T17:58:38.297+0000] {dagbag.py:536} INFO - Filling up the DagBag from /home/airflow/.local/lib/python3.8/site-packages/airflow/example_dags/example_trigger_target_dag.py
[2023-11-26T17:58:38.525+0000] {processor.py:839} INFO - DAG(s) dict_keys(['example_trigger_target_dag']) retrieved from /home/airflow/.local/lib/python3.8/site-packages/airflow/example_dags/example_trigger_target_dag.py
[2023-11-26T17:58:38.662+0000] {logging_mixin.py:154} INFO - [2023-11-26T17:58:38.661+0000] {dag.py:2941} INFO - Sync 1 DAGs
[2023-11-26T17:58:38.715+0000] {logging_mixin.py:154} INFO - [2023-11-26T17:58:38.714+0000] {dag.py:3722} INFO - Setting next_dagrun for example_trigger_target_dag to None, run_after=None
[2023-11-26T17:58:38.773+0000] {processor.py:179} INFO - Processing /home/airflow/.local/lib/python3.8/site-packages/airflow/example_dags/example_trigger_target_dag.py took 0.513 seconds
[2023-11-26T17:59:16.577+0000] {processor.py:157} INFO - Started process (PID=1385) to work on /home/airflow/.local/lib/python3.8/site-packages/airflow/example_dags/example_trigger_target_dag.py
[2023-11-26T17:59:16.587+0000] {processor.py:829} INFO - Processing file /home/airflow/.local/lib/python3.8/site-packages/airflow/example_dags/example_trigger_target_dag.py for tasks to queue
[2023-11-26T17:59:16.597+0000] {logging_mixin.py:154} INFO - [2023-11-26T17:59:16.595+0000] {dagbag.py:536} INFO - Filling up the DagBag from /home/airflow/.local/lib/python3.8/site-packages/airflow/example_dags/example_trigger_target_dag.py
[2023-11-26T17:59:16.626+0000] {processor.py:839} INFO - DAG(s) dict_keys(['example_trigger_target_dag']) retrieved from /home/airflow/.local/lib/python3.8/site-packages/airflow/example_dags/example_trigger_target_dag.py
[2023-11-26T17:59:16.702+0000] {logging_mixin.py:154} INFO - [2023-11-26T17:59:16.701+0000] {dag.py:2941} INFO - Sync 1 DAGs
[2023-11-26T17:59:16.752+0000] {logging_mixin.py:154} INFO - [2023-11-26T17:59:16.751+0000] {dag.py:3722} INFO - Setting next_dagrun for example_trigger_target_dag to None, run_after=None
[2023-11-26T17:59:16.821+0000] {processor.py:179} INFO - Processing /home/airflow/.local/lib/python3.8/site-packages/airflow/example_dags/example_trigger_target_dag.py took 0.253 seconds
[2023-11-26T17:59:47.051+0000] {processor.py:157} INFO - Started process (PID=1438) to work on /home/airflow/.local/lib/python3.8/site-packages/airflow/example_dags/example_trigger_target_dag.py
[2023-11-26T17:59:47.053+0000] {processor.py:829} INFO - Processing file /home/airflow/.local/lib/python3.8/site-packages/airflow/example_dags/example_trigger_target_dag.py for tasks to queue
[2023-11-26T17:59:47.065+0000] {logging_mixin.py:154} INFO - [2023-11-26T17:59:47.065+0000] {dagbag.py:536} INFO - Filling up the DagBag from /home/airflow/.local/lib/python3.8/site-packages/airflow/example_dags/example_trigger_target_dag.py
[2023-11-26T17:59:47.092+0000] {processor.py:839} INFO - DAG(s) dict_keys(['example_trigger_target_dag']) retrieved from /home/airflow/.local/lib/python3.8/site-packages/airflow/example_dags/example_trigger_target_dag.py
[2023-11-26T17:59:47.154+0000] {logging_mixin.py:154} INFO - [2023-11-26T17:59:47.154+0000] {dag.py:2941} INFO - Sync 1 DAGs
[2023-11-26T17:59:47.632+0000] {logging_mixin.py:154} INFO - [2023-11-26T17:59:47.632+0000] {dag.py:3722} INFO - Setting next_dagrun for example_trigger_target_dag to None, run_after=None
[2023-11-26T17:59:47.712+0000] {processor.py:179} INFO - Processing /home/airflow/.local/lib/python3.8/site-packages/airflow/example_dags/example_trigger_target_dag.py took 0.676 seconds
[2023-11-26T18:00:18.896+0000] {processor.py:157} INFO - Started process (PID=1490) to work on /home/airflow/.local/lib/python3.8/site-packages/airflow/example_dags/example_trigger_target_dag.py
[2023-11-26T18:00:18.904+0000] {processor.py:829} INFO - Processing file /home/airflow/.local/lib/python3.8/site-packages/airflow/example_dags/example_trigger_target_dag.py for tasks to queue
[2023-11-26T18:00:18.918+0000] {logging_mixin.py:154} INFO - [2023-11-26T18:00:18.915+0000] {dagbag.py:536} INFO - Filling up the DagBag from /home/airflow/.local/lib/python3.8/site-packages/airflow/example_dags/example_trigger_target_dag.py
[2023-11-26T18:00:18.943+0000] {processor.py:839} INFO - DAG(s) dict_keys(['example_trigger_target_dag']) retrieved from /home/airflow/.local/lib/python3.8/site-packages/airflow/example_dags/example_trigger_target_dag.py
[2023-11-26T18:00:19.029+0000] {logging_mixin.py:154} INFO - [2023-11-26T18:00:19.027+0000] {dag.py:2941} INFO - Sync 1 DAGs
[2023-11-26T18:00:19.104+0000] {logging_mixin.py:154} INFO - [2023-11-26T18:00:19.103+0000] {dag.py:3722} INFO - Setting next_dagrun for example_trigger_target_dag to None, run_after=None
[2023-11-26T18:00:19.189+0000] {processor.py:179} INFO - Processing /home/airflow/.local/lib/python3.8/site-packages/airflow/example_dags/example_trigger_target_dag.py took 0.310 seconds
[2023-11-26T18:00:50.592+0000] {processor.py:157} INFO - Started process (PID=1545) to work on /home/airflow/.local/lib/python3.8/site-packages/airflow/example_dags/example_trigger_target_dag.py
[2023-11-26T18:00:50.595+0000] {processor.py:829} INFO - Processing file /home/airflow/.local/lib/python3.8/site-packages/airflow/example_dags/example_trigger_target_dag.py for tasks to queue
[2023-11-26T18:00:50.602+0000] {logging_mixin.py:154} INFO - [2023-11-26T18:00:50.602+0000] {dagbag.py:536} INFO - Filling up the DagBag from /home/airflow/.local/lib/python3.8/site-packages/airflow/example_dags/example_trigger_target_dag.py
[2023-11-26T18:00:50.656+0000] {processor.py:839} INFO - DAG(s) dict_keys(['example_trigger_target_dag']) retrieved from /home/airflow/.local/lib/python3.8/site-packages/airflow/example_dags/example_trigger_target_dag.py
[2023-11-26T18:00:50.866+0000] {logging_mixin.py:154} INFO - [2023-11-26T18:00:50.865+0000] {dag.py:2941} INFO - Sync 1 DAGs
[2023-11-26T18:00:50.934+0000] {logging_mixin.py:154} INFO - [2023-11-26T18:00:50.934+0000] {dag.py:3722} INFO - Setting next_dagrun for example_trigger_target_dag to None, run_after=None
[2023-11-26T18:00:51.007+0000] {processor.py:179} INFO - Processing /home/airflow/.local/lib/python3.8/site-packages/airflow/example_dags/example_trigger_target_dag.py took 0.428 seconds
[2023-11-26T18:01:22.165+0000] {processor.py:157} INFO - Started process (PID=1599) to work on /home/airflow/.local/lib/python3.8/site-packages/airflow/example_dags/example_trigger_target_dag.py
[2023-11-26T18:01:22.167+0000] {processor.py:829} INFO - Processing file /home/airflow/.local/lib/python3.8/site-packages/airflow/example_dags/example_trigger_target_dag.py for tasks to queue
[2023-11-26T18:01:22.173+0000] {logging_mixin.py:154} INFO - [2023-11-26T18:01:22.172+0000] {dagbag.py:536} INFO - Filling up the DagBag from /home/airflow/.local/lib/python3.8/site-packages/airflow/example_dags/example_trigger_target_dag.py
[2023-11-26T18:01:22.186+0000] {processor.py:839} INFO - DAG(s) dict_keys(['example_trigger_target_dag']) retrieved from /home/airflow/.local/lib/python3.8/site-packages/airflow/example_dags/example_trigger_target_dag.py
[2023-11-26T18:01:22.230+0000] {logging_mixin.py:154} INFO - [2023-11-26T18:01:22.229+0000] {dag.py:2941} INFO - Sync 1 DAGs
[2023-11-26T18:01:22.266+0000] {logging_mixin.py:154} INFO - [2023-11-26T18:01:22.265+0000] {dag.py:3722} INFO - Setting next_dagrun for example_trigger_target_dag to None, run_after=None
[2023-11-26T18:01:22.314+0000] {processor.py:179} INFO - Processing /home/airflow/.local/lib/python3.8/site-packages/airflow/example_dags/example_trigger_target_dag.py took 0.156 seconds
[2023-11-26T18:01:52.749+0000] {processor.py:157} INFO - Started process (PID=1652) to work on /home/airflow/.local/lib/python3.8/site-packages/airflow/example_dags/example_trigger_target_dag.py
[2023-11-26T18:01:52.752+0000] {processor.py:829} INFO - Processing file /home/airflow/.local/lib/python3.8/site-packages/airflow/example_dags/example_trigger_target_dag.py for tasks to queue
[2023-11-26T18:01:52.765+0000] {logging_mixin.py:154} INFO - [2023-11-26T18:01:52.764+0000] {dagbag.py:536} INFO - Filling up the DagBag from /home/airflow/.local/lib/python3.8/site-packages/airflow/example_dags/example_trigger_target_dag.py
[2023-11-26T18:01:52.784+0000] {processor.py:839} INFO - DAG(s) dict_keys(['example_trigger_target_dag']) retrieved from /home/airflow/.local/lib/python3.8/site-packages/airflow/example_dags/example_trigger_target_dag.py
[2023-11-26T18:01:52.834+0000] {logging_mixin.py:154} INFO - [2023-11-26T18:01:52.833+0000] {dag.py:2941} INFO - Sync 1 DAGs
[2023-11-26T18:01:52.877+0000] {logging_mixin.py:154} INFO - [2023-11-26T18:01:52.876+0000] {dag.py:3722} INFO - Setting next_dagrun for example_trigger_target_dag to None, run_after=None
[2023-11-26T18:01:52.919+0000] {processor.py:179} INFO - Processing /home/airflow/.local/lib/python3.8/site-packages/airflow/example_dags/example_trigger_target_dag.py took 0.177 seconds
[2023-11-26T18:02:25.401+0000] {processor.py:157} INFO - Started process (PID=1706) to work on /home/airflow/.local/lib/python3.8/site-packages/airflow/example_dags/example_trigger_target_dag.py
[2023-11-26T18:02:25.430+0000] {processor.py:829} INFO - Processing file /home/airflow/.local/lib/python3.8/site-packages/airflow/example_dags/example_trigger_target_dag.py for tasks to queue
[2023-11-26T18:02:25.437+0000] {logging_mixin.py:154} INFO - [2023-11-26T18:02:25.436+0000] {dagbag.py:536} INFO - Filling up the DagBag from /home/airflow/.local/lib/python3.8/site-packages/airflow/example_dags/example_trigger_target_dag.py
[2023-11-26T18:02:25.487+0000] {processor.py:839} INFO - DAG(s) dict_keys(['example_trigger_target_dag']) retrieved from /home/airflow/.local/lib/python3.8/site-packages/airflow/example_dags/example_trigger_target_dag.py
[2023-11-26T18:02:26.201+0000] {logging_mixin.py:154} INFO - [2023-11-26T18:02:26.200+0000] {dag.py:2941} INFO - Sync 1 DAGs
[2023-11-26T18:02:26.369+0000] {logging_mixin.py:154} INFO - [2023-11-26T18:02:26.369+0000] {dag.py:3722} INFO - Setting next_dagrun for example_trigger_target_dag to None, run_after=None
[2023-11-26T18:02:26.596+0000] {processor.py:179} INFO - Processing /home/airflow/.local/lib/python3.8/site-packages/airflow/example_dags/example_trigger_target_dag.py took 1.207 seconds
[2023-11-26T18:02:57.068+0000] {processor.py:157} INFO - Started process (PID=1760) to work on /home/airflow/.local/lib/python3.8/site-packages/airflow/example_dags/example_trigger_target_dag.py
[2023-11-26T18:02:57.070+0000] {processor.py:829} INFO - Processing file /home/airflow/.local/lib/python3.8/site-packages/airflow/example_dags/example_trigger_target_dag.py for tasks to queue
[2023-11-26T18:02:57.078+0000] {logging_mixin.py:154} INFO - [2023-11-26T18:02:57.076+0000] {dagbag.py:536} INFO - Filling up the DagBag from /home/airflow/.local/lib/python3.8/site-packages/airflow/example_dags/example_trigger_target_dag.py
[2023-11-26T18:02:57.093+0000] {processor.py:839} INFO - DAG(s) dict_keys(['example_trigger_target_dag']) retrieved from /home/airflow/.local/lib/python3.8/site-packages/airflow/example_dags/example_trigger_target_dag.py
[2023-11-26T18:02:57.149+0000] {logging_mixin.py:154} INFO - [2023-11-26T18:02:57.149+0000] {dag.py:2941} INFO - Sync 1 DAGs
[2023-11-26T18:02:57.186+0000] {logging_mixin.py:154} INFO - [2023-11-26T18:02:57.186+0000] {dag.py:3722} INFO - Setting next_dagrun for example_trigger_target_dag to None, run_after=None
[2023-11-26T18:02:57.291+0000] {processor.py:179} INFO - Processing /home/airflow/.local/lib/python3.8/site-packages/airflow/example_dags/example_trigger_target_dag.py took 0.230 seconds
[2023-11-26T18:03:27.493+0000] {processor.py:157} INFO - Started process (PID=1814) to work on /home/airflow/.local/lib/python3.8/site-packages/airflow/example_dags/example_trigger_target_dag.py
[2023-11-26T18:03:27.495+0000] {processor.py:829} INFO - Processing file /home/airflow/.local/lib/python3.8/site-packages/airflow/example_dags/example_trigger_target_dag.py for tasks to queue
[2023-11-26T18:03:27.503+0000] {logging_mixin.py:154} INFO - [2023-11-26T18:03:27.502+0000] {dagbag.py:536} INFO - Filling up the DagBag from /home/airflow/.local/lib/python3.8/site-packages/airflow/example_dags/example_trigger_target_dag.py
[2023-11-26T18:03:27.516+0000] {processor.py:839} INFO - DAG(s) dict_keys(['example_trigger_target_dag']) retrieved from /home/airflow/.local/lib/python3.8/site-packages/airflow/example_dags/example_trigger_target_dag.py
[2023-11-26T18:03:27.567+0000] {logging_mixin.py:154} INFO - [2023-11-26T18:03:27.567+0000] {dag.py:2941} INFO - Sync 1 DAGs
[2023-11-26T18:03:27.607+0000] {logging_mixin.py:154} INFO - [2023-11-26T18:03:27.606+0000] {dag.py:3722} INFO - Setting next_dagrun for example_trigger_target_dag to None, run_after=None
[2023-11-26T18:03:27.661+0000] {processor.py:179} INFO - Processing /home/airflow/.local/lib/python3.8/site-packages/airflow/example_dags/example_trigger_target_dag.py took 0.176 seconds
