[2023-11-26T17:42:19.047+0000] {processor.py:157} INFO - Started process (PID=72) to work on /home/airflow/.local/lib/python3.8/site-packages/airflow/example_dags/example_short_circuit_decorator.py
[2023-11-26T17:42:19.052+0000] {processor.py:829} INFO - Processing file /home/airflow/.local/lib/python3.8/site-packages/airflow/example_dags/example_short_circuit_decorator.py for tasks to queue
[2023-11-26T17:42:19.059+0000] {logging_mixin.py:154} INFO - [2023-11-26T17:42:19.058+0000] {dagbag.py:536} INFO - Filling up the DagBag from /home/airflow/.local/lib/python3.8/site-packages/airflow/example_dags/example_short_circuit_decorator.py
[2023-11-26T17:42:19.111+0000] {processor.py:839} INFO - DAG(s) dict_keys(['example_short_circuit_decorator']) retrieved from /home/airflow/.local/lib/python3.8/site-packages/airflow/example_dags/example_short_circuit_decorator.py
[2023-11-26T17:42:19.270+0000] {logging_mixin.py:154} INFO - [2023-11-26T17:42:19.269+0000] {dag.py:2941} INFO - Sync 1 DAGs
[2023-11-26T17:42:19.348+0000] {logging_mixin.py:154} INFO - [2023-11-26T17:42:19.348+0000] {dag.py:3722} INFO - Setting next_dagrun for example_short_circuit_decorator to 2023-11-25T17:42:19.347185+00:00, run_after=2023-11-26T17:42:19.347185+00:00
[2023-11-26T17:42:19.404+0000] {processor.py:179} INFO - Processing /home/airflow/.local/lib/python3.8/site-packages/airflow/example_dags/example_short_circuit_decorator.py took 0.371 seconds
[2023-11-26T17:46:14.454+0000] {processor.py:157} INFO - Started process (PID=74) to work on /home/airflow/.local/lib/python3.8/site-packages/airflow/example_dags/example_short_circuit_decorator.py
[2023-11-26T17:46:14.480+0000] {processor.py:829} INFO - Processing file /home/airflow/.local/lib/python3.8/site-packages/airflow/example_dags/example_short_circuit_decorator.py for tasks to queue
[2023-11-26T17:46:14.502+0000] {logging_mixin.py:154} INFO - [2023-11-26T17:46:14.501+0000] {dagbag.py:536} INFO - Filling up the DagBag from /home/airflow/.local/lib/python3.8/site-packages/airflow/example_dags/example_short_circuit_decorator.py
[2023-11-26T17:46:14.647+0000] {processor.py:839} INFO - DAG(s) dict_keys(['example_short_circuit_decorator']) retrieved from /home/airflow/.local/lib/python3.8/site-packages/airflow/example_dags/example_short_circuit_decorator.py
[2023-11-26T17:46:15.036+0000] {logging_mixin.py:154} INFO - [2023-11-26T17:46:15.036+0000] {dag.py:2941} INFO - Sync 1 DAGs
[2023-11-26T17:46:15.429+0000] {logging_mixin.py:154} INFO - [2023-11-26T17:46:15.429+0000] {dag.py:3722} INFO - Setting next_dagrun for example_short_circuit_decorator to 2023-11-25T17:46:15.428873+00:00, run_after=2023-11-26T17:46:15.428873+00:00
[2023-11-26T17:46:15.609+0000] {processor.py:179} INFO - Processing /home/airflow/.local/lib/python3.8/site-packages/airflow/example_dags/example_short_circuit_decorator.py took 1.201 seconds
[2023-11-26T17:46:47.667+0000] {processor.py:157} INFO - Started process (PID=128) to work on /home/airflow/.local/lib/python3.8/site-packages/airflow/example_dags/example_short_circuit_decorator.py
[2023-11-26T17:46:47.670+0000] {processor.py:829} INFO - Processing file /home/airflow/.local/lib/python3.8/site-packages/airflow/example_dags/example_short_circuit_decorator.py for tasks to queue
[2023-11-26T17:46:47.677+0000] {logging_mixin.py:154} INFO - [2023-11-26T17:46:47.676+0000] {dagbag.py:536} INFO - Filling up the DagBag from /home/airflow/.local/lib/python3.8/site-packages/airflow/example_dags/example_short_circuit_decorator.py
[2023-11-26T17:46:47.699+0000] {processor.py:839} INFO - DAG(s) dict_keys(['example_short_circuit_decorator']) retrieved from /home/airflow/.local/lib/python3.8/site-packages/airflow/example_dags/example_short_circuit_decorator.py
[2023-11-26T17:46:47.759+0000] {logging_mixin.py:154} INFO - [2023-11-26T17:46:47.758+0000] {dag.py:2941} INFO - Sync 1 DAGs
[2023-11-26T17:46:47.814+0000] {logging_mixin.py:154} INFO - [2023-11-26T17:46:47.813+0000] {dag.py:3722} INFO - Setting next_dagrun for example_short_circuit_decorator to 2023-11-25T17:46:47.813006+00:00, run_after=2023-11-26T17:46:47.813006+00:00
[2023-11-26T17:46:47.866+0000] {processor.py:179} INFO - Processing /home/airflow/.local/lib/python3.8/site-packages/airflow/example_dags/example_short_circuit_decorator.py took 0.207 seconds
[2023-11-26T17:47:17.920+0000] {processor.py:157} INFO - Started process (PID=181) to work on /home/airflow/.local/lib/python3.8/site-packages/airflow/example_dags/example_short_circuit_decorator.py
[2023-11-26T17:47:17.923+0000] {processor.py:829} INFO - Processing file /home/airflow/.local/lib/python3.8/site-packages/airflow/example_dags/example_short_circuit_decorator.py for tasks to queue
[2023-11-26T17:47:17.929+0000] {logging_mixin.py:154} INFO - [2023-11-26T17:47:17.929+0000] {dagbag.py:536} INFO - Filling up the DagBag from /home/airflow/.local/lib/python3.8/site-packages/airflow/example_dags/example_short_circuit_decorator.py
[2023-11-26T17:47:17.954+0000] {processor.py:839} INFO - DAG(s) dict_keys(['example_short_circuit_decorator']) retrieved from /home/airflow/.local/lib/python3.8/site-packages/airflow/example_dags/example_short_circuit_decorator.py
[2023-11-26T17:47:18.017+0000] {logging_mixin.py:154} INFO - [2023-11-26T17:47:18.017+0000] {dag.py:2941} INFO - Sync 1 DAGs
[2023-11-26T17:47:18.077+0000] {logging_mixin.py:154} INFO - [2023-11-26T17:47:18.077+0000] {dag.py:3722} INFO - Setting next_dagrun for example_short_circuit_decorator to 2023-11-25T17:47:18.077031+00:00, run_after=2023-11-26T17:47:18.077031+00:00
[2023-11-26T17:47:18.117+0000] {processor.py:179} INFO - Processing /home/airflow/.local/lib/python3.8/site-packages/airflow/example_dags/example_short_circuit_decorator.py took 0.205 seconds
[2023-11-26T17:47:49.179+0000] {processor.py:157} INFO - Started process (PID=236) to work on /home/airflow/.local/lib/python3.8/site-packages/airflow/example_dags/example_short_circuit_decorator.py
[2023-11-26T17:47:49.181+0000] {processor.py:829} INFO - Processing file /home/airflow/.local/lib/python3.8/site-packages/airflow/example_dags/example_short_circuit_decorator.py for tasks to queue
[2023-11-26T17:47:49.186+0000] {logging_mixin.py:154} INFO - [2023-11-26T17:47:49.186+0000] {dagbag.py:536} INFO - Filling up the DagBag from /home/airflow/.local/lib/python3.8/site-packages/airflow/example_dags/example_short_circuit_decorator.py
[2023-11-26T17:47:49.206+0000] {processor.py:839} INFO - DAG(s) dict_keys(['example_short_circuit_decorator']) retrieved from /home/airflow/.local/lib/python3.8/site-packages/airflow/example_dags/example_short_circuit_decorator.py
[2023-11-26T17:47:49.266+0000] {logging_mixin.py:154} INFO - [2023-11-26T17:47:49.266+0000] {dag.py:2941} INFO - Sync 1 DAGs
[2023-11-26T17:47:49.336+0000] {logging_mixin.py:154} INFO - [2023-11-26T17:47:49.336+0000] {dag.py:3722} INFO - Setting next_dagrun for example_short_circuit_decorator to 2023-11-25T17:47:49.335547+00:00, run_after=2023-11-26T17:47:49.335547+00:00
[2023-11-26T17:47:49.379+0000] {processor.py:179} INFO - Processing /home/airflow/.local/lib/python3.8/site-packages/airflow/example_dags/example_short_circuit_decorator.py took 0.207 seconds
[2023-11-26T17:48:20.595+0000] {processor.py:157} INFO - Started process (PID=289) to work on /home/airflow/.local/lib/python3.8/site-packages/airflow/example_dags/example_short_circuit_decorator.py
[2023-11-26T17:48:20.598+0000] {processor.py:829} INFO - Processing file /home/airflow/.local/lib/python3.8/site-packages/airflow/example_dags/example_short_circuit_decorator.py for tasks to queue
[2023-11-26T17:48:20.607+0000] {logging_mixin.py:154} INFO - [2023-11-26T17:48:20.606+0000] {dagbag.py:536} INFO - Filling up the DagBag from /home/airflow/.local/lib/python3.8/site-packages/airflow/example_dags/example_short_circuit_decorator.py
[2023-11-26T17:48:20.634+0000] {processor.py:839} INFO - DAG(s) dict_keys(['example_short_circuit_decorator']) retrieved from /home/airflow/.local/lib/python3.8/site-packages/airflow/example_dags/example_short_circuit_decorator.py
[2023-11-26T17:48:20.697+0000] {logging_mixin.py:154} INFO - [2023-11-26T17:48:20.696+0000] {dag.py:2941} INFO - Sync 1 DAGs
[2023-11-26T17:48:20.749+0000] {logging_mixin.py:154} INFO - [2023-11-26T17:48:20.749+0000] {dag.py:3722} INFO - Setting next_dagrun for example_short_circuit_decorator to 2023-11-25T17:48:20.748725+00:00, run_after=2023-11-26T17:48:20.748725+00:00
[2023-11-26T17:48:20.796+0000] {processor.py:179} INFO - Processing /home/airflow/.local/lib/python3.8/site-packages/airflow/example_dags/example_short_circuit_decorator.py took 0.209 seconds
[2023-11-26T17:48:52.996+0000] {processor.py:157} INFO - Started process (PID=341) to work on /home/airflow/.local/lib/python3.8/site-packages/airflow/example_dags/example_short_circuit_decorator.py
[2023-11-26T17:48:53.007+0000] {processor.py:829} INFO - Processing file /home/airflow/.local/lib/python3.8/site-packages/airflow/example_dags/example_short_circuit_decorator.py for tasks to queue
[2023-11-26T17:48:53.023+0000] {logging_mixin.py:154} INFO - [2023-11-26T17:48:53.022+0000] {dagbag.py:536} INFO - Filling up the DagBag from /home/airflow/.local/lib/python3.8/site-packages/airflow/example_dags/example_short_circuit_decorator.py
[2023-11-26T17:48:53.074+0000] {processor.py:839} INFO - DAG(s) dict_keys(['example_short_circuit_decorator']) retrieved from /home/airflow/.local/lib/python3.8/site-packages/airflow/example_dags/example_short_circuit_decorator.py
[2023-11-26T17:48:53.178+0000] {logging_mixin.py:154} INFO - [2023-11-26T17:48:53.178+0000] {dag.py:2941} INFO - Sync 1 DAGs
[2023-11-26T17:48:53.295+0000] {logging_mixin.py:154} INFO - [2023-11-26T17:48:53.295+0000] {dag.py:3722} INFO - Setting next_dagrun for example_short_circuit_decorator to 2023-11-25T17:48:53.294762+00:00, run_after=2023-11-26T17:48:53.294762+00:00
[2023-11-26T17:48:53.384+0000] {processor.py:179} INFO - Processing /home/airflow/.local/lib/python3.8/site-packages/airflow/example_dags/example_short_circuit_decorator.py took 0.399 seconds
[2023-11-26T17:49:24.294+0000] {processor.py:157} INFO - Started process (PID=394) to work on /home/airflow/.local/lib/python3.8/site-packages/airflow/example_dags/example_short_circuit_decorator.py
[2023-11-26T17:49:24.297+0000] {processor.py:829} INFO - Processing file /home/airflow/.local/lib/python3.8/site-packages/airflow/example_dags/example_short_circuit_decorator.py for tasks to queue
[2023-11-26T17:49:24.303+0000] {logging_mixin.py:154} INFO - [2023-11-26T17:49:24.303+0000] {dagbag.py:536} INFO - Filling up the DagBag from /home/airflow/.local/lib/python3.8/site-packages/airflow/example_dags/example_short_circuit_decorator.py
[2023-11-26T17:49:24.327+0000] {processor.py:839} INFO - DAG(s) dict_keys(['example_short_circuit_decorator']) retrieved from /home/airflow/.local/lib/python3.8/site-packages/airflow/example_dags/example_short_circuit_decorator.py
[2023-11-26T17:49:24.402+0000] {logging_mixin.py:154} INFO - [2023-11-26T17:49:24.402+0000] {dag.py:2941} INFO - Sync 1 DAGs
[2023-11-26T17:49:24.481+0000] {logging_mixin.py:154} INFO - [2023-11-26T17:49:24.481+0000] {dag.py:3722} INFO - Setting next_dagrun for example_short_circuit_decorator to 2023-11-25T17:49:24.480732+00:00, run_after=2023-11-26T17:49:24.480732+00:00
[2023-11-26T17:49:24.537+0000] {processor.py:179} INFO - Processing /home/airflow/.local/lib/python3.8/site-packages/airflow/example_dags/example_short_circuit_decorator.py took 0.251 seconds
[2023-11-26T17:49:58.278+0000] {processor.py:157} INFO - Started process (PID=454) to work on /home/airflow/.local/lib/python3.8/site-packages/airflow/example_dags/example_short_circuit_decorator.py
[2023-11-26T17:49:58.282+0000] {processor.py:829} INFO - Processing file /home/airflow/.local/lib/python3.8/site-packages/airflow/example_dags/example_short_circuit_decorator.py for tasks to queue
[2023-11-26T17:49:58.290+0000] {logging_mixin.py:154} INFO - [2023-11-26T17:49:58.289+0000] {dagbag.py:536} INFO - Filling up the DagBag from /home/airflow/.local/lib/python3.8/site-packages/airflow/example_dags/example_short_circuit_decorator.py
[2023-11-26T17:49:58.329+0000] {processor.py:839} INFO - DAG(s) dict_keys(['example_short_circuit_decorator']) retrieved from /home/airflow/.local/lib/python3.8/site-packages/airflow/example_dags/example_short_circuit_decorator.py
[2023-11-26T17:49:58.426+0000] {logging_mixin.py:154} INFO - [2023-11-26T17:49:58.426+0000] {dag.py:2941} INFO - Sync 1 DAGs
[2023-11-26T17:49:58.497+0000] {logging_mixin.py:154} INFO - [2023-11-26T17:49:58.497+0000] {dag.py:3722} INFO - Setting next_dagrun for example_short_circuit_decorator to 2023-11-25T17:49:58.496157+00:00, run_after=2023-11-26T17:49:58.496157+00:00
[2023-11-26T17:49:58.577+0000] {processor.py:179} INFO - Processing /home/airflow/.local/lib/python3.8/site-packages/airflow/example_dags/example_short_circuit_decorator.py took 0.307 seconds
[2023-11-26T17:50:29.319+0000] {processor.py:157} INFO - Started process (PID=508) to work on /home/airflow/.local/lib/python3.8/site-packages/airflow/example_dags/example_short_circuit_decorator.py
[2023-11-26T17:50:29.323+0000] {processor.py:829} INFO - Processing file /home/airflow/.local/lib/python3.8/site-packages/airflow/example_dags/example_short_circuit_decorator.py for tasks to queue
[2023-11-26T17:50:29.422+0000] {logging_mixin.py:154} INFO - [2023-11-26T17:50:29.416+0000] {dagbag.py:536} INFO - Filling up the DagBag from /home/airflow/.local/lib/python3.8/site-packages/airflow/example_dags/example_short_circuit_decorator.py
[2023-11-26T17:50:29.510+0000] {processor.py:839} INFO - DAG(s) dict_keys(['example_short_circuit_decorator']) retrieved from /home/airflow/.local/lib/python3.8/site-packages/airflow/example_dags/example_short_circuit_decorator.py
[2023-11-26T17:50:29.731+0000] {logging_mixin.py:154} INFO - [2023-11-26T17:50:29.730+0000] {dag.py:2941} INFO - Sync 1 DAGs
[2023-11-26T17:50:29.875+0000] {logging_mixin.py:154} INFO - [2023-11-26T17:50:29.875+0000] {dag.py:3722} INFO - Setting next_dagrun for example_short_circuit_decorator to 2023-11-25T17:50:29.874470+00:00, run_after=2023-11-26T17:50:29.874470+00:00
[2023-11-26T17:50:29.951+0000] {processor.py:179} INFO - Processing /home/airflow/.local/lib/python3.8/site-packages/airflow/example_dags/example_short_circuit_decorator.py took 0.649 seconds
[2023-11-26T17:51:00.403+0000] {processor.py:157} INFO - Started process (PID=562) to work on /home/airflow/.local/lib/python3.8/site-packages/airflow/example_dags/example_short_circuit_decorator.py
[2023-11-26T17:51:00.407+0000] {processor.py:829} INFO - Processing file /home/airflow/.local/lib/python3.8/site-packages/airflow/example_dags/example_short_circuit_decorator.py for tasks to queue
[2023-11-26T17:51:00.418+0000] {logging_mixin.py:154} INFO - [2023-11-26T17:51:00.418+0000] {dagbag.py:536} INFO - Filling up the DagBag from /home/airflow/.local/lib/python3.8/site-packages/airflow/example_dags/example_short_circuit_decorator.py
[2023-11-26T17:51:00.451+0000] {processor.py:839} INFO - DAG(s) dict_keys(['example_short_circuit_decorator']) retrieved from /home/airflow/.local/lib/python3.8/site-packages/airflow/example_dags/example_short_circuit_decorator.py
[2023-11-26T17:51:00.661+0000] {logging_mixin.py:154} INFO - [2023-11-26T17:51:00.661+0000] {dag.py:2941} INFO - Sync 1 DAGs
[2023-11-26T17:51:00.857+0000] {logging_mixin.py:154} INFO - [2023-11-26T17:51:00.856+0000] {dag.py:3722} INFO - Setting next_dagrun for example_short_circuit_decorator to 2023-11-25T17:51:00.855978+00:00, run_after=2023-11-26T17:51:00.855978+00:00
[2023-11-26T17:51:00.934+0000] {processor.py:179} INFO - Processing /home/airflow/.local/lib/python3.8/site-packages/airflow/example_dags/example_short_circuit_decorator.py took 0.544 seconds
[2023-11-26T17:51:32.512+0000] {processor.py:157} INFO - Started process (PID=615) to work on /home/airflow/.local/lib/python3.8/site-packages/airflow/example_dags/example_short_circuit_decorator.py
[2023-11-26T17:51:32.520+0000] {processor.py:829} INFO - Processing file /home/airflow/.local/lib/python3.8/site-packages/airflow/example_dags/example_short_circuit_decorator.py for tasks to queue
[2023-11-26T17:51:32.567+0000] {logging_mixin.py:154} INFO - [2023-11-26T17:51:32.557+0000] {dagbag.py:536} INFO - Filling up the DagBag from /home/airflow/.local/lib/python3.8/site-packages/airflow/example_dags/example_short_circuit_decorator.py
[2023-11-26T17:51:32.716+0000] {processor.py:839} INFO - DAG(s) dict_keys(['example_short_circuit_decorator']) retrieved from /home/airflow/.local/lib/python3.8/site-packages/airflow/example_dags/example_short_circuit_decorator.py
[2023-11-26T17:51:32.952+0000] {logging_mixin.py:154} INFO - [2023-11-26T17:51:32.952+0000] {dag.py:2941} INFO - Sync 1 DAGs
[2023-11-26T17:51:33.074+0000] {logging_mixin.py:154} INFO - [2023-11-26T17:51:33.074+0000] {dag.py:3722} INFO - Setting next_dagrun for example_short_circuit_decorator to 2023-11-25T17:51:33.073718+00:00, run_after=2023-11-26T17:51:33.073718+00:00
[2023-11-26T17:51:33.154+0000] {processor.py:179} INFO - Processing /home/airflow/.local/lib/python3.8/site-packages/airflow/example_dags/example_short_circuit_decorator.py took 0.651 seconds
[2023-11-26T17:52:04.286+0000] {processor.py:157} INFO - Started process (PID=669) to work on /home/airflow/.local/lib/python3.8/site-packages/airflow/example_dags/example_short_circuit_decorator.py
[2023-11-26T17:52:04.290+0000] {processor.py:829} INFO - Processing file /home/airflow/.local/lib/python3.8/site-packages/airflow/example_dags/example_short_circuit_decorator.py for tasks to queue
[2023-11-26T17:52:04.331+0000] {logging_mixin.py:154} INFO - [2023-11-26T17:52:04.329+0000] {dagbag.py:536} INFO - Filling up the DagBag from /home/airflow/.local/lib/python3.8/site-packages/airflow/example_dags/example_short_circuit_decorator.py
[2023-11-26T17:52:04.433+0000] {processor.py:839} INFO - DAG(s) dict_keys(['example_short_circuit_decorator']) retrieved from /home/airflow/.local/lib/python3.8/site-packages/airflow/example_dags/example_short_circuit_decorator.py
[2023-11-26T17:52:04.569+0000] {logging_mixin.py:154} INFO - [2023-11-26T17:52:04.569+0000] {dag.py:2941} INFO - Sync 1 DAGs
[2023-11-26T17:52:04.670+0000] {logging_mixin.py:154} INFO - [2023-11-26T17:52:04.670+0000] {dag.py:3722} INFO - Setting next_dagrun for example_short_circuit_decorator to 2023-11-25T17:52:04.669190+00:00, run_after=2023-11-26T17:52:04.669190+00:00
[2023-11-26T17:52:04.770+0000] {processor.py:179} INFO - Processing /home/airflow/.local/lib/python3.8/site-packages/airflow/example_dags/example_short_circuit_decorator.py took 0.495 seconds
[2023-11-26T17:52:34.928+0000] {processor.py:157} INFO - Started process (PID=723) to work on /home/airflow/.local/lib/python3.8/site-packages/airflow/example_dags/example_short_circuit_decorator.py
[2023-11-26T17:52:34.933+0000] {processor.py:829} INFO - Processing file /home/airflow/.local/lib/python3.8/site-packages/airflow/example_dags/example_short_circuit_decorator.py for tasks to queue
[2023-11-26T17:52:34.944+0000] {logging_mixin.py:154} INFO - [2023-11-26T17:52:34.943+0000] {dagbag.py:536} INFO - Filling up the DagBag from /home/airflow/.local/lib/python3.8/site-packages/airflow/example_dags/example_short_circuit_decorator.py
[2023-11-26T17:52:34.979+0000] {processor.py:839} INFO - DAG(s) dict_keys(['example_short_circuit_decorator']) retrieved from /home/airflow/.local/lib/python3.8/site-packages/airflow/example_dags/example_short_circuit_decorator.py
[2023-11-26T17:52:35.101+0000] {logging_mixin.py:154} INFO - [2023-11-26T17:52:35.100+0000] {dag.py:2941} INFO - Sync 1 DAGs
[2023-11-26T17:52:35.260+0000] {logging_mixin.py:154} INFO - [2023-11-26T17:52:35.259+0000] {dag.py:3722} INFO - Setting next_dagrun for example_short_circuit_decorator to 2023-11-25T17:52:35.258926+00:00, run_after=2023-11-26T17:52:35.258926+00:00
[2023-11-26T17:52:35.346+0000] {processor.py:179} INFO - Processing /home/airflow/.local/lib/python3.8/site-packages/airflow/example_dags/example_short_circuit_decorator.py took 0.427 seconds
[2023-11-26T17:53:05.799+0000] {processor.py:157} INFO - Started process (PID=777) to work on /home/airflow/.local/lib/python3.8/site-packages/airflow/example_dags/example_short_circuit_decorator.py
[2023-11-26T17:53:05.802+0000] {processor.py:829} INFO - Processing file /home/airflow/.local/lib/python3.8/site-packages/airflow/example_dags/example_short_circuit_decorator.py for tasks to queue
[2023-11-26T17:53:05.807+0000] {logging_mixin.py:154} INFO - [2023-11-26T17:53:05.806+0000] {dagbag.py:536} INFO - Filling up the DagBag from /home/airflow/.local/lib/python3.8/site-packages/airflow/example_dags/example_short_circuit_decorator.py
[2023-11-26T17:53:05.836+0000] {processor.py:839} INFO - DAG(s) dict_keys(['example_short_circuit_decorator']) retrieved from /home/airflow/.local/lib/python3.8/site-packages/airflow/example_dags/example_short_circuit_decorator.py
[2023-11-26T17:53:05.932+0000] {logging_mixin.py:154} INFO - [2023-11-26T17:53:05.932+0000] {dag.py:2941} INFO - Sync 1 DAGs
[2023-11-26T17:53:05.998+0000] {logging_mixin.py:154} INFO - [2023-11-26T17:53:05.998+0000] {dag.py:3722} INFO - Setting next_dagrun for example_short_circuit_decorator to 2023-11-25T17:53:05.997420+00:00, run_after=2023-11-26T17:53:05.997420+00:00
[2023-11-26T17:53:06.117+0000] {processor.py:179} INFO - Processing /home/airflow/.local/lib/python3.8/site-packages/airflow/example_dags/example_short_circuit_decorator.py took 0.327 seconds
[2023-11-26T17:53:36.812+0000] {processor.py:157} INFO - Started process (PID=831) to work on /home/airflow/.local/lib/python3.8/site-packages/airflow/example_dags/example_short_circuit_decorator.py
[2023-11-26T17:53:36.816+0000] {processor.py:829} INFO - Processing file /home/airflow/.local/lib/python3.8/site-packages/airflow/example_dags/example_short_circuit_decorator.py for tasks to queue
[2023-11-26T17:53:36.825+0000] {logging_mixin.py:154} INFO - [2023-11-26T17:53:36.824+0000] {dagbag.py:536} INFO - Filling up the DagBag from /home/airflow/.local/lib/python3.8/site-packages/airflow/example_dags/example_short_circuit_decorator.py
[2023-11-26T17:53:36.852+0000] {processor.py:839} INFO - DAG(s) dict_keys(['example_short_circuit_decorator']) retrieved from /home/airflow/.local/lib/python3.8/site-packages/airflow/example_dags/example_short_circuit_decorator.py
[2023-11-26T17:53:36.934+0000] {logging_mixin.py:154} INFO - [2023-11-26T17:53:36.934+0000] {dag.py:2941} INFO - Sync 1 DAGs
[2023-11-26T17:53:37.007+0000] {logging_mixin.py:154} INFO - [2023-11-26T17:53:37.007+0000] {dag.py:3722} INFO - Setting next_dagrun for example_short_circuit_decorator to 2023-11-25T17:53:37.006570+00:00, run_after=2023-11-26T17:53:37.006570+00:00
[2023-11-26T17:53:37.066+0000] {processor.py:179} INFO - Processing /home/airflow/.local/lib/python3.8/site-packages/airflow/example_dags/example_short_circuit_decorator.py took 0.297 seconds
[2023-11-26T17:54:10.470+0000] {processor.py:157} INFO - Started process (PID=885) to work on /home/airflow/.local/lib/python3.8/site-packages/airflow/example_dags/example_short_circuit_decorator.py
[2023-11-26T17:54:10.473+0000] {processor.py:829} INFO - Processing file /home/airflow/.local/lib/python3.8/site-packages/airflow/example_dags/example_short_circuit_decorator.py for tasks to queue
[2023-11-26T17:54:10.481+0000] {logging_mixin.py:154} INFO - [2023-11-26T17:54:10.480+0000] {dagbag.py:536} INFO - Filling up the DagBag from /home/airflow/.local/lib/python3.8/site-packages/airflow/example_dags/example_short_circuit_decorator.py
[2023-11-26T17:54:10.720+0000] {processor.py:839} INFO - DAG(s) dict_keys(['example_short_circuit_decorator']) retrieved from /home/airflow/.local/lib/python3.8/site-packages/airflow/example_dags/example_short_circuit_decorator.py
[2023-11-26T17:54:10.856+0000] {logging_mixin.py:154} INFO - [2023-11-26T17:54:10.856+0000] {dag.py:2941} INFO - Sync 1 DAGs
[2023-11-26T17:54:11.377+0000] {logging_mixin.py:154} INFO - [2023-11-26T17:54:11.376+0000] {dag.py:3722} INFO - Setting next_dagrun for example_short_circuit_decorator to 2023-11-25T17:54:11.365536+00:00, run_after=2023-11-26T17:54:11.365536+00:00
[2023-11-26T17:54:11.520+0000] {processor.py:179} INFO - Processing /home/airflow/.local/lib/python3.8/site-packages/airflow/example_dags/example_short_circuit_decorator.py took 1.061 seconds
[2023-11-26T17:54:45.854+0000] {processor.py:157} INFO - Started process (PID=939) to work on /home/airflow/.local/lib/python3.8/site-packages/airflow/example_dags/example_short_circuit_decorator.py
[2023-11-26T17:54:45.861+0000] {processor.py:829} INFO - Processing file /home/airflow/.local/lib/python3.8/site-packages/airflow/example_dags/example_short_circuit_decorator.py for tasks to queue
[2023-11-26T17:54:45.880+0000] {logging_mixin.py:154} INFO - [2023-11-26T17:54:45.873+0000] {dagbag.py:536} INFO - Filling up the DagBag from /home/airflow/.local/lib/python3.8/site-packages/airflow/example_dags/example_short_circuit_decorator.py
[2023-11-26T17:54:45.923+0000] {processor.py:839} INFO - DAG(s) dict_keys(['example_short_circuit_decorator']) retrieved from /home/airflow/.local/lib/python3.8/site-packages/airflow/example_dags/example_short_circuit_decorator.py
[2023-11-26T17:54:46.160+0000] {logging_mixin.py:154} INFO - [2023-11-26T17:54:46.159+0000] {dag.py:2941} INFO - Sync 1 DAGs
[2023-11-26T17:54:46.468+0000] {logging_mixin.py:154} INFO - [2023-11-26T17:54:46.468+0000] {dag.py:3722} INFO - Setting next_dagrun for example_short_circuit_decorator to 2023-11-25T17:54:46.467454+00:00, run_after=2023-11-26T17:54:46.467454+00:00
[2023-11-26T17:54:46.650+0000] {processor.py:179} INFO - Processing /home/airflow/.local/lib/python3.8/site-packages/airflow/example_dags/example_short_circuit_decorator.py took 0.814 seconds
[2023-11-26T17:55:16.860+0000] {processor.py:157} INFO - Started process (PID=995) to work on /home/airflow/.local/lib/python3.8/site-packages/airflow/example_dags/example_short_circuit_decorator.py
[2023-11-26T17:55:16.862+0000] {processor.py:829} INFO - Processing file /home/airflow/.local/lib/python3.8/site-packages/airflow/example_dags/example_short_circuit_decorator.py for tasks to queue
[2023-11-26T17:55:16.868+0000] {logging_mixin.py:154} INFO - [2023-11-26T17:55:16.867+0000] {dagbag.py:536} INFO - Filling up the DagBag from /home/airflow/.local/lib/python3.8/site-packages/airflow/example_dags/example_short_circuit_decorator.py
[2023-11-26T17:55:16.896+0000] {processor.py:839} INFO - DAG(s) dict_keys(['example_short_circuit_decorator']) retrieved from /home/airflow/.local/lib/python3.8/site-packages/airflow/example_dags/example_short_circuit_decorator.py
[2023-11-26T17:55:17.089+0000] {logging_mixin.py:154} INFO - [2023-11-26T17:55:17.089+0000] {dag.py:2941} INFO - Sync 1 DAGs
[2023-11-26T17:55:17.161+0000] {logging_mixin.py:154} INFO - [2023-11-26T17:55:17.161+0000] {dag.py:3722} INFO - Setting next_dagrun for example_short_circuit_decorator to 2023-11-25T17:55:17.160898+00:00, run_after=2023-11-26T17:55:17.160898+00:00
[2023-11-26T17:55:17.493+0000] {processor.py:179} INFO - Processing /home/airflow/.local/lib/python3.8/site-packages/airflow/example_dags/example_short_circuit_decorator.py took 0.641 seconds
[2023-11-26T17:55:48.135+0000] {processor.py:157} INFO - Started process (PID=1049) to work on /home/airflow/.local/lib/python3.8/site-packages/airflow/example_dags/example_short_circuit_decorator.py
[2023-11-26T17:55:48.137+0000] {processor.py:829} INFO - Processing file /home/airflow/.local/lib/python3.8/site-packages/airflow/example_dags/example_short_circuit_decorator.py for tasks to queue
[2023-11-26T17:55:48.143+0000] {logging_mixin.py:154} INFO - [2023-11-26T17:55:48.142+0000] {dagbag.py:536} INFO - Filling up the DagBag from /home/airflow/.local/lib/python3.8/site-packages/airflow/example_dags/example_short_circuit_decorator.py
[2023-11-26T17:55:48.165+0000] {processor.py:839} INFO - DAG(s) dict_keys(['example_short_circuit_decorator']) retrieved from /home/airflow/.local/lib/python3.8/site-packages/airflow/example_dags/example_short_circuit_decorator.py
[2023-11-26T17:55:48.260+0000] {logging_mixin.py:154} INFO - [2023-11-26T17:55:48.260+0000] {dag.py:2941} INFO - Sync 1 DAGs
[2023-11-26T17:55:48.315+0000] {logging_mixin.py:154} INFO - [2023-11-26T17:55:48.315+0000] {dag.py:3722} INFO - Setting next_dagrun for example_short_circuit_decorator to 2023-11-25T17:55:48.314664+00:00, run_after=2023-11-26T17:55:48.314664+00:00
[2023-11-26T17:55:48.363+0000] {processor.py:179} INFO - Processing /home/airflow/.local/lib/python3.8/site-packages/airflow/example_dags/example_short_circuit_decorator.py took 0.237 seconds
[2023-11-26T17:56:18.498+0000] {processor.py:157} INFO - Started process (PID=1103) to work on /home/airflow/.local/lib/python3.8/site-packages/airflow/example_dags/example_short_circuit_decorator.py
[2023-11-26T17:56:18.502+0000] {processor.py:829} INFO - Processing file /home/airflow/.local/lib/python3.8/site-packages/airflow/example_dags/example_short_circuit_decorator.py for tasks to queue
[2023-11-26T17:56:18.508+0000] {logging_mixin.py:154} INFO - [2023-11-26T17:56:18.507+0000] {dagbag.py:536} INFO - Filling up the DagBag from /home/airflow/.local/lib/python3.8/site-packages/airflow/example_dags/example_short_circuit_decorator.py
[2023-11-26T17:56:18.538+0000] {processor.py:839} INFO - DAG(s) dict_keys(['example_short_circuit_decorator']) retrieved from /home/airflow/.local/lib/python3.8/site-packages/airflow/example_dags/example_short_circuit_decorator.py
[2023-11-26T17:56:18.624+0000] {logging_mixin.py:154} INFO - [2023-11-26T17:56:18.623+0000] {dag.py:2941} INFO - Sync 1 DAGs
[2023-11-26T17:56:18.689+0000] {logging_mixin.py:154} INFO - [2023-11-26T17:56:18.688+0000] {dag.py:3722} INFO - Setting next_dagrun for example_short_circuit_decorator to 2023-11-25T17:56:18.688322+00:00, run_after=2023-11-26T17:56:18.688322+00:00
[2023-11-26T17:56:18.738+0000] {processor.py:179} INFO - Processing /home/airflow/.local/lib/python3.8/site-packages/airflow/example_dags/example_short_circuit_decorator.py took 0.248 seconds
[2023-11-26T17:56:50.097+0000] {processor.py:157} INFO - Started process (PID=1156) to work on /home/airflow/.local/lib/python3.8/site-packages/airflow/example_dags/example_short_circuit_decorator.py
[2023-11-26T17:56:50.103+0000] {processor.py:829} INFO - Processing file /home/airflow/.local/lib/python3.8/site-packages/airflow/example_dags/example_short_circuit_decorator.py for tasks to queue
[2023-11-26T17:56:50.110+0000] {logging_mixin.py:154} INFO - [2023-11-26T17:56:50.109+0000] {dagbag.py:536} INFO - Filling up the DagBag from /home/airflow/.local/lib/python3.8/site-packages/airflow/example_dags/example_short_circuit_decorator.py
[2023-11-26T17:56:50.143+0000] {processor.py:839} INFO - DAG(s) dict_keys(['example_short_circuit_decorator']) retrieved from /home/airflow/.local/lib/python3.8/site-packages/airflow/example_dags/example_short_circuit_decorator.py
[2023-11-26T17:56:50.229+0000] {logging_mixin.py:154} INFO - [2023-11-26T17:56:50.229+0000] {dag.py:2941} INFO - Sync 1 DAGs
[2023-11-26T17:56:50.390+0000] {logging_mixin.py:154} INFO - [2023-11-26T17:56:50.390+0000] {dag.py:3722} INFO - Setting next_dagrun for example_short_circuit_decorator to 2023-11-25T17:56:50.389071+00:00, run_after=2023-11-26T17:56:50.389071+00:00
[2023-11-26T17:56:50.479+0000] {processor.py:179} INFO - Processing /home/airflow/.local/lib/python3.8/site-packages/airflow/example_dags/example_short_circuit_decorator.py took 0.436 seconds
[2023-11-26T17:57:20.734+0000] {processor.py:157} INFO - Started process (PID=1211) to work on /home/airflow/.local/lib/python3.8/site-packages/airflow/example_dags/example_short_circuit_decorator.py
[2023-11-26T17:57:20.743+0000] {processor.py:829} INFO - Processing file /home/airflow/.local/lib/python3.8/site-packages/airflow/example_dags/example_short_circuit_decorator.py for tasks to queue
[2023-11-26T17:57:20.750+0000] {logging_mixin.py:154} INFO - [2023-11-26T17:57:20.749+0000] {dagbag.py:536} INFO - Filling up the DagBag from /home/airflow/.local/lib/python3.8/site-packages/airflow/example_dags/example_short_circuit_decorator.py
[2023-11-26T17:57:20.791+0000] {processor.py:839} INFO - DAG(s) dict_keys(['example_short_circuit_decorator']) retrieved from /home/airflow/.local/lib/python3.8/site-packages/airflow/example_dags/example_short_circuit_decorator.py
[2023-11-26T17:57:20.864+0000] {logging_mixin.py:154} INFO - [2023-11-26T17:57:20.863+0000] {dag.py:2941} INFO - Sync 1 DAGs
[2023-11-26T17:57:22.263+0000] {logging_mixin.py:154} INFO - [2023-11-26T17:57:22.262+0000] {dag.py:3722} INFO - Setting next_dagrun for example_short_circuit_decorator to 2023-11-25T17:57:22.262024+00:00, run_after=2023-11-26T17:57:22.262024+00:00
[2023-11-26T17:57:22.316+0000] {processor.py:179} INFO - Processing /home/airflow/.local/lib/python3.8/site-packages/airflow/example_dags/example_short_circuit_decorator.py took 1.594 seconds
[2023-11-26T17:58:03.896+0000] {processor.py:157} INFO - Started process (PID=1265) to work on /home/airflow/.local/lib/python3.8/site-packages/airflow/example_dags/example_short_circuit_decorator.py
[2023-11-26T17:58:03.901+0000] {processor.py:829} INFO - Processing file /home/airflow/.local/lib/python3.8/site-packages/airflow/example_dags/example_short_circuit_decorator.py for tasks to queue
[2023-11-26T17:58:03.911+0000] {logging_mixin.py:154} INFO - [2023-11-26T17:58:03.910+0000] {dagbag.py:536} INFO - Filling up the DagBag from /home/airflow/.local/lib/python3.8/site-packages/airflow/example_dags/example_short_circuit_decorator.py
[2023-11-26T17:58:03.944+0000] {processor.py:839} INFO - DAG(s) dict_keys(['example_short_circuit_decorator']) retrieved from /home/airflow/.local/lib/python3.8/site-packages/airflow/example_dags/example_short_circuit_decorator.py
[2023-11-26T17:58:04.033+0000] {logging_mixin.py:154} INFO - [2023-11-26T17:58:04.033+0000] {dag.py:2941} INFO - Sync 1 DAGs
[2023-11-26T17:58:04.093+0000] {logging_mixin.py:154} INFO - [2023-11-26T17:58:04.093+0000] {dag.py:3722} INFO - Setting next_dagrun for example_short_circuit_decorator to 2023-11-25T17:58:04.092606+00:00, run_after=2023-11-26T17:58:04.092606+00:00
[2023-11-26T17:58:04.145+0000] {processor.py:179} INFO - Processing /home/airflow/.local/lib/python3.8/site-packages/airflow/example_dags/example_short_circuit_decorator.py took 0.266 seconds
[2023-11-26T17:58:36.672+0000] {processor.py:157} INFO - Started process (PID=1319) to work on /home/airflow/.local/lib/python3.8/site-packages/airflow/example_dags/example_short_circuit_decorator.py
[2023-11-26T17:58:36.675+0000] {processor.py:829} INFO - Processing file /home/airflow/.local/lib/python3.8/site-packages/airflow/example_dags/example_short_circuit_decorator.py for tasks to queue
[2023-11-26T17:58:36.683+0000] {logging_mixin.py:154} INFO - [2023-11-26T17:58:36.680+0000] {dagbag.py:536} INFO - Filling up the DagBag from /home/airflow/.local/lib/python3.8/site-packages/airflow/example_dags/example_short_circuit_decorator.py
[2023-11-26T17:58:36.708+0000] {processor.py:839} INFO - DAG(s) dict_keys(['example_short_circuit_decorator']) retrieved from /home/airflow/.local/lib/python3.8/site-packages/airflow/example_dags/example_short_circuit_decorator.py
[2023-11-26T17:58:36.774+0000] {logging_mixin.py:154} INFO - [2023-11-26T17:58:36.773+0000] {dag.py:2941} INFO - Sync 1 DAGs
[2023-11-26T17:58:36.843+0000] {logging_mixin.py:154} INFO - [2023-11-26T17:58:36.843+0000] {dag.py:3722} INFO - Setting next_dagrun for example_short_circuit_decorator to 2023-11-25T17:58:36.842334+00:00, run_after=2023-11-26T17:58:36.842334+00:00
[2023-11-26T17:58:36.894+0000] {processor.py:179} INFO - Processing /home/airflow/.local/lib/python3.8/site-packages/airflow/example_dags/example_short_circuit_decorator.py took 0.230 seconds
[2023-11-26T17:59:11.416+0000] {processor.py:157} INFO - Started process (PID=1371) to work on /home/airflow/.local/lib/python3.8/site-packages/airflow/example_dags/example_short_circuit_decorator.py
[2023-11-26T17:59:11.545+0000] {processor.py:829} INFO - Processing file /home/airflow/.local/lib/python3.8/site-packages/airflow/example_dags/example_short_circuit_decorator.py for tasks to queue
[2023-11-26T17:59:11.612+0000] {logging_mixin.py:154} INFO - [2023-11-26T17:59:11.598+0000] {dagbag.py:536} INFO - Filling up the DagBag from /home/airflow/.local/lib/python3.8/site-packages/airflow/example_dags/example_short_circuit_decorator.py
[2023-11-26T17:59:12.046+0000] {processor.py:839} INFO - DAG(s) dict_keys(['example_short_circuit_decorator']) retrieved from /home/airflow/.local/lib/python3.8/site-packages/airflow/example_dags/example_short_circuit_decorator.py
[2023-11-26T17:59:12.566+0000] {logging_mixin.py:154} INFO - [2023-11-26T17:59:12.566+0000] {dag.py:2941} INFO - Sync 1 DAGs
[2023-11-26T17:59:13.178+0000] {logging_mixin.py:154} INFO - [2023-11-26T17:59:13.178+0000] {dag.py:3722} INFO - Setting next_dagrun for example_short_circuit_decorator to 2023-11-25T17:59:13.177491+00:00, run_after=2023-11-26T17:59:13.177491+00:00
[2023-11-26T17:59:13.254+0000] {processor.py:179} INFO - Processing /home/airflow/.local/lib/python3.8/site-packages/airflow/example_dags/example_short_circuit_decorator.py took 2.023 seconds
[2023-11-26T17:59:43.936+0000] {processor.py:157} INFO - Started process (PID=1431) to work on /home/airflow/.local/lib/python3.8/site-packages/airflow/example_dags/example_short_circuit_decorator.py
[2023-11-26T17:59:43.960+0000] {processor.py:829} INFO - Processing file /home/airflow/.local/lib/python3.8/site-packages/airflow/example_dags/example_short_circuit_decorator.py for tasks to queue
[2023-11-26T17:59:43.969+0000] {logging_mixin.py:154} INFO - [2023-11-26T17:59:43.969+0000] {dagbag.py:536} INFO - Filling up the DagBag from /home/airflow/.local/lib/python3.8/site-packages/airflow/example_dags/example_short_circuit_decorator.py
[2023-11-26T17:59:43.998+0000] {processor.py:839} INFO - DAG(s) dict_keys(['example_short_circuit_decorator']) retrieved from /home/airflow/.local/lib/python3.8/site-packages/airflow/example_dags/example_short_circuit_decorator.py
[2023-11-26T17:59:44.089+0000] {logging_mixin.py:154} INFO - [2023-11-26T17:59:44.088+0000] {dag.py:2941} INFO - Sync 1 DAGs
[2023-11-26T17:59:44.809+0000] {logging_mixin.py:154} INFO - [2023-11-26T17:59:44.807+0000] {dag.py:3722} INFO - Setting next_dagrun for example_short_circuit_decorator to 2023-11-25T17:59:44.807181+00:00, run_after=2023-11-26T17:59:44.807181+00:00
[2023-11-26T17:59:44.870+0000] {processor.py:179} INFO - Processing /home/airflow/.local/lib/python3.8/site-packages/airflow/example_dags/example_short_circuit_decorator.py took 0.955 seconds
[2023-11-26T18:00:15.376+0000] {processor.py:157} INFO - Started process (PID=1484) to work on /home/airflow/.local/lib/python3.8/site-packages/airflow/example_dags/example_short_circuit_decorator.py
[2023-11-26T18:00:15.380+0000] {processor.py:829} INFO - Processing file /home/airflow/.local/lib/python3.8/site-packages/airflow/example_dags/example_short_circuit_decorator.py for tasks to queue
[2023-11-26T18:00:15.399+0000] {logging_mixin.py:154} INFO - [2023-11-26T18:00:15.398+0000] {dagbag.py:536} INFO - Filling up the DagBag from /home/airflow/.local/lib/python3.8/site-packages/airflow/example_dags/example_short_circuit_decorator.py
[2023-11-26T18:00:15.604+0000] {processor.py:839} INFO - DAG(s) dict_keys(['example_short_circuit_decorator']) retrieved from /home/airflow/.local/lib/python3.8/site-packages/airflow/example_dags/example_short_circuit_decorator.py
[2023-11-26T18:00:16.432+0000] {logging_mixin.py:154} INFO - [2023-11-26T18:00:16.431+0000] {dag.py:2941} INFO - Sync 1 DAGs
[2023-11-26T18:00:16.664+0000] {logging_mixin.py:154} INFO - [2023-11-26T18:00:16.663+0000] {dag.py:3722} INFO - Setting next_dagrun for example_short_circuit_decorator to 2023-11-25T18:00:16.657690+00:00, run_after=2023-11-26T18:00:16.657690+00:00
[2023-11-26T18:00:16.763+0000] {processor.py:179} INFO - Processing /home/airflow/.local/lib/python3.8/site-packages/airflow/example_dags/example_short_circuit_decorator.py took 1.596 seconds
[2023-11-26T18:00:47.773+0000] {processor.py:157} INFO - Started process (PID=1538) to work on /home/airflow/.local/lib/python3.8/site-packages/airflow/example_dags/example_short_circuit_decorator.py
[2023-11-26T18:00:47.808+0000] {processor.py:829} INFO - Processing file /home/airflow/.local/lib/python3.8/site-packages/airflow/example_dags/example_short_circuit_decorator.py for tasks to queue
[2023-11-26T18:00:47.888+0000] {logging_mixin.py:154} INFO - [2023-11-26T18:00:47.886+0000] {dagbag.py:536} INFO - Filling up the DagBag from /home/airflow/.local/lib/python3.8/site-packages/airflow/example_dags/example_short_circuit_decorator.py
[2023-11-26T18:00:47.990+0000] {processor.py:839} INFO - DAG(s) dict_keys(['example_short_circuit_decorator']) retrieved from /home/airflow/.local/lib/python3.8/site-packages/airflow/example_dags/example_short_circuit_decorator.py
[2023-11-26T18:00:48.318+0000] {logging_mixin.py:154} INFO - [2023-11-26T18:00:48.318+0000] {dag.py:2941} INFO - Sync 1 DAGs
[2023-11-26T18:00:48.426+0000] {logging_mixin.py:154} INFO - [2023-11-26T18:00:48.425+0000] {dag.py:3722} INFO - Setting next_dagrun for example_short_circuit_decorator to 2023-11-25T18:00:48.424006+00:00, run_after=2023-11-26T18:00:48.424006+00:00
[2023-11-26T18:00:48.532+0000] {processor.py:179} INFO - Processing /home/airflow/.local/lib/python3.8/site-packages/airflow/example_dags/example_short_circuit_decorator.py took 0.834 seconds
[2023-11-26T18:01:18.685+0000] {processor.py:157} INFO - Started process (PID=1592) to work on /home/airflow/.local/lib/python3.8/site-packages/airflow/example_dags/example_short_circuit_decorator.py
[2023-11-26T18:01:18.688+0000] {processor.py:829} INFO - Processing file /home/airflow/.local/lib/python3.8/site-packages/airflow/example_dags/example_short_circuit_decorator.py for tasks to queue
[2023-11-26T18:01:18.693+0000] {logging_mixin.py:154} INFO - [2023-11-26T18:01:18.693+0000] {dagbag.py:536} INFO - Filling up the DagBag from /home/airflow/.local/lib/python3.8/site-packages/airflow/example_dags/example_short_circuit_decorator.py
[2023-11-26T18:01:18.725+0000] {processor.py:839} INFO - DAG(s) dict_keys(['example_short_circuit_decorator']) retrieved from /home/airflow/.local/lib/python3.8/site-packages/airflow/example_dags/example_short_circuit_decorator.py
[2023-11-26T18:01:18.784+0000] {logging_mixin.py:154} INFO - [2023-11-26T18:01:18.784+0000] {dag.py:2941} INFO - Sync 1 DAGs
[2023-11-26T18:01:18.834+0000] {logging_mixin.py:154} INFO - [2023-11-26T18:01:18.834+0000] {dag.py:3722} INFO - Setting next_dagrun for example_short_circuit_decorator to 2023-11-25T18:01:18.833998+00:00, run_after=2023-11-26T18:01:18.833998+00:00
[2023-11-26T18:01:18.881+0000] {processor.py:179} INFO - Processing /home/airflow/.local/lib/python3.8/site-packages/airflow/example_dags/example_short_circuit_decorator.py took 0.203 seconds
[2023-11-26T18:01:49.175+0000] {processor.py:157} INFO - Started process (PID=1645) to work on /home/airflow/.local/lib/python3.8/site-packages/airflow/example_dags/example_short_circuit_decorator.py
[2023-11-26T18:01:49.177+0000] {processor.py:829} INFO - Processing file /home/airflow/.local/lib/python3.8/site-packages/airflow/example_dags/example_short_circuit_decorator.py for tasks to queue
[2023-11-26T18:01:49.188+0000] {logging_mixin.py:154} INFO - [2023-11-26T18:01:49.188+0000] {dagbag.py:536} INFO - Filling up the DagBag from /home/airflow/.local/lib/python3.8/site-packages/airflow/example_dags/example_short_circuit_decorator.py
[2023-11-26T18:01:49.214+0000] {processor.py:839} INFO - DAG(s) dict_keys(['example_short_circuit_decorator']) retrieved from /home/airflow/.local/lib/python3.8/site-packages/airflow/example_dags/example_short_circuit_decorator.py
[2023-11-26T18:01:49.284+0000] {logging_mixin.py:154} INFO - [2023-11-26T18:01:49.283+0000] {dag.py:2941} INFO - Sync 1 DAGs
[2023-11-26T18:01:49.350+0000] {logging_mixin.py:154} INFO - [2023-11-26T18:01:49.349+0000] {dag.py:3722} INFO - Setting next_dagrun for example_short_circuit_decorator to 2023-11-25T18:01:49.349057+00:00, run_after=2023-11-26T18:01:49.349057+00:00
[2023-11-26T18:01:49.398+0000] {processor.py:179} INFO - Processing /home/airflow/.local/lib/python3.8/site-packages/airflow/example_dags/example_short_circuit_decorator.py took 0.232 seconds
[2023-11-26T18:02:19.642+0000] {processor.py:157} INFO - Started process (PID=1699) to work on /home/airflow/.local/lib/python3.8/site-packages/airflow/example_dags/example_short_circuit_decorator.py
[2023-11-26T18:02:19.645+0000] {processor.py:829} INFO - Processing file /home/airflow/.local/lib/python3.8/site-packages/airflow/example_dags/example_short_circuit_decorator.py for tasks to queue
[2023-11-26T18:02:19.651+0000] {logging_mixin.py:154} INFO - [2023-11-26T18:02:19.650+0000] {dagbag.py:536} INFO - Filling up the DagBag from /home/airflow/.local/lib/python3.8/site-packages/airflow/example_dags/example_short_circuit_decorator.py
[2023-11-26T18:02:19.685+0000] {processor.py:839} INFO - DAG(s) dict_keys(['example_short_circuit_decorator']) retrieved from /home/airflow/.local/lib/python3.8/site-packages/airflow/example_dags/example_short_circuit_decorator.py
[2023-11-26T18:02:19.759+0000] {logging_mixin.py:154} INFO - [2023-11-26T18:02:19.759+0000] {dag.py:2941} INFO - Sync 1 DAGs
[2023-11-26T18:02:19.822+0000] {logging_mixin.py:154} INFO - [2023-11-26T18:02:19.821+0000] {dag.py:3722} INFO - Setting next_dagrun for example_short_circuit_decorator to 2023-11-25T18:02:19.821562+00:00, run_after=2023-11-26T18:02:19.821562+00:00
[2023-11-26T18:02:19.880+0000] {processor.py:179} INFO - Processing /home/airflow/.local/lib/python3.8/site-packages/airflow/example_dags/example_short_circuit_decorator.py took 0.245 seconds
[2023-11-26T18:02:50.238+0000] {processor.py:157} INFO - Started process (PID=1753) to work on /home/airflow/.local/lib/python3.8/site-packages/airflow/example_dags/example_short_circuit_decorator.py
[2023-11-26T18:02:50.240+0000] {processor.py:829} INFO - Processing file /home/airflow/.local/lib/python3.8/site-packages/airflow/example_dags/example_short_circuit_decorator.py for tasks to queue
[2023-11-26T18:02:50.255+0000] {logging_mixin.py:154} INFO - [2023-11-26T18:02:50.251+0000] {dagbag.py:536} INFO - Filling up the DagBag from /home/airflow/.local/lib/python3.8/site-packages/airflow/example_dags/example_short_circuit_decorator.py
[2023-11-26T18:02:50.295+0000] {processor.py:839} INFO - DAG(s) dict_keys(['example_short_circuit_decorator']) retrieved from /home/airflow/.local/lib/python3.8/site-packages/airflow/example_dags/example_short_circuit_decorator.py
[2023-11-26T18:02:50.411+0000] {logging_mixin.py:154} INFO - [2023-11-26T18:02:50.411+0000] {dag.py:2941} INFO - Sync 1 DAGs
[2023-11-26T18:02:50.529+0000] {logging_mixin.py:154} INFO - [2023-11-26T18:02:50.528+0000] {dag.py:3722} INFO - Setting next_dagrun for example_short_circuit_decorator to 2023-11-25T18:02:50.528304+00:00, run_after=2023-11-26T18:02:50.528304+00:00
[2023-11-26T18:02:50.653+0000] {processor.py:179} INFO - Processing /home/airflow/.local/lib/python3.8/site-packages/airflow/example_dags/example_short_circuit_decorator.py took 0.430 seconds
[2023-11-26T18:03:20.993+0000] {processor.py:157} INFO - Started process (PID=1807) to work on /home/airflow/.local/lib/python3.8/site-packages/airflow/example_dags/example_short_circuit_decorator.py
[2023-11-26T18:03:21.013+0000] {processor.py:829} INFO - Processing file /home/airflow/.local/lib/python3.8/site-packages/airflow/example_dags/example_short_circuit_decorator.py for tasks to queue
[2023-11-26T18:03:21.058+0000] {logging_mixin.py:154} INFO - [2023-11-26T18:03:21.048+0000] {dagbag.py:536} INFO - Filling up the DagBag from /home/airflow/.local/lib/python3.8/site-packages/airflow/example_dags/example_short_circuit_decorator.py
[2023-11-26T18:03:21.130+0000] {processor.py:839} INFO - DAG(s) dict_keys(['example_short_circuit_decorator']) retrieved from /home/airflow/.local/lib/python3.8/site-packages/airflow/example_dags/example_short_circuit_decorator.py
[2023-11-26T18:03:21.343+0000] {logging_mixin.py:154} INFO - [2023-11-26T18:03:21.342+0000] {dag.py:2941} INFO - Sync 1 DAGs
[2023-11-26T18:03:21.413+0000] {logging_mixin.py:154} INFO - [2023-11-26T18:03:21.412+0000] {dag.py:3722} INFO - Setting next_dagrun for example_short_circuit_decorator to 2023-11-25T18:03:21.412297+00:00, run_after=2023-11-26T18:03:21.412297+00:00
[2023-11-26T18:03:21.462+0000] {processor.py:179} INFO - Processing /home/airflow/.local/lib/python3.8/site-packages/airflow/example_dags/example_short_circuit_decorator.py took 0.525 seconds
