[2023-11-26T17:42:30.824+0000] {processor.py:157} INFO - Started process (PID=80) to work on /home/airflow/.local/lib/python3.8/site-packages/airflow/example_dags/example_sensors.py
[2023-11-26T17:42:30.827+0000] {processor.py:829} INFO - Processing file /home/airflow/.local/lib/python3.8/site-packages/airflow/example_dags/example_sensors.py for tasks to queue
[2023-11-26T17:42:30.852+0000] {logging_mixin.py:154} INFO - [2023-11-26T17:42:30.851+0000] {dagbag.py:536} INFO - Filling up the DagBag from /home/airflow/.local/lib/python3.8/site-packages/airflow/example_dags/example_sensors.py
[2023-11-26T17:42:31.322+0000] {processor.py:839} INFO - DAG(s) dict_keys(['example_sensors']) retrieved from /home/airflow/.local/lib/python3.8/site-packages/airflow/example_dags/example_sensors.py
[2023-11-26T17:42:32.039+0000] {logging_mixin.py:154} INFO - [2023-11-26T17:42:32.039+0000] {dag.py:2941} INFO - Sync 1 DAGs
[2023-11-26T17:42:32.202+0000] {logging_mixin.py:154} INFO - [2023-11-26T17:42:32.201+0000] {dag.py:3722} INFO - Setting next_dagrun for example_sensors to None, run_after=None
[2023-11-26T17:42:33.010+0000] {processor.py:179} INFO - Processing /home/airflow/.local/lib/python3.8/site-packages/airflow/example_dags/example_sensors.py took 2.265 seconds
[2023-11-26T17:46:21.964+0000] {processor.py:157} INFO - Started process (PID=82) to work on /home/airflow/.local/lib/python3.8/site-packages/airflow/example_dags/example_sensors.py
[2023-11-26T17:46:21.975+0000] {processor.py:829} INFO - Processing file /home/airflow/.local/lib/python3.8/site-packages/airflow/example_dags/example_sensors.py for tasks to queue
[2023-11-26T17:46:22.001+0000] {logging_mixin.py:154} INFO - [2023-11-26T17:46:22.001+0000] {dagbag.py:536} INFO - Filling up the DagBag from /home/airflow/.local/lib/python3.8/site-packages/airflow/example_dags/example_sensors.py
[2023-11-26T17:46:22.141+0000] {processor.py:839} INFO - DAG(s) dict_keys(['example_sensors']) retrieved from /home/airflow/.local/lib/python3.8/site-packages/airflow/example_dags/example_sensors.py
[2023-11-26T17:46:22.768+0000] {logging_mixin.py:154} INFO - [2023-11-26T17:46:22.767+0000] {dag.py:2941} INFO - Sync 1 DAGs
[2023-11-26T17:46:23.149+0000] {logging_mixin.py:154} INFO - [2023-11-26T17:46:23.148+0000] {dag.py:3722} INFO - Setting next_dagrun for example_sensors to None, run_after=None
[2023-11-26T17:46:23.907+0000] {processor.py:179} INFO - Processing /home/airflow/.local/lib/python3.8/site-packages/airflow/example_dags/example_sensors.py took 1.951 seconds
[2023-11-26T17:46:54.993+0000] {processor.py:157} INFO - Started process (PID=142) to work on /home/airflow/.local/lib/python3.8/site-packages/airflow/example_dags/example_sensors.py
[2023-11-26T17:46:55.036+0000] {processor.py:829} INFO - Processing file /home/airflow/.local/lib/python3.8/site-packages/airflow/example_dags/example_sensors.py for tasks to queue
[2023-11-26T17:46:55.056+0000] {logging_mixin.py:154} INFO - [2023-11-26T17:46:55.055+0000] {dagbag.py:536} INFO - Filling up the DagBag from /home/airflow/.local/lib/python3.8/site-packages/airflow/example_dags/example_sensors.py
[2023-11-26T17:46:55.163+0000] {processor.py:839} INFO - DAG(s) dict_keys(['example_sensors']) retrieved from /home/airflow/.local/lib/python3.8/site-packages/airflow/example_dags/example_sensors.py
[2023-11-26T17:46:55.342+0000] {logging_mixin.py:154} INFO - [2023-11-26T17:46:55.342+0000] {dag.py:2941} INFO - Sync 1 DAGs
[2023-11-26T17:46:55.514+0000] {logging_mixin.py:154} INFO - [2023-11-26T17:46:55.514+0000] {dag.py:3722} INFO - Setting next_dagrun for example_sensors to None, run_after=None
[2023-11-26T17:46:55.595+0000] {processor.py:179} INFO - Processing /home/airflow/.local/lib/python3.8/site-packages/airflow/example_dags/example_sensors.py took 0.628 seconds
[2023-11-26T17:47:26.339+0000] {processor.py:157} INFO - Started process (PID=197) to work on /home/airflow/.local/lib/python3.8/site-packages/airflow/example_dags/example_sensors.py
[2023-11-26T17:47:26.342+0000] {processor.py:829} INFO - Processing file /home/airflow/.local/lib/python3.8/site-packages/airflow/example_dags/example_sensors.py for tasks to queue
[2023-11-26T17:47:26.347+0000] {logging_mixin.py:154} INFO - [2023-11-26T17:47:26.346+0000] {dagbag.py:536} INFO - Filling up the DagBag from /home/airflow/.local/lib/python3.8/site-packages/airflow/example_dags/example_sensors.py
[2023-11-26T17:47:26.379+0000] {processor.py:839} INFO - DAG(s) dict_keys(['example_sensors']) retrieved from /home/airflow/.local/lib/python3.8/site-packages/airflow/example_dags/example_sensors.py
[2023-11-26T17:47:26.452+0000] {logging_mixin.py:154} INFO - [2023-11-26T17:47:26.449+0000] {dag.py:2941} INFO - Sync 1 DAGs
[2023-11-26T17:47:26.487+0000] {logging_mixin.py:154} INFO - [2023-11-26T17:47:26.487+0000] {dag.py:3722} INFO - Setting next_dagrun for example_sensors to None, run_after=None
[2023-11-26T17:47:26.535+0000] {processor.py:179} INFO - Processing /home/airflow/.local/lib/python3.8/site-packages/airflow/example_dags/example_sensors.py took 0.205 seconds
[2023-11-26T17:47:56.602+0000] {processor.py:157} INFO - Started process (PID=250) to work on /home/airflow/.local/lib/python3.8/site-packages/airflow/example_dags/example_sensors.py
[2023-11-26T17:47:56.605+0000] {processor.py:829} INFO - Processing file /home/airflow/.local/lib/python3.8/site-packages/airflow/example_dags/example_sensors.py for tasks to queue
[2023-11-26T17:47:56.612+0000] {logging_mixin.py:154} INFO - [2023-11-26T17:47:56.612+0000] {dagbag.py:536} INFO - Filling up the DagBag from /home/airflow/.local/lib/python3.8/site-packages/airflow/example_dags/example_sensors.py
[2023-11-26T17:47:56.635+0000] {processor.py:839} INFO - DAG(s) dict_keys(['example_sensors']) retrieved from /home/airflow/.local/lib/python3.8/site-packages/airflow/example_dags/example_sensors.py
[2023-11-26T17:47:56.700+0000] {logging_mixin.py:154} INFO - [2023-11-26T17:47:56.700+0000] {dag.py:2941} INFO - Sync 1 DAGs
[2023-11-26T17:47:56.732+0000] {logging_mixin.py:154} INFO - [2023-11-26T17:47:56.731+0000] {dag.py:3722} INFO - Setting next_dagrun for example_sensors to None, run_after=None
[2023-11-26T17:47:56.779+0000] {processor.py:179} INFO - Processing /home/airflow/.local/lib/python3.8/site-packages/airflow/example_dags/example_sensors.py took 0.186 seconds
[2023-11-26T17:48:27.765+0000] {processor.py:157} INFO - Started process (PID=304) to work on /home/airflow/.local/lib/python3.8/site-packages/airflow/example_dags/example_sensors.py
[2023-11-26T17:48:27.767+0000] {processor.py:829} INFO - Processing file /home/airflow/.local/lib/python3.8/site-packages/airflow/example_dags/example_sensors.py for tasks to queue
[2023-11-26T17:48:27.773+0000] {logging_mixin.py:154} INFO - [2023-11-26T17:48:27.772+0000] {dagbag.py:536} INFO - Filling up the DagBag from /home/airflow/.local/lib/python3.8/site-packages/airflow/example_dags/example_sensors.py
[2023-11-26T17:48:27.798+0000] {processor.py:839} INFO - DAG(s) dict_keys(['example_sensors']) retrieved from /home/airflow/.local/lib/python3.8/site-packages/airflow/example_dags/example_sensors.py
[2023-11-26T17:48:27.863+0000] {logging_mixin.py:154} INFO - [2023-11-26T17:48:27.862+0000] {dag.py:2941} INFO - Sync 1 DAGs
[2023-11-26T17:48:27.901+0000] {logging_mixin.py:154} INFO - [2023-11-26T17:48:27.900+0000] {dag.py:3722} INFO - Setting next_dagrun for example_sensors to None, run_after=None
[2023-11-26T17:48:27.945+0000] {processor.py:179} INFO - Processing /home/airflow/.local/lib/python3.8/site-packages/airflow/example_dags/example_sensors.py took 0.188 seconds
[2023-11-26T17:48:58.025+0000] {processor.py:157} INFO - Started process (PID=356) to work on /home/airflow/.local/lib/python3.8/site-packages/airflow/example_dags/example_sensors.py
[2023-11-26T17:48:58.028+0000] {processor.py:829} INFO - Processing file /home/airflow/.local/lib/python3.8/site-packages/airflow/example_dags/example_sensors.py for tasks to queue
[2023-11-26T17:48:58.038+0000] {logging_mixin.py:154} INFO - [2023-11-26T17:48:58.034+0000] {dagbag.py:536} INFO - Filling up the DagBag from /home/airflow/.local/lib/python3.8/site-packages/airflow/example_dags/example_sensors.py
[2023-11-26T17:48:58.093+0000] {processor.py:839} INFO - DAG(s) dict_keys(['example_sensors']) retrieved from /home/airflow/.local/lib/python3.8/site-packages/airflow/example_dags/example_sensors.py
[2023-11-26T17:48:58.211+0000] {logging_mixin.py:154} INFO - [2023-11-26T17:48:58.211+0000] {dag.py:2941} INFO - Sync 1 DAGs
[2023-11-26T17:48:58.264+0000] {logging_mixin.py:154} INFO - [2023-11-26T17:48:58.264+0000] {dag.py:3722} INFO - Setting next_dagrun for example_sensors to None, run_after=None
[2023-11-26T17:48:58.343+0000] {processor.py:179} INFO - Processing /home/airflow/.local/lib/python3.8/site-packages/airflow/example_dags/example_sensors.py took 0.329 seconds
[2023-11-26T17:49:28.629+0000] {processor.py:157} INFO - Started process (PID=409) to work on /home/airflow/.local/lib/python3.8/site-packages/airflow/example_dags/example_sensors.py
[2023-11-26T17:49:28.642+0000] {processor.py:829} INFO - Processing file /home/airflow/.local/lib/python3.8/site-packages/airflow/example_dags/example_sensors.py for tasks to queue
[2023-11-26T17:49:28.655+0000] {logging_mixin.py:154} INFO - [2023-11-26T17:49:28.653+0000] {dagbag.py:536} INFO - Filling up the DagBag from /home/airflow/.local/lib/python3.8/site-packages/airflow/example_dags/example_sensors.py
[2023-11-26T17:49:28.702+0000] {processor.py:839} INFO - DAG(s) dict_keys(['example_sensors']) retrieved from /home/airflow/.local/lib/python3.8/site-packages/airflow/example_dags/example_sensors.py
[2023-11-26T17:49:28.798+0000] {logging_mixin.py:154} INFO - [2023-11-26T17:49:28.797+0000] {dag.py:2941} INFO - Sync 1 DAGs
[2023-11-26T17:49:28.846+0000] {logging_mixin.py:154} INFO - [2023-11-26T17:49:28.846+0000] {dag.py:3722} INFO - Setting next_dagrun for example_sensors to None, run_after=None
[2023-11-26T17:49:28.905+0000] {processor.py:179} INFO - Processing /home/airflow/.local/lib/python3.8/site-packages/airflow/example_dags/example_sensors.py took 0.285 seconds
[2023-11-26T17:49:59.509+0000] {processor.py:157} INFO - Started process (PID=461) to work on /home/airflow/.local/lib/python3.8/site-packages/airflow/example_dags/example_sensors.py
[2023-11-26T17:49:59.512+0000] {processor.py:829} INFO - Processing file /home/airflow/.local/lib/python3.8/site-packages/airflow/example_dags/example_sensors.py for tasks to queue
[2023-11-26T17:49:59.518+0000] {logging_mixin.py:154} INFO - [2023-11-26T17:49:59.518+0000] {dagbag.py:536} INFO - Filling up the DagBag from /home/airflow/.local/lib/python3.8/site-packages/airflow/example_dags/example_sensors.py
[2023-11-26T17:49:59.545+0000] {processor.py:839} INFO - DAG(s) dict_keys(['example_sensors']) retrieved from /home/airflow/.local/lib/python3.8/site-packages/airflow/example_dags/example_sensors.py
[2023-11-26T17:49:59.860+0000] {logging_mixin.py:154} INFO - [2023-11-26T17:49:59.859+0000] {dag.py:2941} INFO - Sync 1 DAGs
[2023-11-26T17:49:59.961+0000] {logging_mixin.py:154} INFO - [2023-11-26T17:49:59.961+0000] {dag.py:3722} INFO - Setting next_dagrun for example_sensors to None, run_after=None
[2023-11-26T17:50:00.114+0000] {processor.py:179} INFO - Processing /home/airflow/.local/lib/python3.8/site-packages/airflow/example_dags/example_sensors.py took 0.615 seconds
[2023-11-26T17:50:31.080+0000] {processor.py:157} INFO - Started process (PID=515) to work on /home/airflow/.local/lib/python3.8/site-packages/airflow/example_dags/example_sensors.py
[2023-11-26T17:50:31.083+0000] {processor.py:829} INFO - Processing file /home/airflow/.local/lib/python3.8/site-packages/airflow/example_dags/example_sensors.py for tasks to queue
[2023-11-26T17:50:31.089+0000] {logging_mixin.py:154} INFO - [2023-11-26T17:50:31.089+0000] {dagbag.py:536} INFO - Filling up the DagBag from /home/airflow/.local/lib/python3.8/site-packages/airflow/example_dags/example_sensors.py
[2023-11-26T17:50:31.135+0000] {processor.py:839} INFO - DAG(s) dict_keys(['example_sensors']) retrieved from /home/airflow/.local/lib/python3.8/site-packages/airflow/example_dags/example_sensors.py
[2023-11-26T17:50:31.238+0000] {logging_mixin.py:154} INFO - [2023-11-26T17:50:31.237+0000] {dag.py:2941} INFO - Sync 1 DAGs
[2023-11-26T17:50:31.279+0000] {logging_mixin.py:154} INFO - [2023-11-26T17:50:31.277+0000] {dag.py:3722} INFO - Setting next_dagrun for example_sensors to None, run_after=None
[2023-11-26T17:50:31.333+0000] {processor.py:179} INFO - Processing /home/airflow/.local/lib/python3.8/site-packages/airflow/example_dags/example_sensors.py took 0.266 seconds
[2023-11-26T17:51:02.089+0000] {processor.py:157} INFO - Started process (PID=569) to work on /home/airflow/.local/lib/python3.8/site-packages/airflow/example_dags/example_sensors.py
[2023-11-26T17:51:02.091+0000] {processor.py:829} INFO - Processing file /home/airflow/.local/lib/python3.8/site-packages/airflow/example_dags/example_sensors.py for tasks to queue
[2023-11-26T17:51:02.102+0000] {logging_mixin.py:154} INFO - [2023-11-26T17:51:02.101+0000] {dagbag.py:536} INFO - Filling up the DagBag from /home/airflow/.local/lib/python3.8/site-packages/airflow/example_dags/example_sensors.py
[2023-11-26T17:51:02.187+0000] {processor.py:839} INFO - DAG(s) dict_keys(['example_sensors']) retrieved from /home/airflow/.local/lib/python3.8/site-packages/airflow/example_dags/example_sensors.py
[2023-11-26T17:51:02.291+0000] {logging_mixin.py:154} INFO - [2023-11-26T17:51:02.290+0000] {dag.py:2941} INFO - Sync 1 DAGs
[2023-11-26T17:51:02.340+0000] {logging_mixin.py:154} INFO - [2023-11-26T17:51:02.339+0000] {dag.py:3722} INFO - Setting next_dagrun for example_sensors to None, run_after=None
[2023-11-26T17:51:02.406+0000] {processor.py:179} INFO - Processing /home/airflow/.local/lib/python3.8/site-packages/airflow/example_dags/example_sensors.py took 0.328 seconds
[2023-11-26T17:51:35.837+0000] {processor.py:157} INFO - Started process (PID=622) to work on /home/airflow/.local/lib/python3.8/site-packages/airflow/example_dags/example_sensors.py
[2023-11-26T17:51:35.849+0000] {processor.py:829} INFO - Processing file /home/airflow/.local/lib/python3.8/site-packages/airflow/example_dags/example_sensors.py for tasks to queue
[2023-11-26T17:51:35.874+0000] {logging_mixin.py:154} INFO - [2023-11-26T17:51:35.872+0000] {dagbag.py:536} INFO - Filling up the DagBag from /home/airflow/.local/lib/python3.8/site-packages/airflow/example_dags/example_sensors.py
[2023-11-26T17:51:35.926+0000] {processor.py:839} INFO - DAG(s) dict_keys(['example_sensors']) retrieved from /home/airflow/.local/lib/python3.8/site-packages/airflow/example_dags/example_sensors.py
[2023-11-26T17:51:36.123+0000] {logging_mixin.py:154} INFO - [2023-11-26T17:51:36.122+0000] {dag.py:2941} INFO - Sync 1 DAGs
[2023-11-26T17:51:36.226+0000] {logging_mixin.py:154} INFO - [2023-11-26T17:51:36.225+0000] {dag.py:3722} INFO - Setting next_dagrun for example_sensors to None, run_after=None
[2023-11-26T17:51:36.556+0000] {processor.py:179} INFO - Processing /home/airflow/.local/lib/python3.8/site-packages/airflow/example_dags/example_sensors.py took 0.780 seconds
[2023-11-26T17:52:07.168+0000] {processor.py:157} INFO - Started process (PID=676) to work on /home/airflow/.local/lib/python3.8/site-packages/airflow/example_dags/example_sensors.py
[2023-11-26T17:52:07.172+0000] {processor.py:829} INFO - Processing file /home/airflow/.local/lib/python3.8/site-packages/airflow/example_dags/example_sensors.py for tasks to queue
[2023-11-26T17:52:07.180+0000] {logging_mixin.py:154} INFO - [2023-11-26T17:52:07.178+0000] {dagbag.py:536} INFO - Filling up the DagBag from /home/airflow/.local/lib/python3.8/site-packages/airflow/example_dags/example_sensors.py
[2023-11-26T17:52:07.222+0000] {processor.py:839} INFO - DAG(s) dict_keys(['example_sensors']) retrieved from /home/airflow/.local/lib/python3.8/site-packages/airflow/example_dags/example_sensors.py
[2023-11-26T17:52:07.341+0000] {logging_mixin.py:154} INFO - [2023-11-26T17:52:07.340+0000] {dag.py:2941} INFO - Sync 1 DAGs
[2023-11-26T17:52:07.461+0000] {logging_mixin.py:154} INFO - [2023-11-26T17:52:07.460+0000] {dag.py:3722} INFO - Setting next_dagrun for example_sensors to None, run_after=None
[2023-11-26T17:52:07.777+0000] {processor.py:179} INFO - Processing /home/airflow/.local/lib/python3.8/site-packages/airflow/example_dags/example_sensors.py took 0.617 seconds
[2023-11-26T17:52:38.043+0000] {processor.py:157} INFO - Started process (PID=731) to work on /home/airflow/.local/lib/python3.8/site-packages/airflow/example_dags/example_sensors.py
[2023-11-26T17:52:38.046+0000] {processor.py:829} INFO - Processing file /home/airflow/.local/lib/python3.8/site-packages/airflow/example_dags/example_sensors.py for tasks to queue
[2023-11-26T17:52:38.052+0000] {logging_mixin.py:154} INFO - [2023-11-26T17:52:38.052+0000] {dagbag.py:536} INFO - Filling up the DagBag from /home/airflow/.local/lib/python3.8/site-packages/airflow/example_dags/example_sensors.py
[2023-11-26T17:52:38.085+0000] {processor.py:839} INFO - DAG(s) dict_keys(['example_sensors']) retrieved from /home/airflow/.local/lib/python3.8/site-packages/airflow/example_dags/example_sensors.py
[2023-11-26T17:52:38.170+0000] {logging_mixin.py:154} INFO - [2023-11-26T17:52:38.170+0000] {dag.py:2941} INFO - Sync 1 DAGs
[2023-11-26T17:52:38.217+0000] {logging_mixin.py:154} INFO - [2023-11-26T17:52:38.216+0000] {dag.py:3722} INFO - Setting next_dagrun for example_sensors to None, run_after=None
[2023-11-26T17:52:38.283+0000] {processor.py:179} INFO - Processing /home/airflow/.local/lib/python3.8/site-packages/airflow/example_dags/example_sensors.py took 0.248 seconds
[2023-11-26T17:53:09.067+0000] {processor.py:157} INFO - Started process (PID=785) to work on /home/airflow/.local/lib/python3.8/site-packages/airflow/example_dags/example_sensors.py
[2023-11-26T17:53:09.074+0000] {processor.py:829} INFO - Processing file /home/airflow/.local/lib/python3.8/site-packages/airflow/example_dags/example_sensors.py for tasks to queue
[2023-11-26T17:53:09.079+0000] {logging_mixin.py:154} INFO - [2023-11-26T17:53:09.079+0000] {dagbag.py:536} INFO - Filling up the DagBag from /home/airflow/.local/lib/python3.8/site-packages/airflow/example_dags/example_sensors.py
[2023-11-26T17:53:09.118+0000] {processor.py:839} INFO - DAG(s) dict_keys(['example_sensors']) retrieved from /home/airflow/.local/lib/python3.8/site-packages/airflow/example_dags/example_sensors.py
[2023-11-26T17:53:09.232+0000] {logging_mixin.py:154} INFO - [2023-11-26T17:53:09.232+0000] {dag.py:2941} INFO - Sync 1 DAGs
[2023-11-26T17:53:09.287+0000] {logging_mixin.py:154} INFO - [2023-11-26T17:53:09.286+0000] {dag.py:3722} INFO - Setting next_dagrun for example_sensors to None, run_after=None
[2023-11-26T17:53:09.359+0000] {processor.py:179} INFO - Processing /home/airflow/.local/lib/python3.8/site-packages/airflow/example_dags/example_sensors.py took 0.299 seconds
[2023-11-26T17:53:39.954+0000] {processor.py:157} INFO - Started process (PID=839) to work on /home/airflow/.local/lib/python3.8/site-packages/airflow/example_dags/example_sensors.py
[2023-11-26T17:53:39.956+0000] {processor.py:829} INFO - Processing file /home/airflow/.local/lib/python3.8/site-packages/airflow/example_dags/example_sensors.py for tasks to queue
[2023-11-26T17:53:39.961+0000] {logging_mixin.py:154} INFO - [2023-11-26T17:53:39.960+0000] {dagbag.py:536} INFO - Filling up the DagBag from /home/airflow/.local/lib/python3.8/site-packages/airflow/example_dags/example_sensors.py
[2023-11-26T17:53:39.983+0000] {processor.py:839} INFO - DAG(s) dict_keys(['example_sensors']) retrieved from /home/airflow/.local/lib/python3.8/site-packages/airflow/example_dags/example_sensors.py
[2023-11-26T17:53:40.044+0000] {logging_mixin.py:154} INFO - [2023-11-26T17:53:40.043+0000] {dag.py:2941} INFO - Sync 1 DAGs
[2023-11-26T17:53:40.072+0000] {logging_mixin.py:154} INFO - [2023-11-26T17:53:40.071+0000] {dag.py:3722} INFO - Setting next_dagrun for example_sensors to None, run_after=None
[2023-11-26T17:53:40.115+0000] {processor.py:179} INFO - Processing /home/airflow/.local/lib/python3.8/site-packages/airflow/example_dags/example_sensors.py took 0.167 seconds
[2023-11-26T17:54:15.390+0000] {processor.py:157} INFO - Started process (PID=892) to work on /home/airflow/.local/lib/python3.8/site-packages/airflow/example_dags/example_sensors.py
[2023-11-26T17:54:15.401+0000] {processor.py:829} INFO - Processing file /home/airflow/.local/lib/python3.8/site-packages/airflow/example_dags/example_sensors.py for tasks to queue
[2023-11-26T17:54:15.413+0000] {logging_mixin.py:154} INFO - [2023-11-26T17:54:15.412+0000] {dagbag.py:536} INFO - Filling up the DagBag from /home/airflow/.local/lib/python3.8/site-packages/airflow/example_dags/example_sensors.py
[2023-11-26T17:54:15.461+0000] {processor.py:839} INFO - DAG(s) dict_keys(['example_sensors']) retrieved from /home/airflow/.local/lib/python3.8/site-packages/airflow/example_dags/example_sensors.py
[2023-11-26T17:54:16.113+0000] {logging_mixin.py:154} INFO - [2023-11-26T17:54:16.113+0000] {dag.py:2941} INFO - Sync 1 DAGs
[2023-11-26T17:54:16.345+0000] {logging_mixin.py:154} INFO - [2023-11-26T17:54:16.344+0000] {dag.py:3722} INFO - Setting next_dagrun for example_sensors to None, run_after=None
[2023-11-26T17:54:16.842+0000] {processor.py:179} INFO - Processing /home/airflow/.local/lib/python3.8/site-packages/airflow/example_dags/example_sensors.py took 1.507 seconds
[2023-11-26T17:54:48.409+0000] {processor.py:157} INFO - Started process (PID=946) to work on /home/airflow/.local/lib/python3.8/site-packages/airflow/example_dags/example_sensors.py
[2023-11-26T17:54:48.412+0000] {processor.py:829} INFO - Processing file /home/airflow/.local/lib/python3.8/site-packages/airflow/example_dags/example_sensors.py for tasks to queue
[2023-11-26T17:54:48.422+0000] {logging_mixin.py:154} INFO - [2023-11-26T17:54:48.421+0000] {dagbag.py:536} INFO - Filling up the DagBag from /home/airflow/.local/lib/python3.8/site-packages/airflow/example_dags/example_sensors.py
[2023-11-26T17:54:48.525+0000] {processor.py:839} INFO - DAG(s) dict_keys(['example_sensors']) retrieved from /home/airflow/.local/lib/python3.8/site-packages/airflow/example_dags/example_sensors.py
[2023-11-26T17:54:48.662+0000] {logging_mixin.py:154} INFO - [2023-11-26T17:54:48.661+0000] {dag.py:2941} INFO - Sync 1 DAGs
[2023-11-26T17:54:48.910+0000] {logging_mixin.py:154} INFO - [2023-11-26T17:54:48.910+0000] {dag.py:3722} INFO - Setting next_dagrun for example_sensors to None, run_after=None
[2023-11-26T17:54:49.007+0000] {processor.py:179} INFO - Processing /home/airflow/.local/lib/python3.8/site-packages/airflow/example_dags/example_sensors.py took 0.611 seconds
[2023-11-26T17:55:19.944+0000] {processor.py:157} INFO - Started process (PID=1001) to work on /home/airflow/.local/lib/python3.8/site-packages/airflow/example_dags/example_sensors.py
[2023-11-26T17:55:19.946+0000] {processor.py:829} INFO - Processing file /home/airflow/.local/lib/python3.8/site-packages/airflow/example_dags/example_sensors.py for tasks to queue
[2023-11-26T17:55:19.958+0000] {logging_mixin.py:154} INFO - [2023-11-26T17:55:19.957+0000] {dagbag.py:536} INFO - Filling up the DagBag from /home/airflow/.local/lib/python3.8/site-packages/airflow/example_dags/example_sensors.py
[2023-11-26T17:55:19.990+0000] {processor.py:839} INFO - DAG(s) dict_keys(['example_sensors']) retrieved from /home/airflow/.local/lib/python3.8/site-packages/airflow/example_dags/example_sensors.py
[2023-11-26T17:55:20.062+0000] {logging_mixin.py:154} INFO - [2023-11-26T17:55:20.061+0000] {dag.py:2941} INFO - Sync 1 DAGs
[2023-11-26T17:55:20.100+0000] {logging_mixin.py:154} INFO - [2023-11-26T17:55:20.100+0000] {dag.py:3722} INFO - Setting next_dagrun for example_sensors to None, run_after=None
[2023-11-26T17:55:20.437+0000] {processor.py:179} INFO - Processing /home/airflow/.local/lib/python3.8/site-packages/airflow/example_dags/example_sensors.py took 0.508 seconds
[2023-11-26T17:55:50.575+0000] {processor.py:157} INFO - Started process (PID=1055) to work on /home/airflow/.local/lib/python3.8/site-packages/airflow/example_dags/example_sensors.py
[2023-11-26T17:55:50.577+0000] {processor.py:829} INFO - Processing file /home/airflow/.local/lib/python3.8/site-packages/airflow/example_dags/example_sensors.py for tasks to queue
[2023-11-26T17:55:50.583+0000] {logging_mixin.py:154} INFO - [2023-11-26T17:55:50.582+0000] {dagbag.py:536} INFO - Filling up the DagBag from /home/airflow/.local/lib/python3.8/site-packages/airflow/example_dags/example_sensors.py
[2023-11-26T17:55:50.604+0000] {processor.py:839} INFO - DAG(s) dict_keys(['example_sensors']) retrieved from /home/airflow/.local/lib/python3.8/site-packages/airflow/example_dags/example_sensors.py
[2023-11-26T17:55:50.675+0000] {logging_mixin.py:154} INFO - [2023-11-26T17:55:50.675+0000] {dag.py:2941} INFO - Sync 1 DAGs
[2023-11-26T17:55:50.705+0000] {logging_mixin.py:154} INFO - [2023-11-26T17:55:50.705+0000] {dag.py:3722} INFO - Setting next_dagrun for example_sensors to None, run_after=None
[2023-11-26T17:55:50.766+0000] {processor.py:179} INFO - Processing /home/airflow/.local/lib/python3.8/site-packages/airflow/example_dags/example_sensors.py took 0.199 seconds
[2023-11-26T17:56:21.276+0000] {processor.py:157} INFO - Started process (PID=1109) to work on /home/airflow/.local/lib/python3.8/site-packages/airflow/example_dags/example_sensors.py
[2023-11-26T17:56:21.279+0000] {processor.py:829} INFO - Processing file /home/airflow/.local/lib/python3.8/site-packages/airflow/example_dags/example_sensors.py for tasks to queue
[2023-11-26T17:56:21.285+0000] {logging_mixin.py:154} INFO - [2023-11-26T17:56:21.284+0000] {dagbag.py:536} INFO - Filling up the DagBag from /home/airflow/.local/lib/python3.8/site-packages/airflow/example_dags/example_sensors.py
[2023-11-26T17:56:21.312+0000] {processor.py:839} INFO - DAG(s) dict_keys(['example_sensors']) retrieved from /home/airflow/.local/lib/python3.8/site-packages/airflow/example_dags/example_sensors.py
[2023-11-26T17:56:21.381+0000] {logging_mixin.py:154} INFO - [2023-11-26T17:56:21.381+0000] {dag.py:2941} INFO - Sync 1 DAGs
[2023-11-26T17:56:21.432+0000] {logging_mixin.py:154} INFO - [2023-11-26T17:56:21.432+0000] {dag.py:3722} INFO - Setting next_dagrun for example_sensors to None, run_after=None
[2023-11-26T17:56:21.490+0000] {processor.py:179} INFO - Processing /home/airflow/.local/lib/python3.8/site-packages/airflow/example_dags/example_sensors.py took 0.222 seconds
[2023-11-26T17:56:52.488+0000] {processor.py:157} INFO - Started process (PID=1163) to work on /home/airflow/.local/lib/python3.8/site-packages/airflow/example_dags/example_sensors.py
[2023-11-26T17:56:52.497+0000] {processor.py:829} INFO - Processing file /home/airflow/.local/lib/python3.8/site-packages/airflow/example_dags/example_sensors.py for tasks to queue
[2023-11-26T17:56:52.504+0000] {logging_mixin.py:154} INFO - [2023-11-26T17:56:52.504+0000] {dagbag.py:536} INFO - Filling up the DagBag from /home/airflow/.local/lib/python3.8/site-packages/airflow/example_dags/example_sensors.py
[2023-11-26T17:56:52.531+0000] {processor.py:839} INFO - DAG(s) dict_keys(['example_sensors']) retrieved from /home/airflow/.local/lib/python3.8/site-packages/airflow/example_dags/example_sensors.py
[2023-11-26T17:56:52.602+0000] {logging_mixin.py:154} INFO - [2023-11-26T17:56:52.602+0000] {dag.py:2941} INFO - Sync 1 DAGs
[2023-11-26T17:56:52.643+0000] {logging_mixin.py:154} INFO - [2023-11-26T17:56:52.643+0000] {dag.py:3722} INFO - Setting next_dagrun for example_sensors to None, run_after=None
[2023-11-26T17:56:52.692+0000] {processor.py:179} INFO - Processing /home/airflow/.local/lib/python3.8/site-packages/airflow/example_dags/example_sensors.py took 0.216 seconds
[2023-11-26T17:57:31.143+0000] {processor.py:157} INFO - Started process (PID=1218) to work on /home/airflow/.local/lib/python3.8/site-packages/airflow/example_dags/example_sensors.py
[2023-11-26T17:57:31.240+0000] {processor.py:829} INFO - Processing file /home/airflow/.local/lib/python3.8/site-packages/airflow/example_dags/example_sensors.py for tasks to queue
[2023-11-26T17:57:31.247+0000] {logging_mixin.py:154} INFO - [2023-11-26T17:57:31.246+0000] {dagbag.py:536} INFO - Filling up the DagBag from /home/airflow/.local/lib/python3.8/site-packages/airflow/example_dags/example_sensors.py
[2023-11-26T17:57:31.526+0000] {processor.py:839} INFO - DAG(s) dict_keys(['example_sensors']) retrieved from /home/airflow/.local/lib/python3.8/site-packages/airflow/example_dags/example_sensors.py
[2023-11-26T17:57:31.843+0000] {logging_mixin.py:154} INFO - [2023-11-26T17:57:31.842+0000] {dag.py:2941} INFO - Sync 1 DAGs
[2023-11-26T17:57:33.680+0000] {logging_mixin.py:154} INFO - [2023-11-26T17:57:33.679+0000] {dag.py:3722} INFO - Setting next_dagrun for example_sensors to None, run_after=None
[2023-11-26T17:57:34.217+0000] {processor.py:179} INFO - Processing /home/airflow/.local/lib/python3.8/site-packages/airflow/example_dags/example_sensors.py took 3.083 seconds
[2023-11-26T17:58:07.292+0000] {processor.py:157} INFO - Started process (PID=1272) to work on /home/airflow/.local/lib/python3.8/site-packages/airflow/example_dags/example_sensors.py
[2023-11-26T17:58:07.327+0000] {processor.py:829} INFO - Processing file /home/airflow/.local/lib/python3.8/site-packages/airflow/example_dags/example_sensors.py for tasks to queue
[2023-11-26T17:58:07.334+0000] {logging_mixin.py:154} INFO - [2023-11-26T17:58:07.333+0000] {dagbag.py:536} INFO - Filling up the DagBag from /home/airflow/.local/lib/python3.8/site-packages/airflow/example_dags/example_sensors.py
[2023-11-26T17:58:07.497+0000] {processor.py:839} INFO - DAG(s) dict_keys(['example_sensors']) retrieved from /home/airflow/.local/lib/python3.8/site-packages/airflow/example_dags/example_sensors.py
[2023-11-26T17:58:07.768+0000] {logging_mixin.py:154} INFO - [2023-11-26T17:58:07.765+0000] {dag.py:2941} INFO - Sync 1 DAGs
[2023-11-26T17:58:07.965+0000] {logging_mixin.py:154} INFO - [2023-11-26T17:58:07.965+0000] {dag.py:3722} INFO - Setting next_dagrun for example_sensors to None, run_after=None
[2023-11-26T17:58:08.027+0000] {processor.py:179} INFO - Processing /home/airflow/.local/lib/python3.8/site-packages/airflow/example_dags/example_sensors.py took 0.884 seconds
[2023-11-26T17:58:38.371+0000] {processor.py:157} INFO - Started process (PID=1326) to work on /home/airflow/.local/lib/python3.8/site-packages/airflow/example_dags/example_sensors.py
[2023-11-26T17:58:38.493+0000] {processor.py:829} INFO - Processing file /home/airflow/.local/lib/python3.8/site-packages/airflow/example_dags/example_sensors.py for tasks to queue
[2023-11-26T17:58:38.527+0000] {logging_mixin.py:154} INFO - [2023-11-26T17:58:38.526+0000] {dagbag.py:536} INFO - Filling up the DagBag from /home/airflow/.local/lib/python3.8/site-packages/airflow/example_dags/example_sensors.py
[2023-11-26T17:58:38.682+0000] {processor.py:839} INFO - DAG(s) dict_keys(['example_sensors']) retrieved from /home/airflow/.local/lib/python3.8/site-packages/airflow/example_dags/example_sensors.py
[2023-11-26T17:58:38.763+0000] {logging_mixin.py:154} INFO - [2023-11-26T17:58:38.763+0000] {dag.py:2941} INFO - Sync 1 DAGs
[2023-11-26T17:58:38.824+0000] {logging_mixin.py:154} INFO - [2023-11-26T17:58:38.823+0000] {dag.py:3722} INFO - Setting next_dagrun for example_sensors to None, run_after=None
[2023-11-26T17:58:38.887+0000] {processor.py:179} INFO - Processing /home/airflow/.local/lib/python3.8/site-packages/airflow/example_dags/example_sensors.py took 0.599 seconds
[2023-11-26T17:59:16.872+0000] {processor.py:157} INFO - Started process (PID=1387) to work on /home/airflow/.local/lib/python3.8/site-packages/airflow/example_dags/example_sensors.py
[2023-11-26T17:59:16.875+0000] {processor.py:829} INFO - Processing file /home/airflow/.local/lib/python3.8/site-packages/airflow/example_dags/example_sensors.py for tasks to queue
[2023-11-26T17:59:16.881+0000] {logging_mixin.py:154} INFO - [2023-11-26T17:59:16.880+0000] {dagbag.py:536} INFO - Filling up the DagBag from /home/airflow/.local/lib/python3.8/site-packages/airflow/example_dags/example_sensors.py
[2023-11-26T17:59:16.905+0000] {processor.py:839} INFO - DAG(s) dict_keys(['example_sensors']) retrieved from /home/airflow/.local/lib/python3.8/site-packages/airflow/example_dags/example_sensors.py
[2023-11-26T17:59:16.981+0000] {logging_mixin.py:154} INFO - [2023-11-26T17:59:16.981+0000] {dag.py:2941} INFO - Sync 1 DAGs
[2023-11-26T17:59:17.056+0000] {logging_mixin.py:154} INFO - [2023-11-26T17:59:17.056+0000] {dag.py:3722} INFO - Setting next_dagrun for example_sensors to None, run_after=None
[2023-11-26T17:59:17.108+0000] {processor.py:179} INFO - Processing /home/airflow/.local/lib/python3.8/site-packages/airflow/example_dags/example_sensors.py took 0.246 seconds
[2023-11-26T17:59:47.830+0000] {processor.py:157} INFO - Started process (PID=1439) to work on /home/airflow/.local/lib/python3.8/site-packages/airflow/example_dags/example_sensors.py
[2023-11-26T17:59:47.832+0000] {processor.py:829} INFO - Processing file /home/airflow/.local/lib/python3.8/site-packages/airflow/example_dags/example_sensors.py for tasks to queue
[2023-11-26T17:59:47.841+0000] {logging_mixin.py:154} INFO - [2023-11-26T17:59:47.840+0000] {dagbag.py:536} INFO - Filling up the DagBag from /home/airflow/.local/lib/python3.8/site-packages/airflow/example_dags/example_sensors.py
[2023-11-26T17:59:47.878+0000] {processor.py:839} INFO - DAG(s) dict_keys(['example_sensors']) retrieved from /home/airflow/.local/lib/python3.8/site-packages/airflow/example_dags/example_sensors.py
[2023-11-26T17:59:47.953+0000] {logging_mixin.py:154} INFO - [2023-11-26T17:59:47.953+0000] {dag.py:2941} INFO - Sync 1 DAGs
[2023-11-26T17:59:48.294+0000] {logging_mixin.py:154} INFO - [2023-11-26T17:59:48.293+0000] {dag.py:3722} INFO - Setting next_dagrun for example_sensors to None, run_after=None
[2023-11-26T17:59:48.368+0000] {processor.py:179} INFO - Processing /home/airflow/.local/lib/python3.8/site-packages/airflow/example_dags/example_sensors.py took 0.549 seconds
[2023-11-26T18:00:19.251+0000] {processor.py:157} INFO - Started process (PID=1492) to work on /home/airflow/.local/lib/python3.8/site-packages/airflow/example_dags/example_sensors.py
[2023-11-26T18:00:19.254+0000] {processor.py:829} INFO - Processing file /home/airflow/.local/lib/python3.8/site-packages/airflow/example_dags/example_sensors.py for tasks to queue
[2023-11-26T18:00:19.262+0000] {logging_mixin.py:154} INFO - [2023-11-26T18:00:19.261+0000] {dagbag.py:536} INFO - Filling up the DagBag from /home/airflow/.local/lib/python3.8/site-packages/airflow/example_dags/example_sensors.py
[2023-11-26T18:00:19.294+0000] {processor.py:839} INFO - DAG(s) dict_keys(['example_sensors']) retrieved from /home/airflow/.local/lib/python3.8/site-packages/airflow/example_dags/example_sensors.py
[2023-11-26T18:00:19.390+0000] {logging_mixin.py:154} INFO - [2023-11-26T18:00:19.389+0000] {dag.py:2941} INFO - Sync 1 DAGs
[2023-11-26T18:00:19.462+0000] {logging_mixin.py:154} INFO - [2023-11-26T18:00:19.462+0000] {dag.py:3722} INFO - Setting next_dagrun for example_sensors to None, run_after=None
[2023-11-26T18:00:19.565+0000] {processor.py:179} INFO - Processing /home/airflow/.local/lib/python3.8/site-packages/airflow/example_dags/example_sensors.py took 0.323 seconds
[2023-11-26T18:00:51.072+0000] {processor.py:157} INFO - Started process (PID=1546) to work on /home/airflow/.local/lib/python3.8/site-packages/airflow/example_dags/example_sensors.py
[2023-11-26T18:00:51.074+0000] {processor.py:829} INFO - Processing file /home/airflow/.local/lib/python3.8/site-packages/airflow/example_dags/example_sensors.py for tasks to queue
[2023-11-26T18:00:51.080+0000] {logging_mixin.py:154} INFO - [2023-11-26T18:00:51.080+0000] {dagbag.py:536} INFO - Filling up the DagBag from /home/airflow/.local/lib/python3.8/site-packages/airflow/example_dags/example_sensors.py
[2023-11-26T18:00:51.112+0000] {processor.py:839} INFO - DAG(s) dict_keys(['example_sensors']) retrieved from /home/airflow/.local/lib/python3.8/site-packages/airflow/example_dags/example_sensors.py
[2023-11-26T18:00:51.203+0000] {logging_mixin.py:154} INFO - [2023-11-26T18:00:51.202+0000] {dag.py:2941} INFO - Sync 1 DAGs
[2023-11-26T18:00:51.246+0000] {logging_mixin.py:154} INFO - [2023-11-26T18:00:51.244+0000] {dag.py:3722} INFO - Setting next_dagrun for example_sensors to None, run_after=None
[2023-11-26T18:00:51.346+0000] {processor.py:179} INFO - Processing /home/airflow/.local/lib/python3.8/site-packages/airflow/example_dags/example_sensors.py took 0.282 seconds
[2023-11-26T18:01:22.364+0000] {processor.py:157} INFO - Started process (PID=1600) to work on /home/airflow/.local/lib/python3.8/site-packages/airflow/example_dags/example_sensors.py
[2023-11-26T18:01:22.366+0000] {processor.py:829} INFO - Processing file /home/airflow/.local/lib/python3.8/site-packages/airflow/example_dags/example_sensors.py for tasks to queue
[2023-11-26T18:01:22.371+0000] {logging_mixin.py:154} INFO - [2023-11-26T18:01:22.370+0000] {dagbag.py:536} INFO - Filling up the DagBag from /home/airflow/.local/lib/python3.8/site-packages/airflow/example_dags/example_sensors.py
[2023-11-26T18:01:22.392+0000] {processor.py:839} INFO - DAG(s) dict_keys(['example_sensors']) retrieved from /home/airflow/.local/lib/python3.8/site-packages/airflow/example_dags/example_sensors.py
[2023-11-26T18:01:22.454+0000] {logging_mixin.py:154} INFO - [2023-11-26T18:01:22.454+0000] {dag.py:2941} INFO - Sync 1 DAGs
[2023-11-26T18:01:22.488+0000] {logging_mixin.py:154} INFO - [2023-11-26T18:01:22.487+0000] {dag.py:3722} INFO - Setting next_dagrun for example_sensors to None, run_after=None
[2023-11-26T18:01:22.531+0000] {processor.py:179} INFO - Processing /home/airflow/.local/lib/python3.8/site-packages/airflow/example_dags/example_sensors.py took 0.174 seconds
[2023-11-26T18:01:52.772+0000] {processor.py:157} INFO - Started process (PID=1653) to work on /home/airflow/.local/lib/python3.8/site-packages/airflow/example_dags/example_sensors.py
[2023-11-26T18:01:52.775+0000] {processor.py:829} INFO - Processing file /home/airflow/.local/lib/python3.8/site-packages/airflow/example_dags/example_sensors.py for tasks to queue
[2023-11-26T18:01:52.784+0000] {logging_mixin.py:154} INFO - [2023-11-26T18:01:52.784+0000] {dagbag.py:536} INFO - Filling up the DagBag from /home/airflow/.local/lib/python3.8/site-packages/airflow/example_dags/example_sensors.py
[2023-11-26T18:01:52.809+0000] {processor.py:839} INFO - DAG(s) dict_keys(['example_sensors']) retrieved from /home/airflow/.local/lib/python3.8/site-packages/airflow/example_dags/example_sensors.py
[2023-11-26T18:01:52.882+0000] {logging_mixin.py:154} INFO - [2023-11-26T18:01:52.882+0000] {dag.py:2941} INFO - Sync 1 DAGs
[2023-11-26T18:01:52.914+0000] {logging_mixin.py:154} INFO - [2023-11-26T18:01:52.914+0000] {dag.py:3722} INFO - Setting next_dagrun for example_sensors to None, run_after=None
[2023-11-26T18:01:52.961+0000] {processor.py:179} INFO - Processing /home/airflow/.local/lib/python3.8/site-packages/airflow/example_dags/example_sensors.py took 0.197 seconds
[2023-11-26T18:02:26.773+0000] {processor.py:157} INFO - Started process (PID=1707) to work on /home/airflow/.local/lib/python3.8/site-packages/airflow/example_dags/example_sensors.py
[2023-11-26T18:02:26.825+0000] {processor.py:829} INFO - Processing file /home/airflow/.local/lib/python3.8/site-packages/airflow/example_dags/example_sensors.py for tasks to queue
[2023-11-26T18:02:26.834+0000] {logging_mixin.py:154} INFO - [2023-11-26T18:02:26.833+0000] {dagbag.py:536} INFO - Filling up the DagBag from /home/airflow/.local/lib/python3.8/site-packages/airflow/example_dags/example_sensors.py
[2023-11-26T18:02:27.443+0000] {processor.py:839} INFO - DAG(s) dict_keys(['example_sensors']) retrieved from /home/airflow/.local/lib/python3.8/site-packages/airflow/example_dags/example_sensors.py
[2023-11-26T18:02:28.126+0000] {logging_mixin.py:154} INFO - [2023-11-26T18:02:28.125+0000] {dag.py:2941} INFO - Sync 1 DAGs
[2023-11-26T18:02:28.380+0000] {logging_mixin.py:154} INFO - [2023-11-26T18:02:28.379+0000] {dag.py:3722} INFO - Setting next_dagrun for example_sensors to None, run_after=None
[2023-11-26T18:02:28.540+0000] {processor.py:179} INFO - Processing /home/airflow/.local/lib/python3.8/site-packages/airflow/example_dags/example_sensors.py took 1.908 seconds
[2023-11-26T18:02:59.411+0000] {processor.py:157} INFO - Started process (PID=1761) to work on /home/airflow/.local/lib/python3.8/site-packages/airflow/example_dags/example_sensors.py
[2023-11-26T18:02:59.419+0000] {processor.py:829} INFO - Processing file /home/airflow/.local/lib/python3.8/site-packages/airflow/example_dags/example_sensors.py for tasks to queue
[2023-11-26T18:02:59.428+0000] {logging_mixin.py:154} INFO - [2023-11-26T18:02:59.428+0000] {dagbag.py:536} INFO - Filling up the DagBag from /home/airflow/.local/lib/python3.8/site-packages/airflow/example_dags/example_sensors.py
[2023-11-26T18:02:59.459+0000] {processor.py:839} INFO - DAG(s) dict_keys(['example_sensors']) retrieved from /home/airflow/.local/lib/python3.8/site-packages/airflow/example_dags/example_sensors.py
[2023-11-26T18:02:59.536+0000] {logging_mixin.py:154} INFO - [2023-11-26T18:02:59.535+0000] {dag.py:2941} INFO - Sync 1 DAGs
[2023-11-26T18:02:59.588+0000] {logging_mixin.py:154} INFO - [2023-11-26T18:02:59.587+0000] {dag.py:3722} INFO - Setting next_dagrun for example_sensors to None, run_after=None
[2023-11-26T18:02:59.662+0000] {processor.py:179} INFO - Processing /home/airflow/.local/lib/python3.8/site-packages/airflow/example_dags/example_sensors.py took 0.270 seconds
[2023-11-26T18:03:29.720+0000] {processor.py:157} INFO - Started process (PID=1815) to work on /home/airflow/.local/lib/python3.8/site-packages/airflow/example_dags/example_sensors.py
[2023-11-26T18:03:29.723+0000] {processor.py:829} INFO - Processing file /home/airflow/.local/lib/python3.8/site-packages/airflow/example_dags/example_sensors.py for tasks to queue
[2023-11-26T18:03:29.729+0000] {logging_mixin.py:154} INFO - [2023-11-26T18:03:29.728+0000] {dagbag.py:536} INFO - Filling up the DagBag from /home/airflow/.local/lib/python3.8/site-packages/airflow/example_dags/example_sensors.py
[2023-11-26T18:03:29.752+0000] {processor.py:839} INFO - DAG(s) dict_keys(['example_sensors']) retrieved from /home/airflow/.local/lib/python3.8/site-packages/airflow/example_dags/example_sensors.py
[2023-11-26T18:03:29.828+0000] {logging_mixin.py:154} INFO - [2023-11-26T18:03:29.828+0000] {dag.py:2941} INFO - Sync 1 DAGs
[2023-11-26T18:03:29.866+0000] {logging_mixin.py:154} INFO - [2023-11-26T18:03:29.866+0000] {dag.py:3722} INFO - Setting next_dagrun for example_sensors to None, run_after=None
[2023-11-26T18:03:29.920+0000] {processor.py:179} INFO - Processing /home/airflow/.local/lib/python3.8/site-packages/airflow/example_dags/example_sensors.py took 0.207 seconds
