[2023-11-26T17:42:48.809+0000] {processor.py:157} INFO - Started process (PID=96) to work on /home/airflow/.local/lib/python3.8/site-packages/airflow/example_dags/example_complex.py
[2023-11-26T17:42:48.816+0000] {processor.py:829} INFO - Processing file /home/airflow/.local/lib/python3.8/site-packages/airflow/example_dags/example_complex.py for tasks to queue
[2023-11-26T17:42:48.871+0000] {logging_mixin.py:154} INFO - [2023-11-26T17:42:48.870+0000] {dagbag.py:536} INFO - Filling up the DagBag from /home/airflow/.local/lib/python3.8/site-packages/airflow/example_dags/example_complex.py
[2023-11-26T17:42:49.129+0000] {processor.py:839} INFO - DAG(s) dict_keys(['example_complex']) retrieved from /home/airflow/.local/lib/python3.8/site-packages/airflow/example_dags/example_complex.py
[2023-11-26T17:42:49.613+0000] {logging_mixin.py:154} INFO - [2023-11-26T17:42:49.613+0000] {dag.py:2941} INFO - Sync 1 DAGs
[2023-11-26T17:42:49.884+0000] {logging_mixin.py:154} INFO - [2023-11-26T17:42:49.884+0000] {dag.py:3722} INFO - Setting next_dagrun for example_complex to None, run_after=None
[2023-11-26T17:42:50.283+0000] {processor.py:179} INFO - Processing /home/airflow/.local/lib/python3.8/site-packages/airflow/example_dags/example_complex.py took 1.525 seconds
[2023-11-26T17:46:30.659+0000] {processor.py:157} INFO - Started process (PID=98) to work on /home/airflow/.local/lib/python3.8/site-packages/airflow/example_dags/example_complex.py
[2023-11-26T17:46:30.667+0000] {processor.py:829} INFO - Processing file /home/airflow/.local/lib/python3.8/site-packages/airflow/example_dags/example_complex.py for tasks to queue
[2023-11-26T17:46:30.686+0000] {logging_mixin.py:154} INFO - [2023-11-26T17:46:30.684+0000] {dagbag.py:536} INFO - Filling up the DagBag from /home/airflow/.local/lib/python3.8/site-packages/airflow/example_dags/example_complex.py
[2023-11-26T17:46:30.819+0000] {processor.py:839} INFO - DAG(s) dict_keys(['example_complex']) retrieved from /home/airflow/.local/lib/python3.8/site-packages/airflow/example_dags/example_complex.py
[2023-11-26T17:46:30.967+0000] {logging_mixin.py:154} INFO - [2023-11-26T17:46:30.966+0000] {dag.py:2941} INFO - Sync 1 DAGs
[2023-11-26T17:46:31.024+0000] {logging_mixin.py:154} INFO - [2023-11-26T17:46:31.023+0000] {dag.py:3722} INFO - Setting next_dagrun for example_complex to None, run_after=None
[2023-11-26T17:46:31.149+0000] {processor.py:179} INFO - Processing /home/airflow/.local/lib/python3.8/site-packages/airflow/example_dags/example_complex.py took 0.515 seconds
[2023-11-26T17:47:02.030+0000] {processor.py:157} INFO - Started process (PID=151) to work on /home/airflow/.local/lib/python3.8/site-packages/airflow/example_dags/example_complex.py
[2023-11-26T17:47:02.035+0000] {processor.py:829} INFO - Processing file /home/airflow/.local/lib/python3.8/site-packages/airflow/example_dags/example_complex.py for tasks to queue
[2023-11-26T17:47:02.063+0000] {logging_mixin.py:154} INFO - [2023-11-26T17:47:02.062+0000] {dagbag.py:536} INFO - Filling up the DagBag from /home/airflow/.local/lib/python3.8/site-packages/airflow/example_dags/example_complex.py
[2023-11-26T17:47:02.123+0000] {processor.py:839} INFO - DAG(s) dict_keys(['example_complex']) retrieved from /home/airflow/.local/lib/python3.8/site-packages/airflow/example_dags/example_complex.py
[2023-11-26T17:47:02.415+0000] {logging_mixin.py:154} INFO - [2023-11-26T17:47:02.415+0000] {dag.py:2941} INFO - Sync 1 DAGs
[2023-11-26T17:47:02.590+0000] {logging_mixin.py:154} INFO - [2023-11-26T17:47:02.589+0000] {dag.py:3722} INFO - Setting next_dagrun for example_complex to None, run_after=None
[2023-11-26T17:47:02.742+0000] {processor.py:179} INFO - Processing /home/airflow/.local/lib/python3.8/site-packages/airflow/example_dags/example_complex.py took 0.718 seconds
[2023-11-26T17:47:33.324+0000] {processor.py:157} INFO - Started process (PID=206) to work on /home/airflow/.local/lib/python3.8/site-packages/airflow/example_dags/example_complex.py
[2023-11-26T17:47:33.326+0000] {processor.py:829} INFO - Processing file /home/airflow/.local/lib/python3.8/site-packages/airflow/example_dags/example_complex.py for tasks to queue
[2023-11-26T17:47:33.332+0000] {logging_mixin.py:154} INFO - [2023-11-26T17:47:33.331+0000] {dagbag.py:536} INFO - Filling up the DagBag from /home/airflow/.local/lib/python3.8/site-packages/airflow/example_dags/example_complex.py
[2023-11-26T17:47:33.368+0000] {processor.py:839} INFO - DAG(s) dict_keys(['example_complex']) retrieved from /home/airflow/.local/lib/python3.8/site-packages/airflow/example_dags/example_complex.py
[2023-11-26T17:47:33.450+0000] {logging_mixin.py:154} INFO - [2023-11-26T17:47:33.449+0000] {dag.py:2941} INFO - Sync 1 DAGs
[2023-11-26T17:47:33.483+0000] {logging_mixin.py:154} INFO - [2023-11-26T17:47:33.482+0000] {dag.py:3722} INFO - Setting next_dagrun for example_complex to None, run_after=None
[2023-11-26T17:47:33.533+0000] {processor.py:179} INFO - Processing /home/airflow/.local/lib/python3.8/site-packages/airflow/example_dags/example_complex.py took 0.217 seconds
[2023-11-26T17:48:03.910+0000] {processor.py:157} INFO - Started process (PID=259) to work on /home/airflow/.local/lib/python3.8/site-packages/airflow/example_dags/example_complex.py
[2023-11-26T17:48:03.912+0000] {processor.py:829} INFO - Processing file /home/airflow/.local/lib/python3.8/site-packages/airflow/example_dags/example_complex.py for tasks to queue
[2023-11-26T17:48:03.918+0000] {logging_mixin.py:154} INFO - [2023-11-26T17:48:03.917+0000] {dagbag.py:536} INFO - Filling up the DagBag from /home/airflow/.local/lib/python3.8/site-packages/airflow/example_dags/example_complex.py
[2023-11-26T17:48:03.950+0000] {processor.py:839} INFO - DAG(s) dict_keys(['example_complex']) retrieved from /home/airflow/.local/lib/python3.8/site-packages/airflow/example_dags/example_complex.py
[2023-11-26T17:48:04.034+0000] {logging_mixin.py:154} INFO - [2023-11-26T17:48:04.034+0000] {dag.py:2941} INFO - Sync 1 DAGs
[2023-11-26T17:48:04.069+0000] {logging_mixin.py:154} INFO - [2023-11-26T17:48:04.069+0000] {dag.py:3722} INFO - Setting next_dagrun for example_complex to None, run_after=None
[2023-11-26T17:48:04.122+0000] {processor.py:179} INFO - Processing /home/airflow/.local/lib/python3.8/site-packages/airflow/example_dags/example_complex.py took 0.220 seconds
[2023-11-26T17:48:34.915+0000] {processor.py:157} INFO - Started process (PID=313) to work on /home/airflow/.local/lib/python3.8/site-packages/airflow/example_dags/example_complex.py
[2023-11-26T17:48:34.917+0000] {processor.py:829} INFO - Processing file /home/airflow/.local/lib/python3.8/site-packages/airflow/example_dags/example_complex.py for tasks to queue
[2023-11-26T17:48:34.923+0000] {logging_mixin.py:154} INFO - [2023-11-26T17:48:34.922+0000] {dagbag.py:536} INFO - Filling up the DagBag from /home/airflow/.local/lib/python3.8/site-packages/airflow/example_dags/example_complex.py
[2023-11-26T17:48:34.952+0000] {processor.py:839} INFO - DAG(s) dict_keys(['example_complex']) retrieved from /home/airflow/.local/lib/python3.8/site-packages/airflow/example_dags/example_complex.py
[2023-11-26T17:48:35.043+0000] {logging_mixin.py:154} INFO - [2023-11-26T17:48:35.043+0000] {dag.py:2941} INFO - Sync 1 DAGs
[2023-11-26T17:48:35.079+0000] {logging_mixin.py:154} INFO - [2023-11-26T17:48:35.079+0000] {dag.py:3722} INFO - Setting next_dagrun for example_complex to None, run_after=None
[2023-11-26T17:48:35.135+0000] {processor.py:179} INFO - Processing /home/airflow/.local/lib/python3.8/site-packages/airflow/example_dags/example_complex.py took 0.228 seconds
[2023-11-26T17:49:05.495+0000] {processor.py:157} INFO - Started process (PID=366) to work on /home/airflow/.local/lib/python3.8/site-packages/airflow/example_dags/example_complex.py
[2023-11-26T17:49:05.497+0000] {processor.py:829} INFO - Processing file /home/airflow/.local/lib/python3.8/site-packages/airflow/example_dags/example_complex.py for tasks to queue
[2023-11-26T17:49:05.502+0000] {logging_mixin.py:154} INFO - [2023-11-26T17:49:05.501+0000] {dagbag.py:536} INFO - Filling up the DagBag from /home/airflow/.local/lib/python3.8/site-packages/airflow/example_dags/example_complex.py
[2023-11-26T17:49:05.532+0000] {processor.py:839} INFO - DAG(s) dict_keys(['example_complex']) retrieved from /home/airflow/.local/lib/python3.8/site-packages/airflow/example_dags/example_complex.py
[2023-11-26T17:49:05.659+0000] {logging_mixin.py:154} INFO - [2023-11-26T17:49:05.659+0000] {dag.py:2941} INFO - Sync 1 DAGs
[2023-11-26T17:49:05.709+0000] {logging_mixin.py:154} INFO - [2023-11-26T17:49:05.709+0000] {dag.py:3722} INFO - Setting next_dagrun for example_complex to None, run_after=None
[2023-11-26T17:49:05.763+0000] {processor.py:179} INFO - Processing /home/airflow/.local/lib/python3.8/site-packages/airflow/example_dags/example_complex.py took 0.278 seconds
[2023-11-26T17:49:36.192+0000] {processor.py:157} INFO - Started process (PID=419) to work on /home/airflow/.local/lib/python3.8/site-packages/airflow/example_dags/example_complex.py
[2023-11-26T17:49:36.197+0000] {processor.py:829} INFO - Processing file /home/airflow/.local/lib/python3.8/site-packages/airflow/example_dags/example_complex.py for tasks to queue
[2023-11-26T17:49:36.203+0000] {logging_mixin.py:154} INFO - [2023-11-26T17:49:36.202+0000] {dagbag.py:536} INFO - Filling up the DagBag from /home/airflow/.local/lib/python3.8/site-packages/airflow/example_dags/example_complex.py
[2023-11-26T17:49:36.253+0000] {processor.py:839} INFO - DAG(s) dict_keys(['example_complex']) retrieved from /home/airflow/.local/lib/python3.8/site-packages/airflow/example_dags/example_complex.py
[2023-11-26T17:49:36.425+0000] {logging_mixin.py:154} INFO - [2023-11-26T17:49:36.425+0000] {dag.py:2941} INFO - Sync 1 DAGs
[2023-11-26T17:49:36.478+0000] {logging_mixin.py:154} INFO - [2023-11-26T17:49:36.477+0000] {dag.py:3722} INFO - Setting next_dagrun for example_complex to None, run_after=None
[2023-11-26T17:49:36.545+0000] {processor.py:179} INFO - Processing /home/airflow/.local/lib/python3.8/site-packages/airflow/example_dags/example_complex.py took 0.362 seconds
[2023-11-26T17:50:07.774+0000] {processor.py:157} INFO - Started process (PID=473) to work on /home/airflow/.local/lib/python3.8/site-packages/airflow/example_dags/example_complex.py
[2023-11-26T17:50:07.782+0000] {processor.py:829} INFO - Processing file /home/airflow/.local/lib/python3.8/site-packages/airflow/example_dags/example_complex.py for tasks to queue
[2023-11-26T17:50:07.811+0000] {logging_mixin.py:154} INFO - [2023-11-26T17:50:07.809+0000] {dagbag.py:536} INFO - Filling up the DagBag from /home/airflow/.local/lib/python3.8/site-packages/airflow/example_dags/example_complex.py
[2023-11-26T17:50:07.974+0000] {processor.py:839} INFO - DAG(s) dict_keys(['example_complex']) retrieved from /home/airflow/.local/lib/python3.8/site-packages/airflow/example_dags/example_complex.py
[2023-11-26T17:50:08.161+0000] {logging_mixin.py:154} INFO - [2023-11-26T17:50:08.160+0000] {dag.py:2941} INFO - Sync 1 DAGs
[2023-11-26T17:50:08.233+0000] {logging_mixin.py:154} INFO - [2023-11-26T17:50:08.233+0000] {dag.py:3722} INFO - Setting next_dagrun for example_complex to None, run_after=None
[2023-11-26T17:50:08.340+0000] {processor.py:179} INFO - Processing /home/airflow/.local/lib/python3.8/site-packages/airflow/example_dags/example_complex.py took 0.610 seconds
[2023-11-26T17:50:39.225+0000] {processor.py:157} INFO - Started process (PID=527) to work on /home/airflow/.local/lib/python3.8/site-packages/airflow/example_dags/example_complex.py
[2023-11-26T17:50:39.230+0000] {processor.py:829} INFO - Processing file /home/airflow/.local/lib/python3.8/site-packages/airflow/example_dags/example_complex.py for tasks to queue
[2023-11-26T17:50:39.236+0000] {logging_mixin.py:154} INFO - [2023-11-26T17:50:39.236+0000] {dagbag.py:536} INFO - Filling up the DagBag from /home/airflow/.local/lib/python3.8/site-packages/airflow/example_dags/example_complex.py
[2023-11-26T17:50:39.299+0000] {processor.py:839} INFO - DAG(s) dict_keys(['example_complex']) retrieved from /home/airflow/.local/lib/python3.8/site-packages/airflow/example_dags/example_complex.py
[2023-11-26T17:50:39.429+0000] {logging_mixin.py:154} INFO - [2023-11-26T17:50:39.428+0000] {dag.py:2941} INFO - Sync 1 DAGs
[2023-11-26T17:50:39.473+0000] {logging_mixin.py:154} INFO - [2023-11-26T17:50:39.473+0000] {dag.py:3722} INFO - Setting next_dagrun for example_complex to None, run_after=None
[2023-11-26T17:50:39.549+0000] {processor.py:179} INFO - Processing /home/airflow/.local/lib/python3.8/site-packages/airflow/example_dags/example_complex.py took 0.340 seconds
[2023-11-26T17:51:09.978+0000] {processor.py:157} INFO - Started process (PID=581) to work on /home/airflow/.local/lib/python3.8/site-packages/airflow/example_dags/example_complex.py
[2023-11-26T17:51:09.980+0000] {processor.py:829} INFO - Processing file /home/airflow/.local/lib/python3.8/site-packages/airflow/example_dags/example_complex.py for tasks to queue
[2023-11-26T17:51:09.985+0000] {logging_mixin.py:154} INFO - [2023-11-26T17:51:09.984+0000] {dagbag.py:536} INFO - Filling up the DagBag from /home/airflow/.local/lib/python3.8/site-packages/airflow/example_dags/example_complex.py
[2023-11-26T17:51:10.027+0000] {processor.py:839} INFO - DAG(s) dict_keys(['example_complex']) retrieved from /home/airflow/.local/lib/python3.8/site-packages/airflow/example_dags/example_complex.py
[2023-11-26T17:51:10.132+0000] {logging_mixin.py:154} INFO - [2023-11-26T17:51:10.132+0000] {dag.py:2941} INFO - Sync 1 DAGs
[2023-11-26T17:51:10.190+0000] {logging_mixin.py:154} INFO - [2023-11-26T17:51:10.190+0000] {dag.py:3722} INFO - Setting next_dagrun for example_complex to None, run_after=None
[2023-11-26T17:51:10.246+0000] {processor.py:179} INFO - Processing /home/airflow/.local/lib/python3.8/site-packages/airflow/example_dags/example_complex.py took 0.278 seconds
[2023-11-26T17:51:46.027+0000] {processor.py:157} INFO - Started process (PID=634) to work on /home/airflow/.local/lib/python3.8/site-packages/airflow/example_dags/example_complex.py
[2023-11-26T17:51:46.040+0000] {processor.py:829} INFO - Processing file /home/airflow/.local/lib/python3.8/site-packages/airflow/example_dags/example_complex.py for tasks to queue
[2023-11-26T17:51:46.062+0000] {logging_mixin.py:154} INFO - [2023-11-26T17:51:46.062+0000] {dagbag.py:536} INFO - Filling up the DagBag from /home/airflow/.local/lib/python3.8/site-packages/airflow/example_dags/example_complex.py
[2023-11-26T17:51:46.137+0000] {processor.py:839} INFO - DAG(s) dict_keys(['example_complex']) retrieved from /home/airflow/.local/lib/python3.8/site-packages/airflow/example_dags/example_complex.py
[2023-11-26T17:51:46.317+0000] {logging_mixin.py:154} INFO - [2023-11-26T17:51:46.317+0000] {dag.py:2941} INFO - Sync 1 DAGs
[2023-11-26T17:51:46.484+0000] {logging_mixin.py:154} INFO - [2023-11-26T17:51:46.480+0000] {dag.py:3722} INFO - Setting next_dagrun for example_complex to None, run_after=None
[2023-11-26T17:51:46.619+0000] {processor.py:179} INFO - Processing /home/airflow/.local/lib/python3.8/site-packages/airflow/example_dags/example_complex.py took 0.601 seconds
[2023-11-26T17:52:18.790+0000] {processor.py:157} INFO - Started process (PID=688) to work on /home/airflow/.local/lib/python3.8/site-packages/airflow/example_dags/example_complex.py
[2023-11-26T17:52:18.824+0000] {processor.py:829} INFO - Processing file /home/airflow/.local/lib/python3.8/site-packages/airflow/example_dags/example_complex.py for tasks to queue
[2023-11-26T17:52:18.829+0000] {logging_mixin.py:154} INFO - [2023-11-26T17:52:18.829+0000] {dagbag.py:536} INFO - Filling up the DagBag from /home/airflow/.local/lib/python3.8/site-packages/airflow/example_dags/example_complex.py
[2023-11-26T17:52:18.911+0000] {processor.py:839} INFO - DAG(s) dict_keys(['example_complex']) retrieved from /home/airflow/.local/lib/python3.8/site-packages/airflow/example_dags/example_complex.py
[2023-11-26T17:52:19.089+0000] {logging_mixin.py:154} INFO - [2023-11-26T17:52:19.089+0000] {dag.py:2941} INFO - Sync 1 DAGs
[2023-11-26T17:52:19.166+0000] {logging_mixin.py:154} INFO - [2023-11-26T17:52:19.166+0000] {dag.py:3722} INFO - Setting next_dagrun for example_complex to None, run_after=None
[2023-11-26T17:52:19.277+0000] {processor.py:179} INFO - Processing /home/airflow/.local/lib/python3.8/site-packages/airflow/example_dags/example_complex.py took 0.506 seconds
[2023-11-26T17:52:49.513+0000] {processor.py:157} INFO - Started process (PID=740) to work on /home/airflow/.local/lib/python3.8/site-packages/airflow/example_dags/example_complex.py
[2023-11-26T17:52:49.515+0000] {processor.py:829} INFO - Processing file /home/airflow/.local/lib/python3.8/site-packages/airflow/example_dags/example_complex.py for tasks to queue
[2023-11-26T17:52:49.521+0000] {logging_mixin.py:154} INFO - [2023-11-26T17:52:49.521+0000] {dagbag.py:536} INFO - Filling up the DagBag from /home/airflow/.local/lib/python3.8/site-packages/airflow/example_dags/example_complex.py
[2023-11-26T17:52:49.569+0000] {processor.py:839} INFO - DAG(s) dict_keys(['example_complex']) retrieved from /home/airflow/.local/lib/python3.8/site-packages/airflow/example_dags/example_complex.py
[2023-11-26T17:52:49.664+0000] {logging_mixin.py:154} INFO - [2023-11-26T17:52:49.664+0000] {dag.py:2941} INFO - Sync 1 DAGs
[2023-11-26T17:52:49.704+0000] {logging_mixin.py:154} INFO - [2023-11-26T17:52:49.704+0000] {dag.py:3722} INFO - Setting next_dagrun for example_complex to None, run_after=None
[2023-11-26T17:52:49.759+0000] {processor.py:179} INFO - Processing /home/airflow/.local/lib/python3.8/site-packages/airflow/example_dags/example_complex.py took 0.256 seconds
[2023-11-26T17:53:20.667+0000] {processor.py:157} INFO - Started process (PID=794) to work on /home/airflow/.local/lib/python3.8/site-packages/airflow/example_dags/example_complex.py
[2023-11-26T17:53:20.670+0000] {processor.py:829} INFO - Processing file /home/airflow/.local/lib/python3.8/site-packages/airflow/example_dags/example_complex.py for tasks to queue
[2023-11-26T17:53:20.693+0000] {logging_mixin.py:154} INFO - [2023-11-26T17:53:20.686+0000] {dagbag.py:536} INFO - Filling up the DagBag from /home/airflow/.local/lib/python3.8/site-packages/airflow/example_dags/example_complex.py
[2023-11-26T17:53:20.824+0000] {processor.py:839} INFO - DAG(s) dict_keys(['example_complex']) retrieved from /home/airflow/.local/lib/python3.8/site-packages/airflow/example_dags/example_complex.py
[2023-11-26T17:53:20.987+0000] {logging_mixin.py:154} INFO - [2023-11-26T17:53:20.986+0000] {dag.py:2941} INFO - Sync 1 DAGs
[2023-11-26T17:53:21.049+0000] {logging_mixin.py:154} INFO - [2023-11-26T17:53:21.048+0000] {dag.py:3722} INFO - Setting next_dagrun for example_complex to None, run_after=None
[2023-11-26T17:53:21.218+0000] {processor.py:179} INFO - Processing /home/airflow/.local/lib/python3.8/site-packages/airflow/example_dags/example_complex.py took 0.563 seconds
[2023-11-26T17:53:52.016+0000] {processor.py:157} INFO - Started process (PID=847) to work on /home/airflow/.local/lib/python3.8/site-packages/airflow/example_dags/example_complex.py
[2023-11-26T17:53:52.018+0000] {processor.py:829} INFO - Processing file /home/airflow/.local/lib/python3.8/site-packages/airflow/example_dags/example_complex.py for tasks to queue
[2023-11-26T17:53:52.025+0000] {logging_mixin.py:154} INFO - [2023-11-26T17:53:52.024+0000] {dagbag.py:536} INFO - Filling up the DagBag from /home/airflow/.local/lib/python3.8/site-packages/airflow/example_dags/example_complex.py
[2023-11-26T17:53:52.069+0000] {processor.py:839} INFO - DAG(s) dict_keys(['example_complex']) retrieved from /home/airflow/.local/lib/python3.8/site-packages/airflow/example_dags/example_complex.py
[2023-11-26T17:53:52.171+0000] {logging_mixin.py:154} INFO - [2023-11-26T17:53:52.171+0000] {dag.py:2941} INFO - Sync 1 DAGs
[2023-11-26T17:53:52.213+0000] {logging_mixin.py:154} INFO - [2023-11-26T17:53:52.213+0000] {dag.py:3722} INFO - Setting next_dagrun for example_complex to None, run_after=None
[2023-11-26T17:53:52.335+0000] {processor.py:179} INFO - Processing /home/airflow/.local/lib/python3.8/site-packages/airflow/example_dags/example_complex.py took 0.328 seconds
[2023-11-26T17:54:23.337+0000] {processor.py:157} INFO - Started process (PID=901) to work on /home/airflow/.local/lib/python3.8/site-packages/airflow/example_dags/example_complex.py
[2023-11-26T17:54:23.343+0000] {processor.py:829} INFO - Processing file /home/airflow/.local/lib/python3.8/site-packages/airflow/example_dags/example_complex.py for tasks to queue
[2023-11-26T17:54:23.352+0000] {logging_mixin.py:154} INFO - [2023-11-26T17:54:23.351+0000] {dagbag.py:536} INFO - Filling up the DagBag from /home/airflow/.local/lib/python3.8/site-packages/airflow/example_dags/example_complex.py
[2023-11-26T17:54:23.598+0000] {processor.py:839} INFO - DAG(s) dict_keys(['example_complex']) retrieved from /home/airflow/.local/lib/python3.8/site-packages/airflow/example_dags/example_complex.py
[2023-11-26T17:54:24.254+0000] {logging_mixin.py:154} INFO - [2023-11-26T17:54:24.254+0000] {dag.py:2941} INFO - Sync 1 DAGs
[2023-11-26T17:54:24.471+0000] {logging_mixin.py:154} INFO - [2023-11-26T17:54:24.470+0000] {dag.py:3722} INFO - Setting next_dagrun for example_complex to None, run_after=None
[2023-11-26T17:54:24.691+0000] {processor.py:179} INFO - Processing /home/airflow/.local/lib/python3.8/site-packages/airflow/example_dags/example_complex.py took 1.360 seconds
[2023-11-26T17:54:55.510+0000] {processor.py:157} INFO - Started process (PID=955) to work on /home/airflow/.local/lib/python3.8/site-packages/airflow/example_dags/example_complex.py
[2023-11-26T17:54:55.516+0000] {processor.py:829} INFO - Processing file /home/airflow/.local/lib/python3.8/site-packages/airflow/example_dags/example_complex.py for tasks to queue
[2023-11-26T17:54:55.525+0000] {logging_mixin.py:154} INFO - [2023-11-26T17:54:55.524+0000] {dagbag.py:536} INFO - Filling up the DagBag from /home/airflow/.local/lib/python3.8/site-packages/airflow/example_dags/example_complex.py
[2023-11-26T17:54:55.585+0000] {processor.py:839} INFO - DAG(s) dict_keys(['example_complex']) retrieved from /home/airflow/.local/lib/python3.8/site-packages/airflow/example_dags/example_complex.py
[2023-11-26T17:54:55.798+0000] {logging_mixin.py:154} INFO - [2023-11-26T17:54:55.797+0000] {dag.py:2941} INFO - Sync 1 DAGs
[2023-11-26T17:54:55.851+0000] {logging_mixin.py:154} INFO - [2023-11-26T17:54:55.851+0000] {dag.py:3722} INFO - Setting next_dagrun for example_complex to None, run_after=None
[2023-11-26T17:54:55.963+0000] {processor.py:179} INFO - Processing /home/airflow/.local/lib/python3.8/site-packages/airflow/example_dags/example_complex.py took 0.471 seconds
[2023-11-26T17:55:26.155+0000] {processor.py:157} INFO - Started process (PID=1010) to work on /home/airflow/.local/lib/python3.8/site-packages/airflow/example_dags/example_complex.py
[2023-11-26T17:55:26.162+0000] {processor.py:829} INFO - Processing file /home/airflow/.local/lib/python3.8/site-packages/airflow/example_dags/example_complex.py for tasks to queue
[2023-11-26T17:55:26.170+0000] {logging_mixin.py:154} INFO - [2023-11-26T17:55:26.170+0000] {dagbag.py:536} INFO - Filling up the DagBag from /home/airflow/.local/lib/python3.8/site-packages/airflow/example_dags/example_complex.py
[2023-11-26T17:55:26.212+0000] {processor.py:839} INFO - DAG(s) dict_keys(['example_complex']) retrieved from /home/airflow/.local/lib/python3.8/site-packages/airflow/example_dags/example_complex.py
[2023-11-26T17:55:26.354+0000] {logging_mixin.py:154} INFO - [2023-11-26T17:55:26.354+0000] {dag.py:2941} INFO - Sync 1 DAGs
[2023-11-26T17:55:26.416+0000] {logging_mixin.py:154} INFO - [2023-11-26T17:55:26.416+0000] {dag.py:3722} INFO - Setting next_dagrun for example_complex to None, run_after=None
[2023-11-26T17:55:26.513+0000] {processor.py:179} INFO - Processing /home/airflow/.local/lib/python3.8/site-packages/airflow/example_dags/example_complex.py took 0.367 seconds
[2023-11-26T17:55:56.762+0000] {processor.py:157} INFO - Started process (PID=1064) to work on /home/airflow/.local/lib/python3.8/site-packages/airflow/example_dags/example_complex.py
[2023-11-26T17:55:56.764+0000] {processor.py:829} INFO - Processing file /home/airflow/.local/lib/python3.8/site-packages/airflow/example_dags/example_complex.py for tasks to queue
[2023-11-26T17:55:56.772+0000] {logging_mixin.py:154} INFO - [2023-11-26T17:55:56.771+0000] {dagbag.py:536} INFO - Filling up the DagBag from /home/airflow/.local/lib/python3.8/site-packages/airflow/example_dags/example_complex.py
[2023-11-26T17:55:56.822+0000] {processor.py:839} INFO - DAG(s) dict_keys(['example_complex']) retrieved from /home/airflow/.local/lib/python3.8/site-packages/airflow/example_dags/example_complex.py
[2023-11-26T17:55:56.916+0000] {logging_mixin.py:154} INFO - [2023-11-26T17:55:56.915+0000] {dag.py:2941} INFO - Sync 1 DAGs
[2023-11-26T17:55:56.943+0000] {logging_mixin.py:154} INFO - [2023-11-26T17:55:56.942+0000] {dag.py:3722} INFO - Setting next_dagrun for example_complex to None, run_after=None
[2023-11-26T17:55:56.991+0000] {processor.py:179} INFO - Processing /home/airflow/.local/lib/python3.8/site-packages/airflow/example_dags/example_complex.py took 0.237 seconds
[2023-11-26T17:56:27.104+0000] {processor.py:157} INFO - Started process (PID=1119) to work on /home/airflow/.local/lib/python3.8/site-packages/airflow/example_dags/example_complex.py
[2023-11-26T17:56:27.108+0000] {processor.py:829} INFO - Processing file /home/airflow/.local/lib/python3.8/site-packages/airflow/example_dags/example_complex.py for tasks to queue
[2023-11-26T17:56:27.116+0000] {logging_mixin.py:154} INFO - [2023-11-26T17:56:27.115+0000] {dagbag.py:536} INFO - Filling up the DagBag from /home/airflow/.local/lib/python3.8/site-packages/airflow/example_dags/example_complex.py
[2023-11-26T17:56:27.193+0000] {processor.py:839} INFO - DAG(s) dict_keys(['example_complex']) retrieved from /home/airflow/.local/lib/python3.8/site-packages/airflow/example_dags/example_complex.py
[2023-11-26T17:56:27.605+0000] {logging_mixin.py:154} INFO - [2023-11-26T17:56:27.605+0000] {dag.py:2941} INFO - Sync 1 DAGs
[2023-11-26T17:56:27.654+0000] {logging_mixin.py:154} INFO - [2023-11-26T17:56:27.653+0000] {dag.py:3722} INFO - Setting next_dagrun for example_complex to None, run_after=None
[2023-11-26T17:56:27.747+0000] {processor.py:179} INFO - Processing /home/airflow/.local/lib/python3.8/site-packages/airflow/example_dags/example_complex.py took 0.651 seconds
[2023-11-26T17:56:58.048+0000] {processor.py:157} INFO - Started process (PID=1173) to work on /home/airflow/.local/lib/python3.8/site-packages/airflow/example_dags/example_complex.py
[2023-11-26T17:56:58.051+0000] {processor.py:829} INFO - Processing file /home/airflow/.local/lib/python3.8/site-packages/airflow/example_dags/example_complex.py for tasks to queue
[2023-11-26T17:56:58.058+0000] {logging_mixin.py:154} INFO - [2023-11-26T17:56:58.057+0000] {dagbag.py:536} INFO - Filling up the DagBag from /home/airflow/.local/lib/python3.8/site-packages/airflow/example_dags/example_complex.py
[2023-11-26T17:56:58.087+0000] {processor.py:839} INFO - DAG(s) dict_keys(['example_complex']) retrieved from /home/airflow/.local/lib/python3.8/site-packages/airflow/example_dags/example_complex.py
[2023-11-26T17:56:58.158+0000] {logging_mixin.py:154} INFO - [2023-11-26T17:56:58.158+0000] {dag.py:2941} INFO - Sync 1 DAGs
[2023-11-26T17:56:58.184+0000] {logging_mixin.py:154} INFO - [2023-11-26T17:56:58.184+0000] {dag.py:3722} INFO - Setting next_dagrun for example_complex to None, run_after=None
[2023-11-26T17:56:58.226+0000] {processor.py:179} INFO - Processing /home/airflow/.local/lib/python3.8/site-packages/airflow/example_dags/example_complex.py took 0.184 seconds
[2023-11-26T17:57:48.030+0000] {processor.py:157} INFO - Started process (PID=1237) to work on /home/airflow/.local/lib/python3.8/site-packages/airflow/example_dags/example_complex.py
[2023-11-26T17:57:48.034+0000] {processor.py:829} INFO - Processing file /home/airflow/.local/lib/python3.8/site-packages/airflow/example_dags/example_complex.py for tasks to queue
[2023-11-26T17:57:48.037+0000] {logging_mixin.py:154} INFO - [2023-11-26T17:57:48.037+0000] {dagbag.py:536} INFO - Filling up the DagBag from /home/airflow/.local/lib/python3.8/site-packages/airflow/example_dags/example_complex.py
[2023-11-26T17:57:48.162+0000] {processor.py:839} INFO - DAG(s) dict_keys(['example_complex']) retrieved from /home/airflow/.local/lib/python3.8/site-packages/airflow/example_dags/example_complex.py
[2023-11-26T17:57:48.817+0000] {logging_mixin.py:154} INFO - [2023-11-26T17:57:48.816+0000] {dag.py:2941} INFO - Sync 1 DAGs
[2023-11-26T17:57:48.898+0000] {logging_mixin.py:154} INFO - [2023-11-26T17:57:48.896+0000] {dag.py:3722} INFO - Setting next_dagrun for example_complex to None, run_after=None
[2023-11-26T17:57:49.055+0000] {processor.py:179} INFO - Processing /home/airflow/.local/lib/python3.8/site-packages/airflow/example_dags/example_complex.py took 1.031 seconds
[2023-11-26T17:58:19.176+0000] {processor.py:157} INFO - Started process (PID=1291) to work on /home/airflow/.local/lib/python3.8/site-packages/airflow/example_dags/example_complex.py
[2023-11-26T17:58:19.179+0000] {processor.py:829} INFO - Processing file /home/airflow/.local/lib/python3.8/site-packages/airflow/example_dags/example_complex.py for tasks to queue
[2023-11-26T17:58:19.185+0000] {logging_mixin.py:154} INFO - [2023-11-26T17:58:19.184+0000] {dagbag.py:536} INFO - Filling up the DagBag from /home/airflow/.local/lib/python3.8/site-packages/airflow/example_dags/example_complex.py
[2023-11-26T17:58:19.219+0000] {processor.py:839} INFO - DAG(s) dict_keys(['example_complex']) retrieved from /home/airflow/.local/lib/python3.8/site-packages/airflow/example_dags/example_complex.py
[2023-11-26T17:58:19.312+0000] {logging_mixin.py:154} INFO - [2023-11-26T17:58:19.312+0000] {dag.py:2941} INFO - Sync 1 DAGs
[2023-11-26T17:58:19.350+0000] {logging_mixin.py:154} INFO - [2023-11-26T17:58:19.350+0000] {dag.py:3722} INFO - Setting next_dagrun for example_complex to None, run_after=None
[2023-11-26T17:58:19.641+0000] {processor.py:179} INFO - Processing /home/airflow/.local/lib/python3.8/site-packages/airflow/example_dags/example_complex.py took 0.473 seconds
[2023-11-26T17:58:50.439+0000] {processor.py:157} INFO - Started process (PID=1345) to work on /home/airflow/.local/lib/python3.8/site-packages/airflow/example_dags/example_complex.py
[2023-11-26T17:58:50.444+0000] {processor.py:829} INFO - Processing file /home/airflow/.local/lib/python3.8/site-packages/airflow/example_dags/example_complex.py for tasks to queue
[2023-11-26T17:58:50.453+0000] {logging_mixin.py:154} INFO - [2023-11-26T17:58:50.452+0000] {dagbag.py:536} INFO - Filling up the DagBag from /home/airflow/.local/lib/python3.8/site-packages/airflow/example_dags/example_complex.py
[2023-11-26T17:58:50.493+0000] {processor.py:839} INFO - DAG(s) dict_keys(['example_complex']) retrieved from /home/airflow/.local/lib/python3.8/site-packages/airflow/example_dags/example_complex.py
[2023-11-26T17:58:50.639+0000] {logging_mixin.py:154} INFO - [2023-11-26T17:58:50.639+0000] {dag.py:2941} INFO - Sync 1 DAGs
[2023-11-26T17:58:50.706+0000] {logging_mixin.py:154} INFO - [2023-11-26T17:58:50.705+0000] {dag.py:3722} INFO - Setting next_dagrun for example_complex to None, run_after=None
[2023-11-26T17:58:50.750+0000] {processor.py:179} INFO - Processing /home/airflow/.local/lib/python3.8/site-packages/airflow/example_dags/example_complex.py took 0.320 seconds
[2023-11-26T17:59:21.226+0000] {processor.py:157} INFO - Started process (PID=1399) to work on /home/airflow/.local/lib/python3.8/site-packages/airflow/example_dags/example_complex.py
[2023-11-26T17:59:21.229+0000] {processor.py:829} INFO - Processing file /home/airflow/.local/lib/python3.8/site-packages/airflow/example_dags/example_complex.py for tasks to queue
[2023-11-26T17:59:21.235+0000] {logging_mixin.py:154} INFO - [2023-11-26T17:59:21.234+0000] {dagbag.py:536} INFO - Filling up the DagBag from /home/airflow/.local/lib/python3.8/site-packages/airflow/example_dags/example_complex.py
[2023-11-26T17:59:21.313+0000] {processor.py:839} INFO - DAG(s) dict_keys(['example_complex']) retrieved from /home/airflow/.local/lib/python3.8/site-packages/airflow/example_dags/example_complex.py
[2023-11-26T17:59:21.406+0000] {logging_mixin.py:154} INFO - [2023-11-26T17:59:21.405+0000] {dag.py:2941} INFO - Sync 1 DAGs
[2023-11-26T17:59:21.443+0000] {logging_mixin.py:154} INFO - [2023-11-26T17:59:21.442+0000] {dag.py:3722} INFO - Setting next_dagrun for example_complex to None, run_after=None
[2023-11-26T17:59:21.512+0000] {processor.py:179} INFO - Processing /home/airflow/.local/lib/python3.8/site-packages/airflow/example_dags/example_complex.py took 0.298 seconds
[2023-11-26T17:59:54.516+0000] {processor.py:157} INFO - Started process (PID=1453) to work on /home/airflow/.local/lib/python3.8/site-packages/airflow/example_dags/example_complex.py
[2023-11-26T17:59:54.536+0000] {processor.py:829} INFO - Processing file /home/airflow/.local/lib/python3.8/site-packages/airflow/example_dags/example_complex.py for tasks to queue
[2023-11-26T17:59:54.544+0000] {logging_mixin.py:154} INFO - [2023-11-26T17:59:54.543+0000] {dagbag.py:536} INFO - Filling up the DagBag from /home/airflow/.local/lib/python3.8/site-packages/airflow/example_dags/example_complex.py
[2023-11-26T17:59:54.689+0000] {processor.py:839} INFO - DAG(s) dict_keys(['example_complex']) retrieved from /home/airflow/.local/lib/python3.8/site-packages/airflow/example_dags/example_complex.py
[2023-11-26T17:59:55.551+0000] {logging_mixin.py:154} INFO - [2023-11-26T17:59:55.550+0000] {dag.py:2941} INFO - Sync 1 DAGs
[2023-11-26T17:59:56.625+0000] {logging_mixin.py:154} INFO - [2023-11-26T17:59:56.624+0000] {dag.py:3722} INFO - Setting next_dagrun for example_complex to None, run_after=None
[2023-11-26T17:59:56.928+0000] {processor.py:179} INFO - Processing /home/airflow/.local/lib/python3.8/site-packages/airflow/example_dags/example_complex.py took 2.548 seconds
[2023-11-26T18:00:27.130+0000] {processor.py:157} INFO - Started process (PID=1506) to work on /home/airflow/.local/lib/python3.8/site-packages/airflow/example_dags/example_complex.py
[2023-11-26T18:00:27.134+0000] {processor.py:829} INFO - Processing file /home/airflow/.local/lib/python3.8/site-packages/airflow/example_dags/example_complex.py for tasks to queue
[2023-11-26T18:00:27.141+0000] {logging_mixin.py:154} INFO - [2023-11-26T18:00:27.140+0000] {dagbag.py:536} INFO - Filling up the DagBag from /home/airflow/.local/lib/python3.8/site-packages/airflow/example_dags/example_complex.py
[2023-11-26T18:00:27.177+0000] {processor.py:839} INFO - DAG(s) dict_keys(['example_complex']) retrieved from /home/airflow/.local/lib/python3.8/site-packages/airflow/example_dags/example_complex.py
[2023-11-26T18:00:27.264+0000] {logging_mixin.py:154} INFO - [2023-11-26T18:00:27.263+0000] {dag.py:2941} INFO - Sync 1 DAGs
[2023-11-26T18:00:27.297+0000] {logging_mixin.py:154} INFO - [2023-11-26T18:00:27.296+0000] {dag.py:3722} INFO - Setting next_dagrun for example_complex to None, run_after=None
[2023-11-26T18:00:27.345+0000] {processor.py:179} INFO - Processing /home/airflow/.local/lib/python3.8/site-packages/airflow/example_dags/example_complex.py took 0.222 seconds
[2023-11-26T18:00:57.821+0000] {processor.py:157} INFO - Started process (PID=1560) to work on /home/airflow/.local/lib/python3.8/site-packages/airflow/example_dags/example_complex.py
[2023-11-26T18:00:57.824+0000] {processor.py:829} INFO - Processing file /home/airflow/.local/lib/python3.8/site-packages/airflow/example_dags/example_complex.py for tasks to queue
[2023-11-26T18:00:57.833+0000] {logging_mixin.py:154} INFO - [2023-11-26T18:00:57.832+0000] {dagbag.py:536} INFO - Filling up the DagBag from /home/airflow/.local/lib/python3.8/site-packages/airflow/example_dags/example_complex.py
[2023-11-26T18:00:57.872+0000] {processor.py:839} INFO - DAG(s) dict_keys(['example_complex']) retrieved from /home/airflow/.local/lib/python3.8/site-packages/airflow/example_dags/example_complex.py
[2023-11-26T18:00:57.977+0000] {logging_mixin.py:154} INFO - [2023-11-26T18:00:57.976+0000] {dag.py:2941} INFO - Sync 1 DAGs
[2023-11-26T18:00:58.041+0000] {logging_mixin.py:154} INFO - [2023-11-26T18:00:58.040+0000] {dag.py:3722} INFO - Setting next_dagrun for example_complex to None, run_after=None
[2023-11-26T18:00:58.091+0000] {processor.py:179} INFO - Processing /home/airflow/.local/lib/python3.8/site-packages/airflow/example_dags/example_complex.py took 0.282 seconds
[2023-11-26T18:01:29.105+0000] {processor.py:157} INFO - Started process (PID=1614) to work on /home/airflow/.local/lib/python3.8/site-packages/airflow/example_dags/example_complex.py
[2023-11-26T18:01:29.122+0000] {processor.py:829} INFO - Processing file /home/airflow/.local/lib/python3.8/site-packages/airflow/example_dags/example_complex.py for tasks to queue
[2023-11-26T18:01:29.154+0000] {logging_mixin.py:154} INFO - [2023-11-26T18:01:29.153+0000] {dagbag.py:536} INFO - Filling up the DagBag from /home/airflow/.local/lib/python3.8/site-packages/airflow/example_dags/example_complex.py
[2023-11-26T18:01:29.192+0000] {processor.py:839} INFO - DAG(s) dict_keys(['example_complex']) retrieved from /home/airflow/.local/lib/python3.8/site-packages/airflow/example_dags/example_complex.py
[2023-11-26T18:01:29.284+0000] {logging_mixin.py:154} INFO - [2023-11-26T18:01:29.283+0000] {dag.py:2941} INFO - Sync 1 DAGs
[2023-11-26T18:01:29.320+0000] {logging_mixin.py:154} INFO - [2023-11-26T18:01:29.320+0000] {dag.py:3722} INFO - Setting next_dagrun for example_complex to None, run_after=None
[2023-11-26T18:01:29.379+0000] {processor.py:179} INFO - Processing /home/airflow/.local/lib/python3.8/site-packages/airflow/example_dags/example_complex.py took 0.295 seconds
[2023-11-26T18:01:59.515+0000] {processor.py:157} INFO - Started process (PID=1665) to work on /home/airflow/.local/lib/python3.8/site-packages/airflow/example_dags/example_complex.py
[2023-11-26T18:01:59.518+0000] {processor.py:829} INFO - Processing file /home/airflow/.local/lib/python3.8/site-packages/airflow/example_dags/example_complex.py for tasks to queue
[2023-11-26T18:01:59.526+0000] {logging_mixin.py:154} INFO - [2023-11-26T18:01:59.525+0000] {dagbag.py:536} INFO - Filling up the DagBag from /home/airflow/.local/lib/python3.8/site-packages/airflow/example_dags/example_complex.py
[2023-11-26T18:01:59.560+0000] {processor.py:839} INFO - DAG(s) dict_keys(['example_complex']) retrieved from /home/airflow/.local/lib/python3.8/site-packages/airflow/example_dags/example_complex.py
[2023-11-26T18:01:59.663+0000] {logging_mixin.py:154} INFO - [2023-11-26T18:01:59.662+0000] {dag.py:2941} INFO - Sync 1 DAGs
[2023-11-26T18:01:59.702+0000] {logging_mixin.py:154} INFO - [2023-11-26T18:01:59.702+0000] {dag.py:3722} INFO - Setting next_dagrun for example_complex to None, run_after=None
[2023-11-26T18:01:59.760+0000] {processor.py:179} INFO - Processing /home/airflow/.local/lib/python3.8/site-packages/airflow/example_dags/example_complex.py took 0.256 seconds
[2023-11-26T18:02:35.974+0000] {processor.py:157} INFO - Started process (PID=1724) to work on /home/airflow/.local/lib/python3.8/site-packages/airflow/example_dags/example_complex.py
[2023-11-26T18:02:35.977+0000] {processor.py:829} INFO - Processing file /home/airflow/.local/lib/python3.8/site-packages/airflow/example_dags/example_complex.py for tasks to queue
[2023-11-26T18:02:35.983+0000] {logging_mixin.py:154} INFO - [2023-11-26T18:02:35.983+0000] {dagbag.py:536} INFO - Filling up the DagBag from /home/airflow/.local/lib/python3.8/site-packages/airflow/example_dags/example_complex.py
[2023-11-26T18:02:36.032+0000] {processor.py:839} INFO - DAG(s) dict_keys(['example_complex']) retrieved from /home/airflow/.local/lib/python3.8/site-packages/airflow/example_dags/example_complex.py
[2023-11-26T18:02:36.161+0000] {logging_mixin.py:154} INFO - [2023-11-26T18:02:36.161+0000] {dag.py:2941} INFO - Sync 1 DAGs
[2023-11-26T18:02:36.229+0000] {logging_mixin.py:154} INFO - [2023-11-26T18:02:36.229+0000] {dag.py:3722} INFO - Setting next_dagrun for example_complex to None, run_after=None
[2023-11-26T18:02:36.294+0000] {processor.py:179} INFO - Processing /home/airflow/.local/lib/python3.8/site-packages/airflow/example_dags/example_complex.py took 0.327 seconds
[2023-11-26T18:03:06.811+0000] {processor.py:157} INFO - Started process (PID=1778) to work on /home/airflow/.local/lib/python3.8/site-packages/airflow/example_dags/example_complex.py
[2023-11-26T18:03:06.813+0000] {processor.py:829} INFO - Processing file /home/airflow/.local/lib/python3.8/site-packages/airflow/example_dags/example_complex.py for tasks to queue
[2023-11-26T18:03:06.819+0000] {logging_mixin.py:154} INFO - [2023-11-26T18:03:06.818+0000] {dagbag.py:536} INFO - Filling up the DagBag from /home/airflow/.local/lib/python3.8/site-packages/airflow/example_dags/example_complex.py
[2023-11-26T18:03:06.864+0000] {processor.py:839} INFO - DAG(s) dict_keys(['example_complex']) retrieved from /home/airflow/.local/lib/python3.8/site-packages/airflow/example_dags/example_complex.py
[2023-11-26T18:03:06.982+0000] {logging_mixin.py:154} INFO - [2023-11-26T18:03:06.982+0000] {dag.py:2941} INFO - Sync 1 DAGs
[2023-11-26T18:03:07.050+0000] {logging_mixin.py:154} INFO - [2023-11-26T18:03:07.049+0000] {dag.py:3722} INFO - Setting next_dagrun for example_complex to None, run_after=None
[2023-11-26T18:03:07.118+0000] {processor.py:179} INFO - Processing /home/airflow/.local/lib/python3.8/site-packages/airflow/example_dags/example_complex.py took 0.314 seconds
