[2023-11-26T17:42:09.466+0000] {processor.py:157} INFO - Started process (PID=47) to work on /home/airflow/.local/lib/python3.8/site-packages/airflow/example_dags/example_time_delta_sensor_async.py
[2023-11-26T17:42:09.475+0000] {processor.py:829} INFO - Processing file /home/airflow/.local/lib/python3.8/site-packages/airflow/example_dags/example_time_delta_sensor_async.py for tasks to queue
[2023-11-26T17:42:09.482+0000] {logging_mixin.py:154} INFO - [2023-11-26T17:42:09.481+0000] {dagbag.py:536} INFO - Filling up the DagBag from /home/airflow/.local/lib/python3.8/site-packages/airflow/example_dags/example_time_delta_sensor_async.py
[2023-11-26T17:42:09.514+0000] {processor.py:839} INFO - DAG(s) dict_keys(['example_time_delta_sensor_async']) retrieved from /home/airflow/.local/lib/python3.8/site-packages/airflow/example_dags/example_time_delta_sensor_async.py
[2023-11-26T17:42:09.579+0000] {logging_mixin.py:154} INFO - [2023-11-26T17:42:09.578+0000] {dag.py:2941} INFO - Sync 1 DAGs
[2023-11-26T17:42:09.617+0000] {logging_mixin.py:154} INFO - [2023-11-26T17:42:09.617+0000] {dag.py:3722} INFO - Setting next_dagrun for example_time_delta_sensor_async to None, run_after=None
[2023-11-26T17:42:09.664+0000] {processor.py:179} INFO - Processing /home/airflow/.local/lib/python3.8/site-packages/airflow/example_dags/example_time_delta_sensor_async.py took 0.207 seconds
[2023-11-26T17:43:08.189+0000] {processor.py:157} INFO - Started process (PID=107) to work on /home/airflow/.local/lib/python3.8/site-packages/airflow/example_dags/example_time_delta_sensor_async.py
[2023-11-26T17:43:08.234+0000] {processor.py:829} INFO - Processing file /home/airflow/.local/lib/python3.8/site-packages/airflow/example_dags/example_time_delta_sensor_async.py for tasks to queue
[2023-11-26T17:43:08.425+0000] {logging_mixin.py:154} INFO - [2023-11-26T17:43:08.424+0000] {dagbag.py:536} INFO - Filling up the DagBag from /home/airflow/.local/lib/python3.8/site-packages/airflow/example_dags/example_time_delta_sensor_async.py
[2023-11-26T17:43:08.599+0000] {processor.py:839} INFO - DAG(s) dict_keys(['example_time_delta_sensor_async']) retrieved from /home/airflow/.local/lib/python3.8/site-packages/airflow/example_dags/example_time_delta_sensor_async.py
[2023-11-26T17:43:09.954+0000] {logging_mixin.py:154} INFO - [2023-11-26T17:43:09.953+0000] {dag.py:2941} INFO - Sync 1 DAGs
[2023-11-26T17:43:10.437+0000] {logging_mixin.py:154} INFO - [2023-11-26T17:43:10.437+0000] {dag.py:3722} INFO - Setting next_dagrun for example_time_delta_sensor_async to None, run_after=None
[2023-11-26T17:43:11.090+0000] {processor.py:179} INFO - Processing /home/airflow/.local/lib/python3.8/site-packages/airflow/example_dags/example_time_delta_sensor_async.py took 2.943 seconds
[2023-11-26T17:46:07.134+0000] {processor.py:157} INFO - Started process (PID=55) to work on /home/airflow/.local/lib/python3.8/site-packages/airflow/example_dags/example_time_delta_sensor_async.py
[2023-11-26T17:46:07.173+0000] {processor.py:829} INFO - Processing file /home/airflow/.local/lib/python3.8/site-packages/airflow/example_dags/example_time_delta_sensor_async.py for tasks to queue
[2023-11-26T17:46:07.183+0000] {logging_mixin.py:154} INFO - [2023-11-26T17:46:07.183+0000] {dagbag.py:536} INFO - Filling up the DagBag from /home/airflow/.local/lib/python3.8/site-packages/airflow/example_dags/example_time_delta_sensor_async.py
[2023-11-26T17:46:07.232+0000] {processor.py:839} INFO - DAG(s) dict_keys(['example_time_delta_sensor_async']) retrieved from /home/airflow/.local/lib/python3.8/site-packages/airflow/example_dags/example_time_delta_sensor_async.py
[2023-11-26T17:46:07.405+0000] {logging_mixin.py:154} INFO - [2023-11-26T17:46:07.405+0000] {dag.py:2941} INFO - Sync 1 DAGs
[2023-11-26T17:46:07.574+0000] {logging_mixin.py:154} INFO - [2023-11-26T17:46:07.571+0000] {dag.py:3722} INFO - Setting next_dagrun for example_time_delta_sensor_async to None, run_after=None
[2023-11-26T17:46:07.662+0000] {processor.py:179} INFO - Processing /home/airflow/.local/lib/python3.8/site-packages/airflow/example_dags/example_time_delta_sensor_async.py took 0.543 seconds
[2023-11-26T17:46:43.658+0000] {processor.py:157} INFO - Started process (PID=109) to work on /home/airflow/.local/lib/python3.8/site-packages/airflow/example_dags/example_time_delta_sensor_async.py
[2023-11-26T17:46:43.662+0000] {processor.py:829} INFO - Processing file /home/airflow/.local/lib/python3.8/site-packages/airflow/example_dags/example_time_delta_sensor_async.py for tasks to queue
[2023-11-26T17:46:43.668+0000] {logging_mixin.py:154} INFO - [2023-11-26T17:46:43.667+0000] {dagbag.py:536} INFO - Filling up the DagBag from /home/airflow/.local/lib/python3.8/site-packages/airflow/example_dags/example_time_delta_sensor_async.py
[2023-11-26T17:46:43.682+0000] {processor.py:839} INFO - DAG(s) dict_keys(['example_time_delta_sensor_async']) retrieved from /home/airflow/.local/lib/python3.8/site-packages/airflow/example_dags/example_time_delta_sensor_async.py
[2023-11-26T17:46:43.810+0000] {logging_mixin.py:154} INFO - [2023-11-26T17:46:43.810+0000] {dag.py:2941} INFO - Sync 1 DAGs
[2023-11-26T17:46:43.866+0000] {logging_mixin.py:154} INFO - [2023-11-26T17:46:43.866+0000] {dag.py:3722} INFO - Setting next_dagrun for example_time_delta_sensor_async to None, run_after=None
[2023-11-26T17:46:43.952+0000] {processor.py:179} INFO - Processing /home/airflow/.local/lib/python3.8/site-packages/airflow/example_dags/example_time_delta_sensor_async.py took 0.307 seconds
[2023-11-26T17:47:14.366+0000] {processor.py:157} INFO - Started process (PID=162) to work on /home/airflow/.local/lib/python3.8/site-packages/airflow/example_dags/example_time_delta_sensor_async.py
[2023-11-26T17:47:14.368+0000] {processor.py:829} INFO - Processing file /home/airflow/.local/lib/python3.8/site-packages/airflow/example_dags/example_time_delta_sensor_async.py for tasks to queue
[2023-11-26T17:47:14.373+0000] {logging_mixin.py:154} INFO - [2023-11-26T17:47:14.372+0000] {dagbag.py:536} INFO - Filling up the DagBag from /home/airflow/.local/lib/python3.8/site-packages/airflow/example_dags/example_time_delta_sensor_async.py
[2023-11-26T17:47:14.383+0000] {processor.py:839} INFO - DAG(s) dict_keys(['example_time_delta_sensor_async']) retrieved from /home/airflow/.local/lib/python3.8/site-packages/airflow/example_dags/example_time_delta_sensor_async.py
[2023-11-26T17:47:14.440+0000] {logging_mixin.py:154} INFO - [2023-11-26T17:47:14.439+0000] {dag.py:2941} INFO - Sync 1 DAGs
[2023-11-26T17:47:14.477+0000] {logging_mixin.py:154} INFO - [2023-11-26T17:47:14.477+0000] {dag.py:3722} INFO - Setting next_dagrun for example_time_delta_sensor_async to None, run_after=None
[2023-11-26T17:47:14.522+0000] {processor.py:179} INFO - Processing /home/airflow/.local/lib/python3.8/site-packages/airflow/example_dags/example_time_delta_sensor_async.py took 0.164 seconds
[2023-11-26T17:47:44.668+0000] {processor.py:157} INFO - Started process (PID=215) to work on /home/airflow/.local/lib/python3.8/site-packages/airflow/example_dags/example_time_delta_sensor_async.py
[2023-11-26T17:47:44.670+0000] {processor.py:829} INFO - Processing file /home/airflow/.local/lib/python3.8/site-packages/airflow/example_dags/example_time_delta_sensor_async.py for tasks to queue
[2023-11-26T17:47:44.674+0000] {logging_mixin.py:154} INFO - [2023-11-26T17:47:44.674+0000] {dagbag.py:536} INFO - Filling up the DagBag from /home/airflow/.local/lib/python3.8/site-packages/airflow/example_dags/example_time_delta_sensor_async.py
[2023-11-26T17:47:44.684+0000] {processor.py:839} INFO - DAG(s) dict_keys(['example_time_delta_sensor_async']) retrieved from /home/airflow/.local/lib/python3.8/site-packages/airflow/example_dags/example_time_delta_sensor_async.py
[2023-11-26T17:47:44.725+0000] {logging_mixin.py:154} INFO - [2023-11-26T17:47:44.725+0000] {dag.py:2941} INFO - Sync 1 DAGs
[2023-11-26T17:47:44.755+0000] {logging_mixin.py:154} INFO - [2023-11-26T17:47:44.755+0000] {dag.py:3722} INFO - Setting next_dagrun for example_time_delta_sensor_async to None, run_after=None
[2023-11-26T17:47:44.793+0000] {processor.py:179} INFO - Processing /home/airflow/.local/lib/python3.8/site-packages/airflow/example_dags/example_time_delta_sensor_async.py took 0.135 seconds
[2023-11-26T17:48:15.235+0000] {processor.py:157} INFO - Started process (PID=268) to work on /home/airflow/.local/lib/python3.8/site-packages/airflow/example_dags/example_time_delta_sensor_async.py
[2023-11-26T17:48:15.238+0000] {processor.py:829} INFO - Processing file /home/airflow/.local/lib/python3.8/site-packages/airflow/example_dags/example_time_delta_sensor_async.py for tasks to queue
[2023-11-26T17:48:15.247+0000] {logging_mixin.py:154} INFO - [2023-11-26T17:48:15.246+0000] {dagbag.py:536} INFO - Filling up the DagBag from /home/airflow/.local/lib/python3.8/site-packages/airflow/example_dags/example_time_delta_sensor_async.py
[2023-11-26T17:48:15.261+0000] {processor.py:839} INFO - DAG(s) dict_keys(['example_time_delta_sensor_async']) retrieved from /home/airflow/.local/lib/python3.8/site-packages/airflow/example_dags/example_time_delta_sensor_async.py
[2023-11-26T17:48:15.341+0000] {logging_mixin.py:154} INFO - [2023-11-26T17:48:15.340+0000] {dag.py:2941} INFO - Sync 1 DAGs
[2023-11-26T17:48:15.400+0000] {logging_mixin.py:154} INFO - [2023-11-26T17:48:15.395+0000] {dag.py:3722} INFO - Setting next_dagrun for example_time_delta_sensor_async to None, run_after=None
[2023-11-26T17:48:15.524+0000] {processor.py:179} INFO - Processing /home/airflow/.local/lib/python3.8/site-packages/airflow/example_dags/example_time_delta_sensor_async.py took 0.300 seconds
[2023-11-26T17:48:45.977+0000] {processor.py:157} INFO - Started process (PID=322) to work on /home/airflow/.local/lib/python3.8/site-packages/airflow/example_dags/example_time_delta_sensor_async.py
[2023-11-26T17:48:45.980+0000] {processor.py:829} INFO - Processing file /home/airflow/.local/lib/python3.8/site-packages/airflow/example_dags/example_time_delta_sensor_async.py for tasks to queue
[2023-11-26T17:48:45.986+0000] {logging_mixin.py:154} INFO - [2023-11-26T17:48:45.986+0000] {dagbag.py:536} INFO - Filling up the DagBag from /home/airflow/.local/lib/python3.8/site-packages/airflow/example_dags/example_time_delta_sensor_async.py
[2023-11-26T17:48:45.999+0000] {processor.py:839} INFO - DAG(s) dict_keys(['example_time_delta_sensor_async']) retrieved from /home/airflow/.local/lib/python3.8/site-packages/airflow/example_dags/example_time_delta_sensor_async.py
[2023-11-26T17:48:46.057+0000] {logging_mixin.py:154} INFO - [2023-11-26T17:48:46.056+0000] {dag.py:2941} INFO - Sync 1 DAGs
[2023-11-26T17:48:46.095+0000] {logging_mixin.py:154} INFO - [2023-11-26T17:48:46.095+0000] {dag.py:3722} INFO - Setting next_dagrun for example_time_delta_sensor_async to None, run_after=None
[2023-11-26T17:48:46.153+0000] {processor.py:179} INFO - Processing /home/airflow/.local/lib/python3.8/site-packages/airflow/example_dags/example_time_delta_sensor_async.py took 0.184 seconds
[2023-11-26T17:49:16.542+0000] {processor.py:157} INFO - Started process (PID=375) to work on /home/airflow/.local/lib/python3.8/site-packages/airflow/example_dags/example_time_delta_sensor_async.py
[2023-11-26T17:49:16.557+0000] {processor.py:829} INFO - Processing file /home/airflow/.local/lib/python3.8/site-packages/airflow/example_dags/example_time_delta_sensor_async.py for tasks to queue
[2023-11-26T17:49:16.579+0000] {logging_mixin.py:154} INFO - [2023-11-26T17:49:16.579+0000] {dagbag.py:536} INFO - Filling up the DagBag from /home/airflow/.local/lib/python3.8/site-packages/airflow/example_dags/example_time_delta_sensor_async.py
[2023-11-26T17:49:16.598+0000] {processor.py:839} INFO - DAG(s) dict_keys(['example_time_delta_sensor_async']) retrieved from /home/airflow/.local/lib/python3.8/site-packages/airflow/example_dags/example_time_delta_sensor_async.py
[2023-11-26T17:49:16.695+0000] {logging_mixin.py:154} INFO - [2023-11-26T17:49:16.693+0000] {dag.py:2941} INFO - Sync 1 DAGs
[2023-11-26T17:49:16.748+0000] {logging_mixin.py:154} INFO - [2023-11-26T17:49:16.747+0000] {dag.py:3722} INFO - Setting next_dagrun for example_time_delta_sensor_async to None, run_after=None
[2023-11-26T17:49:16.865+0000] {processor.py:179} INFO - Processing /home/airflow/.local/lib/python3.8/site-packages/airflow/example_dags/example_time_delta_sensor_async.py took 0.332 seconds
[2023-11-26T17:49:49.234+0000] {processor.py:157} INFO - Started process (PID=427) to work on /home/airflow/.local/lib/python3.8/site-packages/airflow/example_dags/example_time_delta_sensor_async.py
[2023-11-26T17:49:49.241+0000] {processor.py:829} INFO - Processing file /home/airflow/.local/lib/python3.8/site-packages/airflow/example_dags/example_time_delta_sensor_async.py for tasks to queue
[2023-11-26T17:49:49.249+0000] {logging_mixin.py:154} INFO - [2023-11-26T17:49:49.249+0000] {dagbag.py:536} INFO - Filling up the DagBag from /home/airflow/.local/lib/python3.8/site-packages/airflow/example_dags/example_time_delta_sensor_async.py
[2023-11-26T17:49:49.321+0000] {processor.py:839} INFO - DAG(s) dict_keys(['example_time_delta_sensor_async']) retrieved from /home/airflow/.local/lib/python3.8/site-packages/airflow/example_dags/example_time_delta_sensor_async.py
[2023-11-26T17:49:49.434+0000] {logging_mixin.py:154} INFO - [2023-11-26T17:49:49.434+0000] {dag.py:2941} INFO - Sync 1 DAGs
[2023-11-26T17:49:49.506+0000] {logging_mixin.py:154} INFO - [2023-11-26T17:49:49.505+0000] {dag.py:3722} INFO - Setting next_dagrun for example_time_delta_sensor_async to None, run_after=None
[2023-11-26T17:49:49.591+0000] {processor.py:179} INFO - Processing /home/airflow/.local/lib/python3.8/site-packages/airflow/example_dags/example_time_delta_sensor_async.py took 0.566 seconds
[2023-11-26T17:50:20.242+0000] {processor.py:157} INFO - Started process (PID=481) to work on /home/airflow/.local/lib/python3.8/site-packages/airflow/example_dags/example_time_delta_sensor_async.py
[2023-11-26T17:50:20.246+0000] {processor.py:829} INFO - Processing file /home/airflow/.local/lib/python3.8/site-packages/airflow/example_dags/example_time_delta_sensor_async.py for tasks to queue
[2023-11-26T17:50:20.255+0000] {logging_mixin.py:154} INFO - [2023-11-26T17:50:20.253+0000] {dagbag.py:536} INFO - Filling up the DagBag from /home/airflow/.local/lib/python3.8/site-packages/airflow/example_dags/example_time_delta_sensor_async.py
[2023-11-26T17:50:20.272+0000] {processor.py:839} INFO - DAG(s) dict_keys(['example_time_delta_sensor_async']) retrieved from /home/airflow/.local/lib/python3.8/site-packages/airflow/example_dags/example_time_delta_sensor_async.py
[2023-11-26T17:50:20.361+0000] {logging_mixin.py:154} INFO - [2023-11-26T17:50:20.357+0000] {dag.py:2941} INFO - Sync 1 DAGs
[2023-11-26T17:50:20.425+0000] {logging_mixin.py:154} INFO - [2023-11-26T17:50:20.425+0000] {dag.py:3722} INFO - Setting next_dagrun for example_time_delta_sensor_async to None, run_after=None
[2023-11-26T17:50:20.512+0000] {processor.py:179} INFO - Processing /home/airflow/.local/lib/python3.8/site-packages/airflow/example_dags/example_time_delta_sensor_async.py took 0.281 seconds
[2023-11-26T17:50:51.705+0000] {processor.py:157} INFO - Started process (PID=536) to work on /home/airflow/.local/lib/python3.8/site-packages/airflow/example_dags/example_time_delta_sensor_async.py
[2023-11-26T17:50:51.715+0000] {processor.py:829} INFO - Processing file /home/airflow/.local/lib/python3.8/site-packages/airflow/example_dags/example_time_delta_sensor_async.py for tasks to queue
[2023-11-26T17:50:51.730+0000] {logging_mixin.py:154} INFO - [2023-11-26T17:50:51.725+0000] {dagbag.py:536} INFO - Filling up the DagBag from /home/airflow/.local/lib/python3.8/site-packages/airflow/example_dags/example_time_delta_sensor_async.py
[2023-11-26T17:50:51.752+0000] {processor.py:839} INFO - DAG(s) dict_keys(['example_time_delta_sensor_async']) retrieved from /home/airflow/.local/lib/python3.8/site-packages/airflow/example_dags/example_time_delta_sensor_async.py
[2023-11-26T17:50:51.873+0000] {logging_mixin.py:154} INFO - [2023-11-26T17:50:51.872+0000] {dag.py:2941} INFO - Sync 1 DAGs
[2023-11-26T17:50:51.930+0000] {logging_mixin.py:154} INFO - [2023-11-26T17:50:51.926+0000] {dag.py:3722} INFO - Setting next_dagrun for example_time_delta_sensor_async to None, run_after=None
[2023-11-26T17:50:52.106+0000] {processor.py:179} INFO - Processing /home/airflow/.local/lib/python3.8/site-packages/airflow/example_dags/example_time_delta_sensor_async.py took 0.441 seconds
[2023-11-26T17:51:23.020+0000] {processor.py:157} INFO - Started process (PID=590) to work on /home/airflow/.local/lib/python3.8/site-packages/airflow/example_dags/example_time_delta_sensor_async.py
[2023-11-26T17:51:23.024+0000] {processor.py:829} INFO - Processing file /home/airflow/.local/lib/python3.8/site-packages/airflow/example_dags/example_time_delta_sensor_async.py for tasks to queue
[2023-11-26T17:51:23.033+0000] {logging_mixin.py:154} INFO - [2023-11-26T17:51:23.032+0000] {dagbag.py:536} INFO - Filling up the DagBag from /home/airflow/.local/lib/python3.8/site-packages/airflow/example_dags/example_time_delta_sensor_async.py
[2023-11-26T17:51:23.049+0000] {processor.py:839} INFO - DAG(s) dict_keys(['example_time_delta_sensor_async']) retrieved from /home/airflow/.local/lib/python3.8/site-packages/airflow/example_dags/example_time_delta_sensor_async.py
[2023-11-26T17:51:23.135+0000] {logging_mixin.py:154} INFO - [2023-11-26T17:51:23.135+0000] {dag.py:2941} INFO - Sync 1 DAGs
[2023-11-26T17:51:23.215+0000] {logging_mixin.py:154} INFO - [2023-11-26T17:51:23.211+0000] {dag.py:3722} INFO - Setting next_dagrun for example_time_delta_sensor_async to None, run_after=None
[2023-11-26T17:51:23.289+0000] {processor.py:179} INFO - Processing /home/airflow/.local/lib/python3.8/site-packages/airflow/example_dags/example_time_delta_sensor_async.py took 0.280 seconds
[2023-11-26T17:51:54.040+0000] {processor.py:157} INFO - Started process (PID=643) to work on /home/airflow/.local/lib/python3.8/site-packages/airflow/example_dags/example_time_delta_sensor_async.py
[2023-11-26T17:51:54.042+0000] {processor.py:829} INFO - Processing file /home/airflow/.local/lib/python3.8/site-packages/airflow/example_dags/example_time_delta_sensor_async.py for tasks to queue
[2023-11-26T17:51:54.051+0000] {logging_mixin.py:154} INFO - [2023-11-26T17:51:54.050+0000] {dagbag.py:536} INFO - Filling up the DagBag from /home/airflow/.local/lib/python3.8/site-packages/airflow/example_dags/example_time_delta_sensor_async.py
[2023-11-26T17:51:54.069+0000] {processor.py:839} INFO - DAG(s) dict_keys(['example_time_delta_sensor_async']) retrieved from /home/airflow/.local/lib/python3.8/site-packages/airflow/example_dags/example_time_delta_sensor_async.py
[2023-11-26T17:51:54.149+0000] {logging_mixin.py:154} INFO - [2023-11-26T17:51:54.149+0000] {dag.py:2941} INFO - Sync 1 DAGs
[2023-11-26T17:51:54.204+0000] {logging_mixin.py:154} INFO - [2023-11-26T17:51:54.203+0000] {dag.py:3722} INFO - Setting next_dagrun for example_time_delta_sensor_async to None, run_after=None
[2023-11-26T17:51:54.290+0000] {processor.py:179} INFO - Processing /home/airflow/.local/lib/python3.8/site-packages/airflow/example_dags/example_time_delta_sensor_async.py took 0.265 seconds
[2023-11-26T17:52:24.947+0000] {processor.py:157} INFO - Started process (PID=697) to work on /home/airflow/.local/lib/python3.8/site-packages/airflow/example_dags/example_time_delta_sensor_async.py
[2023-11-26T17:52:24.953+0000] {processor.py:829} INFO - Processing file /home/airflow/.local/lib/python3.8/site-packages/airflow/example_dags/example_time_delta_sensor_async.py for tasks to queue
[2023-11-26T17:52:24.961+0000] {logging_mixin.py:154} INFO - [2023-11-26T17:52:24.960+0000] {dagbag.py:536} INFO - Filling up the DagBag from /home/airflow/.local/lib/python3.8/site-packages/airflow/example_dags/example_time_delta_sensor_async.py
[2023-11-26T17:52:24.997+0000] {processor.py:839} INFO - DAG(s) dict_keys(['example_time_delta_sensor_async']) retrieved from /home/airflow/.local/lib/python3.8/site-packages/airflow/example_dags/example_time_delta_sensor_async.py
[2023-11-26T17:52:25.127+0000] {logging_mixin.py:154} INFO - [2023-11-26T17:52:25.126+0000] {dag.py:2941} INFO - Sync 1 DAGs
[2023-11-26T17:52:25.230+0000] {logging_mixin.py:154} INFO - [2023-11-26T17:52:25.229+0000] {dag.py:3722} INFO - Setting next_dagrun for example_time_delta_sensor_async to None, run_after=None
[2023-11-26T17:52:25.298+0000] {processor.py:179} INFO - Processing /home/airflow/.local/lib/python3.8/site-packages/airflow/example_dags/example_time_delta_sensor_async.py took 0.363 seconds
[2023-11-26T17:52:55.636+0000] {processor.py:157} INFO - Started process (PID=751) to work on /home/airflow/.local/lib/python3.8/site-packages/airflow/example_dags/example_time_delta_sensor_async.py
[2023-11-26T17:52:55.639+0000] {processor.py:829} INFO - Processing file /home/airflow/.local/lib/python3.8/site-packages/airflow/example_dags/example_time_delta_sensor_async.py for tasks to queue
[2023-11-26T17:52:55.645+0000] {logging_mixin.py:154} INFO - [2023-11-26T17:52:55.644+0000] {dagbag.py:536} INFO - Filling up the DagBag from /home/airflow/.local/lib/python3.8/site-packages/airflow/example_dags/example_time_delta_sensor_async.py
[2023-11-26T17:52:55.655+0000] {processor.py:839} INFO - DAG(s) dict_keys(['example_time_delta_sensor_async']) retrieved from /home/airflow/.local/lib/python3.8/site-packages/airflow/example_dags/example_time_delta_sensor_async.py
[2023-11-26T17:52:55.734+0000] {logging_mixin.py:154} INFO - [2023-11-26T17:52:55.734+0000] {dag.py:2941} INFO - Sync 1 DAGs
[2023-11-26T17:52:55.780+0000] {logging_mixin.py:154} INFO - [2023-11-26T17:52:55.780+0000] {dag.py:3722} INFO - Setting next_dagrun for example_time_delta_sensor_async to None, run_after=None
[2023-11-26T17:52:55.838+0000] {processor.py:179} INFO - Processing /home/airflow/.local/lib/python3.8/site-packages/airflow/example_dags/example_time_delta_sensor_async.py took 0.210 seconds
[2023-11-26T17:53:26.500+0000] {processor.py:157} INFO - Started process (PID=805) to work on /home/airflow/.local/lib/python3.8/site-packages/airflow/example_dags/example_time_delta_sensor_async.py
[2023-11-26T17:53:26.506+0000] {processor.py:829} INFO - Processing file /home/airflow/.local/lib/python3.8/site-packages/airflow/example_dags/example_time_delta_sensor_async.py for tasks to queue
[2023-11-26T17:53:26.520+0000] {logging_mixin.py:154} INFO - [2023-11-26T17:53:26.519+0000] {dagbag.py:536} INFO - Filling up the DagBag from /home/airflow/.local/lib/python3.8/site-packages/airflow/example_dags/example_time_delta_sensor_async.py
[2023-11-26T17:53:26.533+0000] {processor.py:839} INFO - DAG(s) dict_keys(['example_time_delta_sensor_async']) retrieved from /home/airflow/.local/lib/python3.8/site-packages/airflow/example_dags/example_time_delta_sensor_async.py
[2023-11-26T17:53:26.764+0000] {logging_mixin.py:154} INFO - [2023-11-26T17:53:26.764+0000] {dag.py:2941} INFO - Sync 1 DAGs
[2023-11-26T17:53:26.924+0000] {logging_mixin.py:154} INFO - [2023-11-26T17:53:26.923+0000] {dag.py:3722} INFO - Setting next_dagrun for example_time_delta_sensor_async to None, run_after=None
[2023-11-26T17:53:27.419+0000] {processor.py:179} INFO - Processing /home/airflow/.local/lib/python3.8/site-packages/airflow/example_dags/example_time_delta_sensor_async.py took 0.936 seconds
[2023-11-26T17:53:58.097+0000] {processor.py:157} INFO - Started process (PID=859) to work on /home/airflow/.local/lib/python3.8/site-packages/airflow/example_dags/example_time_delta_sensor_async.py
[2023-11-26T17:53:58.099+0000] {processor.py:829} INFO - Processing file /home/airflow/.local/lib/python3.8/site-packages/airflow/example_dags/example_time_delta_sensor_async.py for tasks to queue
[2023-11-26T17:53:58.105+0000] {logging_mixin.py:154} INFO - [2023-11-26T17:53:58.104+0000] {dagbag.py:536} INFO - Filling up the DagBag from /home/airflow/.local/lib/python3.8/site-packages/airflow/example_dags/example_time_delta_sensor_async.py
[2023-11-26T17:53:58.120+0000] {processor.py:839} INFO - DAG(s) dict_keys(['example_time_delta_sensor_async']) retrieved from /home/airflow/.local/lib/python3.8/site-packages/airflow/example_dags/example_time_delta_sensor_async.py
[2023-11-26T17:53:58.179+0000] {logging_mixin.py:154} INFO - [2023-11-26T17:53:58.179+0000] {dag.py:2941} INFO - Sync 1 DAGs
[2023-11-26T17:53:58.214+0000] {logging_mixin.py:154} INFO - [2023-11-26T17:53:58.213+0000] {dag.py:3722} INFO - Setting next_dagrun for example_time_delta_sensor_async to None, run_after=None
[2023-11-26T17:53:58.266+0000] {processor.py:179} INFO - Processing /home/airflow/.local/lib/python3.8/site-packages/airflow/example_dags/example_time_delta_sensor_async.py took 0.176 seconds
[2023-11-26T17:54:36.566+0000] {processor.py:157} INFO - Started process (PID=920) to work on /home/airflow/.local/lib/python3.8/site-packages/airflow/example_dags/example_time_delta_sensor_async.py
[2023-11-26T17:54:36.587+0000] {processor.py:829} INFO - Processing file /home/airflow/.local/lib/python3.8/site-packages/airflow/example_dags/example_time_delta_sensor_async.py for tasks to queue
[2023-11-26T17:54:36.601+0000] {logging_mixin.py:154} INFO - [2023-11-26T17:54:36.596+0000] {dagbag.py:536} INFO - Filling up the DagBag from /home/airflow/.local/lib/python3.8/site-packages/airflow/example_dags/example_time_delta_sensor_async.py
[2023-11-26T17:54:36.638+0000] {processor.py:839} INFO - DAG(s) dict_keys(['example_time_delta_sensor_async']) retrieved from /home/airflow/.local/lib/python3.8/site-packages/airflow/example_dags/example_time_delta_sensor_async.py
[2023-11-26T17:54:36.932+0000] {logging_mixin.py:154} INFO - [2023-11-26T17:54:36.932+0000] {dag.py:2941} INFO - Sync 1 DAGs
[2023-11-26T17:54:37.075+0000] {logging_mixin.py:154} INFO - [2023-11-26T17:54:37.075+0000] {dag.py:3722} INFO - Setting next_dagrun for example_time_delta_sensor_async to None, run_after=None
[2023-11-26T17:54:37.159+0000] {processor.py:179} INFO - Processing /home/airflow/.local/lib/python3.8/site-packages/airflow/example_dags/example_time_delta_sensor_async.py took 0.616 seconds
[2023-11-26T17:55:07.459+0000] {processor.py:157} INFO - Started process (PID=974) to work on /home/airflow/.local/lib/python3.8/site-packages/airflow/example_dags/example_time_delta_sensor_async.py
[2023-11-26T17:55:07.464+0000] {processor.py:829} INFO - Processing file /home/airflow/.local/lib/python3.8/site-packages/airflow/example_dags/example_time_delta_sensor_async.py for tasks to queue
[2023-11-26T17:55:07.469+0000] {logging_mixin.py:154} INFO - [2023-11-26T17:55:07.468+0000] {dagbag.py:536} INFO - Filling up the DagBag from /home/airflow/.local/lib/python3.8/site-packages/airflow/example_dags/example_time_delta_sensor_async.py
[2023-11-26T17:55:07.480+0000] {processor.py:839} INFO - DAG(s) dict_keys(['example_time_delta_sensor_async']) retrieved from /home/airflow/.local/lib/python3.8/site-packages/airflow/example_dags/example_time_delta_sensor_async.py
[2023-11-26T17:55:07.539+0000] {logging_mixin.py:154} INFO - [2023-11-26T17:55:07.539+0000] {dag.py:2941} INFO - Sync 1 DAGs
[2023-11-26T17:55:07.570+0000] {logging_mixin.py:154} INFO - [2023-11-26T17:55:07.569+0000] {dag.py:3722} INFO - Setting next_dagrun for example_time_delta_sensor_async to None, run_after=None
[2023-11-26T17:55:07.617+0000] {processor.py:179} INFO - Processing /home/airflow/.local/lib/python3.8/site-packages/airflow/example_dags/example_time_delta_sensor_async.py took 0.165 seconds
[2023-11-26T17:55:38.231+0000] {processor.py:157} INFO - Started process (PID=1027) to work on /home/airflow/.local/lib/python3.8/site-packages/airflow/example_dags/example_time_delta_sensor_async.py
[2023-11-26T17:55:38.234+0000] {processor.py:829} INFO - Processing file /home/airflow/.local/lib/python3.8/site-packages/airflow/example_dags/example_time_delta_sensor_async.py for tasks to queue
[2023-11-26T17:55:38.241+0000] {logging_mixin.py:154} INFO - [2023-11-26T17:55:38.240+0000] {dagbag.py:536} INFO - Filling up the DagBag from /home/airflow/.local/lib/python3.8/site-packages/airflow/example_dags/example_time_delta_sensor_async.py
[2023-11-26T17:55:38.254+0000] {processor.py:839} INFO - DAG(s) dict_keys(['example_time_delta_sensor_async']) retrieved from /home/airflow/.local/lib/python3.8/site-packages/airflow/example_dags/example_time_delta_sensor_async.py
[2023-11-26T17:55:38.305+0000] {logging_mixin.py:154} INFO - [2023-11-26T17:55:38.305+0000] {dag.py:2941} INFO - Sync 1 DAGs
[2023-11-26T17:55:38.345+0000] {logging_mixin.py:154} INFO - [2023-11-26T17:55:38.345+0000] {dag.py:3722} INFO - Setting next_dagrun for example_time_delta_sensor_async to None, run_after=None
[2023-11-26T17:55:38.391+0000] {processor.py:179} INFO - Processing /home/airflow/.local/lib/python3.8/site-packages/airflow/example_dags/example_time_delta_sensor_async.py took 0.168 seconds
[2023-11-26T17:56:09.482+0000] {processor.py:157} INFO - Started process (PID=1081) to work on /home/airflow/.local/lib/python3.8/site-packages/airflow/example_dags/example_time_delta_sensor_async.py
[2023-11-26T17:56:09.484+0000] {processor.py:829} INFO - Processing file /home/airflow/.local/lib/python3.8/site-packages/airflow/example_dags/example_time_delta_sensor_async.py for tasks to queue
[2023-11-26T17:56:09.491+0000] {logging_mixin.py:154} INFO - [2023-11-26T17:56:09.490+0000] {dagbag.py:536} INFO - Filling up the DagBag from /home/airflow/.local/lib/python3.8/site-packages/airflow/example_dags/example_time_delta_sensor_async.py
[2023-11-26T17:56:09.502+0000] {processor.py:839} INFO - DAG(s) dict_keys(['example_time_delta_sensor_async']) retrieved from /home/airflow/.local/lib/python3.8/site-packages/airflow/example_dags/example_time_delta_sensor_async.py
[2023-11-26T17:56:09.568+0000] {logging_mixin.py:154} INFO - [2023-11-26T17:56:09.568+0000] {dag.py:2941} INFO - Sync 1 DAGs
[2023-11-26T17:56:09.624+0000] {logging_mixin.py:154} INFO - [2023-11-26T17:56:09.622+0000] {dag.py:3722} INFO - Setting next_dagrun for example_time_delta_sensor_async to None, run_after=None
[2023-11-26T17:56:09.693+0000] {processor.py:179} INFO - Processing /home/airflow/.local/lib/python3.8/site-packages/airflow/example_dags/example_time_delta_sensor_async.py took 0.219 seconds
[2023-11-26T17:56:40.789+0000] {processor.py:157} INFO - Started process (PID=1135) to work on /home/airflow/.local/lib/python3.8/site-packages/airflow/example_dags/example_time_delta_sensor_async.py
[2023-11-26T17:56:40.792+0000] {processor.py:829} INFO - Processing file /home/airflow/.local/lib/python3.8/site-packages/airflow/example_dags/example_time_delta_sensor_async.py for tasks to queue
[2023-11-26T17:56:40.798+0000] {logging_mixin.py:154} INFO - [2023-11-26T17:56:40.797+0000] {dagbag.py:536} INFO - Filling up the DagBag from /home/airflow/.local/lib/python3.8/site-packages/airflow/example_dags/example_time_delta_sensor_async.py
[2023-11-26T17:56:40.807+0000] {processor.py:839} INFO - DAG(s) dict_keys(['example_time_delta_sensor_async']) retrieved from /home/airflow/.local/lib/python3.8/site-packages/airflow/example_dags/example_time_delta_sensor_async.py
[2023-11-26T17:56:40.884+0000] {logging_mixin.py:154} INFO - [2023-11-26T17:56:40.884+0000] {dag.py:2941} INFO - Sync 1 DAGs
[2023-11-26T17:56:40.965+0000] {logging_mixin.py:154} INFO - [2023-11-26T17:56:40.965+0000] {dag.py:3722} INFO - Setting next_dagrun for example_time_delta_sensor_async to None, run_after=None
[2023-11-26T17:56:41.034+0000] {processor.py:179} INFO - Processing /home/airflow/.local/lib/python3.8/site-packages/airflow/example_dags/example_time_delta_sensor_async.py took 0.269 seconds
[2023-11-26T17:57:12.148+0000] {processor.py:157} INFO - Started process (PID=1190) to work on /home/airflow/.local/lib/python3.8/site-packages/airflow/example_dags/example_time_delta_sensor_async.py
[2023-11-26T17:57:12.151+0000] {processor.py:829} INFO - Processing file /home/airflow/.local/lib/python3.8/site-packages/airflow/example_dags/example_time_delta_sensor_async.py for tasks to queue
[2023-11-26T17:57:12.155+0000] {logging_mixin.py:154} INFO - [2023-11-26T17:57:12.154+0000] {dagbag.py:536} INFO - Filling up the DagBag from /home/airflow/.local/lib/python3.8/site-packages/airflow/example_dags/example_time_delta_sensor_async.py
[2023-11-26T17:57:12.165+0000] {processor.py:839} INFO - DAG(s) dict_keys(['example_time_delta_sensor_async']) retrieved from /home/airflow/.local/lib/python3.8/site-packages/airflow/example_dags/example_time_delta_sensor_async.py
[2023-11-26T17:57:12.223+0000] {logging_mixin.py:154} INFO - [2023-11-26T17:57:12.223+0000] {dag.py:2941} INFO - Sync 1 DAGs
[2023-11-26T17:57:12.259+0000] {logging_mixin.py:154} INFO - [2023-11-26T17:57:12.258+0000] {dag.py:3722} INFO - Setting next_dagrun for example_time_delta_sensor_async to None, run_after=None
[2023-11-26T17:57:12.305+0000] {processor.py:179} INFO - Processing /home/airflow/.local/lib/python3.8/site-packages/airflow/example_dags/example_time_delta_sensor_async.py took 0.164 seconds
[2023-11-26T17:57:50.701+0000] {processor.py:157} INFO - Started process (PID=1243) to work on /home/airflow/.local/lib/python3.8/site-packages/airflow/example_dags/example_time_delta_sensor_async.py
[2023-11-26T17:57:50.712+0000] {processor.py:829} INFO - Processing file /home/airflow/.local/lib/python3.8/site-packages/airflow/example_dags/example_time_delta_sensor_async.py for tasks to queue
[2023-11-26T17:57:50.723+0000] {logging_mixin.py:154} INFO - [2023-11-26T17:57:50.718+0000] {dagbag.py:536} INFO - Filling up the DagBag from /home/airflow/.local/lib/python3.8/site-packages/airflow/example_dags/example_time_delta_sensor_async.py
[2023-11-26T17:57:50.768+0000] {processor.py:839} INFO - DAG(s) dict_keys(['example_time_delta_sensor_async']) retrieved from /home/airflow/.local/lib/python3.8/site-packages/airflow/example_dags/example_time_delta_sensor_async.py
[2023-11-26T17:57:51.207+0000] {logging_mixin.py:154} INFO - [2023-11-26T17:57:51.204+0000] {dag.py:2941} INFO - Sync 1 DAGs
[2023-11-26T17:57:52.347+0000] {logging_mixin.py:154} INFO - [2023-11-26T17:57:52.344+0000] {dag.py:3722} INFO - Setting next_dagrun for example_time_delta_sensor_async to None, run_after=None
[2023-11-26T17:57:53.029+0000] {processor.py:179} INFO - Processing /home/airflow/.local/lib/python3.8/site-packages/airflow/example_dags/example_time_delta_sensor_async.py took 2.404 seconds
[2023-11-26T17:58:23.948+0000] {processor.py:157} INFO - Started process (PID=1297) to work on /home/airflow/.local/lib/python3.8/site-packages/airflow/example_dags/example_time_delta_sensor_async.py
[2023-11-26T17:58:23.950+0000] {processor.py:829} INFO - Processing file /home/airflow/.local/lib/python3.8/site-packages/airflow/example_dags/example_time_delta_sensor_async.py for tasks to queue
[2023-11-26T17:58:23.955+0000] {logging_mixin.py:154} INFO - [2023-11-26T17:58:23.954+0000] {dagbag.py:536} INFO - Filling up the DagBag from /home/airflow/.local/lib/python3.8/site-packages/airflow/example_dags/example_time_delta_sensor_async.py
[2023-11-26T17:58:23.964+0000] {processor.py:839} INFO - DAG(s) dict_keys(['example_time_delta_sensor_async']) retrieved from /home/airflow/.local/lib/python3.8/site-packages/airflow/example_dags/example_time_delta_sensor_async.py
[2023-11-26T17:58:24.014+0000] {logging_mixin.py:154} INFO - [2023-11-26T17:58:24.014+0000] {dag.py:2941} INFO - Sync 1 DAGs
[2023-11-26T17:58:24.700+0000] {logging_mixin.py:154} INFO - [2023-11-26T17:58:24.699+0000] {dag.py:3722} INFO - Setting next_dagrun for example_time_delta_sensor_async to None, run_after=None
[2023-11-26T17:58:24.760+0000] {processor.py:179} INFO - Processing /home/airflow/.local/lib/python3.8/site-packages/airflow/example_dags/example_time_delta_sensor_async.py took 0.820 seconds
[2023-11-26T17:58:55.264+0000] {processor.py:157} INFO - Started process (PID=1351) to work on /home/airflow/.local/lib/python3.8/site-packages/airflow/example_dags/example_time_delta_sensor_async.py
[2023-11-26T17:58:55.266+0000] {processor.py:829} INFO - Processing file /home/airflow/.local/lib/python3.8/site-packages/airflow/example_dags/example_time_delta_sensor_async.py for tasks to queue
[2023-11-26T17:58:55.272+0000] {logging_mixin.py:154} INFO - [2023-11-26T17:58:55.271+0000] {dagbag.py:536} INFO - Filling up the DagBag from /home/airflow/.local/lib/python3.8/site-packages/airflow/example_dags/example_time_delta_sensor_async.py
[2023-11-26T17:58:55.284+0000] {processor.py:839} INFO - DAG(s) dict_keys(['example_time_delta_sensor_async']) retrieved from /home/airflow/.local/lib/python3.8/site-packages/airflow/example_dags/example_time_delta_sensor_async.py
[2023-11-26T17:58:55.341+0000] {logging_mixin.py:154} INFO - [2023-11-26T17:58:55.340+0000] {dag.py:2941} INFO - Sync 1 DAGs
[2023-11-26T17:58:55.372+0000] {logging_mixin.py:154} INFO - [2023-11-26T17:58:55.371+0000] {dag.py:3722} INFO - Setting next_dagrun for example_time_delta_sensor_async to None, run_after=None
[2023-11-26T17:58:55.423+0000] {processor.py:179} INFO - Processing /home/airflow/.local/lib/python3.8/site-packages/airflow/example_dags/example_time_delta_sensor_async.py took 0.170 seconds
[2023-11-26T17:59:26.006+0000] {processor.py:157} INFO - Started process (PID=1405) to work on /home/airflow/.local/lib/python3.8/site-packages/airflow/example_dags/example_time_delta_sensor_async.py
[2023-11-26T17:59:26.012+0000] {processor.py:829} INFO - Processing file /home/airflow/.local/lib/python3.8/site-packages/airflow/example_dags/example_time_delta_sensor_async.py for tasks to queue
[2023-11-26T17:59:26.019+0000] {logging_mixin.py:154} INFO - [2023-11-26T17:59:26.018+0000] {dagbag.py:536} INFO - Filling up the DagBag from /home/airflow/.local/lib/python3.8/site-packages/airflow/example_dags/example_time_delta_sensor_async.py
[2023-11-26T17:59:26.032+0000] {processor.py:839} INFO - DAG(s) dict_keys(['example_time_delta_sensor_async']) retrieved from /home/airflow/.local/lib/python3.8/site-packages/airflow/example_dags/example_time_delta_sensor_async.py
[2023-11-26T17:59:26.107+0000] {logging_mixin.py:154} INFO - [2023-11-26T17:59:26.106+0000] {dag.py:2941} INFO - Sync 1 DAGs
[2023-11-26T17:59:26.159+0000] {logging_mixin.py:154} INFO - [2023-11-26T17:59:26.159+0000] {dag.py:3722} INFO - Setting next_dagrun for example_time_delta_sensor_async to None, run_after=None
[2023-11-26T17:59:26.332+0000] {processor.py:179} INFO - Processing /home/airflow/.local/lib/python3.8/site-packages/airflow/example_dags/example_time_delta_sensor_async.py took 0.336 seconds
[2023-11-26T17:59:58.677+0000] {processor.py:157} INFO - Started process (PID=1459) to work on /home/airflow/.local/lib/python3.8/site-packages/airflow/example_dags/example_time_delta_sensor_async.py
[2023-11-26T17:59:58.685+0000] {processor.py:829} INFO - Processing file /home/airflow/.local/lib/python3.8/site-packages/airflow/example_dags/example_time_delta_sensor_async.py for tasks to queue
[2023-11-26T17:59:58.694+0000] {logging_mixin.py:154} INFO - [2023-11-26T17:59:58.694+0000] {dagbag.py:536} INFO - Filling up the DagBag from /home/airflow/.local/lib/python3.8/site-packages/airflow/example_dags/example_time_delta_sensor_async.py
[2023-11-26T17:59:58.708+0000] {processor.py:839} INFO - DAG(s) dict_keys(['example_time_delta_sensor_async']) retrieved from /home/airflow/.local/lib/python3.8/site-packages/airflow/example_dags/example_time_delta_sensor_async.py
[2023-11-26T17:59:59.391+0000] {logging_mixin.py:154} INFO - [2023-11-26T17:59:59.390+0000] {dag.py:2941} INFO - Sync 1 DAGs
[2023-11-26T17:59:59.432+0000] {logging_mixin.py:154} INFO - [2023-11-26T17:59:59.432+0000] {dag.py:3722} INFO - Setting next_dagrun for example_time_delta_sensor_async to None, run_after=None
[2023-11-26T17:59:59.529+0000] {processor.py:179} INFO - Processing /home/airflow/.local/lib/python3.8/site-packages/airflow/example_dags/example_time_delta_sensor_async.py took 0.869 seconds
[2023-11-26T18:00:29.920+0000] {processor.py:157} INFO - Started process (PID=1512) to work on /home/airflow/.local/lib/python3.8/site-packages/airflow/example_dags/example_time_delta_sensor_async.py
[2023-11-26T18:00:29.922+0000] {processor.py:829} INFO - Processing file /home/airflow/.local/lib/python3.8/site-packages/airflow/example_dags/example_time_delta_sensor_async.py for tasks to queue
[2023-11-26T18:00:29.928+0000] {logging_mixin.py:154} INFO - [2023-11-26T18:00:29.927+0000] {dagbag.py:536} INFO - Filling up the DagBag from /home/airflow/.local/lib/python3.8/site-packages/airflow/example_dags/example_time_delta_sensor_async.py
[2023-11-26T18:00:29.939+0000] {processor.py:839} INFO - DAG(s) dict_keys(['example_time_delta_sensor_async']) retrieved from /home/airflow/.local/lib/python3.8/site-packages/airflow/example_dags/example_time_delta_sensor_async.py
[2023-11-26T18:00:29.986+0000] {logging_mixin.py:154} INFO - [2023-11-26T18:00:29.985+0000] {dag.py:2941} INFO - Sync 1 DAGs
[2023-11-26T18:00:30.023+0000] {logging_mixin.py:154} INFO - [2023-11-26T18:00:30.022+0000] {dag.py:3722} INFO - Setting next_dagrun for example_time_delta_sensor_async to None, run_after=None
[2023-11-26T18:00:30.087+0000] {processor.py:179} INFO - Processing /home/airflow/.local/lib/python3.8/site-packages/airflow/example_dags/example_time_delta_sensor_async.py took 0.174 seconds
[2023-11-26T18:01:00.263+0000] {processor.py:157} INFO - Started process (PID=1565) to work on /home/airflow/.local/lib/python3.8/site-packages/airflow/example_dags/example_time_delta_sensor_async.py
[2023-11-26T18:01:00.265+0000] {processor.py:829} INFO - Processing file /home/airflow/.local/lib/python3.8/site-packages/airflow/example_dags/example_time_delta_sensor_async.py for tasks to queue
[2023-11-26T18:01:00.271+0000] {logging_mixin.py:154} INFO - [2023-11-26T18:01:00.270+0000] {dagbag.py:536} INFO - Filling up the DagBag from /home/airflow/.local/lib/python3.8/site-packages/airflow/example_dags/example_time_delta_sensor_async.py
[2023-11-26T18:01:00.283+0000] {processor.py:839} INFO - DAG(s) dict_keys(['example_time_delta_sensor_async']) retrieved from /home/airflow/.local/lib/python3.8/site-packages/airflow/example_dags/example_time_delta_sensor_async.py
[2023-11-26T18:01:00.406+0000] {logging_mixin.py:154} INFO - [2023-11-26T18:01:00.406+0000] {dag.py:2941} INFO - Sync 1 DAGs
[2023-11-26T18:01:00.434+0000] {logging_mixin.py:154} INFO - [2023-11-26T18:01:00.433+0000] {dag.py:3722} INFO - Setting next_dagrun for example_time_delta_sensor_async to None, run_after=None
[2023-11-26T18:01:00.483+0000] {processor.py:179} INFO - Processing /home/airflow/.local/lib/python3.8/site-packages/airflow/example_dags/example_time_delta_sensor_async.py took 0.227 seconds
[2023-11-26T18:01:30.629+0000] {processor.py:157} INFO - Started process (PID=1618) to work on /home/airflow/.local/lib/python3.8/site-packages/airflow/example_dags/example_time_delta_sensor_async.py
[2023-11-26T18:01:30.632+0000] {processor.py:829} INFO - Processing file /home/airflow/.local/lib/python3.8/site-packages/airflow/example_dags/example_time_delta_sensor_async.py for tasks to queue
[2023-11-26T18:01:30.647+0000] {logging_mixin.py:154} INFO - [2023-11-26T18:01:30.646+0000] {dagbag.py:536} INFO - Filling up the DagBag from /home/airflow/.local/lib/python3.8/site-packages/airflow/example_dags/example_time_delta_sensor_async.py
[2023-11-26T18:01:30.665+0000] {processor.py:839} INFO - DAG(s) dict_keys(['example_time_delta_sensor_async']) retrieved from /home/airflow/.local/lib/python3.8/site-packages/airflow/example_dags/example_time_delta_sensor_async.py
[2023-11-26T18:01:30.729+0000] {logging_mixin.py:154} INFO - [2023-11-26T18:01:30.729+0000] {dag.py:2941} INFO - Sync 1 DAGs
[2023-11-26T18:01:30.764+0000] {logging_mixin.py:154} INFO - [2023-11-26T18:01:30.764+0000] {dag.py:3722} INFO - Setting next_dagrun for example_time_delta_sensor_async to None, run_after=None
[2023-11-26T18:01:30.812+0000] {processor.py:179} INFO - Processing /home/airflow/.local/lib/python3.8/site-packages/airflow/example_dags/example_time_delta_sensor_async.py took 0.192 seconds
[2023-11-26T18:02:01.225+0000] {processor.py:157} INFO - Started process (PID=1671) to work on /home/airflow/.local/lib/python3.8/site-packages/airflow/example_dags/example_time_delta_sensor_async.py
[2023-11-26T18:02:01.228+0000] {processor.py:829} INFO - Processing file /home/airflow/.local/lib/python3.8/site-packages/airflow/example_dags/example_time_delta_sensor_async.py for tasks to queue
[2023-11-26T18:02:01.240+0000] {logging_mixin.py:154} INFO - [2023-11-26T18:02:01.239+0000] {dagbag.py:536} INFO - Filling up the DagBag from /home/airflow/.local/lib/python3.8/site-packages/airflow/example_dags/example_time_delta_sensor_async.py
[2023-11-26T18:02:01.251+0000] {processor.py:839} INFO - DAG(s) dict_keys(['example_time_delta_sensor_async']) retrieved from /home/airflow/.local/lib/python3.8/site-packages/airflow/example_dags/example_time_delta_sensor_async.py
[2023-11-26T18:02:01.312+0000] {logging_mixin.py:154} INFO - [2023-11-26T18:02:01.312+0000] {dag.py:2941} INFO - Sync 1 DAGs
[2023-11-26T18:02:01.350+0000] {logging_mixin.py:154} INFO - [2023-11-26T18:02:01.349+0000] {dag.py:3722} INFO - Setting next_dagrun for example_time_delta_sensor_async to None, run_after=None
[2023-11-26T18:02:01.409+0000] {processor.py:179} INFO - Processing /home/airflow/.local/lib/python3.8/site-packages/airflow/example_dags/example_time_delta_sensor_async.py took 0.191 seconds
[2023-11-26T18:02:35.026+0000] {processor.py:157} INFO - Started process (PID=1720) to work on /home/airflow/.local/lib/python3.8/site-packages/airflow/example_dags/example_time_delta_sensor_async.py
[2023-11-26T18:02:35.070+0000] {processor.py:829} INFO - Processing file /home/airflow/.local/lib/python3.8/site-packages/airflow/example_dags/example_time_delta_sensor_async.py for tasks to queue
[2023-11-26T18:02:35.080+0000] {logging_mixin.py:154} INFO - [2023-11-26T18:02:35.077+0000] {dagbag.py:536} INFO - Filling up the DagBag from /home/airflow/.local/lib/python3.8/site-packages/airflow/example_dags/example_time_delta_sensor_async.py
[2023-11-26T18:02:35.096+0000] {processor.py:839} INFO - DAG(s) dict_keys(['example_time_delta_sensor_async']) retrieved from /home/airflow/.local/lib/python3.8/site-packages/airflow/example_dags/example_time_delta_sensor_async.py
[2023-11-26T18:02:35.169+0000] {logging_mixin.py:154} INFO - [2023-11-26T18:02:35.169+0000] {dag.py:2941} INFO - Sync 1 DAGs
[2023-11-26T18:02:35.237+0000] {logging_mixin.py:154} INFO - [2023-11-26T18:02:35.236+0000] {dag.py:3722} INFO - Setting next_dagrun for example_time_delta_sensor_async to None, run_after=None
[2023-11-26T18:02:35.292+0000] {processor.py:179} INFO - Processing /home/airflow/.local/lib/python3.8/site-packages/airflow/example_dags/example_time_delta_sensor_async.py took 0.276 seconds
[2023-11-26T18:03:05.597+0000] {processor.py:157} INFO - Started process (PID=1773) to work on /home/airflow/.local/lib/python3.8/site-packages/airflow/example_dags/example_time_delta_sensor_async.py
[2023-11-26T18:03:05.599+0000] {processor.py:829} INFO - Processing file /home/airflow/.local/lib/python3.8/site-packages/airflow/example_dags/example_time_delta_sensor_async.py for tasks to queue
[2023-11-26T18:03:05.606+0000] {logging_mixin.py:154} INFO - [2023-11-26T18:03:05.605+0000] {dagbag.py:536} INFO - Filling up the DagBag from /home/airflow/.local/lib/python3.8/site-packages/airflow/example_dags/example_time_delta_sensor_async.py
[2023-11-26T18:03:05.615+0000] {processor.py:839} INFO - DAG(s) dict_keys(['example_time_delta_sensor_async']) retrieved from /home/airflow/.local/lib/python3.8/site-packages/airflow/example_dags/example_time_delta_sensor_async.py
[2023-11-26T18:03:05.679+0000] {logging_mixin.py:154} INFO - [2023-11-26T18:03:05.678+0000] {dag.py:2941} INFO - Sync 1 DAGs
[2023-11-26T18:03:05.744+0000] {logging_mixin.py:154} INFO - [2023-11-26T18:03:05.743+0000] {dag.py:3722} INFO - Setting next_dagrun for example_time_delta_sensor_async to None, run_after=None
[2023-11-26T18:03:05.816+0000] {processor.py:179} INFO - Processing /home/airflow/.local/lib/python3.8/site-packages/airflow/example_dags/example_time_delta_sensor_async.py took 0.228 seconds
