[2023-11-26T17:42:11.463+0000] {processor.py:157} INFO - Started process (PID=54) to work on /home/airflow/.local/lib/python3.8/site-packages/airflow/example_dags/example_skip_dag.py
[2023-11-26T17:42:11.469+0000] {processor.py:829} INFO - Processing file /home/airflow/.local/lib/python3.8/site-packages/airflow/example_dags/example_skip_dag.py for tasks to queue
[2023-11-26T17:42:11.475+0000] {logging_mixin.py:154} INFO - [2023-11-26T17:42:11.474+0000] {dagbag.py:536} INFO - Filling up the DagBag from /home/airflow/.local/lib/python3.8/site-packages/airflow/example_dags/example_skip_dag.py
[2023-11-26T17:42:11.501+0000] {processor.py:839} INFO - DAG(s) dict_keys(['example_skip_dag']) retrieved from /home/airflow/.local/lib/python3.8/site-packages/airflow/example_dags/example_skip_dag.py
[2023-11-26T17:42:11.573+0000] {logging_mixin.py:154} INFO - [2023-11-26T17:42:11.573+0000] {dag.py:2941} INFO - Sync 1 DAGs
[2023-11-26T17:42:11.627+0000] {logging_mixin.py:154} INFO - [2023-11-26T17:42:11.627+0000] {dag.py:3722} INFO - Setting next_dagrun for example_skip_dag to 2023-11-25T17:42:11.626577+00:00, run_after=2023-11-26T17:42:11.626577+00:00
[2023-11-26T17:42:11.668+0000] {processor.py:179} INFO - Processing /home/airflow/.local/lib/python3.8/site-packages/airflow/example_dags/example_skip_dag.py took 0.216 seconds
[2023-11-26T17:46:09.367+0000] {processor.py:157} INFO - Started process (PID=62) to work on /home/airflow/.local/lib/python3.8/site-packages/airflow/example_dags/example_skip_dag.py
[2023-11-26T17:46:09.370+0000] {processor.py:829} INFO - Processing file /home/airflow/.local/lib/python3.8/site-packages/airflow/example_dags/example_skip_dag.py for tasks to queue
[2023-11-26T17:46:09.378+0000] {logging_mixin.py:154} INFO - [2023-11-26T17:46:09.377+0000] {dagbag.py:536} INFO - Filling up the DagBag from /home/airflow/.local/lib/python3.8/site-packages/airflow/example_dags/example_skip_dag.py
[2023-11-26T17:46:09.405+0000] {processor.py:839} INFO - DAG(s) dict_keys(['example_skip_dag']) retrieved from /home/airflow/.local/lib/python3.8/site-packages/airflow/example_dags/example_skip_dag.py
[2023-11-26T17:46:09.510+0000] {logging_mixin.py:154} INFO - [2023-11-26T17:46:09.510+0000] {dag.py:2941} INFO - Sync 1 DAGs
[2023-11-26T17:46:09.628+0000] {logging_mixin.py:154} INFO - [2023-11-26T17:46:09.627+0000] {dag.py:3722} INFO - Setting next_dagrun for example_skip_dag to 2023-11-25T17:46:09.627401+00:00, run_after=2023-11-26T17:46:09.627401+00:00
[2023-11-26T17:46:09.700+0000] {processor.py:179} INFO - Processing /home/airflow/.local/lib/python3.8/site-packages/airflow/example_dags/example_skip_dag.py took 0.343 seconds
[2023-11-26T17:46:45.290+0000] {processor.py:157} INFO - Started process (PID=116) to work on /home/airflow/.local/lib/python3.8/site-packages/airflow/example_dags/example_skip_dag.py
[2023-11-26T17:46:45.292+0000] {processor.py:829} INFO - Processing file /home/airflow/.local/lib/python3.8/site-packages/airflow/example_dags/example_skip_dag.py for tasks to queue
[2023-11-26T17:46:45.301+0000] {logging_mixin.py:154} INFO - [2023-11-26T17:46:45.300+0000] {dagbag.py:536} INFO - Filling up the DagBag from /home/airflow/.local/lib/python3.8/site-packages/airflow/example_dags/example_skip_dag.py
[2023-11-26T17:46:45.326+0000] {processor.py:839} INFO - DAG(s) dict_keys(['example_skip_dag']) retrieved from /home/airflow/.local/lib/python3.8/site-packages/airflow/example_dags/example_skip_dag.py
[2023-11-26T17:46:45.426+0000] {logging_mixin.py:154} INFO - [2023-11-26T17:46:45.426+0000] {dag.py:2941} INFO - Sync 1 DAGs
[2023-11-26T17:46:45.486+0000] {logging_mixin.py:154} INFO - [2023-11-26T17:46:45.486+0000] {dag.py:3722} INFO - Setting next_dagrun for example_skip_dag to 2023-11-25T17:46:45.485907+00:00, run_after=2023-11-26T17:46:45.485907+00:00
[2023-11-26T17:46:45.554+0000] {processor.py:179} INFO - Processing /home/airflow/.local/lib/python3.8/site-packages/airflow/example_dags/example_skip_dag.py took 0.273 seconds
[2023-11-26T17:47:15.660+0000] {processor.py:157} INFO - Started process (PID=168) to work on /home/airflow/.local/lib/python3.8/site-packages/airflow/example_dags/example_skip_dag.py
[2023-11-26T17:47:15.663+0000] {processor.py:829} INFO - Processing file /home/airflow/.local/lib/python3.8/site-packages/airflow/example_dags/example_skip_dag.py for tasks to queue
[2023-11-26T17:47:15.667+0000] {logging_mixin.py:154} INFO - [2023-11-26T17:47:15.666+0000] {dagbag.py:536} INFO - Filling up the DagBag from /home/airflow/.local/lib/python3.8/site-packages/airflow/example_dags/example_skip_dag.py
[2023-11-26T17:47:15.680+0000] {processor.py:839} INFO - DAG(s) dict_keys(['example_skip_dag']) retrieved from /home/airflow/.local/lib/python3.8/site-packages/airflow/example_dags/example_skip_dag.py
[2023-11-26T17:47:15.737+0000] {logging_mixin.py:154} INFO - [2023-11-26T17:47:15.736+0000] {dag.py:2941} INFO - Sync 1 DAGs
[2023-11-26T17:47:15.794+0000] {logging_mixin.py:154} INFO - [2023-11-26T17:47:15.793+0000] {dag.py:3722} INFO - Setting next_dagrun for example_skip_dag to 2023-11-25T17:47:15.793486+00:00, run_after=2023-11-26T17:47:15.793486+00:00
[2023-11-26T17:47:15.839+0000] {processor.py:179} INFO - Processing /home/airflow/.local/lib/python3.8/site-packages/airflow/example_dags/example_skip_dag.py took 0.186 seconds
[2023-11-26T17:47:46.489+0000] {processor.py:157} INFO - Started process (PID=222) to work on /home/airflow/.local/lib/python3.8/site-packages/airflow/example_dags/example_skip_dag.py
[2023-11-26T17:47:46.491+0000] {processor.py:829} INFO - Processing file /home/airflow/.local/lib/python3.8/site-packages/airflow/example_dags/example_skip_dag.py for tasks to queue
[2023-11-26T17:47:46.496+0000] {logging_mixin.py:154} INFO - [2023-11-26T17:47:46.495+0000] {dagbag.py:536} INFO - Filling up the DagBag from /home/airflow/.local/lib/python3.8/site-packages/airflow/example_dags/example_skip_dag.py
[2023-11-26T17:47:46.513+0000] {processor.py:839} INFO - DAG(s) dict_keys(['example_skip_dag']) retrieved from /home/airflow/.local/lib/python3.8/site-packages/airflow/example_dags/example_skip_dag.py
[2023-11-26T17:47:46.570+0000] {logging_mixin.py:154} INFO - [2023-11-26T17:47:46.569+0000] {dag.py:2941} INFO - Sync 1 DAGs
[2023-11-26T17:47:46.630+0000] {logging_mixin.py:154} INFO - [2023-11-26T17:47:46.629+0000] {dag.py:3722} INFO - Setting next_dagrun for example_skip_dag to 2023-11-25T17:47:46.629364+00:00, run_after=2023-11-26T17:47:46.629364+00:00
[2023-11-26T17:47:46.686+0000] {processor.py:179} INFO - Processing /home/airflow/.local/lib/python3.8/site-packages/airflow/example_dags/example_skip_dag.py took 0.204 seconds
[2023-11-26T17:48:18.031+0000] {processor.py:157} INFO - Started process (PID=275) to work on /home/airflow/.local/lib/python3.8/site-packages/airflow/example_dags/example_skip_dag.py
[2023-11-26T17:48:18.034+0000] {processor.py:829} INFO - Processing file /home/airflow/.local/lib/python3.8/site-packages/airflow/example_dags/example_skip_dag.py for tasks to queue
[2023-11-26T17:48:18.040+0000] {logging_mixin.py:154} INFO - [2023-11-26T17:48:18.039+0000] {dagbag.py:536} INFO - Filling up the DagBag from /home/airflow/.local/lib/python3.8/site-packages/airflow/example_dags/example_skip_dag.py
[2023-11-26T17:48:18.059+0000] {processor.py:839} INFO - DAG(s) dict_keys(['example_skip_dag']) retrieved from /home/airflow/.local/lib/python3.8/site-packages/airflow/example_dags/example_skip_dag.py
[2023-11-26T17:48:18.153+0000] {logging_mixin.py:154} INFO - [2023-11-26T17:48:18.153+0000] {dag.py:2941} INFO - Sync 1 DAGs
[2023-11-26T17:48:18.229+0000] {logging_mixin.py:154} INFO - [2023-11-26T17:48:18.228+0000] {dag.py:3722} INFO - Setting next_dagrun for example_skip_dag to 2023-11-25T17:48:18.227605+00:00, run_after=2023-11-26T17:48:18.227605+00:00
[2023-11-26T17:48:18.292+0000] {processor.py:179} INFO - Processing /home/airflow/.local/lib/python3.8/site-packages/airflow/example_dags/example_skip_dag.py took 0.271 seconds
[2023-11-26T17:48:49.201+0000] {processor.py:157} INFO - Started process (PID=329) to work on /home/airflow/.local/lib/python3.8/site-packages/airflow/example_dags/example_skip_dag.py
[2023-11-26T17:48:49.269+0000] {processor.py:829} INFO - Processing file /home/airflow/.local/lib/python3.8/site-packages/airflow/example_dags/example_skip_dag.py for tasks to queue
[2023-11-26T17:48:49.289+0000] {logging_mixin.py:154} INFO - [2023-11-26T17:48:49.286+0000] {dagbag.py:536} INFO - Filling up the DagBag from /home/airflow/.local/lib/python3.8/site-packages/airflow/example_dags/example_skip_dag.py
[2023-11-26T17:48:49.323+0000] {processor.py:839} INFO - DAG(s) dict_keys(['example_skip_dag']) retrieved from /home/airflow/.local/lib/python3.8/site-packages/airflow/example_dags/example_skip_dag.py
[2023-11-26T17:48:49.421+0000] {logging_mixin.py:154} INFO - [2023-11-26T17:48:49.421+0000] {dag.py:2941} INFO - Sync 1 DAGs
[2023-11-26T17:48:49.512+0000] {logging_mixin.py:154} INFO - [2023-11-26T17:48:49.512+0000] {dag.py:3722} INFO - Setting next_dagrun for example_skip_dag to 2023-11-25T17:48:49.509359+00:00, run_after=2023-11-26T17:48:49.509359+00:00
[2023-11-26T17:48:49.578+0000] {processor.py:179} INFO - Processing /home/airflow/.local/lib/python3.8/site-packages/airflow/example_dags/example_skip_dag.py took 0.387 seconds
[2023-11-26T17:49:20.923+0000] {processor.py:157} INFO - Started process (PID=382) to work on /home/airflow/.local/lib/python3.8/site-packages/airflow/example_dags/example_skip_dag.py
[2023-11-26T17:49:21.037+0000] {processor.py:829} INFO - Processing file /home/airflow/.local/lib/python3.8/site-packages/airflow/example_dags/example_skip_dag.py for tasks to queue
[2023-11-26T17:49:21.099+0000] {logging_mixin.py:154} INFO - [2023-11-26T17:49:21.099+0000] {dagbag.py:536} INFO - Filling up the DagBag from /home/airflow/.local/lib/python3.8/site-packages/airflow/example_dags/example_skip_dag.py
[2023-11-26T17:49:21.238+0000] {processor.py:839} INFO - DAG(s) dict_keys(['example_skip_dag']) retrieved from /home/airflow/.local/lib/python3.8/site-packages/airflow/example_dags/example_skip_dag.py
[2023-11-26T17:49:21.677+0000] {logging_mixin.py:154} INFO - [2023-11-26T17:49:21.677+0000] {dag.py:2941} INFO - Sync 1 DAGs
[2023-11-26T17:49:21.802+0000] {logging_mixin.py:154} INFO - [2023-11-26T17:49:21.801+0000] {dag.py:3722} INFO - Setting next_dagrun for example_skip_dag to 2023-11-25T17:49:21.800618+00:00, run_after=2023-11-26T17:49:21.800618+00:00
[2023-11-26T17:49:21.864+0000] {processor.py:179} INFO - Processing /home/airflow/.local/lib/python3.8/site-packages/airflow/example_dags/example_skip_dag.py took 1.011 seconds
[2023-11-26T17:49:52.445+0000] {processor.py:157} INFO - Started process (PID=435) to work on /home/airflow/.local/lib/python3.8/site-packages/airflow/example_dags/example_skip_dag.py
[2023-11-26T17:49:52.449+0000] {processor.py:829} INFO - Processing file /home/airflow/.local/lib/python3.8/site-packages/airflow/example_dags/example_skip_dag.py for tasks to queue
[2023-11-26T17:49:52.468+0000] {logging_mixin.py:154} INFO - [2023-11-26T17:49:52.467+0000] {dagbag.py:536} INFO - Filling up the DagBag from /home/airflow/.local/lib/python3.8/site-packages/airflow/example_dags/example_skip_dag.py
[2023-11-26T17:49:52.485+0000] {processor.py:839} INFO - DAG(s) dict_keys(['example_skip_dag']) retrieved from /home/airflow/.local/lib/python3.8/site-packages/airflow/example_dags/example_skip_dag.py
[2023-11-26T17:49:52.582+0000] {logging_mixin.py:154} INFO - [2023-11-26T17:49:52.582+0000] {dag.py:2941} INFO - Sync 1 DAGs
[2023-11-26T17:49:52.690+0000] {logging_mixin.py:154} INFO - [2023-11-26T17:49:52.690+0000] {dag.py:3722} INFO - Setting next_dagrun for example_skip_dag to 2023-11-25T17:49:52.689772+00:00, run_after=2023-11-26T17:49:52.689772+00:00
[2023-11-26T17:49:53.251+0000] {processor.py:179} INFO - Processing /home/airflow/.local/lib/python3.8/site-packages/airflow/example_dags/example_skip_dag.py took 0.816 seconds
[2023-11-26T17:50:24.022+0000] {processor.py:157} INFO - Started process (PID=489) to work on /home/airflow/.local/lib/python3.8/site-packages/airflow/example_dags/example_skip_dag.py
[2023-11-26T17:50:24.024+0000] {processor.py:829} INFO - Processing file /home/airflow/.local/lib/python3.8/site-packages/airflow/example_dags/example_skip_dag.py for tasks to queue
[2023-11-26T17:50:24.033+0000] {logging_mixin.py:154} INFO - [2023-11-26T17:50:24.032+0000] {dagbag.py:536} INFO - Filling up the DagBag from /home/airflow/.local/lib/python3.8/site-packages/airflow/example_dags/example_skip_dag.py
[2023-11-26T17:50:24.054+0000] {processor.py:839} INFO - DAG(s) dict_keys(['example_skip_dag']) retrieved from /home/airflow/.local/lib/python3.8/site-packages/airflow/example_dags/example_skip_dag.py
[2023-11-26T17:50:24.124+0000] {logging_mixin.py:154} INFO - [2023-11-26T17:50:24.124+0000] {dag.py:2941} INFO - Sync 1 DAGs
[2023-11-26T17:50:24.199+0000] {logging_mixin.py:154} INFO - [2023-11-26T17:50:24.198+0000] {dag.py:3722} INFO - Setting next_dagrun for example_skip_dag to 2023-11-25T17:50:24.198222+00:00, run_after=2023-11-26T17:50:24.198222+00:00
[2023-11-26T17:50:24.264+0000] {processor.py:179} INFO - Processing /home/airflow/.local/lib/python3.8/site-packages/airflow/example_dags/example_skip_dag.py took 0.254 seconds
[2023-11-26T17:50:54.626+0000] {processor.py:157} INFO - Started process (PID=542) to work on /home/airflow/.local/lib/python3.8/site-packages/airflow/example_dags/example_skip_dag.py
[2023-11-26T17:50:54.635+0000] {processor.py:829} INFO - Processing file /home/airflow/.local/lib/python3.8/site-packages/airflow/example_dags/example_skip_dag.py for tasks to queue
[2023-11-26T17:50:54.646+0000] {logging_mixin.py:154} INFO - [2023-11-26T17:50:54.645+0000] {dagbag.py:536} INFO - Filling up the DagBag from /home/airflow/.local/lib/python3.8/site-packages/airflow/example_dags/example_skip_dag.py
[2023-11-26T17:50:54.667+0000] {processor.py:839} INFO - DAG(s) dict_keys(['example_skip_dag']) retrieved from /home/airflow/.local/lib/python3.8/site-packages/airflow/example_dags/example_skip_dag.py
[2023-11-26T17:50:54.756+0000] {logging_mixin.py:154} INFO - [2023-11-26T17:50:54.755+0000] {dag.py:2941} INFO - Sync 1 DAGs
[2023-11-26T17:50:54.885+0000] {logging_mixin.py:154} INFO - [2023-11-26T17:50:54.884+0000] {dag.py:3722} INFO - Setting next_dagrun for example_skip_dag to 2023-11-25T17:50:54.883355+00:00, run_after=2023-11-26T17:50:54.883355+00:00
[2023-11-26T17:50:54.995+0000] {processor.py:179} INFO - Processing /home/airflow/.local/lib/python3.8/site-packages/airflow/example_dags/example_skip_dag.py took 0.376 seconds
[2023-11-26T17:51:25.216+0000] {processor.py:157} INFO - Started process (PID=596) to work on /home/airflow/.local/lib/python3.8/site-packages/airflow/example_dags/example_skip_dag.py
[2023-11-26T17:51:25.220+0000] {processor.py:829} INFO - Processing file /home/airflow/.local/lib/python3.8/site-packages/airflow/example_dags/example_skip_dag.py for tasks to queue
[2023-11-26T17:51:25.229+0000] {logging_mixin.py:154} INFO - [2023-11-26T17:51:25.227+0000] {dagbag.py:536} INFO - Filling up the DagBag from /home/airflow/.local/lib/python3.8/site-packages/airflow/example_dags/example_skip_dag.py
[2023-11-26T17:51:25.254+0000] {processor.py:839} INFO - DAG(s) dict_keys(['example_skip_dag']) retrieved from /home/airflow/.local/lib/python3.8/site-packages/airflow/example_dags/example_skip_dag.py
[2023-11-26T17:51:25.408+0000] {logging_mixin.py:154} INFO - [2023-11-26T17:51:25.407+0000] {dag.py:2941} INFO - Sync 1 DAGs
[2023-11-26T17:51:25.521+0000] {logging_mixin.py:154} INFO - [2023-11-26T17:51:25.520+0000] {dag.py:3722} INFO - Setting next_dagrun for example_skip_dag to 2023-11-25T17:51:25.520239+00:00, run_after=2023-11-26T17:51:25.520239+00:00
[2023-11-26T17:51:25.602+0000] {processor.py:179} INFO - Processing /home/airflow/.local/lib/python3.8/site-packages/airflow/example_dags/example_skip_dag.py took 0.397 seconds
[2023-11-26T17:51:55.728+0000] {processor.py:157} INFO - Started process (PID=649) to work on /home/airflow/.local/lib/python3.8/site-packages/airflow/example_dags/example_skip_dag.py
[2023-11-26T17:51:55.734+0000] {processor.py:829} INFO - Processing file /home/airflow/.local/lib/python3.8/site-packages/airflow/example_dags/example_skip_dag.py for tasks to queue
[2023-11-26T17:51:55.743+0000] {logging_mixin.py:154} INFO - [2023-11-26T17:51:55.742+0000] {dagbag.py:536} INFO - Filling up the DagBag from /home/airflow/.local/lib/python3.8/site-packages/airflow/example_dags/example_skip_dag.py
[2023-11-26T17:51:55.773+0000] {processor.py:839} INFO - DAG(s) dict_keys(['example_skip_dag']) retrieved from /home/airflow/.local/lib/python3.8/site-packages/airflow/example_dags/example_skip_dag.py
[2023-11-26T17:51:55.862+0000] {logging_mixin.py:154} INFO - [2023-11-26T17:51:55.861+0000] {dag.py:2941} INFO - Sync 1 DAGs
[2023-11-26T17:51:55.940+0000] {logging_mixin.py:154} INFO - [2023-11-26T17:51:55.939+0000] {dag.py:3722} INFO - Setting next_dagrun for example_skip_dag to 2023-11-25T17:51:55.939239+00:00, run_after=2023-11-26T17:51:55.939239+00:00
[2023-11-26T17:51:56.006+0000] {processor.py:179} INFO - Processing /home/airflow/.local/lib/python3.8/site-packages/airflow/example_dags/example_skip_dag.py took 0.296 seconds
[2023-11-26T17:52:26.198+0000] {processor.py:157} INFO - Started process (PID=703) to work on /home/airflow/.local/lib/python3.8/site-packages/airflow/example_dags/example_skip_dag.py
[2023-11-26T17:52:26.201+0000] {processor.py:829} INFO - Processing file /home/airflow/.local/lib/python3.8/site-packages/airflow/example_dags/example_skip_dag.py for tasks to queue
[2023-11-26T17:52:26.210+0000] {logging_mixin.py:154} INFO - [2023-11-26T17:52:26.209+0000] {dagbag.py:536} INFO - Filling up the DagBag from /home/airflow/.local/lib/python3.8/site-packages/airflow/example_dags/example_skip_dag.py
[2023-11-26T17:52:26.241+0000] {processor.py:839} INFO - DAG(s) dict_keys(['example_skip_dag']) retrieved from /home/airflow/.local/lib/python3.8/site-packages/airflow/example_dags/example_skip_dag.py
[2023-11-26T17:52:26.560+0000] {logging_mixin.py:154} INFO - [2023-11-26T17:52:26.559+0000] {dag.py:2941} INFO - Sync 1 DAGs
[2023-11-26T17:52:26.683+0000] {logging_mixin.py:154} INFO - [2023-11-26T17:52:26.683+0000] {dag.py:3722} INFO - Setting next_dagrun for example_skip_dag to 2023-11-25T17:52:26.682404+00:00, run_after=2023-11-26T17:52:26.682404+00:00
[2023-11-26T17:52:26.751+0000] {processor.py:179} INFO - Processing /home/airflow/.local/lib/python3.8/site-packages/airflow/example_dags/example_skip_dag.py took 0.565 seconds
[2023-11-26T17:52:57.704+0000] {processor.py:157} INFO - Started process (PID=757) to work on /home/airflow/.local/lib/python3.8/site-packages/airflow/example_dags/example_skip_dag.py
[2023-11-26T17:52:57.709+0000] {processor.py:829} INFO - Processing file /home/airflow/.local/lib/python3.8/site-packages/airflow/example_dags/example_skip_dag.py for tasks to queue
[2023-11-26T17:52:57.724+0000] {logging_mixin.py:154} INFO - [2023-11-26T17:52:57.723+0000] {dagbag.py:536} INFO - Filling up the DagBag from /home/airflow/.local/lib/python3.8/site-packages/airflow/example_dags/example_skip_dag.py
[2023-11-26T17:52:57.751+0000] {processor.py:839} INFO - DAG(s) dict_keys(['example_skip_dag']) retrieved from /home/airflow/.local/lib/python3.8/site-packages/airflow/example_dags/example_skip_dag.py
[2023-11-26T17:52:58.093+0000] {logging_mixin.py:154} INFO - [2023-11-26T17:52:58.093+0000] {dag.py:2941} INFO - Sync 1 DAGs
[2023-11-26T17:52:58.539+0000] {logging_mixin.py:154} INFO - [2023-11-26T17:52:58.538+0000] {dag.py:3722} INFO - Setting next_dagrun for example_skip_dag to 2023-11-25T17:52:58.538127+00:00, run_after=2023-11-26T17:52:58.538127+00:00
[2023-11-26T17:52:58.756+0000] {processor.py:179} INFO - Processing /home/airflow/.local/lib/python3.8/site-packages/airflow/example_dags/example_skip_dag.py took 1.062 seconds
[2023-11-26T17:53:30.035+0000] {processor.py:157} INFO - Started process (PID=811) to work on /home/airflow/.local/lib/python3.8/site-packages/airflow/example_dags/example_skip_dag.py
[2023-11-26T17:53:30.054+0000] {processor.py:829} INFO - Processing file /home/airflow/.local/lib/python3.8/site-packages/airflow/example_dags/example_skip_dag.py for tasks to queue
[2023-11-26T17:53:30.067+0000] {logging_mixin.py:154} INFO - [2023-11-26T17:53:30.066+0000] {dagbag.py:536} INFO - Filling up the DagBag from /home/airflow/.local/lib/python3.8/site-packages/airflow/example_dags/example_skip_dag.py
[2023-11-26T17:53:30.119+0000] {processor.py:839} INFO - DAG(s) dict_keys(['example_skip_dag']) retrieved from /home/airflow/.local/lib/python3.8/site-packages/airflow/example_dags/example_skip_dag.py
[2023-11-26T17:53:30.204+0000] {logging_mixin.py:154} INFO - [2023-11-26T17:53:30.204+0000] {dag.py:2941} INFO - Sync 1 DAGs
[2023-11-26T17:53:30.296+0000] {logging_mixin.py:154} INFO - [2023-11-26T17:53:30.296+0000] {dag.py:3722} INFO - Setting next_dagrun for example_skip_dag to 2023-11-25T17:53:30.293732+00:00, run_after=2023-11-26T17:53:30.293732+00:00
[2023-11-26T17:53:30.373+0000] {processor.py:179} INFO - Processing /home/airflow/.local/lib/python3.8/site-packages/airflow/example_dags/example_skip_dag.py took 0.352 seconds
[2023-11-26T17:54:00.791+0000] {processor.py:157} INFO - Started process (PID=865) to work on /home/airflow/.local/lib/python3.8/site-packages/airflow/example_dags/example_skip_dag.py
[2023-11-26T17:54:00.794+0000] {processor.py:829} INFO - Processing file /home/airflow/.local/lib/python3.8/site-packages/airflow/example_dags/example_skip_dag.py for tasks to queue
[2023-11-26T17:54:00.807+0000] {logging_mixin.py:154} INFO - [2023-11-26T17:54:00.806+0000] {dagbag.py:536} INFO - Filling up the DagBag from /home/airflow/.local/lib/python3.8/site-packages/airflow/example_dags/example_skip_dag.py
[2023-11-26T17:54:00.824+0000] {processor.py:839} INFO - DAG(s) dict_keys(['example_skip_dag']) retrieved from /home/airflow/.local/lib/python3.8/site-packages/airflow/example_dags/example_skip_dag.py
[2023-11-26T17:54:00.890+0000] {logging_mixin.py:154} INFO - [2023-11-26T17:54:00.889+0000] {dag.py:2941} INFO - Sync 1 DAGs
[2023-11-26T17:54:00.948+0000] {logging_mixin.py:154} INFO - [2023-11-26T17:54:00.947+0000] {dag.py:3722} INFO - Setting next_dagrun for example_skip_dag to 2023-11-25T17:54:00.947018+00:00, run_after=2023-11-26T17:54:00.947018+00:00
[2023-11-26T17:54:01.002+0000] {processor.py:179} INFO - Processing /home/airflow/.local/lib/python3.8/site-packages/airflow/example_dags/example_skip_dag.py took 0.222 seconds
[2023-11-26T17:54:38.486+0000] {processor.py:157} INFO - Started process (PID=926) to work on /home/airflow/.local/lib/python3.8/site-packages/airflow/example_dags/example_skip_dag.py
[2023-11-26T17:54:38.490+0000] {processor.py:829} INFO - Processing file /home/airflow/.local/lib/python3.8/site-packages/airflow/example_dags/example_skip_dag.py for tasks to queue
[2023-11-26T17:54:38.497+0000] {logging_mixin.py:154} INFO - [2023-11-26T17:54:38.496+0000] {dagbag.py:536} INFO - Filling up the DagBag from /home/airflow/.local/lib/python3.8/site-packages/airflow/example_dags/example_skip_dag.py
[2023-11-26T17:54:38.519+0000] {processor.py:839} INFO - DAG(s) dict_keys(['example_skip_dag']) retrieved from /home/airflow/.local/lib/python3.8/site-packages/airflow/example_dags/example_skip_dag.py
[2023-11-26T17:54:38.682+0000] {logging_mixin.py:154} INFO - [2023-11-26T17:54:38.681+0000] {dag.py:2941} INFO - Sync 1 DAGs
[2023-11-26T17:54:38.863+0000] {logging_mixin.py:154} INFO - [2023-11-26T17:54:38.862+0000] {dag.py:3722} INFO - Setting next_dagrun for example_skip_dag to 2023-11-25T17:54:38.855409+00:00, run_after=2023-11-26T17:54:38.855409+00:00
[2023-11-26T17:54:38.996+0000] {processor.py:179} INFO - Processing /home/airflow/.local/lib/python3.8/site-packages/airflow/example_dags/example_skip_dag.py took 0.522 seconds
[2023-11-26T17:55:09.643+0000] {processor.py:157} INFO - Started process (PID=981) to work on /home/airflow/.local/lib/python3.8/site-packages/airflow/example_dags/example_skip_dag.py
[2023-11-26T17:55:09.668+0000] {processor.py:829} INFO - Processing file /home/airflow/.local/lib/python3.8/site-packages/airflow/example_dags/example_skip_dag.py for tasks to queue
[2023-11-26T17:55:09.681+0000] {logging_mixin.py:154} INFO - [2023-11-26T17:55:09.680+0000] {dagbag.py:536} INFO - Filling up the DagBag from /home/airflow/.local/lib/python3.8/site-packages/airflow/example_dags/example_skip_dag.py
[2023-11-26T17:55:09.702+0000] {processor.py:839} INFO - DAG(s) dict_keys(['example_skip_dag']) retrieved from /home/airflow/.local/lib/python3.8/site-packages/airflow/example_dags/example_skip_dag.py
[2023-11-26T17:55:09.801+0000] {logging_mixin.py:154} INFO - [2023-11-26T17:55:09.797+0000] {dag.py:2941} INFO - Sync 1 DAGs
[2023-11-26T17:55:09.890+0000] {logging_mixin.py:154} INFO - [2023-11-26T17:55:09.889+0000] {dag.py:3722} INFO - Setting next_dagrun for example_skip_dag to 2023-11-25T17:55:09.889008+00:00, run_after=2023-11-26T17:55:09.889008+00:00
[2023-11-26T17:55:09.971+0000] {processor.py:179} INFO - Processing /home/airflow/.local/lib/python3.8/site-packages/airflow/example_dags/example_skip_dag.py took 0.404 seconds
[2023-11-26T17:55:41.192+0000] {processor.py:157} INFO - Started process (PID=1036) to work on /home/airflow/.local/lib/python3.8/site-packages/airflow/example_dags/example_skip_dag.py
[2023-11-26T17:55:41.194+0000] {processor.py:829} INFO - Processing file /home/airflow/.local/lib/python3.8/site-packages/airflow/example_dags/example_skip_dag.py for tasks to queue
[2023-11-26T17:55:41.200+0000] {logging_mixin.py:154} INFO - [2023-11-26T17:55:41.200+0000] {dagbag.py:536} INFO - Filling up the DagBag from /home/airflow/.local/lib/python3.8/site-packages/airflow/example_dags/example_skip_dag.py
[2023-11-26T17:55:41.216+0000] {processor.py:839} INFO - DAG(s) dict_keys(['example_skip_dag']) retrieved from /home/airflow/.local/lib/python3.8/site-packages/airflow/example_dags/example_skip_dag.py
[2023-11-26T17:55:41.272+0000] {logging_mixin.py:154} INFO - [2023-11-26T17:55:41.272+0000] {dag.py:2941} INFO - Sync 1 DAGs
[2023-11-26T17:55:41.332+0000] {logging_mixin.py:154} INFO - [2023-11-26T17:55:41.332+0000] {dag.py:3722} INFO - Setting next_dagrun for example_skip_dag to 2023-11-25T17:55:41.332064+00:00, run_after=2023-11-26T17:55:41.332064+00:00
[2023-11-26T17:55:41.386+0000] {processor.py:179} INFO - Processing /home/airflow/.local/lib/python3.8/site-packages/airflow/example_dags/example_skip_dag.py took 0.201 seconds
[2023-11-26T17:56:11.484+0000] {processor.py:157} INFO - Started process (PID=1088) to work on /home/airflow/.local/lib/python3.8/site-packages/airflow/example_dags/example_skip_dag.py
[2023-11-26T17:56:11.491+0000] {processor.py:829} INFO - Processing file /home/airflow/.local/lib/python3.8/site-packages/airflow/example_dags/example_skip_dag.py for tasks to queue
[2023-11-26T17:56:11.497+0000] {logging_mixin.py:154} INFO - [2023-11-26T17:56:11.497+0000] {dagbag.py:536} INFO - Filling up the DagBag from /home/airflow/.local/lib/python3.8/site-packages/airflow/example_dags/example_skip_dag.py
[2023-11-26T17:56:11.521+0000] {processor.py:839} INFO - DAG(s) dict_keys(['example_skip_dag']) retrieved from /home/airflow/.local/lib/python3.8/site-packages/airflow/example_dags/example_skip_dag.py
[2023-11-26T17:56:11.598+0000] {logging_mixin.py:154} INFO - [2023-11-26T17:56:11.597+0000] {dag.py:2941} INFO - Sync 1 DAGs
[2023-11-26T17:56:11.680+0000] {logging_mixin.py:154} INFO - [2023-11-26T17:56:11.680+0000] {dag.py:3722} INFO - Setting next_dagrun for example_skip_dag to 2023-11-25T17:56:11.679404+00:00, run_after=2023-11-26T17:56:11.679404+00:00
[2023-11-26T17:56:11.741+0000] {processor.py:179} INFO - Processing /home/airflow/.local/lib/python3.8/site-packages/airflow/example_dags/example_skip_dag.py took 0.266 seconds
[2023-11-26T17:56:42.733+0000] {processor.py:157} INFO - Started process (PID=1142) to work on /home/airflow/.local/lib/python3.8/site-packages/airflow/example_dags/example_skip_dag.py
[2023-11-26T17:56:42.735+0000] {processor.py:829} INFO - Processing file /home/airflow/.local/lib/python3.8/site-packages/airflow/example_dags/example_skip_dag.py for tasks to queue
[2023-11-26T17:56:42.742+0000] {logging_mixin.py:154} INFO - [2023-11-26T17:56:42.741+0000] {dagbag.py:536} INFO - Filling up the DagBag from /home/airflow/.local/lib/python3.8/site-packages/airflow/example_dags/example_skip_dag.py
[2023-11-26T17:56:42.761+0000] {processor.py:839} INFO - DAG(s) dict_keys(['example_skip_dag']) retrieved from /home/airflow/.local/lib/python3.8/site-packages/airflow/example_dags/example_skip_dag.py
[2023-11-26T17:56:42.822+0000] {logging_mixin.py:154} INFO - [2023-11-26T17:56:42.821+0000] {dag.py:2941} INFO - Sync 1 DAGs
[2023-11-26T17:56:43.204+0000] {logging_mixin.py:154} INFO - [2023-11-26T17:56:43.204+0000] {dag.py:3722} INFO - Setting next_dagrun for example_skip_dag to 2023-11-25T17:56:43.203907+00:00, run_after=2023-11-26T17:56:43.203907+00:00
[2023-11-26T17:56:43.257+0000] {processor.py:179} INFO - Processing /home/airflow/.local/lib/python3.8/site-packages/airflow/example_dags/example_skip_dag.py took 0.533 seconds
[2023-11-26T17:57:13.444+0000] {processor.py:157} INFO - Started process (PID=1197) to work on /home/airflow/.local/lib/python3.8/site-packages/airflow/example_dags/example_skip_dag.py
[2023-11-26T17:57:13.447+0000] {processor.py:829} INFO - Processing file /home/airflow/.local/lib/python3.8/site-packages/airflow/example_dags/example_skip_dag.py for tasks to queue
[2023-11-26T17:57:13.459+0000] {logging_mixin.py:154} INFO - [2023-11-26T17:57:13.459+0000] {dagbag.py:536} INFO - Filling up the DagBag from /home/airflow/.local/lib/python3.8/site-packages/airflow/example_dags/example_skip_dag.py
[2023-11-26T17:57:13.482+0000] {processor.py:839} INFO - DAG(s) dict_keys(['example_skip_dag']) retrieved from /home/airflow/.local/lib/python3.8/site-packages/airflow/example_dags/example_skip_dag.py
[2023-11-26T17:57:13.537+0000] {logging_mixin.py:154} INFO - [2023-11-26T17:57:13.536+0000] {dag.py:2941} INFO - Sync 1 DAGs
[2023-11-26T17:57:13.630+0000] {logging_mixin.py:154} INFO - [2023-11-26T17:57:13.630+0000] {dag.py:3722} INFO - Setting next_dagrun for example_skip_dag to 2023-11-25T17:57:13.629604+00:00, run_after=2023-11-26T17:57:13.629604+00:00
[2023-11-26T17:57:14.223+0000] {processor.py:179} INFO - Processing /home/airflow/.local/lib/python3.8/site-packages/airflow/example_dags/example_skip_dag.py took 0.796 seconds
[2023-11-26T17:57:57.569+0000] {processor.py:157} INFO - Started process (PID=1250) to work on /home/airflow/.local/lib/python3.8/site-packages/airflow/example_dags/example_skip_dag.py
[2023-11-26T17:57:57.653+0000] {processor.py:829} INFO - Processing file /home/airflow/.local/lib/python3.8/site-packages/airflow/example_dags/example_skip_dag.py for tasks to queue
[2023-11-26T17:57:57.696+0000] {logging_mixin.py:154} INFO - [2023-11-26T17:57:57.694+0000] {dagbag.py:536} INFO - Filling up the DagBag from /home/airflow/.local/lib/python3.8/site-packages/airflow/example_dags/example_skip_dag.py
[2023-11-26T17:57:57.792+0000] {processor.py:839} INFO - DAG(s) dict_keys(['example_skip_dag']) retrieved from /home/airflow/.local/lib/python3.8/site-packages/airflow/example_dags/example_skip_dag.py
[2023-11-26T17:57:58.044+0000] {logging_mixin.py:154} INFO - [2023-11-26T17:57:58.044+0000] {dag.py:2941} INFO - Sync 1 DAGs
[2023-11-26T17:57:58.420+0000] {logging_mixin.py:154} INFO - [2023-11-26T17:57:58.419+0000] {dag.py:3722} INFO - Setting next_dagrun for example_skip_dag to 2023-11-25T17:57:58.390172+00:00, run_after=2023-11-26T17:57:58.390172+00:00
[2023-11-26T17:57:58.767+0000] {processor.py:179} INFO - Processing /home/airflow/.local/lib/python3.8/site-packages/airflow/example_dags/example_skip_dag.py took 1.226 seconds
[2023-11-26T17:58:29.271+0000] {processor.py:157} INFO - Started process (PID=1303) to work on /home/airflow/.local/lib/python3.8/site-packages/airflow/example_dags/example_skip_dag.py
[2023-11-26T17:58:29.275+0000] {processor.py:829} INFO - Processing file /home/airflow/.local/lib/python3.8/site-packages/airflow/example_dags/example_skip_dag.py for tasks to queue
[2023-11-26T17:58:29.281+0000] {logging_mixin.py:154} INFO - [2023-11-26T17:58:29.280+0000] {dagbag.py:536} INFO - Filling up the DagBag from /home/airflow/.local/lib/python3.8/site-packages/airflow/example_dags/example_skip_dag.py
[2023-11-26T17:58:29.300+0000] {processor.py:839} INFO - DAG(s) dict_keys(['example_skip_dag']) retrieved from /home/airflow/.local/lib/python3.8/site-packages/airflow/example_dags/example_skip_dag.py
[2023-11-26T17:58:29.479+0000] {logging_mixin.py:154} INFO - [2023-11-26T17:58:29.476+0000] {dag.py:2941} INFO - Sync 1 DAGs
[2023-11-26T17:58:29.893+0000] {logging_mixin.py:154} INFO - [2023-11-26T17:58:29.893+0000] {dag.py:3722} INFO - Setting next_dagrun for example_skip_dag to 2023-11-25T17:58:29.892126+00:00, run_after=2023-11-26T17:58:29.892126+00:00
[2023-11-26T17:58:29.946+0000] {processor.py:179} INFO - Processing /home/airflow/.local/lib/python3.8/site-packages/airflow/example_dags/example_skip_dag.py took 0.686 seconds
[2023-11-26T17:59:00.243+0000] {processor.py:157} INFO - Started process (PID=1358) to work on /home/airflow/.local/lib/python3.8/site-packages/airflow/example_dags/example_skip_dag.py
[2023-11-26T17:59:00.245+0000] {processor.py:829} INFO - Processing file /home/airflow/.local/lib/python3.8/site-packages/airflow/example_dags/example_skip_dag.py for tasks to queue
[2023-11-26T17:59:00.251+0000] {logging_mixin.py:154} INFO - [2023-11-26T17:59:00.250+0000] {dagbag.py:536} INFO - Filling up the DagBag from /home/airflow/.local/lib/python3.8/site-packages/airflow/example_dags/example_skip_dag.py
[2023-11-26T17:59:00.267+0000] {processor.py:839} INFO - DAG(s) dict_keys(['example_skip_dag']) retrieved from /home/airflow/.local/lib/python3.8/site-packages/airflow/example_dags/example_skip_dag.py
[2023-11-26T17:59:00.336+0000] {logging_mixin.py:154} INFO - [2023-11-26T17:59:00.336+0000] {dag.py:2941} INFO - Sync 1 DAGs
[2023-11-26T17:59:00.766+0000] {logging_mixin.py:154} INFO - [2023-11-26T17:59:00.766+0000] {dag.py:3722} INFO - Setting next_dagrun for example_skip_dag to 2023-11-25T17:59:00.765616+00:00, run_after=2023-11-26T17:59:00.765616+00:00
[2023-11-26T17:59:00.834+0000] {processor.py:179} INFO - Processing /home/airflow/.local/lib/python3.8/site-packages/airflow/example_dags/example_skip_dag.py took 0.599 seconds
[2023-11-26T17:59:31.007+0000] {processor.py:157} INFO - Started process (PID=1411) to work on /home/airflow/.local/lib/python3.8/site-packages/airflow/example_dags/example_skip_dag.py
[2023-11-26T17:59:31.010+0000] {processor.py:829} INFO - Processing file /home/airflow/.local/lib/python3.8/site-packages/airflow/example_dags/example_skip_dag.py for tasks to queue
[2023-11-26T17:59:31.015+0000] {logging_mixin.py:154} INFO - [2023-11-26T17:59:31.014+0000] {dagbag.py:536} INFO - Filling up the DagBag from /home/airflow/.local/lib/python3.8/site-packages/airflow/example_dags/example_skip_dag.py
[2023-11-26T17:59:31.030+0000] {processor.py:839} INFO - DAG(s) dict_keys(['example_skip_dag']) retrieved from /home/airflow/.local/lib/python3.8/site-packages/airflow/example_dags/example_skip_dag.py
[2023-11-26T17:59:31.096+0000] {logging_mixin.py:154} INFO - [2023-11-26T17:59:31.096+0000] {dag.py:2941} INFO - Sync 1 DAGs
[2023-11-26T17:59:31.156+0000] {logging_mixin.py:154} INFO - [2023-11-26T17:59:31.156+0000] {dag.py:3722} INFO - Setting next_dagrun for example_skip_dag to 2023-11-25T17:59:31.156060+00:00, run_after=2023-11-26T17:59:31.156060+00:00
[2023-11-26T17:59:31.203+0000] {processor.py:179} INFO - Processing /home/airflow/.local/lib/python3.8/site-packages/airflow/example_dags/example_skip_dag.py took 0.204 seconds
[2023-11-26T18:00:03.578+0000] {processor.py:157} INFO - Started process (PID=1465) to work on /home/airflow/.local/lib/python3.8/site-packages/airflow/example_dags/example_skip_dag.py
[2023-11-26T18:00:03.600+0000] {processor.py:829} INFO - Processing file /home/airflow/.local/lib/python3.8/site-packages/airflow/example_dags/example_skip_dag.py for tasks to queue
[2023-11-26T18:00:03.631+0000] {logging_mixin.py:154} INFO - [2023-11-26T18:00:03.628+0000] {dagbag.py:536} INFO - Filling up the DagBag from /home/airflow/.local/lib/python3.8/site-packages/airflow/example_dags/example_skip_dag.py
[2023-11-26T18:00:05.485+0000] {processor.py:839} INFO - DAG(s) dict_keys(['example_skip_dag']) retrieved from /home/airflow/.local/lib/python3.8/site-packages/airflow/example_dags/example_skip_dag.py
[2023-11-26T18:00:05.817+0000] {logging_mixin.py:154} INFO - [2023-11-26T18:00:05.815+0000] {dag.py:2941} INFO - Sync 1 DAGs
[2023-11-26T18:00:06.041+0000] {logging_mixin.py:154} INFO - [2023-11-26T18:00:06.041+0000] {dag.py:3722} INFO - Setting next_dagrun for example_skip_dag to 2023-11-25T18:00:06.032925+00:00, run_after=2023-11-26T18:00:06.032925+00:00
[2023-11-26T18:00:06.349+0000] {processor.py:179} INFO - Processing /home/airflow/.local/lib/python3.8/site-packages/airflow/example_dags/example_skip_dag.py took 2.800 seconds
[2023-11-26T18:00:37.415+0000] {processor.py:157} INFO - Started process (PID=1519) to work on /home/airflow/.local/lib/python3.8/site-packages/airflow/example_dags/example_skip_dag.py
[2023-11-26T18:00:37.418+0000] {processor.py:829} INFO - Processing file /home/airflow/.local/lib/python3.8/site-packages/airflow/example_dags/example_skip_dag.py for tasks to queue
[2023-11-26T18:00:37.426+0000] {logging_mixin.py:154} INFO - [2023-11-26T18:00:37.425+0000] {dagbag.py:536} INFO - Filling up the DagBag from /home/airflow/.local/lib/python3.8/site-packages/airflow/example_dags/example_skip_dag.py
[2023-11-26T18:00:37.444+0000] {processor.py:839} INFO - DAG(s) dict_keys(['example_skip_dag']) retrieved from /home/airflow/.local/lib/python3.8/site-packages/airflow/example_dags/example_skip_dag.py
[2023-11-26T18:00:37.516+0000] {logging_mixin.py:154} INFO - [2023-11-26T18:00:37.516+0000] {dag.py:2941} INFO - Sync 1 DAGs
[2023-11-26T18:00:37.702+0000] {logging_mixin.py:154} INFO - [2023-11-26T18:00:37.702+0000] {dag.py:3722} INFO - Setting next_dagrun for example_skip_dag to 2023-11-25T18:00:37.702064+00:00, run_after=2023-11-26T18:00:37.702064+00:00
[2023-11-26T18:00:37.757+0000] {processor.py:179} INFO - Processing /home/airflow/.local/lib/python3.8/site-packages/airflow/example_dags/example_skip_dag.py took 0.351 seconds
[2023-11-26T18:01:08.306+0000] {processor.py:157} INFO - Started process (PID=1572) to work on /home/airflow/.local/lib/python3.8/site-packages/airflow/example_dags/example_skip_dag.py
[2023-11-26T18:01:08.309+0000] {processor.py:829} INFO - Processing file /home/airflow/.local/lib/python3.8/site-packages/airflow/example_dags/example_skip_dag.py for tasks to queue
[2023-11-26T18:01:08.316+0000] {logging_mixin.py:154} INFO - [2023-11-26T18:01:08.315+0000] {dagbag.py:536} INFO - Filling up the DagBag from /home/airflow/.local/lib/python3.8/site-packages/airflow/example_dags/example_skip_dag.py
[2023-11-26T18:01:08.332+0000] {processor.py:839} INFO - DAG(s) dict_keys(['example_skip_dag']) retrieved from /home/airflow/.local/lib/python3.8/site-packages/airflow/example_dags/example_skip_dag.py
[2023-11-26T18:01:08.382+0000] {logging_mixin.py:154} INFO - [2023-11-26T18:01:08.382+0000] {dag.py:2941} INFO - Sync 1 DAGs
[2023-11-26T18:01:08.443+0000] {logging_mixin.py:154} INFO - [2023-11-26T18:01:08.443+0000] {dag.py:3722} INFO - Setting next_dagrun for example_skip_dag to 2023-11-25T18:01:08.442563+00:00, run_after=2023-11-26T18:01:08.442563+00:00
[2023-11-26T18:01:08.508+0000] {processor.py:179} INFO - Processing /home/airflow/.local/lib/python3.8/site-packages/airflow/example_dags/example_skip_dag.py took 0.210 seconds
[2023-11-26T18:01:39.121+0000] {processor.py:157} INFO - Started process (PID=1626) to work on /home/airflow/.local/lib/python3.8/site-packages/airflow/example_dags/example_skip_dag.py
[2023-11-26T18:01:39.124+0000] {processor.py:829} INFO - Processing file /home/airflow/.local/lib/python3.8/site-packages/airflow/example_dags/example_skip_dag.py for tasks to queue
[2023-11-26T18:01:39.131+0000] {logging_mixin.py:154} INFO - [2023-11-26T18:01:39.131+0000] {dagbag.py:536} INFO - Filling up the DagBag from /home/airflow/.local/lib/python3.8/site-packages/airflow/example_dags/example_skip_dag.py
[2023-11-26T18:01:39.146+0000] {processor.py:839} INFO - DAG(s) dict_keys(['example_skip_dag']) retrieved from /home/airflow/.local/lib/python3.8/site-packages/airflow/example_dags/example_skip_dag.py
[2023-11-26T18:01:39.199+0000] {logging_mixin.py:154} INFO - [2023-11-26T18:01:39.198+0000] {dag.py:2941} INFO - Sync 1 DAGs
[2023-11-26T18:01:39.254+0000] {logging_mixin.py:154} INFO - [2023-11-26T18:01:39.253+0000] {dag.py:3722} INFO - Setting next_dagrun for example_skip_dag to 2023-11-25T18:01:39.253009+00:00, run_after=2023-11-26T18:01:39.253009+00:00
[2023-11-26T18:01:39.306+0000] {processor.py:179} INFO - Processing /home/airflow/.local/lib/python3.8/site-packages/airflow/example_dags/example_skip_dag.py took 0.192 seconds
[2023-11-26T18:02:09.452+0000] {processor.py:157} INFO - Started process (PID=1679) to work on /home/airflow/.local/lib/python3.8/site-packages/airflow/example_dags/example_skip_dag.py
[2023-11-26T18:02:09.454+0000] {processor.py:829} INFO - Processing file /home/airflow/.local/lib/python3.8/site-packages/airflow/example_dags/example_skip_dag.py for tasks to queue
[2023-11-26T18:02:09.460+0000] {logging_mixin.py:154} INFO - [2023-11-26T18:02:09.459+0000] {dagbag.py:536} INFO - Filling up the DagBag from /home/airflow/.local/lib/python3.8/site-packages/airflow/example_dags/example_skip_dag.py
[2023-11-26T18:02:09.475+0000] {processor.py:839} INFO - DAG(s) dict_keys(['example_skip_dag']) retrieved from /home/airflow/.local/lib/python3.8/site-packages/airflow/example_dags/example_skip_dag.py
[2023-11-26T18:02:09.530+0000] {logging_mixin.py:154} INFO - [2023-11-26T18:02:09.529+0000] {dag.py:2941} INFO - Sync 1 DAGs
[2023-11-26T18:02:09.597+0000] {logging_mixin.py:154} INFO - [2023-11-26T18:02:09.597+0000] {dag.py:3722} INFO - Setting next_dagrun for example_skip_dag to 2023-11-25T18:02:09.596001+00:00, run_after=2023-11-26T18:02:09.596001+00:00
[2023-11-26T18:02:09.657+0000] {processor.py:179} INFO - Processing /home/airflow/.local/lib/python3.8/site-packages/airflow/example_dags/example_skip_dag.py took 0.213 seconds
[2023-11-26T18:02:40.401+0000] {processor.py:157} INFO - Started process (PID=1733) to work on /home/airflow/.local/lib/python3.8/site-packages/airflow/example_dags/example_skip_dag.py
[2023-11-26T18:02:40.406+0000] {processor.py:829} INFO - Processing file /home/airflow/.local/lib/python3.8/site-packages/airflow/example_dags/example_skip_dag.py for tasks to queue
[2023-11-26T18:02:40.414+0000] {logging_mixin.py:154} INFO - [2023-11-26T18:02:40.413+0000] {dagbag.py:536} INFO - Filling up the DagBag from /home/airflow/.local/lib/python3.8/site-packages/airflow/example_dags/example_skip_dag.py
[2023-11-26T18:02:40.442+0000] {processor.py:839} INFO - DAG(s) dict_keys(['example_skip_dag']) retrieved from /home/airflow/.local/lib/python3.8/site-packages/airflow/example_dags/example_skip_dag.py
[2023-11-26T18:02:40.515+0000] {logging_mixin.py:154} INFO - [2023-11-26T18:02:40.514+0000] {dag.py:2941} INFO - Sync 1 DAGs
[2023-11-26T18:02:40.597+0000] {logging_mixin.py:154} INFO - [2023-11-26T18:02:40.597+0000] {dag.py:3722} INFO - Setting next_dagrun for example_skip_dag to 2023-11-25T18:02:40.596855+00:00, run_after=2023-11-26T18:02:40.596855+00:00
[2023-11-26T18:02:40.653+0000] {processor.py:179} INFO - Processing /home/airflow/.local/lib/python3.8/site-packages/airflow/example_dags/example_skip_dag.py took 0.262 seconds
[2023-11-26T18:03:10.927+0000] {processor.py:157} INFO - Started process (PID=1787) to work on /home/airflow/.local/lib/python3.8/site-packages/airflow/example_dags/example_skip_dag.py
[2023-11-26T18:03:10.930+0000] {processor.py:829} INFO - Processing file /home/airflow/.local/lib/python3.8/site-packages/airflow/example_dags/example_skip_dag.py for tasks to queue
[2023-11-26T18:03:10.942+0000] {logging_mixin.py:154} INFO - [2023-11-26T18:03:10.941+0000] {dagbag.py:536} INFO - Filling up the DagBag from /home/airflow/.local/lib/python3.8/site-packages/airflow/example_dags/example_skip_dag.py
[2023-11-26T18:03:10.956+0000] {processor.py:839} INFO - DAG(s) dict_keys(['example_skip_dag']) retrieved from /home/airflow/.local/lib/python3.8/site-packages/airflow/example_dags/example_skip_dag.py
[2023-11-26T18:03:11.009+0000] {logging_mixin.py:154} INFO - [2023-11-26T18:03:11.009+0000] {dag.py:2941} INFO - Sync 1 DAGs
[2023-11-26T18:03:11.066+0000] {logging_mixin.py:154} INFO - [2023-11-26T18:03:11.066+0000] {dag.py:3722} INFO - Setting next_dagrun for example_skip_dag to 2023-11-25T18:03:11.065762+00:00, run_after=2023-11-26T18:03:11.065762+00:00
[2023-11-26T18:03:11.138+0000] {processor.py:179} INFO - Processing /home/airflow/.local/lib/python3.8/site-packages/airflow/example_dags/example_skip_dag.py took 0.221 seconds
