[2023-11-26T17:42:18.500+0000] {processor.py:157} INFO - Started process (PID=71) to work on /home/airflow/.local/lib/python3.8/site-packages/airflow/example_dags/example_latest_only_with_trigger.py
[2023-11-26T17:42:18.506+0000] {processor.py:829} INFO - Processing file /home/airflow/.local/lib/python3.8/site-packages/airflow/example_dags/example_latest_only_with_trigger.py for tasks to queue
[2023-11-26T17:42:18.513+0000] {logging_mixin.py:154} INFO - [2023-11-26T17:42:18.512+0000] {dagbag.py:536} INFO - Filling up the DagBag from /home/airflow/.local/lib/python3.8/site-packages/airflow/example_dags/example_latest_only_with_trigger.py
[2023-11-26T17:42:18.596+0000] {processor.py:839} INFO - DAG(s) dict_keys(['latest_only_with_trigger']) retrieved from /home/airflow/.local/lib/python3.8/site-packages/airflow/example_dags/example_latest_only_with_trigger.py
[2023-11-26T17:42:18.882+0000] {logging_mixin.py:154} INFO - [2023-11-26T17:42:18.882+0000] {dag.py:2941} INFO - Sync 1 DAGs
[2023-11-26T17:42:19.050+0000] {logging_mixin.py:154} INFO - [2023-11-26T17:42:19.050+0000] {dag.py:3722} INFO - Setting next_dagrun for latest_only_with_trigger to 2023-11-26T13:42:19.049966+00:00, run_after=2023-11-26T17:42:19.049966+00:00
[2023-11-26T17:42:19.111+0000] {processor.py:179} INFO - Processing /home/airflow/.local/lib/python3.8/site-packages/airflow/example_dags/example_latest_only_with_trigger.py took 0.621 seconds
[2023-11-26T17:46:13.580+0000] {processor.py:157} INFO - Started process (PID=73) to work on /home/airflow/.local/lib/python3.8/site-packages/airflow/example_dags/example_latest_only_with_trigger.py
[2023-11-26T17:46:13.598+0000] {processor.py:829} INFO - Processing file /home/airflow/.local/lib/python3.8/site-packages/airflow/example_dags/example_latest_only_with_trigger.py for tasks to queue
[2023-11-26T17:46:13.624+0000] {logging_mixin.py:154} INFO - [2023-11-26T17:46:13.624+0000] {dagbag.py:536} INFO - Filling up the DagBag from /home/airflow/.local/lib/python3.8/site-packages/airflow/example_dags/example_latest_only_with_trigger.py
[2023-11-26T17:46:13.748+0000] {processor.py:839} INFO - DAG(s) dict_keys(['latest_only_with_trigger']) retrieved from /home/airflow/.local/lib/python3.8/site-packages/airflow/example_dags/example_latest_only_with_trigger.py
[2023-11-26T17:46:14.012+0000] {logging_mixin.py:154} INFO - [2023-11-26T17:46:14.012+0000] {dag.py:2941} INFO - Sync 1 DAGs
[2023-11-26T17:46:14.211+0000] {logging_mixin.py:154} INFO - [2023-11-26T17:46:14.210+0000] {dag.py:3722} INFO - Setting next_dagrun for latest_only_with_trigger to 2023-11-26T13:46:14.209511+00:00, run_after=2023-11-26T17:46:14.209511+00:00
[2023-11-26T17:46:14.306+0000] {processor.py:179} INFO - Processing /home/airflow/.local/lib/python3.8/site-packages/airflow/example_dags/example_latest_only_with_trigger.py took 0.804 seconds
[2023-11-26T17:46:47.380+0000] {processor.py:157} INFO - Started process (PID=127) to work on /home/airflow/.local/lib/python3.8/site-packages/airflow/example_dags/example_latest_only_with_trigger.py
[2023-11-26T17:46:47.383+0000] {processor.py:829} INFO - Processing file /home/airflow/.local/lib/python3.8/site-packages/airflow/example_dags/example_latest_only_with_trigger.py for tasks to queue
[2023-11-26T17:46:47.393+0000] {logging_mixin.py:154} INFO - [2023-11-26T17:46:47.392+0000] {dagbag.py:536} INFO - Filling up the DagBag from /home/airflow/.local/lib/python3.8/site-packages/airflow/example_dags/example_latest_only_with_trigger.py
[2023-11-26T17:46:47.416+0000] {processor.py:839} INFO - DAG(s) dict_keys(['latest_only_with_trigger']) retrieved from /home/airflow/.local/lib/python3.8/site-packages/airflow/example_dags/example_latest_only_with_trigger.py
[2023-11-26T17:46:47.477+0000] {logging_mixin.py:154} INFO - [2023-11-26T17:46:47.477+0000] {dag.py:2941} INFO - Sync 1 DAGs
[2023-11-26T17:46:47.561+0000] {logging_mixin.py:154} INFO - [2023-11-26T17:46:47.561+0000] {dag.py:3722} INFO - Setting next_dagrun for latest_only_with_trigger to 2023-11-26T13:46:47.560156+00:00, run_after=2023-11-26T17:46:47.560156+00:00
[2023-11-26T17:46:47.614+0000] {processor.py:179} INFO - Processing /home/airflow/.local/lib/python3.8/site-packages/airflow/example_dags/example_latest_only_with_trigger.py took 0.242 seconds
[2023-11-26T17:47:17.820+0000] {processor.py:157} INFO - Started process (PID=180) to work on /home/airflow/.local/lib/python3.8/site-packages/airflow/example_dags/example_latest_only_with_trigger.py
[2023-11-26T17:47:17.823+0000] {processor.py:829} INFO - Processing file /home/airflow/.local/lib/python3.8/site-packages/airflow/example_dags/example_latest_only_with_trigger.py for tasks to queue
[2023-11-26T17:47:17.828+0000] {logging_mixin.py:154} INFO - [2023-11-26T17:47:17.827+0000] {dagbag.py:536} INFO - Filling up the DagBag from /home/airflow/.local/lib/python3.8/site-packages/airflow/example_dags/example_latest_only_with_trigger.py
[2023-11-26T17:47:17.840+0000] {processor.py:839} INFO - DAG(s) dict_keys(['latest_only_with_trigger']) retrieved from /home/airflow/.local/lib/python3.8/site-packages/airflow/example_dags/example_latest_only_with_trigger.py
[2023-11-26T17:47:17.894+0000] {logging_mixin.py:154} INFO - [2023-11-26T17:47:17.893+0000] {dag.py:2941} INFO - Sync 1 DAGs
[2023-11-26T17:47:17.949+0000] {logging_mixin.py:154} INFO - [2023-11-26T17:47:17.949+0000] {dag.py:3722} INFO - Setting next_dagrun for latest_only_with_trigger to 2023-11-26T13:47:17.948878+00:00, run_after=2023-11-26T17:47:17.948878+00:00
[2023-11-26T17:47:17.996+0000] {processor.py:179} INFO - Processing /home/airflow/.local/lib/python3.8/site-packages/airflow/example_dags/example_latest_only_with_trigger.py took 0.183 seconds
[2023-11-26T17:47:49.079+0000] {processor.py:157} INFO - Started process (PID=235) to work on /home/airflow/.local/lib/python3.8/site-packages/airflow/example_dags/example_latest_only_with_trigger.py
[2023-11-26T17:47:49.082+0000] {processor.py:829} INFO - Processing file /home/airflow/.local/lib/python3.8/site-packages/airflow/example_dags/example_latest_only_with_trigger.py for tasks to queue
[2023-11-26T17:47:49.088+0000] {logging_mixin.py:154} INFO - [2023-11-26T17:47:49.087+0000] {dagbag.py:536} INFO - Filling up the DagBag from /home/airflow/.local/lib/python3.8/site-packages/airflow/example_dags/example_latest_only_with_trigger.py
[2023-11-26T17:47:49.103+0000] {processor.py:839} INFO - DAG(s) dict_keys(['latest_only_with_trigger']) retrieved from /home/airflow/.local/lib/python3.8/site-packages/airflow/example_dags/example_latest_only_with_trigger.py
[2023-11-26T17:47:49.173+0000] {logging_mixin.py:154} INFO - [2023-11-26T17:47:49.172+0000] {dag.py:2941} INFO - Sync 1 DAGs
[2023-11-26T17:47:49.227+0000] {logging_mixin.py:154} INFO - [2023-11-26T17:47:49.226+0000] {dag.py:3722} INFO - Setting next_dagrun for latest_only_with_trigger to 2023-11-26T13:47:49.226274+00:00, run_after=2023-11-26T17:47:49.226274+00:00
[2023-11-26T17:47:49.270+0000] {processor.py:179} INFO - Processing /home/airflow/.local/lib/python3.8/site-packages/airflow/example_dags/example_latest_only_with_trigger.py took 0.197 seconds
[2023-11-26T17:48:20.541+0000] {processor.py:157} INFO - Started process (PID=288) to work on /home/airflow/.local/lib/python3.8/site-packages/airflow/example_dags/example_latest_only_with_trigger.py
[2023-11-26T17:48:20.545+0000] {processor.py:829} INFO - Processing file /home/airflow/.local/lib/python3.8/site-packages/airflow/example_dags/example_latest_only_with_trigger.py for tasks to queue
[2023-11-26T17:48:20.551+0000] {logging_mixin.py:154} INFO - [2023-11-26T17:48:20.550+0000] {dagbag.py:536} INFO - Filling up the DagBag from /home/airflow/.local/lib/python3.8/site-packages/airflow/example_dags/example_latest_only_with_trigger.py
[2023-11-26T17:48:20.570+0000] {processor.py:839} INFO - DAG(s) dict_keys(['latest_only_with_trigger']) retrieved from /home/airflow/.local/lib/python3.8/site-packages/airflow/example_dags/example_latest_only_with_trigger.py
[2023-11-26T17:48:20.630+0000] {logging_mixin.py:154} INFO - [2023-11-26T17:48:20.630+0000] {dag.py:2941} INFO - Sync 1 DAGs
[2023-11-26T17:48:20.683+0000] {logging_mixin.py:154} INFO - [2023-11-26T17:48:20.683+0000] {dag.py:3722} INFO - Setting next_dagrun for latest_only_with_trigger to 2023-11-26T13:48:20.682868+00:00, run_after=2023-11-26T17:48:20.682868+00:00
[2023-11-26T17:48:20.724+0000] {processor.py:179} INFO - Processing /home/airflow/.local/lib/python3.8/site-packages/airflow/example_dags/example_latest_only_with_trigger.py took 0.191 seconds
[2023-11-26T17:48:52.737+0000] {processor.py:157} INFO - Started process (PID=340) to work on /home/airflow/.local/lib/python3.8/site-packages/airflow/example_dags/example_latest_only_with_trigger.py
[2023-11-26T17:48:52.748+0000] {processor.py:829} INFO - Processing file /home/airflow/.local/lib/python3.8/site-packages/airflow/example_dags/example_latest_only_with_trigger.py for tasks to queue
[2023-11-26T17:48:52.762+0000] {logging_mixin.py:154} INFO - [2023-11-26T17:48:52.762+0000] {dagbag.py:536} INFO - Filling up the DagBag from /home/airflow/.local/lib/python3.8/site-packages/airflow/example_dags/example_latest_only_with_trigger.py
[2023-11-26T17:48:52.819+0000] {processor.py:839} INFO - DAG(s) dict_keys(['latest_only_with_trigger']) retrieved from /home/airflow/.local/lib/python3.8/site-packages/airflow/example_dags/example_latest_only_with_trigger.py
[2023-11-26T17:48:52.967+0000] {logging_mixin.py:154} INFO - [2023-11-26T17:48:52.966+0000] {dag.py:2941} INFO - Sync 1 DAGs
[2023-11-26T17:48:53.032+0000] {logging_mixin.py:154} INFO - [2023-11-26T17:48:53.031+0000] {dag.py:3722} INFO - Setting next_dagrun for latest_only_with_trigger to 2023-11-26T13:48:53.031319+00:00, run_after=2023-11-26T17:48:53.031319+00:00
[2023-11-26T17:48:53.091+0000] {processor.py:179} INFO - Processing /home/airflow/.local/lib/python3.8/site-packages/airflow/example_dags/example_latest_only_with_trigger.py took 0.378 seconds
[2023-11-26T17:49:24.074+0000] {processor.py:157} INFO - Started process (PID=393) to work on /home/airflow/.local/lib/python3.8/site-packages/airflow/example_dags/example_latest_only_with_trigger.py
[2023-11-26T17:49:24.077+0000] {processor.py:829} INFO - Processing file /home/airflow/.local/lib/python3.8/site-packages/airflow/example_dags/example_latest_only_with_trigger.py for tasks to queue
[2023-11-26T17:49:24.085+0000] {logging_mixin.py:154} INFO - [2023-11-26T17:49:24.084+0000] {dagbag.py:536} INFO - Filling up the DagBag from /home/airflow/.local/lib/python3.8/site-packages/airflow/example_dags/example_latest_only_with_trigger.py
[2023-11-26T17:49:24.097+0000] {processor.py:839} INFO - DAG(s) dict_keys(['latest_only_with_trigger']) retrieved from /home/airflow/.local/lib/python3.8/site-packages/airflow/example_dags/example_latest_only_with_trigger.py
[2023-11-26T17:49:24.150+0000] {logging_mixin.py:154} INFO - [2023-11-26T17:49:24.150+0000] {dag.py:2941} INFO - Sync 1 DAGs
[2023-11-26T17:49:24.206+0000] {logging_mixin.py:154} INFO - [2023-11-26T17:49:24.206+0000] {dag.py:3722} INFO - Setting next_dagrun for latest_only_with_trigger to 2023-11-26T13:49:24.205805+00:00, run_after=2023-11-26T17:49:24.205805+00:00
[2023-11-26T17:49:24.250+0000] {processor.py:179} INFO - Processing /home/airflow/.local/lib/python3.8/site-packages/airflow/example_dags/example_latest_only_with_trigger.py took 0.184 seconds
[2023-11-26T17:49:57.931+0000] {processor.py:157} INFO - Started process (PID=453) to work on /home/airflow/.local/lib/python3.8/site-packages/airflow/example_dags/example_latest_only_with_trigger.py
[2023-11-26T17:49:57.935+0000] {processor.py:829} INFO - Processing file /home/airflow/.local/lib/python3.8/site-packages/airflow/example_dags/example_latest_only_with_trigger.py for tasks to queue
[2023-11-26T17:49:57.943+0000] {logging_mixin.py:154} INFO - [2023-11-26T17:49:57.940+0000] {dagbag.py:536} INFO - Filling up the DagBag from /home/airflow/.local/lib/python3.8/site-packages/airflow/example_dags/example_latest_only_with_trigger.py
[2023-11-26T17:49:58.001+0000] {processor.py:839} INFO - DAG(s) dict_keys(['latest_only_with_trigger']) retrieved from /home/airflow/.local/lib/python3.8/site-packages/airflow/example_dags/example_latest_only_with_trigger.py
[2023-11-26T17:49:58.127+0000] {logging_mixin.py:154} INFO - [2023-11-26T17:49:58.127+0000] {dag.py:2941} INFO - Sync 1 DAGs
[2023-11-26T17:49:58.231+0000] {logging_mixin.py:154} INFO - [2023-11-26T17:49:58.230+0000] {dag.py:3722} INFO - Setting next_dagrun for latest_only_with_trigger to 2023-11-26T13:49:58.229991+00:00, run_after=2023-11-26T17:49:58.229991+00:00
[2023-11-26T17:49:58.297+0000] {processor.py:179} INFO - Processing /home/airflow/.local/lib/python3.8/site-packages/airflow/example_dags/example_latest_only_with_trigger.py took 0.377 seconds
[2023-11-26T17:50:29.040+0000] {processor.py:157} INFO - Started process (PID=507) to work on /home/airflow/.local/lib/python3.8/site-packages/airflow/example_dags/example_latest_only_with_trigger.py
[2023-11-26T17:50:29.042+0000] {processor.py:829} INFO - Processing file /home/airflow/.local/lib/python3.8/site-packages/airflow/example_dags/example_latest_only_with_trigger.py for tasks to queue
[2023-11-26T17:50:29.056+0000] {logging_mixin.py:154} INFO - [2023-11-26T17:50:29.056+0000] {dagbag.py:536} INFO - Filling up the DagBag from /home/airflow/.local/lib/python3.8/site-packages/airflow/example_dags/example_latest_only_with_trigger.py
[2023-11-26T17:50:29.106+0000] {processor.py:839} INFO - DAG(s) dict_keys(['latest_only_with_trigger']) retrieved from /home/airflow/.local/lib/python3.8/site-packages/airflow/example_dags/example_latest_only_with_trigger.py
[2023-11-26T17:50:29.541+0000] {logging_mixin.py:154} INFO - [2023-11-26T17:50:29.540+0000] {dag.py:2941} INFO - Sync 1 DAGs
[2023-11-26T17:50:29.740+0000] {logging_mixin.py:154} INFO - [2023-11-26T17:50:29.740+0000] {dag.py:3722} INFO - Setting next_dagrun for latest_only_with_trigger to 2023-11-26T13:50:29.739554+00:00, run_after=2023-11-26T17:50:29.739554+00:00
[2023-11-26T17:50:29.822+0000] {processor.py:179} INFO - Processing /home/airflow/.local/lib/python3.8/site-packages/airflow/example_dags/example_latest_only_with_trigger.py took 0.800 seconds
[2023-11-26T17:51:00.238+0000] {processor.py:157} INFO - Started process (PID=561) to work on /home/airflow/.local/lib/python3.8/site-packages/airflow/example_dags/example_latest_only_with_trigger.py
[2023-11-26T17:51:00.240+0000] {processor.py:829} INFO - Processing file /home/airflow/.local/lib/python3.8/site-packages/airflow/example_dags/example_latest_only_with_trigger.py for tasks to queue
[2023-11-26T17:51:00.250+0000] {logging_mixin.py:154} INFO - [2023-11-26T17:51:00.249+0000] {dagbag.py:536} INFO - Filling up the DagBag from /home/airflow/.local/lib/python3.8/site-packages/airflow/example_dags/example_latest_only_with_trigger.py
[2023-11-26T17:51:00.273+0000] {processor.py:839} INFO - DAG(s) dict_keys(['latest_only_with_trigger']) retrieved from /home/airflow/.local/lib/python3.8/site-packages/airflow/example_dags/example_latest_only_with_trigger.py
[2023-11-26T17:51:00.368+0000] {logging_mixin.py:154} INFO - [2023-11-26T17:51:00.365+0000] {dag.py:2941} INFO - Sync 1 DAGs
[2023-11-26T17:51:00.487+0000] {logging_mixin.py:154} INFO - [2023-11-26T17:51:00.482+0000] {dag.py:3722} INFO - Setting next_dagrun for latest_only_with_trigger to 2023-11-26T13:51:00.481467+00:00, run_after=2023-11-26T17:51:00.481467+00:00
[2023-11-26T17:51:00.628+0000] {processor.py:179} INFO - Processing /home/airflow/.local/lib/python3.8/site-packages/airflow/example_dags/example_latest_only_with_trigger.py took 0.400 seconds
[2023-11-26T17:51:32.384+0000] {processor.py:157} INFO - Started process (PID=614) to work on /home/airflow/.local/lib/python3.8/site-packages/airflow/example_dags/example_latest_only_with_trigger.py
[2023-11-26T17:51:32.399+0000] {processor.py:829} INFO - Processing file /home/airflow/.local/lib/python3.8/site-packages/airflow/example_dags/example_latest_only_with_trigger.py for tasks to queue
[2023-11-26T17:51:32.411+0000] {logging_mixin.py:154} INFO - [2023-11-26T17:51:32.410+0000] {dagbag.py:536} INFO - Filling up the DagBag from /home/airflow/.local/lib/python3.8/site-packages/airflow/example_dags/example_latest_only_with_trigger.py
[2023-11-26T17:51:32.476+0000] {processor.py:839} INFO - DAG(s) dict_keys(['latest_only_with_trigger']) retrieved from /home/airflow/.local/lib/python3.8/site-packages/airflow/example_dags/example_latest_only_with_trigger.py
[2023-11-26T17:51:32.636+0000] {logging_mixin.py:154} INFO - [2023-11-26T17:51:32.635+0000] {dag.py:2941} INFO - Sync 1 DAGs
[2023-11-26T17:51:32.798+0000] {logging_mixin.py:154} INFO - [2023-11-26T17:51:32.797+0000] {dag.py:3722} INFO - Setting next_dagrun for latest_only_with_trigger to 2023-11-26T13:51:32.795170+00:00, run_after=2023-11-26T17:51:32.795170+00:00
[2023-11-26T17:51:32.932+0000] {processor.py:179} INFO - Processing /home/airflow/.local/lib/python3.8/site-packages/airflow/example_dags/example_latest_only_with_trigger.py took 0.581 seconds
[2023-11-26T17:52:04.142+0000] {processor.py:157} INFO - Started process (PID=668) to work on /home/airflow/.local/lib/python3.8/site-packages/airflow/example_dags/example_latest_only_with_trigger.py
[2023-11-26T17:52:04.149+0000] {processor.py:829} INFO - Processing file /home/airflow/.local/lib/python3.8/site-packages/airflow/example_dags/example_latest_only_with_trigger.py for tasks to queue
[2023-11-26T17:52:04.169+0000] {logging_mixin.py:154} INFO - [2023-11-26T17:52:04.168+0000] {dagbag.py:536} INFO - Filling up the DagBag from /home/airflow/.local/lib/python3.8/site-packages/airflow/example_dags/example_latest_only_with_trigger.py
[2023-11-26T17:52:04.194+0000] {processor.py:839} INFO - DAG(s) dict_keys(['latest_only_with_trigger']) retrieved from /home/airflow/.local/lib/python3.8/site-packages/airflow/example_dags/example_latest_only_with_trigger.py
[2023-11-26T17:52:04.334+0000] {logging_mixin.py:154} INFO - [2023-11-26T17:52:04.333+0000] {dag.py:2941} INFO - Sync 1 DAGs
[2023-11-26T17:52:04.431+0000] {logging_mixin.py:154} INFO - [2023-11-26T17:52:04.430+0000] {dag.py:3722} INFO - Setting next_dagrun for latest_only_with_trigger to 2023-11-26T13:52:04.428776+00:00, run_after=2023-11-26T17:52:04.428776+00:00
[2023-11-26T17:52:04.578+0000] {processor.py:179} INFO - Processing /home/airflow/.local/lib/python3.8/site-packages/airflow/example_dags/example_latest_only_with_trigger.py took 0.445 seconds
[2023-11-26T17:52:34.743+0000] {processor.py:157} INFO - Started process (PID=722) to work on /home/airflow/.local/lib/python3.8/site-packages/airflow/example_dags/example_latest_only_with_trigger.py
[2023-11-26T17:52:34.747+0000] {processor.py:829} INFO - Processing file /home/airflow/.local/lib/python3.8/site-packages/airflow/example_dags/example_latest_only_with_trigger.py for tasks to queue
[2023-11-26T17:52:34.755+0000] {logging_mixin.py:154} INFO - [2023-11-26T17:52:34.754+0000] {dagbag.py:536} INFO - Filling up the DagBag from /home/airflow/.local/lib/python3.8/site-packages/airflow/example_dags/example_latest_only_with_trigger.py
[2023-11-26T17:52:34.784+0000] {processor.py:839} INFO - DAG(s) dict_keys(['latest_only_with_trigger']) retrieved from /home/airflow/.local/lib/python3.8/site-packages/airflow/example_dags/example_latest_only_with_trigger.py
[2023-11-26T17:52:34.897+0000] {logging_mixin.py:154} INFO - [2023-11-26T17:52:34.896+0000] {dag.py:2941} INFO - Sync 1 DAGs
[2023-11-26T17:52:34.974+0000] {logging_mixin.py:154} INFO - [2023-11-26T17:52:34.973+0000] {dag.py:3722} INFO - Setting next_dagrun for latest_only_with_trigger to 2023-11-26T13:52:34.973268+00:00, run_after=2023-11-26T17:52:34.973268+00:00
[2023-11-26T17:52:35.046+0000] {processor.py:179} INFO - Processing /home/airflow/.local/lib/python3.8/site-packages/airflow/example_dags/example_latest_only_with_trigger.py took 0.315 seconds
[2023-11-26T17:53:05.787+0000] {processor.py:157} INFO - Started process (PID=776) to work on /home/airflow/.local/lib/python3.8/site-packages/airflow/example_dags/example_latest_only_with_trigger.py
[2023-11-26T17:53:05.790+0000] {processor.py:829} INFO - Processing file /home/airflow/.local/lib/python3.8/site-packages/airflow/example_dags/example_latest_only_with_trigger.py for tasks to queue
[2023-11-26T17:53:05.796+0000] {logging_mixin.py:154} INFO - [2023-11-26T17:53:05.795+0000] {dagbag.py:536} INFO - Filling up the DagBag from /home/airflow/.local/lib/python3.8/site-packages/airflow/example_dags/example_latest_only_with_trigger.py
[2023-11-26T17:53:05.811+0000] {processor.py:839} INFO - DAG(s) dict_keys(['latest_only_with_trigger']) retrieved from /home/airflow/.local/lib/python3.8/site-packages/airflow/example_dags/example_latest_only_with_trigger.py
[2023-11-26T17:53:05.880+0000] {logging_mixin.py:154} INFO - [2023-11-26T17:53:05.880+0000] {dag.py:2941} INFO - Sync 1 DAGs
[2023-11-26T17:53:05.966+0000] {logging_mixin.py:154} INFO - [2023-11-26T17:53:05.966+0000] {dag.py:3722} INFO - Setting next_dagrun for latest_only_with_trigger to 2023-11-26T13:53:05.965765+00:00, run_after=2023-11-26T17:53:05.965765+00:00
[2023-11-26T17:53:06.012+0000] {processor.py:179} INFO - Processing /home/airflow/.local/lib/python3.8/site-packages/airflow/example_dags/example_latest_only_with_trigger.py took 0.234 seconds
[2023-11-26T17:53:36.670+0000] {processor.py:157} INFO - Started process (PID=830) to work on /home/airflow/.local/lib/python3.8/site-packages/airflow/example_dags/example_latest_only_with_trigger.py
[2023-11-26T17:53:36.674+0000] {processor.py:829} INFO - Processing file /home/airflow/.local/lib/python3.8/site-packages/airflow/example_dags/example_latest_only_with_trigger.py for tasks to queue
[2023-11-26T17:53:36.680+0000] {logging_mixin.py:154} INFO - [2023-11-26T17:53:36.680+0000] {dagbag.py:536} INFO - Filling up the DagBag from /home/airflow/.local/lib/python3.8/site-packages/airflow/example_dags/example_latest_only_with_trigger.py
[2023-11-26T17:53:36.698+0000] {processor.py:839} INFO - DAG(s) dict_keys(['latest_only_with_trigger']) retrieved from /home/airflow/.local/lib/python3.8/site-packages/airflow/example_dags/example_latest_only_with_trigger.py
[2023-11-26T17:53:36.808+0000] {logging_mixin.py:154} INFO - [2023-11-26T17:53:36.808+0000] {dag.py:2941} INFO - Sync 1 DAGs
[2023-11-26T17:53:36.869+0000] {logging_mixin.py:154} INFO - [2023-11-26T17:53:36.869+0000] {dag.py:3722} INFO - Setting next_dagrun for latest_only_with_trigger to 2023-11-26T13:53:36.868517+00:00, run_after=2023-11-26T17:53:36.868517+00:00
[2023-11-26T17:53:36.929+0000] {processor.py:179} INFO - Processing /home/airflow/.local/lib/python3.8/site-packages/airflow/example_dags/example_latest_only_with_trigger.py took 0.268 seconds
[2023-11-26T17:54:09.135+0000] {processor.py:157} INFO - Started process (PID=884) to work on /home/airflow/.local/lib/python3.8/site-packages/airflow/example_dags/example_latest_only_with_trigger.py
[2023-11-26T17:54:09.198+0000] {processor.py:829} INFO - Processing file /home/airflow/.local/lib/python3.8/site-packages/airflow/example_dags/example_latest_only_with_trigger.py for tasks to queue
[2023-11-26T17:54:09.210+0000] {logging_mixin.py:154} INFO - [2023-11-26T17:54:09.209+0000] {dagbag.py:536} INFO - Filling up the DagBag from /home/airflow/.local/lib/python3.8/site-packages/airflow/example_dags/example_latest_only_with_trigger.py
[2023-11-26T17:54:09.612+0000] {processor.py:839} INFO - DAG(s) dict_keys(['latest_only_with_trigger']) retrieved from /home/airflow/.local/lib/python3.8/site-packages/airflow/example_dags/example_latest_only_with_trigger.py
[2023-11-26T17:54:09.721+0000] {logging_mixin.py:154} INFO - [2023-11-26T17:54:09.721+0000] {dag.py:2941} INFO - Sync 1 DAGs
[2023-11-26T17:54:10.129+0000] {logging_mixin.py:154} INFO - [2023-11-26T17:54:10.128+0000] {dag.py:3722} INFO - Setting next_dagrun for latest_only_with_trigger to 2023-11-26T13:54:10.127366+00:00, run_after=2023-11-26T17:54:10.127366+00:00
[2023-11-26T17:54:10.280+0000] {processor.py:179} INFO - Processing /home/airflow/.local/lib/python3.8/site-packages/airflow/example_dags/example_latest_only_with_trigger.py took 1.282 seconds
[2023-11-26T17:54:45.400+0000] {processor.py:157} INFO - Started process (PID=938) to work on /home/airflow/.local/lib/python3.8/site-packages/airflow/example_dags/example_latest_only_with_trigger.py
[2023-11-26T17:54:45.404+0000] {processor.py:829} INFO - Processing file /home/airflow/.local/lib/python3.8/site-packages/airflow/example_dags/example_latest_only_with_trigger.py for tasks to queue
[2023-11-26T17:54:45.408+0000] {logging_mixin.py:154} INFO - [2023-11-26T17:54:45.408+0000] {dagbag.py:536} INFO - Filling up the DagBag from /home/airflow/.local/lib/python3.8/site-packages/airflow/example_dags/example_latest_only_with_trigger.py
[2023-11-26T17:54:45.454+0000] {processor.py:839} INFO - DAG(s) dict_keys(['latest_only_with_trigger']) retrieved from /home/airflow/.local/lib/python3.8/site-packages/airflow/example_dags/example_latest_only_with_trigger.py
[2023-11-26T17:54:45.518+0000] {logging_mixin.py:154} INFO - [2023-11-26T17:54:45.517+0000] {dag.py:2941} INFO - Sync 1 DAGs
[2023-11-26T17:54:45.631+0000] {logging_mixin.py:154} INFO - [2023-11-26T17:54:45.630+0000] {dag.py:3722} INFO - Setting next_dagrun for latest_only_with_trigger to 2023-11-26T13:54:45.629661+00:00, run_after=2023-11-26T17:54:45.629661+00:00
[2023-11-26T17:54:45.834+0000] {processor.py:179} INFO - Processing /home/airflow/.local/lib/python3.8/site-packages/airflow/example_dags/example_latest_only_with_trigger.py took 0.439 seconds
[2023-11-26T17:55:15.938+0000] {processor.py:157} INFO - Started process (PID=993) to work on /home/airflow/.local/lib/python3.8/site-packages/airflow/example_dags/example_latest_only_with_trigger.py
[2023-11-26T17:55:15.940+0000] {processor.py:829} INFO - Processing file /home/airflow/.local/lib/python3.8/site-packages/airflow/example_dags/example_latest_only_with_trigger.py for tasks to queue
[2023-11-26T17:55:15.946+0000] {logging_mixin.py:154} INFO - [2023-11-26T17:55:15.945+0000] {dagbag.py:536} INFO - Filling up the DagBag from /home/airflow/.local/lib/python3.8/site-packages/airflow/example_dags/example_latest_only_with_trigger.py
[2023-11-26T17:55:15.962+0000] {processor.py:839} INFO - DAG(s) dict_keys(['latest_only_with_trigger']) retrieved from /home/airflow/.local/lib/python3.8/site-packages/airflow/example_dags/example_latest_only_with_trigger.py
[2023-11-26T17:55:16.016+0000] {logging_mixin.py:154} INFO - [2023-11-26T17:55:16.015+0000] {dag.py:2941} INFO - Sync 1 DAGs
[2023-11-26T17:55:16.077+0000] {logging_mixin.py:154} INFO - [2023-11-26T17:55:16.077+0000] {dag.py:3722} INFO - Setting next_dagrun for latest_only_with_trigger to 2023-11-26T13:55:16.076854+00:00, run_after=2023-11-26T17:55:16.076854+00:00
[2023-11-26T17:55:16.538+0000] {processor.py:179} INFO - Processing /home/airflow/.local/lib/python3.8/site-packages/airflow/example_dags/example_latest_only_with_trigger.py took 0.607 seconds
[2023-11-26T17:55:46.732+0000] {processor.py:157} INFO - Started process (PID=1047) to work on /home/airflow/.local/lib/python3.8/site-packages/airflow/example_dags/example_latest_only_with_trigger.py
[2023-11-26T17:55:46.734+0000] {processor.py:829} INFO - Processing file /home/airflow/.local/lib/python3.8/site-packages/airflow/example_dags/example_latest_only_with_trigger.py for tasks to queue
[2023-11-26T17:55:46.740+0000] {logging_mixin.py:154} INFO - [2023-11-26T17:55:46.739+0000] {dagbag.py:536} INFO - Filling up the DagBag from /home/airflow/.local/lib/python3.8/site-packages/airflow/example_dags/example_latest_only_with_trigger.py
[2023-11-26T17:55:46.755+0000] {processor.py:839} INFO - DAG(s) dict_keys(['latest_only_with_trigger']) retrieved from /home/airflow/.local/lib/python3.8/site-packages/airflow/example_dags/example_latest_only_with_trigger.py
[2023-11-26T17:55:46.810+0000] {logging_mixin.py:154} INFO - [2023-11-26T17:55:46.810+0000] {dag.py:2941} INFO - Sync 1 DAGs
[2023-11-26T17:55:46.868+0000] {logging_mixin.py:154} INFO - [2023-11-26T17:55:46.868+0000] {dag.py:3722} INFO - Setting next_dagrun for latest_only_with_trigger to 2023-11-26T13:55:46.868040+00:00, run_after=2023-11-26T17:55:46.868040+00:00
[2023-11-26T17:55:46.916+0000] {processor.py:179} INFO - Processing /home/airflow/.local/lib/python3.8/site-packages/airflow/example_dags/example_latest_only_with_trigger.py took 0.195 seconds
[2023-11-26T17:56:17.032+0000] {processor.py:157} INFO - Started process (PID=1100) to work on /home/airflow/.local/lib/python3.8/site-packages/airflow/example_dags/example_latest_only_with_trigger.py
[2023-11-26T17:56:17.035+0000] {processor.py:829} INFO - Processing file /home/airflow/.local/lib/python3.8/site-packages/airflow/example_dags/example_latest_only_with_trigger.py for tasks to queue
[2023-11-26T17:56:17.040+0000] {logging_mixin.py:154} INFO - [2023-11-26T17:56:17.039+0000] {dagbag.py:536} INFO - Filling up the DagBag from /home/airflow/.local/lib/python3.8/site-packages/airflow/example_dags/example_latest_only_with_trigger.py
[2023-11-26T17:56:17.050+0000] {processor.py:839} INFO - DAG(s) dict_keys(['latest_only_with_trigger']) retrieved from /home/airflow/.local/lib/python3.8/site-packages/airflow/example_dags/example_latest_only_with_trigger.py
[2023-11-26T17:56:17.102+0000] {logging_mixin.py:154} INFO - [2023-11-26T17:56:17.102+0000] {dag.py:2941} INFO - Sync 1 DAGs
[2023-11-26T17:56:17.151+0000] {logging_mixin.py:154} INFO - [2023-11-26T17:56:17.150+0000] {dag.py:3722} INFO - Setting next_dagrun for latest_only_with_trigger to 2023-11-26T13:56:17.149567+00:00, run_after=2023-11-26T17:56:17.149567+00:00
[2023-11-26T17:56:17.196+0000] {processor.py:179} INFO - Processing /home/airflow/.local/lib/python3.8/site-packages/airflow/example_dags/example_latest_only_with_trigger.py took 0.170 seconds
[2023-11-26T17:56:48.489+0000] {processor.py:157} INFO - Started process (PID=1154) to work on /home/airflow/.local/lib/python3.8/site-packages/airflow/example_dags/example_latest_only_with_trigger.py
[2023-11-26T17:56:48.553+0000] {processor.py:829} INFO - Processing file /home/airflow/.local/lib/python3.8/site-packages/airflow/example_dags/example_latest_only_with_trigger.py for tasks to queue
[2023-11-26T17:56:48.680+0000] {logging_mixin.py:154} INFO - [2023-11-26T17:56:48.674+0000] {dagbag.py:536} INFO - Filling up the DagBag from /home/airflow/.local/lib/python3.8/site-packages/airflow/example_dags/example_latest_only_with_trigger.py
[2023-11-26T17:56:48.947+0000] {processor.py:839} INFO - DAG(s) dict_keys(['latest_only_with_trigger']) retrieved from /home/airflow/.local/lib/python3.8/site-packages/airflow/example_dags/example_latest_only_with_trigger.py
[2023-11-26T17:56:49.199+0000] {logging_mixin.py:154} INFO - [2023-11-26T17:56:49.199+0000] {dag.py:2941} INFO - Sync 1 DAGs
[2023-11-26T17:56:49.650+0000] {logging_mixin.py:154} INFO - [2023-11-26T17:56:49.649+0000] {dag.py:3722} INFO - Setting next_dagrun for latest_only_with_trigger to 2023-11-26T13:56:49.648930+00:00, run_after=2023-11-26T17:56:49.648930+00:00
[2023-11-26T17:56:49.983+0000] {processor.py:179} INFO - Processing /home/airflow/.local/lib/python3.8/site-packages/airflow/example_dags/example_latest_only_with_trigger.py took 1.631 seconds
[2023-11-26T17:57:20.250+0000] {processor.py:157} INFO - Started process (PID=1209) to work on /home/airflow/.local/lib/python3.8/site-packages/airflow/example_dags/example_latest_only_with_trigger.py
[2023-11-26T17:57:20.252+0000] {processor.py:829} INFO - Processing file /home/airflow/.local/lib/python3.8/site-packages/airflow/example_dags/example_latest_only_with_trigger.py for tasks to queue
[2023-11-26T17:57:20.257+0000] {logging_mixin.py:154} INFO - [2023-11-26T17:57:20.257+0000] {dagbag.py:536} INFO - Filling up the DagBag from /home/airflow/.local/lib/python3.8/site-packages/airflow/example_dags/example_latest_only_with_trigger.py
[2023-11-26T17:57:20.270+0000] {processor.py:839} INFO - DAG(s) dict_keys(['latest_only_with_trigger']) retrieved from /home/airflow/.local/lib/python3.8/site-packages/airflow/example_dags/example_latest_only_with_trigger.py
[2023-11-26T17:57:20.330+0000] {logging_mixin.py:154} INFO - [2023-11-26T17:57:20.330+0000] {dag.py:2941} INFO - Sync 1 DAGs
[2023-11-26T17:57:20.382+0000] {logging_mixin.py:154} INFO - [2023-11-26T17:57:20.382+0000] {dag.py:3722} INFO - Setting next_dagrun for latest_only_with_trigger to 2023-11-26T13:57:20.381790+00:00, run_after=2023-11-26T17:57:20.381790+00:00
[2023-11-26T17:57:20.642+0000] {processor.py:179} INFO - Processing /home/airflow/.local/lib/python3.8/site-packages/airflow/example_dags/example_latest_only_with_trigger.py took 0.399 seconds
[2023-11-26T17:58:03.578+0000] {processor.py:157} INFO - Started process (PID=1264) to work on /home/airflow/.local/lib/python3.8/site-packages/airflow/example_dags/example_latest_only_with_trigger.py
[2023-11-26T17:58:03.581+0000] {processor.py:829} INFO - Processing file /home/airflow/.local/lib/python3.8/site-packages/airflow/example_dags/example_latest_only_with_trigger.py for tasks to queue
[2023-11-26T17:58:03.589+0000] {logging_mixin.py:154} INFO - [2023-11-26T17:58:03.587+0000] {dagbag.py:536} INFO - Filling up the DagBag from /home/airflow/.local/lib/python3.8/site-packages/airflow/example_dags/example_latest_only_with_trigger.py
[2023-11-26T17:58:03.605+0000] {processor.py:839} INFO - DAG(s) dict_keys(['latest_only_with_trigger']) retrieved from /home/airflow/.local/lib/python3.8/site-packages/airflow/example_dags/example_latest_only_with_trigger.py
[2023-11-26T17:58:03.685+0000] {logging_mixin.py:154} INFO - [2023-11-26T17:58:03.684+0000] {dag.py:2941} INFO - Sync 1 DAGs
[2023-11-26T17:58:03.803+0000] {logging_mixin.py:154} INFO - [2023-11-26T17:58:03.803+0000] {dag.py:3722} INFO - Setting next_dagrun for latest_only_with_trigger to 2023-11-26T13:58:03.802590+00:00, run_after=2023-11-26T17:58:03.802590+00:00
[2023-11-26T17:58:03.889+0000] {processor.py:179} INFO - Processing /home/airflow/.local/lib/python3.8/site-packages/airflow/example_dags/example_latest_only_with_trigger.py took 0.327 seconds
[2023-11-26T17:58:35.634+0000] {processor.py:157} INFO - Started process (PID=1316) to work on /home/airflow/.local/lib/python3.8/site-packages/airflow/example_dags/example_latest_only_with_trigger.py
[2023-11-26T17:58:35.638+0000] {processor.py:829} INFO - Processing file /home/airflow/.local/lib/python3.8/site-packages/airflow/example_dags/example_latest_only_with_trigger.py for tasks to queue
[2023-11-26T17:58:35.646+0000] {logging_mixin.py:154} INFO - [2023-11-26T17:58:35.645+0000] {dagbag.py:536} INFO - Filling up the DagBag from /home/airflow/.local/lib/python3.8/site-packages/airflow/example_dags/example_latest_only_with_trigger.py
[2023-11-26T17:58:35.662+0000] {processor.py:839} INFO - DAG(s) dict_keys(['latest_only_with_trigger']) retrieved from /home/airflow/.local/lib/python3.8/site-packages/airflow/example_dags/example_latest_only_with_trigger.py
[2023-11-26T17:58:35.726+0000] {logging_mixin.py:154} INFO - [2023-11-26T17:58:35.725+0000] {dag.py:2941} INFO - Sync 1 DAGs
[2023-11-26T17:58:35.789+0000] {logging_mixin.py:154} INFO - [2023-11-26T17:58:35.788+0000] {dag.py:3722} INFO - Setting next_dagrun for latest_only_with_trigger to 2023-11-26T13:58:35.788442+00:00, run_after=2023-11-26T17:58:35.788442+00:00
[2023-11-26T17:58:35.926+0000] {processor.py:179} INFO - Processing /home/airflow/.local/lib/python3.8/site-packages/airflow/example_dags/example_latest_only_with_trigger.py took 0.300 seconds
[2023-11-26T17:59:06.132+0000] {processor.py:157} INFO - Started process (PID=1369) to work on /home/airflow/.local/lib/python3.8/site-packages/airflow/example_dags/example_latest_only_with_trigger.py
[2023-11-26T17:59:06.159+0000] {processor.py:829} INFO - Processing file /home/airflow/.local/lib/python3.8/site-packages/airflow/example_dags/example_latest_only_with_trigger.py for tasks to queue
[2023-11-26T17:59:06.175+0000] {logging_mixin.py:154} INFO - [2023-11-26T17:59:06.172+0000] {dagbag.py:536} INFO - Filling up the DagBag from /home/airflow/.local/lib/python3.8/site-packages/airflow/example_dags/example_latest_only_with_trigger.py
[2023-11-26T17:59:06.203+0000] {processor.py:839} INFO - DAG(s) dict_keys(['latest_only_with_trigger']) retrieved from /home/airflow/.local/lib/python3.8/site-packages/airflow/example_dags/example_latest_only_with_trigger.py
[2023-11-26T17:59:06.270+0000] {logging_mixin.py:154} INFO - [2023-11-26T17:59:06.269+0000] {dag.py:2941} INFO - Sync 1 DAGs
[2023-11-26T17:59:07.687+0000] {logging_mixin.py:154} INFO - [2023-11-26T17:59:07.686+0000] {dag.py:3722} INFO - Setting next_dagrun for latest_only_with_trigger to 2023-11-26T13:59:07.686079+00:00, run_after=2023-11-26T17:59:07.686079+00:00
[2023-11-26T17:59:09.405+0000] {processor.py:179} INFO - Processing /home/airflow/.local/lib/python3.8/site-packages/airflow/example_dags/example_latest_only_with_trigger.py took 3.291 seconds
[2023-11-26T17:59:40.823+0000] {processor.py:157} INFO - Started process (PID=1423) to work on /home/airflow/.local/lib/python3.8/site-packages/airflow/example_dags/example_latest_only_with_trigger.py
[2023-11-26T17:59:40.846+0000] {processor.py:829} INFO - Processing file /home/airflow/.local/lib/python3.8/site-packages/airflow/example_dags/example_latest_only_with_trigger.py for tasks to queue
[2023-11-26T17:59:40.855+0000] {logging_mixin.py:154} INFO - [2023-11-26T17:59:40.854+0000] {dagbag.py:536} INFO - Filling up the DagBag from /home/airflow/.local/lib/python3.8/site-packages/airflow/example_dags/example_latest_only_with_trigger.py
[2023-11-26T17:59:40.939+0000] {processor.py:839} INFO - DAG(s) dict_keys(['latest_only_with_trigger']) retrieved from /home/airflow/.local/lib/python3.8/site-packages/airflow/example_dags/example_latest_only_with_trigger.py
[2023-11-26T17:59:41.172+0000] {logging_mixin.py:154} INFO - [2023-11-26T17:59:41.172+0000] {dag.py:2941} INFO - Sync 1 DAGs
[2023-11-26T17:59:41.975+0000] {logging_mixin.py:154} INFO - [2023-11-26T17:59:41.975+0000] {dag.py:3722} INFO - Setting next_dagrun for latest_only_with_trigger to 2023-11-26T13:59:41.975112+00:00, run_after=2023-11-26T17:59:41.975112+00:00
[2023-11-26T17:59:42.014+0000] {processor.py:179} INFO - Processing /home/airflow/.local/lib/python3.8/site-packages/airflow/example_dags/example_latest_only_with_trigger.py took 1.199 seconds
[2023-11-26T18:00:12.924+0000] {processor.py:157} INFO - Started process (PID=1477) to work on /home/airflow/.local/lib/python3.8/site-packages/airflow/example_dags/example_latest_only_with_trigger.py
[2023-11-26T18:00:13.058+0000] {processor.py:829} INFO - Processing file /home/airflow/.local/lib/python3.8/site-packages/airflow/example_dags/example_latest_only_with_trigger.py for tasks to queue
[2023-11-26T18:00:13.642+0000] {logging_mixin.py:154} INFO - [2023-11-26T18:00:13.641+0000] {dagbag.py:536} INFO - Filling up the DagBag from /home/airflow/.local/lib/python3.8/site-packages/airflow/example_dags/example_latest_only_with_trigger.py
[2023-11-26T18:00:13.968+0000] {processor.py:839} INFO - DAG(s) dict_keys(['latest_only_with_trigger']) retrieved from /home/airflow/.local/lib/python3.8/site-packages/airflow/example_dags/example_latest_only_with_trigger.py
[2023-11-26T18:00:14.608+0000] {logging_mixin.py:154} INFO - [2023-11-26T18:00:14.552+0000] {dag.py:2941} INFO - Sync 1 DAGs
[2023-11-26T18:00:15.000+0000] {logging_mixin.py:154} INFO - [2023-11-26T18:00:15.000+0000] {dag.py:3722} INFO - Setting next_dagrun for latest_only_with_trigger to 2023-11-26T14:00:14.999726+00:00, run_after=2023-11-26T18:00:14.999726+00:00
[2023-11-26T18:00:15.581+0000] {processor.py:179} INFO - Processing /home/airflow/.local/lib/python3.8/site-packages/airflow/example_dags/example_latest_only_with_trigger.py took 2.721 seconds
[2023-11-26T18:00:46.331+0000] {processor.py:157} INFO - Started process (PID=1537) to work on /home/airflow/.local/lib/python3.8/site-packages/airflow/example_dags/example_latest_only_with_trigger.py
[2023-11-26T18:00:46.363+0000] {processor.py:829} INFO - Processing file /home/airflow/.local/lib/python3.8/site-packages/airflow/example_dags/example_latest_only_with_trigger.py for tasks to queue
[2023-11-26T18:00:46.588+0000] {logging_mixin.py:154} INFO - [2023-11-26T18:00:46.587+0000] {dagbag.py:536} INFO - Filling up the DagBag from /home/airflow/.local/lib/python3.8/site-packages/airflow/example_dags/example_latest_only_with_trigger.py
[2023-11-26T18:00:46.635+0000] {processor.py:839} INFO - DAG(s) dict_keys(['latest_only_with_trigger']) retrieved from /home/airflow/.local/lib/python3.8/site-packages/airflow/example_dags/example_latest_only_with_trigger.py
[2023-11-26T18:00:47.441+0000] {logging_mixin.py:154} INFO - [2023-11-26T18:00:47.441+0000] {dag.py:2941} INFO - Sync 1 DAGs
[2023-11-26T18:00:47.894+0000] {logging_mixin.py:154} INFO - [2023-11-26T18:00:47.894+0000] {dag.py:3722} INFO - Setting next_dagrun for latest_only_with_trigger to 2023-11-26T14:00:47.893690+00:00, run_after=2023-11-26T18:00:47.893690+00:00
[2023-11-26T18:00:48.204+0000] {processor.py:179} INFO - Processing /home/airflow/.local/lib/python3.8/site-packages/airflow/example_dags/example_latest_only_with_trigger.py took 1.827 seconds
[2023-11-26T18:01:18.440+0000] {processor.py:157} INFO - Started process (PID=1591) to work on /home/airflow/.local/lib/python3.8/site-packages/airflow/example_dags/example_latest_only_with_trigger.py
[2023-11-26T18:01:18.442+0000] {processor.py:829} INFO - Processing file /home/airflow/.local/lib/python3.8/site-packages/airflow/example_dags/example_latest_only_with_trigger.py for tasks to queue
[2023-11-26T18:01:18.449+0000] {logging_mixin.py:154} INFO - [2023-11-26T18:01:18.449+0000] {dagbag.py:536} INFO - Filling up the DagBag from /home/airflow/.local/lib/python3.8/site-packages/airflow/example_dags/example_latest_only_with_trigger.py
[2023-11-26T18:01:18.466+0000] {processor.py:839} INFO - DAG(s) dict_keys(['latest_only_with_trigger']) retrieved from /home/airflow/.local/lib/python3.8/site-packages/airflow/example_dags/example_latest_only_with_trigger.py
[2023-11-26T18:01:18.520+0000] {logging_mixin.py:154} INFO - [2023-11-26T18:01:18.519+0000] {dag.py:2941} INFO - Sync 1 DAGs
[2023-11-26T18:01:18.583+0000] {logging_mixin.py:154} INFO - [2023-11-26T18:01:18.582+0000] {dag.py:3722} INFO - Setting next_dagrun for latest_only_with_trigger to 2023-11-26T14:01:18.582363+00:00, run_after=2023-11-26T18:01:18.582363+00:00
[2023-11-26T18:01:18.640+0000] {processor.py:179} INFO - Processing /home/airflow/.local/lib/python3.8/site-packages/airflow/example_dags/example_latest_only_with_trigger.py took 0.208 seconds
[2023-11-26T18:01:49.160+0000] {processor.py:157} INFO - Started process (PID=1644) to work on /home/airflow/.local/lib/python3.8/site-packages/airflow/example_dags/example_latest_only_with_trigger.py
[2023-11-26T18:01:49.164+0000] {processor.py:829} INFO - Processing file /home/airflow/.local/lib/python3.8/site-packages/airflow/example_dags/example_latest_only_with_trigger.py for tasks to queue
[2023-11-26T18:01:49.171+0000] {logging_mixin.py:154} INFO - [2023-11-26T18:01:49.170+0000] {dagbag.py:536} INFO - Filling up the DagBag from /home/airflow/.local/lib/python3.8/site-packages/airflow/example_dags/example_latest_only_with_trigger.py
[2023-11-26T18:01:49.188+0000] {processor.py:839} INFO - DAG(s) dict_keys(['latest_only_with_trigger']) retrieved from /home/airflow/.local/lib/python3.8/site-packages/airflow/example_dags/example_latest_only_with_trigger.py
[2023-11-26T18:01:49.244+0000] {logging_mixin.py:154} INFO - [2023-11-26T18:01:49.243+0000] {dag.py:2941} INFO - Sync 1 DAGs
[2023-11-26T18:01:49.315+0000] {logging_mixin.py:154} INFO - [2023-11-26T18:01:49.314+0000] {dag.py:3722} INFO - Setting next_dagrun for latest_only_with_trigger to 2023-11-26T14:01:49.314021+00:00, run_after=2023-11-26T18:01:49.314021+00:00
[2023-11-26T18:01:49.365+0000] {processor.py:179} INFO - Processing /home/airflow/.local/lib/python3.8/site-packages/airflow/example_dags/example_latest_only_with_trigger.py took 0.213 seconds
[2023-11-26T18:02:19.626+0000] {processor.py:157} INFO - Started process (PID=1698) to work on /home/airflow/.local/lib/python3.8/site-packages/airflow/example_dags/example_latest_only_with_trigger.py
[2023-11-26T18:02:19.629+0000] {processor.py:829} INFO - Processing file /home/airflow/.local/lib/python3.8/site-packages/airflow/example_dags/example_latest_only_with_trigger.py for tasks to queue
[2023-11-26T18:02:19.637+0000] {logging_mixin.py:154} INFO - [2023-11-26T18:02:19.636+0000] {dagbag.py:536} INFO - Filling up the DagBag from /home/airflow/.local/lib/python3.8/site-packages/airflow/example_dags/example_latest_only_with_trigger.py
[2023-11-26T18:02:19.652+0000] {processor.py:839} INFO - DAG(s) dict_keys(['latest_only_with_trigger']) retrieved from /home/airflow/.local/lib/python3.8/site-packages/airflow/example_dags/example_latest_only_with_trigger.py
[2023-11-26T18:02:19.713+0000] {logging_mixin.py:154} INFO - [2023-11-26T18:02:19.713+0000] {dag.py:2941} INFO - Sync 1 DAGs
[2023-11-26T18:02:19.786+0000] {logging_mixin.py:154} INFO - [2023-11-26T18:02:19.786+0000] {dag.py:3722} INFO - Setting next_dagrun for latest_only_with_trigger to 2023-11-26T14:02:19.785362+00:00, run_after=2023-11-26T18:02:19.785362+00:00
[2023-11-26T18:02:19.841+0000] {processor.py:179} INFO - Processing /home/airflow/.local/lib/python3.8/site-packages/airflow/example_dags/example_latest_only_with_trigger.py took 0.222 seconds
[2023-11-26T18:02:50.228+0000] {processor.py:157} INFO - Started process (PID=1752) to work on /home/airflow/.local/lib/python3.8/site-packages/airflow/example_dags/example_latest_only_with_trigger.py
[2023-11-26T18:02:50.237+0000] {processor.py:829} INFO - Processing file /home/airflow/.local/lib/python3.8/site-packages/airflow/example_dags/example_latest_only_with_trigger.py for tasks to queue
[2023-11-26T18:02:50.257+0000] {logging_mixin.py:154} INFO - [2023-11-26T18:02:50.256+0000] {dagbag.py:536} INFO - Filling up the DagBag from /home/airflow/.local/lib/python3.8/site-packages/airflow/example_dags/example_latest_only_with_trigger.py
[2023-11-26T18:02:50.277+0000] {processor.py:839} INFO - DAG(s) dict_keys(['latest_only_with_trigger']) retrieved from /home/airflow/.local/lib/python3.8/site-packages/airflow/example_dags/example_latest_only_with_trigger.py
[2023-11-26T18:02:50.363+0000] {logging_mixin.py:154} INFO - [2023-11-26T18:02:50.363+0000] {dag.py:2941} INFO - Sync 1 DAGs
[2023-11-26T18:02:50.473+0000] {logging_mixin.py:154} INFO - [2023-11-26T18:02:50.473+0000] {dag.py:3722} INFO - Setting next_dagrun for latest_only_with_trigger to 2023-11-26T14:02:50.472838+00:00, run_after=2023-11-26T18:02:50.472838+00:00
[2023-11-26T18:02:50.632+0000] {processor.py:179} INFO - Processing /home/airflow/.local/lib/python3.8/site-packages/airflow/example_dags/example_latest_only_with_trigger.py took 0.415 seconds
[2023-11-26T18:03:20.928+0000] {processor.py:157} INFO - Started process (PID=1806) to work on /home/airflow/.local/lib/python3.8/site-packages/airflow/example_dags/example_latest_only_with_trigger.py
[2023-11-26T18:03:20.972+0000] {processor.py:829} INFO - Processing file /home/airflow/.local/lib/python3.8/site-packages/airflow/example_dags/example_latest_only_with_trigger.py for tasks to queue
[2023-11-26T18:03:20.993+0000] {logging_mixin.py:154} INFO - [2023-11-26T18:03:20.992+0000] {dagbag.py:536} INFO - Filling up the DagBag from /home/airflow/.local/lib/python3.8/site-packages/airflow/example_dags/example_latest_only_with_trigger.py
[2023-11-26T18:03:21.012+0000] {processor.py:839} INFO - DAG(s) dict_keys(['latest_only_with_trigger']) retrieved from /home/airflow/.local/lib/python3.8/site-packages/airflow/example_dags/example_latest_only_with_trigger.py
[2023-11-26T18:03:21.129+0000] {logging_mixin.py:154} INFO - [2023-11-26T18:03:21.128+0000] {dag.py:2941} INFO - Sync 1 DAGs
[2023-11-26T18:03:21.224+0000] {logging_mixin.py:154} INFO - [2023-11-26T18:03:21.223+0000] {dag.py:3722} INFO - Setting next_dagrun for latest_only_with_trigger to 2023-11-26T14:03:21.223265+00:00, run_after=2023-11-26T18:03:21.223265+00:00
[2023-11-26T18:03:21.321+0000] {processor.py:179} INFO - Processing /home/airflow/.local/lib/python3.8/site-packages/airflow/example_dags/example_latest_only_with_trigger.py took 0.401 seconds
