[2023-11-26T17:42:17.546+0000] {processor.py:157} INFO - Started process (PID=69) to work on /home/airflow/.local/lib/python3.8/site-packages/airflow/example_dags/example_datasets.py
[2023-11-26T17:42:17.556+0000] {processor.py:829} INFO - Processing file /home/airflow/.local/lib/python3.8/site-packages/airflow/example_dags/example_datasets.py for tasks to queue
[2023-11-26T17:42:17.568+0000] {logging_mixin.py:154} INFO - [2023-11-26T17:42:17.567+0000] {dagbag.py:536} INFO - Filling up the DagBag from /home/airflow/.local/lib/python3.8/site-packages/airflow/example_dags/example_datasets.py
[2023-11-26T17:42:17.703+0000] {processor.py:839} INFO - DAG(s) dict_keys(['dataset_consumes_1_never_scheduled', 'dataset_consumes_unknown_never_scheduled', 'dataset_produces_2', 'dataset_consumes_1_and_2', 'dataset_produces_1', 'dataset_consumes_1']) retrieved from /home/airflow/.local/lib/python3.8/site-packages/airflow/example_dags/example_datasets.py
[2023-11-26T17:42:18.101+0000] {logging_mixin.py:154} INFO - [2023-11-26T17:42:18.100+0000] {dag.py:2941} INFO - Sync 6 DAGs
[2023-11-26T17:42:18.326+0000] {logging_mixin.py:154} INFO - [2023-11-26T17:42:18.326+0000] {dag.py:3722} INFO - Setting next_dagrun for dataset_consumes_1 to None, run_after=None
[2023-11-26T17:42:18.347+0000] {logging_mixin.py:154} INFO - [2023-11-26T17:42:18.347+0000] {dag.py:3722} INFO - Setting next_dagrun for dataset_consumes_1_and_2 to None, run_after=None
[2023-11-26T17:42:18.423+0000] {logging_mixin.py:154} INFO - [2023-11-26T17:42:18.423+0000] {dag.py:3722} INFO - Setting next_dagrun for dataset_consumes_1_never_scheduled to None, run_after=None
[2023-11-26T17:42:18.467+0000] {logging_mixin.py:154} INFO - [2023-11-26T17:42:18.466+0000] {dag.py:3722} INFO - Setting next_dagrun for dataset_consumes_unknown_never_scheduled to None, run_after=None
[2023-11-26T17:42:18.509+0000] {logging_mixin.py:154} INFO - [2023-11-26T17:42:18.508+0000] {dag.py:3722} INFO - Setting next_dagrun for dataset_produces_1 to 2023-11-25T00:00:00+00:00, run_after=2023-11-26T00:00:00+00:00
[2023-11-26T17:42:18.520+0000] {logging_mixin.py:154} INFO - [2023-11-26T17:42:18.520+0000] {dag.py:3722} INFO - Setting next_dagrun for dataset_produces_2 to None, run_after=None
[2023-11-26T17:42:18.859+0000] {processor.py:179} INFO - Processing /home/airflow/.local/lib/python3.8/site-packages/airflow/example_dags/example_datasets.py took 1.332 seconds
[2023-11-26T17:46:12.418+0000] {processor.py:157} INFO - Started process (PID=71) to work on /home/airflow/.local/lib/python3.8/site-packages/airflow/example_dags/example_datasets.py
[2023-11-26T17:46:12.421+0000] {processor.py:829} INFO - Processing file /home/airflow/.local/lib/python3.8/site-packages/airflow/example_dags/example_datasets.py for tasks to queue
[2023-11-26T17:46:12.428+0000] {logging_mixin.py:154} INFO - [2023-11-26T17:46:12.427+0000] {dagbag.py:536} INFO - Filling up the DagBag from /home/airflow/.local/lib/python3.8/site-packages/airflow/example_dags/example_datasets.py
[2023-11-26T17:46:12.518+0000] {processor.py:839} INFO - DAG(s) dict_keys(['dataset_consumes_unknown_never_scheduled', 'dataset_produces_1', 'dataset_consumes_1', 'dataset_consumes_1_never_scheduled', 'dataset_produces_2', 'dataset_consumes_1_and_2']) retrieved from /home/airflow/.local/lib/python3.8/site-packages/airflow/example_dags/example_datasets.py
[2023-11-26T17:46:12.765+0000] {logging_mixin.py:154} INFO - [2023-11-26T17:46:12.763+0000] {dag.py:2941} INFO - Sync 6 DAGs
[2023-11-26T17:46:12.872+0000] {logging_mixin.py:154} INFO - [2023-11-26T17:46:12.872+0000] {dag.py:3722} INFO - Setting next_dagrun for dataset_consumes_1 to None, run_after=None
[2023-11-26T17:46:12.883+0000] {logging_mixin.py:154} INFO - [2023-11-26T17:46:12.883+0000] {dag.py:3722} INFO - Setting next_dagrun for dataset_consumes_1_and_2 to None, run_after=None
[2023-11-26T17:46:12.887+0000] {logging_mixin.py:154} INFO - [2023-11-26T17:46:12.886+0000] {dag.py:3722} INFO - Setting next_dagrun for dataset_consumes_1_never_scheduled to None, run_after=None
[2023-11-26T17:46:12.894+0000] {logging_mixin.py:154} INFO - [2023-11-26T17:46:12.894+0000] {dag.py:3722} INFO - Setting next_dagrun for dataset_consumes_unknown_never_scheduled to None, run_after=None
[2023-11-26T17:46:12.904+0000] {logging_mixin.py:154} INFO - [2023-11-26T17:46:12.904+0000] {dag.py:3722} INFO - Setting next_dagrun for dataset_produces_1 to 2023-11-25T00:00:00+00:00, run_after=2023-11-26T00:00:00+00:00
[2023-11-26T17:46:12.907+0000] {logging_mixin.py:154} INFO - [2023-11-26T17:46:12.907+0000] {dag.py:3722} INFO - Setting next_dagrun for dataset_produces_2 to None, run_after=None
[2023-11-26T17:46:13.106+0000] {processor.py:179} INFO - Processing /home/airflow/.local/lib/python3.8/site-packages/airflow/example_dags/example_datasets.py took 0.703 seconds
[2023-11-26T17:46:46.858+0000] {processor.py:157} INFO - Started process (PID=124) to work on /home/airflow/.local/lib/python3.8/site-packages/airflow/example_dags/example_datasets.py
[2023-11-26T17:46:46.861+0000] {processor.py:829} INFO - Processing file /home/airflow/.local/lib/python3.8/site-packages/airflow/example_dags/example_datasets.py for tasks to queue
[2023-11-26T17:46:46.869+0000] {logging_mixin.py:154} INFO - [2023-11-26T17:46:46.868+0000] {dagbag.py:536} INFO - Filling up the DagBag from /home/airflow/.local/lib/python3.8/site-packages/airflow/example_dags/example_datasets.py
[2023-11-26T17:46:46.898+0000] {processor.py:839} INFO - DAG(s) dict_keys(['dataset_consumes_1_never_scheduled', 'dataset_consumes_unknown_never_scheduled', 'dataset_consumes_1_and_2', 'dataset_produces_1', 'dataset_consumes_1', 'dataset_produces_2']) retrieved from /home/airflow/.local/lib/python3.8/site-packages/airflow/example_dags/example_datasets.py
[2023-11-26T17:46:47.022+0000] {logging_mixin.py:154} INFO - [2023-11-26T17:46:47.022+0000] {dag.py:2941} INFO - Sync 6 DAGs
[2023-11-26T17:46:47.164+0000] {logging_mixin.py:154} INFO - [2023-11-26T17:46:47.163+0000] {dag.py:3722} INFO - Setting next_dagrun for dataset_consumes_1 to None, run_after=None
[2023-11-26T17:46:47.174+0000] {logging_mixin.py:154} INFO - [2023-11-26T17:46:47.174+0000] {dag.py:3722} INFO - Setting next_dagrun for dataset_consumes_1_and_2 to None, run_after=None
[2023-11-26T17:46:47.185+0000] {logging_mixin.py:154} INFO - [2023-11-26T17:46:47.185+0000] {dag.py:3722} INFO - Setting next_dagrun for dataset_consumes_1_never_scheduled to None, run_after=None
[2023-11-26T17:46:47.192+0000] {logging_mixin.py:154} INFO - [2023-11-26T17:46:47.192+0000] {dag.py:3722} INFO - Setting next_dagrun for dataset_consumes_unknown_never_scheduled to None, run_after=None
[2023-11-26T17:46:47.202+0000] {logging_mixin.py:154} INFO - [2023-11-26T17:46:47.202+0000] {dag.py:3722} INFO - Setting next_dagrun for dataset_produces_1 to 2023-11-25T00:00:00+00:00, run_after=2023-11-26T00:00:00+00:00
[2023-11-26T17:46:47.208+0000] {logging_mixin.py:154} INFO - [2023-11-26T17:46:47.208+0000] {dag.py:3722} INFO - Setting next_dagrun for dataset_produces_2 to None, run_after=None
[2023-11-26T17:46:47.323+0000] {processor.py:179} INFO - Processing /home/airflow/.local/lib/python3.8/site-packages/airflow/example_dags/example_datasets.py took 0.472 seconds
[2023-11-26T17:47:17.399+0000] {processor.py:157} INFO - Started process (PID=178) to work on /home/airflow/.local/lib/python3.8/site-packages/airflow/example_dags/example_datasets.py
[2023-11-26T17:47:17.402+0000] {processor.py:829} INFO - Processing file /home/airflow/.local/lib/python3.8/site-packages/airflow/example_dags/example_datasets.py for tasks to queue
[2023-11-26T17:47:17.410+0000] {logging_mixin.py:154} INFO - [2023-11-26T17:47:17.407+0000] {dagbag.py:536} INFO - Filling up the DagBag from /home/airflow/.local/lib/python3.8/site-packages/airflow/example_dags/example_datasets.py
[2023-11-26T17:47:17.435+0000] {processor.py:839} INFO - DAG(s) dict_keys(['dataset_consumes_unknown_never_scheduled', 'dataset_consumes_1_and_2', 'dataset_consumes_1', 'dataset_consumes_1_never_scheduled', 'dataset_produces_1', 'dataset_produces_2']) retrieved from /home/airflow/.local/lib/python3.8/site-packages/airflow/example_dags/example_datasets.py
[2023-11-26T17:47:17.582+0000] {logging_mixin.py:154} INFO - [2023-11-26T17:47:17.581+0000] {dag.py:2941} INFO - Sync 6 DAGs
[2023-11-26T17:47:17.661+0000] {logging_mixin.py:154} INFO - [2023-11-26T17:47:17.660+0000] {dag.py:3722} INFO - Setting next_dagrun for dataset_consumes_1 to None, run_after=None
[2023-11-26T17:47:17.670+0000] {logging_mixin.py:154} INFO - [2023-11-26T17:47:17.670+0000] {dag.py:3722} INFO - Setting next_dagrun for dataset_consumes_1_and_2 to None, run_after=None
[2023-11-26T17:47:17.674+0000] {logging_mixin.py:154} INFO - [2023-11-26T17:47:17.673+0000] {dag.py:3722} INFO - Setting next_dagrun for dataset_consumes_1_never_scheduled to None, run_after=None
[2023-11-26T17:47:17.678+0000] {logging_mixin.py:154} INFO - [2023-11-26T17:47:17.677+0000] {dag.py:3722} INFO - Setting next_dagrun for dataset_consumes_unknown_never_scheduled to None, run_after=None
[2023-11-26T17:47:17.685+0000] {logging_mixin.py:154} INFO - [2023-11-26T17:47:17.685+0000] {dag.py:3722} INFO - Setting next_dagrun for dataset_produces_1 to 2023-11-25T00:00:00+00:00, run_after=2023-11-26T00:00:00+00:00
[2023-11-26T17:47:17.688+0000] {logging_mixin.py:154} INFO - [2023-11-26T17:47:17.688+0000] {dag.py:3722} INFO - Setting next_dagrun for dataset_produces_2 to None, run_after=None
[2023-11-26T17:47:17.771+0000] {processor.py:179} INFO - Processing /home/airflow/.local/lib/python3.8/site-packages/airflow/example_dags/example_datasets.py took 0.380 seconds
[2023-11-26T17:47:48.744+0000] {processor.py:157} INFO - Started process (PID=233) to work on /home/airflow/.local/lib/python3.8/site-packages/airflow/example_dags/example_datasets.py
[2023-11-26T17:47:48.749+0000] {processor.py:829} INFO - Processing file /home/airflow/.local/lib/python3.8/site-packages/airflow/example_dags/example_datasets.py for tasks to queue
[2023-11-26T17:47:48.756+0000] {logging_mixin.py:154} INFO - [2023-11-26T17:47:48.755+0000] {dagbag.py:536} INFO - Filling up the DagBag from /home/airflow/.local/lib/python3.8/site-packages/airflow/example_dags/example_datasets.py
[2023-11-26T17:47:48.780+0000] {processor.py:839} INFO - DAG(s) dict_keys(['dataset_consumes_1_never_scheduled', 'dataset_consumes_1_and_2', 'dataset_produces_1', 'dataset_consumes_1', 'dataset_consumes_unknown_never_scheduled', 'dataset_produces_2']) retrieved from /home/airflow/.local/lib/python3.8/site-packages/airflow/example_dags/example_datasets.py
[2023-11-26T17:47:48.875+0000] {logging_mixin.py:154} INFO - [2023-11-26T17:47:48.874+0000] {dag.py:2941} INFO - Sync 6 DAGs
[2023-11-26T17:47:48.938+0000] {logging_mixin.py:154} INFO - [2023-11-26T17:47:48.938+0000] {dag.py:3722} INFO - Setting next_dagrun for dataset_consumes_1 to None, run_after=None
[2023-11-26T17:47:48.951+0000] {logging_mixin.py:154} INFO - [2023-11-26T17:47:48.950+0000] {dag.py:3722} INFO - Setting next_dagrun for dataset_consumes_1_and_2 to None, run_after=None
[2023-11-26T17:47:48.962+0000] {logging_mixin.py:154} INFO - [2023-11-26T17:47:48.962+0000] {dag.py:3722} INFO - Setting next_dagrun for dataset_consumes_1_never_scheduled to None, run_after=None
[2023-11-26T17:47:48.970+0000] {logging_mixin.py:154} INFO - [2023-11-26T17:47:48.970+0000] {dag.py:3722} INFO - Setting next_dagrun for dataset_consumes_unknown_never_scheduled to None, run_after=None
[2023-11-26T17:47:48.980+0000] {logging_mixin.py:154} INFO - [2023-11-26T17:47:48.980+0000] {dag.py:3722} INFO - Setting next_dagrun for dataset_produces_1 to 2023-11-25T00:00:00+00:00, run_after=2023-11-26T00:00:00+00:00
[2023-11-26T17:47:49.007+0000] {logging_mixin.py:154} INFO - [2023-11-26T17:47:49.007+0000] {dag.py:3722} INFO - Setting next_dagrun for dataset_produces_2 to None, run_after=None
[2023-11-26T17:47:49.127+0000] {processor.py:179} INFO - Processing /home/airflow/.local/lib/python3.8/site-packages/airflow/example_dags/example_datasets.py took 0.392 seconds
[2023-11-26T17:48:20.237+0000] {processor.py:157} INFO - Started process (PID=286) to work on /home/airflow/.local/lib/python3.8/site-packages/airflow/example_dags/example_datasets.py
[2023-11-26T17:48:20.240+0000] {processor.py:829} INFO - Processing file /home/airflow/.local/lib/python3.8/site-packages/airflow/example_dags/example_datasets.py for tasks to queue
[2023-11-26T17:48:20.245+0000] {logging_mixin.py:154} INFO - [2023-11-26T17:48:20.244+0000] {dagbag.py:536} INFO - Filling up the DagBag from /home/airflow/.local/lib/python3.8/site-packages/airflow/example_dags/example_datasets.py
[2023-11-26T17:48:20.271+0000] {processor.py:839} INFO - DAG(s) dict_keys(['dataset_produces_1', 'dataset_produces_2', 'dataset_consumes_unknown_never_scheduled', 'dataset_consumes_1_never_scheduled', 'dataset_consumes_1', 'dataset_consumes_1_and_2']) retrieved from /home/airflow/.local/lib/python3.8/site-packages/airflow/example_dags/example_datasets.py
[2023-11-26T17:48:20.365+0000] {logging_mixin.py:154} INFO - [2023-11-26T17:48:20.365+0000] {dag.py:2941} INFO - Sync 6 DAGs
[2023-11-26T17:48:20.421+0000] {logging_mixin.py:154} INFO - [2023-11-26T17:48:20.421+0000] {dag.py:3722} INFO - Setting next_dagrun for dataset_consumes_1 to None, run_after=None
[2023-11-26T17:48:20.429+0000] {logging_mixin.py:154} INFO - [2023-11-26T17:48:20.429+0000] {dag.py:3722} INFO - Setting next_dagrun for dataset_consumes_1_and_2 to None, run_after=None
[2023-11-26T17:48:20.432+0000] {logging_mixin.py:154} INFO - [2023-11-26T17:48:20.432+0000] {dag.py:3722} INFO - Setting next_dagrun for dataset_consumes_1_never_scheduled to None, run_after=None
[2023-11-26T17:48:20.436+0000] {logging_mixin.py:154} INFO - [2023-11-26T17:48:20.436+0000] {dag.py:3722} INFO - Setting next_dagrun for dataset_consumes_unknown_never_scheduled to None, run_after=None
[2023-11-26T17:48:20.444+0000] {logging_mixin.py:154} INFO - [2023-11-26T17:48:20.444+0000] {dag.py:3722} INFO - Setting next_dagrun for dataset_produces_1 to 2023-11-25T00:00:00+00:00, run_after=2023-11-26T00:00:00+00:00
[2023-11-26T17:48:20.448+0000] {logging_mixin.py:154} INFO - [2023-11-26T17:48:20.447+0000] {dag.py:3722} INFO - Setting next_dagrun for dataset_produces_2 to None, run_after=None
[2023-11-26T17:48:20.541+0000] {processor.py:179} INFO - Processing /home/airflow/.local/lib/python3.8/site-packages/airflow/example_dags/example_datasets.py took 0.312 seconds
[2023-11-26T17:48:52.029+0000] {processor.py:157} INFO - Started process (PID=338) to work on /home/airflow/.local/lib/python3.8/site-packages/airflow/example_dags/example_datasets.py
[2023-11-26T17:48:52.079+0000] {processor.py:829} INFO - Processing file /home/airflow/.local/lib/python3.8/site-packages/airflow/example_dags/example_datasets.py for tasks to queue
[2023-11-26T17:48:52.100+0000] {logging_mixin.py:154} INFO - [2023-11-26T17:48:52.099+0000] {dagbag.py:536} INFO - Filling up the DagBag from /home/airflow/.local/lib/python3.8/site-packages/airflow/example_dags/example_datasets.py
[2023-11-26T17:48:52.228+0000] {processor.py:839} INFO - DAG(s) dict_keys(['dataset_produces_2', 'dataset_consumes_unknown_never_scheduled', 'dataset_consumes_1_and_2', 'dataset_consumes_1_never_scheduled', 'dataset_consumes_1', 'dataset_produces_1']) retrieved from /home/airflow/.local/lib/python3.8/site-packages/airflow/example_dags/example_datasets.py
[2023-11-26T17:48:52.388+0000] {logging_mixin.py:154} INFO - [2023-11-26T17:48:52.388+0000] {dag.py:2941} INFO - Sync 6 DAGs
[2023-11-26T17:48:52.534+0000] {logging_mixin.py:154} INFO - [2023-11-26T17:48:52.534+0000] {dag.py:3722} INFO - Setting next_dagrun for dataset_consumes_1 to None, run_after=None
[2023-11-26T17:48:52.573+0000] {logging_mixin.py:154} INFO - [2023-11-26T17:48:52.573+0000] {dag.py:3722} INFO - Setting next_dagrun for dataset_consumes_1_and_2 to None, run_after=None
[2023-11-26T17:48:52.579+0000] {logging_mixin.py:154} INFO - [2023-11-26T17:48:52.579+0000] {dag.py:3722} INFO - Setting next_dagrun for dataset_consumes_1_never_scheduled to None, run_after=None
[2023-11-26T17:48:52.614+0000] {logging_mixin.py:154} INFO - [2023-11-26T17:48:52.614+0000] {dag.py:3722} INFO - Setting next_dagrun for dataset_consumes_unknown_never_scheduled to None, run_after=None
[2023-11-26T17:48:52.637+0000] {logging_mixin.py:154} INFO - [2023-11-26T17:48:52.636+0000] {dag.py:3722} INFO - Setting next_dagrun for dataset_produces_1 to 2023-11-25T00:00:00+00:00, run_after=2023-11-26T00:00:00+00:00
[2023-11-26T17:48:52.659+0000] {logging_mixin.py:154} INFO - [2023-11-26T17:48:52.658+0000] {dag.py:3722} INFO - Setting next_dagrun for dataset_produces_2 to None, run_after=None
[2023-11-26T17:48:52.872+0000] {processor.py:179} INFO - Processing /home/airflow/.local/lib/python3.8/site-packages/airflow/example_dags/example_datasets.py took 0.852 seconds
[2023-11-26T17:49:23.668+0000] {processor.py:157} INFO - Started process (PID=391) to work on /home/airflow/.local/lib/python3.8/site-packages/airflow/example_dags/example_datasets.py
[2023-11-26T17:49:23.675+0000] {processor.py:829} INFO - Processing file /home/airflow/.local/lib/python3.8/site-packages/airflow/example_dags/example_datasets.py for tasks to queue
[2023-11-26T17:49:23.682+0000] {logging_mixin.py:154} INFO - [2023-11-26T17:49:23.681+0000] {dagbag.py:536} INFO - Filling up the DagBag from /home/airflow/.local/lib/python3.8/site-packages/airflow/example_dags/example_datasets.py
[2023-11-26T17:49:23.715+0000] {processor.py:839} INFO - DAG(s) dict_keys(['dataset_consumes_unknown_never_scheduled', 'dataset_consumes_1', 'dataset_produces_2', 'dataset_consumes_1_and_2', 'dataset_consumes_1_never_scheduled', 'dataset_produces_1']) retrieved from /home/airflow/.local/lib/python3.8/site-packages/airflow/example_dags/example_datasets.py
[2023-11-26T17:49:23.815+0000] {logging_mixin.py:154} INFO - [2023-11-26T17:49:23.814+0000] {dag.py:2941} INFO - Sync 6 DAGs
[2023-11-26T17:49:23.902+0000] {logging_mixin.py:154} INFO - [2023-11-26T17:49:23.901+0000] {dag.py:3722} INFO - Setting next_dagrun for dataset_consumes_1 to None, run_after=None
[2023-11-26T17:49:23.912+0000] {logging_mixin.py:154} INFO - [2023-11-26T17:49:23.911+0000] {dag.py:3722} INFO - Setting next_dagrun for dataset_consumes_1_and_2 to None, run_after=None
[2023-11-26T17:49:23.917+0000] {logging_mixin.py:154} INFO - [2023-11-26T17:49:23.916+0000] {dag.py:3722} INFO - Setting next_dagrun for dataset_consumes_1_never_scheduled to None, run_after=None
[2023-11-26T17:49:23.921+0000] {logging_mixin.py:154} INFO - [2023-11-26T17:49:23.921+0000] {dag.py:3722} INFO - Setting next_dagrun for dataset_consumes_unknown_never_scheduled to None, run_after=None
[2023-11-26T17:49:23.931+0000] {logging_mixin.py:154} INFO - [2023-11-26T17:49:23.931+0000] {dag.py:3722} INFO - Setting next_dagrun for dataset_produces_1 to 2023-11-25T00:00:00+00:00, run_after=2023-11-26T00:00:00+00:00
[2023-11-26T17:49:23.938+0000] {logging_mixin.py:154} INFO - [2023-11-26T17:49:23.937+0000] {dag.py:3722} INFO - Setting next_dagrun for dataset_produces_2 to None, run_after=None
[2023-11-26T17:49:24.031+0000] {processor.py:179} INFO - Processing /home/airflow/.local/lib/python3.8/site-packages/airflow/example_dags/example_datasets.py took 0.372 seconds
[2023-11-26T17:49:57.270+0000] {processor.py:157} INFO - Started process (PID=451) to work on /home/airflow/.local/lib/python3.8/site-packages/airflow/example_dags/example_datasets.py
[2023-11-26T17:49:57.296+0000] {processor.py:829} INFO - Processing file /home/airflow/.local/lib/python3.8/site-packages/airflow/example_dags/example_datasets.py for tasks to queue
[2023-11-26T17:49:57.304+0000] {logging_mixin.py:154} INFO - [2023-11-26T17:49:57.303+0000] {dagbag.py:536} INFO - Filling up the DagBag from /home/airflow/.local/lib/python3.8/site-packages/airflow/example_dags/example_datasets.py
[2023-11-26T17:49:57.338+0000] {processor.py:839} INFO - DAG(s) dict_keys(['dataset_consumes_1', 'dataset_consumes_1_and_2', 'dataset_consumes_unknown_never_scheduled', 'dataset_consumes_1_never_scheduled', 'dataset_produces_1', 'dataset_produces_2']) retrieved from /home/airflow/.local/lib/python3.8/site-packages/airflow/example_dags/example_datasets.py
[2023-11-26T17:49:57.527+0000] {logging_mixin.py:154} INFO - [2023-11-26T17:49:57.526+0000] {dag.py:2941} INFO - Sync 6 DAGs
[2023-11-26T17:49:57.613+0000] {logging_mixin.py:154} INFO - [2023-11-26T17:49:57.612+0000] {dag.py:3722} INFO - Setting next_dagrun for dataset_consumes_1 to None, run_after=None
[2023-11-26T17:49:57.652+0000] {logging_mixin.py:154} INFO - [2023-11-26T17:49:57.651+0000] {dag.py:3722} INFO - Setting next_dagrun for dataset_consumes_1_and_2 to None, run_after=None
[2023-11-26T17:49:57.665+0000] {logging_mixin.py:154} INFO - [2023-11-26T17:49:57.665+0000] {dag.py:3722} INFO - Setting next_dagrun for dataset_consumes_1_never_scheduled to None, run_after=None
[2023-11-26T17:49:57.670+0000] {logging_mixin.py:154} INFO - [2023-11-26T17:49:57.670+0000] {dag.py:3722} INFO - Setting next_dagrun for dataset_consumes_unknown_never_scheduled to None, run_after=None
[2023-11-26T17:49:57.680+0000] {logging_mixin.py:154} INFO - [2023-11-26T17:49:57.680+0000] {dag.py:3722} INFO - Setting next_dagrun for dataset_produces_1 to 2023-11-25T00:00:00+00:00, run_after=2023-11-26T00:00:00+00:00
[2023-11-26T17:49:57.688+0000] {logging_mixin.py:154} INFO - [2023-11-26T17:49:57.688+0000] {dag.py:3722} INFO - Setting next_dagrun for dataset_produces_2 to None, run_after=None
[2023-11-26T17:49:57.844+0000] {processor.py:179} INFO - Processing /home/airflow/.local/lib/python3.8/site-packages/airflow/example_dags/example_datasets.py took 0.590 seconds
[2023-11-26T17:50:28.292+0000] {processor.py:157} INFO - Started process (PID=505) to work on /home/airflow/.local/lib/python3.8/site-packages/airflow/example_dags/example_datasets.py
[2023-11-26T17:50:28.347+0000] {processor.py:829} INFO - Processing file /home/airflow/.local/lib/python3.8/site-packages/airflow/example_dags/example_datasets.py for tasks to queue
[2023-11-26T17:50:28.394+0000] {logging_mixin.py:154} INFO - [2023-11-26T17:50:28.387+0000] {dagbag.py:536} INFO - Filling up the DagBag from /home/airflow/.local/lib/python3.8/site-packages/airflow/example_dags/example_datasets.py
[2023-11-26T17:50:28.472+0000] {processor.py:839} INFO - DAG(s) dict_keys(['dataset_produces_1', 'dataset_produces_2', 'dataset_consumes_1_and_2', 'dataset_consumes_1_never_scheduled', 'dataset_consumes_1', 'dataset_consumes_unknown_never_scheduled']) retrieved from /home/airflow/.local/lib/python3.8/site-packages/airflow/example_dags/example_datasets.py
[2023-11-26T17:50:28.698+0000] {logging_mixin.py:154} INFO - [2023-11-26T17:50:28.698+0000] {dag.py:2941} INFO - Sync 6 DAGs
[2023-11-26T17:50:28.825+0000] {logging_mixin.py:154} INFO - [2023-11-26T17:50:28.824+0000] {dag.py:3722} INFO - Setting next_dagrun for dataset_consumes_1 to None, run_after=None
[2023-11-26T17:50:28.842+0000] {logging_mixin.py:154} INFO - [2023-11-26T17:50:28.842+0000] {dag.py:3722} INFO - Setting next_dagrun for dataset_consumes_1_and_2 to None, run_after=None
[2023-11-26T17:50:28.858+0000] {logging_mixin.py:154} INFO - [2023-11-26T17:50:28.858+0000] {dag.py:3722} INFO - Setting next_dagrun for dataset_consumes_1_never_scheduled to None, run_after=None
[2023-11-26T17:50:28.876+0000] {logging_mixin.py:154} INFO - [2023-11-26T17:50:28.876+0000] {dag.py:3722} INFO - Setting next_dagrun for dataset_consumes_unknown_never_scheduled to None, run_after=None
[2023-11-26T17:50:28.916+0000] {logging_mixin.py:154} INFO - [2023-11-26T17:50:28.916+0000] {dag.py:3722} INFO - Setting next_dagrun for dataset_produces_1 to 2023-11-25T00:00:00+00:00, run_after=2023-11-26T00:00:00+00:00
[2023-11-26T17:50:28.924+0000] {logging_mixin.py:154} INFO - [2023-11-26T17:50:28.923+0000] {dag.py:3722} INFO - Setting next_dagrun for dataset_produces_2 to None, run_after=None
[2023-11-26T17:50:29.081+0000] {processor.py:179} INFO - Processing /home/airflow/.local/lib/python3.8/site-packages/airflow/example_dags/example_datasets.py took 0.805 seconds
[2023-11-26T17:50:59.866+0000] {processor.py:157} INFO - Started process (PID=559) to work on /home/airflow/.local/lib/python3.8/site-packages/airflow/example_dags/example_datasets.py
[2023-11-26T17:50:59.870+0000] {processor.py:829} INFO - Processing file /home/airflow/.local/lib/python3.8/site-packages/airflow/example_dags/example_datasets.py for tasks to queue
[2023-11-26T17:50:59.884+0000] {logging_mixin.py:154} INFO - [2023-11-26T17:50:59.883+0000] {dagbag.py:536} INFO - Filling up the DagBag from /home/airflow/.local/lib/python3.8/site-packages/airflow/example_dags/example_datasets.py
[2023-11-26T17:50:59.918+0000] {processor.py:839} INFO - DAG(s) dict_keys(['dataset_produces_2', 'dataset_produces_1', 'dataset_consumes_1', 'dataset_consumes_1_and_2', 'dataset_consumes_unknown_never_scheduled', 'dataset_consumes_1_never_scheduled']) retrieved from /home/airflow/.local/lib/python3.8/site-packages/airflow/example_dags/example_datasets.py
[2023-11-26T17:51:00.067+0000] {logging_mixin.py:154} INFO - [2023-11-26T17:51:00.066+0000] {dag.py:2941} INFO - Sync 6 DAGs
[2023-11-26T17:51:00.172+0000] {logging_mixin.py:154} INFO - [2023-11-26T17:51:00.172+0000] {dag.py:3722} INFO - Setting next_dagrun for dataset_consumes_1 to None, run_after=None
[2023-11-26T17:51:00.187+0000] {logging_mixin.py:154} INFO - [2023-11-26T17:51:00.186+0000] {dag.py:3722} INFO - Setting next_dagrun for dataset_consumes_1_and_2 to None, run_after=None
[2023-11-26T17:51:00.190+0000] {logging_mixin.py:154} INFO - [2023-11-26T17:51:00.190+0000] {dag.py:3722} INFO - Setting next_dagrun for dataset_consumes_1_never_scheduled to None, run_after=None
[2023-11-26T17:51:00.201+0000] {logging_mixin.py:154} INFO - [2023-11-26T17:51:00.200+0000] {dag.py:3722} INFO - Setting next_dagrun for dataset_consumes_unknown_never_scheduled to None, run_after=None
[2023-11-26T17:51:00.220+0000] {logging_mixin.py:154} INFO - [2023-11-26T17:51:00.219+0000] {dag.py:3722} INFO - Setting next_dagrun for dataset_produces_1 to 2023-11-25T00:00:00+00:00, run_after=2023-11-26T00:00:00+00:00
[2023-11-26T17:51:00.224+0000] {logging_mixin.py:154} INFO - [2023-11-26T17:51:00.224+0000] {dag.py:3722} INFO - Setting next_dagrun for dataset_produces_2 to None, run_after=None
[2023-11-26T17:51:00.331+0000] {processor.py:179} INFO - Processing /home/airflow/.local/lib/python3.8/site-packages/airflow/example_dags/example_datasets.py took 0.476 seconds
[2023-11-26T17:51:31.524+0000] {processor.py:157} INFO - Started process (PID=612) to work on /home/airflow/.local/lib/python3.8/site-packages/airflow/example_dags/example_datasets.py
[2023-11-26T17:51:31.527+0000] {processor.py:829} INFO - Processing file /home/airflow/.local/lib/python3.8/site-packages/airflow/example_dags/example_datasets.py for tasks to queue
[2023-11-26T17:51:31.536+0000] {logging_mixin.py:154} INFO - [2023-11-26T17:51:31.535+0000] {dagbag.py:536} INFO - Filling up the DagBag from /home/airflow/.local/lib/python3.8/site-packages/airflow/example_dags/example_datasets.py
[2023-11-26T17:51:31.592+0000] {processor.py:839} INFO - DAG(s) dict_keys(['dataset_produces_2', 'dataset_produces_1', 'dataset_consumes_1_and_2', 'dataset_consumes_unknown_never_scheduled', 'dataset_consumes_1_never_scheduled', 'dataset_consumes_1']) retrieved from /home/airflow/.local/lib/python3.8/site-packages/airflow/example_dags/example_datasets.py
[2023-11-26T17:51:31.800+0000] {logging_mixin.py:154} INFO - [2023-11-26T17:51:31.800+0000] {dag.py:2941} INFO - Sync 6 DAGs
[2023-11-26T17:51:31.942+0000] {logging_mixin.py:154} INFO - [2023-11-26T17:51:31.942+0000] {dag.py:3722} INFO - Setting next_dagrun for dataset_consumes_1 to None, run_after=None
[2023-11-26T17:51:31.961+0000] {logging_mixin.py:154} INFO - [2023-11-26T17:51:31.960+0000] {dag.py:3722} INFO - Setting next_dagrun for dataset_consumes_1_and_2 to None, run_after=None
[2023-11-26T17:51:31.974+0000] {logging_mixin.py:154} INFO - [2023-11-26T17:51:31.974+0000] {dag.py:3722} INFO - Setting next_dagrun for dataset_consumes_1_never_scheduled to None, run_after=None
[2023-11-26T17:51:31.991+0000] {logging_mixin.py:154} INFO - [2023-11-26T17:51:31.991+0000] {dag.py:3722} INFO - Setting next_dagrun for dataset_consumes_unknown_never_scheduled to None, run_after=None
[2023-11-26T17:51:32.015+0000] {logging_mixin.py:154} INFO - [2023-11-26T17:51:32.014+0000] {dag.py:3722} INFO - Setting next_dagrun for dataset_produces_1 to 2023-11-25T00:00:00+00:00, run_after=2023-11-26T00:00:00+00:00
[2023-11-26T17:51:32.024+0000] {logging_mixin.py:154} INFO - [2023-11-26T17:51:32.023+0000] {dag.py:3722} INFO - Setting next_dagrun for dataset_produces_2 to None, run_after=None
[2023-11-26T17:51:32.212+0000] {processor.py:179} INFO - Processing /home/airflow/.local/lib/python3.8/site-packages/airflow/example_dags/example_datasets.py took 0.708 seconds
[2023-11-26T17:52:03.544+0000] {processor.py:157} INFO - Started process (PID=666) to work on /home/airflow/.local/lib/python3.8/site-packages/airflow/example_dags/example_datasets.py
[2023-11-26T17:52:03.551+0000] {processor.py:829} INFO - Processing file /home/airflow/.local/lib/python3.8/site-packages/airflow/example_dags/example_datasets.py for tasks to queue
[2023-11-26T17:52:03.560+0000] {logging_mixin.py:154} INFO - [2023-11-26T17:52:03.559+0000] {dagbag.py:536} INFO - Filling up the DagBag from /home/airflow/.local/lib/python3.8/site-packages/airflow/example_dags/example_datasets.py
[2023-11-26T17:52:03.623+0000] {processor.py:839} INFO - DAG(s) dict_keys(['dataset_produces_1', 'dataset_consumes_1_never_scheduled', 'dataset_consumes_1_and_2', 'dataset_consumes_unknown_never_scheduled', 'dataset_consumes_1', 'dataset_produces_2']) retrieved from /home/airflow/.local/lib/python3.8/site-packages/airflow/example_dags/example_datasets.py
[2023-11-26T17:52:03.836+0000] {logging_mixin.py:154} INFO - [2023-11-26T17:52:03.836+0000] {dag.py:2941} INFO - Sync 6 DAGs
[2023-11-26T17:52:03.922+0000] {logging_mixin.py:154} INFO - [2023-11-26T17:52:03.921+0000] {dag.py:3722} INFO - Setting next_dagrun for dataset_consumes_1 to None, run_after=None
[2023-11-26T17:52:03.939+0000] {logging_mixin.py:154} INFO - [2023-11-26T17:52:03.938+0000] {dag.py:3722} INFO - Setting next_dagrun for dataset_consumes_1_and_2 to None, run_after=None
[2023-11-26T17:52:03.952+0000] {logging_mixin.py:154} INFO - [2023-11-26T17:52:03.952+0000] {dag.py:3722} INFO - Setting next_dagrun for dataset_consumes_1_never_scheduled to None, run_after=None
[2023-11-26T17:52:03.966+0000] {logging_mixin.py:154} INFO - [2023-11-26T17:52:03.966+0000] {dag.py:3722} INFO - Setting next_dagrun for dataset_consumes_unknown_never_scheduled to None, run_after=None
[2023-11-26T17:52:03.979+0000] {logging_mixin.py:154} INFO - [2023-11-26T17:52:03.978+0000] {dag.py:3722} INFO - Setting next_dagrun for dataset_produces_1 to 2023-11-25T00:00:00+00:00, run_after=2023-11-26T00:00:00+00:00
[2023-11-26T17:52:03.993+0000] {logging_mixin.py:154} INFO - [2023-11-26T17:52:03.993+0000] {dag.py:3722} INFO - Setting next_dagrun for dataset_produces_2 to None, run_after=None
[2023-11-26T17:52:04.158+0000] {processor.py:179} INFO - Processing /home/airflow/.local/lib/python3.8/site-packages/airflow/example_dags/example_datasets.py took 0.624 seconds
[2023-11-26T17:52:34.295+0000] {processor.py:157} INFO - Started process (PID=720) to work on /home/airflow/.local/lib/python3.8/site-packages/airflow/example_dags/example_datasets.py
[2023-11-26T17:52:34.298+0000] {processor.py:829} INFO - Processing file /home/airflow/.local/lib/python3.8/site-packages/airflow/example_dags/example_datasets.py for tasks to queue
[2023-11-26T17:52:34.309+0000] {logging_mixin.py:154} INFO - [2023-11-26T17:52:34.308+0000] {dagbag.py:536} INFO - Filling up the DagBag from /home/airflow/.local/lib/python3.8/site-packages/airflow/example_dags/example_datasets.py
[2023-11-26T17:52:34.349+0000] {processor.py:839} INFO - DAG(s) dict_keys(['dataset_produces_2', 'dataset_consumes_1_never_scheduled', 'dataset_consumes_1', 'dataset_consumes_unknown_never_scheduled', 'dataset_consumes_1_and_2', 'dataset_produces_1']) retrieved from /home/airflow/.local/lib/python3.8/site-packages/airflow/example_dags/example_datasets.py
[2023-11-26T17:52:34.520+0000] {logging_mixin.py:154} INFO - [2023-11-26T17:52:34.519+0000] {dag.py:2941} INFO - Sync 6 DAGs
[2023-11-26T17:52:34.619+0000] {logging_mixin.py:154} INFO - [2023-11-26T17:52:34.618+0000] {dag.py:3722} INFO - Setting next_dagrun for dataset_consumes_1 to None, run_after=None
[2023-11-26T17:52:34.636+0000] {logging_mixin.py:154} INFO - [2023-11-26T17:52:34.636+0000] {dag.py:3722} INFO - Setting next_dagrun for dataset_consumes_1_and_2 to None, run_after=None
[2023-11-26T17:52:34.644+0000] {logging_mixin.py:154} INFO - [2023-11-26T17:52:34.644+0000] {dag.py:3722} INFO - Setting next_dagrun for dataset_consumes_1_never_scheduled to None, run_after=None
[2023-11-26T17:52:34.651+0000] {logging_mixin.py:154} INFO - [2023-11-26T17:52:34.650+0000] {dag.py:3722} INFO - Setting next_dagrun for dataset_consumes_unknown_never_scheduled to None, run_after=None
[2023-11-26T17:52:34.667+0000] {logging_mixin.py:154} INFO - [2023-11-26T17:52:34.667+0000] {dag.py:3722} INFO - Setting next_dagrun for dataset_produces_1 to 2023-11-25T00:00:00+00:00, run_after=2023-11-26T00:00:00+00:00
[2023-11-26T17:52:34.680+0000] {logging_mixin.py:154} INFO - [2023-11-26T17:52:34.680+0000] {dag.py:3722} INFO - Setting next_dagrun for dataset_produces_2 to None, run_after=None
[2023-11-26T17:52:34.817+0000] {processor.py:179} INFO - Processing /home/airflow/.local/lib/python3.8/site-packages/airflow/example_dags/example_datasets.py took 0.533 seconds
[2023-11-26T17:53:05.213+0000] {processor.py:157} INFO - Started process (PID=775) to work on /home/airflow/.local/lib/python3.8/site-packages/airflow/example_dags/example_datasets.py
[2023-11-26T17:53:05.215+0000] {processor.py:829} INFO - Processing file /home/airflow/.local/lib/python3.8/site-packages/airflow/example_dags/example_datasets.py for tasks to queue
[2023-11-26T17:53:05.224+0000] {logging_mixin.py:154} INFO - [2023-11-26T17:53:05.224+0000] {dagbag.py:536} INFO - Filling up the DagBag from /home/airflow/.local/lib/python3.8/site-packages/airflow/example_dags/example_datasets.py
[2023-11-26T17:53:05.259+0000] {processor.py:839} INFO - DAG(s) dict_keys(['dataset_consumes_unknown_never_scheduled', 'dataset_consumes_1_and_2', 'dataset_produces_2', 'dataset_consumes_1', 'dataset_consumes_1_never_scheduled', 'dataset_produces_1']) retrieved from /home/airflow/.local/lib/python3.8/site-packages/airflow/example_dags/example_datasets.py
[2023-11-26T17:53:05.449+0000] {logging_mixin.py:154} INFO - [2023-11-26T17:53:05.447+0000] {dag.py:2941} INFO - Sync 6 DAGs
[2023-11-26T17:53:05.596+0000] {logging_mixin.py:154} INFO - [2023-11-26T17:53:05.594+0000] {dag.py:3722} INFO - Setting next_dagrun for dataset_consumes_1 to None, run_after=None
[2023-11-26T17:53:05.615+0000] {logging_mixin.py:154} INFO - [2023-11-26T17:53:05.614+0000] {dag.py:3722} INFO - Setting next_dagrun for dataset_consumes_1_and_2 to None, run_after=None
[2023-11-26T17:53:05.620+0000] {logging_mixin.py:154} INFO - [2023-11-26T17:53:05.620+0000] {dag.py:3722} INFO - Setting next_dagrun for dataset_consumes_1_never_scheduled to None, run_after=None
[2023-11-26T17:53:05.627+0000] {logging_mixin.py:154} INFO - [2023-11-26T17:53:05.626+0000] {dag.py:3722} INFO - Setting next_dagrun for dataset_consumes_unknown_never_scheduled to None, run_after=None
[2023-11-26T17:53:05.636+0000] {logging_mixin.py:154} INFO - [2023-11-26T17:53:05.636+0000] {dag.py:3722} INFO - Setting next_dagrun for dataset_produces_1 to 2023-11-25T00:00:00+00:00, run_after=2023-11-26T00:00:00+00:00
[2023-11-26T17:53:05.641+0000] {logging_mixin.py:154} INFO - [2023-11-26T17:53:05.640+0000] {dag.py:3722} INFO - Setting next_dagrun for dataset_produces_2 to None, run_after=None
[2023-11-26T17:53:05.737+0000] {processor.py:179} INFO - Processing /home/airflow/.local/lib/python3.8/site-packages/airflow/example_dags/example_datasets.py took 0.531 seconds
[2023-11-26T17:53:35.905+0000] {processor.py:157} INFO - Started process (PID=829) to work on /home/airflow/.local/lib/python3.8/site-packages/airflow/example_dags/example_datasets.py
[2023-11-26T17:53:35.913+0000] {processor.py:829} INFO - Processing file /home/airflow/.local/lib/python3.8/site-packages/airflow/example_dags/example_datasets.py for tasks to queue
[2023-11-26T17:53:35.918+0000] {logging_mixin.py:154} INFO - [2023-11-26T17:53:35.918+0000] {dagbag.py:536} INFO - Filling up the DagBag from /home/airflow/.local/lib/python3.8/site-packages/airflow/example_dags/example_datasets.py
[2023-11-26T17:53:35.950+0000] {processor.py:839} INFO - DAG(s) dict_keys(['dataset_consumes_unknown_never_scheduled', 'dataset_consumes_1', 'dataset_produces_1', 'dataset_consumes_1_never_scheduled', 'dataset_produces_2', 'dataset_consumes_1_and_2']) retrieved from /home/airflow/.local/lib/python3.8/site-packages/airflow/example_dags/example_datasets.py
[2023-11-26T17:53:36.054+0000] {logging_mixin.py:154} INFO - [2023-11-26T17:53:36.054+0000] {dag.py:2941} INFO - Sync 6 DAGs
[2023-11-26T17:53:36.119+0000] {logging_mixin.py:154} INFO - [2023-11-26T17:53:36.118+0000] {dag.py:3722} INFO - Setting next_dagrun for dataset_consumes_1 to None, run_after=None
[2023-11-26T17:53:36.131+0000] {logging_mixin.py:154} INFO - [2023-11-26T17:53:36.130+0000] {dag.py:3722} INFO - Setting next_dagrun for dataset_consumes_1_and_2 to None, run_after=None
[2023-11-26T17:53:36.135+0000] {logging_mixin.py:154} INFO - [2023-11-26T17:53:36.135+0000] {dag.py:3722} INFO - Setting next_dagrun for dataset_consumes_1_never_scheduled to None, run_after=None
[2023-11-26T17:53:36.149+0000] {logging_mixin.py:154} INFO - [2023-11-26T17:53:36.148+0000] {dag.py:3722} INFO - Setting next_dagrun for dataset_consumes_unknown_never_scheduled to None, run_after=None
[2023-11-26T17:53:36.172+0000] {logging_mixin.py:154} INFO - [2023-11-26T17:53:36.172+0000] {dag.py:3722} INFO - Setting next_dagrun for dataset_produces_1 to 2023-11-25T00:00:00+00:00, run_after=2023-11-26T00:00:00+00:00
[2023-11-26T17:53:36.177+0000] {logging_mixin.py:154} INFO - [2023-11-26T17:53:36.177+0000] {dag.py:3722} INFO - Setting next_dagrun for dataset_produces_2 to None, run_after=None
[2023-11-26T17:53:36.689+0000] {processor.py:179} INFO - Processing /home/airflow/.local/lib/python3.8/site-packages/airflow/example_dags/example_datasets.py took 0.793 seconds
[2023-11-26T17:54:08.525+0000] {processor.py:157} INFO - Started process (PID=883) to work on /home/airflow/.local/lib/python3.8/site-packages/airflow/example_dags/example_datasets.py
[2023-11-26T17:54:08.528+0000] {processor.py:829} INFO - Processing file /home/airflow/.local/lib/python3.8/site-packages/airflow/example_dags/example_datasets.py for tasks to queue
[2023-11-26T17:54:08.538+0000] {logging_mixin.py:154} INFO - [2023-11-26T17:54:08.538+0000] {dagbag.py:536} INFO - Filling up the DagBag from /home/airflow/.local/lib/python3.8/site-packages/airflow/example_dags/example_datasets.py
[2023-11-26T17:54:08.567+0000] {processor.py:839} INFO - DAG(s) dict_keys(['dataset_consumes_1_never_scheduled', 'dataset_produces_1', 'dataset_consumes_1', 'dataset_consumes_1_and_2', 'dataset_produces_2', 'dataset_consumes_unknown_never_scheduled']) retrieved from /home/airflow/.local/lib/python3.8/site-packages/airflow/example_dags/example_datasets.py
[2023-11-26T17:54:09.671+0000] {logging_mixin.py:154} INFO - [2023-11-26T17:54:09.670+0000] {dag.py:2941} INFO - Sync 6 DAGs
[2023-11-26T17:54:10.185+0000] {logging_mixin.py:154} INFO - [2023-11-26T17:54:10.184+0000] {dag.py:3722} INFO - Setting next_dagrun for dataset_consumes_1 to None, run_after=None
[2023-11-26T17:54:10.262+0000] {logging_mixin.py:154} INFO - [2023-11-26T17:54:10.205+0000] {dag.py:3722} INFO - Setting next_dagrun for dataset_consumes_1_and_2 to None, run_after=None
[2023-11-26T17:54:10.287+0000] {logging_mixin.py:154} INFO - [2023-11-26T17:54:10.287+0000] {dag.py:3722} INFO - Setting next_dagrun for dataset_consumes_1_never_scheduled to None, run_after=None
[2023-11-26T17:54:10.407+0000] {logging_mixin.py:154} INFO - [2023-11-26T17:54:10.407+0000] {dag.py:3722} INFO - Setting next_dagrun for dataset_consumes_unknown_never_scheduled to None, run_after=None
[2023-11-26T17:54:10.417+0000] {logging_mixin.py:154} INFO - [2023-11-26T17:54:10.416+0000] {dag.py:3722} INFO - Setting next_dagrun for dataset_produces_1 to 2023-11-25T00:00:00+00:00, run_after=2023-11-26T00:00:00+00:00
[2023-11-26T17:54:10.433+0000] {logging_mixin.py:154} INFO - [2023-11-26T17:54:10.433+0000] {dag.py:3722} INFO - Setting next_dagrun for dataset_produces_2 to None, run_after=None
[2023-11-26T17:54:10.778+0000] {processor.py:179} INFO - Processing /home/airflow/.local/lib/python3.8/site-packages/airflow/example_dags/example_datasets.py took 2.261 seconds
[2023-11-26T17:54:44.523+0000] {processor.py:157} INFO - Started process (PID=937) to work on /home/airflow/.local/lib/python3.8/site-packages/airflow/example_dags/example_datasets.py
[2023-11-26T17:54:44.528+0000] {processor.py:829} INFO - Processing file /home/airflow/.local/lib/python3.8/site-packages/airflow/example_dags/example_datasets.py for tasks to queue
[2023-11-26T17:54:44.548+0000] {logging_mixin.py:154} INFO - [2023-11-26T17:54:44.546+0000] {dagbag.py:536} INFO - Filling up the DagBag from /home/airflow/.local/lib/python3.8/site-packages/airflow/example_dags/example_datasets.py
[2023-11-26T17:54:44.715+0000] {processor.py:839} INFO - DAG(s) dict_keys(['dataset_consumes_unknown_never_scheduled', 'dataset_consumes_1', 'dataset_produces_2', 'dataset_produces_1', 'dataset_consumes_1_and_2', 'dataset_consumes_1_never_scheduled']) retrieved from /home/airflow/.local/lib/python3.8/site-packages/airflow/example_dags/example_datasets.py
[2023-11-26T17:54:45.263+0000] {logging_mixin.py:154} INFO - [2023-11-26T17:54:45.262+0000] {dag.py:2941} INFO - Sync 6 DAGs
[2023-11-26T17:54:45.426+0000] {logging_mixin.py:154} INFO - [2023-11-26T17:54:45.426+0000] {dag.py:3722} INFO - Setting next_dagrun for dataset_consumes_1 to None, run_after=None
[2023-11-26T17:54:45.450+0000] {logging_mixin.py:154} INFO - [2023-11-26T17:54:45.449+0000] {dag.py:3722} INFO - Setting next_dagrun for dataset_consumes_1_and_2 to None, run_after=None
[2023-11-26T17:54:45.455+0000] {logging_mixin.py:154} INFO - [2023-11-26T17:54:45.454+0000] {dag.py:3722} INFO - Setting next_dagrun for dataset_consumes_1_never_scheduled to None, run_after=None
[2023-11-26T17:54:45.463+0000] {logging_mixin.py:154} INFO - [2023-11-26T17:54:45.462+0000] {dag.py:3722} INFO - Setting next_dagrun for dataset_consumes_unknown_never_scheduled to None, run_after=None
[2023-11-26T17:54:45.477+0000] {logging_mixin.py:154} INFO - [2023-11-26T17:54:45.476+0000] {dag.py:3722} INFO - Setting next_dagrun for dataset_produces_1 to 2023-11-25T00:00:00+00:00, run_after=2023-11-26T00:00:00+00:00
[2023-11-26T17:54:45.481+0000] {logging_mixin.py:154} INFO - [2023-11-26T17:54:45.481+0000] {dag.py:3722} INFO - Setting next_dagrun for dataset_produces_2 to None, run_after=None
[2023-11-26T17:54:45.702+0000] {processor.py:179} INFO - Processing /home/airflow/.local/lib/python3.8/site-packages/airflow/example_dags/example_datasets.py took 1.282 seconds
[2023-11-26T17:55:15.926+0000] {processor.py:157} INFO - Started process (PID=992) to work on /home/airflow/.local/lib/python3.8/site-packages/airflow/example_dags/example_datasets.py
[2023-11-26T17:55:15.929+0000] {processor.py:829} INFO - Processing file /home/airflow/.local/lib/python3.8/site-packages/airflow/example_dags/example_datasets.py for tasks to queue
[2023-11-26T17:55:15.935+0000] {logging_mixin.py:154} INFO - [2023-11-26T17:55:15.934+0000] {dagbag.py:536} INFO - Filling up the DagBag from /home/airflow/.local/lib/python3.8/site-packages/airflow/example_dags/example_datasets.py
[2023-11-26T17:55:15.961+0000] {processor.py:839} INFO - DAG(s) dict_keys(['dataset_produces_2', 'dataset_consumes_1', 'dataset_consumes_unknown_never_scheduled', 'dataset_consumes_1_never_scheduled', 'dataset_consumes_1_and_2', 'dataset_produces_1']) retrieved from /home/airflow/.local/lib/python3.8/site-packages/airflow/example_dags/example_datasets.py
[2023-11-26T17:55:16.066+0000] {logging_mixin.py:154} INFO - [2023-11-26T17:55:16.066+0000] {dag.py:2941} INFO - Sync 6 DAGs
[2023-11-26T17:55:16.133+0000] {logging_mixin.py:154} INFO - [2023-11-26T17:55:16.132+0000] {dag.py:3722} INFO - Setting next_dagrun for dataset_consumes_1 to None, run_after=None
[2023-11-26T17:55:16.518+0000] {logging_mixin.py:154} INFO - [2023-11-26T17:55:16.517+0000] {dag.py:3722} INFO - Setting next_dagrun for dataset_consumes_1_and_2 to None, run_after=None
[2023-11-26T17:55:16.533+0000] {logging_mixin.py:154} INFO - [2023-11-26T17:55:16.533+0000] {dag.py:3722} INFO - Setting next_dagrun for dataset_consumes_1_never_scheduled to None, run_after=None
[2023-11-26T17:55:16.537+0000] {logging_mixin.py:154} INFO - [2023-11-26T17:55:16.536+0000] {dag.py:3722} INFO - Setting next_dagrun for dataset_consumes_unknown_never_scheduled to None, run_after=None
[2023-11-26T17:55:16.545+0000] {logging_mixin.py:154} INFO - [2023-11-26T17:55:16.545+0000] {dag.py:3722} INFO - Setting next_dagrun for dataset_produces_1 to 2023-11-25T00:00:00+00:00, run_after=2023-11-26T00:00:00+00:00
[2023-11-26T17:55:16.549+0000] {logging_mixin.py:154} INFO - [2023-11-26T17:55:16.548+0000] {dag.py:3722} INFO - Setting next_dagrun for dataset_produces_2 to None, run_after=None
[2023-11-26T17:55:16.624+0000] {processor.py:179} INFO - Processing /home/airflow/.local/lib/python3.8/site-packages/airflow/example_dags/example_datasets.py took 0.705 seconds
[2023-11-26T17:55:46.720+0000] {processor.py:157} INFO - Started process (PID=1046) to work on /home/airflow/.local/lib/python3.8/site-packages/airflow/example_dags/example_datasets.py
[2023-11-26T17:55:46.722+0000] {processor.py:829} INFO - Processing file /home/airflow/.local/lib/python3.8/site-packages/airflow/example_dags/example_datasets.py for tasks to queue
[2023-11-26T17:55:46.732+0000] {logging_mixin.py:154} INFO - [2023-11-26T17:55:46.732+0000] {dagbag.py:536} INFO - Filling up the DagBag from /home/airflow/.local/lib/python3.8/site-packages/airflow/example_dags/example_datasets.py
[2023-11-26T17:55:46.758+0000] {processor.py:839} INFO - DAG(s) dict_keys(['dataset_produces_1', 'dataset_consumes_unknown_never_scheduled', 'dataset_consumes_1_never_scheduled', 'dataset_consumes_1', 'dataset_produces_2', 'dataset_consumes_1_and_2']) retrieved from /home/airflow/.local/lib/python3.8/site-packages/airflow/example_dags/example_datasets.py
[2023-11-26T17:55:46.860+0000] {logging_mixin.py:154} INFO - [2023-11-26T17:55:46.859+0000] {dag.py:2941} INFO - Sync 6 DAGs
[2023-11-26T17:55:46.923+0000] {logging_mixin.py:154} INFO - [2023-11-26T17:55:46.923+0000] {dag.py:3722} INFO - Setting next_dagrun for dataset_consumes_1 to None, run_after=None
[2023-11-26T17:55:46.933+0000] {logging_mixin.py:154} INFO - [2023-11-26T17:55:46.933+0000] {dag.py:3722} INFO - Setting next_dagrun for dataset_consumes_1_and_2 to None, run_after=None
[2023-11-26T17:55:46.937+0000] {logging_mixin.py:154} INFO - [2023-11-26T17:55:46.937+0000] {dag.py:3722} INFO - Setting next_dagrun for dataset_consumes_1_never_scheduled to None, run_after=None
[2023-11-26T17:55:46.942+0000] {logging_mixin.py:154} INFO - [2023-11-26T17:55:46.941+0000] {dag.py:3722} INFO - Setting next_dagrun for dataset_consumes_unknown_never_scheduled to None, run_after=None
[2023-11-26T17:55:46.956+0000] {logging_mixin.py:154} INFO - [2023-11-26T17:55:46.953+0000] {dag.py:3722} INFO - Setting next_dagrun for dataset_produces_1 to 2023-11-25T00:00:00+00:00, run_after=2023-11-26T00:00:00+00:00
[2023-11-26T17:55:46.960+0000] {logging_mixin.py:154} INFO - [2023-11-26T17:55:46.960+0000] {dag.py:3722} INFO - Setting next_dagrun for dataset_produces_2 to None, run_after=None
[2023-11-26T17:55:47.076+0000] {processor.py:179} INFO - Processing /home/airflow/.local/lib/python3.8/site-packages/airflow/example_dags/example_datasets.py took 0.364 seconds
[2023-11-26T17:56:17.243+0000] {processor.py:157} INFO - Started process (PID=1101) to work on /home/airflow/.local/lib/python3.8/site-packages/airflow/example_dags/example_datasets.py
[2023-11-26T17:56:17.245+0000] {processor.py:829} INFO - Processing file /home/airflow/.local/lib/python3.8/site-packages/airflow/example_dags/example_datasets.py for tasks to queue
[2023-11-26T17:56:17.251+0000] {logging_mixin.py:154} INFO - [2023-11-26T17:56:17.250+0000] {dagbag.py:536} INFO - Filling up the DagBag from /home/airflow/.local/lib/python3.8/site-packages/airflow/example_dags/example_datasets.py
[2023-11-26T17:56:17.276+0000] {processor.py:839} INFO - DAG(s) dict_keys(['dataset_consumes_unknown_never_scheduled', 'dataset_produces_2', 'dataset_produces_1', 'dataset_consumes_1_never_scheduled', 'dataset_consumes_1_and_2', 'dataset_consumes_1']) retrieved from /home/airflow/.local/lib/python3.8/site-packages/airflow/example_dags/example_datasets.py
[2023-11-26T17:56:17.374+0000] {logging_mixin.py:154} INFO - [2023-11-26T17:56:17.373+0000] {dag.py:2941} INFO - Sync 6 DAGs
[2023-11-26T17:56:17.441+0000] {logging_mixin.py:154} INFO - [2023-11-26T17:56:17.441+0000] {dag.py:3722} INFO - Setting next_dagrun for dataset_consumes_1 to None, run_after=None
[2023-11-26T17:56:17.451+0000] {logging_mixin.py:154} INFO - [2023-11-26T17:56:17.450+0000] {dag.py:3722} INFO - Setting next_dagrun for dataset_consumes_1_and_2 to None, run_after=None
[2023-11-26T17:56:17.458+0000] {logging_mixin.py:154} INFO - [2023-11-26T17:56:17.457+0000] {dag.py:3722} INFO - Setting next_dagrun for dataset_consumes_1_never_scheduled to None, run_after=None
[2023-11-26T17:56:17.461+0000] {logging_mixin.py:154} INFO - [2023-11-26T17:56:17.461+0000] {dag.py:3722} INFO - Setting next_dagrun for dataset_consumes_unknown_never_scheduled to None, run_after=None
[2023-11-26T17:56:17.473+0000] {logging_mixin.py:154} INFO - [2023-11-26T17:56:17.473+0000] {dag.py:3722} INFO - Setting next_dagrun for dataset_produces_1 to 2023-11-25T00:00:00+00:00, run_after=2023-11-26T00:00:00+00:00
[2023-11-26T17:56:17.477+0000] {logging_mixin.py:154} INFO - [2023-11-26T17:56:17.477+0000] {dag.py:3722} INFO - Setting next_dagrun for dataset_produces_2 to None, run_after=None
[2023-11-26T17:56:17.562+0000] {processor.py:179} INFO - Processing /home/airflow/.local/lib/python3.8/site-packages/airflow/example_dags/example_datasets.py took 0.326 seconds
[2023-11-26T17:56:49.172+0000] {processor.py:157} INFO - Started process (PID=1155) to work on /home/airflow/.local/lib/python3.8/site-packages/airflow/example_dags/example_datasets.py
[2023-11-26T17:56:49.270+0000] {processor.py:829} INFO - Processing file /home/airflow/.local/lib/python3.8/site-packages/airflow/example_dags/example_datasets.py for tasks to queue
[2023-11-26T17:56:49.290+0000] {logging_mixin.py:154} INFO - [2023-11-26T17:56:49.288+0000] {dagbag.py:536} INFO - Filling up the DagBag from /home/airflow/.local/lib/python3.8/site-packages/airflow/example_dags/example_datasets.py
[2023-11-26T17:56:49.375+0000] {processor.py:839} INFO - DAG(s) dict_keys(['dataset_consumes_unknown_never_scheduled', 'dataset_consumes_1', 'dataset_consumes_1_never_scheduled', 'dataset_produces_1', 'dataset_produces_2', 'dataset_consumes_1_and_2']) retrieved from /home/airflow/.local/lib/python3.8/site-packages/airflow/example_dags/example_datasets.py
[2023-11-26T17:56:49.949+0000] {logging_mixin.py:154} INFO - [2023-11-26T17:56:49.948+0000] {dag.py:2941} INFO - Sync 6 DAGs
[2023-11-26T17:56:50.153+0000] {logging_mixin.py:154} INFO - [2023-11-26T17:56:50.152+0000] {dag.py:3722} INFO - Setting next_dagrun for dataset_consumes_1 to None, run_after=None
[2023-11-26T17:56:50.165+0000] {logging_mixin.py:154} INFO - [2023-11-26T17:56:50.165+0000] {dag.py:3722} INFO - Setting next_dagrun for dataset_consumes_1_and_2 to None, run_after=None
[2023-11-26T17:56:50.169+0000] {logging_mixin.py:154} INFO - [2023-11-26T17:56:50.169+0000] {dag.py:3722} INFO - Setting next_dagrun for dataset_consumes_1_never_scheduled to None, run_after=None
[2023-11-26T17:56:50.174+0000] {logging_mixin.py:154} INFO - [2023-11-26T17:56:50.174+0000] {dag.py:3722} INFO - Setting next_dagrun for dataset_consumes_unknown_never_scheduled to None, run_after=None
[2023-11-26T17:56:50.183+0000] {logging_mixin.py:154} INFO - [2023-11-26T17:56:50.182+0000] {dag.py:3722} INFO - Setting next_dagrun for dataset_produces_1 to 2023-11-25T00:00:00+00:00, run_after=2023-11-26T00:00:00+00:00
[2023-11-26T17:56:50.188+0000] {logging_mixin.py:154} INFO - [2023-11-26T17:56:50.187+0000] {dag.py:3722} INFO - Setting next_dagrun for dataset_produces_2 to None, run_after=None
[2023-11-26T17:56:50.335+0000] {processor.py:179} INFO - Processing /home/airflow/.local/lib/python3.8/site-packages/airflow/example_dags/example_datasets.py took 1.183 seconds
[2023-11-26T17:57:20.729+0000] {processor.py:157} INFO - Started process (PID=1210) to work on /home/airflow/.local/lib/python3.8/site-packages/airflow/example_dags/example_datasets.py
[2023-11-26T17:57:20.733+0000] {processor.py:829} INFO - Processing file /home/airflow/.local/lib/python3.8/site-packages/airflow/example_dags/example_datasets.py for tasks to queue
[2023-11-26T17:57:20.744+0000] {logging_mixin.py:154} INFO - [2023-11-26T17:57:20.743+0000] {dagbag.py:536} INFO - Filling up the DagBag from /home/airflow/.local/lib/python3.8/site-packages/airflow/example_dags/example_datasets.py
[2023-11-26T17:57:20.783+0000] {processor.py:839} INFO - DAG(s) dict_keys(['dataset_consumes_1', 'dataset_consumes_1_and_2', 'dataset_consumes_unknown_never_scheduled', 'dataset_produces_2', 'dataset_produces_1', 'dataset_consumes_1_never_scheduled']) retrieved from /home/airflow/.local/lib/python3.8/site-packages/airflow/example_dags/example_datasets.py
[2023-11-26T17:57:20.913+0000] {logging_mixin.py:154} INFO - [2023-11-26T17:57:20.913+0000] {dag.py:2941} INFO - Sync 6 DAGs
[2023-11-26T17:57:22.352+0000] {logging_mixin.py:154} INFO - [2023-11-26T17:57:22.351+0000] {dag.py:3722} INFO - Setting next_dagrun for dataset_consumes_1 to None, run_after=None
[2023-11-26T17:57:22.463+0000] {logging_mixin.py:154} INFO - [2023-11-26T17:57:22.463+0000] {dag.py:3722} INFO - Setting next_dagrun for dataset_consumes_1_and_2 to None, run_after=None
[2023-11-26T17:57:22.475+0000] {logging_mixin.py:154} INFO - [2023-11-26T17:57:22.474+0000] {dag.py:3722} INFO - Setting next_dagrun for dataset_consumes_1_never_scheduled to None, run_after=None
[2023-11-26T17:57:22.482+0000] {logging_mixin.py:154} INFO - [2023-11-26T17:57:22.481+0000] {dag.py:3722} INFO - Setting next_dagrun for dataset_consumes_unknown_never_scheduled to None, run_after=None
[2023-11-26T17:57:22.497+0000] {logging_mixin.py:154} INFO - [2023-11-26T17:57:22.496+0000] {dag.py:3722} INFO - Setting next_dagrun for dataset_produces_1 to 2023-11-25T00:00:00+00:00, run_after=2023-11-26T00:00:00+00:00
[2023-11-26T17:57:22.501+0000] {logging_mixin.py:154} INFO - [2023-11-26T17:57:22.500+0000] {dag.py:3722} INFO - Setting next_dagrun for dataset_produces_2 to None, run_after=None
[2023-11-26T17:57:22.615+0000] {processor.py:179} INFO - Processing /home/airflow/.local/lib/python3.8/site-packages/airflow/example_dags/example_datasets.py took 1.898 seconds
[2023-11-26T17:58:02.589+0000] {processor.py:157} INFO - Started process (PID=1263) to work on /home/airflow/.local/lib/python3.8/site-packages/airflow/example_dags/example_datasets.py
[2023-11-26T17:58:02.591+0000] {processor.py:829} INFO - Processing file /home/airflow/.local/lib/python3.8/site-packages/airflow/example_dags/example_datasets.py for tasks to queue
[2023-11-26T17:58:02.597+0000] {logging_mixin.py:154} INFO - [2023-11-26T17:58:02.596+0000] {dagbag.py:536} INFO - Filling up the DagBag from /home/airflow/.local/lib/python3.8/site-packages/airflow/example_dags/example_datasets.py
[2023-11-26T17:58:02.652+0000] {processor.py:839} INFO - DAG(s) dict_keys(['dataset_produces_2', 'dataset_consumes_unknown_never_scheduled', 'dataset_produces_1', 'dataset_consumes_1', 'dataset_consumes_1_never_scheduled', 'dataset_consumes_1_and_2']) retrieved from /home/airflow/.local/lib/python3.8/site-packages/airflow/example_dags/example_datasets.py
[2023-11-26T17:58:02.821+0000] {logging_mixin.py:154} INFO - [2023-11-26T17:58:02.821+0000] {dag.py:2941} INFO - Sync 6 DAGs
[2023-11-26T17:58:02.900+0000] {logging_mixin.py:154} INFO - [2023-11-26T17:58:02.899+0000] {dag.py:3722} INFO - Setting next_dagrun for dataset_consumes_1 to None, run_after=None
[2023-11-26T17:58:02.913+0000] {logging_mixin.py:154} INFO - [2023-11-26T17:58:02.912+0000] {dag.py:3722} INFO - Setting next_dagrun for dataset_consumes_1_and_2 to None, run_after=None
[2023-11-26T17:58:02.916+0000] {logging_mixin.py:154} INFO - [2023-11-26T17:58:02.916+0000] {dag.py:3722} INFO - Setting next_dagrun for dataset_consumes_1_never_scheduled to None, run_after=None
[2023-11-26T17:58:02.928+0000] {logging_mixin.py:154} INFO - [2023-11-26T17:58:02.927+0000] {dag.py:3722} INFO - Setting next_dagrun for dataset_consumes_unknown_never_scheduled to None, run_after=None
[2023-11-26T17:58:02.950+0000] {logging_mixin.py:154} INFO - [2023-11-26T17:58:02.947+0000] {dag.py:3722} INFO - Setting next_dagrun for dataset_produces_1 to 2023-11-25T00:00:00+00:00, run_after=2023-11-26T00:00:00+00:00
[2023-11-26T17:58:02.957+0000] {logging_mixin.py:154} INFO - [2023-11-26T17:58:02.957+0000] {dag.py:3722} INFO - Setting next_dagrun for dataset_produces_2 to None, run_after=None
[2023-11-26T17:58:03.801+0000] {processor.py:179} INFO - Processing /home/airflow/.local/lib/python3.8/site-packages/airflow/example_dags/example_datasets.py took 1.239 seconds
[2023-11-26T17:58:34.591+0000] {processor.py:157} INFO - Started process (PID=1315) to work on /home/airflow/.local/lib/python3.8/site-packages/airflow/example_dags/example_datasets.py
[2023-11-26T17:58:34.594+0000] {processor.py:829} INFO - Processing file /home/airflow/.local/lib/python3.8/site-packages/airflow/example_dags/example_datasets.py for tasks to queue
[2023-11-26T17:58:34.607+0000] {logging_mixin.py:154} INFO - [2023-11-26T17:58:34.607+0000] {dagbag.py:536} INFO - Filling up the DagBag from /home/airflow/.local/lib/python3.8/site-packages/airflow/example_dags/example_datasets.py
[2023-11-26T17:58:34.761+0000] {processor.py:839} INFO - DAG(s) dict_keys(['dataset_consumes_1_never_scheduled', 'dataset_consumes_1', 'dataset_consumes_unknown_never_scheduled', 'dataset_produces_1', 'dataset_consumes_1_and_2', 'dataset_produces_2']) retrieved from /home/airflow/.local/lib/python3.8/site-packages/airflow/example_dags/example_datasets.py
[2023-11-26T17:58:35.024+0000] {logging_mixin.py:154} INFO - [2023-11-26T17:58:35.024+0000] {dag.py:2941} INFO - Sync 6 DAGs
[2023-11-26T17:58:35.244+0000] {logging_mixin.py:154} INFO - [2023-11-26T17:58:35.244+0000] {dag.py:3722} INFO - Setting next_dagrun for dataset_consumes_1 to None, run_after=None
[2023-11-26T17:58:35.259+0000] {logging_mixin.py:154} INFO - [2023-11-26T17:58:35.259+0000] {dag.py:3722} INFO - Setting next_dagrun for dataset_consumes_1_and_2 to None, run_after=None
[2023-11-26T17:58:35.317+0000] {logging_mixin.py:154} INFO - [2023-11-26T17:58:35.317+0000] {dag.py:3722} INFO - Setting next_dagrun for dataset_consumes_1_never_scheduled to None, run_after=None
[2023-11-26T17:58:35.348+0000] {logging_mixin.py:154} INFO - [2023-11-26T17:58:35.348+0000] {dag.py:3722} INFO - Setting next_dagrun for dataset_consumes_unknown_never_scheduled to None, run_after=None
[2023-11-26T17:58:35.372+0000] {logging_mixin.py:154} INFO - [2023-11-26T17:58:35.372+0000] {dag.py:3722} INFO - Setting next_dagrun for dataset_produces_1 to 2023-11-25T00:00:00+00:00, run_after=2023-11-26T00:00:00+00:00
[2023-11-26T17:58:35.452+0000] {logging_mixin.py:154} INFO - [2023-11-26T17:58:35.452+0000] {dag.py:3722} INFO - Setting next_dagrun for dataset_produces_2 to None, run_after=None
[2023-11-26T17:58:35.573+0000] {processor.py:179} INFO - Processing /home/airflow/.local/lib/python3.8/site-packages/airflow/example_dags/example_datasets.py took 1.139 seconds
[2023-11-26T17:59:05.753+0000] {processor.py:157} INFO - Started process (PID=1368) to work on /home/airflow/.local/lib/python3.8/site-packages/airflow/example_dags/example_datasets.py
[2023-11-26T17:59:05.762+0000] {processor.py:829} INFO - Processing file /home/airflow/.local/lib/python3.8/site-packages/airflow/example_dags/example_datasets.py for tasks to queue
[2023-11-26T17:59:05.772+0000] {logging_mixin.py:154} INFO - [2023-11-26T17:59:05.770+0000] {dagbag.py:536} INFO - Filling up the DagBag from /home/airflow/.local/lib/python3.8/site-packages/airflow/example_dags/example_datasets.py
[2023-11-26T17:59:05.809+0000] {processor.py:839} INFO - DAG(s) dict_keys(['dataset_consumes_1_never_scheduled', 'dataset_consumes_unknown_never_scheduled', 'dataset_produces_1', 'dataset_consumes_1_and_2', 'dataset_consumes_1', 'dataset_produces_2']) retrieved from /home/airflow/.local/lib/python3.8/site-packages/airflow/example_dags/example_datasets.py
[2023-11-26T17:59:05.901+0000] {logging_mixin.py:154} INFO - [2023-11-26T17:59:05.901+0000] {dag.py:2941} INFO - Sync 6 DAGs
[2023-11-26T17:59:06.334+0000] {logging_mixin.py:154} INFO - [2023-11-26T17:59:06.333+0000] {dag.py:3722} INFO - Setting next_dagrun for dataset_consumes_1 to None, run_after=None
[2023-11-26T17:59:06.356+0000] {logging_mixin.py:154} INFO - [2023-11-26T17:59:06.355+0000] {dag.py:3722} INFO - Setting next_dagrun for dataset_consumes_1_and_2 to None, run_after=None
[2023-11-26T17:59:06.362+0000] {logging_mixin.py:154} INFO - [2023-11-26T17:59:06.362+0000] {dag.py:3722} INFO - Setting next_dagrun for dataset_consumes_1_never_scheduled to None, run_after=None
[2023-11-26T17:59:06.384+0000] {logging_mixin.py:154} INFO - [2023-11-26T17:59:06.383+0000] {dag.py:3722} INFO - Setting next_dagrun for dataset_consumes_unknown_never_scheduled to None, run_after=None
[2023-11-26T17:59:06.399+0000] {logging_mixin.py:154} INFO - [2023-11-26T17:59:06.399+0000] {dag.py:3722} INFO - Setting next_dagrun for dataset_produces_1 to 2023-11-25T00:00:00+00:00, run_after=2023-11-26T00:00:00+00:00
[2023-11-26T17:59:06.438+0000] {logging_mixin.py:154} INFO - [2023-11-26T17:59:06.438+0000] {dag.py:3722} INFO - Setting next_dagrun for dataset_produces_2 to None, run_after=None
[2023-11-26T17:59:06.841+0000] {processor.py:179} INFO - Processing /home/airflow/.local/lib/python3.8/site-packages/airflow/example_dags/example_datasets.py took 1.105 seconds
[2023-11-26T17:59:37.673+0000] {processor.py:157} INFO - Started process (PID=1422) to work on /home/airflow/.local/lib/python3.8/site-packages/airflow/example_dags/example_datasets.py
[2023-11-26T17:59:37.675+0000] {processor.py:829} INFO - Processing file /home/airflow/.local/lib/python3.8/site-packages/airflow/example_dags/example_datasets.py for tasks to queue
[2023-11-26T17:59:37.680+0000] {logging_mixin.py:154} INFO - [2023-11-26T17:59:37.679+0000] {dagbag.py:536} INFO - Filling up the DagBag from /home/airflow/.local/lib/python3.8/site-packages/airflow/example_dags/example_datasets.py
[2023-11-26T17:59:37.705+0000] {processor.py:839} INFO - DAG(s) dict_keys(['dataset_consumes_1_never_scheduled', 'dataset_consumes_1_and_2', 'dataset_consumes_unknown_never_scheduled', 'dataset_produces_1', 'dataset_consumes_1', 'dataset_produces_2']) retrieved from /home/airflow/.local/lib/python3.8/site-packages/airflow/example_dags/example_datasets.py
[2023-11-26T17:59:37.840+0000] {logging_mixin.py:154} INFO - [2023-11-26T17:59:37.839+0000] {dag.py:2941} INFO - Sync 6 DAGs
[2023-11-26T17:59:38.260+0000] {logging_mixin.py:154} INFO - [2023-11-26T17:59:38.259+0000] {dag.py:3722} INFO - Setting next_dagrun for dataset_consumes_1 to None, run_after=None
[2023-11-26T17:59:38.266+0000] {logging_mixin.py:154} INFO - [2023-11-26T17:59:38.266+0000] {dag.py:3722} INFO - Setting next_dagrun for dataset_consumes_1_and_2 to None, run_after=None
[2023-11-26T17:59:38.272+0000] {logging_mixin.py:154} INFO - [2023-11-26T17:59:38.271+0000] {dag.py:3722} INFO - Setting next_dagrun for dataset_consumes_1_never_scheduled to None, run_after=None
[2023-11-26T17:59:38.275+0000] {logging_mixin.py:154} INFO - [2023-11-26T17:59:38.275+0000] {dag.py:3722} INFO - Setting next_dagrun for dataset_consumes_unknown_never_scheduled to None, run_after=None
[2023-11-26T17:59:38.283+0000] {logging_mixin.py:154} INFO - [2023-11-26T17:59:38.283+0000] {dag.py:3722} INFO - Setting next_dagrun for dataset_produces_1 to 2023-11-25T00:00:00+00:00, run_after=2023-11-26T00:00:00+00:00
[2023-11-26T17:59:38.288+0000] {logging_mixin.py:154} INFO - [2023-11-26T17:59:38.288+0000] {dag.py:3722} INFO - Setting next_dagrun for dataset_produces_2 to None, run_after=None
[2023-11-26T17:59:38.365+0000] {processor.py:179} INFO - Processing /home/airflow/.local/lib/python3.8/site-packages/airflow/example_dags/example_datasets.py took 0.699 seconds
[2023-11-26T18:00:09.515+0000] {processor.py:157} INFO - Started process (PID=1476) to work on /home/airflow/.local/lib/python3.8/site-packages/airflow/example_dags/example_datasets.py
[2023-11-26T18:00:09.530+0000] {processor.py:829} INFO - Processing file /home/airflow/.local/lib/python3.8/site-packages/airflow/example_dags/example_datasets.py for tasks to queue
[2023-11-26T18:00:09.540+0000] {logging_mixin.py:154} INFO - [2023-11-26T18:00:09.539+0000] {dagbag.py:536} INFO - Filling up the DagBag from /home/airflow/.local/lib/python3.8/site-packages/airflow/example_dags/example_datasets.py
[2023-11-26T18:00:09.597+0000] {processor.py:839} INFO - DAG(s) dict_keys(['dataset_consumes_1_and_2', 'dataset_produces_1', 'dataset_produces_2', 'dataset_consumes_unknown_never_scheduled', 'dataset_consumes_1', 'dataset_consumes_1_never_scheduled']) retrieved from /home/airflow/.local/lib/python3.8/site-packages/airflow/example_dags/example_datasets.py
[2023-11-26T18:00:09.721+0000] {logging_mixin.py:154} INFO - [2023-11-26T18:00:09.720+0000] {dag.py:2941} INFO - Sync 6 DAGs
[2023-11-26T18:00:09.786+0000] {logging_mixin.py:154} INFO - [2023-11-26T18:00:09.786+0000] {dag.py:3722} INFO - Setting next_dagrun for dataset_consumes_1 to None, run_after=None
[2023-11-26T18:00:09.796+0000] {logging_mixin.py:154} INFO - [2023-11-26T18:00:09.796+0000] {dag.py:3722} INFO - Setting next_dagrun for dataset_consumes_1_and_2 to None, run_after=None
[2023-11-26T18:00:09.801+0000] {logging_mixin.py:154} INFO - [2023-11-26T18:00:09.800+0000] {dag.py:3722} INFO - Setting next_dagrun for dataset_consumes_1_never_scheduled to None, run_after=None
[2023-11-26T18:00:09.806+0000] {logging_mixin.py:154} INFO - [2023-11-26T18:00:09.806+0000] {dag.py:3722} INFO - Setting next_dagrun for dataset_consumes_unknown_never_scheduled to None, run_after=None
[2023-11-26T18:00:09.818+0000] {logging_mixin.py:154} INFO - [2023-11-26T18:00:09.817+0000] {dag.py:3722} INFO - Setting next_dagrun for dataset_produces_1 to 2023-11-25T00:00:00+00:00, run_after=2023-11-26T00:00:00+00:00
[2023-11-26T18:00:09.822+0000] {logging_mixin.py:154} INFO - [2023-11-26T18:00:09.821+0000] {dag.py:3722} INFO - Setting next_dagrun for dataset_produces_2 to None, run_after=None
[2023-11-26T18:00:09.915+0000] {processor.py:179} INFO - Processing /home/airflow/.local/lib/python3.8/site-packages/airflow/example_dags/example_datasets.py took 0.409 seconds
[2023-11-26T18:00:40.087+0000] {processor.py:157} INFO - Started process (PID=1529) to work on /home/airflow/.local/lib/python3.8/site-packages/airflow/example_dags/example_datasets.py
[2023-11-26T18:00:40.089+0000] {processor.py:829} INFO - Processing file /home/airflow/.local/lib/python3.8/site-packages/airflow/example_dags/example_datasets.py for tasks to queue
[2023-11-26T18:00:40.094+0000] {logging_mixin.py:154} INFO - [2023-11-26T18:00:40.094+0000] {dagbag.py:536} INFO - Filling up the DagBag from /home/airflow/.local/lib/python3.8/site-packages/airflow/example_dags/example_datasets.py
[2023-11-26T18:00:40.112+0000] {processor.py:839} INFO - DAG(s) dict_keys(['dataset_consumes_unknown_never_scheduled', 'dataset_produces_2', 'dataset_produces_1', 'dataset_consumes_1_and_2', 'dataset_consumes_1_never_scheduled', 'dataset_consumes_1']) retrieved from /home/airflow/.local/lib/python3.8/site-packages/airflow/example_dags/example_datasets.py
[2023-11-26T18:00:40.211+0000] {logging_mixin.py:154} INFO - [2023-11-26T18:00:40.210+0000] {dag.py:2941} INFO - Sync 6 DAGs
[2023-11-26T18:00:40.295+0000] {logging_mixin.py:154} INFO - [2023-11-26T18:00:40.295+0000] {dag.py:3722} INFO - Setting next_dagrun for dataset_consumes_1 to None, run_after=None
[2023-11-26T18:00:40.306+0000] {logging_mixin.py:154} INFO - [2023-11-26T18:00:40.306+0000] {dag.py:3722} INFO - Setting next_dagrun for dataset_consumes_1_and_2 to None, run_after=None
[2023-11-26T18:00:40.310+0000] {logging_mixin.py:154} INFO - [2023-11-26T18:00:40.310+0000] {dag.py:3722} INFO - Setting next_dagrun for dataset_consumes_1_never_scheduled to None, run_after=None
[2023-11-26T18:00:40.313+0000] {logging_mixin.py:154} INFO - [2023-11-26T18:00:40.313+0000] {dag.py:3722} INFO - Setting next_dagrun for dataset_consumes_unknown_never_scheduled to None, run_after=None
[2023-11-26T18:00:40.325+0000] {logging_mixin.py:154} INFO - [2023-11-26T18:00:40.324+0000] {dag.py:3722} INFO - Setting next_dagrun for dataset_produces_1 to 2023-11-25T00:00:00+00:00, run_after=2023-11-26T00:00:00+00:00
[2023-11-26T18:00:40.329+0000] {logging_mixin.py:154} INFO - [2023-11-26T18:00:40.329+0000] {dag.py:3722} INFO - Setting next_dagrun for dataset_produces_2 to None, run_after=None
[2023-11-26T18:00:40.537+0000] {processor.py:179} INFO - Processing /home/airflow/.local/lib/python3.8/site-packages/airflow/example_dags/example_datasets.py took 0.457 seconds
[2023-11-26T18:01:11.339+0000] {processor.py:157} INFO - Started process (PID=1583) to work on /home/airflow/.local/lib/python3.8/site-packages/airflow/example_dags/example_datasets.py
[2023-11-26T18:01:11.342+0000] {processor.py:829} INFO - Processing file /home/airflow/.local/lib/python3.8/site-packages/airflow/example_dags/example_datasets.py for tasks to queue
[2023-11-26T18:01:11.349+0000] {logging_mixin.py:154} INFO - [2023-11-26T18:01:11.348+0000] {dagbag.py:536} INFO - Filling up the DagBag from /home/airflow/.local/lib/python3.8/site-packages/airflow/example_dags/example_datasets.py
[2023-11-26T18:01:11.426+0000] {processor.py:839} INFO - DAG(s) dict_keys(['dataset_consumes_1_never_scheduled', 'dataset_produces_2', 'dataset_consumes_1', 'dataset_produces_1', 'dataset_consumes_unknown_never_scheduled', 'dataset_consumes_1_and_2']) retrieved from /home/airflow/.local/lib/python3.8/site-packages/airflow/example_dags/example_datasets.py
[2023-11-26T18:01:11.608+0000] {logging_mixin.py:154} INFO - [2023-11-26T18:01:11.608+0000] {dag.py:2941} INFO - Sync 6 DAGs
[2023-11-26T18:01:11.793+0000] {logging_mixin.py:154} INFO - [2023-11-26T18:01:11.793+0000] {dag.py:3722} INFO - Setting next_dagrun for dataset_consumes_1 to None, run_after=None
[2023-11-26T18:01:11.808+0000] {logging_mixin.py:154} INFO - [2023-11-26T18:01:11.807+0000] {dag.py:3722} INFO - Setting next_dagrun for dataset_consumes_1_and_2 to None, run_after=None
[2023-11-26T18:01:11.813+0000] {logging_mixin.py:154} INFO - [2023-11-26T18:01:11.812+0000] {dag.py:3722} INFO - Setting next_dagrun for dataset_consumes_1_never_scheduled to None, run_after=None
[2023-11-26T18:01:11.817+0000] {logging_mixin.py:154} INFO - [2023-11-26T18:01:11.817+0000] {dag.py:3722} INFO - Setting next_dagrun for dataset_consumes_unknown_never_scheduled to None, run_after=None
[2023-11-26T18:01:11.827+0000] {logging_mixin.py:154} INFO - [2023-11-26T18:01:11.827+0000] {dag.py:3722} INFO - Setting next_dagrun for dataset_produces_1 to 2023-11-25T00:00:00+00:00, run_after=2023-11-26T00:00:00+00:00
[2023-11-26T18:01:11.831+0000] {logging_mixin.py:154} INFO - [2023-11-26T18:01:11.831+0000] {dag.py:3722} INFO - Setting next_dagrun for dataset_produces_2 to None, run_after=None
[2023-11-26T18:01:11.924+0000] {processor.py:179} INFO - Processing /home/airflow/.local/lib/python3.8/site-packages/airflow/example_dags/example_datasets.py took 0.594 seconds
[2023-11-26T18:01:42.133+0000] {processor.py:157} INFO - Started process (PID=1637) to work on /home/airflow/.local/lib/python3.8/site-packages/airflow/example_dags/example_datasets.py
[2023-11-26T18:01:42.136+0000] {processor.py:829} INFO - Processing file /home/airflow/.local/lib/python3.8/site-packages/airflow/example_dags/example_datasets.py for tasks to queue
[2023-11-26T18:01:42.142+0000] {logging_mixin.py:154} INFO - [2023-11-26T18:01:42.141+0000] {dagbag.py:536} INFO - Filling up the DagBag from /home/airflow/.local/lib/python3.8/site-packages/airflow/example_dags/example_datasets.py
[2023-11-26T18:01:42.163+0000] {processor.py:839} INFO - DAG(s) dict_keys(['dataset_produces_2', 'dataset_consumes_1', 'dataset_consumes_1_never_scheduled', 'dataset_consumes_1_and_2', 'dataset_produces_1', 'dataset_consumes_unknown_never_scheduled']) retrieved from /home/airflow/.local/lib/python3.8/site-packages/airflow/example_dags/example_datasets.py
[2023-11-26T18:01:42.275+0000] {logging_mixin.py:154} INFO - [2023-11-26T18:01:42.274+0000] {dag.py:2941} INFO - Sync 6 DAGs
[2023-11-26T18:01:42.325+0000] {logging_mixin.py:154} INFO - [2023-11-26T18:01:42.324+0000] {dag.py:3722} INFO - Setting next_dagrun for dataset_consumes_1 to None, run_after=None
[2023-11-26T18:01:42.338+0000] {logging_mixin.py:154} INFO - [2023-11-26T18:01:42.337+0000] {dag.py:3722} INFO - Setting next_dagrun for dataset_consumes_1_and_2 to None, run_after=None
[2023-11-26T18:01:42.341+0000] {logging_mixin.py:154} INFO - [2023-11-26T18:01:42.341+0000] {dag.py:3722} INFO - Setting next_dagrun for dataset_consumes_1_never_scheduled to None, run_after=None
[2023-11-26T18:01:42.345+0000] {logging_mixin.py:154} INFO - [2023-11-26T18:01:42.345+0000] {dag.py:3722} INFO - Setting next_dagrun for dataset_consumes_unknown_never_scheduled to None, run_after=None
[2023-11-26T18:01:42.352+0000] {logging_mixin.py:154} INFO - [2023-11-26T18:01:42.352+0000] {dag.py:3722} INFO - Setting next_dagrun for dataset_produces_1 to 2023-11-25T00:00:00+00:00, run_after=2023-11-26T00:00:00+00:00
[2023-11-26T18:01:42.355+0000] {logging_mixin.py:154} INFO - [2023-11-26T18:01:42.355+0000] {dag.py:3722} INFO - Setting next_dagrun for dataset_produces_2 to None, run_after=None
[2023-11-26T18:01:42.428+0000] {processor.py:179} INFO - Processing /home/airflow/.local/lib/python3.8/site-packages/airflow/example_dags/example_datasets.py took 0.354 seconds
[2023-11-26T18:02:12.564+0000] {processor.py:157} INFO - Started process (PID=1690) to work on /home/airflow/.local/lib/python3.8/site-packages/airflow/example_dags/example_datasets.py
[2023-11-26T18:02:12.566+0000] {processor.py:829} INFO - Processing file /home/airflow/.local/lib/python3.8/site-packages/airflow/example_dags/example_datasets.py for tasks to queue
[2023-11-26T18:02:12.571+0000] {logging_mixin.py:154} INFO - [2023-11-26T18:02:12.571+0000] {dagbag.py:536} INFO - Filling up the DagBag from /home/airflow/.local/lib/python3.8/site-packages/airflow/example_dags/example_datasets.py
[2023-11-26T18:02:12.595+0000] {processor.py:839} INFO - DAG(s) dict_keys(['dataset_consumes_1_never_scheduled', 'dataset_consumes_1', 'dataset_consumes_unknown_never_scheduled', 'dataset_produces_1', 'dataset_consumes_1_and_2', 'dataset_produces_2']) retrieved from /home/airflow/.local/lib/python3.8/site-packages/airflow/example_dags/example_datasets.py
[2023-11-26T18:02:12.681+0000] {logging_mixin.py:154} INFO - [2023-11-26T18:02:12.680+0000] {dag.py:2941} INFO - Sync 6 DAGs
[2023-11-26T18:02:12.747+0000] {logging_mixin.py:154} INFO - [2023-11-26T18:02:12.747+0000] {dag.py:3722} INFO - Setting next_dagrun for dataset_consumes_1 to None, run_after=None
[2023-11-26T18:02:12.754+0000] {logging_mixin.py:154} INFO - [2023-11-26T18:02:12.754+0000] {dag.py:3722} INFO - Setting next_dagrun for dataset_consumes_1_and_2 to None, run_after=None
[2023-11-26T18:02:12.757+0000] {logging_mixin.py:154} INFO - [2023-11-26T18:02:12.757+0000] {dag.py:3722} INFO - Setting next_dagrun for dataset_consumes_1_never_scheduled to None, run_after=None
[2023-11-26T18:02:12.760+0000] {logging_mixin.py:154} INFO - [2023-11-26T18:02:12.760+0000] {dag.py:3722} INFO - Setting next_dagrun for dataset_consumes_unknown_never_scheduled to None, run_after=None
[2023-11-26T18:02:12.766+0000] {logging_mixin.py:154} INFO - [2023-11-26T18:02:12.766+0000] {dag.py:3722} INFO - Setting next_dagrun for dataset_produces_1 to 2023-11-25T00:00:00+00:00, run_after=2023-11-26T00:00:00+00:00
[2023-11-26T18:02:12.769+0000] {logging_mixin.py:154} INFO - [2023-11-26T18:02:12.769+0000] {dag.py:3722} INFO - Setting next_dagrun for dataset_produces_2 to None, run_after=None
[2023-11-26T18:02:12.849+0000] {processor.py:179} INFO - Processing /home/airflow/.local/lib/python3.8/site-packages/airflow/example_dags/example_datasets.py took 0.291 seconds
[2023-11-26T18:02:45.058+0000] {processor.py:157} INFO - Started process (PID=1744) to work on /home/airflow/.local/lib/python3.8/site-packages/airflow/example_dags/example_datasets.py
[2023-11-26T18:02:45.060+0000] {processor.py:829} INFO - Processing file /home/airflow/.local/lib/python3.8/site-packages/airflow/example_dags/example_datasets.py for tasks to queue
[2023-11-26T18:02:45.070+0000] {logging_mixin.py:154} INFO - [2023-11-26T18:02:45.069+0000] {dagbag.py:536} INFO - Filling up the DagBag from /home/airflow/.local/lib/python3.8/site-packages/airflow/example_dags/example_datasets.py
[2023-11-26T18:02:45.100+0000] {processor.py:839} INFO - DAG(s) dict_keys(['dataset_consumes_1', 'dataset_consumes_unknown_never_scheduled', 'dataset_produces_2', 'dataset_produces_1', 'dataset_consumes_1_never_scheduled', 'dataset_consumes_1_and_2']) retrieved from /home/airflow/.local/lib/python3.8/site-packages/airflow/example_dags/example_datasets.py
[2023-11-26T18:02:45.266+0000] {logging_mixin.py:154} INFO - [2023-11-26T18:02:45.266+0000] {dag.py:2941} INFO - Sync 6 DAGs
[2023-11-26T18:02:45.374+0000] {logging_mixin.py:154} INFO - [2023-11-26T18:02:45.374+0000] {dag.py:3722} INFO - Setting next_dagrun for dataset_consumes_1 to None, run_after=None
[2023-11-26T18:02:45.389+0000] {logging_mixin.py:154} INFO - [2023-11-26T18:02:45.389+0000] {dag.py:3722} INFO - Setting next_dagrun for dataset_consumes_1_and_2 to None, run_after=None
[2023-11-26T18:02:45.395+0000] {logging_mixin.py:154} INFO - [2023-11-26T18:02:45.395+0000] {dag.py:3722} INFO - Setting next_dagrun for dataset_consumes_1_never_scheduled to None, run_after=None
[2023-11-26T18:02:45.399+0000] {logging_mixin.py:154} INFO - [2023-11-26T18:02:45.399+0000] {dag.py:3722} INFO - Setting next_dagrun for dataset_consumes_unknown_never_scheduled to None, run_after=None
[2023-11-26T18:02:45.411+0000] {logging_mixin.py:154} INFO - [2023-11-26T18:02:45.410+0000] {dag.py:3722} INFO - Setting next_dagrun for dataset_produces_1 to 2023-11-25T00:00:00+00:00, run_after=2023-11-26T00:00:00+00:00
[2023-11-26T18:02:45.415+0000] {logging_mixin.py:154} INFO - [2023-11-26T18:02:45.415+0000] {dag.py:3722} INFO - Setting next_dagrun for dataset_produces_2 to None, run_after=None
[2023-11-26T18:02:45.644+0000] {processor.py:179} INFO - Processing /home/airflow/.local/lib/python3.8/site-packages/airflow/example_dags/example_datasets.py took 0.599 seconds
[2023-11-26T18:03:15.765+0000] {processor.py:157} INFO - Started process (PID=1798) to work on /home/airflow/.local/lib/python3.8/site-packages/airflow/example_dags/example_datasets.py
[2023-11-26T18:03:15.767+0000] {processor.py:829} INFO - Processing file /home/airflow/.local/lib/python3.8/site-packages/airflow/example_dags/example_datasets.py for tasks to queue
[2023-11-26T18:03:15.772+0000] {logging_mixin.py:154} INFO - [2023-11-26T18:03:15.771+0000] {dagbag.py:536} INFO - Filling up the DagBag from /home/airflow/.local/lib/python3.8/site-packages/airflow/example_dags/example_datasets.py
[2023-11-26T18:03:15.798+0000] {processor.py:839} INFO - DAG(s) dict_keys(['dataset_produces_2', 'dataset_consumes_1', 'dataset_consumes_1_and_2', 'dataset_produces_1', 'dataset_consumes_unknown_never_scheduled', 'dataset_consumes_1_never_scheduled']) retrieved from /home/airflow/.local/lib/python3.8/site-packages/airflow/example_dags/example_datasets.py
[2023-11-26T18:03:16.728+0000] {logging_mixin.py:154} INFO - [2023-11-26T18:03:16.726+0000] {dag.py:2941} INFO - Sync 6 DAGs
[2023-11-26T18:03:17.108+0000] {logging_mixin.py:154} INFO - [2023-11-26T18:03:17.108+0000] {dag.py:3722} INFO - Setting next_dagrun for dataset_consumes_1 to None, run_after=None
[2023-11-26T18:03:17.118+0000] {logging_mixin.py:154} INFO - [2023-11-26T18:03:17.117+0000] {dag.py:3722} INFO - Setting next_dagrun for dataset_consumes_1_and_2 to None, run_after=None
[2023-11-26T18:03:17.121+0000] {logging_mixin.py:154} INFO - [2023-11-26T18:03:17.120+0000] {dag.py:3722} INFO - Setting next_dagrun for dataset_consumes_1_never_scheduled to None, run_after=None
[2023-11-26T18:03:17.124+0000] {logging_mixin.py:154} INFO - [2023-11-26T18:03:17.124+0000] {dag.py:3722} INFO - Setting next_dagrun for dataset_consumes_unknown_never_scheduled to None, run_after=None
[2023-11-26T18:03:17.132+0000] {logging_mixin.py:154} INFO - [2023-11-26T18:03:17.132+0000] {dag.py:3722} INFO - Setting next_dagrun for dataset_produces_1 to 2023-11-25T00:00:00+00:00, run_after=2023-11-26T00:00:00+00:00
[2023-11-26T18:03:17.136+0000] {logging_mixin.py:154} INFO - [2023-11-26T18:03:17.135+0000] {dag.py:3722} INFO - Setting next_dagrun for dataset_produces_2 to None, run_after=None
[2023-11-26T18:03:17.222+0000] {processor.py:179} INFO - Processing /home/airflow/.local/lib/python3.8/site-packages/airflow/example_dags/example_datasets.py took 1.462 seconds
