[2023-11-26T17:42:14.951+0000] {processor.py:157} INFO - Started process (PID=67) to work on /home/airflow/.local/lib/python3.8/site-packages/airflow/example_dags/example_bash_operator.py
[2023-11-26T17:42:14.954+0000] {processor.py:829} INFO - Processing file /home/airflow/.local/lib/python3.8/site-packages/airflow/example_dags/example_bash_operator.py for tasks to queue
[2023-11-26T17:42:14.962+0000] {logging_mixin.py:154} INFO - [2023-11-26T17:42:14.961+0000] {dagbag.py:536} INFO - Filling up the DagBag from /home/airflow/.local/lib/python3.8/site-packages/airflow/example_dags/example_bash_operator.py
[2023-11-26T17:42:15.000+0000] {processor.py:839} INFO - DAG(s) dict_keys(['example_bash_operator']) retrieved from /home/airflow/.local/lib/python3.8/site-packages/airflow/example_dags/example_bash_operator.py
[2023-11-26T17:42:15.104+0000] {logging_mixin.py:154} INFO - [2023-11-26T17:42:15.104+0000] {dag.py:2941} INFO - Sync 1 DAGs
[2023-11-26T17:42:15.198+0000] {logging_mixin.py:154} INFO - [2023-11-26T17:42:15.198+0000] {dag.py:3722} INFO - Setting next_dagrun for example_bash_operator to 2023-11-25T00:00:00+00:00, run_after=2023-11-26T00:00:00+00:00
[2023-11-26T17:42:15.266+0000] {processor.py:179} INFO - Processing /home/airflow/.local/lib/python3.8/site-packages/airflow/example_dags/example_bash_operator.py took 0.328 seconds
[2023-11-26T17:46:11.544+0000] {processor.py:157} INFO - Started process (PID=69) to work on /home/airflow/.local/lib/python3.8/site-packages/airflow/example_dags/example_bash_operator.py
[2023-11-26T17:46:11.549+0000] {processor.py:829} INFO - Processing file /home/airflow/.local/lib/python3.8/site-packages/airflow/example_dags/example_bash_operator.py for tasks to queue
[2023-11-26T17:46:11.558+0000] {logging_mixin.py:154} INFO - [2023-11-26T17:46:11.558+0000] {dagbag.py:536} INFO - Filling up the DagBag from /home/airflow/.local/lib/python3.8/site-packages/airflow/example_dags/example_bash_operator.py
[2023-11-26T17:46:11.611+0000] {processor.py:839} INFO - DAG(s) dict_keys(['example_bash_operator']) retrieved from /home/airflow/.local/lib/python3.8/site-packages/airflow/example_dags/example_bash_operator.py
[2023-11-26T17:46:11.820+0000] {logging_mixin.py:154} INFO - [2023-11-26T17:46:11.820+0000] {dag.py:2941} INFO - Sync 1 DAGs
[2023-11-26T17:46:12.093+0000] {logging_mixin.py:154} INFO - [2023-11-26T17:46:12.093+0000] {dag.py:3722} INFO - Setting next_dagrun for example_bash_operator to 2023-11-25T00:00:00+00:00, run_after=2023-11-26T00:00:00+00:00
[2023-11-26T17:46:12.315+0000] {processor.py:179} INFO - Processing /home/airflow/.local/lib/python3.8/site-packages/airflow/example_dags/example_bash_operator.py took 0.784 seconds
[2023-11-26T17:46:46.613+0000] {processor.py:157} INFO - Started process (PID=123) to work on /home/airflow/.local/lib/python3.8/site-packages/airflow/example_dags/example_bash_operator.py
[2023-11-26T17:46:46.624+0000] {processor.py:829} INFO - Processing file /home/airflow/.local/lib/python3.8/site-packages/airflow/example_dags/example_bash_operator.py for tasks to queue
[2023-11-26T17:46:46.630+0000] {logging_mixin.py:154} INFO - [2023-11-26T17:46:46.629+0000] {dagbag.py:536} INFO - Filling up the DagBag from /home/airflow/.local/lib/python3.8/site-packages/airflow/example_dags/example_bash_operator.py
[2023-11-26T17:46:46.663+0000] {processor.py:839} INFO - DAG(s) dict_keys(['example_bash_operator']) retrieved from /home/airflow/.local/lib/python3.8/site-packages/airflow/example_dags/example_bash_operator.py
[2023-11-26T17:46:46.804+0000] {logging_mixin.py:154} INFO - [2023-11-26T17:46:46.803+0000] {dag.py:2941} INFO - Sync 1 DAGs
[2023-11-26T17:46:46.878+0000] {logging_mixin.py:154} INFO - [2023-11-26T17:46:46.877+0000] {dag.py:3722} INFO - Setting next_dagrun for example_bash_operator to 2023-11-25T00:00:00+00:00, run_after=2023-11-26T00:00:00+00:00
[2023-11-26T17:46:46.923+0000] {processor.py:179} INFO - Processing /home/airflow/.local/lib/python3.8/site-packages/airflow/example_dags/example_bash_operator.py took 0.318 seconds
[2023-11-26T17:47:17.031+0000] {processor.py:157} INFO - Started process (PID=176) to work on /home/airflow/.local/lib/python3.8/site-packages/airflow/example_dags/example_bash_operator.py
[2023-11-26T17:47:17.033+0000] {processor.py:829} INFO - Processing file /home/airflow/.local/lib/python3.8/site-packages/airflow/example_dags/example_bash_operator.py for tasks to queue
[2023-11-26T17:47:17.039+0000] {logging_mixin.py:154} INFO - [2023-11-26T17:47:17.038+0000] {dagbag.py:536} INFO - Filling up the DagBag from /home/airflow/.local/lib/python3.8/site-packages/airflow/example_dags/example_bash_operator.py
[2023-11-26T17:47:17.071+0000] {processor.py:839} INFO - DAG(s) dict_keys(['example_bash_operator']) retrieved from /home/airflow/.local/lib/python3.8/site-packages/airflow/example_dags/example_bash_operator.py
[2023-11-26T17:47:17.143+0000] {logging_mixin.py:154} INFO - [2023-11-26T17:47:17.142+0000] {dag.py:2941} INFO - Sync 1 DAGs
[2023-11-26T17:47:17.232+0000] {logging_mixin.py:154} INFO - [2023-11-26T17:47:17.231+0000] {dag.py:3722} INFO - Setting next_dagrun for example_bash_operator to 2023-11-25T00:00:00+00:00, run_after=2023-11-26T00:00:00+00:00
[2023-11-26T17:47:17.324+0000] {processor.py:179} INFO - Processing /home/airflow/.local/lib/python3.8/site-packages/airflow/example_dags/example_bash_operator.py took 0.302 seconds
[2023-11-26T17:47:48.483+0000] {processor.py:157} INFO - Started process (PID=231) to work on /home/airflow/.local/lib/python3.8/site-packages/airflow/example_dags/example_bash_operator.py
[2023-11-26T17:47:48.486+0000] {processor.py:829} INFO - Processing file /home/airflow/.local/lib/python3.8/site-packages/airflow/example_dags/example_bash_operator.py for tasks to queue
[2023-11-26T17:47:48.492+0000] {logging_mixin.py:154} INFO - [2023-11-26T17:47:48.491+0000] {dagbag.py:536} INFO - Filling up the DagBag from /home/airflow/.local/lib/python3.8/site-packages/airflow/example_dags/example_bash_operator.py
[2023-11-26T17:47:48.527+0000] {processor.py:839} INFO - DAG(s) dict_keys(['example_bash_operator']) retrieved from /home/airflow/.local/lib/python3.8/site-packages/airflow/example_dags/example_bash_operator.py
[2023-11-26T17:47:48.612+0000] {logging_mixin.py:154} INFO - [2023-11-26T17:47:48.611+0000] {dag.py:2941} INFO - Sync 1 DAGs
[2023-11-26T17:47:48.675+0000] {logging_mixin.py:154} INFO - [2023-11-26T17:47:48.674+0000] {dag.py:3722} INFO - Setting next_dagrun for example_bash_operator to 2023-11-25T00:00:00+00:00, run_after=2023-11-26T00:00:00+00:00
[2023-11-26T17:47:48.725+0000] {processor.py:179} INFO - Processing /home/airflow/.local/lib/python3.8/site-packages/airflow/example_dags/example_bash_operator.py took 0.249 seconds
[2023-11-26T17:48:19.872+0000] {processor.py:157} INFO - Started process (PID=284) to work on /home/airflow/.local/lib/python3.8/site-packages/airflow/example_dags/example_bash_operator.py
[2023-11-26T17:48:19.874+0000] {processor.py:829} INFO - Processing file /home/airflow/.local/lib/python3.8/site-packages/airflow/example_dags/example_bash_operator.py for tasks to queue
[2023-11-26T17:48:19.879+0000] {logging_mixin.py:154} INFO - [2023-11-26T17:48:19.878+0000] {dagbag.py:536} INFO - Filling up the DagBag from /home/airflow/.local/lib/python3.8/site-packages/airflow/example_dags/example_bash_operator.py
[2023-11-26T17:48:19.925+0000] {processor.py:839} INFO - DAG(s) dict_keys(['example_bash_operator']) retrieved from /home/airflow/.local/lib/python3.8/site-packages/airflow/example_dags/example_bash_operator.py
[2023-11-26T17:48:20.041+0000] {logging_mixin.py:154} INFO - [2023-11-26T17:48:20.041+0000] {dag.py:2941} INFO - Sync 1 DAGs
[2023-11-26T17:48:20.147+0000] {logging_mixin.py:154} INFO - [2023-11-26T17:48:20.146+0000] {dag.py:3722} INFO - Setting next_dagrun for example_bash_operator to 2023-11-25T00:00:00+00:00, run_after=2023-11-26T00:00:00+00:00
[2023-11-26T17:48:20.189+0000] {processor.py:179} INFO - Processing /home/airflow/.local/lib/python3.8/site-packages/airflow/example_dags/example_bash_operator.py took 0.325 seconds
[2023-11-26T17:48:51.552+0000] {processor.py:157} INFO - Started process (PID=336) to work on /home/airflow/.local/lib/python3.8/site-packages/airflow/example_dags/example_bash_operator.py
[2023-11-26T17:48:51.565+0000] {processor.py:829} INFO - Processing file /home/airflow/.local/lib/python3.8/site-packages/airflow/example_dags/example_bash_operator.py for tasks to queue
[2023-11-26T17:48:51.580+0000] {logging_mixin.py:154} INFO - [2023-11-26T17:48:51.580+0000] {dagbag.py:536} INFO - Filling up the DagBag from /home/airflow/.local/lib/python3.8/site-packages/airflow/example_dags/example_bash_operator.py
[2023-11-26T17:48:51.636+0000] {processor.py:839} INFO - DAG(s) dict_keys(['example_bash_operator']) retrieved from /home/airflow/.local/lib/python3.8/site-packages/airflow/example_dags/example_bash_operator.py
[2023-11-26T17:48:51.801+0000] {logging_mixin.py:154} INFO - [2023-11-26T17:48:51.799+0000] {dag.py:2941} INFO - Sync 1 DAGs
[2023-11-26T17:48:51.893+0000] {logging_mixin.py:154} INFO - [2023-11-26T17:48:51.892+0000] {dag.py:3722} INFO - Setting next_dagrun for example_bash_operator to 2023-11-25T00:00:00+00:00, run_after=2023-11-26T00:00:00+00:00
[2023-11-26T17:48:51.948+0000] {processor.py:179} INFO - Processing /home/airflow/.local/lib/python3.8/site-packages/airflow/example_dags/example_bash_operator.py took 0.427 seconds
[2023-11-26T17:49:23.281+0000] {processor.py:157} INFO - Started process (PID=389) to work on /home/airflow/.local/lib/python3.8/site-packages/airflow/example_dags/example_bash_operator.py
[2023-11-26T17:49:23.300+0000] {processor.py:829} INFO - Processing file /home/airflow/.local/lib/python3.8/site-packages/airflow/example_dags/example_bash_operator.py for tasks to queue
[2023-11-26T17:49:23.310+0000] {logging_mixin.py:154} INFO - [2023-11-26T17:49:23.309+0000] {dagbag.py:536} INFO - Filling up the DagBag from /home/airflow/.local/lib/python3.8/site-packages/airflow/example_dags/example_bash_operator.py
[2023-11-26T17:49:23.346+0000] {processor.py:839} INFO - DAG(s) dict_keys(['example_bash_operator']) retrieved from /home/airflow/.local/lib/python3.8/site-packages/airflow/example_dags/example_bash_operator.py
[2023-11-26T17:49:23.466+0000] {logging_mixin.py:154} INFO - [2023-11-26T17:49:23.460+0000] {dag.py:2941} INFO - Sync 1 DAGs
[2023-11-26T17:49:23.546+0000] {logging_mixin.py:154} INFO - [2023-11-26T17:49:23.545+0000] {dag.py:3722} INFO - Setting next_dagrun for example_bash_operator to 2023-11-25T00:00:00+00:00, run_after=2023-11-26T00:00:00+00:00
[2023-11-26T17:49:23.601+0000] {processor.py:179} INFO - Processing /home/airflow/.local/lib/python3.8/site-packages/airflow/example_dags/example_bash_operator.py took 0.332 seconds
[2023-11-26T17:49:55.580+0000] {processor.py:157} INFO - Started process (PID=442) to work on /home/airflow/.local/lib/python3.8/site-packages/airflow/example_dags/example_bash_operator.py
[2023-11-26T17:49:55.584+0000] {processor.py:829} INFO - Processing file /home/airflow/.local/lib/python3.8/site-packages/airflow/example_dags/example_bash_operator.py for tasks to queue
[2023-11-26T17:49:55.596+0000] {logging_mixin.py:154} INFO - [2023-11-26T17:49:55.595+0000] {dagbag.py:536} INFO - Filling up the DagBag from /home/airflow/.local/lib/python3.8/site-packages/airflow/example_dags/example_bash_operator.py
[2023-11-26T17:49:55.757+0000] {processor.py:839} INFO - DAG(s) dict_keys(['example_bash_operator']) retrieved from /home/airflow/.local/lib/python3.8/site-packages/airflow/example_dags/example_bash_operator.py
[2023-11-26T17:49:56.885+0000] {logging_mixin.py:154} INFO - [2023-11-26T17:49:56.883+0000] {dag.py:2941} INFO - Sync 1 DAGs
[2023-11-26T17:49:57.156+0000] {logging_mixin.py:154} INFO - [2023-11-26T17:49:57.155+0000] {dag.py:3722} INFO - Setting next_dagrun for example_bash_operator to 2023-11-25T00:00:00+00:00, run_after=2023-11-26T00:00:00+00:00
[2023-11-26T17:49:57.210+0000] {processor.py:179} INFO - Processing /home/airflow/.local/lib/python3.8/site-packages/airflow/example_dags/example_bash_operator.py took 1.640 seconds
[2023-11-26T17:50:27.484+0000] {processor.py:157} INFO - Started process (PID=503) to work on /home/airflow/.local/lib/python3.8/site-packages/airflow/example_dags/example_bash_operator.py
[2023-11-26T17:50:27.488+0000] {processor.py:829} INFO - Processing file /home/airflow/.local/lib/python3.8/site-packages/airflow/example_dags/example_bash_operator.py for tasks to queue
[2023-11-26T17:50:27.505+0000] {logging_mixin.py:154} INFO - [2023-11-26T17:50:27.504+0000] {dagbag.py:536} INFO - Filling up the DagBag from /home/airflow/.local/lib/python3.8/site-packages/airflow/example_dags/example_bash_operator.py
[2023-11-26T17:50:27.553+0000] {processor.py:839} INFO - DAG(s) dict_keys(['example_bash_operator']) retrieved from /home/airflow/.local/lib/python3.8/site-packages/airflow/example_dags/example_bash_operator.py
[2023-11-26T17:50:27.994+0000] {logging_mixin.py:154} INFO - [2023-11-26T17:50:27.993+0000] {dag.py:2941} INFO - Sync 1 DAGs
[2023-11-26T17:50:28.156+0000] {logging_mixin.py:154} INFO - [2023-11-26T17:50:28.156+0000] {dag.py:3722} INFO - Setting next_dagrun for example_bash_operator to 2023-11-25T00:00:00+00:00, run_after=2023-11-26T00:00:00+00:00
[2023-11-26T17:50:28.227+0000] {processor.py:179} INFO - Processing /home/airflow/.local/lib/python3.8/site-packages/airflow/example_dags/example_bash_operator.py took 0.754 seconds
[2023-11-26T17:50:58.337+0000] {processor.py:157} INFO - Started process (PID=557) to work on /home/airflow/.local/lib/python3.8/site-packages/airflow/example_dags/example_bash_operator.py
[2023-11-26T17:50:58.340+0000] {processor.py:829} INFO - Processing file /home/airflow/.local/lib/python3.8/site-packages/airflow/example_dags/example_bash_operator.py for tasks to queue
[2023-11-26T17:50:58.355+0000] {logging_mixin.py:154} INFO - [2023-11-26T17:50:58.355+0000] {dagbag.py:536} INFO - Filling up the DagBag from /home/airflow/.local/lib/python3.8/site-packages/airflow/example_dags/example_bash_operator.py
[2023-11-26T17:50:58.408+0000] {processor.py:839} INFO - DAG(s) dict_keys(['example_bash_operator']) retrieved from /home/airflow/.local/lib/python3.8/site-packages/airflow/example_dags/example_bash_operator.py
[2023-11-26T17:50:58.533+0000] {logging_mixin.py:154} INFO - [2023-11-26T17:50:58.533+0000] {dag.py:2941} INFO - Sync 1 DAGs
[2023-11-26T17:50:58.703+0000] {logging_mixin.py:154} INFO - [2023-11-26T17:50:58.702+0000] {dag.py:3722} INFO - Setting next_dagrun for example_bash_operator to 2023-11-25T00:00:00+00:00, run_after=2023-11-26T00:00:00+00:00
[2023-11-26T17:50:58.797+0000] {processor.py:179} INFO - Processing /home/airflow/.local/lib/python3.8/site-packages/airflow/example_dags/example_bash_operator.py took 0.473 seconds
[2023-11-26T17:51:31.147+0000] {processor.py:157} INFO - Started process (PID=611) to work on /home/airflow/.local/lib/python3.8/site-packages/airflow/example_dags/example_bash_operator.py
[2023-11-26T17:51:31.157+0000] {processor.py:829} INFO - Processing file /home/airflow/.local/lib/python3.8/site-packages/airflow/example_dags/example_bash_operator.py for tasks to queue
[2023-11-26T17:51:31.185+0000] {logging_mixin.py:154} INFO - [2023-11-26T17:51:31.184+0000] {dagbag.py:536} INFO - Filling up the DagBag from /home/airflow/.local/lib/python3.8/site-packages/airflow/example_dags/example_bash_operator.py
[2023-11-26T17:51:31.248+0000] {processor.py:839} INFO - DAG(s) dict_keys(['example_bash_operator']) retrieved from /home/airflow/.local/lib/python3.8/site-packages/airflow/example_dags/example_bash_operator.py
[2023-11-26T17:51:31.510+0000] {logging_mixin.py:154} INFO - [2023-11-26T17:51:31.509+0000] {dag.py:2941} INFO - Sync 1 DAGs
[2023-11-26T17:51:31.674+0000] {logging_mixin.py:154} INFO - [2023-11-26T17:51:31.673+0000] {dag.py:3722} INFO - Setting next_dagrun for example_bash_operator to 2023-11-25T00:00:00+00:00, run_after=2023-11-26T00:00:00+00:00
[2023-11-26T17:51:31.759+0000] {processor.py:179} INFO - Processing /home/airflow/.local/lib/python3.8/site-packages/airflow/example_dags/example_bash_operator.py took 0.623 seconds
[2023-11-26T17:52:02.189+0000] {processor.py:157} INFO - Started process (PID=664) to work on /home/airflow/.local/lib/python3.8/site-packages/airflow/example_dags/example_bash_operator.py
[2023-11-26T17:52:02.195+0000] {processor.py:829} INFO - Processing file /home/airflow/.local/lib/python3.8/site-packages/airflow/example_dags/example_bash_operator.py for tasks to queue
[2023-11-26T17:52:02.202+0000] {logging_mixin.py:154} INFO - [2023-11-26T17:52:02.201+0000] {dagbag.py:536} INFO - Filling up the DagBag from /home/airflow/.local/lib/python3.8/site-packages/airflow/example_dags/example_bash_operator.py
[2023-11-26T17:52:02.313+0000] {processor.py:839} INFO - DAG(s) dict_keys(['example_bash_operator']) retrieved from /home/airflow/.local/lib/python3.8/site-packages/airflow/example_dags/example_bash_operator.py
[2023-11-26T17:52:02.605+0000] {logging_mixin.py:154} INFO - [2023-11-26T17:52:02.604+0000] {dag.py:2941} INFO - Sync 1 DAGs
[2023-11-26T17:52:03.228+0000] {logging_mixin.py:154} INFO - [2023-11-26T17:52:03.227+0000] {dag.py:3722} INFO - Setting next_dagrun for example_bash_operator to 2023-11-25T00:00:00+00:00, run_after=2023-11-26T00:00:00+00:00
[2023-11-26T17:52:03.576+0000] {processor.py:179} INFO - Processing /home/airflow/.local/lib/python3.8/site-packages/airflow/example_dags/example_bash_operator.py took 1.396 seconds
[2023-11-26T17:52:33.906+0000] {processor.py:157} INFO - Started process (PID=719) to work on /home/airflow/.local/lib/python3.8/site-packages/airflow/example_dags/example_bash_operator.py
[2023-11-26T17:52:33.910+0000] {processor.py:829} INFO - Processing file /home/airflow/.local/lib/python3.8/site-packages/airflow/example_dags/example_bash_operator.py for tasks to queue
[2023-11-26T17:52:33.917+0000] {logging_mixin.py:154} INFO - [2023-11-26T17:52:33.917+0000] {dagbag.py:536} INFO - Filling up the DagBag from /home/airflow/.local/lib/python3.8/site-packages/airflow/example_dags/example_bash_operator.py
[2023-11-26T17:52:33.963+0000] {processor.py:839} INFO - DAG(s) dict_keys(['example_bash_operator']) retrieved from /home/airflow/.local/lib/python3.8/site-packages/airflow/example_dags/example_bash_operator.py
[2023-11-26T17:52:34.082+0000] {logging_mixin.py:154} INFO - [2023-11-26T17:52:34.081+0000] {dag.py:2941} INFO - Sync 1 DAGs
[2023-11-26T17:52:34.154+0000] {logging_mixin.py:154} INFO - [2023-11-26T17:52:34.153+0000] {dag.py:3722} INFO - Setting next_dagrun for example_bash_operator to 2023-11-25T00:00:00+00:00, run_after=2023-11-26T00:00:00+00:00
[2023-11-26T17:52:34.223+0000] {processor.py:179} INFO - Processing /home/airflow/.local/lib/python3.8/site-packages/airflow/example_dags/example_bash_operator.py took 0.332 seconds
[2023-11-26T17:53:04.362+0000] {processor.py:157} INFO - Started process (PID=772) to work on /home/airflow/.local/lib/python3.8/site-packages/airflow/example_dags/example_bash_operator.py
[2023-11-26T17:53:04.366+0000] {processor.py:829} INFO - Processing file /home/airflow/.local/lib/python3.8/site-packages/airflow/example_dags/example_bash_operator.py for tasks to queue
[2023-11-26T17:53:04.371+0000] {logging_mixin.py:154} INFO - [2023-11-26T17:53:04.371+0000] {dagbag.py:536} INFO - Filling up the DagBag from /home/airflow/.local/lib/python3.8/site-packages/airflow/example_dags/example_bash_operator.py
[2023-11-26T17:53:04.407+0000] {processor.py:839} INFO - DAG(s) dict_keys(['example_bash_operator']) retrieved from /home/airflow/.local/lib/python3.8/site-packages/airflow/example_dags/example_bash_operator.py
[2023-11-26T17:53:04.488+0000] {logging_mixin.py:154} INFO - [2023-11-26T17:53:04.488+0000] {dag.py:2941} INFO - Sync 1 DAGs
[2023-11-26T17:53:04.648+0000] {logging_mixin.py:154} INFO - [2023-11-26T17:53:04.647+0000] {dag.py:3722} INFO - Setting next_dagrun for example_bash_operator to 2023-11-25T00:00:00+00:00, run_after=2023-11-26T00:00:00+00:00
[2023-11-26T17:53:04.714+0000] {processor.py:179} INFO - Processing /home/airflow/.local/lib/python3.8/site-packages/airflow/example_dags/example_bash_operator.py took 0.366 seconds
[2023-11-26T17:53:35.096+0000] {processor.py:157} INFO - Started process (PID=826) to work on /home/airflow/.local/lib/python3.8/site-packages/airflow/example_dags/example_bash_operator.py
[2023-11-26T17:53:35.101+0000] {processor.py:829} INFO - Processing file /home/airflow/.local/lib/python3.8/site-packages/airflow/example_dags/example_bash_operator.py for tasks to queue
[2023-11-26T17:53:35.108+0000] {logging_mixin.py:154} INFO - [2023-11-26T17:53:35.106+0000] {dagbag.py:536} INFO - Filling up the DagBag from /home/airflow/.local/lib/python3.8/site-packages/airflow/example_dags/example_bash_operator.py
[2023-11-26T17:53:35.151+0000] {processor.py:839} INFO - DAG(s) dict_keys(['example_bash_operator']) retrieved from /home/airflow/.local/lib/python3.8/site-packages/airflow/example_dags/example_bash_operator.py
[2023-11-26T17:53:35.254+0000] {logging_mixin.py:154} INFO - [2023-11-26T17:53:35.254+0000] {dag.py:2941} INFO - Sync 1 DAGs
[2023-11-26T17:53:35.330+0000] {logging_mixin.py:154} INFO - [2023-11-26T17:53:35.329+0000] {dag.py:3722} INFO - Setting next_dagrun for example_bash_operator to 2023-11-25T00:00:00+00:00, run_after=2023-11-26T00:00:00+00:00
[2023-11-26T17:53:35.384+0000] {processor.py:179} INFO - Processing /home/airflow/.local/lib/python3.8/site-packages/airflow/example_dags/example_bash_operator.py took 0.296 seconds
[2023-11-26T17:54:07.097+0000] {processor.py:157} INFO - Started process (PID=880) to work on /home/airflow/.local/lib/python3.8/site-packages/airflow/example_dags/example_bash_operator.py
[2023-11-26T17:54:07.109+0000] {processor.py:829} INFO - Processing file /home/airflow/.local/lib/python3.8/site-packages/airflow/example_dags/example_bash_operator.py for tasks to queue
[2023-11-26T17:54:07.115+0000] {logging_mixin.py:154} INFO - [2023-11-26T17:54:07.114+0000] {dagbag.py:536} INFO - Filling up the DagBag from /home/airflow/.local/lib/python3.8/site-packages/airflow/example_dags/example_bash_operator.py
[2023-11-26T17:54:07.156+0000] {processor.py:839} INFO - DAG(s) dict_keys(['example_bash_operator']) retrieved from /home/airflow/.local/lib/python3.8/site-packages/airflow/example_dags/example_bash_operator.py
[2023-11-26T17:54:07.478+0000] {logging_mixin.py:154} INFO - [2023-11-26T17:54:07.478+0000] {dag.py:2941} INFO - Sync 1 DAGs
[2023-11-26T17:54:07.603+0000] {logging_mixin.py:154} INFO - [2023-11-26T17:54:07.602+0000] {dag.py:3722} INFO - Setting next_dagrun for example_bash_operator to 2023-11-25T00:00:00+00:00, run_after=2023-11-26T00:00:00+00:00
[2023-11-26T17:54:07.747+0000] {processor.py:179} INFO - Processing /home/airflow/.local/lib/python3.8/site-packages/airflow/example_dags/example_bash_operator.py took 0.691 seconds
[2023-11-26T17:54:42.628+0000] {processor.py:157} INFO - Started process (PID=934) to work on /home/airflow/.local/lib/python3.8/site-packages/airflow/example_dags/example_bash_operator.py
[2023-11-26T17:54:42.633+0000] {processor.py:829} INFO - Processing file /home/airflow/.local/lib/python3.8/site-packages/airflow/example_dags/example_bash_operator.py for tasks to queue
[2023-11-26T17:54:42.642+0000] {logging_mixin.py:154} INFO - [2023-11-26T17:54:42.642+0000] {dagbag.py:536} INFO - Filling up the DagBag from /home/airflow/.local/lib/python3.8/site-packages/airflow/example_dags/example_bash_operator.py
[2023-11-26T17:54:42.820+0000] {processor.py:839} INFO - DAG(s) dict_keys(['example_bash_operator']) retrieved from /home/airflow/.local/lib/python3.8/site-packages/airflow/example_dags/example_bash_operator.py
[2023-11-26T17:54:43.083+0000] {logging_mixin.py:154} INFO - [2023-11-26T17:54:43.082+0000] {dag.py:2941} INFO - Sync 1 DAGs
[2023-11-26T17:54:43.426+0000] {logging_mixin.py:154} INFO - [2023-11-26T17:54:43.419+0000] {dag.py:3722} INFO - Setting next_dagrun for example_bash_operator to 2023-11-25T00:00:00+00:00, run_after=2023-11-26T00:00:00+00:00
[2023-11-26T17:54:43.597+0000] {processor.py:179} INFO - Processing /home/airflow/.local/lib/python3.8/site-packages/airflow/example_dags/example_bash_operator.py took 0.983 seconds
[2023-11-26T17:55:14.375+0000] {processor.py:157} INFO - Started process (PID=989) to work on /home/airflow/.local/lib/python3.8/site-packages/airflow/example_dags/example_bash_operator.py
[2023-11-26T17:55:14.381+0000] {processor.py:829} INFO - Processing file /home/airflow/.local/lib/python3.8/site-packages/airflow/example_dags/example_bash_operator.py for tasks to queue
[2023-11-26T17:55:14.397+0000] {logging_mixin.py:154} INFO - [2023-11-26T17:55:14.395+0000] {dagbag.py:536} INFO - Filling up the DagBag from /home/airflow/.local/lib/python3.8/site-packages/airflow/example_dags/example_bash_operator.py
[2023-11-26T17:55:14.438+0000] {processor.py:839} INFO - DAG(s) dict_keys(['example_bash_operator']) retrieved from /home/airflow/.local/lib/python3.8/site-packages/airflow/example_dags/example_bash_operator.py
[2023-11-26T17:55:14.552+0000] {logging_mixin.py:154} INFO - [2023-11-26T17:55:14.552+0000] {dag.py:2941} INFO - Sync 1 DAGs
[2023-11-26T17:55:14.615+0000] {logging_mixin.py:154} INFO - [2023-11-26T17:55:14.614+0000] {dag.py:3722} INFO - Setting next_dagrun for example_bash_operator to 2023-11-25T00:00:00+00:00, run_after=2023-11-26T00:00:00+00:00
[2023-11-26T17:55:14.683+0000] {processor.py:179} INFO - Processing /home/airflow/.local/lib/python3.8/site-packages/airflow/example_dags/example_bash_operator.py took 0.334 seconds
[2023-11-26T17:55:45.187+0000] {processor.py:157} INFO - Started process (PID=1043) to work on /home/airflow/.local/lib/python3.8/site-packages/airflow/example_dags/example_bash_operator.py
[2023-11-26T17:55:45.190+0000] {processor.py:829} INFO - Processing file /home/airflow/.local/lib/python3.8/site-packages/airflow/example_dags/example_bash_operator.py for tasks to queue
[2023-11-26T17:55:45.196+0000] {logging_mixin.py:154} INFO - [2023-11-26T17:55:45.196+0000] {dagbag.py:536} INFO - Filling up the DagBag from /home/airflow/.local/lib/python3.8/site-packages/airflow/example_dags/example_bash_operator.py
[2023-11-26T17:55:45.235+0000] {processor.py:839} INFO - DAG(s) dict_keys(['example_bash_operator']) retrieved from /home/airflow/.local/lib/python3.8/site-packages/airflow/example_dags/example_bash_operator.py
[2023-11-26T17:55:45.316+0000] {logging_mixin.py:154} INFO - [2023-11-26T17:55:45.316+0000] {dag.py:2941} INFO - Sync 1 DAGs
[2023-11-26T17:55:45.385+0000] {logging_mixin.py:154} INFO - [2023-11-26T17:55:45.385+0000] {dag.py:3722} INFO - Setting next_dagrun for example_bash_operator to 2023-11-25T00:00:00+00:00, run_after=2023-11-26T00:00:00+00:00
[2023-11-26T17:55:45.433+0000] {processor.py:179} INFO - Processing /home/airflow/.local/lib/python3.8/site-packages/airflow/example_dags/example_bash_operator.py took 0.254 seconds
[2023-11-26T17:56:16.532+0000] {processor.py:157} INFO - Started process (PID=1097) to work on /home/airflow/.local/lib/python3.8/site-packages/airflow/example_dags/example_bash_operator.py
[2023-11-26T17:56:16.534+0000] {processor.py:829} INFO - Processing file /home/airflow/.local/lib/python3.8/site-packages/airflow/example_dags/example_bash_operator.py for tasks to queue
[2023-11-26T17:56:16.540+0000] {logging_mixin.py:154} INFO - [2023-11-26T17:56:16.539+0000] {dagbag.py:536} INFO - Filling up the DagBag from /home/airflow/.local/lib/python3.8/site-packages/airflow/example_dags/example_bash_operator.py
[2023-11-26T17:56:16.575+0000] {processor.py:839} INFO - DAG(s) dict_keys(['example_bash_operator']) retrieved from /home/airflow/.local/lib/python3.8/site-packages/airflow/example_dags/example_bash_operator.py
[2023-11-26T17:56:16.652+0000] {logging_mixin.py:154} INFO - [2023-11-26T17:56:16.651+0000] {dag.py:2941} INFO - Sync 1 DAGs
[2023-11-26T17:56:16.724+0000] {logging_mixin.py:154} INFO - [2023-11-26T17:56:16.723+0000] {dag.py:3722} INFO - Setting next_dagrun for example_bash_operator to 2023-11-25T00:00:00+00:00, run_after=2023-11-26T00:00:00+00:00
[2023-11-26T17:56:16.788+0000] {processor.py:179} INFO - Processing /home/airflow/.local/lib/python3.8/site-packages/airflow/example_dags/example_bash_operator.py took 0.278 seconds
[2023-11-26T17:56:47.308+0000] {processor.py:157} INFO - Started process (PID=1151) to work on /home/airflow/.local/lib/python3.8/site-packages/airflow/example_dags/example_bash_operator.py
[2023-11-26T17:56:47.319+0000] {processor.py:829} INFO - Processing file /home/airflow/.local/lib/python3.8/site-packages/airflow/example_dags/example_bash_operator.py for tasks to queue
[2023-11-26T17:56:47.325+0000] {logging_mixin.py:154} INFO - [2023-11-26T17:56:47.325+0000] {dagbag.py:536} INFO - Filling up the DagBag from /home/airflow/.local/lib/python3.8/site-packages/airflow/example_dags/example_bash_operator.py
[2023-11-26T17:56:47.423+0000] {processor.py:839} INFO - DAG(s) dict_keys(['example_bash_operator']) retrieved from /home/airflow/.local/lib/python3.8/site-packages/airflow/example_dags/example_bash_operator.py
[2023-11-26T17:56:47.559+0000] {logging_mixin.py:154} INFO - [2023-11-26T17:56:47.559+0000] {dag.py:2941} INFO - Sync 1 DAGs
[2023-11-26T17:56:47.657+0000] {logging_mixin.py:154} INFO - [2023-11-26T17:56:47.656+0000] {dag.py:3722} INFO - Setting next_dagrun for example_bash_operator to 2023-11-25T00:00:00+00:00, run_after=2023-11-26T00:00:00+00:00
[2023-11-26T17:56:47.729+0000] {processor.py:179} INFO - Processing /home/airflow/.local/lib/python3.8/site-packages/airflow/example_dags/example_bash_operator.py took 0.429 seconds
[2023-11-26T17:57:18.968+0000] {processor.py:157} INFO - Started process (PID=1206) to work on /home/airflow/.local/lib/python3.8/site-packages/airflow/example_dags/example_bash_operator.py
[2023-11-26T17:57:18.971+0000] {processor.py:829} INFO - Processing file /home/airflow/.local/lib/python3.8/site-packages/airflow/example_dags/example_bash_operator.py for tasks to queue
[2023-11-26T17:57:18.977+0000] {logging_mixin.py:154} INFO - [2023-11-26T17:57:18.976+0000] {dagbag.py:536} INFO - Filling up the DagBag from /home/airflow/.local/lib/python3.8/site-packages/airflow/example_dags/example_bash_operator.py
[2023-11-26T17:57:19.026+0000] {processor.py:839} INFO - DAG(s) dict_keys(['example_bash_operator']) retrieved from /home/airflow/.local/lib/python3.8/site-packages/airflow/example_dags/example_bash_operator.py
[2023-11-26T17:57:19.120+0000] {logging_mixin.py:154} INFO - [2023-11-26T17:57:19.119+0000] {dag.py:2941} INFO - Sync 1 DAGs
[2023-11-26T17:57:19.484+0000] {logging_mixin.py:154} INFO - [2023-11-26T17:57:19.483+0000] {dag.py:3722} INFO - Setting next_dagrun for example_bash_operator to 2023-11-25T00:00:00+00:00, run_after=2023-11-26T00:00:00+00:00
[2023-11-26T17:57:19.525+0000] {processor.py:179} INFO - Processing /home/airflow/.local/lib/python3.8/site-packages/airflow/example_dags/example_bash_operator.py took 0.565 seconds
[2023-11-26T17:58:00.304+0000] {processor.py:157} INFO - Started process (PID=1257) to work on /home/airflow/.local/lib/python3.8/site-packages/airflow/example_dags/example_bash_operator.py
[2023-11-26T17:58:00.306+0000] {processor.py:829} INFO - Processing file /home/airflow/.local/lib/python3.8/site-packages/airflow/example_dags/example_bash_operator.py for tasks to queue
[2023-11-26T17:58:00.314+0000] {logging_mixin.py:154} INFO - [2023-11-26T17:58:00.313+0000] {dagbag.py:536} INFO - Filling up the DagBag from /home/airflow/.local/lib/python3.8/site-packages/airflow/example_dags/example_bash_operator.py
[2023-11-26T17:58:00.343+0000] {processor.py:839} INFO - DAG(s) dict_keys(['example_bash_operator']) retrieved from /home/airflow/.local/lib/python3.8/site-packages/airflow/example_dags/example_bash_operator.py
[2023-11-26T17:58:00.535+0000] {logging_mixin.py:154} INFO - [2023-11-26T17:58:00.535+0000] {dag.py:2941} INFO - Sync 1 DAGs
[2023-11-26T17:58:00.600+0000] {logging_mixin.py:154} INFO - [2023-11-26T17:58:00.600+0000] {dag.py:3722} INFO - Setting next_dagrun for example_bash_operator to 2023-11-25T00:00:00+00:00, run_after=2023-11-26T00:00:00+00:00
[2023-11-26T17:58:00.644+0000] {processor.py:179} INFO - Processing /home/airflow/.local/lib/python3.8/site-packages/airflow/example_dags/example_bash_operator.py took 0.347 seconds
[2023-11-26T17:58:30.935+0000] {processor.py:157} INFO - Started process (PID=1311) to work on /home/airflow/.local/lib/python3.8/site-packages/airflow/example_dags/example_bash_operator.py
[2023-11-26T17:58:30.937+0000] {processor.py:829} INFO - Processing file /home/airflow/.local/lib/python3.8/site-packages/airflow/example_dags/example_bash_operator.py for tasks to queue
[2023-11-26T17:58:30.945+0000] {logging_mixin.py:154} INFO - [2023-11-26T17:58:30.944+0000] {dagbag.py:536} INFO - Filling up the DagBag from /home/airflow/.local/lib/python3.8/site-packages/airflow/example_dags/example_bash_operator.py
[2023-11-26T17:58:30.976+0000] {processor.py:839} INFO - DAG(s) dict_keys(['example_bash_operator']) retrieved from /home/airflow/.local/lib/python3.8/site-packages/airflow/example_dags/example_bash_operator.py
[2023-11-26T17:58:31.053+0000] {logging_mixin.py:154} INFO - [2023-11-26T17:58:31.052+0000] {dag.py:2941} INFO - Sync 1 DAGs
[2023-11-26T17:58:31.109+0000] {logging_mixin.py:154} INFO - [2023-11-26T17:58:31.109+0000] {dag.py:3722} INFO - Setting next_dagrun for example_bash_operator to 2023-11-25T00:00:00+00:00, run_after=2023-11-26T00:00:00+00:00
[2023-11-26T17:58:31.154+0000] {processor.py:179} INFO - Processing /home/airflow/.local/lib/python3.8/site-packages/airflow/example_dags/example_bash_operator.py took 0.227 seconds
[2023-11-26T17:59:02.772+0000] {processor.py:157} INFO - Started process (PID=1365) to work on /home/airflow/.local/lib/python3.8/site-packages/airflow/example_dags/example_bash_operator.py
[2023-11-26T17:59:02.775+0000] {processor.py:829} INFO - Processing file /home/airflow/.local/lib/python3.8/site-packages/airflow/example_dags/example_bash_operator.py for tasks to queue
[2023-11-26T17:59:02.781+0000] {logging_mixin.py:154} INFO - [2023-11-26T17:59:02.780+0000] {dagbag.py:536} INFO - Filling up the DagBag from /home/airflow/.local/lib/python3.8/site-packages/airflow/example_dags/example_bash_operator.py
[2023-11-26T17:59:02.810+0000] {processor.py:839} INFO - DAG(s) dict_keys(['example_bash_operator']) retrieved from /home/airflow/.local/lib/python3.8/site-packages/airflow/example_dags/example_bash_operator.py
[2023-11-26T17:59:02.896+0000] {logging_mixin.py:154} INFO - [2023-11-26T17:59:02.896+0000] {dag.py:2941} INFO - Sync 1 DAGs
[2023-11-26T17:59:03.282+0000] {logging_mixin.py:154} INFO - [2023-11-26T17:59:03.281+0000] {dag.py:3722} INFO - Setting next_dagrun for example_bash_operator to 2023-11-25T00:00:00+00:00, run_after=2023-11-26T00:00:00+00:00
[2023-11-26T17:59:03.323+0000] {processor.py:179} INFO - Processing /home/airflow/.local/lib/python3.8/site-packages/airflow/example_dags/example_bash_operator.py took 0.558 seconds
[2023-11-26T17:59:34.385+0000] {processor.py:157} INFO - Started process (PID=1419) to work on /home/airflow/.local/lib/python3.8/site-packages/airflow/example_dags/example_bash_operator.py
[2023-11-26T17:59:34.387+0000] {processor.py:829} INFO - Processing file /home/airflow/.local/lib/python3.8/site-packages/airflow/example_dags/example_bash_operator.py for tasks to queue
[2023-11-26T17:59:34.398+0000] {logging_mixin.py:154} INFO - [2023-11-26T17:59:34.397+0000] {dagbag.py:536} INFO - Filling up the DagBag from /home/airflow/.local/lib/python3.8/site-packages/airflow/example_dags/example_bash_operator.py
[2023-11-26T17:59:34.445+0000] {processor.py:839} INFO - DAG(s) dict_keys(['example_bash_operator']) retrieved from /home/airflow/.local/lib/python3.8/site-packages/airflow/example_dags/example_bash_operator.py
[2023-11-26T17:59:34.667+0000] {logging_mixin.py:154} INFO - [2023-11-26T17:59:34.666+0000] {dag.py:2941} INFO - Sync 1 DAGs
[2023-11-26T17:59:34.999+0000] {logging_mixin.py:154} INFO - [2023-11-26T17:59:34.999+0000] {dag.py:3722} INFO - Setting next_dagrun for example_bash_operator to 2023-11-25T00:00:00+00:00, run_after=2023-11-26T00:00:00+00:00
[2023-11-26T17:59:35.046+0000] {processor.py:179} INFO - Processing /home/airflow/.local/lib/python3.8/site-packages/airflow/example_dags/example_bash_operator.py took 0.668 seconds
[2023-11-26T18:00:08.645+0000] {processor.py:157} INFO - Started process (PID=1473) to work on /home/airflow/.local/lib/python3.8/site-packages/airflow/example_dags/example_bash_operator.py
[2023-11-26T18:00:08.652+0000] {processor.py:829} INFO - Processing file /home/airflow/.local/lib/python3.8/site-packages/airflow/example_dags/example_bash_operator.py for tasks to queue
[2023-11-26T18:00:08.658+0000] {logging_mixin.py:154} INFO - [2023-11-26T18:00:08.657+0000] {dagbag.py:536} INFO - Filling up the DagBag from /home/airflow/.local/lib/python3.8/site-packages/airflow/example_dags/example_bash_operator.py
[2023-11-26T18:00:08.704+0000] {processor.py:839} INFO - DAG(s) dict_keys(['example_bash_operator']) retrieved from /home/airflow/.local/lib/python3.8/site-packages/airflow/example_dags/example_bash_operator.py
[2023-11-26T18:00:08.853+0000] {logging_mixin.py:154} INFO - [2023-11-26T18:00:08.852+0000] {dag.py:2941} INFO - Sync 1 DAGs
[2023-11-26T18:00:08.961+0000] {logging_mixin.py:154} INFO - [2023-11-26T18:00:08.960+0000] {dag.py:3722} INFO - Setting next_dagrun for example_bash_operator to 2023-11-25T00:00:00+00:00, run_after=2023-11-26T00:00:00+00:00
[2023-11-26T18:00:09.017+0000] {processor.py:179} INFO - Processing /home/airflow/.local/lib/python3.8/site-packages/airflow/example_dags/example_bash_operator.py took 0.386 seconds
[2023-11-26T18:00:39.404+0000] {processor.py:157} INFO - Started process (PID=1526) to work on /home/airflow/.local/lib/python3.8/site-packages/airflow/example_dags/example_bash_operator.py
[2023-11-26T18:00:39.407+0000] {processor.py:829} INFO - Processing file /home/airflow/.local/lib/python3.8/site-packages/airflow/example_dags/example_bash_operator.py for tasks to queue
[2023-11-26T18:00:39.414+0000] {logging_mixin.py:154} INFO - [2023-11-26T18:00:39.413+0000] {dagbag.py:536} INFO - Filling up the DagBag from /home/airflow/.local/lib/python3.8/site-packages/airflow/example_dags/example_bash_operator.py
[2023-11-26T18:00:39.454+0000] {processor.py:839} INFO - DAG(s) dict_keys(['example_bash_operator']) retrieved from /home/airflow/.local/lib/python3.8/site-packages/airflow/example_dags/example_bash_operator.py
[2023-11-26T18:00:39.555+0000] {logging_mixin.py:154} INFO - [2023-11-26T18:00:39.555+0000] {dag.py:2941} INFO - Sync 1 DAGs
[2023-11-26T18:00:39.621+0000] {logging_mixin.py:154} INFO - [2023-11-26T18:00:39.619+0000] {dag.py:3722} INFO - Setting next_dagrun for example_bash_operator to 2023-11-25T00:00:00+00:00, run_after=2023-11-26T00:00:00+00:00
[2023-11-26T18:00:39.674+0000] {processor.py:179} INFO - Processing /home/airflow/.local/lib/python3.8/site-packages/airflow/example_dags/example_bash_operator.py took 0.282 seconds
[2023-11-26T18:01:10.660+0000] {processor.py:157} INFO - Started process (PID=1580) to work on /home/airflow/.local/lib/python3.8/site-packages/airflow/example_dags/example_bash_operator.py
[2023-11-26T18:01:10.663+0000] {processor.py:829} INFO - Processing file /home/airflow/.local/lib/python3.8/site-packages/airflow/example_dags/example_bash_operator.py for tasks to queue
[2023-11-26T18:01:10.670+0000] {logging_mixin.py:154} INFO - [2023-11-26T18:01:10.669+0000] {dagbag.py:536} INFO - Filling up the DagBag from /home/airflow/.local/lib/python3.8/site-packages/airflow/example_dags/example_bash_operator.py
[2023-11-26T18:01:10.706+0000] {processor.py:839} INFO - DAG(s) dict_keys(['example_bash_operator']) retrieved from /home/airflow/.local/lib/python3.8/site-packages/airflow/example_dags/example_bash_operator.py
[2023-11-26T18:01:10.794+0000] {logging_mixin.py:154} INFO - [2023-11-26T18:01:10.793+0000] {dag.py:2941} INFO - Sync 1 DAGs
[2023-11-26T18:01:10.866+0000] {logging_mixin.py:154} INFO - [2023-11-26T18:01:10.865+0000] {dag.py:3722} INFO - Setting next_dagrun for example_bash_operator to 2023-11-25T00:00:00+00:00, run_after=2023-11-26T00:00:00+00:00
[2023-11-26T18:01:10.924+0000] {processor.py:179} INFO - Processing /home/airflow/.local/lib/python3.8/site-packages/airflow/example_dags/example_bash_operator.py took 0.272 seconds
[2023-11-26T18:01:41.385+0000] {processor.py:157} INFO - Started process (PID=1634) to work on /home/airflow/.local/lib/python3.8/site-packages/airflow/example_dags/example_bash_operator.py
[2023-11-26T18:01:41.388+0000] {processor.py:829} INFO - Processing file /home/airflow/.local/lib/python3.8/site-packages/airflow/example_dags/example_bash_operator.py for tasks to queue
[2023-11-26T18:01:41.397+0000] {logging_mixin.py:154} INFO - [2023-11-26T18:01:41.396+0000] {dagbag.py:536} INFO - Filling up the DagBag from /home/airflow/.local/lib/python3.8/site-packages/airflow/example_dags/example_bash_operator.py
[2023-11-26T18:01:41.428+0000] {processor.py:839} INFO - DAG(s) dict_keys(['example_bash_operator']) retrieved from /home/airflow/.local/lib/python3.8/site-packages/airflow/example_dags/example_bash_operator.py
[2023-11-26T18:01:41.528+0000] {logging_mixin.py:154} INFO - [2023-11-26T18:01:41.528+0000] {dag.py:2941} INFO - Sync 1 DAGs
[2023-11-26T18:01:41.657+0000] {logging_mixin.py:154} INFO - [2023-11-26T18:01:41.657+0000] {dag.py:3722} INFO - Setting next_dagrun for example_bash_operator to 2023-11-25T00:00:00+00:00, run_after=2023-11-26T00:00:00+00:00
[2023-11-26T18:01:41.736+0000] {processor.py:179} INFO - Processing /home/airflow/.local/lib/python3.8/site-packages/airflow/example_dags/example_bash_operator.py took 0.362 seconds
[2023-11-26T18:02:12.020+0000] {processor.py:157} INFO - Started process (PID=1687) to work on /home/airflow/.local/lib/python3.8/site-packages/airflow/example_dags/example_bash_operator.py
[2023-11-26T18:02:12.022+0000] {processor.py:829} INFO - Processing file /home/airflow/.local/lib/python3.8/site-packages/airflow/example_dags/example_bash_operator.py for tasks to queue
[2023-11-26T18:02:12.027+0000] {logging_mixin.py:154} INFO - [2023-11-26T18:02:12.027+0000] {dagbag.py:536} INFO - Filling up the DagBag from /home/airflow/.local/lib/python3.8/site-packages/airflow/example_dags/example_bash_operator.py
[2023-11-26T18:02:12.058+0000] {processor.py:839} INFO - DAG(s) dict_keys(['example_bash_operator']) retrieved from /home/airflow/.local/lib/python3.8/site-packages/airflow/example_dags/example_bash_operator.py
[2023-11-26T18:02:12.155+0000] {logging_mixin.py:154} INFO - [2023-11-26T18:02:12.154+0000] {dag.py:2941} INFO - Sync 1 DAGs
[2023-11-26T18:02:12.207+0000] {logging_mixin.py:154} INFO - [2023-11-26T18:02:12.207+0000] {dag.py:3722} INFO - Setting next_dagrun for example_bash_operator to 2023-11-25T00:00:00+00:00, run_after=2023-11-26T00:00:00+00:00
[2023-11-26T18:02:12.249+0000] {processor.py:179} INFO - Processing /home/airflow/.local/lib/python3.8/site-packages/airflow/example_dags/example_bash_operator.py took 0.235 seconds
[2023-11-26T18:02:43.863+0000] {processor.py:157} INFO - Started process (PID=1741) to work on /home/airflow/.local/lib/python3.8/site-packages/airflow/example_dags/example_bash_operator.py
[2023-11-26T18:02:43.869+0000] {processor.py:829} INFO - Processing file /home/airflow/.local/lib/python3.8/site-packages/airflow/example_dags/example_bash_operator.py for tasks to queue
[2023-11-26T18:02:43.876+0000] {logging_mixin.py:154} INFO - [2023-11-26T18:02:43.876+0000] {dagbag.py:536} INFO - Filling up the DagBag from /home/airflow/.local/lib/python3.8/site-packages/airflow/example_dags/example_bash_operator.py
[2023-11-26T18:02:43.914+0000] {processor.py:839} INFO - DAG(s) dict_keys(['example_bash_operator']) retrieved from /home/airflow/.local/lib/python3.8/site-packages/airflow/example_dags/example_bash_operator.py
[2023-11-26T18:02:44.071+0000] {logging_mixin.py:154} INFO - [2023-11-26T18:02:44.071+0000] {dag.py:2941} INFO - Sync 1 DAGs
[2023-11-26T18:02:44.136+0000] {logging_mixin.py:154} INFO - [2023-11-26T18:02:44.136+0000] {dag.py:3722} INFO - Setting next_dagrun for example_bash_operator to 2023-11-25T00:00:00+00:00, run_after=2023-11-26T00:00:00+00:00
[2023-11-26T18:02:44.215+0000] {processor.py:179} INFO - Processing /home/airflow/.local/lib/python3.8/site-packages/airflow/example_dags/example_bash_operator.py took 0.362 seconds
[2023-11-26T18:03:15.220+0000] {processor.py:157} INFO - Started process (PID=1795) to work on /home/airflow/.local/lib/python3.8/site-packages/airflow/example_dags/example_bash_operator.py
[2023-11-26T18:03:15.223+0000] {processor.py:829} INFO - Processing file /home/airflow/.local/lib/python3.8/site-packages/airflow/example_dags/example_bash_operator.py for tasks to queue
[2023-11-26T18:03:15.230+0000] {logging_mixin.py:154} INFO - [2023-11-26T18:03:15.229+0000] {dagbag.py:536} INFO - Filling up the DagBag from /home/airflow/.local/lib/python3.8/site-packages/airflow/example_dags/example_bash_operator.py
[2023-11-26T18:03:15.264+0000] {processor.py:839} INFO - DAG(s) dict_keys(['example_bash_operator']) retrieved from /home/airflow/.local/lib/python3.8/site-packages/airflow/example_dags/example_bash_operator.py
[2023-11-26T18:03:15.343+0000] {logging_mixin.py:154} INFO - [2023-11-26T18:03:15.343+0000] {dag.py:2941} INFO - Sync 1 DAGs
[2023-11-26T18:03:15.410+0000] {logging_mixin.py:154} INFO - [2023-11-26T18:03:15.409+0000] {dag.py:3722} INFO - Setting next_dagrun for example_bash_operator to 2023-11-25T00:00:00+00:00, run_after=2023-11-26T00:00:00+00:00
[2023-11-26T18:03:15.532+0000] {processor.py:179} INFO - Processing /home/airflow/.local/lib/python3.8/site-packages/airflow/example_dags/example_bash_operator.py took 0.319 seconds
