[2023-11-26T17:42:13.260+0000] {processor.py:157} INFO - Started process (PID=66) to work on /home/airflow/.local/lib/python3.8/site-packages/airflow/example_dags/example_branch_labels.py
[2023-11-26T17:42:13.266+0000] {processor.py:829} INFO - Processing file /home/airflow/.local/lib/python3.8/site-packages/airflow/example_dags/example_branch_labels.py for tasks to queue
[2023-11-26T17:42:13.280+0000] {logging_mixin.py:154} INFO - [2023-11-26T17:42:13.277+0000] {dagbag.py:536} INFO - Filling up the DagBag from /home/airflow/.local/lib/python3.8/site-packages/airflow/example_dags/example_branch_labels.py
[2023-11-26T17:42:14.064+0000] {processor.py:839} INFO - DAG(s) dict_keys(['example_branch_labels']) retrieved from /home/airflow/.local/lib/python3.8/site-packages/airflow/example_dags/example_branch_labels.py
[2023-11-26T17:42:14.616+0000] {logging_mixin.py:154} INFO - [2023-11-26T17:42:14.616+0000] {dag.py:2941} INFO - Sync 1 DAGs
[2023-11-26T17:42:14.809+0000] {logging_mixin.py:154} INFO - [2023-11-26T17:42:14.808+0000] {dag.py:3722} INFO - Setting next_dagrun for example_branch_labels to 2023-11-25T00:00:00+00:00, run_after=2023-11-26T00:00:00+00:00
[2023-11-26T17:42:14.887+0000] {processor.py:179} INFO - Processing /home/airflow/.local/lib/python3.8/site-packages/airflow/example_dags/example_branch_labels.py took 1.646 seconds
[2023-11-26T17:46:11.054+0000] {processor.py:157} INFO - Started process (PID=68) to work on /home/airflow/.local/lib/python3.8/site-packages/airflow/example_dags/example_branch_labels.py
[2023-11-26T17:46:11.060+0000] {processor.py:829} INFO - Processing file /home/airflow/.local/lib/python3.8/site-packages/airflow/example_dags/example_branch_labels.py for tasks to queue
[2023-11-26T17:46:11.066+0000] {logging_mixin.py:154} INFO - [2023-11-26T17:46:11.066+0000] {dagbag.py:536} INFO - Filling up the DagBag from /home/airflow/.local/lib/python3.8/site-packages/airflow/example_dags/example_branch_labels.py
[2023-11-26T17:46:11.127+0000] {processor.py:839} INFO - DAG(s) dict_keys(['example_branch_labels']) retrieved from /home/airflow/.local/lib/python3.8/site-packages/airflow/example_dags/example_branch_labels.py
[2023-11-26T17:46:11.282+0000] {logging_mixin.py:154} INFO - [2023-11-26T17:46:11.281+0000] {dag.py:2941} INFO - Sync 1 DAGs
[2023-11-26T17:46:11.393+0000] {logging_mixin.py:154} INFO - [2023-11-26T17:46:11.392+0000] {dag.py:3722} INFO - Setting next_dagrun for example_branch_labels to 2023-11-25T00:00:00+00:00, run_after=2023-11-26T00:00:00+00:00
[2023-11-26T17:46:11.450+0000] {processor.py:179} INFO - Processing /home/airflow/.local/lib/python3.8/site-packages/airflow/example_dags/example_branch_labels.py took 0.404 seconds
[2023-11-26T17:46:46.516+0000] {processor.py:157} INFO - Started process (PID=122) to work on /home/airflow/.local/lib/python3.8/site-packages/airflow/example_dags/example_branch_labels.py
[2023-11-26T17:46:46.522+0000] {processor.py:829} INFO - Processing file /home/airflow/.local/lib/python3.8/site-packages/airflow/example_dags/example_branch_labels.py for tasks to queue
[2023-11-26T17:46:46.528+0000] {logging_mixin.py:154} INFO - [2023-11-26T17:46:46.527+0000] {dagbag.py:536} INFO - Filling up the DagBag from /home/airflow/.local/lib/python3.8/site-packages/airflow/example_dags/example_branch_labels.py
[2023-11-26T17:46:46.551+0000] {processor.py:839} INFO - DAG(s) dict_keys(['example_branch_labels']) retrieved from /home/airflow/.local/lib/python3.8/site-packages/airflow/example_dags/example_branch_labels.py
[2023-11-26T17:46:46.624+0000] {logging_mixin.py:154} INFO - [2023-11-26T17:46:46.624+0000] {dag.py:2941} INFO - Sync 1 DAGs
[2023-11-26T17:46:46.702+0000] {logging_mixin.py:154} INFO - [2023-11-26T17:46:46.701+0000] {dag.py:3722} INFO - Setting next_dagrun for example_branch_labels to 2023-11-25T00:00:00+00:00, run_after=2023-11-26T00:00:00+00:00
[2023-11-26T17:46:46.760+0000] {processor.py:179} INFO - Processing /home/airflow/.local/lib/python3.8/site-packages/airflow/example_dags/example_branch_labels.py took 0.252 seconds
[2023-11-26T17:47:16.834+0000] {processor.py:157} INFO - Started process (PID=175) to work on /home/airflow/.local/lib/python3.8/site-packages/airflow/example_dags/example_branch_labels.py
[2023-11-26T17:47:16.836+0000] {processor.py:829} INFO - Processing file /home/airflow/.local/lib/python3.8/site-packages/airflow/example_dags/example_branch_labels.py for tasks to queue
[2023-11-26T17:47:16.841+0000] {logging_mixin.py:154} INFO - [2023-11-26T17:47:16.841+0000] {dagbag.py:536} INFO - Filling up the DagBag from /home/airflow/.local/lib/python3.8/site-packages/airflow/example_dags/example_branch_labels.py
[2023-11-26T17:47:16.861+0000] {processor.py:839} INFO - DAG(s) dict_keys(['example_branch_labels']) retrieved from /home/airflow/.local/lib/python3.8/site-packages/airflow/example_dags/example_branch_labels.py
[2023-11-26T17:47:16.914+0000] {logging_mixin.py:154} INFO - [2023-11-26T17:47:16.914+0000] {dag.py:2941} INFO - Sync 1 DAGs
[2023-11-26T17:47:16.971+0000] {logging_mixin.py:154} INFO - [2023-11-26T17:47:16.970+0000] {dag.py:3722} INFO - Setting next_dagrun for example_branch_labels to 2023-11-25T00:00:00+00:00, run_after=2023-11-26T00:00:00+00:00
[2023-11-26T17:47:17.018+0000] {processor.py:179} INFO - Processing /home/airflow/.local/lib/python3.8/site-packages/airflow/example_dags/example_branch_labels.py took 0.192 seconds
[2023-11-26T17:47:48.259+0000] {processor.py:157} INFO - Started process (PID=230) to work on /home/airflow/.local/lib/python3.8/site-packages/airflow/example_dags/example_branch_labels.py
[2023-11-26T17:47:48.261+0000] {processor.py:829} INFO - Processing file /home/airflow/.local/lib/python3.8/site-packages/airflow/example_dags/example_branch_labels.py for tasks to queue
[2023-11-26T17:47:48.266+0000] {logging_mixin.py:154} INFO - [2023-11-26T17:47:48.266+0000] {dagbag.py:536} INFO - Filling up the DagBag from /home/airflow/.local/lib/python3.8/site-packages/airflow/example_dags/example_branch_labels.py
[2023-11-26T17:47:48.281+0000] {processor.py:839} INFO - DAG(s) dict_keys(['example_branch_labels']) retrieved from /home/airflow/.local/lib/python3.8/site-packages/airflow/example_dags/example_branch_labels.py
[2023-11-26T17:47:48.325+0000] {logging_mixin.py:154} INFO - [2023-11-26T17:47:48.325+0000] {dag.py:2941} INFO - Sync 1 DAGs
[2023-11-26T17:47:48.373+0000] {logging_mixin.py:154} INFO - [2023-11-26T17:47:48.372+0000] {dag.py:3722} INFO - Setting next_dagrun for example_branch_labels to 2023-11-25T00:00:00+00:00, run_after=2023-11-26T00:00:00+00:00
[2023-11-26T17:47:48.438+0000] {processor.py:179} INFO - Processing /home/airflow/.local/lib/python3.8/site-packages/airflow/example_dags/example_branch_labels.py took 0.188 seconds
[2023-11-26T17:48:19.652+0000] {processor.py:157} INFO - Started process (PID=283) to work on /home/airflow/.local/lib/python3.8/site-packages/airflow/example_dags/example_branch_labels.py
[2023-11-26T17:48:19.654+0000] {processor.py:829} INFO - Processing file /home/airflow/.local/lib/python3.8/site-packages/airflow/example_dags/example_branch_labels.py for tasks to queue
[2023-11-26T17:48:19.661+0000] {logging_mixin.py:154} INFO - [2023-11-26T17:48:19.659+0000] {dagbag.py:536} INFO - Filling up the DagBag from /home/airflow/.local/lib/python3.8/site-packages/airflow/example_dags/example_branch_labels.py
[2023-11-26T17:48:19.680+0000] {processor.py:839} INFO - DAG(s) dict_keys(['example_branch_labels']) retrieved from /home/airflow/.local/lib/python3.8/site-packages/airflow/example_dags/example_branch_labels.py
[2023-11-26T17:48:19.731+0000] {logging_mixin.py:154} INFO - [2023-11-26T17:48:19.730+0000] {dag.py:2941} INFO - Sync 1 DAGs
[2023-11-26T17:48:19.787+0000] {logging_mixin.py:154} INFO - [2023-11-26T17:48:19.786+0000] {dag.py:3722} INFO - Setting next_dagrun for example_branch_labels to 2023-11-25T00:00:00+00:00, run_after=2023-11-26T00:00:00+00:00
[2023-11-26T17:48:19.826+0000] {processor.py:179} INFO - Processing /home/airflow/.local/lib/python3.8/site-packages/airflow/example_dags/example_branch_labels.py took 0.182 seconds
[2023-11-26T17:48:51.157+0000] {processor.py:157} INFO - Started process (PID=335) to work on /home/airflow/.local/lib/python3.8/site-packages/airflow/example_dags/example_branch_labels.py
[2023-11-26T17:48:51.176+0000] {processor.py:829} INFO - Processing file /home/airflow/.local/lib/python3.8/site-packages/airflow/example_dags/example_branch_labels.py for tasks to queue
[2023-11-26T17:48:51.182+0000] {logging_mixin.py:154} INFO - [2023-11-26T17:48:51.181+0000] {dagbag.py:536} INFO - Filling up the DagBag from /home/airflow/.local/lib/python3.8/site-packages/airflow/example_dags/example_branch_labels.py
[2023-11-26T17:48:51.243+0000] {processor.py:839} INFO - DAG(s) dict_keys(['example_branch_labels']) retrieved from /home/airflow/.local/lib/python3.8/site-packages/airflow/example_dags/example_branch_labels.py
[2023-11-26T17:48:51.348+0000] {logging_mixin.py:154} INFO - [2023-11-26T17:48:51.348+0000] {dag.py:2941} INFO - Sync 1 DAGs
[2023-11-26T17:48:51.538+0000] {logging_mixin.py:154} INFO - [2023-11-26T17:48:51.537+0000] {dag.py:3722} INFO - Setting next_dagrun for example_branch_labels to 2023-11-25T00:00:00+00:00, run_after=2023-11-26T00:00:00+00:00
[2023-11-26T17:48:51.615+0000] {processor.py:179} INFO - Processing /home/airflow/.local/lib/python3.8/site-packages/airflow/example_dags/example_branch_labels.py took 0.468 seconds
[2023-11-26T17:49:22.986+0000] {processor.py:157} INFO - Started process (PID=388) to work on /home/airflow/.local/lib/python3.8/site-packages/airflow/example_dags/example_branch_labels.py
[2023-11-26T17:49:23.005+0000] {processor.py:829} INFO - Processing file /home/airflow/.local/lib/python3.8/site-packages/airflow/example_dags/example_branch_labels.py for tasks to queue
[2023-11-26T17:49:23.014+0000] {logging_mixin.py:154} INFO - [2023-11-26T17:49:23.012+0000] {dagbag.py:536} INFO - Filling up the DagBag from /home/airflow/.local/lib/python3.8/site-packages/airflow/example_dags/example_branch_labels.py
[2023-11-26T17:49:23.038+0000] {processor.py:839} INFO - DAG(s) dict_keys(['example_branch_labels']) retrieved from /home/airflow/.local/lib/python3.8/site-packages/airflow/example_dags/example_branch_labels.py
[2023-11-26T17:49:23.105+0000] {logging_mixin.py:154} INFO - [2023-11-26T17:49:23.105+0000] {dag.py:2941} INFO - Sync 1 DAGs
[2023-11-26T17:49:23.172+0000] {logging_mixin.py:154} INFO - [2023-11-26T17:49:23.171+0000] {dag.py:3722} INFO - Setting next_dagrun for example_branch_labels to 2023-11-25T00:00:00+00:00, run_after=2023-11-26T00:00:00+00:00
[2023-11-26T17:49:23.250+0000] {processor.py:179} INFO - Processing /home/airflow/.local/lib/python3.8/site-packages/airflow/example_dags/example_branch_labels.py took 0.274 seconds
[2023-11-26T17:49:54.654+0000] {processor.py:157} INFO - Started process (PID=441) to work on /home/airflow/.local/lib/python3.8/site-packages/airflow/example_dags/example_branch_labels.py
[2023-11-26T17:49:54.658+0000] {processor.py:829} INFO - Processing file /home/airflow/.local/lib/python3.8/site-packages/airflow/example_dags/example_branch_labels.py for tasks to queue
[2023-11-26T17:49:54.667+0000] {logging_mixin.py:154} INFO - [2023-11-26T17:49:54.667+0000] {dagbag.py:536} INFO - Filling up the DagBag from /home/airflow/.local/lib/python3.8/site-packages/airflow/example_dags/example_branch_labels.py
[2023-11-26T17:49:54.750+0000] {processor.py:839} INFO - DAG(s) dict_keys(['example_branch_labels']) retrieved from /home/airflow/.local/lib/python3.8/site-packages/airflow/example_dags/example_branch_labels.py
[2023-11-26T17:49:54.831+0000] {logging_mixin.py:154} INFO - [2023-11-26T17:49:54.830+0000] {dag.py:2941} INFO - Sync 1 DAGs
[2023-11-26T17:49:55.145+0000] {logging_mixin.py:154} INFO - [2023-11-26T17:49:55.145+0000] {dag.py:3722} INFO - Setting next_dagrun for example_branch_labels to 2023-11-25T00:00:00+00:00, run_after=2023-11-26T00:00:00+00:00
[2023-11-26T17:49:55.506+0000] {processor.py:179} INFO - Processing /home/airflow/.local/lib/python3.8/site-packages/airflow/example_dags/example_branch_labels.py took 0.866 seconds
[2023-11-26T17:50:25.824+0000] {processor.py:157} INFO - Started process (PID=495) to work on /home/airflow/.local/lib/python3.8/site-packages/airflow/example_dags/example_branch_labels.py
[2023-11-26T17:50:25.882+0000] {processor.py:829} INFO - Processing file /home/airflow/.local/lib/python3.8/site-packages/airflow/example_dags/example_branch_labels.py for tasks to queue
[2023-11-26T17:50:25.889+0000] {logging_mixin.py:154} INFO - [2023-11-26T17:50:25.888+0000] {dagbag.py:536} INFO - Filling up the DagBag from /home/airflow/.local/lib/python3.8/site-packages/airflow/example_dags/example_branch_labels.py
[2023-11-26T17:50:25.990+0000] {processor.py:839} INFO - DAG(s) dict_keys(['example_branch_labels']) retrieved from /home/airflow/.local/lib/python3.8/site-packages/airflow/example_dags/example_branch_labels.py
[2023-11-26T17:50:26.140+0000] {logging_mixin.py:154} INFO - [2023-11-26T17:50:26.139+0000] {dag.py:2941} INFO - Sync 1 DAGs
[2023-11-26T17:50:26.274+0000] {logging_mixin.py:154} INFO - [2023-11-26T17:50:26.274+0000] {dag.py:3722} INFO - Setting next_dagrun for example_branch_labels to 2023-11-25T00:00:00+00:00, run_after=2023-11-26T00:00:00+00:00
[2023-11-26T17:50:26.348+0000] {processor.py:179} INFO - Processing /home/airflow/.local/lib/python3.8/site-packages/airflow/example_dags/example_branch_labels.py took 0.534 seconds
[2023-11-26T17:50:56.665+0000] {processor.py:157} INFO - Started process (PID=549) to work on /home/airflow/.local/lib/python3.8/site-packages/airflow/example_dags/example_branch_labels.py
[2023-11-26T17:50:56.674+0000] {processor.py:829} INFO - Processing file /home/airflow/.local/lib/python3.8/site-packages/airflow/example_dags/example_branch_labels.py for tasks to queue
[2023-11-26T17:50:56.705+0000] {logging_mixin.py:154} INFO - [2023-11-26T17:50:56.700+0000] {dagbag.py:536} INFO - Filling up the DagBag from /home/airflow/.local/lib/python3.8/site-packages/airflow/example_dags/example_branch_labels.py
[2023-11-26T17:50:56.758+0000] {processor.py:839} INFO - DAG(s) dict_keys(['example_branch_labels']) retrieved from /home/airflow/.local/lib/python3.8/site-packages/airflow/example_dags/example_branch_labels.py
[2023-11-26T17:50:57.003+0000] {logging_mixin.py:154} INFO - [2023-11-26T17:50:57.003+0000] {dag.py:2941} INFO - Sync 1 DAGs
[2023-11-26T17:50:57.208+0000] {logging_mixin.py:154} INFO - [2023-11-26T17:50:57.208+0000] {dag.py:3722} INFO - Setting next_dagrun for example_branch_labels to 2023-11-25T00:00:00+00:00, run_after=2023-11-26T00:00:00+00:00
[2023-11-26T17:50:57.330+0000] {processor.py:179} INFO - Processing /home/airflow/.local/lib/python3.8/site-packages/airflow/example_dags/example_branch_labels.py took 0.679 seconds
[2023-11-26T17:51:30.328+0000] {processor.py:157} INFO - Started process (PID=609) to work on /home/airflow/.local/lib/python3.8/site-packages/airflow/example_dags/example_branch_labels.py
[2023-11-26T17:51:30.368+0000] {processor.py:829} INFO - Processing file /home/airflow/.local/lib/python3.8/site-packages/airflow/example_dags/example_branch_labels.py for tasks to queue
[2023-11-26T17:51:30.393+0000] {logging_mixin.py:154} INFO - [2023-11-26T17:51:30.392+0000] {dagbag.py:536} INFO - Filling up the DagBag from /home/airflow/.local/lib/python3.8/site-packages/airflow/example_dags/example_branch_labels.py
[2023-11-26T17:51:30.469+0000] {processor.py:839} INFO - DAG(s) dict_keys(['example_branch_labels']) retrieved from /home/airflow/.local/lib/python3.8/site-packages/airflow/example_dags/example_branch_labels.py
[2023-11-26T17:51:30.615+0000] {logging_mixin.py:154} INFO - [2023-11-26T17:51:30.614+0000] {dag.py:2941} INFO - Sync 1 DAGs
[2023-11-26T17:51:30.844+0000] {logging_mixin.py:154} INFO - [2023-11-26T17:51:30.844+0000] {dag.py:3722} INFO - Setting next_dagrun for example_branch_labels to 2023-11-25T00:00:00+00:00, run_after=2023-11-26T00:00:00+00:00
[2023-11-26T17:51:30.937+0000] {processor.py:179} INFO - Processing /home/airflow/.local/lib/python3.8/site-packages/airflow/example_dags/example_branch_labels.py took 0.621 seconds
[2023-11-26T17:52:01.104+0000] {processor.py:157} INFO - Started process (PID=663) to work on /home/airflow/.local/lib/python3.8/site-packages/airflow/example_dags/example_branch_labels.py
[2023-11-26T17:52:01.108+0000] {processor.py:829} INFO - Processing file /home/airflow/.local/lib/python3.8/site-packages/airflow/example_dags/example_branch_labels.py for tasks to queue
[2023-11-26T17:52:01.119+0000] {logging_mixin.py:154} INFO - [2023-11-26T17:52:01.118+0000] {dagbag.py:536} INFO - Filling up the DagBag from /home/airflow/.local/lib/python3.8/site-packages/airflow/example_dags/example_branch_labels.py
[2023-11-26T17:52:01.158+0000] {processor.py:839} INFO - DAG(s) dict_keys(['example_branch_labels']) retrieved from /home/airflow/.local/lib/python3.8/site-packages/airflow/example_dags/example_branch_labels.py
[2023-11-26T17:52:01.226+0000] {logging_mixin.py:154} INFO - [2023-11-26T17:52:01.225+0000] {dag.py:2941} INFO - Sync 1 DAGs
[2023-11-26T17:52:01.294+0000] {logging_mixin.py:154} INFO - [2023-11-26T17:52:01.294+0000] {dag.py:3722} INFO - Setting next_dagrun for example_branch_labels to 2023-11-25T00:00:00+00:00, run_after=2023-11-26T00:00:00+00:00
[2023-11-26T17:52:01.345+0000] {processor.py:179} INFO - Processing /home/airflow/.local/lib/python3.8/site-packages/airflow/example_dags/example_branch_labels.py took 0.250 seconds
[2023-11-26T17:52:31.560+0000] {processor.py:157} INFO - Started process (PID=717) to work on /home/airflow/.local/lib/python3.8/site-packages/airflow/example_dags/example_branch_labels.py
[2023-11-26T17:52:31.564+0000] {processor.py:829} INFO - Processing file /home/airflow/.local/lib/python3.8/site-packages/airflow/example_dags/example_branch_labels.py for tasks to queue
[2023-11-26T17:52:31.571+0000] {logging_mixin.py:154} INFO - [2023-11-26T17:52:31.570+0000] {dagbag.py:536} INFO - Filling up the DagBag from /home/airflow/.local/lib/python3.8/site-packages/airflow/example_dags/example_branch_labels.py
[2023-11-26T17:52:31.599+0000] {processor.py:839} INFO - DAG(s) dict_keys(['example_branch_labels']) retrieved from /home/airflow/.local/lib/python3.8/site-packages/airflow/example_dags/example_branch_labels.py
[2023-11-26T17:52:31.671+0000] {logging_mixin.py:154} INFO - [2023-11-26T17:52:31.670+0000] {dag.py:2941} INFO - Sync 1 DAGs
[2023-11-26T17:52:31.751+0000] {logging_mixin.py:154} INFO - [2023-11-26T17:52:31.750+0000] {dag.py:3722} INFO - Setting next_dagrun for example_branch_labels to 2023-11-25T00:00:00+00:00, run_after=2023-11-26T00:00:00+00:00
[2023-11-26T17:52:31.816+0000] {processor.py:179} INFO - Processing /home/airflow/.local/lib/python3.8/site-packages/airflow/example_dags/example_branch_labels.py took 0.266 seconds
[2023-11-26T17:53:04.272+0000] {processor.py:157} INFO - Started process (PID=771) to work on /home/airflow/.local/lib/python3.8/site-packages/airflow/example_dags/example_branch_labels.py
[2023-11-26T17:53:04.305+0000] {processor.py:829} INFO - Processing file /home/airflow/.local/lib/python3.8/site-packages/airflow/example_dags/example_branch_labels.py for tasks to queue
[2023-11-26T17:53:04.325+0000] {logging_mixin.py:154} INFO - [2023-11-26T17:53:04.322+0000] {dagbag.py:536} INFO - Filling up the DagBag from /home/airflow/.local/lib/python3.8/site-packages/airflow/example_dags/example_branch_labels.py
[2023-11-26T17:53:04.375+0000] {processor.py:839} INFO - DAG(s) dict_keys(['example_branch_labels']) retrieved from /home/airflow/.local/lib/python3.8/site-packages/airflow/example_dags/example_branch_labels.py
[2023-11-26T17:53:04.436+0000] {logging_mixin.py:154} INFO - [2023-11-26T17:53:04.435+0000] {dag.py:2941} INFO - Sync 1 DAGs
[2023-11-26T17:53:04.494+0000] {logging_mixin.py:154} INFO - [2023-11-26T17:53:04.494+0000] {dag.py:3722} INFO - Setting next_dagrun for example_branch_labels to 2023-11-25T00:00:00+00:00, run_after=2023-11-26T00:00:00+00:00
[2023-11-26T17:53:04.549+0000] {processor.py:179} INFO - Processing /home/airflow/.local/lib/python3.8/site-packages/airflow/example_dags/example_branch_labels.py took 0.286 seconds
[2023-11-26T17:53:34.900+0000] {processor.py:157} INFO - Started process (PID=825) to work on /home/airflow/.local/lib/python3.8/site-packages/airflow/example_dags/example_branch_labels.py
[2023-11-26T17:53:34.904+0000] {processor.py:829} INFO - Processing file /home/airflow/.local/lib/python3.8/site-packages/airflow/example_dags/example_branch_labels.py for tasks to queue
[2023-11-26T17:53:34.912+0000] {logging_mixin.py:154} INFO - [2023-11-26T17:53:34.911+0000] {dagbag.py:536} INFO - Filling up the DagBag from /home/airflow/.local/lib/python3.8/site-packages/airflow/example_dags/example_branch_labels.py
[2023-11-26T17:53:34.937+0000] {processor.py:839} INFO - DAG(s) dict_keys(['example_branch_labels']) retrieved from /home/airflow/.local/lib/python3.8/site-packages/airflow/example_dags/example_branch_labels.py
[2023-11-26T17:53:35.014+0000] {logging_mixin.py:154} INFO - [2023-11-26T17:53:35.013+0000] {dag.py:2941} INFO - Sync 1 DAGs
[2023-11-26T17:53:35.121+0000] {logging_mixin.py:154} INFO - [2023-11-26T17:53:35.120+0000] {dag.py:3722} INFO - Setting next_dagrun for example_branch_labels to 2023-11-25T00:00:00+00:00, run_after=2023-11-26T00:00:00+00:00
[2023-11-26T17:53:35.177+0000] {processor.py:179} INFO - Processing /home/airflow/.local/lib/python3.8/site-packages/airflow/example_dags/example_branch_labels.py took 0.291 seconds
[2023-11-26T17:54:06.953+0000] {processor.py:157} INFO - Started process (PID=879) to work on /home/airflow/.local/lib/python3.8/site-packages/airflow/example_dags/example_branch_labels.py
[2023-11-26T17:54:06.957+0000] {processor.py:829} INFO - Processing file /home/airflow/.local/lib/python3.8/site-packages/airflow/example_dags/example_branch_labels.py for tasks to queue
[2023-11-26T17:54:06.964+0000] {logging_mixin.py:154} INFO - [2023-11-26T17:54:06.964+0000] {dagbag.py:536} INFO - Filling up the DagBag from /home/airflow/.local/lib/python3.8/site-packages/airflow/example_dags/example_branch_labels.py
[2023-11-26T17:54:07.003+0000] {processor.py:839} INFO - DAG(s) dict_keys(['example_branch_labels']) retrieved from /home/airflow/.local/lib/python3.8/site-packages/airflow/example_dags/example_branch_labels.py
[2023-11-26T17:54:07.126+0000] {logging_mixin.py:154} INFO - [2023-11-26T17:54:07.126+0000] {dag.py:2941} INFO - Sync 1 DAGs
[2023-11-26T17:54:07.281+0000] {logging_mixin.py:154} INFO - [2023-11-26T17:54:07.279+0000] {dag.py:3722} INFO - Setting next_dagrun for example_branch_labels to 2023-11-25T00:00:00+00:00, run_after=2023-11-26T00:00:00+00:00
[2023-11-26T17:54:07.453+0000] {processor.py:179} INFO - Processing /home/airflow/.local/lib/python3.8/site-packages/airflow/example_dags/example_branch_labels.py took 0.574 seconds
[2023-11-26T17:54:40.783+0000] {processor.py:157} INFO - Started process (PID=933) to work on /home/airflow/.local/lib/python3.8/site-packages/airflow/example_dags/example_branch_labels.py
[2023-11-26T17:54:41.003+0000] {processor.py:829} INFO - Processing file /home/airflow/.local/lib/python3.8/site-packages/airflow/example_dags/example_branch_labels.py for tasks to queue
[2023-11-26T17:54:41.021+0000] {logging_mixin.py:154} INFO - [2023-11-26T17:54:41.020+0000] {dagbag.py:536} INFO - Filling up the DagBag from /home/airflow/.local/lib/python3.8/site-packages/airflow/example_dags/example_branch_labels.py
[2023-11-26T17:54:41.189+0000] {processor.py:839} INFO - DAG(s) dict_keys(['example_branch_labels']) retrieved from /home/airflow/.local/lib/python3.8/site-packages/airflow/example_dags/example_branch_labels.py
[2023-11-26T17:54:41.537+0000] {logging_mixin.py:154} INFO - [2023-11-26T17:54:41.537+0000] {dag.py:2941} INFO - Sync 1 DAGs
[2023-11-26T17:54:41.952+0000] {logging_mixin.py:154} INFO - [2023-11-26T17:54:41.946+0000] {dag.py:3722} INFO - Setting next_dagrun for example_branch_labels to 2023-11-25T00:00:00+00:00, run_after=2023-11-26T00:00:00+00:00
[2023-11-26T17:54:42.663+0000] {processor.py:179} INFO - Processing /home/airflow/.local/lib/python3.8/site-packages/airflow/example_dags/example_branch_labels.py took 1.901 seconds
[2023-11-26T17:55:13.054+0000] {processor.py:157} INFO - Started process (PID=988) to work on /home/airflow/.local/lib/python3.8/site-packages/airflow/example_dags/example_branch_labels.py
[2023-11-26T17:55:13.058+0000] {processor.py:829} INFO - Processing file /home/airflow/.local/lib/python3.8/site-packages/airflow/example_dags/example_branch_labels.py for tasks to queue
[2023-11-26T17:55:13.064+0000] {logging_mixin.py:154} INFO - [2023-11-26T17:55:13.063+0000] {dagbag.py:536} INFO - Filling up the DagBag from /home/airflow/.local/lib/python3.8/site-packages/airflow/example_dags/example_branch_labels.py
[2023-11-26T17:55:13.094+0000] {processor.py:839} INFO - DAG(s) dict_keys(['example_branch_labels']) retrieved from /home/airflow/.local/lib/python3.8/site-packages/airflow/example_dags/example_branch_labels.py
[2023-11-26T17:55:13.171+0000] {logging_mixin.py:154} INFO - [2023-11-26T17:55:13.171+0000] {dag.py:2941} INFO - Sync 1 DAGs
[2023-11-26T17:55:13.252+0000] {logging_mixin.py:154} INFO - [2023-11-26T17:55:13.252+0000] {dag.py:3722} INFO - Setting next_dagrun for example_branch_labels to 2023-11-25T00:00:00+00:00, run_after=2023-11-26T00:00:00+00:00
[2023-11-26T17:55:13.307+0000] {processor.py:179} INFO - Processing /home/airflow/.local/lib/python3.8/site-packages/airflow/example_dags/example_branch_labels.py took 0.264 seconds
[2023-11-26T17:55:43.967+0000] {processor.py:157} INFO - Started process (PID=1042) to work on /home/airflow/.local/lib/python3.8/site-packages/airflow/example_dags/example_branch_labels.py
[2023-11-26T17:55:43.969+0000] {processor.py:829} INFO - Processing file /home/airflow/.local/lib/python3.8/site-packages/airflow/example_dags/example_branch_labels.py for tasks to queue
[2023-11-26T17:55:43.976+0000] {logging_mixin.py:154} INFO - [2023-11-26T17:55:43.974+0000] {dagbag.py:536} INFO - Filling up the DagBag from /home/airflow/.local/lib/python3.8/site-packages/airflow/example_dags/example_branch_labels.py
[2023-11-26T17:55:43.994+0000] {processor.py:839} INFO - DAG(s) dict_keys(['example_branch_labels']) retrieved from /home/airflow/.local/lib/python3.8/site-packages/airflow/example_dags/example_branch_labels.py
[2023-11-26T17:55:44.050+0000] {logging_mixin.py:154} INFO - [2023-11-26T17:55:44.050+0000] {dag.py:2941} INFO - Sync 1 DAGs
[2023-11-26T17:55:44.111+0000] {logging_mixin.py:154} INFO - [2023-11-26T17:55:44.111+0000] {dag.py:3722} INFO - Setting next_dagrun for example_branch_labels to 2023-11-25T00:00:00+00:00, run_after=2023-11-26T00:00:00+00:00
[2023-11-26T17:55:44.162+0000] {processor.py:179} INFO - Processing /home/airflow/.local/lib/python3.8/site-packages/airflow/example_dags/example_branch_labels.py took 0.205 seconds
[2023-11-26T17:56:15.152+0000] {processor.py:157} INFO - Started process (PID=1096) to work on /home/airflow/.local/lib/python3.8/site-packages/airflow/example_dags/example_branch_labels.py
[2023-11-26T17:56:15.160+0000] {processor.py:829} INFO - Processing file /home/airflow/.local/lib/python3.8/site-packages/airflow/example_dags/example_branch_labels.py for tasks to queue
[2023-11-26T17:56:15.171+0000] {logging_mixin.py:154} INFO - [2023-11-26T17:56:15.170+0000] {dagbag.py:536} INFO - Filling up the DagBag from /home/airflow/.local/lib/python3.8/site-packages/airflow/example_dags/example_branch_labels.py
[2023-11-26T17:56:15.216+0000] {processor.py:839} INFO - DAG(s) dict_keys(['example_branch_labels']) retrieved from /home/airflow/.local/lib/python3.8/site-packages/airflow/example_dags/example_branch_labels.py
[2023-11-26T17:56:15.289+0000] {logging_mixin.py:154} INFO - [2023-11-26T17:56:15.288+0000] {dag.py:2941} INFO - Sync 1 DAGs
[2023-11-26T17:56:15.350+0000] {logging_mixin.py:154} INFO - [2023-11-26T17:56:15.350+0000] {dag.py:3722} INFO - Setting next_dagrun for example_branch_labels to 2023-11-25T00:00:00+00:00, run_after=2023-11-26T00:00:00+00:00
[2023-11-26T17:56:15.404+0000] {processor.py:179} INFO - Processing /home/airflow/.local/lib/python3.8/site-packages/airflow/example_dags/example_branch_labels.py took 0.262 seconds
[2023-11-26T17:56:46.678+0000] {processor.py:157} INFO - Started process (PID=1150) to work on /home/airflow/.local/lib/python3.8/site-packages/airflow/example_dags/example_branch_labels.py
[2023-11-26T17:56:46.690+0000] {processor.py:829} INFO - Processing file /home/airflow/.local/lib/python3.8/site-packages/airflow/example_dags/example_branch_labels.py for tasks to queue
[2023-11-26T17:56:46.695+0000] {logging_mixin.py:154} INFO - [2023-11-26T17:56:46.694+0000] {dagbag.py:536} INFO - Filling up the DagBag from /home/airflow/.local/lib/python3.8/site-packages/airflow/example_dags/example_branch_labels.py
[2023-11-26T17:56:46.759+0000] {processor.py:839} INFO - DAG(s) dict_keys(['example_branch_labels']) retrieved from /home/airflow/.local/lib/python3.8/site-packages/airflow/example_dags/example_branch_labels.py
[2023-11-26T17:56:46.858+0000] {logging_mixin.py:154} INFO - [2023-11-26T17:56:46.858+0000] {dag.py:2941} INFO - Sync 1 DAGs
[2023-11-26T17:56:47.006+0000] {logging_mixin.py:154} INFO - [2023-11-26T17:56:46.994+0000] {dag.py:3722} INFO - Setting next_dagrun for example_branch_labels to 2023-11-25T00:00:00+00:00, run_after=2023-11-26T00:00:00+00:00
[2023-11-26T17:56:47.149+0000] {processor.py:179} INFO - Processing /home/airflow/.local/lib/python3.8/site-packages/airflow/example_dags/example_branch_labels.py took 0.491 seconds
[2023-11-26T17:57:18.162+0000] {processor.py:157} INFO - Started process (PID=1205) to work on /home/airflow/.local/lib/python3.8/site-packages/airflow/example_dags/example_branch_labels.py
[2023-11-26T17:57:18.165+0000] {processor.py:829} INFO - Processing file /home/airflow/.local/lib/python3.8/site-packages/airflow/example_dags/example_branch_labels.py for tasks to queue
[2023-11-26T17:57:18.174+0000] {logging_mixin.py:154} INFO - [2023-11-26T17:57:18.173+0000] {dagbag.py:536} INFO - Filling up the DagBag from /home/airflow/.local/lib/python3.8/site-packages/airflow/example_dags/example_branch_labels.py
[2023-11-26T17:57:18.205+0000] {processor.py:839} INFO - DAG(s) dict_keys(['example_branch_labels']) retrieved from /home/airflow/.local/lib/python3.8/site-packages/airflow/example_dags/example_branch_labels.py
[2023-11-26T17:57:18.295+0000] {logging_mixin.py:154} INFO - [2023-11-26T17:57:18.293+0000] {dag.py:2941} INFO - Sync 1 DAGs
[2023-11-26T17:57:18.477+0000] {logging_mixin.py:154} INFO - [2023-11-26T17:57:18.477+0000] {dag.py:3722} INFO - Setting next_dagrun for example_branch_labels to 2023-11-25T00:00:00+00:00, run_after=2023-11-26T00:00:00+00:00
[2023-11-26T17:57:18.915+0000] {processor.py:179} INFO - Processing /home/airflow/.local/lib/python3.8/site-packages/airflow/example_dags/example_branch_labels.py took 0.761 seconds
[2023-11-26T17:58:00.144+0000] {processor.py:157} INFO - Started process (PID=1256) to work on /home/airflow/.local/lib/python3.8/site-packages/airflow/example_dags/example_branch_labels.py
[2023-11-26T17:58:00.147+0000] {processor.py:829} INFO - Processing file /home/airflow/.local/lib/python3.8/site-packages/airflow/example_dags/example_branch_labels.py for tasks to queue
[2023-11-26T17:58:00.154+0000] {logging_mixin.py:154} INFO - [2023-11-26T17:58:00.153+0000] {dagbag.py:536} INFO - Filling up the DagBag from /home/airflow/.local/lib/python3.8/site-packages/airflow/example_dags/example_branch_labels.py
[2023-11-26T17:58:00.180+0000] {processor.py:839} INFO - DAG(s) dict_keys(['example_branch_labels']) retrieved from /home/airflow/.local/lib/python3.8/site-packages/airflow/example_dags/example_branch_labels.py
[2023-11-26T17:58:00.248+0000] {logging_mixin.py:154} INFO - [2023-11-26T17:58:00.247+0000] {dag.py:2941} INFO - Sync 1 DAGs
[2023-11-26T17:58:00.316+0000] {logging_mixin.py:154} INFO - [2023-11-26T17:58:00.316+0000] {dag.py:3722} INFO - Setting next_dagrun for example_branch_labels to 2023-11-25T00:00:00+00:00, run_after=2023-11-26T00:00:00+00:00
[2023-11-26T17:58:00.361+0000] {processor.py:179} INFO - Processing /home/airflow/.local/lib/python3.8/site-packages/airflow/example_dags/example_branch_labels.py took 0.225 seconds
[2023-11-26T17:58:30.727+0000] {processor.py:157} INFO - Started process (PID=1310) to work on /home/airflow/.local/lib/python3.8/site-packages/airflow/example_dags/example_branch_labels.py
[2023-11-26T17:58:30.730+0000] {processor.py:829} INFO - Processing file /home/airflow/.local/lib/python3.8/site-packages/airflow/example_dags/example_branch_labels.py for tasks to queue
[2023-11-26T17:58:30.737+0000] {logging_mixin.py:154} INFO - [2023-11-26T17:58:30.736+0000] {dagbag.py:536} INFO - Filling up the DagBag from /home/airflow/.local/lib/python3.8/site-packages/airflow/example_dags/example_branch_labels.py
[2023-11-26T17:58:30.757+0000] {processor.py:839} INFO - DAG(s) dict_keys(['example_branch_labels']) retrieved from /home/airflow/.local/lib/python3.8/site-packages/airflow/example_dags/example_branch_labels.py
[2023-11-26T17:58:30.808+0000] {logging_mixin.py:154} INFO - [2023-11-26T17:58:30.808+0000] {dag.py:2941} INFO - Sync 1 DAGs
[2023-11-26T17:58:30.868+0000] {logging_mixin.py:154} INFO - [2023-11-26T17:58:30.868+0000] {dag.py:3722} INFO - Setting next_dagrun for example_branch_labels to 2023-11-25T00:00:00+00:00, run_after=2023-11-26T00:00:00+00:00
[2023-11-26T17:58:30.915+0000] {processor.py:179} INFO - Processing /home/airflow/.local/lib/python3.8/site-packages/airflow/example_dags/example_branch_labels.py took 0.196 seconds
[2023-11-26T17:59:02.476+0000] {processor.py:157} INFO - Started process (PID=1364) to work on /home/airflow/.local/lib/python3.8/site-packages/airflow/example_dags/example_branch_labels.py
[2023-11-26T17:59:02.478+0000] {processor.py:829} INFO - Processing file /home/airflow/.local/lib/python3.8/site-packages/airflow/example_dags/example_branch_labels.py for tasks to queue
[2023-11-26T17:59:02.484+0000] {logging_mixin.py:154} INFO - [2023-11-26T17:59:02.483+0000] {dagbag.py:536} INFO - Filling up the DagBag from /home/airflow/.local/lib/python3.8/site-packages/airflow/example_dags/example_branch_labels.py
[2023-11-26T17:59:02.504+0000] {processor.py:839} INFO - DAG(s) dict_keys(['example_branch_labels']) retrieved from /home/airflow/.local/lib/python3.8/site-packages/airflow/example_dags/example_branch_labels.py
[2023-11-26T17:59:02.562+0000] {logging_mixin.py:154} INFO - [2023-11-26T17:59:02.562+0000] {dag.py:2941} INFO - Sync 1 DAGs
[2023-11-26T17:59:02.961+0000] {logging_mixin.py:154} INFO - [2023-11-26T17:59:02.960+0000] {dag.py:3722} INFO - Setting next_dagrun for example_branch_labels to 2023-11-25T00:00:00+00:00, run_after=2023-11-26T00:00:00+00:00
[2023-11-26T17:59:03.004+0000] {processor.py:179} INFO - Processing /home/airflow/.local/lib/python3.8/site-packages/airflow/example_dags/example_branch_labels.py took 0.535 seconds
[2023-11-26T17:59:33.269+0000] {processor.py:157} INFO - Started process (PID=1418) to work on /home/airflow/.local/lib/python3.8/site-packages/airflow/example_dags/example_branch_labels.py
[2023-11-26T17:59:33.281+0000] {processor.py:829} INFO - Processing file /home/airflow/.local/lib/python3.8/site-packages/airflow/example_dags/example_branch_labels.py for tasks to queue
[2023-11-26T17:59:33.294+0000] {logging_mixin.py:154} INFO - [2023-11-26T17:59:33.293+0000] {dagbag.py:536} INFO - Filling up the DagBag from /home/airflow/.local/lib/python3.8/site-packages/airflow/example_dags/example_branch_labels.py
[2023-11-26T17:59:33.358+0000] {processor.py:839} INFO - DAG(s) dict_keys(['example_branch_labels']) retrieved from /home/airflow/.local/lib/python3.8/site-packages/airflow/example_dags/example_branch_labels.py
[2023-11-26T17:59:33.490+0000] {logging_mixin.py:154} INFO - [2023-11-26T17:59:33.490+0000] {dag.py:2941} INFO - Sync 1 DAGs
[2023-11-26T17:59:33.618+0000] {logging_mixin.py:154} INFO - [2023-11-26T17:59:33.617+0000] {dag.py:3722} INFO - Setting next_dagrun for example_branch_labels to 2023-11-25T00:00:00+00:00, run_after=2023-11-26T00:00:00+00:00
[2023-11-26T17:59:34.385+0000] {processor.py:179} INFO - Processing /home/airflow/.local/lib/python3.8/site-packages/airflow/example_dags/example_branch_labels.py took 1.126 seconds
[2023-11-26T18:00:08.599+0000] {processor.py:157} INFO - Started process (PID=1472) to work on /home/airflow/.local/lib/python3.8/site-packages/airflow/example_dags/example_branch_labels.py
[2023-11-26T18:00:08.605+0000] {processor.py:829} INFO - Processing file /home/airflow/.local/lib/python3.8/site-packages/airflow/example_dags/example_branch_labels.py for tasks to queue
[2023-11-26T18:00:08.617+0000] {logging_mixin.py:154} INFO - [2023-11-26T18:00:08.616+0000] {dagbag.py:536} INFO - Filling up the DagBag from /home/airflow/.local/lib/python3.8/site-packages/airflow/example_dags/example_branch_labels.py
[2023-11-26T18:00:08.664+0000] {processor.py:839} INFO - DAG(s) dict_keys(['example_branch_labels']) retrieved from /home/airflow/.local/lib/python3.8/site-packages/airflow/example_dags/example_branch_labels.py
[2023-11-26T18:00:08.753+0000] {logging_mixin.py:154} INFO - [2023-11-26T18:00:08.751+0000] {dag.py:2941} INFO - Sync 1 DAGs
[2023-11-26T18:00:08.852+0000] {logging_mixin.py:154} INFO - [2023-11-26T18:00:08.852+0000] {dag.py:3722} INFO - Setting next_dagrun for example_branch_labels to 2023-11-25T00:00:00+00:00, run_after=2023-11-26T00:00:00+00:00
[2023-11-26T18:00:08.916+0000] {processor.py:179} INFO - Processing /home/airflow/.local/lib/python3.8/site-packages/airflow/example_dags/example_branch_labels.py took 0.324 seconds
[2023-11-26T18:00:39.271+0000] {processor.py:157} INFO - Started process (PID=1525) to work on /home/airflow/.local/lib/python3.8/site-packages/airflow/example_dags/example_branch_labels.py
[2023-11-26T18:00:39.274+0000] {processor.py:829} INFO - Processing file /home/airflow/.local/lib/python3.8/site-packages/airflow/example_dags/example_branch_labels.py for tasks to queue
[2023-11-26T18:00:39.283+0000] {logging_mixin.py:154} INFO - [2023-11-26T18:00:39.281+0000] {dagbag.py:536} INFO - Filling up the DagBag from /home/airflow/.local/lib/python3.8/site-packages/airflow/example_dags/example_branch_labels.py
[2023-11-26T18:00:39.314+0000] {processor.py:839} INFO - DAG(s) dict_keys(['example_branch_labels']) retrieved from /home/airflow/.local/lib/python3.8/site-packages/airflow/example_dags/example_branch_labels.py
[2023-11-26T18:00:39.406+0000] {logging_mixin.py:154} INFO - [2023-11-26T18:00:39.406+0000] {dag.py:2941} INFO - Sync 1 DAGs
[2023-11-26T18:00:39.478+0000] {logging_mixin.py:154} INFO - [2023-11-26T18:00:39.478+0000] {dag.py:3722} INFO - Setting next_dagrun for example_branch_labels to 2023-11-25T00:00:00+00:00, run_after=2023-11-26T00:00:00+00:00
[2023-11-26T18:00:39.538+0000] {processor.py:179} INFO - Processing /home/airflow/.local/lib/python3.8/site-packages/airflow/example_dags/example_branch_labels.py took 0.277 seconds
[2023-11-26T18:01:10.648+0000] {processor.py:157} INFO - Started process (PID=1579) to work on /home/airflow/.local/lib/python3.8/site-packages/airflow/example_dags/example_branch_labels.py
[2023-11-26T18:01:10.650+0000] {processor.py:829} INFO - Processing file /home/airflow/.local/lib/python3.8/site-packages/airflow/example_dags/example_branch_labels.py for tasks to queue
[2023-11-26T18:01:10.656+0000] {logging_mixin.py:154} INFO - [2023-11-26T18:01:10.655+0000] {dagbag.py:536} INFO - Filling up the DagBag from /home/airflow/.local/lib/python3.8/site-packages/airflow/example_dags/example_branch_labels.py
[2023-11-26T18:01:10.675+0000] {processor.py:839} INFO - DAG(s) dict_keys(['example_branch_labels']) retrieved from /home/airflow/.local/lib/python3.8/site-packages/airflow/example_dags/example_branch_labels.py
[2023-11-26T18:01:10.736+0000] {logging_mixin.py:154} INFO - [2023-11-26T18:01:10.735+0000] {dag.py:2941} INFO - Sync 1 DAGs
[2023-11-26T18:01:10.808+0000] {logging_mixin.py:154} INFO - [2023-11-26T18:01:10.807+0000] {dag.py:3722} INFO - Setting next_dagrun for example_branch_labels to 2023-11-25T00:00:00+00:00, run_after=2023-11-26T00:00:00+00:00
[2023-11-26T18:01:10.860+0000] {processor.py:179} INFO - Processing /home/airflow/.local/lib/python3.8/site-packages/airflow/example_dags/example_branch_labels.py took 0.221 seconds
[2023-11-26T18:01:41.369+0000] {processor.py:157} INFO - Started process (PID=1633) to work on /home/airflow/.local/lib/python3.8/site-packages/airflow/example_dags/example_branch_labels.py
[2023-11-26T18:01:41.372+0000] {processor.py:829} INFO - Processing file /home/airflow/.local/lib/python3.8/site-packages/airflow/example_dags/example_branch_labels.py for tasks to queue
[2023-11-26T18:01:41.379+0000] {logging_mixin.py:154} INFO - [2023-11-26T18:01:41.378+0000] {dagbag.py:536} INFO - Filling up the DagBag from /home/airflow/.local/lib/python3.8/site-packages/airflow/example_dags/example_branch_labels.py
[2023-11-26T18:01:41.409+0000] {processor.py:839} INFO - DAG(s) dict_keys(['example_branch_labels']) retrieved from /home/airflow/.local/lib/python3.8/site-packages/airflow/example_dags/example_branch_labels.py
[2023-11-26T18:01:41.463+0000] {logging_mixin.py:154} INFO - [2023-11-26T18:01:41.463+0000] {dag.py:2941} INFO - Sync 1 DAGs
[2023-11-26T18:01:41.553+0000] {logging_mixin.py:154} INFO - [2023-11-26T18:01:41.553+0000] {dag.py:3722} INFO - Setting next_dagrun for example_branch_labels to 2023-11-25T00:00:00+00:00, run_after=2023-11-26T00:00:00+00:00
[2023-11-26T18:01:41.662+0000] {processor.py:179} INFO - Processing /home/airflow/.local/lib/python3.8/site-packages/airflow/example_dags/example_branch_labels.py took 0.300 seconds
[2023-11-26T18:02:11.789+0000] {processor.py:157} INFO - Started process (PID=1686) to work on /home/airflow/.local/lib/python3.8/site-packages/airflow/example_dags/example_branch_labels.py
[2023-11-26T18:02:11.791+0000] {processor.py:829} INFO - Processing file /home/airflow/.local/lib/python3.8/site-packages/airflow/example_dags/example_branch_labels.py for tasks to queue
[2023-11-26T18:02:11.796+0000] {logging_mixin.py:154} INFO - [2023-11-26T18:02:11.795+0000] {dagbag.py:536} INFO - Filling up the DagBag from /home/airflow/.local/lib/python3.8/site-packages/airflow/example_dags/example_branch_labels.py
[2023-11-26T18:02:11.811+0000] {processor.py:839} INFO - DAG(s) dict_keys(['example_branch_labels']) retrieved from /home/airflow/.local/lib/python3.8/site-packages/airflow/example_dags/example_branch_labels.py
[2023-11-26T18:02:11.864+0000] {logging_mixin.py:154} INFO - [2023-11-26T18:02:11.864+0000] {dag.py:2941} INFO - Sync 1 DAGs
[2023-11-26T18:02:11.934+0000] {logging_mixin.py:154} INFO - [2023-11-26T18:02:11.934+0000] {dag.py:3722} INFO - Setting next_dagrun for example_branch_labels to 2023-11-25T00:00:00+00:00, run_after=2023-11-26T00:00:00+00:00
[2023-11-26T18:02:11.979+0000] {processor.py:179} INFO - Processing /home/airflow/.local/lib/python3.8/site-packages/airflow/example_dags/example_branch_labels.py took 0.198 seconds
[2023-11-26T18:02:43.383+0000] {processor.py:157} INFO - Started process (PID=1740) to work on /home/airflow/.local/lib/python3.8/site-packages/airflow/example_dags/example_branch_labels.py
[2023-11-26T18:02:43.388+0000] {processor.py:829} INFO - Processing file /home/airflow/.local/lib/python3.8/site-packages/airflow/example_dags/example_branch_labels.py for tasks to queue
[2023-11-26T18:02:43.401+0000] {logging_mixin.py:154} INFO - [2023-11-26T18:02:43.399+0000] {dagbag.py:536} INFO - Filling up the DagBag from /home/airflow/.local/lib/python3.8/site-packages/airflow/example_dags/example_branch_labels.py
[2023-11-26T18:02:43.451+0000] {processor.py:839} INFO - DAG(s) dict_keys(['example_branch_labels']) retrieved from /home/airflow/.local/lib/python3.8/site-packages/airflow/example_dags/example_branch_labels.py
[2023-11-26T18:02:43.563+0000] {logging_mixin.py:154} INFO - [2023-11-26T18:02:43.562+0000] {dag.py:2941} INFO - Sync 1 DAGs
[2023-11-26T18:02:43.691+0000] {logging_mixin.py:154} INFO - [2023-11-26T18:02:43.690+0000] {dag.py:3722} INFO - Setting next_dagrun for example_branch_labels to 2023-11-25T00:00:00+00:00, run_after=2023-11-26T00:00:00+00:00
[2023-11-26T18:02:43.796+0000] {processor.py:179} INFO - Processing /home/airflow/.local/lib/python3.8/site-packages/airflow/example_dags/example_branch_labels.py took 0.420 seconds
[2023-11-26T18:03:13.982+0000] {processor.py:157} INFO - Started process (PID=1794) to work on /home/airflow/.local/lib/python3.8/site-packages/airflow/example_dags/example_branch_labels.py
[2023-11-26T18:03:13.987+0000] {processor.py:829} INFO - Processing file /home/airflow/.local/lib/python3.8/site-packages/airflow/example_dags/example_branch_labels.py for tasks to queue
[2023-11-26T18:03:13.996+0000] {logging_mixin.py:154} INFO - [2023-11-26T18:03:13.996+0000] {dagbag.py:536} INFO - Filling up the DagBag from /home/airflow/.local/lib/python3.8/site-packages/airflow/example_dags/example_branch_labels.py
[2023-11-26T18:03:14.019+0000] {processor.py:839} INFO - DAG(s) dict_keys(['example_branch_labels']) retrieved from /home/airflow/.local/lib/python3.8/site-packages/airflow/example_dags/example_branch_labels.py
[2023-11-26T18:03:14.070+0000] {logging_mixin.py:154} INFO - [2023-11-26T18:03:14.069+0000] {dag.py:2941} INFO - Sync 1 DAGs
[2023-11-26T18:03:14.129+0000] {logging_mixin.py:154} INFO - [2023-11-26T18:03:14.128+0000] {dag.py:3722} INFO - Setting next_dagrun for example_branch_labels to 2023-11-25T00:00:00+00:00, run_after=2023-11-26T00:00:00+00:00
[2023-11-26T18:03:14.183+0000] {processor.py:179} INFO - Processing /home/airflow/.local/lib/python3.8/site-packages/airflow/example_dags/example_branch_labels.py took 0.212 seconds
