[2023-11-26T17:42:33.491+0000] {processor.py:157} INFO - Started process (PID=82) to work on /home/airflow/.local/lib/python3.8/site-packages/airflow/example_dags/example_setup_teardown.py
[2023-11-26T17:42:33.523+0000] {processor.py:829} INFO - Processing file /home/airflow/.local/lib/python3.8/site-packages/airflow/example_dags/example_setup_teardown.py for tasks to queue
[2023-11-26T17:42:33.594+0000] {logging_mixin.py:154} INFO - [2023-11-26T17:42:33.582+0000] {dagbag.py:536} INFO - Filling up the DagBag from /home/airflow/.local/lib/python3.8/site-packages/airflow/example_dags/example_setup_teardown.py
[2023-11-26T17:42:34.366+0000] {processor.py:839} INFO - DAG(s) dict_keys(['example_setup_teardown']) retrieved from /home/airflow/.local/lib/python3.8/site-packages/airflow/example_dags/example_setup_teardown.py
[2023-11-26T17:42:34.809+0000] {logging_mixin.py:154} INFO - [2023-11-26T17:42:34.806+0000] {dag.py:2941} INFO - Sync 1 DAGs
[2023-11-26T17:42:35.419+0000] {logging_mixin.py:154} INFO - [2023-11-26T17:42:35.418+0000] {dag.py:3722} INFO - Setting next_dagrun for example_setup_teardown to 2023-11-25T17:42:35.418030+00:00, run_after=2023-11-26T17:42:35.418030+00:00
[2023-11-26T17:42:36.113+0000] {processor.py:179} INFO - Processing /home/airflow/.local/lib/python3.8/site-packages/airflow/example_dags/example_setup_teardown.py took 2.748 seconds
[2023-11-26T17:46:24.373+0000] {processor.py:157} INFO - Started process (PID=91) to work on /home/airflow/.local/lib/python3.8/site-packages/airflow/example_dags/example_setup_teardown.py
[2023-11-26T17:46:24.386+0000] {processor.py:829} INFO - Processing file /home/airflow/.local/lib/python3.8/site-packages/airflow/example_dags/example_setup_teardown.py for tasks to queue
[2023-11-26T17:46:24.604+0000] {logging_mixin.py:154} INFO - [2023-11-26T17:46:24.603+0000] {dagbag.py:536} INFO - Filling up the DagBag from /home/airflow/.local/lib/python3.8/site-packages/airflow/example_dags/example_setup_teardown.py
[2023-11-26T17:46:24.702+0000] {processor.py:839} INFO - DAG(s) dict_keys(['example_setup_teardown']) retrieved from /home/airflow/.local/lib/python3.8/site-packages/airflow/example_dags/example_setup_teardown.py
[2023-11-26T17:46:25.028+0000] {logging_mixin.py:154} INFO - [2023-11-26T17:46:25.028+0000] {dag.py:2941} INFO - Sync 1 DAGs
[2023-11-26T17:46:25.394+0000] {logging_mixin.py:154} INFO - [2023-11-26T17:46:25.394+0000] {dag.py:3722} INFO - Setting next_dagrun for example_setup_teardown to 2023-11-25T17:46:25.393890+00:00, run_after=2023-11-26T17:46:25.393890+00:00
[2023-11-26T17:46:25.616+0000] {processor.py:179} INFO - Processing /home/airflow/.local/lib/python3.8/site-packages/airflow/example_dags/example_setup_teardown.py took 1.335 seconds
[2023-11-26T17:46:55.799+0000] {processor.py:157} INFO - Started process (PID=144) to work on /home/airflow/.local/lib/python3.8/site-packages/airflow/example_dags/example_setup_teardown.py
[2023-11-26T17:46:55.802+0000] {processor.py:829} INFO - Processing file /home/airflow/.local/lib/python3.8/site-packages/airflow/example_dags/example_setup_teardown.py for tasks to queue
[2023-11-26T17:46:55.814+0000] {logging_mixin.py:154} INFO - [2023-11-26T17:46:55.813+0000] {dagbag.py:536} INFO - Filling up the DagBag from /home/airflow/.local/lib/python3.8/site-packages/airflow/example_dags/example_setup_teardown.py
[2023-11-26T17:46:55.865+0000] {processor.py:839} INFO - DAG(s) dict_keys(['example_setup_teardown']) retrieved from /home/airflow/.local/lib/python3.8/site-packages/airflow/example_dags/example_setup_teardown.py
[2023-11-26T17:46:55.946+0000] {logging_mixin.py:154} INFO - [2023-11-26T17:46:55.946+0000] {dag.py:2941} INFO - Sync 1 DAGs
[2023-11-26T17:46:56.079+0000] {logging_mixin.py:154} INFO - [2023-11-26T17:46:56.074+0000] {dag.py:3722} INFO - Setting next_dagrun for example_setup_teardown to 2023-11-25T17:46:56.073624+00:00, run_after=2023-11-26T17:46:56.073624+00:00
[2023-11-26T17:46:56.176+0000] {processor.py:179} INFO - Processing /home/airflow/.local/lib/python3.8/site-packages/airflow/example_dags/example_setup_teardown.py took 0.383 seconds
[2023-11-26T17:47:26.572+0000] {processor.py:157} INFO - Started process (PID=199) to work on /home/airflow/.local/lib/python3.8/site-packages/airflow/example_dags/example_setup_teardown.py
[2023-11-26T17:47:26.574+0000] {processor.py:829} INFO - Processing file /home/airflow/.local/lib/python3.8/site-packages/airflow/example_dags/example_setup_teardown.py for tasks to queue
[2023-11-26T17:47:26.579+0000] {logging_mixin.py:154} INFO - [2023-11-26T17:47:26.578+0000] {dagbag.py:536} INFO - Filling up the DagBag from /home/airflow/.local/lib/python3.8/site-packages/airflow/example_dags/example_setup_teardown.py
[2023-11-26T17:47:26.592+0000] {processor.py:839} INFO - DAG(s) dict_keys(['example_setup_teardown']) retrieved from /home/airflow/.local/lib/python3.8/site-packages/airflow/example_dags/example_setup_teardown.py
[2023-11-26T17:47:26.637+0000] {logging_mixin.py:154} INFO - [2023-11-26T17:47:26.637+0000] {dag.py:2941} INFO - Sync 1 DAGs
[2023-11-26T17:47:26.684+0000] {logging_mixin.py:154} INFO - [2023-11-26T17:47:26.684+0000] {dag.py:3722} INFO - Setting next_dagrun for example_setup_teardown to 2023-11-25T17:47:26.684190+00:00, run_after=2023-11-26T17:47:26.684190+00:00
[2023-11-26T17:47:26.724+0000] {processor.py:179} INFO - Processing /home/airflow/.local/lib/python3.8/site-packages/airflow/example_dags/example_setup_teardown.py took 0.159 seconds
[2023-11-26T17:47:56.827+0000] {processor.py:157} INFO - Started process (PID=252) to work on /home/airflow/.local/lib/python3.8/site-packages/airflow/example_dags/example_setup_teardown.py
[2023-11-26T17:47:56.829+0000] {processor.py:829} INFO - Processing file /home/airflow/.local/lib/python3.8/site-packages/airflow/example_dags/example_setup_teardown.py for tasks to queue
[2023-11-26T17:47:56.833+0000] {logging_mixin.py:154} INFO - [2023-11-26T17:47:56.833+0000] {dagbag.py:536} INFO - Filling up the DagBag from /home/airflow/.local/lib/python3.8/site-packages/airflow/example_dags/example_setup_teardown.py
[2023-11-26T17:47:56.846+0000] {processor.py:839} INFO - DAG(s) dict_keys(['example_setup_teardown']) retrieved from /home/airflow/.local/lib/python3.8/site-packages/airflow/example_dags/example_setup_teardown.py
[2023-11-26T17:47:56.888+0000] {logging_mixin.py:154} INFO - [2023-11-26T17:47:56.887+0000] {dag.py:2941} INFO - Sync 1 DAGs
[2023-11-26T17:47:56.932+0000] {logging_mixin.py:154} INFO - [2023-11-26T17:47:56.931+0000] {dag.py:3722} INFO - Setting next_dagrun for example_setup_teardown to 2023-11-25T17:47:56.931403+00:00, run_after=2023-11-26T17:47:56.931403+00:00
[2023-11-26T17:47:56.972+0000] {processor.py:179} INFO - Processing /home/airflow/.local/lib/python3.8/site-packages/airflow/example_dags/example_setup_teardown.py took 0.152 seconds
[2023-11-26T17:48:28.156+0000] {processor.py:157} INFO - Started process (PID=306) to work on /home/airflow/.local/lib/python3.8/site-packages/airflow/example_dags/example_setup_teardown.py
[2023-11-26T17:48:28.158+0000] {processor.py:829} INFO - Processing file /home/airflow/.local/lib/python3.8/site-packages/airflow/example_dags/example_setup_teardown.py for tasks to queue
[2023-11-26T17:48:28.164+0000] {logging_mixin.py:154} INFO - [2023-11-26T17:48:28.163+0000] {dagbag.py:536} INFO - Filling up the DagBag from /home/airflow/.local/lib/python3.8/site-packages/airflow/example_dags/example_setup_teardown.py
[2023-11-26T17:48:28.184+0000] {processor.py:839} INFO - DAG(s) dict_keys(['example_setup_teardown']) retrieved from /home/airflow/.local/lib/python3.8/site-packages/airflow/example_dags/example_setup_teardown.py
[2023-11-26T17:48:28.232+0000] {logging_mixin.py:154} INFO - [2023-11-26T17:48:28.232+0000] {dag.py:2941} INFO - Sync 1 DAGs
[2023-11-26T17:48:28.284+0000] {logging_mixin.py:154} INFO - [2023-11-26T17:48:28.283+0000] {dag.py:3722} INFO - Setting next_dagrun for example_setup_teardown to 2023-11-25T17:48:28.283194+00:00, run_after=2023-11-26T17:48:28.283194+00:00
[2023-11-26T17:48:28.330+0000] {processor.py:179} INFO - Processing /home/airflow/.local/lib/python3.8/site-packages/airflow/example_dags/example_setup_teardown.py took 0.182 seconds
[2023-11-26T17:48:58.872+0000] {processor.py:157} INFO - Started process (PID=359) to work on /home/airflow/.local/lib/python3.8/site-packages/airflow/example_dags/example_setup_teardown.py
[2023-11-26T17:48:58.884+0000] {processor.py:829} INFO - Processing file /home/airflow/.local/lib/python3.8/site-packages/airflow/example_dags/example_setup_teardown.py for tasks to queue
[2023-11-26T17:48:58.892+0000] {logging_mixin.py:154} INFO - [2023-11-26T17:48:58.892+0000] {dagbag.py:536} INFO - Filling up the DagBag from /home/airflow/.local/lib/python3.8/site-packages/airflow/example_dags/example_setup_teardown.py
[2023-11-26T17:48:58.967+0000] {processor.py:839} INFO - DAG(s) dict_keys(['example_setup_teardown']) retrieved from /home/airflow/.local/lib/python3.8/site-packages/airflow/example_dags/example_setup_teardown.py
[2023-11-26T17:48:59.164+0000] {logging_mixin.py:154} INFO - [2023-11-26T17:48:59.163+0000] {dag.py:2941} INFO - Sync 1 DAGs
[2023-11-26T17:48:59.308+0000] {logging_mixin.py:154} INFO - [2023-11-26T17:48:59.307+0000] {dag.py:3722} INFO - Setting next_dagrun for example_setup_teardown to 2023-11-25T17:48:59.307198+00:00, run_after=2023-11-26T17:48:59.307198+00:00
[2023-11-26T17:48:59.370+0000] {processor.py:179} INFO - Processing /home/airflow/.local/lib/python3.8/site-packages/airflow/example_dags/example_setup_teardown.py took 0.515 seconds
[2023-11-26T17:49:29.717+0000] {processor.py:157} INFO - Started process (PID=411) to work on /home/airflow/.local/lib/python3.8/site-packages/airflow/example_dags/example_setup_teardown.py
[2023-11-26T17:49:29.720+0000] {processor.py:829} INFO - Processing file /home/airflow/.local/lib/python3.8/site-packages/airflow/example_dags/example_setup_teardown.py for tasks to queue
[2023-11-26T17:49:29.725+0000] {logging_mixin.py:154} INFO - [2023-11-26T17:49:29.725+0000] {dagbag.py:536} INFO - Filling up the DagBag from /home/airflow/.local/lib/python3.8/site-packages/airflow/example_dags/example_setup_teardown.py
[2023-11-26T17:49:29.748+0000] {processor.py:839} INFO - DAG(s) dict_keys(['example_setup_teardown']) retrieved from /home/airflow/.local/lib/python3.8/site-packages/airflow/example_dags/example_setup_teardown.py
[2023-11-26T17:49:29.804+0000] {logging_mixin.py:154} INFO - [2023-11-26T17:49:29.803+0000] {dag.py:2941} INFO - Sync 1 DAGs
[2023-11-26T17:49:29.868+0000] {logging_mixin.py:154} INFO - [2023-11-26T17:49:29.868+0000] {dag.py:3722} INFO - Setting next_dagrun for example_setup_teardown to 2023-11-25T17:49:29.867143+00:00, run_after=2023-11-26T17:49:29.867143+00:00
[2023-11-26T17:49:29.920+0000] {processor.py:179} INFO - Processing /home/airflow/.local/lib/python3.8/site-packages/airflow/example_dags/example_setup_teardown.py took 0.225 seconds
[2023-11-26T17:50:00.179+0000] {processor.py:157} INFO - Started process (PID=463) to work on /home/airflow/.local/lib/python3.8/site-packages/airflow/example_dags/example_setup_teardown.py
[2023-11-26T17:50:00.182+0000] {processor.py:829} INFO - Processing file /home/airflow/.local/lib/python3.8/site-packages/airflow/example_dags/example_setup_teardown.py for tasks to queue
[2023-11-26T17:50:00.187+0000] {logging_mixin.py:154} INFO - [2023-11-26T17:50:00.186+0000] {dagbag.py:536} INFO - Filling up the DagBag from /home/airflow/.local/lib/python3.8/site-packages/airflow/example_dags/example_setup_teardown.py
[2023-11-26T17:50:00.286+0000] {processor.py:839} INFO - DAG(s) dict_keys(['example_setup_teardown']) retrieved from /home/airflow/.local/lib/python3.8/site-packages/airflow/example_dags/example_setup_teardown.py
[2023-11-26T17:50:00.401+0000] {logging_mixin.py:154} INFO - [2023-11-26T17:50:00.401+0000] {dag.py:2941} INFO - Sync 1 DAGs
[2023-11-26T17:50:00.518+0000] {logging_mixin.py:154} INFO - [2023-11-26T17:50:00.517+0000] {dag.py:3722} INFO - Setting next_dagrun for example_setup_teardown to 2023-11-25T17:50:00.517359+00:00, run_after=2023-11-26T17:50:00.517359+00:00
[2023-11-26T17:50:00.605+0000] {processor.py:179} INFO - Processing /home/airflow/.local/lib/python3.8/site-packages/airflow/example_dags/example_setup_teardown.py took 0.434 seconds
[2023-11-26T17:50:31.658+0000] {processor.py:157} INFO - Started process (PID=517) to work on /home/airflow/.local/lib/python3.8/site-packages/airflow/example_dags/example_setup_teardown.py
[2023-11-26T17:50:31.666+0000] {processor.py:829} INFO - Processing file /home/airflow/.local/lib/python3.8/site-packages/airflow/example_dags/example_setup_teardown.py for tasks to queue
[2023-11-26T17:50:31.675+0000] {logging_mixin.py:154} INFO - [2023-11-26T17:50:31.674+0000] {dagbag.py:536} INFO - Filling up the DagBag from /home/airflow/.local/lib/python3.8/site-packages/airflow/example_dags/example_setup_teardown.py
[2023-11-26T17:50:31.705+0000] {processor.py:839} INFO - DAG(s) dict_keys(['example_setup_teardown']) retrieved from /home/airflow/.local/lib/python3.8/site-packages/airflow/example_dags/example_setup_teardown.py
[2023-11-26T17:50:31.780+0000] {logging_mixin.py:154} INFO - [2023-11-26T17:50:31.779+0000] {dag.py:2941} INFO - Sync 1 DAGs
[2023-11-26T17:50:31.915+0000] {logging_mixin.py:154} INFO - [2023-11-26T17:50:31.915+0000] {dag.py:3722} INFO - Setting next_dagrun for example_setup_teardown to 2023-11-25T17:50:31.914472+00:00, run_after=2023-11-26T17:50:31.914472+00:00
[2023-11-26T17:50:31.978+0000] {processor.py:179} INFO - Processing /home/airflow/.local/lib/python3.8/site-packages/airflow/example_dags/example_setup_teardown.py took 0.329 seconds
[2023-11-26T17:51:02.488+0000] {processor.py:157} INFO - Started process (PID=571) to work on /home/airflow/.local/lib/python3.8/site-packages/airflow/example_dags/example_setup_teardown.py
[2023-11-26T17:51:02.490+0000] {processor.py:829} INFO - Processing file /home/airflow/.local/lib/python3.8/site-packages/airflow/example_dags/example_setup_teardown.py for tasks to queue
[2023-11-26T17:51:02.501+0000] {logging_mixin.py:154} INFO - [2023-11-26T17:51:02.498+0000] {dagbag.py:536} INFO - Filling up the DagBag from /home/airflow/.local/lib/python3.8/site-packages/airflow/example_dags/example_setup_teardown.py
[2023-11-26T17:51:02.533+0000] {processor.py:839} INFO - DAG(s) dict_keys(['example_setup_teardown']) retrieved from /home/airflow/.local/lib/python3.8/site-packages/airflow/example_dags/example_setup_teardown.py
[2023-11-26T17:51:02.617+0000] {logging_mixin.py:154} INFO - [2023-11-26T17:51:02.616+0000] {dag.py:2941} INFO - Sync 1 DAGs
[2023-11-26T17:51:02.693+0000] {logging_mixin.py:154} INFO - [2023-11-26T17:51:02.691+0000] {dag.py:3722} INFO - Setting next_dagrun for example_setup_teardown to 2023-11-25T17:51:02.691433+00:00, run_after=2023-11-26T17:51:02.691433+00:00
[2023-11-26T17:51:02.756+0000] {processor.py:179} INFO - Processing /home/airflow/.local/lib/python3.8/site-packages/airflow/example_dags/example_setup_teardown.py took 0.283 seconds
[2023-11-26T17:51:36.756+0000] {processor.py:157} INFO - Started process (PID=624) to work on /home/airflow/.local/lib/python3.8/site-packages/airflow/example_dags/example_setup_teardown.py
[2023-11-26T17:51:36.760+0000] {processor.py:829} INFO - Processing file /home/airflow/.local/lib/python3.8/site-packages/airflow/example_dags/example_setup_teardown.py for tasks to queue
[2023-11-26T17:51:36.828+0000] {logging_mixin.py:154} INFO - [2023-11-26T17:51:36.827+0000] {dagbag.py:536} INFO - Filling up the DagBag from /home/airflow/.local/lib/python3.8/site-packages/airflow/example_dags/example_setup_teardown.py
[2023-11-26T17:51:36.992+0000] {processor.py:839} INFO - DAG(s) dict_keys(['example_setup_teardown']) retrieved from /home/airflow/.local/lib/python3.8/site-packages/airflow/example_dags/example_setup_teardown.py
[2023-11-26T17:51:37.226+0000] {logging_mixin.py:154} INFO - [2023-11-26T17:51:37.225+0000] {dag.py:2941} INFO - Sync 1 DAGs
[2023-11-26T17:51:37.387+0000] {logging_mixin.py:154} INFO - [2023-11-26T17:51:37.387+0000] {dag.py:3722} INFO - Setting next_dagrun for example_setup_teardown to 2023-11-25T17:51:37.386877+00:00, run_after=2023-11-26T17:51:37.386877+00:00
[2023-11-26T17:51:37.457+0000] {processor.py:179} INFO - Processing /home/airflow/.local/lib/python3.8/site-packages/airflow/example_dags/example_setup_teardown.py took 0.714 seconds
[2023-11-26T17:52:08.110+0000] {processor.py:157} INFO - Started process (PID=678) to work on /home/airflow/.local/lib/python3.8/site-packages/airflow/example_dags/example_setup_teardown.py
[2023-11-26T17:52:08.118+0000] {processor.py:829} INFO - Processing file /home/airflow/.local/lib/python3.8/site-packages/airflow/example_dags/example_setup_teardown.py for tasks to queue
[2023-11-26T17:52:08.129+0000] {logging_mixin.py:154} INFO - [2023-11-26T17:52:08.128+0000] {dagbag.py:536} INFO - Filling up the DagBag from /home/airflow/.local/lib/python3.8/site-packages/airflow/example_dags/example_setup_teardown.py
[2023-11-26T17:52:08.180+0000] {processor.py:839} INFO - DAG(s) dict_keys(['example_setup_teardown']) retrieved from /home/airflow/.local/lib/python3.8/site-packages/airflow/example_dags/example_setup_teardown.py
[2023-11-26T17:52:08.278+0000] {logging_mixin.py:154} INFO - [2023-11-26T17:52:08.278+0000] {dag.py:2941} INFO - Sync 1 DAGs
[2023-11-26T17:52:08.401+0000] {logging_mixin.py:154} INFO - [2023-11-26T17:52:08.400+0000] {dag.py:3722} INFO - Setting next_dagrun for example_setup_teardown to 2023-11-25T17:52:08.399763+00:00, run_after=2023-11-26T17:52:08.399763+00:00
[2023-11-26T17:52:08.479+0000] {processor.py:179} INFO - Processing /home/airflow/.local/lib/python3.8/site-packages/airflow/example_dags/example_setup_teardown.py took 0.458 seconds
[2023-11-26T17:52:39.067+0000] {processor.py:157} INFO - Started process (PID=732) to work on /home/airflow/.local/lib/python3.8/site-packages/airflow/example_dags/example_setup_teardown.py
[2023-11-26T17:52:39.069+0000] {processor.py:829} INFO - Processing file /home/airflow/.local/lib/python3.8/site-packages/airflow/example_dags/example_setup_teardown.py for tasks to queue
[2023-11-26T17:52:39.077+0000] {logging_mixin.py:154} INFO - [2023-11-26T17:52:39.077+0000] {dagbag.py:536} INFO - Filling up the DagBag from /home/airflow/.local/lib/python3.8/site-packages/airflow/example_dags/example_setup_teardown.py
[2023-11-26T17:52:39.099+0000] {processor.py:839} INFO - DAG(s) dict_keys(['example_setup_teardown']) retrieved from /home/airflow/.local/lib/python3.8/site-packages/airflow/example_dags/example_setup_teardown.py
[2023-11-26T17:52:39.218+0000] {logging_mixin.py:154} INFO - [2023-11-26T17:52:39.217+0000] {dag.py:2941} INFO - Sync 1 DAGs
[2023-11-26T17:52:39.342+0000] {logging_mixin.py:154} INFO - [2023-11-26T17:52:39.336+0000] {dag.py:3722} INFO - Setting next_dagrun for example_setup_teardown to 2023-11-25T17:52:39.335400+00:00, run_after=2023-11-26T17:52:39.335400+00:00
[2023-11-26T17:52:39.433+0000] {processor.py:179} INFO - Processing /home/airflow/.local/lib/python3.8/site-packages/airflow/example_dags/example_setup_teardown.py took 0.377 seconds
[2023-11-26T17:53:10.285+0000] {processor.py:157} INFO - Started process (PID=786) to work on /home/airflow/.local/lib/python3.8/site-packages/airflow/example_dags/example_setup_teardown.py
[2023-11-26T17:53:10.290+0000] {processor.py:829} INFO - Processing file /home/airflow/.local/lib/python3.8/site-packages/airflow/example_dags/example_setup_teardown.py for tasks to queue
[2023-11-26T17:53:10.297+0000] {logging_mixin.py:154} INFO - [2023-11-26T17:53:10.297+0000] {dagbag.py:536} INFO - Filling up the DagBag from /home/airflow/.local/lib/python3.8/site-packages/airflow/example_dags/example_setup_teardown.py
[2023-11-26T17:53:10.318+0000] {processor.py:839} INFO - DAG(s) dict_keys(['example_setup_teardown']) retrieved from /home/airflow/.local/lib/python3.8/site-packages/airflow/example_dags/example_setup_teardown.py
[2023-11-26T17:53:10.370+0000] {logging_mixin.py:154} INFO - [2023-11-26T17:53:10.370+0000] {dag.py:2941} INFO - Sync 1 DAGs
[2023-11-26T17:53:10.431+0000] {logging_mixin.py:154} INFO - [2023-11-26T17:53:10.430+0000] {dag.py:3722} INFO - Setting next_dagrun for example_setup_teardown to 2023-11-25T17:53:10.430365+00:00, run_after=2023-11-26T17:53:10.430365+00:00
[2023-11-26T17:53:10.478+0000] {processor.py:179} INFO - Processing /home/airflow/.local/lib/python3.8/site-packages/airflow/example_dags/example_setup_teardown.py took 0.203 seconds
[2023-11-26T17:53:40.982+0000] {processor.py:157} INFO - Started process (PID=840) to work on /home/airflow/.local/lib/python3.8/site-packages/airflow/example_dags/example_setup_teardown.py
[2023-11-26T17:53:40.985+0000] {processor.py:829} INFO - Processing file /home/airflow/.local/lib/python3.8/site-packages/airflow/example_dags/example_setup_teardown.py for tasks to queue
[2023-11-26T17:53:40.993+0000] {logging_mixin.py:154} INFO - [2023-11-26T17:53:40.993+0000] {dagbag.py:536} INFO - Filling up the DagBag from /home/airflow/.local/lib/python3.8/site-packages/airflow/example_dags/example_setup_teardown.py
[2023-11-26T17:53:41.014+0000] {processor.py:839} INFO - DAG(s) dict_keys(['example_setup_teardown']) retrieved from /home/airflow/.local/lib/python3.8/site-packages/airflow/example_dags/example_setup_teardown.py
[2023-11-26T17:53:41.099+0000] {logging_mixin.py:154} INFO - [2023-11-26T17:53:41.098+0000] {dag.py:2941} INFO - Sync 1 DAGs
[2023-11-26T17:53:41.261+0000] {logging_mixin.py:154} INFO - [2023-11-26T17:53:41.260+0000] {dag.py:3722} INFO - Setting next_dagrun for example_setup_teardown to 2023-11-25T17:53:41.260136+00:00, run_after=2023-11-26T17:53:41.260136+00:00
[2023-11-26T17:53:41.606+0000] {processor.py:179} INFO - Processing /home/airflow/.local/lib/python3.8/site-packages/airflow/example_dags/example_setup_teardown.py took 0.639 seconds
[2023-11-26T17:54:17.356+0000] {processor.py:157} INFO - Started process (PID=894) to work on /home/airflow/.local/lib/python3.8/site-packages/airflow/example_dags/example_setup_teardown.py
[2023-11-26T17:54:17.362+0000] {processor.py:829} INFO - Processing file /home/airflow/.local/lib/python3.8/site-packages/airflow/example_dags/example_setup_teardown.py for tasks to queue
[2023-11-26T17:54:17.372+0000] {logging_mixin.py:154} INFO - [2023-11-26T17:54:17.370+0000] {dagbag.py:536} INFO - Filling up the DagBag from /home/airflow/.local/lib/python3.8/site-packages/airflow/example_dags/example_setup_teardown.py
[2023-11-26T17:54:17.445+0000] {processor.py:839} INFO - DAG(s) dict_keys(['example_setup_teardown']) retrieved from /home/airflow/.local/lib/python3.8/site-packages/airflow/example_dags/example_setup_teardown.py
[2023-11-26T17:54:17.560+0000] {logging_mixin.py:154} INFO - [2023-11-26T17:54:17.560+0000] {dag.py:2941} INFO - Sync 1 DAGs
[2023-11-26T17:54:17.753+0000] {logging_mixin.py:154} INFO - [2023-11-26T17:54:17.751+0000] {dag.py:3722} INFO - Setting next_dagrun for example_setup_teardown to 2023-11-25T17:54:17.751062+00:00, run_after=2023-11-26T17:54:17.751062+00:00
[2023-11-26T17:54:17.865+0000] {processor.py:179} INFO - Processing /home/airflow/.local/lib/python3.8/site-packages/airflow/example_dags/example_setup_teardown.py took 0.649 seconds
[2023-11-26T17:54:49.096+0000] {processor.py:157} INFO - Started process (PID=948) to work on /home/airflow/.local/lib/python3.8/site-packages/airflow/example_dags/example_setup_teardown.py
[2023-11-26T17:54:49.153+0000] {processor.py:829} INFO - Processing file /home/airflow/.local/lib/python3.8/site-packages/airflow/example_dags/example_setup_teardown.py for tasks to queue
[2023-11-26T17:54:49.162+0000] {logging_mixin.py:154} INFO - [2023-11-26T17:54:49.162+0000] {dagbag.py:536} INFO - Filling up the DagBag from /home/airflow/.local/lib/python3.8/site-packages/airflow/example_dags/example_setup_teardown.py
[2023-11-26T17:54:49.210+0000] {processor.py:839} INFO - DAG(s) dict_keys(['example_setup_teardown']) retrieved from /home/airflow/.local/lib/python3.8/site-packages/airflow/example_dags/example_setup_teardown.py
[2023-11-26T17:54:49.411+0000] {logging_mixin.py:154} INFO - [2023-11-26T17:54:49.411+0000] {dag.py:2941} INFO - Sync 1 DAGs
[2023-11-26T17:54:49.773+0000] {logging_mixin.py:154} INFO - [2023-11-26T17:54:49.772+0000] {dag.py:3722} INFO - Setting next_dagrun for example_setup_teardown to 2023-11-25T17:54:49.771774+00:00, run_after=2023-11-26T17:54:49.771774+00:00
[2023-11-26T17:54:49.902+0000] {processor.py:179} INFO - Processing /home/airflow/.local/lib/python3.8/site-packages/airflow/example_dags/example_setup_teardown.py took 0.815 seconds
[2023-11-26T17:55:20.504+0000] {processor.py:157} INFO - Started process (PID=1003) to work on /home/airflow/.local/lib/python3.8/site-packages/airflow/example_dags/example_setup_teardown.py
[2023-11-26T17:55:20.510+0000] {processor.py:829} INFO - Processing file /home/airflow/.local/lib/python3.8/site-packages/airflow/example_dags/example_setup_teardown.py for tasks to queue
[2023-11-26T17:55:20.523+0000] {logging_mixin.py:154} INFO - [2023-11-26T17:55:20.518+0000] {dagbag.py:536} INFO - Filling up the DagBag from /home/airflow/.local/lib/python3.8/site-packages/airflow/example_dags/example_setup_teardown.py
[2023-11-26T17:55:20.543+0000] {processor.py:839} INFO - DAG(s) dict_keys(['example_setup_teardown']) retrieved from /home/airflow/.local/lib/python3.8/site-packages/airflow/example_dags/example_setup_teardown.py
[2023-11-26T17:55:20.596+0000] {logging_mixin.py:154} INFO - [2023-11-26T17:55:20.595+0000] {dag.py:2941} INFO - Sync 1 DAGs
[2023-11-26T17:55:20.659+0000] {logging_mixin.py:154} INFO - [2023-11-26T17:55:20.659+0000] {dag.py:3722} INFO - Setting next_dagrun for example_setup_teardown to 2023-11-25T17:55:20.659010+00:00, run_after=2023-11-26T17:55:20.659010+00:00
[2023-11-26T17:55:20.903+0000] {processor.py:179} INFO - Processing /home/airflow/.local/lib/python3.8/site-packages/airflow/example_dags/example_setup_teardown.py took 0.407 seconds
[2023-11-26T17:55:51.820+0000] {processor.py:157} INFO - Started process (PID=1057) to work on /home/airflow/.local/lib/python3.8/site-packages/airflow/example_dags/example_setup_teardown.py
[2023-11-26T17:55:51.822+0000] {processor.py:829} INFO - Processing file /home/airflow/.local/lib/python3.8/site-packages/airflow/example_dags/example_setup_teardown.py for tasks to queue
[2023-11-26T17:55:51.829+0000] {logging_mixin.py:154} INFO - [2023-11-26T17:55:51.828+0000] {dagbag.py:536} INFO - Filling up the DagBag from /home/airflow/.local/lib/python3.8/site-packages/airflow/example_dags/example_setup_teardown.py
[2023-11-26T17:55:51.845+0000] {processor.py:839} INFO - DAG(s) dict_keys(['example_setup_teardown']) retrieved from /home/airflow/.local/lib/python3.8/site-packages/airflow/example_dags/example_setup_teardown.py
[2023-11-26T17:55:51.912+0000] {logging_mixin.py:154} INFO - [2023-11-26T17:55:51.912+0000] {dag.py:2941} INFO - Sync 1 DAGs
[2023-11-26T17:55:51.983+0000] {logging_mixin.py:154} INFO - [2023-11-26T17:55:51.982+0000] {dag.py:3722} INFO - Setting next_dagrun for example_setup_teardown to 2023-11-25T17:55:51.982039+00:00, run_after=2023-11-26T17:55:51.982039+00:00
[2023-11-26T17:55:52.035+0000] {processor.py:179} INFO - Processing /home/airflow/.local/lib/python3.8/site-packages/airflow/example_dags/example_setup_teardown.py took 0.223 seconds
[2023-11-26T17:56:22.452+0000] {processor.py:157} INFO - Started process (PID=1111) to work on /home/airflow/.local/lib/python3.8/site-packages/airflow/example_dags/example_setup_teardown.py
[2023-11-26T17:56:22.455+0000] {processor.py:829} INFO - Processing file /home/airflow/.local/lib/python3.8/site-packages/airflow/example_dags/example_setup_teardown.py for tasks to queue
[2023-11-26T17:56:22.462+0000] {logging_mixin.py:154} INFO - [2023-11-26T17:56:22.461+0000] {dagbag.py:536} INFO - Filling up the DagBag from /home/airflow/.local/lib/python3.8/site-packages/airflow/example_dags/example_setup_teardown.py
[2023-11-26T17:56:22.490+0000] {processor.py:839} INFO - DAG(s) dict_keys(['example_setup_teardown']) retrieved from /home/airflow/.local/lib/python3.8/site-packages/airflow/example_dags/example_setup_teardown.py
[2023-11-26T17:56:22.565+0000] {logging_mixin.py:154} INFO - [2023-11-26T17:56:22.564+0000] {dag.py:2941} INFO - Sync 1 DAGs
[2023-11-26T17:56:22.680+0000] {logging_mixin.py:154} INFO - [2023-11-26T17:56:22.679+0000] {dag.py:3722} INFO - Setting next_dagrun for example_setup_teardown to 2023-11-25T17:56:22.678491+00:00, run_after=2023-11-26T17:56:22.678491+00:00
[2023-11-26T17:56:22.740+0000] {processor.py:179} INFO - Processing /home/airflow/.local/lib/python3.8/site-packages/airflow/example_dags/example_setup_teardown.py took 0.298 seconds
[2023-11-26T17:56:52.811+0000] {processor.py:157} INFO - Started process (PID=1165) to work on /home/airflow/.local/lib/python3.8/site-packages/airflow/example_dags/example_setup_teardown.py
[2023-11-26T17:56:52.813+0000] {processor.py:829} INFO - Processing file /home/airflow/.local/lib/python3.8/site-packages/airflow/example_dags/example_setup_teardown.py for tasks to queue
[2023-11-26T17:56:52.817+0000] {logging_mixin.py:154} INFO - [2023-11-26T17:56:52.817+0000] {dagbag.py:536} INFO - Filling up the DagBag from /home/airflow/.local/lib/python3.8/site-packages/airflow/example_dags/example_setup_teardown.py
[2023-11-26T17:56:52.834+0000] {processor.py:839} INFO - DAG(s) dict_keys(['example_setup_teardown']) retrieved from /home/airflow/.local/lib/python3.8/site-packages/airflow/example_dags/example_setup_teardown.py
[2023-11-26T17:56:52.888+0000] {logging_mixin.py:154} INFO - [2023-11-26T17:56:52.888+0000] {dag.py:2941} INFO - Sync 1 DAGs
[2023-11-26T17:56:52.939+0000] {logging_mixin.py:154} INFO - [2023-11-26T17:56:52.938+0000] {dag.py:3722} INFO - Setting next_dagrun for example_setup_teardown to 2023-11-25T17:56:52.938235+00:00, run_after=2023-11-26T17:56:52.938235+00:00
[2023-11-26T17:56:52.985+0000] {processor.py:179} INFO - Processing /home/airflow/.local/lib/python3.8/site-packages/airflow/example_dags/example_setup_teardown.py took 0.181 seconds
[2023-11-26T17:57:34.695+0000] {processor.py:157} INFO - Started process (PID=1220) to work on /home/airflow/.local/lib/python3.8/site-packages/airflow/example_dags/example_setup_teardown.py
[2023-11-26T17:57:34.718+0000] {processor.py:829} INFO - Processing file /home/airflow/.local/lib/python3.8/site-packages/airflow/example_dags/example_setup_teardown.py for tasks to queue
[2023-11-26T17:57:34.735+0000] {logging_mixin.py:154} INFO - [2023-11-26T17:57:34.734+0000] {dagbag.py:536} INFO - Filling up the DagBag from /home/airflow/.local/lib/python3.8/site-packages/airflow/example_dags/example_setup_teardown.py
[2023-11-26T17:57:34.781+0000] {processor.py:839} INFO - DAG(s) dict_keys(['example_setup_teardown']) retrieved from /home/airflow/.local/lib/python3.8/site-packages/airflow/example_dags/example_setup_teardown.py
[2023-11-26T17:57:34.983+0000] {logging_mixin.py:154} INFO - [2023-11-26T17:57:34.982+0000] {dag.py:2941} INFO - Sync 1 DAGs
[2023-11-26T17:57:38.720+0000] {logging_mixin.py:154} INFO - [2023-11-26T17:57:38.716+0000] {dag.py:3722} INFO - Setting next_dagrun for example_setup_teardown to 2023-11-25T17:57:38.715869+00:00, run_after=2023-11-26T17:57:38.715869+00:00
[2023-11-26T17:57:40.997+0000] {processor.py:179} INFO - Processing /home/airflow/.local/lib/python3.8/site-packages/airflow/example_dags/example_setup_teardown.py took 6.324 seconds
[2023-11-26T17:58:11.568+0000] {processor.py:157} INFO - Started process (PID=1281) to work on /home/airflow/.local/lib/python3.8/site-packages/airflow/example_dags/example_setup_teardown.py
[2023-11-26T17:58:11.576+0000] {processor.py:829} INFO - Processing file /home/airflow/.local/lib/python3.8/site-packages/airflow/example_dags/example_setup_teardown.py for tasks to queue
[2023-11-26T17:58:11.582+0000] {logging_mixin.py:154} INFO - [2023-11-26T17:58:11.581+0000] {dagbag.py:536} INFO - Filling up the DagBag from /home/airflow/.local/lib/python3.8/site-packages/airflow/example_dags/example_setup_teardown.py
[2023-11-26T17:58:11.614+0000] {processor.py:839} INFO - DAG(s) dict_keys(['example_setup_teardown']) retrieved from /home/airflow/.local/lib/python3.8/site-packages/airflow/example_dags/example_setup_teardown.py
[2023-11-26T17:58:11.842+0000] {logging_mixin.py:154} INFO - [2023-11-26T17:58:11.832+0000] {dag.py:2941} INFO - Sync 1 DAGs
[2023-11-26T17:58:11.981+0000] {logging_mixin.py:154} INFO - [2023-11-26T17:58:11.980+0000] {dag.py:3722} INFO - Setting next_dagrun for example_setup_teardown to 2023-11-25T17:58:11.977672+00:00, run_after=2023-11-26T17:58:11.977672+00:00
[2023-11-26T17:58:12.883+0000] {processor.py:179} INFO - Processing /home/airflow/.local/lib/python3.8/site-packages/airflow/example_dags/example_setup_teardown.py took 1.324 seconds
[2023-11-26T17:58:43.081+0000] {processor.py:157} INFO - Started process (PID=1335) to work on /home/airflow/.local/lib/python3.8/site-packages/airflow/example_dags/example_setup_teardown.py
[2023-11-26T17:58:43.088+0000] {processor.py:829} INFO - Processing file /home/airflow/.local/lib/python3.8/site-packages/airflow/example_dags/example_setup_teardown.py for tasks to queue
[2023-11-26T17:58:43.197+0000] {logging_mixin.py:154} INFO - [2023-11-26T17:58:43.196+0000] {dagbag.py:536} INFO - Filling up the DagBag from /home/airflow/.local/lib/python3.8/site-packages/airflow/example_dags/example_setup_teardown.py
[2023-11-26T17:58:43.246+0000] {processor.py:839} INFO - DAG(s) dict_keys(['example_setup_teardown']) retrieved from /home/airflow/.local/lib/python3.8/site-packages/airflow/example_dags/example_setup_teardown.py
[2023-11-26T17:58:43.310+0000] {logging_mixin.py:154} INFO - [2023-11-26T17:58:43.310+0000] {dag.py:2941} INFO - Sync 1 DAGs
[2023-11-26T17:58:43.376+0000] {logging_mixin.py:154} INFO - [2023-11-26T17:58:43.375+0000] {dag.py:3722} INFO - Setting next_dagrun for example_setup_teardown to 2023-11-25T17:58:43.375321+00:00, run_after=2023-11-26T17:58:43.375321+00:00
[2023-11-26T17:58:43.429+0000] {processor.py:179} INFO - Processing /home/airflow/.local/lib/python3.8/site-packages/airflow/example_dags/example_setup_teardown.py took 0.356 seconds
[2023-11-26T17:59:17.446+0000] {processor.py:157} INFO - Started process (PID=1389) to work on /home/airflow/.local/lib/python3.8/site-packages/airflow/example_dags/example_setup_teardown.py
[2023-11-26T17:59:17.450+0000] {processor.py:829} INFO - Processing file /home/airflow/.local/lib/python3.8/site-packages/airflow/example_dags/example_setup_teardown.py for tasks to queue
[2023-11-26T17:59:17.456+0000] {logging_mixin.py:154} INFO - [2023-11-26T17:59:17.455+0000] {dagbag.py:536} INFO - Filling up the DagBag from /home/airflow/.local/lib/python3.8/site-packages/airflow/example_dags/example_setup_teardown.py
[2023-11-26T17:59:17.473+0000] {processor.py:839} INFO - DAG(s) dict_keys(['example_setup_teardown']) retrieved from /home/airflow/.local/lib/python3.8/site-packages/airflow/example_dags/example_setup_teardown.py
[2023-11-26T17:59:17.529+0000] {logging_mixin.py:154} INFO - [2023-11-26T17:59:17.528+0000] {dag.py:2941} INFO - Sync 1 DAGs
[2023-11-26T17:59:17.603+0000] {logging_mixin.py:154} INFO - [2023-11-26T17:59:17.603+0000] {dag.py:3722} INFO - Setting next_dagrun for example_setup_teardown to 2023-11-25T17:59:17.602876+00:00, run_after=2023-11-26T17:59:17.602876+00:00
[2023-11-26T17:59:17.715+0000] {processor.py:179} INFO - Processing /home/airflow/.local/lib/python3.8/site-packages/airflow/example_dags/example_setup_teardown.py took 0.277 seconds
[2023-11-26T17:59:48.442+0000] {processor.py:157} INFO - Started process (PID=1441) to work on /home/airflow/.local/lib/python3.8/site-packages/airflow/example_dags/example_setup_teardown.py
[2023-11-26T17:59:48.445+0000] {processor.py:829} INFO - Processing file /home/airflow/.local/lib/python3.8/site-packages/airflow/example_dags/example_setup_teardown.py for tasks to queue
[2023-11-26T17:59:48.451+0000] {logging_mixin.py:154} INFO - [2023-11-26T17:59:48.450+0000] {dagbag.py:536} INFO - Filling up the DagBag from /home/airflow/.local/lib/python3.8/site-packages/airflow/example_dags/example_setup_teardown.py
[2023-11-26T17:59:48.493+0000] {processor.py:839} INFO - DAG(s) dict_keys(['example_setup_teardown']) retrieved from /home/airflow/.local/lib/python3.8/site-packages/airflow/example_dags/example_setup_teardown.py
[2023-11-26T17:59:48.558+0000] {logging_mixin.py:154} INFO - [2023-11-26T17:59:48.557+0000] {dag.py:2941} INFO - Sync 1 DAGs
[2023-11-26T17:59:48.874+0000] {logging_mixin.py:154} INFO - [2023-11-26T17:59:48.873+0000] {dag.py:3722} INFO - Setting next_dagrun for example_setup_teardown to 2023-11-25T17:59:48.873124+00:00, run_after=2023-11-26T17:59:48.873124+00:00
[2023-11-26T17:59:48.915+0000] {processor.py:179} INFO - Processing /home/airflow/.local/lib/python3.8/site-packages/airflow/example_dags/example_setup_teardown.py took 0.483 seconds
[2023-11-26T18:00:19.642+0000] {processor.py:157} INFO - Started process (PID=1494) to work on /home/airflow/.local/lib/python3.8/site-packages/airflow/example_dags/example_setup_teardown.py
[2023-11-26T18:00:19.647+0000] {processor.py:829} INFO - Processing file /home/airflow/.local/lib/python3.8/site-packages/airflow/example_dags/example_setup_teardown.py for tasks to queue
[2023-11-26T18:00:19.665+0000] {logging_mixin.py:154} INFO - [2023-11-26T18:00:19.663+0000] {dagbag.py:536} INFO - Filling up the DagBag from /home/airflow/.local/lib/python3.8/site-packages/airflow/example_dags/example_setup_teardown.py
[2023-11-26T18:00:19.783+0000] {processor.py:839} INFO - DAG(s) dict_keys(['example_setup_teardown']) retrieved from /home/airflow/.local/lib/python3.8/site-packages/airflow/example_dags/example_setup_teardown.py
[2023-11-26T18:00:19.881+0000] {logging_mixin.py:154} INFO - [2023-11-26T18:00:19.880+0000] {dag.py:2941} INFO - Sync 1 DAGs
[2023-11-26T18:00:19.951+0000] {logging_mixin.py:154} INFO - [2023-11-26T18:00:19.950+0000] {dag.py:3722} INFO - Setting next_dagrun for example_setup_teardown to 2023-11-25T18:00:19.950122+00:00, run_after=2023-11-26T18:00:19.950122+00:00
[2023-11-26T18:00:20.006+0000] {processor.py:179} INFO - Processing /home/airflow/.local/lib/python3.8/site-packages/airflow/example_dags/example_setup_teardown.py took 0.375 seconds
[2023-11-26T18:00:51.649+0000] {processor.py:157} INFO - Started process (PID=1548) to work on /home/airflow/.local/lib/python3.8/site-packages/airflow/example_dags/example_setup_teardown.py
[2023-11-26T18:00:51.661+0000] {processor.py:829} INFO - Processing file /home/airflow/.local/lib/python3.8/site-packages/airflow/example_dags/example_setup_teardown.py for tasks to queue
[2023-11-26T18:00:51.684+0000] {logging_mixin.py:154} INFO - [2023-11-26T18:00:51.682+0000] {dagbag.py:536} INFO - Filling up the DagBag from /home/airflow/.local/lib/python3.8/site-packages/airflow/example_dags/example_setup_teardown.py
[2023-11-26T18:00:51.752+0000] {processor.py:839} INFO - DAG(s) dict_keys(['example_setup_teardown']) retrieved from /home/airflow/.local/lib/python3.8/site-packages/airflow/example_dags/example_setup_teardown.py
[2023-11-26T18:00:51.982+0000] {logging_mixin.py:154} INFO - [2023-11-26T18:00:51.982+0000] {dag.py:2941} INFO - Sync 1 DAGs
[2023-11-26T18:00:52.460+0000] {logging_mixin.py:154} INFO - [2023-11-26T18:00:52.459+0000] {dag.py:3722} INFO - Setting next_dagrun for example_setup_teardown to 2023-11-25T18:00:52.459217+00:00, run_after=2023-11-26T18:00:52.459217+00:00
[2023-11-26T18:00:52.626+0000] {processor.py:179} INFO - Processing /home/airflow/.local/lib/python3.8/site-packages/airflow/example_dags/example_setup_teardown.py took 1.022 seconds
[2023-11-26T18:01:22.851+0000] {processor.py:157} INFO - Started process (PID=1602) to work on /home/airflow/.local/lib/python3.8/site-packages/airflow/example_dags/example_setup_teardown.py
[2023-11-26T18:01:22.855+0000] {processor.py:829} INFO - Processing file /home/airflow/.local/lib/python3.8/site-packages/airflow/example_dags/example_setup_teardown.py for tasks to queue
[2023-11-26T18:01:22.860+0000] {logging_mixin.py:154} INFO - [2023-11-26T18:01:22.860+0000] {dagbag.py:536} INFO - Filling up the DagBag from /home/airflow/.local/lib/python3.8/site-packages/airflow/example_dags/example_setup_teardown.py
[2023-11-26T18:01:22.884+0000] {processor.py:839} INFO - DAG(s) dict_keys(['example_setup_teardown']) retrieved from /home/airflow/.local/lib/python3.8/site-packages/airflow/example_dags/example_setup_teardown.py
[2023-11-26T18:01:22.939+0000] {logging_mixin.py:154} INFO - [2023-11-26T18:01:22.938+0000] {dag.py:2941} INFO - Sync 1 DAGs
[2023-11-26T18:01:22.998+0000] {logging_mixin.py:154} INFO - [2023-11-26T18:01:22.996+0000] {dag.py:3722} INFO - Setting next_dagrun for example_setup_teardown to 2023-11-25T18:01:22.996034+00:00, run_after=2023-11-26T18:01:22.996034+00:00
[2023-11-26T18:01:23.057+0000] {processor.py:179} INFO - Processing /home/airflow/.local/lib/python3.8/site-packages/airflow/example_dags/example_setup_teardown.py took 0.214 seconds
[2023-11-26T18:01:53.182+0000] {processor.py:157} INFO - Started process (PID=1655) to work on /home/airflow/.local/lib/python3.8/site-packages/airflow/example_dags/example_setup_teardown.py
[2023-11-26T18:01:53.185+0000] {processor.py:829} INFO - Processing file /home/airflow/.local/lib/python3.8/site-packages/airflow/example_dags/example_setup_teardown.py for tasks to queue
[2023-11-26T18:01:53.190+0000] {logging_mixin.py:154} INFO - [2023-11-26T18:01:53.190+0000] {dagbag.py:536} INFO - Filling up the DagBag from /home/airflow/.local/lib/python3.8/site-packages/airflow/example_dags/example_setup_teardown.py
[2023-11-26T18:01:53.202+0000] {processor.py:839} INFO - DAG(s) dict_keys(['example_setup_teardown']) retrieved from /home/airflow/.local/lib/python3.8/site-packages/airflow/example_dags/example_setup_teardown.py
[2023-11-26T18:01:53.246+0000] {logging_mixin.py:154} INFO - [2023-11-26T18:01:53.246+0000] {dag.py:2941} INFO - Sync 1 DAGs
[2023-11-26T18:01:53.293+0000] {logging_mixin.py:154} INFO - [2023-11-26T18:01:53.293+0000] {dag.py:3722} INFO - Setting next_dagrun for example_setup_teardown to 2023-11-25T18:01:53.292911+00:00, run_after=2023-11-26T18:01:53.292911+00:00
[2023-11-26T18:01:53.339+0000] {processor.py:179} INFO - Processing /home/airflow/.local/lib/python3.8/site-packages/airflow/example_dags/example_setup_teardown.py took 0.166 seconds
[2023-11-26T18:02:28.745+0000] {processor.py:157} INFO - Started process (PID=1709) to work on /home/airflow/.local/lib/python3.8/site-packages/airflow/example_dags/example_setup_teardown.py
[2023-11-26T18:02:28.750+0000] {processor.py:829} INFO - Processing file /home/airflow/.local/lib/python3.8/site-packages/airflow/example_dags/example_setup_teardown.py for tasks to queue
[2023-11-26T18:02:28.758+0000] {logging_mixin.py:154} INFO - [2023-11-26T18:02:28.757+0000] {dagbag.py:536} INFO - Filling up the DagBag from /home/airflow/.local/lib/python3.8/site-packages/airflow/example_dags/example_setup_teardown.py
[2023-11-26T18:02:28.920+0000] {processor.py:839} INFO - DAG(s) dict_keys(['example_setup_teardown']) retrieved from /home/airflow/.local/lib/python3.8/site-packages/airflow/example_dags/example_setup_teardown.py
[2023-11-26T18:02:29.043+0000] {logging_mixin.py:154} INFO - [2023-11-26T18:02:29.042+0000] {dag.py:2941} INFO - Sync 1 DAGs
[2023-11-26T18:02:29.438+0000] {logging_mixin.py:154} INFO - [2023-11-26T18:02:29.435+0000] {dag.py:3722} INFO - Setting next_dagrun for example_setup_teardown to 2023-11-25T18:02:29.434760+00:00, run_after=2023-11-26T18:02:29.434760+00:00
[2023-11-26T18:02:29.616+0000] {processor.py:179} INFO - Processing /home/airflow/.local/lib/python3.8/site-packages/airflow/example_dags/example_setup_teardown.py took 0.886 seconds
[2023-11-26T18:02:59.746+0000] {processor.py:157} INFO - Started process (PID=1763) to work on /home/airflow/.local/lib/python3.8/site-packages/airflow/example_dags/example_setup_teardown.py
[2023-11-26T18:02:59.750+0000] {processor.py:829} INFO - Processing file /home/airflow/.local/lib/python3.8/site-packages/airflow/example_dags/example_setup_teardown.py for tasks to queue
[2023-11-26T18:02:59.761+0000] {logging_mixin.py:154} INFO - [2023-11-26T18:02:59.755+0000] {dagbag.py:536} INFO - Filling up the DagBag from /home/airflow/.local/lib/python3.8/site-packages/airflow/example_dags/example_setup_teardown.py
[2023-11-26T18:02:59.782+0000] {processor.py:839} INFO - DAG(s) dict_keys(['example_setup_teardown']) retrieved from /home/airflow/.local/lib/python3.8/site-packages/airflow/example_dags/example_setup_teardown.py
[2023-11-26T18:02:59.865+0000] {logging_mixin.py:154} INFO - [2023-11-26T18:02:59.865+0000] {dag.py:2941} INFO - Sync 1 DAGs
[2023-11-26T18:02:59.934+0000] {logging_mixin.py:154} INFO - [2023-11-26T18:02:59.934+0000] {dag.py:3722} INFO - Setting next_dagrun for example_setup_teardown to 2023-11-25T18:02:59.933702+00:00, run_after=2023-11-26T18:02:59.933702+00:00
[2023-11-26T18:02:59.983+0000] {processor.py:179} INFO - Processing /home/airflow/.local/lib/python3.8/site-packages/airflow/example_dags/example_setup_teardown.py took 0.248 seconds
[2023-11-26T18:03:30.046+0000] {processor.py:157} INFO - Started process (PID=1817) to work on /home/airflow/.local/lib/python3.8/site-packages/airflow/example_dags/example_setup_teardown.py
[2023-11-26T18:03:30.057+0000] {processor.py:829} INFO - Processing file /home/airflow/.local/lib/python3.8/site-packages/airflow/example_dags/example_setup_teardown.py for tasks to queue
[2023-11-26T18:03:30.069+0000] {logging_mixin.py:154} INFO - [2023-11-26T18:03:30.068+0000] {dagbag.py:536} INFO - Filling up the DagBag from /home/airflow/.local/lib/python3.8/site-packages/airflow/example_dags/example_setup_teardown.py
[2023-11-26T18:03:30.116+0000] {processor.py:839} INFO - DAG(s) dict_keys(['example_setup_teardown']) retrieved from /home/airflow/.local/lib/python3.8/site-packages/airflow/example_dags/example_setup_teardown.py
