[2023-11-26T17:42:29.452+0000] {processor.py:157} INFO - Started process (PID=77) to work on /home/airflow/.local/lib/python3.8/site-packages/airflow/example_dags/example_dynamic_task_mapping_with_no_taskflow_operators.py
[2023-11-26T17:42:29.456+0000] {processor.py:829} INFO - Processing file /home/airflow/.local/lib/python3.8/site-packages/airflow/example_dags/example_dynamic_task_mapping_with_no_taskflow_operators.py for tasks to queue
[2023-11-26T17:42:29.469+0000] {logging_mixin.py:154} INFO - [2023-11-26T17:42:29.467+0000] {dagbag.py:536} INFO - Filling up the DagBag from /home/airflow/.local/lib/python3.8/site-packages/airflow/example_dags/example_dynamic_task_mapping_with_no_taskflow_operators.py
[2023-11-26T17:42:29.624+0000] {processor.py:839} INFO - DAG(s) dict_keys(['example_dynamic_task_mapping_with_no_taskflow_operators']) retrieved from /home/airflow/.local/lib/python3.8/site-packages/airflow/example_dags/example_dynamic_task_mapping_with_no_taskflow_operators.py
[2023-11-26T17:42:29.759+0000] {logging_mixin.py:154} INFO - [2023-11-26T17:42:29.759+0000] {dag.py:2941} INFO - Sync 1 DAGs
[2023-11-26T17:42:29.953+0000] {logging_mixin.py:154} INFO - [2023-11-26T17:42:29.952+0000] {dag.py:3722} INFO - Setting next_dagrun for example_dynamic_task_mapping_with_no_taskflow_operators to 2023-11-25T17:42:29.950766+00:00, run_after=2023-11-26T17:42:29.950766+00:00
[2023-11-26T17:42:30.375+0000] {processor.py:179} INFO - Processing /home/airflow/.local/lib/python3.8/site-packages/airflow/example_dags/example_dynamic_task_mapping_with_no_taskflow_operators.py took 0.964 seconds
[2023-11-26T17:46:20.825+0000] {processor.py:157} INFO - Started process (PID=79) to work on /home/airflow/.local/lib/python3.8/site-packages/airflow/example_dags/example_dynamic_task_mapping_with_no_taskflow_operators.py
[2023-11-26T17:46:20.832+0000] {processor.py:829} INFO - Processing file /home/airflow/.local/lib/python3.8/site-packages/airflow/example_dags/example_dynamic_task_mapping_with_no_taskflow_operators.py for tasks to queue
[2023-11-26T17:46:20.869+0000] {logging_mixin.py:154} INFO - [2023-11-26T17:46:20.868+0000] {dagbag.py:536} INFO - Filling up the DagBag from /home/airflow/.local/lib/python3.8/site-packages/airflow/example_dags/example_dynamic_task_mapping_with_no_taskflow_operators.py
[2023-11-26T17:46:20.956+0000] {processor.py:839} INFO - DAG(s) dict_keys(['example_dynamic_task_mapping_with_no_taskflow_operators']) retrieved from /home/airflow/.local/lib/python3.8/site-packages/airflow/example_dags/example_dynamic_task_mapping_with_no_taskflow_operators.py
[2023-11-26T17:46:21.219+0000] {logging_mixin.py:154} INFO - [2023-11-26T17:46:21.219+0000] {dag.py:2941} INFO - Sync 1 DAGs
[2023-11-26T17:46:21.536+0000] {logging_mixin.py:154} INFO - [2023-11-26T17:46:21.536+0000] {dag.py:3722} INFO - Setting next_dagrun for example_dynamic_task_mapping_with_no_taskflow_operators to 2023-11-25T17:46:21.535281+00:00, run_after=2023-11-26T17:46:21.535281+00:00
[2023-11-26T17:46:21.774+0000] {processor.py:179} INFO - Processing /home/airflow/.local/lib/python3.8/site-packages/airflow/example_dags/example_dynamic_task_mapping_with_no_taskflow_operators.py took 0.968 seconds
[2023-11-26T17:46:52.493+0000] {processor.py:157} INFO - Started process (PID=133) to work on /home/airflow/.local/lib/python3.8/site-packages/airflow/example_dags/example_dynamic_task_mapping_with_no_taskflow_operators.py
[2023-11-26T17:46:52.497+0000] {processor.py:829} INFO - Processing file /home/airflow/.local/lib/python3.8/site-packages/airflow/example_dags/example_dynamic_task_mapping_with_no_taskflow_operators.py for tasks to queue
[2023-11-26T17:46:52.511+0000] {logging_mixin.py:154} INFO - [2023-11-26T17:46:52.510+0000] {dagbag.py:536} INFO - Filling up the DagBag from /home/airflow/.local/lib/python3.8/site-packages/airflow/example_dags/example_dynamic_task_mapping_with_no_taskflow_operators.py
[2023-11-26T17:46:52.572+0000] {processor.py:839} INFO - DAG(s) dict_keys(['example_dynamic_task_mapping_with_no_taskflow_operators']) retrieved from /home/airflow/.local/lib/python3.8/site-packages/airflow/example_dags/example_dynamic_task_mapping_with_no_taskflow_operators.py
[2023-11-26T17:46:52.668+0000] {logging_mixin.py:154} INFO - [2023-11-26T17:46:52.667+0000] {dag.py:2941} INFO - Sync 1 DAGs
[2023-11-26T17:46:52.791+0000] {logging_mixin.py:154} INFO - [2023-11-26T17:46:52.789+0000] {dag.py:3722} INFO - Setting next_dagrun for example_dynamic_task_mapping_with_no_taskflow_operators to 2023-11-25T17:46:52.788593+00:00, run_after=2023-11-26T17:46:52.788593+00:00
[2023-11-26T17:46:52.914+0000] {processor.py:179} INFO - Processing /home/airflow/.local/lib/python3.8/site-packages/airflow/example_dags/example_dynamic_task_mapping_with_no_taskflow_operators.py took 0.437 seconds
[2023-11-26T17:47:23.466+0000] {processor.py:157} INFO - Started process (PID=186) to work on /home/airflow/.local/lib/python3.8/site-packages/airflow/example_dags/example_dynamic_task_mapping_with_no_taskflow_operators.py
[2023-11-26T17:47:23.471+0000] {processor.py:829} INFO - Processing file /home/airflow/.local/lib/python3.8/site-packages/airflow/example_dags/example_dynamic_task_mapping_with_no_taskflow_operators.py for tasks to queue
[2023-11-26T17:47:23.476+0000] {logging_mixin.py:154} INFO - [2023-11-26T17:47:23.476+0000] {dagbag.py:536} INFO - Filling up the DagBag from /home/airflow/.local/lib/python3.8/site-packages/airflow/example_dags/example_dynamic_task_mapping_with_no_taskflow_operators.py
[2023-11-26T17:47:23.492+0000] {processor.py:839} INFO - DAG(s) dict_keys(['example_dynamic_task_mapping_with_no_taskflow_operators']) retrieved from /home/airflow/.local/lib/python3.8/site-packages/airflow/example_dags/example_dynamic_task_mapping_with_no_taskflow_operators.py
[2023-11-26T17:47:23.538+0000] {logging_mixin.py:154} INFO - [2023-11-26T17:47:23.538+0000] {dag.py:2941} INFO - Sync 1 DAGs
[2023-11-26T17:47:23.598+0000] {logging_mixin.py:154} INFO - [2023-11-26T17:47:23.598+0000] {dag.py:3722} INFO - Setting next_dagrun for example_dynamic_task_mapping_with_no_taskflow_operators to 2023-11-25T17:47:23.597455+00:00, run_after=2023-11-26T17:47:23.597455+00:00
[2023-11-26T17:47:23.646+0000] {processor.py:179} INFO - Processing /home/airflow/.local/lib/python3.8/site-packages/airflow/example_dags/example_dynamic_task_mapping_with_no_taskflow_operators.py took 0.188 seconds
[2023-11-26T17:47:53.691+0000] {processor.py:157} INFO - Started process (PID=240) to work on /home/airflow/.local/lib/python3.8/site-packages/airflow/example_dags/example_dynamic_task_mapping_with_no_taskflow_operators.py
[2023-11-26T17:47:53.693+0000] {processor.py:829} INFO - Processing file /home/airflow/.local/lib/python3.8/site-packages/airflow/example_dags/example_dynamic_task_mapping_with_no_taskflow_operators.py for tasks to queue
[2023-11-26T17:47:53.699+0000] {logging_mixin.py:154} INFO - [2023-11-26T17:47:53.698+0000] {dagbag.py:536} INFO - Filling up the DagBag from /home/airflow/.local/lib/python3.8/site-packages/airflow/example_dags/example_dynamic_task_mapping_with_no_taskflow_operators.py
[2023-11-26T17:47:53.714+0000] {processor.py:839} INFO - DAG(s) dict_keys(['example_dynamic_task_mapping_with_no_taskflow_operators']) retrieved from /home/airflow/.local/lib/python3.8/site-packages/airflow/example_dags/example_dynamic_task_mapping_with_no_taskflow_operators.py
[2023-11-26T17:47:53.752+0000] {logging_mixin.py:154} INFO - [2023-11-26T17:47:53.751+0000] {dag.py:2941} INFO - Sync 1 DAGs
[2023-11-26T17:47:53.819+0000] {logging_mixin.py:154} INFO - [2023-11-26T17:47:53.818+0000] {dag.py:3722} INFO - Setting next_dagrun for example_dynamic_task_mapping_with_no_taskflow_operators to 2023-11-25T17:47:53.818137+00:00, run_after=2023-11-26T17:47:53.818137+00:00
[2023-11-26T17:47:53.885+0000] {processor.py:179} INFO - Processing /home/airflow/.local/lib/python3.8/site-packages/airflow/example_dags/example_dynamic_task_mapping_with_no_taskflow_operators.py took 0.200 seconds
[2023-11-26T17:48:24.126+0000] {processor.py:157} INFO - Started process (PID=293) to work on /home/airflow/.local/lib/python3.8/site-packages/airflow/example_dags/example_dynamic_task_mapping_with_no_taskflow_operators.py
[2023-11-26T17:48:24.128+0000] {processor.py:829} INFO - Processing file /home/airflow/.local/lib/python3.8/site-packages/airflow/example_dags/example_dynamic_task_mapping_with_no_taskflow_operators.py for tasks to queue
[2023-11-26T17:48:24.133+0000] {logging_mixin.py:154} INFO - [2023-11-26T17:48:24.132+0000] {dagbag.py:536} INFO - Filling up the DagBag from /home/airflow/.local/lib/python3.8/site-packages/airflow/example_dags/example_dynamic_task_mapping_with_no_taskflow_operators.py
[2023-11-26T17:48:24.144+0000] {processor.py:839} INFO - DAG(s) dict_keys(['example_dynamic_task_mapping_with_no_taskflow_operators']) retrieved from /home/airflow/.local/lib/python3.8/site-packages/airflow/example_dags/example_dynamic_task_mapping_with_no_taskflow_operators.py
[2023-11-26T17:48:24.188+0000] {logging_mixin.py:154} INFO - [2023-11-26T17:48:24.187+0000] {dag.py:2941} INFO - Sync 1 DAGs
[2023-11-26T17:48:24.235+0000] {logging_mixin.py:154} INFO - [2023-11-26T17:48:24.234+0000] {dag.py:3722} INFO - Setting next_dagrun for example_dynamic_task_mapping_with_no_taskflow_operators to 2023-11-25T17:48:24.234508+00:00, run_after=2023-11-26T17:48:24.234508+00:00
[2023-11-26T17:48:24.276+0000] {processor.py:179} INFO - Processing /home/airflow/.local/lib/python3.8/site-packages/airflow/example_dags/example_dynamic_task_mapping_with_no_taskflow_operators.py took 0.157 seconds
[2023-11-26T17:48:55.945+0000] {processor.py:157} INFO - Started process (PID=347) to work on /home/airflow/.local/lib/python3.8/site-packages/airflow/example_dags/example_dynamic_task_mapping_with_no_taskflow_operators.py
[2023-11-26T17:48:55.959+0000] {processor.py:829} INFO - Processing file /home/airflow/.local/lib/python3.8/site-packages/airflow/example_dags/example_dynamic_task_mapping_with_no_taskflow_operators.py for tasks to queue
[2023-11-26T17:48:55.990+0000] {logging_mixin.py:154} INFO - [2023-11-26T17:48:55.989+0000] {dagbag.py:536} INFO - Filling up the DagBag from /home/airflow/.local/lib/python3.8/site-packages/airflow/example_dags/example_dynamic_task_mapping_with_no_taskflow_operators.py
[2023-11-26T17:48:56.033+0000] {processor.py:839} INFO - DAG(s) dict_keys(['example_dynamic_task_mapping_with_no_taskflow_operators']) retrieved from /home/airflow/.local/lib/python3.8/site-packages/airflow/example_dags/example_dynamic_task_mapping_with_no_taskflow_operators.py
[2023-11-26T17:48:56.133+0000] {logging_mixin.py:154} INFO - [2023-11-26T17:48:56.132+0000] {dag.py:2941} INFO - Sync 1 DAGs
[2023-11-26T17:48:56.301+0000] {logging_mixin.py:154} INFO - [2023-11-26T17:48:56.301+0000] {dag.py:3722} INFO - Setting next_dagrun for example_dynamic_task_mapping_with_no_taskflow_operators to 2023-11-25T17:48:56.300555+00:00, run_after=2023-11-26T17:48:56.300555+00:00
[2023-11-26T17:48:56.647+0000] {processor.py:179} INFO - Processing /home/airflow/.local/lib/python3.8/site-packages/airflow/example_dags/example_dynamic_task_mapping_with_no_taskflow_operators.py took 0.809 seconds
[2023-11-26T17:49:26.883+0000] {processor.py:157} INFO - Started process (PID=404) to work on /home/airflow/.local/lib/python3.8/site-packages/airflow/example_dags/example_dynamic_task_mapping_with_no_taskflow_operators.py
[2023-11-26T17:49:26.887+0000] {processor.py:829} INFO - Processing file /home/airflow/.local/lib/python3.8/site-packages/airflow/example_dags/example_dynamic_task_mapping_with_no_taskflow_operators.py for tasks to queue
[2023-11-26T17:49:26.893+0000] {logging_mixin.py:154} INFO - [2023-11-26T17:49:26.892+0000] {dagbag.py:536} INFO - Filling up the DagBag from /home/airflow/.local/lib/python3.8/site-packages/airflow/example_dags/example_dynamic_task_mapping_with_no_taskflow_operators.py
[2023-11-26T17:49:26.904+0000] {processor.py:839} INFO - DAG(s) dict_keys(['example_dynamic_task_mapping_with_no_taskflow_operators']) retrieved from /home/airflow/.local/lib/python3.8/site-packages/airflow/example_dags/example_dynamic_task_mapping_with_no_taskflow_operators.py
[2023-11-26T17:49:26.947+0000] {logging_mixin.py:154} INFO - [2023-11-26T17:49:26.947+0000] {dag.py:2941} INFO - Sync 1 DAGs
[2023-11-26T17:49:26.995+0000] {logging_mixin.py:154} INFO - [2023-11-26T17:49:26.995+0000] {dag.py:3722} INFO - Setting next_dagrun for example_dynamic_task_mapping_with_no_taskflow_operators to 2023-11-25T17:49:26.994596+00:00, run_after=2023-11-26T17:49:26.994596+00:00
[2023-11-26T17:49:27.040+0000] {processor.py:179} INFO - Processing /home/airflow/.local/lib/python3.8/site-packages/airflow/example_dags/example_dynamic_task_mapping_with_no_taskflow_operators.py took 0.167 seconds
[2023-11-26T17:49:58.990+0000] {processor.py:157} INFO - Started process (PID=458) to work on /home/airflow/.local/lib/python3.8/site-packages/airflow/example_dags/example_dynamic_task_mapping_with_no_taskflow_operators.py
[2023-11-26T17:49:58.995+0000] {processor.py:829} INFO - Processing file /home/airflow/.local/lib/python3.8/site-packages/airflow/example_dags/example_dynamic_task_mapping_with_no_taskflow_operators.py for tasks to queue
[2023-11-26T17:49:59.003+0000] {logging_mixin.py:154} INFO - [2023-11-26T17:49:59.003+0000] {dagbag.py:536} INFO - Filling up the DagBag from /home/airflow/.local/lib/python3.8/site-packages/airflow/example_dags/example_dynamic_task_mapping_with_no_taskflow_operators.py
[2023-11-26T17:49:59.020+0000] {processor.py:839} INFO - DAG(s) dict_keys(['example_dynamic_task_mapping_with_no_taskflow_operators']) retrieved from /home/airflow/.local/lib/python3.8/site-packages/airflow/example_dags/example_dynamic_task_mapping_with_no_taskflow_operators.py
[2023-11-26T17:49:59.102+0000] {logging_mixin.py:154} INFO - [2023-11-26T17:49:59.101+0000] {dag.py:2941} INFO - Sync 1 DAGs
[2023-11-26T17:49:59.204+0000] {logging_mixin.py:154} INFO - [2023-11-26T17:49:59.203+0000] {dag.py:3722} INFO - Setting next_dagrun for example_dynamic_task_mapping_with_no_taskflow_operators to 2023-11-25T17:49:59.203185+00:00, run_after=2023-11-26T17:49:59.203185+00:00
[2023-11-26T17:49:59.334+0000] {processor.py:179} INFO - Processing /home/airflow/.local/lib/python3.8/site-packages/airflow/example_dags/example_dynamic_task_mapping_with_no_taskflow_operators.py took 0.351 seconds
[2023-11-26T17:50:30.436+0000] {processor.py:157} INFO - Started process (PID=512) to work on /home/airflow/.local/lib/python3.8/site-packages/airflow/example_dags/example_dynamic_task_mapping_with_no_taskflow_operators.py
[2023-11-26T17:50:30.439+0000] {processor.py:829} INFO - Processing file /home/airflow/.local/lib/python3.8/site-packages/airflow/example_dags/example_dynamic_task_mapping_with_no_taskflow_operators.py for tasks to queue
[2023-11-26T17:50:30.448+0000] {logging_mixin.py:154} INFO - [2023-11-26T17:50:30.447+0000] {dagbag.py:536} INFO - Filling up the DagBag from /home/airflow/.local/lib/python3.8/site-packages/airflow/example_dags/example_dynamic_task_mapping_with_no_taskflow_operators.py
[2023-11-26T17:50:30.472+0000] {processor.py:839} INFO - DAG(s) dict_keys(['example_dynamic_task_mapping_with_no_taskflow_operators']) retrieved from /home/airflow/.local/lib/python3.8/site-packages/airflow/example_dags/example_dynamic_task_mapping_with_no_taskflow_operators.py
[2023-11-26T17:50:30.543+0000] {logging_mixin.py:154} INFO - [2023-11-26T17:50:30.543+0000] {dag.py:2941} INFO - Sync 1 DAGs
[2023-11-26T17:50:30.621+0000] {logging_mixin.py:154} INFO - [2023-11-26T17:50:30.620+0000] {dag.py:3722} INFO - Setting next_dagrun for example_dynamic_task_mapping_with_no_taskflow_operators to 2023-11-25T17:50:30.618962+00:00, run_after=2023-11-26T17:50:30.618962+00:00
[2023-11-26T17:50:30.673+0000] {processor.py:179} INFO - Processing /home/airflow/.local/lib/python3.8/site-packages/airflow/example_dags/example_dynamic_task_mapping_with_no_taskflow_operators.py took 0.248 seconds
[2023-11-26T17:51:01.508+0000] {processor.py:157} INFO - Started process (PID=566) to work on /home/airflow/.local/lib/python3.8/site-packages/airflow/example_dags/example_dynamic_task_mapping_with_no_taskflow_operators.py
[2023-11-26T17:51:01.511+0000] {processor.py:829} INFO - Processing file /home/airflow/.local/lib/python3.8/site-packages/airflow/example_dags/example_dynamic_task_mapping_with_no_taskflow_operators.py for tasks to queue
[2023-11-26T17:51:01.520+0000] {logging_mixin.py:154} INFO - [2023-11-26T17:51:01.520+0000] {dagbag.py:536} INFO - Filling up the DagBag from /home/airflow/.local/lib/python3.8/site-packages/airflow/example_dags/example_dynamic_task_mapping_with_no_taskflow_operators.py
[2023-11-26T17:51:01.539+0000] {processor.py:839} INFO - DAG(s) dict_keys(['example_dynamic_task_mapping_with_no_taskflow_operators']) retrieved from /home/airflow/.local/lib/python3.8/site-packages/airflow/example_dags/example_dynamic_task_mapping_with_no_taskflow_operators.py
[2023-11-26T17:51:01.624+0000] {logging_mixin.py:154} INFO - [2023-11-26T17:51:01.623+0000] {dag.py:2941} INFO - Sync 1 DAGs
[2023-11-26T17:51:01.719+0000] {logging_mixin.py:154} INFO - [2023-11-26T17:51:01.719+0000] {dag.py:3722} INFO - Setting next_dagrun for example_dynamic_task_mapping_with_no_taskflow_operators to 2023-11-25T17:51:01.718354+00:00, run_after=2023-11-26T17:51:01.718354+00:00
[2023-11-26T17:51:01.797+0000] {processor.py:179} INFO - Processing /home/airflow/.local/lib/python3.8/site-packages/airflow/example_dags/example_dynamic_task_mapping_with_no_taskflow_operators.py took 0.299 seconds
[2023-11-26T17:51:34.125+0000] {processor.py:157} INFO - Started process (PID=619) to work on /home/airflow/.local/lib/python3.8/site-packages/airflow/example_dags/example_dynamic_task_mapping_with_no_taskflow_operators.py
[2023-11-26T17:51:34.142+0000] {processor.py:829} INFO - Processing file /home/airflow/.local/lib/python3.8/site-packages/airflow/example_dags/example_dynamic_task_mapping_with_no_taskflow_operators.py for tasks to queue
[2023-11-26T17:51:34.170+0000] {logging_mixin.py:154} INFO - [2023-11-26T17:51:34.169+0000] {dagbag.py:536} INFO - Filling up the DagBag from /home/airflow/.local/lib/python3.8/site-packages/airflow/example_dags/example_dynamic_task_mapping_with_no_taskflow_operators.py
[2023-11-26T17:51:34.212+0000] {processor.py:839} INFO - DAG(s) dict_keys(['example_dynamic_task_mapping_with_no_taskflow_operators']) retrieved from /home/airflow/.local/lib/python3.8/site-packages/airflow/example_dags/example_dynamic_task_mapping_with_no_taskflow_operators.py
[2023-11-26T17:51:34.312+0000] {logging_mixin.py:154} INFO - [2023-11-26T17:51:34.311+0000] {dag.py:2941} INFO - Sync 1 DAGs
[2023-11-26T17:51:34.449+0000] {logging_mixin.py:154} INFO - [2023-11-26T17:51:34.448+0000] {dag.py:3722} INFO - Setting next_dagrun for example_dynamic_task_mapping_with_no_taskflow_operators to 2023-11-25T17:51:34.446366+00:00, run_after=2023-11-26T17:51:34.446366+00:00
[2023-11-26T17:51:34.574+0000] {processor.py:179} INFO - Processing /home/airflow/.local/lib/python3.8/site-packages/airflow/example_dags/example_dynamic_task_mapping_with_no_taskflow_operators.py took 0.489 seconds
[2023-11-26T17:52:05.329+0000] {processor.py:157} INFO - Started process (PID=673) to work on /home/airflow/.local/lib/python3.8/site-packages/airflow/example_dags/example_dynamic_task_mapping_with_no_taskflow_operators.py
[2023-11-26T17:52:05.335+0000] {processor.py:829} INFO - Processing file /home/airflow/.local/lib/python3.8/site-packages/airflow/example_dags/example_dynamic_task_mapping_with_no_taskflow_operators.py for tasks to queue
[2023-11-26T17:52:05.350+0000] {logging_mixin.py:154} INFO - [2023-11-26T17:52:05.349+0000] {dagbag.py:536} INFO - Filling up the DagBag from /home/airflow/.local/lib/python3.8/site-packages/airflow/example_dags/example_dynamic_task_mapping_with_no_taskflow_operators.py
[2023-11-26T17:52:05.380+0000] {processor.py:839} INFO - DAG(s) dict_keys(['example_dynamic_task_mapping_with_no_taskflow_operators']) retrieved from /home/airflow/.local/lib/python3.8/site-packages/airflow/example_dags/example_dynamic_task_mapping_with_no_taskflow_operators.py
[2023-11-26T17:52:05.474+0000] {logging_mixin.py:154} INFO - [2023-11-26T17:52:05.473+0000] {dag.py:2941} INFO - Sync 1 DAGs
[2023-11-26T17:52:05.698+0000] {logging_mixin.py:154} INFO - [2023-11-26T17:52:05.698+0000] {dag.py:3722} INFO - Setting next_dagrun for example_dynamic_task_mapping_with_no_taskflow_operators to 2023-11-25T17:52:05.697284+00:00, run_after=2023-11-26T17:52:05.697284+00:00
[2023-11-26T17:52:05.860+0000] {processor.py:179} INFO - Processing /home/airflow/.local/lib/python3.8/site-packages/airflow/example_dags/example_dynamic_task_mapping_with_no_taskflow_operators.py took 0.541 seconds
[2023-11-26T17:52:35.980+0000] {processor.py:157} INFO - Started process (PID=727) to work on /home/airflow/.local/lib/python3.8/site-packages/airflow/example_dags/example_dynamic_task_mapping_with_no_taskflow_operators.py
[2023-11-26T17:52:35.984+0000] {processor.py:829} INFO - Processing file /home/airflow/.local/lib/python3.8/site-packages/airflow/example_dags/example_dynamic_task_mapping_with_no_taskflow_operators.py for tasks to queue
[2023-11-26T17:52:35.993+0000] {logging_mixin.py:154} INFO - [2023-11-26T17:52:35.992+0000] {dagbag.py:536} INFO - Filling up the DagBag from /home/airflow/.local/lib/python3.8/site-packages/airflow/example_dags/example_dynamic_task_mapping_with_no_taskflow_operators.py
[2023-11-26T17:52:36.019+0000] {processor.py:839} INFO - DAG(s) dict_keys(['example_dynamic_task_mapping_with_no_taskflow_operators']) retrieved from /home/airflow/.local/lib/python3.8/site-packages/airflow/example_dags/example_dynamic_task_mapping_with_no_taskflow_operators.py
[2023-11-26T17:52:36.082+0000] {logging_mixin.py:154} INFO - [2023-11-26T17:52:36.081+0000] {dag.py:2941} INFO - Sync 1 DAGs
[2023-11-26T17:52:36.145+0000] {logging_mixin.py:154} INFO - [2023-11-26T17:52:36.144+0000] {dag.py:3722} INFO - Setting next_dagrun for example_dynamic_task_mapping_with_no_taskflow_operators to 2023-11-25T17:52:36.144066+00:00, run_after=2023-11-26T17:52:36.144066+00:00
[2023-11-26T17:52:36.196+0000] {processor.py:179} INFO - Processing /home/airflow/.local/lib/python3.8/site-packages/airflow/example_dags/example_dynamic_task_mapping_with_no_taskflow_operators.py took 0.226 seconds
[2023-11-26T17:53:06.631+0000] {processor.py:157} INFO - Started process (PID=781) to work on /home/airflow/.local/lib/python3.8/site-packages/airflow/example_dags/example_dynamic_task_mapping_with_no_taskflow_operators.py
[2023-11-26T17:53:06.633+0000] {processor.py:829} INFO - Processing file /home/airflow/.local/lib/python3.8/site-packages/airflow/example_dags/example_dynamic_task_mapping_with_no_taskflow_operators.py for tasks to queue
[2023-11-26T17:53:06.638+0000] {logging_mixin.py:154} INFO - [2023-11-26T17:53:06.638+0000] {dagbag.py:536} INFO - Filling up the DagBag from /home/airflow/.local/lib/python3.8/site-packages/airflow/example_dags/example_dynamic_task_mapping_with_no_taskflow_operators.py
[2023-11-26T17:53:06.652+0000] {processor.py:839} INFO - DAG(s) dict_keys(['example_dynamic_task_mapping_with_no_taskflow_operators']) retrieved from /home/airflow/.local/lib/python3.8/site-packages/airflow/example_dags/example_dynamic_task_mapping_with_no_taskflow_operators.py
[2023-11-26T17:53:06.787+0000] {logging_mixin.py:154} INFO - [2023-11-26T17:53:06.786+0000] {dag.py:2941} INFO - Sync 1 DAGs
[2023-11-26T17:53:06.896+0000] {logging_mixin.py:154} INFO - [2023-11-26T17:53:06.895+0000] {dag.py:3722} INFO - Setting next_dagrun for example_dynamic_task_mapping_with_no_taskflow_operators to 2023-11-25T17:53:06.895157+00:00, run_after=2023-11-26T17:53:06.895157+00:00
[2023-11-26T17:53:06.959+0000] {processor.py:179} INFO - Processing /home/airflow/.local/lib/python3.8/site-packages/airflow/example_dags/example_dynamic_task_mapping_with_no_taskflow_operators.py took 0.336 seconds
[2023-11-26T17:53:37.960+0000] {processor.py:157} INFO - Started process (PID=835) to work on /home/airflow/.local/lib/python3.8/site-packages/airflow/example_dags/example_dynamic_task_mapping_with_no_taskflow_operators.py
[2023-11-26T17:53:37.963+0000] {processor.py:829} INFO - Processing file /home/airflow/.local/lib/python3.8/site-packages/airflow/example_dags/example_dynamic_task_mapping_with_no_taskflow_operators.py for tasks to queue
[2023-11-26T17:53:37.970+0000] {logging_mixin.py:154} INFO - [2023-11-26T17:53:37.970+0000] {dagbag.py:536} INFO - Filling up the DagBag from /home/airflow/.local/lib/python3.8/site-packages/airflow/example_dags/example_dynamic_task_mapping_with_no_taskflow_operators.py
[2023-11-26T17:53:37.990+0000] {processor.py:839} INFO - DAG(s) dict_keys(['example_dynamic_task_mapping_with_no_taskflow_operators']) retrieved from /home/airflow/.local/lib/python3.8/site-packages/airflow/example_dags/example_dynamic_task_mapping_with_no_taskflow_operators.py
[2023-11-26T17:53:38.103+0000] {logging_mixin.py:154} INFO - [2023-11-26T17:53:38.103+0000] {dag.py:2941} INFO - Sync 1 DAGs
[2023-11-26T17:53:38.210+0000] {logging_mixin.py:154} INFO - [2023-11-26T17:53:38.209+0000] {dag.py:3722} INFO - Setting next_dagrun for example_dynamic_task_mapping_with_no_taskflow_operators to 2023-11-25T17:53:38.208624+00:00, run_after=2023-11-26T17:53:38.208624+00:00
[2023-11-26T17:53:38.653+0000] {processor.py:179} INFO - Processing /home/airflow/.local/lib/python3.8/site-packages/airflow/example_dags/example_dynamic_task_mapping_with_no_taskflow_operators.py took 0.706 seconds
[2023-11-26T17:54:13.426+0000] {processor.py:157} INFO - Started process (PID=889) to work on /home/airflow/.local/lib/python3.8/site-packages/airflow/example_dags/example_dynamic_task_mapping_with_no_taskflow_operators.py
[2023-11-26T17:54:13.428+0000] {processor.py:829} INFO - Processing file /home/airflow/.local/lib/python3.8/site-packages/airflow/example_dags/example_dynamic_task_mapping_with_no_taskflow_operators.py for tasks to queue
[2023-11-26T17:54:13.445+0000] {logging_mixin.py:154} INFO - [2023-11-26T17:54:13.444+0000] {dagbag.py:536} INFO - Filling up the DagBag from /home/airflow/.local/lib/python3.8/site-packages/airflow/example_dags/example_dynamic_task_mapping_with_no_taskflow_operators.py
[2023-11-26T17:54:13.479+0000] {processor.py:839} INFO - DAG(s) dict_keys(['example_dynamic_task_mapping_with_no_taskflow_operators']) retrieved from /home/airflow/.local/lib/python3.8/site-packages/airflow/example_dags/example_dynamic_task_mapping_with_no_taskflow_operators.py
[2023-11-26T17:54:13.864+0000] {logging_mixin.py:154} INFO - [2023-11-26T17:54:13.863+0000] {dag.py:2941} INFO - Sync 1 DAGs
[2023-11-26T17:54:14.008+0000] {logging_mixin.py:154} INFO - [2023-11-26T17:54:13.986+0000] {dag.py:3722} INFO - Setting next_dagrun for example_dynamic_task_mapping_with_no_taskflow_operators to 2023-11-25T17:54:13.985539+00:00, run_after=2023-11-26T17:54:13.985539+00:00
[2023-11-26T17:54:14.276+0000] {processor.py:179} INFO - Processing /home/airflow/.local/lib/python3.8/site-packages/airflow/example_dags/example_dynamic_task_mapping_with_no_taskflow_operators.py took 0.900 seconds
[2023-11-26T17:54:47.448+0000] {processor.py:157} INFO - Started process (PID=943) to work on /home/airflow/.local/lib/python3.8/site-packages/airflow/example_dags/example_dynamic_task_mapping_with_no_taskflow_operators.py
[2023-11-26T17:54:47.476+0000] {processor.py:829} INFO - Processing file /home/airflow/.local/lib/python3.8/site-packages/airflow/example_dags/example_dynamic_task_mapping_with_no_taskflow_operators.py for tasks to queue
[2023-11-26T17:54:47.510+0000] {logging_mixin.py:154} INFO - [2023-11-26T17:54:47.509+0000] {dagbag.py:536} INFO - Filling up the DagBag from /home/airflow/.local/lib/python3.8/site-packages/airflow/example_dags/example_dynamic_task_mapping_with_no_taskflow_operators.py
[2023-11-26T17:54:47.534+0000] {processor.py:839} INFO - DAG(s) dict_keys(['example_dynamic_task_mapping_with_no_taskflow_operators']) retrieved from /home/airflow/.local/lib/python3.8/site-packages/airflow/example_dags/example_dynamic_task_mapping_with_no_taskflow_operators.py
[2023-11-26T17:54:47.608+0000] {logging_mixin.py:154} INFO - [2023-11-26T17:54:47.608+0000] {dag.py:2941} INFO - Sync 1 DAGs
[2023-11-26T17:54:47.726+0000] {logging_mixin.py:154} INFO - [2023-11-26T17:54:47.725+0000] {dag.py:3722} INFO - Setting next_dagrun for example_dynamic_task_mapping_with_no_taskflow_operators to 2023-11-25T17:54:47.724724+00:00, run_after=2023-11-26T17:54:47.724724+00:00
[2023-11-26T17:54:47.907+0000] {processor.py:179} INFO - Processing /home/airflow/.local/lib/python3.8/site-packages/airflow/example_dags/example_dynamic_task_mapping_with_no_taskflow_operators.py took 0.470 seconds
[2023-11-26T17:55:18.119+0000] {processor.py:157} INFO - Started process (PID=998) to work on /home/airflow/.local/lib/python3.8/site-packages/airflow/example_dags/example_dynamic_task_mapping_with_no_taskflow_operators.py
[2023-11-26T17:55:18.122+0000] {processor.py:829} INFO - Processing file /home/airflow/.local/lib/python3.8/site-packages/airflow/example_dags/example_dynamic_task_mapping_with_no_taskflow_operators.py for tasks to queue
[2023-11-26T17:55:18.133+0000] {logging_mixin.py:154} INFO - [2023-11-26T17:55:18.131+0000] {dagbag.py:536} INFO - Filling up the DagBag from /home/airflow/.local/lib/python3.8/site-packages/airflow/example_dags/example_dynamic_task_mapping_with_no_taskflow_operators.py
[2023-11-26T17:55:18.151+0000] {processor.py:839} INFO - DAG(s) dict_keys(['example_dynamic_task_mapping_with_no_taskflow_operators']) retrieved from /home/airflow/.local/lib/python3.8/site-packages/airflow/example_dags/example_dynamic_task_mapping_with_no_taskflow_operators.py
[2023-11-26T17:55:18.210+0000] {logging_mixin.py:154} INFO - [2023-11-26T17:55:18.210+0000] {dag.py:2941} INFO - Sync 1 DAGs
[2023-11-26T17:55:18.287+0000] {logging_mixin.py:154} INFO - [2023-11-26T17:55:18.287+0000] {dag.py:3722} INFO - Setting next_dagrun for example_dynamic_task_mapping_with_no_taskflow_operators to 2023-11-25T17:55:18.285981+00:00, run_after=2023-11-26T17:55:18.285981+00:00
[2023-11-26T17:55:18.636+0000] {processor.py:179} INFO - Processing /home/airflow/.local/lib/python3.8/site-packages/airflow/example_dags/example_dynamic_task_mapping_with_no_taskflow_operators.py took 0.526 seconds
[2023-11-26T17:55:49.257+0000] {processor.py:157} INFO - Started process (PID=1052) to work on /home/airflow/.local/lib/python3.8/site-packages/airflow/example_dags/example_dynamic_task_mapping_with_no_taskflow_operators.py
[2023-11-26T17:55:49.260+0000] {processor.py:829} INFO - Processing file /home/airflow/.local/lib/python3.8/site-packages/airflow/example_dags/example_dynamic_task_mapping_with_no_taskflow_operators.py for tasks to queue
[2023-11-26T17:55:49.265+0000] {logging_mixin.py:154} INFO - [2023-11-26T17:55:49.265+0000] {dagbag.py:536} INFO - Filling up the DagBag from /home/airflow/.local/lib/python3.8/site-packages/airflow/example_dags/example_dynamic_task_mapping_with_no_taskflow_operators.py
[2023-11-26T17:55:49.288+0000] {processor.py:839} INFO - DAG(s) dict_keys(['example_dynamic_task_mapping_with_no_taskflow_operators']) retrieved from /home/airflow/.local/lib/python3.8/site-packages/airflow/example_dags/example_dynamic_task_mapping_with_no_taskflow_operators.py
[2023-11-26T17:55:49.339+0000] {logging_mixin.py:154} INFO - [2023-11-26T17:55:49.338+0000] {dag.py:2941} INFO - Sync 1 DAGs
[2023-11-26T17:55:49.400+0000] {logging_mixin.py:154} INFO - [2023-11-26T17:55:49.399+0000] {dag.py:3722} INFO - Setting next_dagrun for example_dynamic_task_mapping_with_no_taskflow_operators to 2023-11-25T17:55:49.399098+00:00, run_after=2023-11-26T17:55:49.399098+00:00
[2023-11-26T17:55:49.448+0000] {processor.py:179} INFO - Processing /home/airflow/.local/lib/python3.8/site-packages/airflow/example_dags/example_dynamic_task_mapping_with_no_taskflow_operators.py took 0.198 seconds
[2023-11-26T17:56:19.816+0000] {processor.py:157} INFO - Started process (PID=1106) to work on /home/airflow/.local/lib/python3.8/site-packages/airflow/example_dags/example_dynamic_task_mapping_with_no_taskflow_operators.py
[2023-11-26T17:56:19.819+0000] {processor.py:829} INFO - Processing file /home/airflow/.local/lib/python3.8/site-packages/airflow/example_dags/example_dynamic_task_mapping_with_no_taskflow_operators.py for tasks to queue
[2023-11-26T17:56:19.826+0000] {logging_mixin.py:154} INFO - [2023-11-26T17:56:19.825+0000] {dagbag.py:536} INFO - Filling up the DagBag from /home/airflow/.local/lib/python3.8/site-packages/airflow/example_dags/example_dynamic_task_mapping_with_no_taskflow_operators.py
[2023-11-26T17:56:19.841+0000] {processor.py:839} INFO - DAG(s) dict_keys(['example_dynamic_task_mapping_with_no_taskflow_operators']) retrieved from /home/airflow/.local/lib/python3.8/site-packages/airflow/example_dags/example_dynamic_task_mapping_with_no_taskflow_operators.py
[2023-11-26T17:56:19.893+0000] {logging_mixin.py:154} INFO - [2023-11-26T17:56:19.893+0000] {dag.py:2941} INFO - Sync 1 DAGs
[2023-11-26T17:56:19.952+0000] {logging_mixin.py:154} INFO - [2023-11-26T17:56:19.952+0000] {dag.py:3722} INFO - Setting next_dagrun for example_dynamic_task_mapping_with_no_taskflow_operators to 2023-11-25T17:56:19.951759+00:00, run_after=2023-11-26T17:56:19.951759+00:00
[2023-11-26T17:56:20.003+0000] {processor.py:179} INFO - Processing /home/airflow/.local/lib/python3.8/site-packages/airflow/example_dags/example_dynamic_task_mapping_with_no_taskflow_operators.py took 0.196 seconds
[2023-11-26T17:56:51.384+0000] {processor.py:157} INFO - Started process (PID=1160) to work on /home/airflow/.local/lib/python3.8/site-packages/airflow/example_dags/example_dynamic_task_mapping_with_no_taskflow_operators.py
[2023-11-26T17:56:51.390+0000] {processor.py:829} INFO - Processing file /home/airflow/.local/lib/python3.8/site-packages/airflow/example_dags/example_dynamic_task_mapping_with_no_taskflow_operators.py for tasks to queue
[2023-11-26T17:56:51.401+0000] {logging_mixin.py:154} INFO - [2023-11-26T17:56:51.397+0000] {dagbag.py:536} INFO - Filling up the DagBag from /home/airflow/.local/lib/python3.8/site-packages/airflow/example_dags/example_dynamic_task_mapping_with_no_taskflow_operators.py
[2023-11-26T17:56:51.449+0000] {processor.py:839} INFO - DAG(s) dict_keys(['example_dynamic_task_mapping_with_no_taskflow_operators']) retrieved from /home/airflow/.local/lib/python3.8/site-packages/airflow/example_dags/example_dynamic_task_mapping_with_no_taskflow_operators.py
[2023-11-26T17:56:51.765+0000] {logging_mixin.py:154} INFO - [2023-11-26T17:56:51.765+0000] {dag.py:2941} INFO - Sync 1 DAGs
[2023-11-26T17:56:51.956+0000] {logging_mixin.py:154} INFO - [2023-11-26T17:56:51.956+0000] {dag.py:3722} INFO - Setting next_dagrun for example_dynamic_task_mapping_with_no_taskflow_operators to 2023-11-25T17:56:51.955483+00:00, run_after=2023-11-26T17:56:51.955483+00:00
[2023-11-26T17:56:52.025+0000] {processor.py:179} INFO - Processing /home/airflow/.local/lib/python3.8/site-packages/airflow/example_dags/example_dynamic_task_mapping_with_no_taskflow_operators.py took 0.669 seconds
[2023-11-26T17:57:26.069+0000] {processor.py:157} INFO - Started process (PID=1215) to work on /home/airflow/.local/lib/python3.8/site-packages/airflow/example_dags/example_dynamic_task_mapping_with_no_taskflow_operators.py
[2023-11-26T17:57:26.074+0000] {processor.py:829} INFO - Processing file /home/airflow/.local/lib/python3.8/site-packages/airflow/example_dags/example_dynamic_task_mapping_with_no_taskflow_operators.py for tasks to queue
[2023-11-26T17:57:26.127+0000] {logging_mixin.py:154} INFO - [2023-11-26T17:57:26.091+0000] {dagbag.py:536} INFO - Filling up the DagBag from /home/airflow/.local/lib/python3.8/site-packages/airflow/example_dags/example_dynamic_task_mapping_with_no_taskflow_operators.py
[2023-11-26T17:57:26.239+0000] {processor.py:839} INFO - DAG(s) dict_keys(['example_dynamic_task_mapping_with_no_taskflow_operators']) retrieved from /home/airflow/.local/lib/python3.8/site-packages/airflow/example_dags/example_dynamic_task_mapping_with_no_taskflow_operators.py
[2023-11-26T17:57:26.562+0000] {logging_mixin.py:154} INFO - [2023-11-26T17:57:26.562+0000] {dag.py:2941} INFO - Sync 1 DAGs
[2023-11-26T17:57:28.163+0000] {logging_mixin.py:154} INFO - [2023-11-26T17:57:28.163+0000] {dag.py:3722} INFO - Setting next_dagrun for example_dynamic_task_mapping_with_no_taskflow_operators to 2023-11-25T17:57:28.162650+00:00, run_after=2023-11-26T17:57:28.162650+00:00
[2023-11-26T17:57:28.628+0000] {processor.py:179} INFO - Processing /home/airflow/.local/lib/python3.8/site-packages/airflow/example_dags/example_dynamic_task_mapping_with_no_taskflow_operators.py took 2.574 seconds
[2023-11-26T17:58:05.106+0000] {processor.py:157} INFO - Started process (PID=1269) to work on /home/airflow/.local/lib/python3.8/site-packages/airflow/example_dags/example_dynamic_task_mapping_with_no_taskflow_operators.py
[2023-11-26T17:58:05.110+0000] {processor.py:829} INFO - Processing file /home/airflow/.local/lib/python3.8/site-packages/airflow/example_dags/example_dynamic_task_mapping_with_no_taskflow_operators.py for tasks to queue
[2023-11-26T17:58:05.117+0000] {logging_mixin.py:154} INFO - [2023-11-26T17:58:05.116+0000] {dagbag.py:536} INFO - Filling up the DagBag from /home/airflow/.local/lib/python3.8/site-packages/airflow/example_dags/example_dynamic_task_mapping_with_no_taskflow_operators.py
[2023-11-26T17:58:05.139+0000] {processor.py:839} INFO - DAG(s) dict_keys(['example_dynamic_task_mapping_with_no_taskflow_operators']) retrieved from /home/airflow/.local/lib/python3.8/site-packages/airflow/example_dags/example_dynamic_task_mapping_with_no_taskflow_operators.py
[2023-11-26T17:58:05.413+0000] {logging_mixin.py:154} INFO - [2023-11-26T17:58:05.412+0000] {dag.py:2941} INFO - Sync 1 DAGs
[2023-11-26T17:58:05.581+0000] {logging_mixin.py:154} INFO - [2023-11-26T17:58:05.581+0000] {dag.py:3722} INFO - Setting next_dagrun for example_dynamic_task_mapping_with_no_taskflow_operators to 2023-11-25T17:58:05.580747+00:00, run_after=2023-11-26T17:58:05.580747+00:00
[2023-11-26T17:58:06.449+0000] {processor.py:179} INFO - Processing /home/airflow/.local/lib/python3.8/site-packages/airflow/example_dags/example_dynamic_task_mapping_with_no_taskflow_operators.py took 1.357 seconds
[2023-11-26T17:58:37.596+0000] {processor.py:157} INFO - Started process (PID=1323) to work on /home/airflow/.local/lib/python3.8/site-packages/airflow/example_dags/example_dynamic_task_mapping_with_no_taskflow_operators.py
[2023-11-26T17:58:37.598+0000] {processor.py:829} INFO - Processing file /home/airflow/.local/lib/python3.8/site-packages/airflow/example_dags/example_dynamic_task_mapping_with_no_taskflow_operators.py for tasks to queue
[2023-11-26T17:58:37.607+0000] {logging_mixin.py:154} INFO - [2023-11-26T17:58:37.606+0000] {dagbag.py:536} INFO - Filling up the DagBag from /home/airflow/.local/lib/python3.8/site-packages/airflow/example_dags/example_dynamic_task_mapping_with_no_taskflow_operators.py
[2023-11-26T17:58:37.635+0000] {processor.py:839} INFO - DAG(s) dict_keys(['example_dynamic_task_mapping_with_no_taskflow_operators']) retrieved from /home/airflow/.local/lib/python3.8/site-packages/airflow/example_dags/example_dynamic_task_mapping_with_no_taskflow_operators.py
[2023-11-26T17:58:37.727+0000] {logging_mixin.py:154} INFO - [2023-11-26T17:58:37.725+0000] {dag.py:2941} INFO - Sync 1 DAGs
[2023-11-26T17:58:37.795+0000] {logging_mixin.py:154} INFO - [2023-11-26T17:58:37.794+0000] {dag.py:3722} INFO - Setting next_dagrun for example_dynamic_task_mapping_with_no_taskflow_operators to 2023-11-25T17:58:37.794116+00:00, run_after=2023-11-26T17:58:37.794116+00:00
[2023-11-26T17:58:37.842+0000] {processor.py:179} INFO - Processing /home/airflow/.local/lib/python3.8/site-packages/airflow/example_dags/example_dynamic_task_mapping_with_no_taskflow_operators.py took 0.254 seconds
[2023-11-26T17:59:14.654+0000] {processor.py:157} INFO - Started process (PID=1382) to work on /home/airflow/.local/lib/python3.8/site-packages/airflow/example_dags/example_dynamic_task_mapping_with_no_taskflow_operators.py
[2023-11-26T17:59:14.657+0000] {processor.py:829} INFO - Processing file /home/airflow/.local/lib/python3.8/site-packages/airflow/example_dags/example_dynamic_task_mapping_with_no_taskflow_operators.py for tasks to queue
[2023-11-26T17:59:14.662+0000] {logging_mixin.py:154} INFO - [2023-11-26T17:59:14.661+0000] {dagbag.py:536} INFO - Filling up the DagBag from /home/airflow/.local/lib/python3.8/site-packages/airflow/example_dags/example_dynamic_task_mapping_with_no_taskflow_operators.py
[2023-11-26T17:59:14.677+0000] {processor.py:839} INFO - DAG(s) dict_keys(['example_dynamic_task_mapping_with_no_taskflow_operators']) retrieved from /home/airflow/.local/lib/python3.8/site-packages/airflow/example_dags/example_dynamic_task_mapping_with_no_taskflow_operators.py
[2023-11-26T17:59:14.981+0000] {logging_mixin.py:154} INFO - [2023-11-26T17:59:14.981+0000] {dag.py:2941} INFO - Sync 1 DAGs
[2023-11-26T17:59:15.039+0000] {logging_mixin.py:154} INFO - [2023-11-26T17:59:15.039+0000] {dag.py:3722} INFO - Setting next_dagrun for example_dynamic_task_mapping_with_no_taskflow_operators to 2023-11-25T17:59:15.038819+00:00, run_after=2023-11-26T17:59:15.038819+00:00
[2023-11-26T17:59:15.384+0000] {processor.py:179} INFO - Processing /home/airflow/.local/lib/python3.8/site-packages/airflow/example_dags/example_dynamic_task_mapping_with_no_taskflow_operators.py took 0.736 seconds
[2023-11-26T17:59:46.272+0000] {processor.py:157} INFO - Started process (PID=1436) to work on /home/airflow/.local/lib/python3.8/site-packages/airflow/example_dags/example_dynamic_task_mapping_with_no_taskflow_operators.py
[2023-11-26T17:59:46.275+0000] {processor.py:829} INFO - Processing file /home/airflow/.local/lib/python3.8/site-packages/airflow/example_dags/example_dynamic_task_mapping_with_no_taskflow_operators.py for tasks to queue
[2023-11-26T17:59:46.283+0000] {logging_mixin.py:154} INFO - [2023-11-26T17:59:46.282+0000] {dagbag.py:536} INFO - Filling up the DagBag from /home/airflow/.local/lib/python3.8/site-packages/airflow/example_dags/example_dynamic_task_mapping_with_no_taskflow_operators.py
[2023-11-26T17:59:46.322+0000] {processor.py:839} INFO - DAG(s) dict_keys(['example_dynamic_task_mapping_with_no_taskflow_operators']) retrieved from /home/airflow/.local/lib/python3.8/site-packages/airflow/example_dags/example_dynamic_task_mapping_with_no_taskflow_operators.py
[2023-11-26T17:59:46.398+0000] {logging_mixin.py:154} INFO - [2023-11-26T17:59:46.397+0000] {dag.py:2941} INFO - Sync 1 DAGs
[2023-11-26T17:59:46.928+0000] {logging_mixin.py:154} INFO - [2023-11-26T17:59:46.927+0000] {dag.py:3722} INFO - Setting next_dagrun for example_dynamic_task_mapping_with_no_taskflow_operators to 2023-11-25T17:59:46.927122+00:00, run_after=2023-11-26T17:59:46.927122+00:00
[2023-11-26T17:59:46.969+0000] {processor.py:179} INFO - Processing /home/airflow/.local/lib/python3.8/site-packages/airflow/example_dags/example_dynamic_task_mapping_with_no_taskflow_operators.py took 0.707 seconds
[2023-11-26T18:00:18.561+0000] {processor.py:157} INFO - Started process (PID=1489) to work on /home/airflow/.local/lib/python3.8/site-packages/airflow/example_dags/example_dynamic_task_mapping_with_no_taskflow_operators.py
[2023-11-26T18:00:18.567+0000] {processor.py:829} INFO - Processing file /home/airflow/.local/lib/python3.8/site-packages/airflow/example_dags/example_dynamic_task_mapping_with_no_taskflow_operators.py for tasks to queue
[2023-11-26T18:00:18.575+0000] {logging_mixin.py:154} INFO - [2023-11-26T18:00:18.575+0000] {dagbag.py:536} INFO - Filling up the DagBag from /home/airflow/.local/lib/python3.8/site-packages/airflow/example_dags/example_dynamic_task_mapping_with_no_taskflow_operators.py
[2023-11-26T18:00:18.591+0000] {processor.py:839} INFO - DAG(s) dict_keys(['example_dynamic_task_mapping_with_no_taskflow_operators']) retrieved from /home/airflow/.local/lib/python3.8/site-packages/airflow/example_dags/example_dynamic_task_mapping_with_no_taskflow_operators.py
[2023-11-26T18:00:18.680+0000] {logging_mixin.py:154} INFO - [2023-11-26T18:00:18.679+0000] {dag.py:2941} INFO - Sync 1 DAGs
[2023-11-26T18:00:18.749+0000] {logging_mixin.py:154} INFO - [2023-11-26T18:00:18.748+0000] {dag.py:3722} INFO - Setting next_dagrun for example_dynamic_task_mapping_with_no_taskflow_operators to 2023-11-25T18:00:18.747883+00:00, run_after=2023-11-26T18:00:18.747883+00:00
[2023-11-26T18:00:18.858+0000] {processor.py:179} INFO - Processing /home/airflow/.local/lib/python3.8/site-packages/airflow/example_dags/example_dynamic_task_mapping_with_no_taskflow_operators.py took 0.304 seconds
[2023-11-26T18:00:49.946+0000] {processor.py:157} INFO - Started process (PID=1543) to work on /home/airflow/.local/lib/python3.8/site-packages/airflow/example_dags/example_dynamic_task_mapping_with_no_taskflow_operators.py
[2023-11-26T18:00:49.958+0000] {processor.py:829} INFO - Processing file /home/airflow/.local/lib/python3.8/site-packages/airflow/example_dags/example_dynamic_task_mapping_with_no_taskflow_operators.py for tasks to queue
[2023-11-26T18:00:49.965+0000] {logging_mixin.py:154} INFO - [2023-11-26T18:00:49.964+0000] {dagbag.py:536} INFO - Filling up the DagBag from /home/airflow/.local/lib/python3.8/site-packages/airflow/example_dags/example_dynamic_task_mapping_with_no_taskflow_operators.py
[2023-11-26T18:00:50.162+0000] {processor.py:839} INFO - DAG(s) dict_keys(['example_dynamic_task_mapping_with_no_taskflow_operators']) retrieved from /home/airflow/.local/lib/python3.8/site-packages/airflow/example_dags/example_dynamic_task_mapping_with_no_taskflow_operators.py
[2023-11-26T18:00:50.299+0000] {logging_mixin.py:154} INFO - [2023-11-26T18:00:50.298+0000] {dag.py:2941} INFO - Sync 1 DAGs
[2023-11-26T18:00:50.419+0000] {logging_mixin.py:154} INFO - [2023-11-26T18:00:50.418+0000] {dag.py:3722} INFO - Setting next_dagrun for example_dynamic_task_mapping_with_no_taskflow_operators to 2023-11-25T18:00:50.417538+00:00, run_after=2023-11-26T18:00:50.417538+00:00
[2023-11-26T18:00:50.492+0000] {processor.py:179} INFO - Processing /home/airflow/.local/lib/python3.8/site-packages/airflow/example_dags/example_dynamic_task_mapping_with_no_taskflow_operators.py took 0.555 seconds
[2023-11-26T18:01:21.347+0000] {processor.py:157} INFO - Started process (PID=1597) to work on /home/airflow/.local/lib/python3.8/site-packages/airflow/example_dags/example_dynamic_task_mapping_with_no_taskflow_operators.py
[2023-11-26T18:01:21.350+0000] {processor.py:829} INFO - Processing file /home/airflow/.local/lib/python3.8/site-packages/airflow/example_dags/example_dynamic_task_mapping_with_no_taskflow_operators.py for tasks to queue
[2023-11-26T18:01:21.361+0000] {logging_mixin.py:154} INFO - [2023-11-26T18:01:21.361+0000] {dagbag.py:536} INFO - Filling up the DagBag from /home/airflow/.local/lib/python3.8/site-packages/airflow/example_dags/example_dynamic_task_mapping_with_no_taskflow_operators.py
[2023-11-26T18:01:21.382+0000] {processor.py:839} INFO - DAG(s) dict_keys(['example_dynamic_task_mapping_with_no_taskflow_operators']) retrieved from /home/airflow/.local/lib/python3.8/site-packages/airflow/example_dags/example_dynamic_task_mapping_with_no_taskflow_operators.py
[2023-11-26T18:01:21.494+0000] {logging_mixin.py:154} INFO - [2023-11-26T18:01:21.493+0000] {dag.py:2941} INFO - Sync 1 DAGs
[2023-11-26T18:01:21.726+0000] {logging_mixin.py:154} INFO - [2023-11-26T18:01:21.725+0000] {dag.py:3722} INFO - Setting next_dagrun for example_dynamic_task_mapping_with_no_taskflow_operators to 2023-11-25T18:01:21.720315+00:00, run_after=2023-11-26T18:01:21.720315+00:00
[2023-11-26T18:01:21.845+0000] {processor.py:179} INFO - Processing /home/airflow/.local/lib/python3.8/site-packages/airflow/example_dags/example_dynamic_task_mapping_with_no_taskflow_operators.py took 0.508 seconds
[2023-11-26T18:01:52.287+0000] {processor.py:157} INFO - Started process (PID=1650) to work on /home/airflow/.local/lib/python3.8/site-packages/airflow/example_dags/example_dynamic_task_mapping_with_no_taskflow_operators.py
[2023-11-26T18:01:52.289+0000] {processor.py:829} INFO - Processing file /home/airflow/.local/lib/python3.8/site-packages/airflow/example_dags/example_dynamic_task_mapping_with_no_taskflow_operators.py for tasks to queue
[2023-11-26T18:01:52.295+0000] {logging_mixin.py:154} INFO - [2023-11-26T18:01:52.294+0000] {dagbag.py:536} INFO - Filling up the DagBag from /home/airflow/.local/lib/python3.8/site-packages/airflow/example_dags/example_dynamic_task_mapping_with_no_taskflow_operators.py
[2023-11-26T18:01:52.308+0000] {processor.py:839} INFO - DAG(s) dict_keys(['example_dynamic_task_mapping_with_no_taskflow_operators']) retrieved from /home/airflow/.local/lib/python3.8/site-packages/airflow/example_dags/example_dynamic_task_mapping_with_no_taskflow_operators.py
[2023-11-26T18:01:52.361+0000] {logging_mixin.py:154} INFO - [2023-11-26T18:01:52.361+0000] {dag.py:2941} INFO - Sync 1 DAGs
[2023-11-26T18:01:52.416+0000] {logging_mixin.py:154} INFO - [2023-11-26T18:01:52.415+0000] {dag.py:3722} INFO - Setting next_dagrun for example_dynamic_task_mapping_with_no_taskflow_operators to 2023-11-25T18:01:52.415443+00:00, run_after=2023-11-26T18:01:52.415443+00:00
[2023-11-26T18:01:52.463+0000] {processor.py:179} INFO - Processing /home/airflow/.local/lib/python3.8/site-packages/airflow/example_dags/example_dynamic_task_mapping_with_no_taskflow_operators.py took 0.183 seconds
[2023-11-26T18:02:24.931+0000] {processor.py:157} INFO - Started process (PID=1704) to work on /home/airflow/.local/lib/python3.8/site-packages/airflow/example_dags/example_dynamic_task_mapping_with_no_taskflow_operators.py
[2023-11-26T18:02:24.934+0000] {processor.py:829} INFO - Processing file /home/airflow/.local/lib/python3.8/site-packages/airflow/example_dags/example_dynamic_task_mapping_with_no_taskflow_operators.py for tasks to queue
[2023-11-26T18:02:24.946+0000] {logging_mixin.py:154} INFO - [2023-11-26T18:02:24.944+0000] {dagbag.py:536} INFO - Filling up the DagBag from /home/airflow/.local/lib/python3.8/site-packages/airflow/example_dags/example_dynamic_task_mapping_with_no_taskflow_operators.py
[2023-11-26T18:02:24.965+0000] {processor.py:839} INFO - DAG(s) dict_keys(['example_dynamic_task_mapping_with_no_taskflow_operators']) retrieved from /home/airflow/.local/lib/python3.8/site-packages/airflow/example_dags/example_dynamic_task_mapping_with_no_taskflow_operators.py
[2023-11-26T18:02:25.064+0000] {logging_mixin.py:154} INFO - [2023-11-26T18:02:25.064+0000] {dag.py:2941} INFO - Sync 1 DAGs
[2023-11-26T18:02:25.160+0000] {logging_mixin.py:154} INFO - [2023-11-26T18:02:25.159+0000] {dag.py:3722} INFO - Setting next_dagrun for example_dynamic_task_mapping_with_no_taskflow_operators to 2023-11-25T18:02:25.159363+00:00, run_after=2023-11-26T18:02:25.159363+00:00
[2023-11-26T18:02:25.265+0000] {processor.py:179} INFO - Processing /home/airflow/.local/lib/python3.8/site-packages/airflow/example_dags/example_dynamic_task_mapping_with_no_taskflow_operators.py took 0.343 seconds
[2023-11-26T18:02:55.536+0000] {processor.py:157} INFO - Started process (PID=1758) to work on /home/airflow/.local/lib/python3.8/site-packages/airflow/example_dags/example_dynamic_task_mapping_with_no_taskflow_operators.py
[2023-11-26T18:02:55.538+0000] {processor.py:829} INFO - Processing file /home/airflow/.local/lib/python3.8/site-packages/airflow/example_dags/example_dynamic_task_mapping_with_no_taskflow_operators.py for tasks to queue
[2023-11-26T18:02:55.543+0000] {logging_mixin.py:154} INFO - [2023-11-26T18:02:55.542+0000] {dagbag.py:536} INFO - Filling up the DagBag from /home/airflow/.local/lib/python3.8/site-packages/airflow/example_dags/example_dynamic_task_mapping_with_no_taskflow_operators.py
[2023-11-26T18:02:55.561+0000] {processor.py:839} INFO - DAG(s) dict_keys(['example_dynamic_task_mapping_with_no_taskflow_operators']) retrieved from /home/airflow/.local/lib/python3.8/site-packages/airflow/example_dags/example_dynamic_task_mapping_with_no_taskflow_operators.py
[2023-11-26T18:02:55.783+0000] {logging_mixin.py:154} INFO - [2023-11-26T18:02:55.782+0000] {dag.py:2941} INFO - Sync 1 DAGs
[2023-11-26T18:02:55.892+0000] {logging_mixin.py:154} INFO - [2023-11-26T18:02:55.892+0000] {dag.py:3722} INFO - Setting next_dagrun for example_dynamic_task_mapping_with_no_taskflow_operators to 2023-11-25T18:02:55.891924+00:00, run_after=2023-11-26T18:02:55.891924+00:00
[2023-11-26T18:02:55.960+0000] {processor.py:179} INFO - Processing /home/airflow/.local/lib/python3.8/site-packages/airflow/example_dags/example_dynamic_task_mapping_with_no_taskflow_operators.py took 0.433 seconds
[2023-11-26T18:03:26.218+0000] {processor.py:157} INFO - Started process (PID=1812) to work on /home/airflow/.local/lib/python3.8/site-packages/airflow/example_dags/example_dynamic_task_mapping_with_no_taskflow_operators.py
[2023-11-26T18:03:26.221+0000] {processor.py:829} INFO - Processing file /home/airflow/.local/lib/python3.8/site-packages/airflow/example_dags/example_dynamic_task_mapping_with_no_taskflow_operators.py for tasks to queue
[2023-11-26T18:03:26.231+0000] {logging_mixin.py:154} INFO - [2023-11-26T18:03:26.229+0000] {dagbag.py:536} INFO - Filling up the DagBag from /home/airflow/.local/lib/python3.8/site-packages/airflow/example_dags/example_dynamic_task_mapping_with_no_taskflow_operators.py
[2023-11-26T18:03:26.253+0000] {processor.py:839} INFO - DAG(s) dict_keys(['example_dynamic_task_mapping_with_no_taskflow_operators']) retrieved from /home/airflow/.local/lib/python3.8/site-packages/airflow/example_dags/example_dynamic_task_mapping_with_no_taskflow_operators.py
[2023-11-26T18:03:26.309+0000] {logging_mixin.py:154} INFO - [2023-11-26T18:03:26.309+0000] {dag.py:2941} INFO - Sync 1 DAGs
[2023-11-26T18:03:26.365+0000] {logging_mixin.py:154} INFO - [2023-11-26T18:03:26.365+0000] {dag.py:3722} INFO - Setting next_dagrun for example_dynamic_task_mapping_with_no_taskflow_operators to 2023-11-25T18:03:26.364353+00:00, run_after=2023-11-26T18:03:26.364353+00:00
[2023-11-26T18:03:26.416+0000] {processor.py:179} INFO - Processing /home/airflow/.local/lib/python3.8/site-packages/airflow/example_dags/example_dynamic_task_mapping_with_no_taskflow_operators.py took 0.205 seconds
