[2023-11-26T17:42:32.062+0000] {processor.py:157} INFO - Started process (PID=81) to work on /home/airflow/.local/lib/python3.8/site-packages/airflow/example_dags/example_trigger_controller_dag.py
[2023-11-26T17:42:32.128+0000] {processor.py:829} INFO - Processing file /home/airflow/.local/lib/python3.8/site-packages/airflow/example_dags/example_trigger_controller_dag.py for tasks to queue
[2023-11-26T17:42:32.401+0000] {logging_mixin.py:154} INFO - [2023-11-26T17:42:32.247+0000] {dagbag.py:536} INFO - Filling up the DagBag from /home/airflow/.local/lib/python3.8/site-packages/airflow/example_dags/example_trigger_controller_dag.py
[2023-11-26T17:42:32.685+0000] {processor.py:839} INFO - DAG(s) dict_keys(['example_trigger_controller_dag']) retrieved from /home/airflow/.local/lib/python3.8/site-packages/airflow/example_dags/example_trigger_controller_dag.py
[2023-11-26T17:42:33.481+0000] {logging_mixin.py:154} INFO - [2023-11-26T17:42:33.473+0000] {dag.py:2941} INFO - Sync 1 DAGs
[2023-11-26T17:42:33.766+0000] {logging_mixin.py:154} INFO - [2023-11-26T17:42:33.765+0000] {dag.py:3722} INFO - Setting next_dagrun for example_trigger_controller_dag to 2021-01-01T00:00:00+00:00, run_after=2021-01-01T00:00:00+00:00
[2023-11-26T17:42:33.926+0000] {processor.py:179} INFO - Processing /home/airflow/.local/lib/python3.8/site-packages/airflow/example_dags/example_trigger_controller_dag.py took 1.883 seconds
[2023-11-26T17:46:24.077+0000] {processor.py:157} INFO - Started process (PID=90) to work on /home/airflow/.local/lib/python3.8/site-packages/airflow/example_dags/example_trigger_controller_dag.py
[2023-11-26T17:46:24.094+0000] {processor.py:829} INFO - Processing file /home/airflow/.local/lib/python3.8/site-packages/airflow/example_dags/example_trigger_controller_dag.py for tasks to queue
[2023-11-26T17:46:24.154+0000] {logging_mixin.py:154} INFO - [2023-11-26T17:46:24.153+0000] {dagbag.py:536} INFO - Filling up the DagBag from /home/airflow/.local/lib/python3.8/site-packages/airflow/example_dags/example_trigger_controller_dag.py
[2023-11-26T17:46:24.228+0000] {processor.py:839} INFO - DAG(s) dict_keys(['example_trigger_controller_dag']) retrieved from /home/airflow/.local/lib/python3.8/site-packages/airflow/example_dags/example_trigger_controller_dag.py
[2023-11-26T17:46:24.336+0000] {logging_mixin.py:154} INFO - [2023-11-26T17:46:24.335+0000] {dag.py:2941} INFO - Sync 1 DAGs
[2023-11-26T17:46:24.520+0000] {logging_mixin.py:154} INFO - [2023-11-26T17:46:24.520+0000] {dag.py:3722} INFO - Setting next_dagrun for example_trigger_controller_dag to 2021-01-01T00:00:00+00:00, run_after=2021-01-01T00:00:00+00:00
[2023-11-26T17:46:24.618+0000] {processor.py:179} INFO - Processing /home/airflow/.local/lib/python3.8/site-packages/airflow/example_dags/example_trigger_controller_dag.py took 0.572 seconds
[2023-11-26T17:46:55.180+0000] {processor.py:157} INFO - Started process (PID=143) to work on /home/airflow/.local/lib/python3.8/site-packages/airflow/example_dags/example_trigger_controller_dag.py
[2023-11-26T17:46:55.182+0000] {processor.py:829} INFO - Processing file /home/airflow/.local/lib/python3.8/site-packages/airflow/example_dags/example_trigger_controller_dag.py for tasks to queue
[2023-11-26T17:46:55.189+0000] {logging_mixin.py:154} INFO - [2023-11-26T17:46:55.188+0000] {dagbag.py:536} INFO - Filling up the DagBag from /home/airflow/.local/lib/python3.8/site-packages/airflow/example_dags/example_trigger_controller_dag.py
[2023-11-26T17:46:55.204+0000] {processor.py:839} INFO - DAG(s) dict_keys(['example_trigger_controller_dag']) retrieved from /home/airflow/.local/lib/python3.8/site-packages/airflow/example_dags/example_trigger_controller_dag.py
[2023-11-26T17:46:55.579+0000] {logging_mixin.py:154} INFO - [2023-11-26T17:46:55.578+0000] {dag.py:2941} INFO - Sync 1 DAGs
[2023-11-26T17:46:55.730+0000] {logging_mixin.py:154} INFO - [2023-11-26T17:46:55.729+0000] {dag.py:3722} INFO - Setting next_dagrun for example_trigger_controller_dag to 2021-01-01T00:00:00+00:00, run_after=2021-01-01T00:00:00+00:00
[2023-11-26T17:46:55.816+0000] {processor.py:179} INFO - Processing /home/airflow/.local/lib/python3.8/site-packages/airflow/example_dags/example_trigger_controller_dag.py took 0.651 seconds
[2023-11-26T17:47:26.349+0000] {processor.py:157} INFO - Started process (PID=198) to work on /home/airflow/.local/lib/python3.8/site-packages/airflow/example_dags/example_trigger_controller_dag.py
[2023-11-26T17:47:26.351+0000] {processor.py:829} INFO - Processing file /home/airflow/.local/lib/python3.8/site-packages/airflow/example_dags/example_trigger_controller_dag.py for tasks to queue
[2023-11-26T17:47:26.357+0000] {logging_mixin.py:154} INFO - [2023-11-26T17:47:26.356+0000] {dagbag.py:536} INFO - Filling up the DagBag from /home/airflow/.local/lib/python3.8/site-packages/airflow/example_dags/example_trigger_controller_dag.py
[2023-11-26T17:47:26.367+0000] {processor.py:839} INFO - DAG(s) dict_keys(['example_trigger_controller_dag']) retrieved from /home/airflow/.local/lib/python3.8/site-packages/airflow/example_dags/example_trigger_controller_dag.py
[2023-11-26T17:47:26.419+0000] {logging_mixin.py:154} INFO - [2023-11-26T17:47:26.418+0000] {dag.py:2941} INFO - Sync 1 DAGs
[2023-11-26T17:47:26.479+0000] {logging_mixin.py:154} INFO - [2023-11-26T17:47:26.478+0000] {dag.py:3722} INFO - Setting next_dagrun for example_trigger_controller_dag to 2021-01-01T00:00:00+00:00, run_after=2021-01-01T00:00:00+00:00
[2023-11-26T17:47:26.529+0000] {processor.py:179} INFO - Processing /home/airflow/.local/lib/python3.8/site-packages/airflow/example_dags/example_trigger_controller_dag.py took 0.188 seconds
[2023-11-26T17:47:56.616+0000] {processor.py:157} INFO - Started process (PID=251) to work on /home/airflow/.local/lib/python3.8/site-packages/airflow/example_dags/example_trigger_controller_dag.py
[2023-11-26T17:47:56.618+0000] {processor.py:829} INFO - Processing file /home/airflow/.local/lib/python3.8/site-packages/airflow/example_dags/example_trigger_controller_dag.py for tasks to queue
[2023-11-26T17:47:56.623+0000] {logging_mixin.py:154} INFO - [2023-11-26T17:47:56.623+0000] {dagbag.py:536} INFO - Filling up the DagBag from /home/airflow/.local/lib/python3.8/site-packages/airflow/example_dags/example_trigger_controller_dag.py
[2023-11-26T17:47:56.632+0000] {processor.py:839} INFO - DAG(s) dict_keys(['example_trigger_controller_dag']) retrieved from /home/airflow/.local/lib/python3.8/site-packages/airflow/example_dags/example_trigger_controller_dag.py
[2023-11-26T17:47:56.680+0000] {logging_mixin.py:154} INFO - [2023-11-26T17:47:56.679+0000] {dag.py:2941} INFO - Sync 1 DAGs
[2023-11-26T17:47:56.734+0000] {logging_mixin.py:154} INFO - [2023-11-26T17:47:56.733+0000] {dag.py:3722} INFO - Setting next_dagrun for example_trigger_controller_dag to 2021-01-01T00:00:00+00:00, run_after=2021-01-01T00:00:00+00:00
[2023-11-26T17:47:56.781+0000] {processor.py:179} INFO - Processing /home/airflow/.local/lib/python3.8/site-packages/airflow/example_dags/example_trigger_controller_dag.py took 0.175 seconds
[2023-11-26T17:48:27.991+0000] {processor.py:157} INFO - Started process (PID=305) to work on /home/airflow/.local/lib/python3.8/site-packages/airflow/example_dags/example_trigger_controller_dag.py
[2023-11-26T17:48:27.993+0000] {processor.py:829} INFO - Processing file /home/airflow/.local/lib/python3.8/site-packages/airflow/example_dags/example_trigger_controller_dag.py for tasks to queue
[2023-11-26T17:48:27.998+0000] {logging_mixin.py:154} INFO - [2023-11-26T17:48:27.998+0000] {dagbag.py:536} INFO - Filling up the DagBag from /home/airflow/.local/lib/python3.8/site-packages/airflow/example_dags/example_trigger_controller_dag.py
[2023-11-26T17:48:28.009+0000] {processor.py:839} INFO - DAG(s) dict_keys(['example_trigger_controller_dag']) retrieved from /home/airflow/.local/lib/python3.8/site-packages/airflow/example_dags/example_trigger_controller_dag.py
[2023-11-26T17:48:28.055+0000] {logging_mixin.py:154} INFO - [2023-11-26T17:48:28.055+0000] {dag.py:2941} INFO - Sync 1 DAGs
[2023-11-26T17:48:28.110+0000] {logging_mixin.py:154} INFO - [2023-11-26T17:48:28.108+0000] {dag.py:3722} INFO - Setting next_dagrun for example_trigger_controller_dag to 2021-01-01T00:00:00+00:00, run_after=2021-01-01T00:00:00+00:00
[2023-11-26T17:48:28.153+0000] {processor.py:179} INFO - Processing /home/airflow/.local/lib/python3.8/site-packages/airflow/example_dags/example_trigger_controller_dag.py took 0.169 seconds
[2023-11-26T17:48:58.430+0000] {processor.py:157} INFO - Started process (PID=358) to work on /home/airflow/.local/lib/python3.8/site-packages/airflow/example_dags/example_trigger_controller_dag.py
[2023-11-26T17:48:58.435+0000] {processor.py:829} INFO - Processing file /home/airflow/.local/lib/python3.8/site-packages/airflow/example_dags/example_trigger_controller_dag.py for tasks to queue
[2023-11-26T17:48:58.440+0000] {logging_mixin.py:154} INFO - [2023-11-26T17:48:58.439+0000] {dagbag.py:536} INFO - Filling up the DagBag from /home/airflow/.local/lib/python3.8/site-packages/airflow/example_dags/example_trigger_controller_dag.py
[2023-11-26T17:48:58.451+0000] {processor.py:839} INFO - DAG(s) dict_keys(['example_trigger_controller_dag']) retrieved from /home/airflow/.local/lib/python3.8/site-packages/airflow/example_dags/example_trigger_controller_dag.py
[2023-11-26T17:48:58.550+0000] {logging_mixin.py:154} INFO - [2023-11-26T17:48:58.549+0000] {dag.py:2941} INFO - Sync 1 DAGs
[2023-11-26T17:48:58.639+0000] {logging_mixin.py:154} INFO - [2023-11-26T17:48:58.632+0000] {dag.py:3722} INFO - Setting next_dagrun for example_trigger_controller_dag to 2021-01-01T00:00:00+00:00, run_after=2021-01-01T00:00:00+00:00
[2023-11-26T17:48:58.721+0000] {processor.py:179} INFO - Processing /home/airflow/.local/lib/python3.8/site-packages/airflow/example_dags/example_trigger_controller_dag.py took 0.299 seconds
[2023-11-26T17:49:28.958+0000] {processor.py:157} INFO - Started process (PID=410) to work on /home/airflow/.local/lib/python3.8/site-packages/airflow/example_dags/example_trigger_controller_dag.py
[2023-11-26T17:49:28.960+0000] {processor.py:829} INFO - Processing file /home/airflow/.local/lib/python3.8/site-packages/airflow/example_dags/example_trigger_controller_dag.py for tasks to queue
[2023-11-26T17:49:28.967+0000] {logging_mixin.py:154} INFO - [2023-11-26T17:49:28.966+0000] {dagbag.py:536} INFO - Filling up the DagBag from /home/airflow/.local/lib/python3.8/site-packages/airflow/example_dags/example_trigger_controller_dag.py
[2023-11-26T17:49:28.980+0000] {processor.py:839} INFO - DAG(s) dict_keys(['example_trigger_controller_dag']) retrieved from /home/airflow/.local/lib/python3.8/site-packages/airflow/example_dags/example_trigger_controller_dag.py
[2023-11-26T17:49:29.090+0000] {logging_mixin.py:154} INFO - [2023-11-26T17:49:29.090+0000] {dag.py:2941} INFO - Sync 1 DAGs
[2023-11-26T17:49:29.275+0000] {logging_mixin.py:154} INFO - [2023-11-26T17:49:29.274+0000] {dag.py:3722} INFO - Setting next_dagrun for example_trigger_controller_dag to 2021-01-01T00:00:00+00:00, run_after=2021-01-01T00:00:00+00:00
[2023-11-26T17:49:29.355+0000] {processor.py:179} INFO - Processing /home/airflow/.local/lib/python3.8/site-packages/airflow/example_dags/example_trigger_controller_dag.py took 0.406 seconds
[2023-11-26T17:49:59.844+0000] {processor.py:157} INFO - Started process (PID=462) to work on /home/airflow/.local/lib/python3.8/site-packages/airflow/example_dags/example_trigger_controller_dag.py
[2023-11-26T17:49:59.857+0000] {processor.py:829} INFO - Processing file /home/airflow/.local/lib/python3.8/site-packages/airflow/example_dags/example_trigger_controller_dag.py for tasks to queue
[2023-11-26T17:49:59.869+0000] {logging_mixin.py:154} INFO - [2023-11-26T17:49:59.869+0000] {dagbag.py:536} INFO - Filling up the DagBag from /home/airflow/.local/lib/python3.8/site-packages/airflow/example_dags/example_trigger_controller_dag.py
[2023-11-26T17:49:59.882+0000] {processor.py:839} INFO - DAG(s) dict_keys(['example_trigger_controller_dag']) retrieved from /home/airflow/.local/lib/python3.8/site-packages/airflow/example_dags/example_trigger_controller_dag.py
[2023-11-26T17:50:00.116+0000] {logging_mixin.py:154} INFO - [2023-11-26T17:50:00.116+0000] {dag.py:2941} INFO - Sync 1 DAGs
[2023-11-26T17:50:00.195+0000] {logging_mixin.py:154} INFO - [2023-11-26T17:50:00.194+0000] {dag.py:3722} INFO - Setting next_dagrun for example_trigger_controller_dag to 2021-01-01T00:00:00+00:00, run_after=2021-01-01T00:00:00+00:00
[2023-11-26T17:50:00.380+0000] {processor.py:179} INFO - Processing /home/airflow/.local/lib/python3.8/site-packages/airflow/example_dags/example_trigger_controller_dag.py took 0.539 seconds
[2023-11-26T17:50:31.390+0000] {processor.py:157} INFO - Started process (PID=516) to work on /home/airflow/.local/lib/python3.8/site-packages/airflow/example_dags/example_trigger_controller_dag.py
[2023-11-26T17:50:31.392+0000] {processor.py:829} INFO - Processing file /home/airflow/.local/lib/python3.8/site-packages/airflow/example_dags/example_trigger_controller_dag.py for tasks to queue
[2023-11-26T17:50:31.400+0000] {logging_mixin.py:154} INFO - [2023-11-26T17:50:31.399+0000] {dagbag.py:536} INFO - Filling up the DagBag from /home/airflow/.local/lib/python3.8/site-packages/airflow/example_dags/example_trigger_controller_dag.py
[2023-11-26T17:50:31.414+0000] {processor.py:839} INFO - DAG(s) dict_keys(['example_trigger_controller_dag']) retrieved from /home/airflow/.local/lib/python3.8/site-packages/airflow/example_dags/example_trigger_controller_dag.py
[2023-11-26T17:50:31.473+0000] {logging_mixin.py:154} INFO - [2023-11-26T17:50:31.473+0000] {dag.py:2941} INFO - Sync 1 DAGs
[2023-11-26T17:50:31.549+0000] {logging_mixin.py:154} INFO - [2023-11-26T17:50:31.548+0000] {dag.py:3722} INFO - Setting next_dagrun for example_trigger_controller_dag to 2021-01-01T00:00:00+00:00, run_after=2021-01-01T00:00:00+00:00
[2023-11-26T17:50:31.600+0000] {processor.py:179} INFO - Processing /home/airflow/.local/lib/python3.8/site-packages/airflow/example_dags/example_trigger_controller_dag.py took 0.218 seconds
[2023-11-26T17:51:02.191+0000] {processor.py:157} INFO - Started process (PID=570) to work on /home/airflow/.local/lib/python3.8/site-packages/airflow/example_dags/example_trigger_controller_dag.py
[2023-11-26T17:51:02.193+0000] {processor.py:829} INFO - Processing file /home/airflow/.local/lib/python3.8/site-packages/airflow/example_dags/example_trigger_controller_dag.py for tasks to queue
[2023-11-26T17:51:02.209+0000] {logging_mixin.py:154} INFO - [2023-11-26T17:51:02.206+0000] {dagbag.py:536} INFO - Filling up the DagBag from /home/airflow/.local/lib/python3.8/site-packages/airflow/example_dags/example_trigger_controller_dag.py
[2023-11-26T17:51:02.238+0000] {processor.py:839} INFO - DAG(s) dict_keys(['example_trigger_controller_dag']) retrieved from /home/airflow/.local/lib/python3.8/site-packages/airflow/example_dags/example_trigger_controller_dag.py
[2023-11-26T17:51:02.304+0000] {logging_mixin.py:154} INFO - [2023-11-26T17:51:02.303+0000] {dag.py:2941} INFO - Sync 1 DAGs
[2023-11-26T17:51:02.391+0000] {logging_mixin.py:154} INFO - [2023-11-26T17:51:02.390+0000] {dag.py:3722} INFO - Setting next_dagrun for example_trigger_controller_dag to 2021-01-01T00:00:00+00:00, run_after=2021-01-01T00:00:00+00:00
[2023-11-26T17:51:02.469+0000] {processor.py:179} INFO - Processing /home/airflow/.local/lib/python3.8/site-packages/airflow/example_dags/example_trigger_controller_dag.py took 0.287 seconds
[2023-11-26T17:51:36.142+0000] {processor.py:157} INFO - Started process (PID=623) to work on /home/airflow/.local/lib/python3.8/site-packages/airflow/example_dags/example_trigger_controller_dag.py
[2023-11-26T17:51:36.151+0000] {processor.py:829} INFO - Processing file /home/airflow/.local/lib/python3.8/site-packages/airflow/example_dags/example_trigger_controller_dag.py for tasks to queue
[2023-11-26T17:51:36.161+0000] {logging_mixin.py:154} INFO - [2023-11-26T17:51:36.161+0000] {dagbag.py:536} INFO - Filling up the DagBag from /home/airflow/.local/lib/python3.8/site-packages/airflow/example_dags/example_trigger_controller_dag.py
[2023-11-26T17:51:36.182+0000] {processor.py:839} INFO - DAG(s) dict_keys(['example_trigger_controller_dag']) retrieved from /home/airflow/.local/lib/python3.8/site-packages/airflow/example_dags/example_trigger_controller_dag.py
[2023-11-26T17:51:36.458+0000] {logging_mixin.py:154} INFO - [2023-11-26T17:51:36.440+0000] {dag.py:2941} INFO - Sync 1 DAGs
[2023-11-26T17:51:36.727+0000] {logging_mixin.py:154} INFO - [2023-11-26T17:51:36.726+0000] {dag.py:3722} INFO - Setting next_dagrun for example_trigger_controller_dag to 2021-01-01T00:00:00+00:00, run_after=2021-01-01T00:00:00+00:00
[2023-11-26T17:51:36.953+0000] {processor.py:179} INFO - Processing /home/airflow/.local/lib/python3.8/site-packages/airflow/example_dags/example_trigger_controller_dag.py took 0.820 seconds
[2023-11-26T17:52:07.189+0000] {processor.py:157} INFO - Started process (PID=677) to work on /home/airflow/.local/lib/python3.8/site-packages/airflow/example_dags/example_trigger_controller_dag.py
[2023-11-26T17:52:07.192+0000] {processor.py:829} INFO - Processing file /home/airflow/.local/lib/python3.8/site-packages/airflow/example_dags/example_trigger_controller_dag.py for tasks to queue
[2023-11-26T17:52:07.203+0000] {logging_mixin.py:154} INFO - [2023-11-26T17:52:07.203+0000] {dagbag.py:536} INFO - Filling up the DagBag from /home/airflow/.local/lib/python3.8/site-packages/airflow/example_dags/example_trigger_controller_dag.py
[2023-11-26T17:52:07.226+0000] {processor.py:839} INFO - DAG(s) dict_keys(['example_trigger_controller_dag']) retrieved from /home/airflow/.local/lib/python3.8/site-packages/airflow/example_dags/example_trigger_controller_dag.py
[2023-11-26T17:52:07.318+0000] {logging_mixin.py:154} INFO - [2023-11-26T17:52:07.318+0000] {dag.py:2941} INFO - Sync 1 DAGs
[2023-11-26T17:52:07.462+0000] {logging_mixin.py:154} INFO - [2023-11-26T17:52:07.462+0000] {dag.py:3722} INFO - Setting next_dagrun for example_trigger_controller_dag to 2021-01-01T00:00:00+00:00, run_after=2021-01-01T00:00:00+00:00
[2023-11-26T17:52:07.676+0000] {processor.py:179} INFO - Processing /home/airflow/.local/lib/python3.8/site-packages/airflow/example_dags/example_trigger_controller_dag.py took 0.501 seconds
[2023-11-26T17:52:37.791+0000] {processor.py:157} INFO - Started process (PID=730) to work on /home/airflow/.local/lib/python3.8/site-packages/airflow/example_dags/example_trigger_controller_dag.py
[2023-11-26T17:52:37.795+0000] {processor.py:829} INFO - Processing file /home/airflow/.local/lib/python3.8/site-packages/airflow/example_dags/example_trigger_controller_dag.py for tasks to queue
[2023-11-26T17:52:37.801+0000] {logging_mixin.py:154} INFO - [2023-11-26T17:52:37.800+0000] {dagbag.py:536} INFO - Filling up the DagBag from /home/airflow/.local/lib/python3.8/site-packages/airflow/example_dags/example_trigger_controller_dag.py
[2023-11-26T17:52:37.819+0000] {processor.py:839} INFO - DAG(s) dict_keys(['example_trigger_controller_dag']) retrieved from /home/airflow/.local/lib/python3.8/site-packages/airflow/example_dags/example_trigger_controller_dag.py
[2023-11-26T17:52:37.876+0000] {logging_mixin.py:154} INFO - [2023-11-26T17:52:37.876+0000] {dag.py:2941} INFO - Sync 1 DAGs
[2023-11-26T17:52:37.935+0000] {logging_mixin.py:154} INFO - [2023-11-26T17:52:37.934+0000] {dag.py:3722} INFO - Setting next_dagrun for example_trigger_controller_dag to 2021-01-01T00:00:00+00:00, run_after=2021-01-01T00:00:00+00:00
[2023-11-26T17:52:37.985+0000] {processor.py:179} INFO - Processing /home/airflow/.local/lib/python3.8/site-packages/airflow/example_dags/example_trigger_controller_dag.py took 0.202 seconds
[2023-11-26T17:53:08.046+0000] {processor.py:157} INFO - Started process (PID=784) to work on /home/airflow/.local/lib/python3.8/site-packages/airflow/example_dags/example_trigger_controller_dag.py
[2023-11-26T17:53:08.051+0000] {processor.py:829} INFO - Processing file /home/airflow/.local/lib/python3.8/site-packages/airflow/example_dags/example_trigger_controller_dag.py for tasks to queue
[2023-11-26T17:53:08.056+0000] {logging_mixin.py:154} INFO - [2023-11-26T17:53:08.055+0000] {dagbag.py:536} INFO - Filling up the DagBag from /home/airflow/.local/lib/python3.8/site-packages/airflow/example_dags/example_trigger_controller_dag.py
[2023-11-26T17:53:08.064+0000] {processor.py:839} INFO - DAG(s) dict_keys(['example_trigger_controller_dag']) retrieved from /home/airflow/.local/lib/python3.8/site-packages/airflow/example_dags/example_trigger_controller_dag.py
[2023-11-26T17:53:08.107+0000] {logging_mixin.py:154} INFO - [2023-11-26T17:53:08.107+0000] {dag.py:2941} INFO - Sync 1 DAGs
[2023-11-26T17:53:08.158+0000] {logging_mixin.py:154} INFO - [2023-11-26T17:53:08.157+0000] {dag.py:3722} INFO - Setting next_dagrun for example_trigger_controller_dag to 2021-01-01T00:00:00+00:00, run_after=2021-01-01T00:00:00+00:00
[2023-11-26T17:53:08.205+0000] {processor.py:179} INFO - Processing /home/airflow/.local/lib/python3.8/site-packages/airflow/example_dags/example_trigger_controller_dag.py took 0.168 seconds
[2023-11-26T17:53:38.911+0000] {processor.py:157} INFO - Started process (PID=838) to work on /home/airflow/.local/lib/python3.8/site-packages/airflow/example_dags/example_trigger_controller_dag.py
[2023-11-26T17:53:38.913+0000] {processor.py:829} INFO - Processing file /home/airflow/.local/lib/python3.8/site-packages/airflow/example_dags/example_trigger_controller_dag.py for tasks to queue
[2023-11-26T17:53:38.918+0000] {logging_mixin.py:154} INFO - [2023-11-26T17:53:38.918+0000] {dagbag.py:536} INFO - Filling up the DagBag from /home/airflow/.local/lib/python3.8/site-packages/airflow/example_dags/example_trigger_controller_dag.py
[2023-11-26T17:53:38.954+0000] {processor.py:839} INFO - DAG(s) dict_keys(['example_trigger_controller_dag']) retrieved from /home/airflow/.local/lib/python3.8/site-packages/airflow/example_dags/example_trigger_controller_dag.py
[2023-11-26T17:53:39.034+0000] {logging_mixin.py:154} INFO - [2023-11-26T17:53:39.033+0000] {dag.py:2941} INFO - Sync 1 DAGs
[2023-11-26T17:53:39.104+0000] {logging_mixin.py:154} INFO - [2023-11-26T17:53:39.104+0000] {dag.py:3722} INFO - Setting next_dagrun for example_trigger_controller_dag to 2021-01-01T00:00:00+00:00, run_after=2021-01-01T00:00:00+00:00
[2023-11-26T17:53:39.156+0000] {processor.py:179} INFO - Processing /home/airflow/.local/lib/python3.8/site-packages/airflow/example_dags/example_trigger_controller_dag.py took 0.252 seconds
[2023-11-26T17:54:15.677+0000] {processor.py:157} INFO - Started process (PID=893) to work on /home/airflow/.local/lib/python3.8/site-packages/airflow/example_dags/example_trigger_controller_dag.py
[2023-11-26T17:54:15.693+0000] {processor.py:829} INFO - Processing file /home/airflow/.local/lib/python3.8/site-packages/airflow/example_dags/example_trigger_controller_dag.py for tasks to queue
[2023-11-26T17:54:15.707+0000] {logging_mixin.py:154} INFO - [2023-11-26T17:54:15.705+0000] {dagbag.py:536} INFO - Filling up the DagBag from /home/airflow/.local/lib/python3.8/site-packages/airflow/example_dags/example_trigger_controller_dag.py
[2023-11-26T17:54:15.993+0000] {processor.py:839} INFO - DAG(s) dict_keys(['example_trigger_controller_dag']) retrieved from /home/airflow/.local/lib/python3.8/site-packages/airflow/example_dags/example_trigger_controller_dag.py
[2023-11-26T17:54:16.088+0000] {logging_mixin.py:154} INFO - [2023-11-26T17:54:16.088+0000] {dag.py:2941} INFO - Sync 1 DAGs
[2023-11-26T17:54:16.415+0000] {logging_mixin.py:154} INFO - [2023-11-26T17:54:16.414+0000] {dag.py:3722} INFO - Setting next_dagrun for example_trigger_controller_dag to 2021-01-01T00:00:00+00:00, run_after=2021-01-01T00:00:00+00:00
[2023-11-26T17:54:16.819+0000] {processor.py:179} INFO - Processing /home/airflow/.local/lib/python3.8/site-packages/airflow/example_dags/example_trigger_controller_dag.py took 1.143 seconds
[2023-11-26T17:54:48.690+0000] {processor.py:157} INFO - Started process (PID=947) to work on /home/airflow/.local/lib/python3.8/site-packages/airflow/example_dags/example_trigger_controller_dag.py
[2023-11-26T17:54:48.706+0000] {processor.py:829} INFO - Processing file /home/airflow/.local/lib/python3.8/site-packages/airflow/example_dags/example_trigger_controller_dag.py for tasks to queue
[2023-11-26T17:54:48.711+0000] {logging_mixin.py:154} INFO - [2023-11-26T17:54:48.711+0000] {dagbag.py:536} INFO - Filling up the DagBag from /home/airflow/.local/lib/python3.8/site-packages/airflow/example_dags/example_trigger_controller_dag.py
[2023-11-26T17:54:48.823+0000] {processor.py:839} INFO - DAG(s) dict_keys(['example_trigger_controller_dag']) retrieved from /home/airflow/.local/lib/python3.8/site-packages/airflow/example_dags/example_trigger_controller_dag.py
[2023-11-26T17:54:48.963+0000] {logging_mixin.py:154} INFO - [2023-11-26T17:54:48.962+0000] {dag.py:2941} INFO - Sync 1 DAGs
[2023-11-26T17:54:49.119+0000] {logging_mixin.py:154} INFO - [2023-11-26T17:54:49.119+0000] {dag.py:3722} INFO - Setting next_dagrun for example_trigger_controller_dag to 2021-01-01T00:00:00+00:00, run_after=2021-01-01T00:00:00+00:00
[2023-11-26T17:54:49.310+0000] {processor.py:179} INFO - Processing /home/airflow/.local/lib/python3.8/site-packages/airflow/example_dags/example_trigger_controller_dag.py took 0.636 seconds
[2023-11-26T17:55:19.963+0000] {processor.py:157} INFO - Started process (PID=1002) to work on /home/airflow/.local/lib/python3.8/site-packages/airflow/example_dags/example_trigger_controller_dag.py
[2023-11-26T17:55:19.968+0000] {processor.py:829} INFO - Processing file /home/airflow/.local/lib/python3.8/site-packages/airflow/example_dags/example_trigger_controller_dag.py for tasks to queue
[2023-11-26T17:55:19.975+0000] {logging_mixin.py:154} INFO - [2023-11-26T17:55:19.975+0000] {dagbag.py:536} INFO - Filling up the DagBag from /home/airflow/.local/lib/python3.8/site-packages/airflow/example_dags/example_trigger_controller_dag.py
[2023-11-26T17:55:19.991+0000] {processor.py:839} INFO - DAG(s) dict_keys(['example_trigger_controller_dag']) retrieved from /home/airflow/.local/lib/python3.8/site-packages/airflow/example_dags/example_trigger_controller_dag.py
[2023-11-26T17:55:20.040+0000] {logging_mixin.py:154} INFO - [2023-11-26T17:55:20.040+0000] {dag.py:2941} INFO - Sync 1 DAGs
[2023-11-26T17:55:20.102+0000] {logging_mixin.py:154} INFO - [2023-11-26T17:55:20.101+0000] {dag.py:3722} INFO - Setting next_dagrun for example_trigger_controller_dag to 2021-01-01T00:00:00+00:00, run_after=2021-01-01T00:00:00+00:00
[2023-11-26T17:55:20.460+0000] {processor.py:179} INFO - Processing /home/airflow/.local/lib/python3.8/site-packages/airflow/example_dags/example_trigger_controller_dag.py took 0.510 seconds
[2023-11-26T17:55:50.586+0000] {processor.py:157} INFO - Started process (PID=1056) to work on /home/airflow/.local/lib/python3.8/site-packages/airflow/example_dags/example_trigger_controller_dag.py
[2023-11-26T17:55:50.588+0000] {processor.py:829} INFO - Processing file /home/airflow/.local/lib/python3.8/site-packages/airflow/example_dags/example_trigger_controller_dag.py for tasks to queue
[2023-11-26T17:55:50.594+0000] {logging_mixin.py:154} INFO - [2023-11-26T17:55:50.593+0000] {dagbag.py:536} INFO - Filling up the DagBag from /home/airflow/.local/lib/python3.8/site-packages/airflow/example_dags/example_trigger_controller_dag.py
[2023-11-26T17:55:50.604+0000] {processor.py:839} INFO - DAG(s) dict_keys(['example_trigger_controller_dag']) retrieved from /home/airflow/.local/lib/python3.8/site-packages/airflow/example_dags/example_trigger_controller_dag.py
[2023-11-26T17:55:50.661+0000] {logging_mixin.py:154} INFO - [2023-11-26T17:55:50.660+0000] {dag.py:2941} INFO - Sync 1 DAGs
[2023-11-26T17:55:50.718+0000] {logging_mixin.py:154} INFO - [2023-11-26T17:55:50.718+0000] {dag.py:3722} INFO - Setting next_dagrun for example_trigger_controller_dag to 2021-01-01T00:00:00+00:00, run_after=2021-01-01T00:00:00+00:00
[2023-11-26T17:55:50.777+0000] {processor.py:179} INFO - Processing /home/airflow/.local/lib/python3.8/site-packages/airflow/example_dags/example_trigger_controller_dag.py took 0.197 seconds
[2023-11-26T17:56:21.289+0000] {processor.py:157} INFO - Started process (PID=1110) to work on /home/airflow/.local/lib/python3.8/site-packages/airflow/example_dags/example_trigger_controller_dag.py
[2023-11-26T17:56:21.291+0000] {processor.py:829} INFO - Processing file /home/airflow/.local/lib/python3.8/site-packages/airflow/example_dags/example_trigger_controller_dag.py for tasks to queue
[2023-11-26T17:56:21.298+0000] {logging_mixin.py:154} INFO - [2023-11-26T17:56:21.297+0000] {dagbag.py:536} INFO - Filling up the DagBag from /home/airflow/.local/lib/python3.8/site-packages/airflow/example_dags/example_trigger_controller_dag.py
[2023-11-26T17:56:21.309+0000] {processor.py:839} INFO - DAG(s) dict_keys(['example_trigger_controller_dag']) retrieved from /home/airflow/.local/lib/python3.8/site-packages/airflow/example_dags/example_trigger_controller_dag.py
[2023-11-26T17:56:21.361+0000] {logging_mixin.py:154} INFO - [2023-11-26T17:56:21.360+0000] {dag.py:2941} INFO - Sync 1 DAGs
[2023-11-26T17:56:21.433+0000] {logging_mixin.py:154} INFO - [2023-11-26T17:56:21.432+0000] {dag.py:3722} INFO - Setting next_dagrun for example_trigger_controller_dag to 2021-01-01T00:00:00+00:00, run_after=2021-01-01T00:00:00+00:00
[2023-11-26T17:56:21.495+0000] {processor.py:179} INFO - Processing /home/airflow/.local/lib/python3.8/site-packages/airflow/example_dags/example_trigger_controller_dag.py took 0.214 seconds
[2023-11-26T17:56:52.553+0000] {processor.py:157} INFO - Started process (PID=1164) to work on /home/airflow/.local/lib/python3.8/site-packages/airflow/example_dags/example_trigger_controller_dag.py
[2023-11-26T17:56:52.557+0000] {processor.py:829} INFO - Processing file /home/airflow/.local/lib/python3.8/site-packages/airflow/example_dags/example_trigger_controller_dag.py for tasks to queue
[2023-11-26T17:56:52.563+0000] {logging_mixin.py:154} INFO - [2023-11-26T17:56:52.563+0000] {dagbag.py:536} INFO - Filling up the DagBag from /home/airflow/.local/lib/python3.8/site-packages/airflow/example_dags/example_trigger_controller_dag.py
[2023-11-26T17:56:52.577+0000] {processor.py:839} INFO - DAG(s) dict_keys(['example_trigger_controller_dag']) retrieved from /home/airflow/.local/lib/python3.8/site-packages/airflow/example_dags/example_trigger_controller_dag.py
[2023-11-26T17:56:52.633+0000] {logging_mixin.py:154} INFO - [2023-11-26T17:56:52.633+0000] {dag.py:2941} INFO - Sync 1 DAGs
[2023-11-26T17:56:52.707+0000] {logging_mixin.py:154} INFO - [2023-11-26T17:56:52.707+0000] {dag.py:3722} INFO - Setting next_dagrun for example_trigger_controller_dag to 2021-01-01T00:00:00+00:00, run_after=2021-01-01T00:00:00+00:00
[2023-11-26T17:56:52.767+0000] {processor.py:179} INFO - Processing /home/airflow/.local/lib/python3.8/site-packages/airflow/example_dags/example_trigger_controller_dag.py took 0.223 seconds
[2023-11-26T17:57:32.036+0000] {processor.py:157} INFO - Started process (PID=1219) to work on /home/airflow/.local/lib/python3.8/site-packages/airflow/example_dags/example_trigger_controller_dag.py
[2023-11-26T17:57:32.039+0000] {processor.py:829} INFO - Processing file /home/airflow/.local/lib/python3.8/site-packages/airflow/example_dags/example_trigger_controller_dag.py for tasks to queue
[2023-11-26T17:57:32.046+0000] {logging_mixin.py:154} INFO - [2023-11-26T17:57:32.044+0000] {dagbag.py:536} INFO - Filling up the DagBag from /home/airflow/.local/lib/python3.8/site-packages/airflow/example_dags/example_trigger_controller_dag.py
[2023-11-26T17:57:32.060+0000] {processor.py:839} INFO - DAG(s) dict_keys(['example_trigger_controller_dag']) retrieved from /home/airflow/.local/lib/python3.8/site-packages/airflow/example_dags/example_trigger_controller_dag.py
[2023-11-26T17:57:32.364+0000] {logging_mixin.py:154} INFO - [2023-11-26T17:57:32.364+0000] {dag.py:2941} INFO - Sync 1 DAGs
[2023-11-26T17:57:34.716+0000] {logging_mixin.py:154} INFO - [2023-11-26T17:57:34.715+0000] {dag.py:3722} INFO - Setting next_dagrun for example_trigger_controller_dag to 2021-01-01T00:00:00+00:00, run_after=2021-01-01T00:00:00+00:00
[2023-11-26T17:57:34.834+0000] {processor.py:179} INFO - Processing /home/airflow/.local/lib/python3.8/site-packages/airflow/example_dags/example_trigger_controller_dag.py took 2.806 seconds
[2023-11-26T17:58:07.424+0000] {processor.py:157} INFO - Started process (PID=1273) to work on /home/airflow/.local/lib/python3.8/site-packages/airflow/example_dags/example_trigger_controller_dag.py
[2023-11-26T17:58:07.428+0000] {processor.py:829} INFO - Processing file /home/airflow/.local/lib/python3.8/site-packages/airflow/example_dags/example_trigger_controller_dag.py for tasks to queue
[2023-11-26T17:58:07.438+0000] {logging_mixin.py:154} INFO - [2023-11-26T17:58:07.437+0000] {dagbag.py:536} INFO - Filling up the DagBag from /home/airflow/.local/lib/python3.8/site-packages/airflow/example_dags/example_trigger_controller_dag.py
[2023-11-26T17:58:07.457+0000] {processor.py:839} INFO - DAG(s) dict_keys(['example_trigger_controller_dag']) retrieved from /home/airflow/.local/lib/python3.8/site-packages/airflow/example_dags/example_trigger_controller_dag.py
[2023-11-26T17:58:07.610+0000] {logging_mixin.py:154} INFO - [2023-11-26T17:58:07.610+0000] {dag.py:2941} INFO - Sync 1 DAGs
[2023-11-26T17:58:07.793+0000] {logging_mixin.py:154} INFO - [2023-11-26T17:58:07.792+0000] {dag.py:3722} INFO - Setting next_dagrun for example_trigger_controller_dag to 2021-01-01T00:00:00+00:00, run_after=2021-01-01T00:00:00+00:00
[2023-11-26T17:58:08.417+0000] {processor.py:179} INFO - Processing /home/airflow/.local/lib/python3.8/site-packages/airflow/example_dags/example_trigger_controller_dag.py took 1.003 seconds
[2023-11-26T17:58:38.863+0000] {processor.py:157} INFO - Started process (PID=1327) to work on /home/airflow/.local/lib/python3.8/site-packages/airflow/example_dags/example_trigger_controller_dag.py
[2023-11-26T17:58:38.865+0000] {processor.py:829} INFO - Processing file /home/airflow/.local/lib/python3.8/site-packages/airflow/example_dags/example_trigger_controller_dag.py for tasks to queue
[2023-11-26T17:58:38.873+0000] {logging_mixin.py:154} INFO - [2023-11-26T17:58:38.873+0000] {dagbag.py:536} INFO - Filling up the DagBag from /home/airflow/.local/lib/python3.8/site-packages/airflow/example_dags/example_trigger_controller_dag.py
[2023-11-26T17:58:38.887+0000] {processor.py:839} INFO - DAG(s) dict_keys(['example_trigger_controller_dag']) retrieved from /home/airflow/.local/lib/python3.8/site-packages/airflow/example_dags/example_trigger_controller_dag.py
[2023-11-26T17:58:38.961+0000] {logging_mixin.py:154} INFO - [2023-11-26T17:58:38.961+0000] {dag.py:2941} INFO - Sync 1 DAGs
[2023-11-26T17:58:39.017+0000] {logging_mixin.py:154} INFO - [2023-11-26T17:58:39.017+0000] {dag.py:3722} INFO - Setting next_dagrun for example_trigger_controller_dag to 2021-01-01T00:00:00+00:00, run_after=2021-01-01T00:00:00+00:00
[2023-11-26T17:58:39.067+0000] {processor.py:179} INFO - Processing /home/airflow/.local/lib/python3.8/site-packages/airflow/example_dags/example_trigger_controller_dag.py took 0.212 seconds
[2023-11-26T17:59:17.166+0000] {processor.py:157} INFO - Started process (PID=1388) to work on /home/airflow/.local/lib/python3.8/site-packages/airflow/example_dags/example_trigger_controller_dag.py
[2023-11-26T17:59:17.171+0000] {processor.py:829} INFO - Processing file /home/airflow/.local/lib/python3.8/site-packages/airflow/example_dags/example_trigger_controller_dag.py for tasks to queue
[2023-11-26T17:59:17.179+0000] {logging_mixin.py:154} INFO - [2023-11-26T17:59:17.178+0000] {dagbag.py:536} INFO - Filling up the DagBag from /home/airflow/.local/lib/python3.8/site-packages/airflow/example_dags/example_trigger_controller_dag.py
[2023-11-26T17:59:17.191+0000] {processor.py:839} INFO - DAG(s) dict_keys(['example_trigger_controller_dag']) retrieved from /home/airflow/.local/lib/python3.8/site-packages/airflow/example_dags/example_trigger_controller_dag.py
[2023-11-26T17:59:17.246+0000] {logging_mixin.py:154} INFO - [2023-11-26T17:59:17.246+0000] {dag.py:2941} INFO - Sync 1 DAGs
[2023-11-26T17:59:17.325+0000] {logging_mixin.py:154} INFO - [2023-11-26T17:59:17.324+0000] {dag.py:3722} INFO - Setting next_dagrun for example_trigger_controller_dag to 2021-01-01T00:00:00+00:00, run_after=2021-01-01T00:00:00+00:00
[2023-11-26T17:59:17.374+0000] {processor.py:179} INFO - Processing /home/airflow/.local/lib/python3.8/site-packages/airflow/example_dags/example_trigger_controller_dag.py took 0.216 seconds
[2023-11-26T17:59:47.968+0000] {processor.py:157} INFO - Started process (PID=1440) to work on /home/airflow/.local/lib/python3.8/site-packages/airflow/example_dags/example_trigger_controller_dag.py
[2023-11-26T17:59:47.971+0000] {processor.py:829} INFO - Processing file /home/airflow/.local/lib/python3.8/site-packages/airflow/example_dags/example_trigger_controller_dag.py for tasks to queue
[2023-11-26T17:59:47.977+0000] {logging_mixin.py:154} INFO - [2023-11-26T17:59:47.977+0000] {dagbag.py:536} INFO - Filling up the DagBag from /home/airflow/.local/lib/python3.8/site-packages/airflow/example_dags/example_trigger_controller_dag.py
[2023-11-26T17:59:47.990+0000] {processor.py:839} INFO - DAG(s) dict_keys(['example_trigger_controller_dag']) retrieved from /home/airflow/.local/lib/python3.8/site-packages/airflow/example_dags/example_trigger_controller_dag.py
[2023-11-26T17:59:48.048+0000] {logging_mixin.py:154} INFO - [2023-11-26T17:59:48.047+0000] {dag.py:2941} INFO - Sync 1 DAGs
[2023-11-26T17:59:48.411+0000] {logging_mixin.py:154} INFO - [2023-11-26T17:59:48.411+0000] {dag.py:3722} INFO - Setting next_dagrun for example_trigger_controller_dag to 2021-01-01T00:00:00+00:00, run_after=2021-01-01T00:00:00+00:00
[2023-11-26T17:59:48.467+0000] {processor.py:179} INFO - Processing /home/airflow/.local/lib/python3.8/site-packages/airflow/example_dags/example_trigger_controller_dag.py took 0.505 seconds
[2023-11-26T18:00:19.342+0000] {processor.py:157} INFO - Started process (PID=1493) to work on /home/airflow/.local/lib/python3.8/site-packages/airflow/example_dags/example_trigger_controller_dag.py
[2023-11-26T18:00:19.347+0000] {processor.py:829} INFO - Processing file /home/airflow/.local/lib/python3.8/site-packages/airflow/example_dags/example_trigger_controller_dag.py for tasks to queue
[2023-11-26T18:00:19.353+0000] {logging_mixin.py:154} INFO - [2023-11-26T18:00:19.352+0000] {dagbag.py:536} INFO - Filling up the DagBag from /home/airflow/.local/lib/python3.8/site-packages/airflow/example_dags/example_trigger_controller_dag.py
[2023-11-26T18:00:19.367+0000] {processor.py:839} INFO - DAG(s) dict_keys(['example_trigger_controller_dag']) retrieved from /home/airflow/.local/lib/python3.8/site-packages/airflow/example_dags/example_trigger_controller_dag.py
[2023-11-26T18:00:19.447+0000] {logging_mixin.py:154} INFO - [2023-11-26T18:00:19.447+0000] {dag.py:2941} INFO - Sync 1 DAGs
[2023-11-26T18:00:19.546+0000] {logging_mixin.py:154} INFO - [2023-11-26T18:00:19.546+0000] {dag.py:3722} INFO - Setting next_dagrun for example_trigger_controller_dag to 2021-01-01T00:00:00+00:00, run_after=2021-01-01T00:00:00+00:00
[2023-11-26T18:00:19.640+0000] {processor.py:179} INFO - Processing /home/airflow/.local/lib/python3.8/site-packages/airflow/example_dags/example_trigger_controller_dag.py took 0.311 seconds
[2023-11-26T18:00:51.471+0000] {processor.py:157} INFO - Started process (PID=1547) to work on /home/airflow/.local/lib/python3.8/site-packages/airflow/example_dags/example_trigger_controller_dag.py
[2023-11-26T18:00:51.473+0000] {processor.py:829} INFO - Processing file /home/airflow/.local/lib/python3.8/site-packages/airflow/example_dags/example_trigger_controller_dag.py for tasks to queue
[2023-11-26T18:00:51.481+0000] {logging_mixin.py:154} INFO - [2023-11-26T18:00:51.480+0000] {dagbag.py:536} INFO - Filling up the DagBag from /home/airflow/.local/lib/python3.8/site-packages/airflow/example_dags/example_trigger_controller_dag.py
[2023-11-26T18:00:51.493+0000] {processor.py:839} INFO - DAG(s) dict_keys(['example_trigger_controller_dag']) retrieved from /home/airflow/.local/lib/python3.8/site-packages/airflow/example_dags/example_trigger_controller_dag.py
[2023-11-26T18:00:51.714+0000] {logging_mixin.py:154} INFO - [2023-11-26T18:00:51.714+0000] {dag.py:2941} INFO - Sync 1 DAGs
[2023-11-26T18:00:51.963+0000] {logging_mixin.py:154} INFO - [2023-11-26T18:00:51.961+0000] {dag.py:3722} INFO - Setting next_dagrun for example_trigger_controller_dag to 2021-01-01T00:00:00+00:00, run_after=2021-01-01T00:00:00+00:00
[2023-11-26T18:00:52.314+0000] {processor.py:179} INFO - Processing /home/airflow/.local/lib/python3.8/site-packages/airflow/example_dags/example_trigger_controller_dag.py took 0.858 seconds
[2023-11-26T18:01:22.578+0000] {processor.py:157} INFO - Started process (PID=1601) to work on /home/airflow/.local/lib/python3.8/site-packages/airflow/example_dags/example_trigger_controller_dag.py
[2023-11-26T18:01:22.580+0000] {processor.py:829} INFO - Processing file /home/airflow/.local/lib/python3.8/site-packages/airflow/example_dags/example_trigger_controller_dag.py for tasks to queue
[2023-11-26T18:01:22.587+0000] {logging_mixin.py:154} INFO - [2023-11-26T18:01:22.586+0000] {dagbag.py:536} INFO - Filling up the DagBag from /home/airflow/.local/lib/python3.8/site-packages/airflow/example_dags/example_trigger_controller_dag.py
[2023-11-26T18:01:22.597+0000] {processor.py:839} INFO - DAG(s) dict_keys(['example_trigger_controller_dag']) retrieved from /home/airflow/.local/lib/python3.8/site-packages/airflow/example_dags/example_trigger_controller_dag.py
[2023-11-26T18:01:22.659+0000] {logging_mixin.py:154} INFO - [2023-11-26T18:01:22.659+0000] {dag.py:2941} INFO - Sync 1 DAGs
[2023-11-26T18:01:22.737+0000] {logging_mixin.py:154} INFO - [2023-11-26T18:01:22.737+0000] {dag.py:3722} INFO - Setting next_dagrun for example_trigger_controller_dag to 2021-01-01T00:00:00+00:00, run_after=2021-01-01T00:00:00+00:00
[2023-11-26T18:01:22.799+0000] {processor.py:179} INFO - Processing /home/airflow/.local/lib/python3.8/site-packages/airflow/example_dags/example_trigger_controller_dag.py took 0.229 seconds
[2023-11-26T18:01:52.971+0000] {processor.py:157} INFO - Started process (PID=1654) to work on /home/airflow/.local/lib/python3.8/site-packages/airflow/example_dags/example_trigger_controller_dag.py
[2023-11-26T18:01:52.974+0000] {processor.py:829} INFO - Processing file /home/airflow/.local/lib/python3.8/site-packages/airflow/example_dags/example_trigger_controller_dag.py for tasks to queue
[2023-11-26T18:01:52.980+0000] {logging_mixin.py:154} INFO - [2023-11-26T18:01:52.980+0000] {dagbag.py:536} INFO - Filling up the DagBag from /home/airflow/.local/lib/python3.8/site-packages/airflow/example_dags/example_trigger_controller_dag.py
[2023-11-26T18:01:52.993+0000] {processor.py:839} INFO - DAG(s) dict_keys(['example_trigger_controller_dag']) retrieved from /home/airflow/.local/lib/python3.8/site-packages/airflow/example_dags/example_trigger_controller_dag.py
[2023-11-26T18:01:53.045+0000] {logging_mixin.py:154} INFO - [2023-11-26T18:01:53.045+0000] {dag.py:2941} INFO - Sync 1 DAGs
[2023-11-26T18:01:53.099+0000] {logging_mixin.py:154} INFO - [2023-11-26T18:01:53.098+0000] {dag.py:3722} INFO - Setting next_dagrun for example_trigger_controller_dag to 2021-01-01T00:00:00+00:00, run_after=2021-01-01T00:00:00+00:00
[2023-11-26T18:01:53.142+0000] {processor.py:179} INFO - Processing /home/airflow/.local/lib/python3.8/site-packages/airflow/example_dags/example_trigger_controller_dag.py took 0.180 seconds
[2023-11-26T18:02:27.213+0000] {processor.py:157} INFO - Started process (PID=1708) to work on /home/airflow/.local/lib/python3.8/site-packages/airflow/example_dags/example_trigger_controller_dag.py
[2023-11-26T18:02:27.220+0000] {processor.py:829} INFO - Processing file /home/airflow/.local/lib/python3.8/site-packages/airflow/example_dags/example_trigger_controller_dag.py for tasks to queue
[2023-11-26T18:02:27.233+0000] {logging_mixin.py:154} INFO - [2023-11-26T18:02:27.232+0000] {dagbag.py:536} INFO - Filling up the DagBag from /home/airflow/.local/lib/python3.8/site-packages/airflow/example_dags/example_trigger_controller_dag.py
[2023-11-26T18:02:27.283+0000] {processor.py:839} INFO - DAG(s) dict_keys(['example_trigger_controller_dag']) retrieved from /home/airflow/.local/lib/python3.8/site-packages/airflow/example_dags/example_trigger_controller_dag.py
[2023-11-26T18:02:28.147+0000] {logging_mixin.py:154} INFO - [2023-11-26T18:02:28.147+0000] {dag.py:2941} INFO - Sync 1 DAGs
[2023-11-26T18:02:28.493+0000] {logging_mixin.py:154} INFO - [2023-11-26T18:02:28.492+0000] {dag.py:3722} INFO - Setting next_dagrun for example_trigger_controller_dag to 2021-01-01T00:00:00+00:00, run_after=2021-01-01T00:00:00+00:00
[2023-11-26T18:02:28.587+0000] {processor.py:179} INFO - Processing /home/airflow/.local/lib/python3.8/site-packages/airflow/example_dags/example_trigger_controller_dag.py took 1.386 seconds
[2023-11-26T18:02:59.413+0000] {processor.py:157} INFO - Started process (PID=1762) to work on /home/airflow/.local/lib/python3.8/site-packages/airflow/example_dags/example_trigger_controller_dag.py
[2023-11-26T18:02:59.419+0000] {processor.py:829} INFO - Processing file /home/airflow/.local/lib/python3.8/site-packages/airflow/example_dags/example_trigger_controller_dag.py for tasks to queue
[2023-11-26T18:02:59.428+0000] {logging_mixin.py:154} INFO - [2023-11-26T18:02:59.428+0000] {dagbag.py:536} INFO - Filling up the DagBag from /home/airflow/.local/lib/python3.8/site-packages/airflow/example_dags/example_trigger_controller_dag.py
[2023-11-26T18:02:59.446+0000] {processor.py:839} INFO - DAG(s) dict_keys(['example_trigger_controller_dag']) retrieved from /home/airflow/.local/lib/python3.8/site-packages/airflow/example_dags/example_trigger_controller_dag.py
[2023-11-26T18:02:59.500+0000] {logging_mixin.py:154} INFO - [2023-11-26T18:02:59.499+0000] {dag.py:2941} INFO - Sync 1 DAGs
[2023-11-26T18:02:59.622+0000] {logging_mixin.py:154} INFO - [2023-11-26T18:02:59.622+0000] {dag.py:3722} INFO - Setting next_dagrun for example_trigger_controller_dag to 2021-01-01T00:00:00+00:00, run_after=2021-01-01T00:00:00+00:00
[2023-11-26T18:02:59.703+0000] {processor.py:179} INFO - Processing /home/airflow/.local/lib/python3.8/site-packages/airflow/example_dags/example_trigger_controller_dag.py took 0.307 seconds
[2023-11-26T18:03:29.805+0000] {processor.py:157} INFO - Started process (PID=1816) to work on /home/airflow/.local/lib/python3.8/site-packages/airflow/example_dags/example_trigger_controller_dag.py
[2023-11-26T18:03:29.811+0000] {processor.py:829} INFO - Processing file /home/airflow/.local/lib/python3.8/site-packages/airflow/example_dags/example_trigger_controller_dag.py for tasks to queue
[2023-11-26T18:03:29.817+0000] {logging_mixin.py:154} INFO - [2023-11-26T18:03:29.816+0000] {dagbag.py:536} INFO - Filling up the DagBag from /home/airflow/.local/lib/python3.8/site-packages/airflow/example_dags/example_trigger_controller_dag.py
[2023-11-26T18:03:29.830+0000] {processor.py:839} INFO - DAG(s) dict_keys(['example_trigger_controller_dag']) retrieved from /home/airflow/.local/lib/python3.8/site-packages/airflow/example_dags/example_trigger_controller_dag.py
[2023-11-26T18:03:29.882+0000] {logging_mixin.py:154} INFO - [2023-11-26T18:03:29.881+0000] {dag.py:2941} INFO - Sync 1 DAGs
[2023-11-26T18:03:29.943+0000] {logging_mixin.py:154} INFO - [2023-11-26T18:03:29.942+0000] {dag.py:3722} INFO - Setting next_dagrun for example_trigger_controller_dag to 2021-01-01T00:00:00+00:00, run_after=2021-01-01T00:00:00+00:00
[2023-11-26T18:03:29.998+0000] {processor.py:179} INFO - Processing /home/airflow/.local/lib/python3.8/site-packages/airflow/example_dags/example_trigger_controller_dag.py took 0.202 seconds
