[2023-11-26T17:42:09.231+0000] {processor.py:157} INFO - Started process (PID=46) to work on /home/airflow/.local/lib/python3.8/site-packages/airflow/example_dags/example_params_trigger_ui.py
[2023-11-26T17:42:09.233+0000] {processor.py:829} INFO - Processing file /home/airflow/.local/lib/python3.8/site-packages/airflow/example_dags/example_params_trigger_ui.py for tasks to queue
[2023-11-26T17:42:09.241+0000] {logging_mixin.py:154} INFO - [2023-11-26T17:42:09.240+0000] {dagbag.py:536} INFO - Filling up the DagBag from /home/airflow/.local/lib/python3.8/site-packages/airflow/example_dags/example_params_trigger_ui.py
[2023-11-26T17:42:09.315+0000] {processor.py:839} INFO - DAG(s) dict_keys(['example_params_trigger_ui']) retrieved from /home/airflow/.local/lib/python3.8/site-packages/airflow/example_dags/example_params_trigger_ui.py
[2023-11-26T17:42:09.542+0000] {logging_mixin.py:154} INFO - [2023-11-26T17:42:09.541+0000] {dag.py:2941} INFO - Sync 1 DAGs
[2023-11-26T17:42:09.574+0000] {logging_mixin.py:154} INFO - [2023-11-26T17:42:09.574+0000] {dag.py:3722} INFO - Setting next_dagrun for example_params_trigger_ui to None, run_after=None
[2023-11-26T17:42:09.626+0000] {processor.py:179} INFO - Processing /home/airflow/.local/lib/python3.8/site-packages/airflow/example_dags/example_params_trigger_ui.py took 0.415 seconds
[2023-11-26T17:43:05.006+0000] {processor.py:157} INFO - Started process (PID=106) to work on /home/airflow/.local/lib/python3.8/site-packages/airflow/example_dags/example_params_trigger_ui.py
[2023-11-26T17:43:05.035+0000] {processor.py:829} INFO - Processing file /home/airflow/.local/lib/python3.8/site-packages/airflow/example_dags/example_params_trigger_ui.py for tasks to queue
[2023-11-26T17:43:05.227+0000] {logging_mixin.py:154} INFO - [2023-11-26T17:43:05.226+0000] {dagbag.py:536} INFO - Filling up the DagBag from /home/airflow/.local/lib/python3.8/site-packages/airflow/example_dags/example_params_trigger_ui.py
[2023-11-26T17:43:05.893+0000] {processor.py:839} INFO - DAG(s) dict_keys(['example_params_trigger_ui']) retrieved from /home/airflow/.local/lib/python3.8/site-packages/airflow/example_dags/example_params_trigger_ui.py
[2023-11-26T17:43:07.419+0000] {logging_mixin.py:154} INFO - [2023-11-26T17:43:07.418+0000] {dag.py:2941} INFO - Sync 1 DAGs
[2023-11-26T17:43:07.532+0000] {logging_mixin.py:154} INFO - [2023-11-26T17:43:07.529+0000] {dag.py:3722} INFO - Setting next_dagrun for example_params_trigger_ui to None, run_after=None
[2023-11-26T17:43:07.929+0000] {processor.py:179} INFO - Processing /home/airflow/.local/lib/python3.8/site-packages/airflow/example_dags/example_params_trigger_ui.py took 2.959 seconds
[2023-11-26T17:46:06.555+0000] {processor.py:157} INFO - Started process (PID=54) to work on /home/airflow/.local/lib/python3.8/site-packages/airflow/example_dags/example_params_trigger_ui.py
[2023-11-26T17:46:06.559+0000] {processor.py:829} INFO - Processing file /home/airflow/.local/lib/python3.8/site-packages/airflow/example_dags/example_params_trigger_ui.py for tasks to queue
[2023-11-26T17:46:06.566+0000] {logging_mixin.py:154} INFO - [2023-11-26T17:46:06.565+0000] {dagbag.py:536} INFO - Filling up the DagBag from /home/airflow/.local/lib/python3.8/site-packages/airflow/example_dags/example_params_trigger_ui.py
[2023-11-26T17:46:06.718+0000] {processor.py:839} INFO - DAG(s) dict_keys(['example_params_trigger_ui']) retrieved from /home/airflow/.local/lib/python3.8/site-packages/airflow/example_dags/example_params_trigger_ui.py
[2023-11-26T17:46:07.156+0000] {logging_mixin.py:154} INFO - [2023-11-26T17:46:07.156+0000] {dag.py:2941} INFO - Sync 1 DAGs
[2023-11-26T17:46:07.368+0000] {logging_mixin.py:154} INFO - [2023-11-26T17:46:07.367+0000] {dag.py:3722} INFO - Setting next_dagrun for example_params_trigger_ui to None, run_after=None
[2023-11-26T17:46:07.560+0000] {processor.py:179} INFO - Processing /home/airflow/.local/lib/python3.8/site-packages/airflow/example_dags/example_params_trigger_ui.py took 1.012 seconds
[2023-11-26T17:46:43.409+0000] {processor.py:157} INFO - Started process (PID=108) to work on /home/airflow/.local/lib/python3.8/site-packages/airflow/example_dags/example_params_trigger_ui.py
[2023-11-26T17:46:43.414+0000] {processor.py:829} INFO - Processing file /home/airflow/.local/lib/python3.8/site-packages/airflow/example_dags/example_params_trigger_ui.py for tasks to queue
[2023-11-26T17:46:43.424+0000] {logging_mixin.py:154} INFO - [2023-11-26T17:46:43.423+0000] {dagbag.py:536} INFO - Filling up the DagBag from /home/airflow/.local/lib/python3.8/site-packages/airflow/example_dags/example_params_trigger_ui.py
[2023-11-26T17:46:43.505+0000] {processor.py:839} INFO - DAG(s) dict_keys(['example_params_trigger_ui']) retrieved from /home/airflow/.local/lib/python3.8/site-packages/airflow/example_dags/example_params_trigger_ui.py
[2023-11-26T17:46:43.707+0000] {logging_mixin.py:154} INFO - [2023-11-26T17:46:43.705+0000] {dag.py:2941} INFO - Sync 1 DAGs
[2023-11-26T17:46:43.791+0000] {logging_mixin.py:154} INFO - [2023-11-26T17:46:43.790+0000] {dag.py:3722} INFO - Setting next_dagrun for example_params_trigger_ui to None, run_after=None
[2023-11-26T17:46:43.862+0000] {processor.py:179} INFO - Processing /home/airflow/.local/lib/python3.8/site-packages/airflow/example_dags/example_params_trigger_ui.py took 0.484 seconds
[2023-11-26T17:47:13.977+0000] {processor.py:157} INFO - Started process (PID=160) to work on /home/airflow/.local/lib/python3.8/site-packages/airflow/example_dags/example_params_trigger_ui.py
[2023-11-26T17:47:13.979+0000] {processor.py:829} INFO - Processing file /home/airflow/.local/lib/python3.8/site-packages/airflow/example_dags/example_params_trigger_ui.py for tasks to queue
[2023-11-26T17:47:13.986+0000] {logging_mixin.py:154} INFO - [2023-11-26T17:47:13.985+0000] {dagbag.py:536} INFO - Filling up the DagBag from /home/airflow/.local/lib/python3.8/site-packages/airflow/example_dags/example_params_trigger_ui.py
[2023-11-26T17:47:14.067+0000] {processor.py:839} INFO - DAG(s) dict_keys(['example_params_trigger_ui']) retrieved from /home/airflow/.local/lib/python3.8/site-packages/airflow/example_dags/example_params_trigger_ui.py
[2023-11-26T17:47:14.233+0000] {logging_mixin.py:154} INFO - [2023-11-26T17:47:14.232+0000] {dag.py:2941} INFO - Sync 1 DAGs
[2023-11-26T17:47:14.268+0000] {logging_mixin.py:154} INFO - [2023-11-26T17:47:14.268+0000] {dag.py:3722} INFO - Setting next_dagrun for example_params_trigger_ui to None, run_after=None
[2023-11-26T17:47:14.317+0000] {processor.py:179} INFO - Processing /home/airflow/.local/lib/python3.8/site-packages/airflow/example_dags/example_params_trigger_ui.py took 0.350 seconds
[2023-11-26T17:47:44.392+0000] {processor.py:157} INFO - Started process (PID=214) to work on /home/airflow/.local/lib/python3.8/site-packages/airflow/example_dags/example_params_trigger_ui.py
[2023-11-26T17:47:44.394+0000] {processor.py:829} INFO - Processing file /home/airflow/.local/lib/python3.8/site-packages/airflow/example_dags/example_params_trigger_ui.py for tasks to queue
[2023-11-26T17:47:44.398+0000] {logging_mixin.py:154} INFO - [2023-11-26T17:47:44.398+0000] {dagbag.py:536} INFO - Filling up the DagBag from /home/airflow/.local/lib/python3.8/site-packages/airflow/example_dags/example_params_trigger_ui.py
[2023-11-26T17:47:44.430+0000] {processor.py:839} INFO - DAG(s) dict_keys(['example_params_trigger_ui']) retrieved from /home/airflow/.local/lib/python3.8/site-packages/airflow/example_dags/example_params_trigger_ui.py
[2023-11-26T17:47:44.543+0000] {logging_mixin.py:154} INFO - [2023-11-26T17:47:44.543+0000] {dag.py:2941} INFO - Sync 1 DAGs
[2023-11-26T17:47:44.575+0000] {logging_mixin.py:154} INFO - [2023-11-26T17:47:44.574+0000] {dag.py:3722} INFO - Setting next_dagrun for example_params_trigger_ui to None, run_after=None
[2023-11-26T17:47:44.623+0000] {processor.py:179} INFO - Processing /home/airflow/.local/lib/python3.8/site-packages/airflow/example_dags/example_params_trigger_ui.py took 0.237 seconds
[2023-11-26T17:48:14.845+0000] {processor.py:157} INFO - Started process (PID=267) to work on /home/airflow/.local/lib/python3.8/site-packages/airflow/example_dags/example_params_trigger_ui.py
[2023-11-26T17:48:14.851+0000] {processor.py:829} INFO - Processing file /home/airflow/.local/lib/python3.8/site-packages/airflow/example_dags/example_params_trigger_ui.py for tasks to queue
[2023-11-26T17:48:14.857+0000] {logging_mixin.py:154} INFO - [2023-11-26T17:48:14.856+0000] {dagbag.py:536} INFO - Filling up the DagBag from /home/airflow/.local/lib/python3.8/site-packages/airflow/example_dags/example_params_trigger_ui.py
[2023-11-26T17:48:14.904+0000] {processor.py:839} INFO - DAG(s) dict_keys(['example_params_trigger_ui']) retrieved from /home/airflow/.local/lib/python3.8/site-packages/airflow/example_dags/example_params_trigger_ui.py
[2023-11-26T17:48:15.081+0000] {logging_mixin.py:154} INFO - [2023-11-26T17:48:15.081+0000] {dag.py:2941} INFO - Sync 1 DAGs
[2023-11-26T17:48:15.117+0000] {logging_mixin.py:154} INFO - [2023-11-26T17:48:15.116+0000] {dag.py:3722} INFO - Setting next_dagrun for example_params_trigger_ui to None, run_after=None
[2023-11-26T17:48:15.171+0000] {processor.py:179} INFO - Processing /home/airflow/.local/lib/python3.8/site-packages/airflow/example_dags/example_params_trigger_ui.py took 0.333 seconds
[2023-11-26T17:48:45.757+0000] {processor.py:157} INFO - Started process (PID=321) to work on /home/airflow/.local/lib/python3.8/site-packages/airflow/example_dags/example_params_trigger_ui.py
[2023-11-26T17:48:45.759+0000] {processor.py:829} INFO - Processing file /home/airflow/.local/lib/python3.8/site-packages/airflow/example_dags/example_params_trigger_ui.py for tasks to queue
[2023-11-26T17:48:45.765+0000] {logging_mixin.py:154} INFO - [2023-11-26T17:48:45.764+0000] {dagbag.py:536} INFO - Filling up the DagBag from /home/airflow/.local/lib/python3.8/site-packages/airflow/example_dags/example_params_trigger_ui.py
[2023-11-26T17:48:45.814+0000] {processor.py:839} INFO - DAG(s) dict_keys(['example_params_trigger_ui']) retrieved from /home/airflow/.local/lib/python3.8/site-packages/airflow/example_dags/example_params_trigger_ui.py
[2023-11-26T17:48:45.982+0000] {logging_mixin.py:154} INFO - [2023-11-26T17:48:45.981+0000] {dag.py:2941} INFO - Sync 1 DAGs
[2023-11-26T17:48:46.023+0000] {logging_mixin.py:154} INFO - [2023-11-26T17:48:46.022+0000] {dag.py:3722} INFO - Setting next_dagrun for example_params_trigger_ui to None, run_after=None
[2023-11-26T17:48:46.078+0000] {processor.py:179} INFO - Processing /home/airflow/.local/lib/python3.8/site-packages/airflow/example_dags/example_params_trigger_ui.py took 0.328 seconds
[2023-11-26T17:49:16.517+0000] {processor.py:157} INFO - Started process (PID=374) to work on /home/airflow/.local/lib/python3.8/site-packages/airflow/example_dags/example_params_trigger_ui.py
[2023-11-26T17:49:16.522+0000] {processor.py:829} INFO - Processing file /home/airflow/.local/lib/python3.8/site-packages/airflow/example_dags/example_params_trigger_ui.py for tasks to queue
[2023-11-26T17:49:16.534+0000] {logging_mixin.py:154} INFO - [2023-11-26T17:49:16.533+0000] {dagbag.py:536} INFO - Filling up the DagBag from /home/airflow/.local/lib/python3.8/site-packages/airflow/example_dags/example_params_trigger_ui.py
[2023-11-26T17:49:16.629+0000] {processor.py:839} INFO - DAG(s) dict_keys(['example_params_trigger_ui']) retrieved from /home/airflow/.local/lib/python3.8/site-packages/airflow/example_dags/example_params_trigger_ui.py
[2023-11-26T17:49:16.961+0000] {logging_mixin.py:154} INFO - [2023-11-26T17:49:16.959+0000] {dag.py:2941} INFO - Sync 1 DAGs
[2023-11-26T17:49:16.995+0000] {logging_mixin.py:154} INFO - [2023-11-26T17:49:16.995+0000] {dag.py:3722} INFO - Setting next_dagrun for example_params_trigger_ui to None, run_after=None
[2023-11-26T17:49:17.044+0000] {processor.py:179} INFO - Processing /home/airflow/.local/lib/python3.8/site-packages/airflow/example_dags/example_params_trigger_ui.py took 0.540 seconds
[2023-11-26T17:49:49.749+0000] {processor.py:157} INFO - Started process (PID=428) to work on /home/airflow/.local/lib/python3.8/site-packages/airflow/example_dags/example_params_trigger_ui.py
[2023-11-26T17:49:49.752+0000] {processor.py:829} INFO - Processing file /home/airflow/.local/lib/python3.8/site-packages/airflow/example_dags/example_params_trigger_ui.py for tasks to queue
[2023-11-26T17:49:49.775+0000] {logging_mixin.py:154} INFO - [2023-11-26T17:49:49.771+0000] {dagbag.py:536} INFO - Filling up the DagBag from /home/airflow/.local/lib/python3.8/site-packages/airflow/example_dags/example_params_trigger_ui.py
[2023-11-26T17:49:49.906+0000] {processor.py:839} INFO - DAG(s) dict_keys(['example_params_trigger_ui']) retrieved from /home/airflow/.local/lib/python3.8/site-packages/airflow/example_dags/example_params_trigger_ui.py
[2023-11-26T17:49:50.289+0000] {logging_mixin.py:154} INFO - [2023-11-26T17:49:50.288+0000] {dag.py:2941} INFO - Sync 1 DAGs
[2023-11-26T17:49:50.350+0000] {logging_mixin.py:154} INFO - [2023-11-26T17:49:50.349+0000] {dag.py:3722} INFO - Setting next_dagrun for example_params_trigger_ui to None, run_after=None
[2023-11-26T17:49:50.475+0000] {processor.py:179} INFO - Processing /home/airflow/.local/lib/python3.8/site-packages/airflow/example_dags/example_params_trigger_ui.py took 0.764 seconds
[2023-11-26T17:50:20.592+0000] {processor.py:157} INFO - Started process (PID=482) to work on /home/airflow/.local/lib/python3.8/site-packages/airflow/example_dags/example_params_trigger_ui.py
[2023-11-26T17:50:20.596+0000] {processor.py:829} INFO - Processing file /home/airflow/.local/lib/python3.8/site-packages/airflow/example_dags/example_params_trigger_ui.py for tasks to queue
[2023-11-26T17:50:20.604+0000] {logging_mixin.py:154} INFO - [2023-11-26T17:50:20.603+0000] {dagbag.py:536} INFO - Filling up the DagBag from /home/airflow/.local/lib/python3.8/site-packages/airflow/example_dags/example_params_trigger_ui.py
[2023-11-26T17:50:20.678+0000] {processor.py:839} INFO - DAG(s) dict_keys(['example_params_trigger_ui']) retrieved from /home/airflow/.local/lib/python3.8/site-packages/airflow/example_dags/example_params_trigger_ui.py
[2023-11-26T17:50:20.891+0000] {logging_mixin.py:154} INFO - [2023-11-26T17:50:20.890+0000] {dag.py:2941} INFO - Sync 1 DAGs
[2023-11-26T17:50:20.953+0000] {logging_mixin.py:154} INFO - [2023-11-26T17:50:20.953+0000] {dag.py:3722} INFO - Setting next_dagrun for example_params_trigger_ui to None, run_after=None
[2023-11-26T17:50:21.021+0000] {processor.py:179} INFO - Processing /home/airflow/.local/lib/python3.8/site-packages/airflow/example_dags/example_params_trigger_ui.py took 0.439 seconds
[2023-11-26T17:50:51.246+0000] {processor.py:157} INFO - Started process (PID=535) to work on /home/airflow/.local/lib/python3.8/site-packages/airflow/example_dags/example_params_trigger_ui.py
[2023-11-26T17:50:51.249+0000] {processor.py:829} INFO - Processing file /home/airflow/.local/lib/python3.8/site-packages/airflow/example_dags/example_params_trigger_ui.py for tasks to queue
[2023-11-26T17:50:51.262+0000] {logging_mixin.py:154} INFO - [2023-11-26T17:50:51.257+0000] {dagbag.py:536} INFO - Filling up the DagBag from /home/airflow/.local/lib/python3.8/site-packages/airflow/example_dags/example_params_trigger_ui.py
[2023-11-26T17:50:51.339+0000] {processor.py:839} INFO - DAG(s) dict_keys(['example_params_trigger_ui']) retrieved from /home/airflow/.local/lib/python3.8/site-packages/airflow/example_dags/example_params_trigger_ui.py
[2023-11-26T17:50:51.695+0000] {logging_mixin.py:154} INFO - [2023-11-26T17:50:51.690+0000] {dag.py:2941} INFO - Sync 1 DAGs
[2023-11-26T17:50:51.785+0000] {logging_mixin.py:154} INFO - [2023-11-26T17:50:51.756+0000] {dag.py:3722} INFO - Setting next_dagrun for example_params_trigger_ui to None, run_after=None
[2023-11-26T17:50:51.925+0000] {processor.py:179} INFO - Processing /home/airflow/.local/lib/python3.8/site-packages/airflow/example_dags/example_params_trigger_ui.py took 0.691 seconds
[2023-11-26T17:51:22.998+0000] {processor.py:157} INFO - Started process (PID=589) to work on /home/airflow/.local/lib/python3.8/site-packages/airflow/example_dags/example_params_trigger_ui.py
[2023-11-26T17:51:23.003+0000] {processor.py:829} INFO - Processing file /home/airflow/.local/lib/python3.8/site-packages/airflow/example_dags/example_params_trigger_ui.py for tasks to queue
[2023-11-26T17:51:23.013+0000] {logging_mixin.py:154} INFO - [2023-11-26T17:51:23.010+0000] {dagbag.py:536} INFO - Filling up the DagBag from /home/airflow/.local/lib/python3.8/site-packages/airflow/example_dags/example_params_trigger_ui.py
[2023-11-26T17:51:23.082+0000] {processor.py:839} INFO - DAG(s) dict_keys(['example_params_trigger_ui']) retrieved from /home/airflow/.local/lib/python3.8/site-packages/airflow/example_dags/example_params_trigger_ui.py
[2023-11-26T17:51:23.320+0000] {logging_mixin.py:154} INFO - [2023-11-26T17:51:23.317+0000] {dag.py:2941} INFO - Sync 1 DAGs
[2023-11-26T17:51:23.374+0000] {logging_mixin.py:154} INFO - [2023-11-26T17:51:23.374+0000] {dag.py:3722} INFO - Setting next_dagrun for example_params_trigger_ui to None, run_after=None
[2023-11-26T17:51:23.457+0000] {processor.py:179} INFO - Processing /home/airflow/.local/lib/python3.8/site-packages/airflow/example_dags/example_params_trigger_ui.py took 0.468 seconds
[2023-11-26T17:51:53.576+0000] {processor.py:157} INFO - Started process (PID=642) to work on /home/airflow/.local/lib/python3.8/site-packages/airflow/example_dags/example_params_trigger_ui.py
[2023-11-26T17:51:53.583+0000] {processor.py:829} INFO - Processing file /home/airflow/.local/lib/python3.8/site-packages/airflow/example_dags/example_params_trigger_ui.py for tasks to queue
[2023-11-26T17:51:53.616+0000] {logging_mixin.py:154} INFO - [2023-11-26T17:51:53.611+0000] {dagbag.py:536} INFO - Filling up the DagBag from /home/airflow/.local/lib/python3.8/site-packages/airflow/example_dags/example_params_trigger_ui.py
[2023-11-26T17:51:53.734+0000] {processor.py:839} INFO - DAG(s) dict_keys(['example_params_trigger_ui']) retrieved from /home/airflow/.local/lib/python3.8/site-packages/airflow/example_dags/example_params_trigger_ui.py
[2023-11-26T17:51:54.083+0000] {logging_mixin.py:154} INFO - [2023-11-26T17:51:54.083+0000] {dag.py:2941} INFO - Sync 1 DAGs
[2023-11-26T17:51:54.154+0000] {logging_mixin.py:154} INFO - [2023-11-26T17:51:54.153+0000] {dag.py:3722} INFO - Setting next_dagrun for example_params_trigger_ui to None, run_after=None
[2023-11-26T17:51:54.244+0000] {processor.py:179} INFO - Processing /home/airflow/.local/lib/python3.8/site-packages/airflow/example_dags/example_params_trigger_ui.py took 0.683 seconds
[2023-11-26T17:52:24.391+0000] {processor.py:157} INFO - Started process (PID=696) to work on /home/airflow/.local/lib/python3.8/site-packages/airflow/example_dags/example_params_trigger_ui.py
[2023-11-26T17:52:24.394+0000] {processor.py:829} INFO - Processing file /home/airflow/.local/lib/python3.8/site-packages/airflow/example_dags/example_params_trigger_ui.py for tasks to queue
[2023-11-26T17:52:24.402+0000] {logging_mixin.py:154} INFO - [2023-11-26T17:52:24.401+0000] {dagbag.py:536} INFO - Filling up the DagBag from /home/airflow/.local/lib/python3.8/site-packages/airflow/example_dags/example_params_trigger_ui.py
[2023-11-26T17:52:24.483+0000] {processor.py:839} INFO - DAG(s) dict_keys(['example_params_trigger_ui']) retrieved from /home/airflow/.local/lib/python3.8/site-packages/airflow/example_dags/example_params_trigger_ui.py
[2023-11-26T17:52:24.884+0000] {logging_mixin.py:154} INFO - [2023-11-26T17:52:24.884+0000] {dag.py:2941} INFO - Sync 1 DAGs
[2023-11-26T17:52:24.992+0000] {logging_mixin.py:154} INFO - [2023-11-26T17:52:24.992+0000] {dag.py:3722} INFO - Setting next_dagrun for example_params_trigger_ui to None, run_after=None
[2023-11-26T17:52:25.129+0000] {processor.py:179} INFO - Processing /home/airflow/.local/lib/python3.8/site-packages/airflow/example_dags/example_params_trigger_ui.py took 0.749 seconds
[2023-11-26T17:52:55.241+0000] {processor.py:157} INFO - Started process (PID=750) to work on /home/airflow/.local/lib/python3.8/site-packages/airflow/example_dags/example_params_trigger_ui.py
[2023-11-26T17:52:55.244+0000] {processor.py:829} INFO - Processing file /home/airflow/.local/lib/python3.8/site-packages/airflow/example_dags/example_params_trigger_ui.py for tasks to queue
[2023-11-26T17:52:55.256+0000] {logging_mixin.py:154} INFO - [2023-11-26T17:52:55.256+0000] {dagbag.py:536} INFO - Filling up the DagBag from /home/airflow/.local/lib/python3.8/site-packages/airflow/example_dags/example_params_trigger_ui.py
[2023-11-26T17:52:55.370+0000] {processor.py:839} INFO - DAG(s) dict_keys(['example_params_trigger_ui']) retrieved from /home/airflow/.local/lib/python3.8/site-packages/airflow/example_dags/example_params_trigger_ui.py
[2023-11-26T17:52:55.511+0000] {logging_mixin.py:154} INFO - [2023-11-26T17:52:55.511+0000] {dag.py:2941} INFO - Sync 1 DAGs
[2023-11-26T17:52:55.543+0000] {logging_mixin.py:154} INFO - [2023-11-26T17:52:55.543+0000] {dag.py:3722} INFO - Setting next_dagrun for example_params_trigger_ui to None, run_after=None
[2023-11-26T17:52:55.590+0000] {processor.py:179} INFO - Processing /home/airflow/.local/lib/python3.8/site-packages/airflow/example_dags/example_params_trigger_ui.py took 0.356 seconds
[2023-11-26T17:53:25.676+0000] {processor.py:157} INFO - Started process (PID=804) to work on /home/airflow/.local/lib/python3.8/site-packages/airflow/example_dags/example_params_trigger_ui.py
[2023-11-26T17:53:25.682+0000] {processor.py:829} INFO - Processing file /home/airflow/.local/lib/python3.8/site-packages/airflow/example_dags/example_params_trigger_ui.py for tasks to queue
[2023-11-26T17:53:25.688+0000] {logging_mixin.py:154} INFO - [2023-11-26T17:53:25.688+0000] {dagbag.py:536} INFO - Filling up the DagBag from /home/airflow/.local/lib/python3.8/site-packages/airflow/example_dags/example_params_trigger_ui.py
[2023-11-26T17:53:25.753+0000] {processor.py:839} INFO - DAG(s) dict_keys(['example_params_trigger_ui']) retrieved from /home/airflow/.local/lib/python3.8/site-packages/airflow/example_dags/example_params_trigger_ui.py
[2023-11-26T17:53:26.250+0000] {logging_mixin.py:154} INFO - [2023-11-26T17:53:26.250+0000] {dag.py:2941} INFO - Sync 1 DAGs
[2023-11-26T17:53:26.319+0000] {logging_mixin.py:154} INFO - [2023-11-26T17:53:26.318+0000] {dag.py:3722} INFO - Setting next_dagrun for example_params_trigger_ui to None, run_after=None
[2023-11-26T17:53:26.463+0000] {processor.py:179} INFO - Processing /home/airflow/.local/lib/python3.8/site-packages/airflow/example_dags/example_params_trigger_ui.py took 0.799 seconds
[2023-11-26T17:53:56.896+0000] {processor.py:157} INFO - Started process (PID=858) to work on /home/airflow/.local/lib/python3.8/site-packages/airflow/example_dags/example_params_trigger_ui.py
[2023-11-26T17:53:56.899+0000] {processor.py:829} INFO - Processing file /home/airflow/.local/lib/python3.8/site-packages/airflow/example_dags/example_params_trigger_ui.py for tasks to queue
[2023-11-26T17:53:56.903+0000] {logging_mixin.py:154} INFO - [2023-11-26T17:53:56.903+0000] {dagbag.py:536} INFO - Filling up the DagBag from /home/airflow/.local/lib/python3.8/site-packages/airflow/example_dags/example_params_trigger_ui.py
[2023-11-26T17:53:56.940+0000] {processor.py:839} INFO - DAG(s) dict_keys(['example_params_trigger_ui']) retrieved from /home/airflow/.local/lib/python3.8/site-packages/airflow/example_dags/example_params_trigger_ui.py
[2023-11-26T17:53:57.064+0000] {logging_mixin.py:154} INFO - [2023-11-26T17:53:57.064+0000] {dag.py:2941} INFO - Sync 1 DAGs
[2023-11-26T17:53:57.091+0000] {logging_mixin.py:154} INFO - [2023-11-26T17:53:57.091+0000] {dag.py:3722} INFO - Setting next_dagrun for example_params_trigger_ui to None, run_after=None
[2023-11-26T17:53:57.139+0000] {processor.py:179} INFO - Processing /home/airflow/.local/lib/python3.8/site-packages/airflow/example_dags/example_params_trigger_ui.py took 0.249 seconds
[2023-11-26T17:54:35.283+0000] {processor.py:157} INFO - Started process (PID=919) to work on /home/airflow/.local/lib/python3.8/site-packages/airflow/example_dags/example_params_trigger_ui.py
[2023-11-26T17:54:35.297+0000] {processor.py:829} INFO - Processing file /home/airflow/.local/lib/python3.8/site-packages/airflow/example_dags/example_params_trigger_ui.py for tasks to queue
[2023-11-26T17:54:35.375+0000] {logging_mixin.py:154} INFO - [2023-11-26T17:54:35.372+0000] {dagbag.py:536} INFO - Filling up the DagBag from /home/airflow/.local/lib/python3.8/site-packages/airflow/example_dags/example_params_trigger_ui.py
[2023-11-26T17:54:35.452+0000] {processor.py:839} INFO - DAG(s) dict_keys(['example_params_trigger_ui']) retrieved from /home/airflow/.local/lib/python3.8/site-packages/airflow/example_dags/example_params_trigger_ui.py
[2023-11-26T17:54:36.101+0000] {logging_mixin.py:154} INFO - [2023-11-26T17:54:36.100+0000] {dag.py:2941} INFO - Sync 1 DAGs
[2023-11-26T17:54:36.171+0000] {logging_mixin.py:154} INFO - [2023-11-26T17:54:36.170+0000] {dag.py:3722} INFO - Setting next_dagrun for example_params_trigger_ui to None, run_after=None
[2023-11-26T17:54:36.315+0000] {processor.py:179} INFO - Processing /home/airflow/.local/lib/python3.8/site-packages/airflow/example_dags/example_params_trigger_ui.py took 1.086 seconds
[2023-11-26T17:55:06.643+0000] {processor.py:157} INFO - Started process (PID=972) to work on /home/airflow/.local/lib/python3.8/site-packages/airflow/example_dags/example_params_trigger_ui.py
[2023-11-26T17:55:06.648+0000] {processor.py:829} INFO - Processing file /home/airflow/.local/lib/python3.8/site-packages/airflow/example_dags/example_params_trigger_ui.py for tasks to queue
[2023-11-26T17:55:06.666+0000] {logging_mixin.py:154} INFO - [2023-11-26T17:55:06.655+0000] {dagbag.py:536} INFO - Filling up the DagBag from /home/airflow/.local/lib/python3.8/site-packages/airflow/example_dags/example_params_trigger_ui.py
[2023-11-26T17:55:06.985+0000] {processor.py:839} INFO - DAG(s) dict_keys(['example_params_trigger_ui']) retrieved from /home/airflow/.local/lib/python3.8/site-packages/airflow/example_dags/example_params_trigger_ui.py
[2023-11-26T17:55:07.242+0000] {logging_mixin.py:154} INFO - [2023-11-26T17:55:07.242+0000] {dag.py:2941} INFO - Sync 1 DAGs
[2023-11-26T17:55:07.282+0000] {logging_mixin.py:154} INFO - [2023-11-26T17:55:07.281+0000] {dag.py:3722} INFO - Setting next_dagrun for example_params_trigger_ui to None, run_after=None
[2023-11-26T17:55:07.386+0000] {processor.py:179} INFO - Processing /home/airflow/.local/lib/python3.8/site-packages/airflow/example_dags/example_params_trigger_ui.py took 0.751 seconds
[2023-11-26T17:55:38.179+0000] {processor.py:157} INFO - Started process (PID=1026) to work on /home/airflow/.local/lib/python3.8/site-packages/airflow/example_dags/example_params_trigger_ui.py
[2023-11-26T17:55:38.182+0000] {processor.py:829} INFO - Processing file /home/airflow/.local/lib/python3.8/site-packages/airflow/example_dags/example_params_trigger_ui.py for tasks to queue
[2023-11-26T17:55:38.187+0000] {logging_mixin.py:154} INFO - [2023-11-26T17:55:38.186+0000] {dagbag.py:536} INFO - Filling up the DagBag from /home/airflow/.local/lib/python3.8/site-packages/airflow/example_dags/example_params_trigger_ui.py
[2023-11-26T17:55:38.237+0000] {processor.py:839} INFO - DAG(s) dict_keys(['example_params_trigger_ui']) retrieved from /home/airflow/.local/lib/python3.8/site-packages/airflow/example_dags/example_params_trigger_ui.py
[2023-11-26T17:55:38.403+0000] {logging_mixin.py:154} INFO - [2023-11-26T17:55:38.403+0000] {dag.py:2941} INFO - Sync 1 DAGs
[2023-11-26T17:55:38.444+0000] {logging_mixin.py:154} INFO - [2023-11-26T17:55:38.443+0000] {dag.py:3722} INFO - Setting next_dagrun for example_params_trigger_ui to None, run_after=None
[2023-11-26T17:55:38.488+0000] {processor.py:179} INFO - Processing /home/airflow/.local/lib/python3.8/site-packages/airflow/example_dags/example_params_trigger_ui.py took 0.319 seconds
[2023-11-26T17:56:09.250+0000] {processor.py:157} INFO - Started process (PID=1080) to work on /home/airflow/.local/lib/python3.8/site-packages/airflow/example_dags/example_params_trigger_ui.py
[2023-11-26T17:56:09.254+0000] {processor.py:829} INFO - Processing file /home/airflow/.local/lib/python3.8/site-packages/airflow/example_dags/example_params_trigger_ui.py for tasks to queue
[2023-11-26T17:56:09.263+0000] {logging_mixin.py:154} INFO - [2023-11-26T17:56:09.262+0000] {dagbag.py:536} INFO - Filling up the DagBag from /home/airflow/.local/lib/python3.8/site-packages/airflow/example_dags/example_params_trigger_ui.py
[2023-11-26T17:56:09.326+0000] {processor.py:839} INFO - DAG(s) dict_keys(['example_params_trigger_ui']) retrieved from /home/airflow/.local/lib/python3.8/site-packages/airflow/example_dags/example_params_trigger_ui.py
[2023-11-26T17:56:09.595+0000] {logging_mixin.py:154} INFO - [2023-11-26T17:56:09.594+0000] {dag.py:2941} INFO - Sync 1 DAGs
[2023-11-26T17:56:09.643+0000] {logging_mixin.py:154} INFO - [2023-11-26T17:56:09.643+0000] {dag.py:3722} INFO - Setting next_dagrun for example_params_trigger_ui to None, run_after=None
[2023-11-26T17:56:09.726+0000] {processor.py:179} INFO - Processing /home/airflow/.local/lib/python3.8/site-packages/airflow/example_dags/example_params_trigger_ui.py took 0.483 seconds
[2023-11-26T17:56:40.596+0000] {processor.py:157} INFO - Started process (PID=1134) to work on /home/airflow/.local/lib/python3.8/site-packages/airflow/example_dags/example_params_trigger_ui.py
[2023-11-26T17:56:40.599+0000] {processor.py:829} INFO - Processing file /home/airflow/.local/lib/python3.8/site-packages/airflow/example_dags/example_params_trigger_ui.py for tasks to queue
[2023-11-26T17:56:40.606+0000] {logging_mixin.py:154} INFO - [2023-11-26T17:56:40.605+0000] {dagbag.py:536} INFO - Filling up the DagBag from /home/airflow/.local/lib/python3.8/site-packages/airflow/example_dags/example_params_trigger_ui.py
[2023-11-26T17:56:40.659+0000] {processor.py:839} INFO - DAG(s) dict_keys(['example_params_trigger_ui']) retrieved from /home/airflow/.local/lib/python3.8/site-packages/airflow/example_dags/example_params_trigger_ui.py
[2023-11-26T17:56:40.894+0000] {logging_mixin.py:154} INFO - [2023-11-26T17:56:40.893+0000] {dag.py:2941} INFO - Sync 1 DAGs
[2023-11-26T17:56:40.994+0000] {logging_mixin.py:154} INFO - [2023-11-26T17:56:40.994+0000] {dag.py:3722} INFO - Setting next_dagrun for example_params_trigger_ui to None, run_after=None
[2023-11-26T17:56:41.403+0000] {processor.py:179} INFO - Processing /home/airflow/.local/lib/python3.8/site-packages/airflow/example_dags/example_params_trigger_ui.py took 0.817 seconds
[2023-11-26T17:57:11.953+0000] {processor.py:157} INFO - Started process (PID=1189) to work on /home/airflow/.local/lib/python3.8/site-packages/airflow/example_dags/example_params_trigger_ui.py
[2023-11-26T17:57:11.958+0000] {processor.py:829} INFO - Processing file /home/airflow/.local/lib/python3.8/site-packages/airflow/example_dags/example_params_trigger_ui.py for tasks to queue
[2023-11-26T17:57:11.964+0000] {logging_mixin.py:154} INFO - [2023-11-26T17:57:11.964+0000] {dagbag.py:536} INFO - Filling up the DagBag from /home/airflow/.local/lib/python3.8/site-packages/airflow/example_dags/example_params_trigger_ui.py
[2023-11-26T17:57:12.045+0000] {processor.py:839} INFO - DAG(s) dict_keys(['example_params_trigger_ui']) retrieved from /home/airflow/.local/lib/python3.8/site-packages/airflow/example_dags/example_params_trigger_ui.py
[2023-11-26T17:57:12.242+0000] {logging_mixin.py:154} INFO - [2023-11-26T17:57:12.241+0000] {dag.py:2941} INFO - Sync 1 DAGs
[2023-11-26T17:57:12.279+0000] {logging_mixin.py:154} INFO - [2023-11-26T17:57:12.279+0000] {dag.py:3722} INFO - Setting next_dagrun for example_params_trigger_ui to None, run_after=None
[2023-11-26T17:57:12.325+0000] {processor.py:179} INFO - Processing /home/airflow/.local/lib/python3.8/site-packages/airflow/example_dags/example_params_trigger_ui.py took 0.381 seconds
[2023-11-26T17:57:50.442+0000] {processor.py:157} INFO - Started process (PID=1242) to work on /home/airflow/.local/lib/python3.8/site-packages/airflow/example_dags/example_params_trigger_ui.py
[2023-11-26T17:57:50.457+0000] {processor.py:829} INFO - Processing file /home/airflow/.local/lib/python3.8/site-packages/airflow/example_dags/example_params_trigger_ui.py for tasks to queue
[2023-11-26T17:57:50.484+0000] {logging_mixin.py:154} INFO - [2023-11-26T17:57:50.483+0000] {dagbag.py:536} INFO - Filling up the DagBag from /home/airflow/.local/lib/python3.8/site-packages/airflow/example_dags/example_params_trigger_ui.py
[2023-11-26T17:57:50.685+0000] {processor.py:839} INFO - DAG(s) dict_keys(['example_params_trigger_ui']) retrieved from /home/airflow/.local/lib/python3.8/site-packages/airflow/example_dags/example_params_trigger_ui.py
[2023-11-26T17:57:51.968+0000] {logging_mixin.py:154} INFO - [2023-11-26T17:57:51.967+0000] {dag.py:2941} INFO - Sync 1 DAGs
[2023-11-26T17:57:52.380+0000] {logging_mixin.py:154} INFO - [2023-11-26T17:57:52.380+0000] {dag.py:3722} INFO - Setting next_dagrun for example_params_trigger_ui to None, run_after=None
[2023-11-26T17:57:53.263+0000] {processor.py:179} INFO - Processing /home/airflow/.local/lib/python3.8/site-packages/airflow/example_dags/example_params_trigger_ui.py took 2.827 seconds
[2023-11-26T17:58:23.938+0000] {processor.py:157} INFO - Started process (PID=1296) to work on /home/airflow/.local/lib/python3.8/site-packages/airflow/example_dags/example_params_trigger_ui.py
[2023-11-26T17:58:23.941+0000] {processor.py:829} INFO - Processing file /home/airflow/.local/lib/python3.8/site-packages/airflow/example_dags/example_params_trigger_ui.py for tasks to queue
[2023-11-26T17:58:23.947+0000] {logging_mixin.py:154} INFO - [2023-11-26T17:58:23.947+0000] {dagbag.py:536} INFO - Filling up the DagBag from /home/airflow/.local/lib/python3.8/site-packages/airflow/example_dags/example_params_trigger_ui.py
[2023-11-26T17:58:23.997+0000] {processor.py:839} INFO - DAG(s) dict_keys(['example_params_trigger_ui']) retrieved from /home/airflow/.local/lib/python3.8/site-packages/airflow/example_dags/example_params_trigger_ui.py
[2023-11-26T17:58:24.816+0000] {logging_mixin.py:154} INFO - [2023-11-26T17:58:24.816+0000] {dag.py:2941} INFO - Sync 1 DAGs
[2023-11-26T17:58:24.847+0000] {logging_mixin.py:154} INFO - [2023-11-26T17:58:24.846+0000] {dag.py:3722} INFO - Setting next_dagrun for example_params_trigger_ui to None, run_after=None
[2023-11-26T17:58:24.895+0000] {processor.py:179} INFO - Processing /home/airflow/.local/lib/python3.8/site-packages/airflow/example_dags/example_params_trigger_ui.py took 0.966 seconds
[2023-11-26T17:58:55.252+0000] {processor.py:157} INFO - Started process (PID=1350) to work on /home/airflow/.local/lib/python3.8/site-packages/airflow/example_dags/example_params_trigger_ui.py
[2023-11-26T17:58:55.256+0000] {processor.py:829} INFO - Processing file /home/airflow/.local/lib/python3.8/site-packages/airflow/example_dags/example_params_trigger_ui.py for tasks to queue
[2023-11-26T17:58:55.262+0000] {logging_mixin.py:154} INFO - [2023-11-26T17:58:55.261+0000] {dagbag.py:536} INFO - Filling up the DagBag from /home/airflow/.local/lib/python3.8/site-packages/airflow/example_dags/example_params_trigger_ui.py
[2023-11-26T17:58:55.313+0000] {processor.py:839} INFO - DAG(s) dict_keys(['example_params_trigger_ui']) retrieved from /home/airflow/.local/lib/python3.8/site-packages/airflow/example_dags/example_params_trigger_ui.py
[2023-11-26T17:58:55.470+0000] {logging_mixin.py:154} INFO - [2023-11-26T17:58:55.470+0000] {dag.py:2941} INFO - Sync 1 DAGs
[2023-11-26T17:58:55.496+0000] {logging_mixin.py:154} INFO - [2023-11-26T17:58:55.496+0000] {dag.py:3722} INFO - Setting next_dagrun for example_params_trigger_ui to None, run_after=None
[2023-11-26T17:58:55.750+0000] {processor.py:179} INFO - Processing /home/airflow/.local/lib/python3.8/site-packages/airflow/example_dags/example_params_trigger_ui.py took 0.505 seconds
[2023-11-26T17:59:26.006+0000] {processor.py:157} INFO - Started process (PID=1404) to work on /home/airflow/.local/lib/python3.8/site-packages/airflow/example_dags/example_params_trigger_ui.py
[2023-11-26T17:59:26.016+0000] {processor.py:829} INFO - Processing file /home/airflow/.local/lib/python3.8/site-packages/airflow/example_dags/example_params_trigger_ui.py for tasks to queue
[2023-11-26T17:59:26.026+0000] {logging_mixin.py:154} INFO - [2023-11-26T17:59:26.025+0000] {dagbag.py:536} INFO - Filling up the DagBag from /home/airflow/.local/lib/python3.8/site-packages/airflow/example_dags/example_params_trigger_ui.py
[2023-11-26T17:59:26.119+0000] {processor.py:839} INFO - DAG(s) dict_keys(['example_params_trigger_ui']) retrieved from /home/airflow/.local/lib/python3.8/site-packages/airflow/example_dags/example_params_trigger_ui.py
[2023-11-26T17:59:26.477+0000] {logging_mixin.py:154} INFO - [2023-11-26T17:59:26.477+0000] {dag.py:2941} INFO - Sync 1 DAGs
[2023-11-26T17:59:26.514+0000] {logging_mixin.py:154} INFO - [2023-11-26T17:59:26.514+0000] {dag.py:3722} INFO - Setting next_dagrun for example_params_trigger_ui to None, run_after=None
[2023-11-26T17:59:26.601+0000] {processor.py:179} INFO - Processing /home/airflow/.local/lib/python3.8/site-packages/airflow/example_dags/example_params_trigger_ui.py took 0.604 seconds
[2023-11-26T17:59:58.162+0000] {processor.py:157} INFO - Started process (PID=1458) to work on /home/airflow/.local/lib/python3.8/site-packages/airflow/example_dags/example_params_trigger_ui.py
[2023-11-26T17:59:58.166+0000] {processor.py:829} INFO - Processing file /home/airflow/.local/lib/python3.8/site-packages/airflow/example_dags/example_params_trigger_ui.py for tasks to queue
[2023-11-26T17:59:58.176+0000] {logging_mixin.py:154} INFO - [2023-11-26T17:59:58.175+0000] {dagbag.py:536} INFO - Filling up the DagBag from /home/airflow/.local/lib/python3.8/site-packages/airflow/example_dags/example_params_trigger_ui.py
[2023-11-26T17:59:58.933+0000] {processor.py:839} INFO - DAG(s) dict_keys(['example_params_trigger_ui']) retrieved from /home/airflow/.local/lib/python3.8/site-packages/airflow/example_dags/example_params_trigger_ui.py
[2023-11-26T17:59:59.299+0000] {logging_mixin.py:154} INFO - [2023-11-26T17:59:59.299+0000] {dag.py:2941} INFO - Sync 1 DAGs
[2023-11-26T17:59:59.358+0000] {logging_mixin.py:154} INFO - [2023-11-26T17:59:59.358+0000] {dag.py:3722} INFO - Setting next_dagrun for example_params_trigger_ui to None, run_after=None
[2023-11-26T17:59:59.449+0000] {processor.py:179} INFO - Processing /home/airflow/.local/lib/python3.8/site-packages/airflow/example_dags/example_params_trigger_ui.py took 1.301 seconds
[2023-11-26T18:00:29.517+0000] {processor.py:157} INFO - Started process (PID=1511) to work on /home/airflow/.local/lib/python3.8/site-packages/airflow/example_dags/example_params_trigger_ui.py
[2023-11-26T18:00:29.521+0000] {processor.py:829} INFO - Processing file /home/airflow/.local/lib/python3.8/site-packages/airflow/example_dags/example_params_trigger_ui.py for tasks to queue
[2023-11-26T18:00:29.528+0000] {logging_mixin.py:154} INFO - [2023-11-26T18:00:29.527+0000] {dagbag.py:536} INFO - Filling up the DagBag from /home/airflow/.local/lib/python3.8/site-packages/airflow/example_dags/example_params_trigger_ui.py
[2023-11-26T18:00:29.573+0000] {processor.py:839} INFO - DAG(s) dict_keys(['example_params_trigger_ui']) retrieved from /home/airflow/.local/lib/python3.8/site-packages/airflow/example_dags/example_params_trigger_ui.py
[2023-11-26T18:00:29.795+0000] {logging_mixin.py:154} INFO - [2023-11-26T18:00:29.794+0000] {dag.py:2941} INFO - Sync 1 DAGs
[2023-11-26T18:00:29.834+0000] {logging_mixin.py:154} INFO - [2023-11-26T18:00:29.834+0000] {dag.py:3722} INFO - Setting next_dagrun for example_params_trigger_ui to None, run_after=None
[2023-11-26T18:00:29.877+0000] {processor.py:179} INFO - Processing /home/airflow/.local/lib/python3.8/site-packages/airflow/example_dags/example_params_trigger_ui.py took 0.365 seconds
[2023-11-26T18:01:00.251+0000] {processor.py:157} INFO - Started process (PID=1564) to work on /home/airflow/.local/lib/python3.8/site-packages/airflow/example_dags/example_params_trigger_ui.py
[2023-11-26T18:01:00.254+0000] {processor.py:829} INFO - Processing file /home/airflow/.local/lib/python3.8/site-packages/airflow/example_dags/example_params_trigger_ui.py for tasks to queue
[2023-11-26T18:01:00.259+0000] {logging_mixin.py:154} INFO - [2023-11-26T18:01:00.259+0000] {dagbag.py:536} INFO - Filling up the DagBag from /home/airflow/.local/lib/python3.8/site-packages/airflow/example_dags/example_params_trigger_ui.py
[2023-11-26T18:01:00.319+0000] {processor.py:839} INFO - DAG(s) dict_keys(['example_params_trigger_ui']) retrieved from /home/airflow/.local/lib/python3.8/site-packages/airflow/example_dags/example_params_trigger_ui.py
[2023-11-26T18:01:00.597+0000] {logging_mixin.py:154} INFO - [2023-11-26T18:01:00.597+0000] {dag.py:2941} INFO - Sync 1 DAGs
[2023-11-26T18:01:00.636+0000] {logging_mixin.py:154} INFO - [2023-11-26T18:01:00.636+0000] {dag.py:3722} INFO - Setting next_dagrun for example_params_trigger_ui to None, run_after=None
[2023-11-26T18:01:00.687+0000] {processor.py:179} INFO - Processing /home/airflow/.local/lib/python3.8/site-packages/airflow/example_dags/example_params_trigger_ui.py took 0.444 seconds
[2023-11-26T18:01:30.866+0000] {processor.py:157} INFO - Started process (PID=1619) to work on /home/airflow/.local/lib/python3.8/site-packages/airflow/example_dags/example_params_trigger_ui.py
[2023-11-26T18:01:30.869+0000] {processor.py:829} INFO - Processing file /home/airflow/.local/lib/python3.8/site-packages/airflow/example_dags/example_params_trigger_ui.py for tasks to queue
[2023-11-26T18:01:30.876+0000] {logging_mixin.py:154} INFO - [2023-11-26T18:01:30.875+0000] {dagbag.py:536} INFO - Filling up the DagBag from /home/airflow/.local/lib/python3.8/site-packages/airflow/example_dags/example_params_trigger_ui.py
[2023-11-26T18:01:30.936+0000] {processor.py:839} INFO - DAG(s) dict_keys(['example_params_trigger_ui']) retrieved from /home/airflow/.local/lib/python3.8/site-packages/airflow/example_dags/example_params_trigger_ui.py
[2023-11-26T18:01:31.123+0000] {logging_mixin.py:154} INFO - [2023-11-26T18:01:31.122+0000] {dag.py:2941} INFO - Sync 1 DAGs
[2023-11-26T18:01:31.171+0000] {logging_mixin.py:154} INFO - [2023-11-26T18:01:31.171+0000] {dag.py:3722} INFO - Setting next_dagrun for example_params_trigger_ui to None, run_after=None
[2023-11-26T18:01:31.224+0000] {processor.py:179} INFO - Processing /home/airflow/.local/lib/python3.8/site-packages/airflow/example_dags/example_params_trigger_ui.py took 0.367 seconds
[2023-11-26T18:02:01.523+0000] {processor.py:157} INFO - Started process (PID=1673) to work on /home/airflow/.local/lib/python3.8/site-packages/airflow/example_dags/example_params_trigger_ui.py
[2023-11-26T18:02:01.528+0000] {processor.py:829} INFO - Processing file /home/airflow/.local/lib/python3.8/site-packages/airflow/example_dags/example_params_trigger_ui.py for tasks to queue
[2023-11-26T18:02:01.543+0000] {logging_mixin.py:154} INFO - [2023-11-26T18:02:01.542+0000] {dagbag.py:536} INFO - Filling up the DagBag from /home/airflow/.local/lib/python3.8/site-packages/airflow/example_dags/example_params_trigger_ui.py
[2023-11-26T18:02:01.653+0000] {processor.py:839} INFO - DAG(s) dict_keys(['example_params_trigger_ui']) retrieved from /home/airflow/.local/lib/python3.8/site-packages/airflow/example_dags/example_params_trigger_ui.py
[2023-11-26T18:02:01.830+0000] {logging_mixin.py:154} INFO - [2023-11-26T18:02:01.829+0000] {dag.py:2941} INFO - Sync 1 DAGs
[2023-11-26T18:02:01.890+0000] {logging_mixin.py:154} INFO - [2023-11-26T18:02:01.889+0000] {dag.py:3722} INFO - Setting next_dagrun for example_params_trigger_ui to None, run_after=None
[2023-11-26T18:02:01.940+0000] {processor.py:179} INFO - Processing /home/airflow/.local/lib/python3.8/site-packages/airflow/example_dags/example_params_trigger_ui.py took 0.425 seconds
[2023-11-26T18:02:34.928+0000] {processor.py:157} INFO - Started process (PID=1719) to work on /home/airflow/.local/lib/python3.8/site-packages/airflow/example_dags/example_params_trigger_ui.py
[2023-11-26T18:02:34.955+0000] {processor.py:829} INFO - Processing file /home/airflow/.local/lib/python3.8/site-packages/airflow/example_dags/example_params_trigger_ui.py for tasks to queue
[2023-11-26T18:02:34.969+0000] {logging_mixin.py:154} INFO - [2023-11-26T18:02:34.965+0000] {dagbag.py:536} INFO - Filling up the DagBag from /home/airflow/.local/lib/python3.8/site-packages/airflow/example_dags/example_params_trigger_ui.py
[2023-11-26T18:02:35.115+0000] {processor.py:839} INFO - DAG(s) dict_keys(['example_params_trigger_ui']) retrieved from /home/airflow/.local/lib/python3.8/site-packages/airflow/example_dags/example_params_trigger_ui.py
[2023-11-26T18:02:35.435+0000] {logging_mixin.py:154} INFO - [2023-11-26T18:02:35.435+0000] {dag.py:2941} INFO - Sync 1 DAGs
[2023-11-26T18:02:35.491+0000] {logging_mixin.py:154} INFO - [2023-11-26T18:02:35.491+0000] {dag.py:3722} INFO - Setting next_dagrun for example_params_trigger_ui to None, run_after=None
[2023-11-26T18:02:35.575+0000] {processor.py:179} INFO - Processing /home/airflow/.local/lib/python3.8/site-packages/airflow/example_dags/example_params_trigger_ui.py took 0.661 seconds
[2023-11-26T18:03:05.896+0000] {processor.py:157} INFO - Started process (PID=1774) to work on /home/airflow/.local/lib/python3.8/site-packages/airflow/example_dags/example_params_trigger_ui.py
[2023-11-26T18:03:05.899+0000] {processor.py:829} INFO - Processing file /home/airflow/.local/lib/python3.8/site-packages/airflow/example_dags/example_params_trigger_ui.py for tasks to queue
[2023-11-26T18:03:05.905+0000] {logging_mixin.py:154} INFO - [2023-11-26T18:03:05.904+0000] {dagbag.py:536} INFO - Filling up the DagBag from /home/airflow/.local/lib/python3.8/site-packages/airflow/example_dags/example_params_trigger_ui.py
[2023-11-26T18:03:05.981+0000] {processor.py:839} INFO - DAG(s) dict_keys(['example_params_trigger_ui']) retrieved from /home/airflow/.local/lib/python3.8/site-packages/airflow/example_dags/example_params_trigger_ui.py
[2023-11-26T18:03:06.173+0000] {logging_mixin.py:154} INFO - [2023-11-26T18:03:06.172+0000] {dag.py:2941} INFO - Sync 1 DAGs
[2023-11-26T18:03:06.204+0000] {logging_mixin.py:154} INFO - [2023-11-26T18:03:06.204+0000] {dag.py:3722} INFO - Setting next_dagrun for example_params_trigger_ui to None, run_after=None
[2023-11-26T18:03:06.266+0000] {processor.py:179} INFO - Processing /home/airflow/.local/lib/python3.8/site-packages/airflow/example_dags/example_params_trigger_ui.py took 0.385 seconds
