[2023-11-26T17:42:09.136+0000] {processor.py:157} INFO - Started process (PID=45) to work on /home/airflow/.local/lib/python3.8/site-packages/airflow/example_dags/example_latest_only.py
[2023-11-26T17:42:09.139+0000] {processor.py:829} INFO - Processing file /home/airflow/.local/lib/python3.8/site-packages/airflow/example_dags/example_latest_only.py for tasks to queue
[2023-11-26T17:42:09.145+0000] {logging_mixin.py:154} INFO - [2023-11-26T17:42:09.144+0000] {dagbag.py:536} INFO - Filling up the DagBag from /home/airflow/.local/lib/python3.8/site-packages/airflow/example_dags/example_latest_only.py
[2023-11-26T17:42:09.178+0000] {processor.py:839} INFO - DAG(s) dict_keys(['latest_only']) retrieved from /home/airflow/.local/lib/python3.8/site-packages/airflow/example_dags/example_latest_only.py
[2023-11-26T17:42:09.255+0000] {logging_mixin.py:154} INFO - [2023-11-26T17:42:09.255+0000] {dag.py:2941} INFO - Sync 1 DAGs
[2023-11-26T17:42:09.327+0000] {logging_mixin.py:154} INFO - [2023-11-26T17:42:09.327+0000] {dag.py:3722} INFO - Setting next_dagrun for latest_only to 2023-11-26T13:42:09.326821+00:00, run_after=2023-11-26T17:42:09.326821+00:00
[2023-11-26T17:42:09.389+0000] {processor.py:179} INFO - Processing /home/airflow/.local/lib/python3.8/site-packages/airflow/example_dags/example_latest_only.py took 0.274 seconds
[2023-11-26T17:43:02.282+0000] {processor.py:157} INFO - Started process (PID=105) to work on /home/airflow/.local/lib/python3.8/site-packages/airflow/example_dags/example_latest_only.py
[2023-11-26T17:43:02.289+0000] {processor.py:829} INFO - Processing file /home/airflow/.local/lib/python3.8/site-packages/airflow/example_dags/example_latest_only.py for tasks to queue
[2023-11-26T17:43:02.337+0000] {logging_mixin.py:154} INFO - [2023-11-26T17:43:02.336+0000] {dagbag.py:536} INFO - Filling up the DagBag from /home/airflow/.local/lib/python3.8/site-packages/airflow/example_dags/example_latest_only.py
[2023-11-26T17:43:02.422+0000] {processor.py:839} INFO - DAG(s) dict_keys(['latest_only']) retrieved from /home/airflow/.local/lib/python3.8/site-packages/airflow/example_dags/example_latest_only.py
[2023-11-26T17:43:03.466+0000] {logging_mixin.py:154} INFO - [2023-11-26T17:43:03.465+0000] {dag.py:2941} INFO - Sync 1 DAGs
[2023-11-26T17:43:04.101+0000] {logging_mixin.py:154} INFO - [2023-11-26T17:43:04.100+0000] {dag.py:3722} INFO - Setting next_dagrun for latest_only to 2023-11-26T13:43:04.099709+00:00, run_after=2023-11-26T17:43:04.099709+00:00
[2023-11-26T17:43:04.854+0000] {processor.py:179} INFO - Processing /home/airflow/.local/lib/python3.8/site-packages/airflow/example_dags/example_latest_only.py took 2.703 seconds
[2023-11-26T17:46:06.217+0000] {processor.py:157} INFO - Started process (PID=53) to work on /home/airflow/.local/lib/python3.8/site-packages/airflow/example_dags/example_latest_only.py
[2023-11-26T17:46:06.238+0000] {processor.py:829} INFO - Processing file /home/airflow/.local/lib/python3.8/site-packages/airflow/example_dags/example_latest_only.py for tasks to queue
[2023-11-26T17:46:06.269+0000] {logging_mixin.py:154} INFO - [2023-11-26T17:46:06.266+0000] {dagbag.py:536} INFO - Filling up the DagBag from /home/airflow/.local/lib/python3.8/site-packages/airflow/example_dags/example_latest_only.py
[2023-11-26T17:46:06.392+0000] {processor.py:839} INFO - DAG(s) dict_keys(['latest_only']) retrieved from /home/airflow/.local/lib/python3.8/site-packages/airflow/example_dags/example_latest_only.py
[2023-11-26T17:46:06.567+0000] {logging_mixin.py:154} INFO - [2023-11-26T17:46:06.567+0000] {dag.py:2941} INFO - Sync 1 DAGs
[2023-11-26T17:46:06.698+0000] {logging_mixin.py:154} INFO - [2023-11-26T17:46:06.697+0000] {dag.py:3722} INFO - Setting next_dagrun for latest_only to 2023-11-26T13:46:06.697108+00:00, run_after=2023-11-26T17:46:06.697108+00:00
[2023-11-26T17:46:06.792+0000] {processor.py:179} INFO - Processing /home/airflow/.local/lib/python3.8/site-packages/airflow/example_dags/example_latest_only.py took 0.602 seconds
[2023-11-26T17:46:42.347+0000] {processor.py:157} INFO - Started process (PID=107) to work on /home/airflow/.local/lib/python3.8/site-packages/airflow/example_dags/example_latest_only.py
[2023-11-26T17:46:42.355+0000] {processor.py:829} INFO - Processing file /home/airflow/.local/lib/python3.8/site-packages/airflow/example_dags/example_latest_only.py for tasks to queue
[2023-11-26T17:46:42.368+0000] {logging_mixin.py:154} INFO - [2023-11-26T17:46:42.367+0000] {dagbag.py:536} INFO - Filling up the DagBag from /home/airflow/.local/lib/python3.8/site-packages/airflow/example_dags/example_latest_only.py
[2023-11-26T17:46:42.387+0000] {processor.py:839} INFO - DAG(s) dict_keys(['latest_only']) retrieved from /home/airflow/.local/lib/python3.8/site-packages/airflow/example_dags/example_latest_only.py
[2023-11-26T17:46:42.469+0000] {logging_mixin.py:154} INFO - [2023-11-26T17:46:42.469+0000] {dag.py:2941} INFO - Sync 1 DAGs
[2023-11-26T17:46:42.574+0000] {logging_mixin.py:154} INFO - [2023-11-26T17:46:42.574+0000] {dag.py:3722} INFO - Setting next_dagrun for latest_only to 2023-11-26T13:46:42.573491+00:00, run_after=2023-11-26T17:46:42.573491+00:00
[2023-11-26T17:46:43.030+0000] {processor.py:179} INFO - Processing /home/airflow/.local/lib/python3.8/site-packages/airflow/example_dags/example_latest_only.py took 0.694 seconds
[2023-11-26T17:47:13.704+0000] {processor.py:157} INFO - Started process (PID=158) to work on /home/airflow/.local/lib/python3.8/site-packages/airflow/example_dags/example_latest_only.py
[2023-11-26T17:47:13.707+0000] {processor.py:829} INFO - Processing file /home/airflow/.local/lib/python3.8/site-packages/airflow/example_dags/example_latest_only.py for tasks to queue
[2023-11-26T17:47:13.712+0000] {logging_mixin.py:154} INFO - [2023-11-26T17:47:13.711+0000] {dagbag.py:536} INFO - Filling up the DagBag from /home/airflow/.local/lib/python3.8/site-packages/airflow/example_dags/example_latest_only.py
[2023-11-26T17:47:13.726+0000] {processor.py:839} INFO - DAG(s) dict_keys(['latest_only']) retrieved from /home/airflow/.local/lib/python3.8/site-packages/airflow/example_dags/example_latest_only.py
[2023-11-26T17:47:13.781+0000] {logging_mixin.py:154} INFO - [2023-11-26T17:47:13.781+0000] {dag.py:2941} INFO - Sync 1 DAGs
[2023-11-26T17:47:13.847+0000] {logging_mixin.py:154} INFO - [2023-11-26T17:47:13.846+0000] {dag.py:3722} INFO - Setting next_dagrun for latest_only to 2023-11-26T13:47:13.846270+00:00, run_after=2023-11-26T17:47:13.846270+00:00
[2023-11-26T17:47:13.899+0000] {processor.py:179} INFO - Processing /home/airflow/.local/lib/python3.8/site-packages/airflow/example_dags/example_latest_only.py took 0.203 seconds
[2023-11-26T17:47:44.207+0000] {processor.py:157} INFO - Started process (PID=213) to work on /home/airflow/.local/lib/python3.8/site-packages/airflow/example_dags/example_latest_only.py
[2023-11-26T17:47:44.209+0000] {processor.py:829} INFO - Processing file /home/airflow/.local/lib/python3.8/site-packages/airflow/example_dags/example_latest_only.py for tasks to queue
[2023-11-26T17:47:44.214+0000] {logging_mixin.py:154} INFO - [2023-11-26T17:47:44.213+0000] {dagbag.py:536} INFO - Filling up the DagBag from /home/airflow/.local/lib/python3.8/site-packages/airflow/example_dags/example_latest_only.py
[2023-11-26T17:47:44.223+0000] {processor.py:839} INFO - DAG(s) dict_keys(['latest_only']) retrieved from /home/airflow/.local/lib/python3.8/site-packages/airflow/example_dags/example_latest_only.py
[2023-11-26T17:47:44.264+0000] {logging_mixin.py:154} INFO - [2023-11-26T17:47:44.264+0000] {dag.py:2941} INFO - Sync 1 DAGs
[2023-11-26T17:47:44.310+0000] {logging_mixin.py:154} INFO - [2023-11-26T17:47:44.310+0000] {dag.py:3722} INFO - Setting next_dagrun for latest_only to 2023-11-26T13:47:44.309970+00:00, run_after=2023-11-26T17:47:44.309970+00:00
[2023-11-26T17:47:44.348+0000] {processor.py:179} INFO - Processing /home/airflow/.local/lib/python3.8/site-packages/airflow/example_dags/example_latest_only.py took 0.153 seconds
[2023-11-26T17:48:14.560+0000] {processor.py:157} INFO - Started process (PID=266) to work on /home/airflow/.local/lib/python3.8/site-packages/airflow/example_dags/example_latest_only.py
[2023-11-26T17:48:14.562+0000] {processor.py:829} INFO - Processing file /home/airflow/.local/lib/python3.8/site-packages/airflow/example_dags/example_latest_only.py for tasks to queue
[2023-11-26T17:48:14.568+0000] {logging_mixin.py:154} INFO - [2023-11-26T17:48:14.567+0000] {dagbag.py:536} INFO - Filling up the DagBag from /home/airflow/.local/lib/python3.8/site-packages/airflow/example_dags/example_latest_only.py
[2023-11-26T17:48:14.582+0000] {processor.py:839} INFO - DAG(s) dict_keys(['latest_only']) retrieved from /home/airflow/.local/lib/python3.8/site-packages/airflow/example_dags/example_latest_only.py
[2023-11-26T17:48:14.654+0000] {logging_mixin.py:154} INFO - [2023-11-26T17:48:14.654+0000] {dag.py:2941} INFO - Sync 1 DAGs
[2023-11-26T17:48:14.720+0000] {logging_mixin.py:154} INFO - [2023-11-26T17:48:14.719+0000] {dag.py:3722} INFO - Setting next_dagrun for latest_only to 2023-11-26T13:48:14.719064+00:00, run_after=2023-11-26T17:48:14.719064+00:00
[2023-11-26T17:48:14.777+0000] {processor.py:179} INFO - Processing /home/airflow/.local/lib/python3.8/site-packages/airflow/example_dags/example_latest_only.py took 0.229 seconds
[2023-11-26T17:48:45.742+0000] {processor.py:157} INFO - Started process (PID=320) to work on /home/airflow/.local/lib/python3.8/site-packages/airflow/example_dags/example_latest_only.py
[2023-11-26T17:48:45.744+0000] {processor.py:829} INFO - Processing file /home/airflow/.local/lib/python3.8/site-packages/airflow/example_dags/example_latest_only.py for tasks to queue
[2023-11-26T17:48:45.750+0000] {logging_mixin.py:154} INFO - [2023-11-26T17:48:45.749+0000] {dagbag.py:536} INFO - Filling up the DagBag from /home/airflow/.local/lib/python3.8/site-packages/airflow/example_dags/example_latest_only.py
[2023-11-26T17:48:45.762+0000] {processor.py:839} INFO - DAG(s) dict_keys(['latest_only']) retrieved from /home/airflow/.local/lib/python3.8/site-packages/airflow/example_dags/example_latest_only.py
[2023-11-26T17:48:45.816+0000] {logging_mixin.py:154} INFO - [2023-11-26T17:48:45.816+0000] {dag.py:2941} INFO - Sync 1 DAGs
[2023-11-26T17:48:45.877+0000] {logging_mixin.py:154} INFO - [2023-11-26T17:48:45.877+0000] {dag.py:3722} INFO - Setting next_dagrun for latest_only to 2023-11-26T13:48:45.876820+00:00, run_after=2023-11-26T17:48:45.876820+00:00
[2023-11-26T17:48:45.926+0000] {processor.py:179} INFO - Processing /home/airflow/.local/lib/python3.8/site-packages/airflow/example_dags/example_latest_only.py took 0.191 seconds
[2023-11-26T17:49:16.009+0000] {processor.py:157} INFO - Started process (PID=373) to work on /home/airflow/.local/lib/python3.8/site-packages/airflow/example_dags/example_latest_only.py
[2023-11-26T17:49:16.013+0000] {processor.py:829} INFO - Processing file /home/airflow/.local/lib/python3.8/site-packages/airflow/example_dags/example_latest_only.py for tasks to queue
[2023-11-26T17:49:16.022+0000] {logging_mixin.py:154} INFO - [2023-11-26T17:49:16.021+0000] {dagbag.py:536} INFO - Filling up the DagBag from /home/airflow/.local/lib/python3.8/site-packages/airflow/example_dags/example_latest_only.py
[2023-11-26T17:49:16.038+0000] {processor.py:839} INFO - DAG(s) dict_keys(['latest_only']) retrieved from /home/airflow/.local/lib/python3.8/site-packages/airflow/example_dags/example_latest_only.py
[2023-11-26T17:49:16.119+0000] {logging_mixin.py:154} INFO - [2023-11-26T17:49:16.118+0000] {dag.py:2941} INFO - Sync 1 DAGs
[2023-11-26T17:49:16.346+0000] {logging_mixin.py:154} INFO - [2023-11-26T17:49:16.346+0000] {dag.py:3722} INFO - Setting next_dagrun for latest_only to 2023-11-26T13:49:16.345382+00:00, run_after=2023-11-26T17:49:16.345382+00:00
[2023-11-26T17:49:16.405+0000] {processor.py:179} INFO - Processing /home/airflow/.local/lib/python3.8/site-packages/airflow/example_dags/example_latest_only.py took 0.405 seconds
[2023-11-26T17:49:48.342+0000] {processor.py:157} INFO - Started process (PID=426) to work on /home/airflow/.local/lib/python3.8/site-packages/airflow/example_dags/example_latest_only.py
[2023-11-26T17:49:48.346+0000] {processor.py:829} INFO - Processing file /home/airflow/.local/lib/python3.8/site-packages/airflow/example_dags/example_latest_only.py for tasks to queue
[2023-11-26T17:49:48.352+0000] {logging_mixin.py:154} INFO - [2023-11-26T17:49:48.351+0000] {dagbag.py:536} INFO - Filling up the DagBag from /home/airflow/.local/lib/python3.8/site-packages/airflow/example_dags/example_latest_only.py
[2023-11-26T17:49:48.561+0000] {processor.py:839} INFO - DAG(s) dict_keys(['latest_only']) retrieved from /home/airflow/.local/lib/python3.8/site-packages/airflow/example_dags/example_latest_only.py
[2023-11-26T17:49:48.742+0000] {logging_mixin.py:154} INFO - [2023-11-26T17:49:48.736+0000] {dag.py:2941} INFO - Sync 1 DAGs
[2023-11-26T17:49:49.237+0000] {logging_mixin.py:154} INFO - [2023-11-26T17:49:49.237+0000] {dag.py:3722} INFO - Setting next_dagrun for latest_only to 2023-11-26T13:49:49.236985+00:00, run_after=2023-11-26T17:49:49.236985+00:00
[2023-11-26T17:49:49.321+0000] {processor.py:179} INFO - Processing /home/airflow/.local/lib/python3.8/site-packages/airflow/example_dags/example_latest_only.py took 0.989 seconds
[2023-11-26T17:50:20.158+0000] {processor.py:157} INFO - Started process (PID=480) to work on /home/airflow/.local/lib/python3.8/site-packages/airflow/example_dags/example_latest_only.py
[2023-11-26T17:50:20.178+0000] {processor.py:829} INFO - Processing file /home/airflow/.local/lib/python3.8/site-packages/airflow/example_dags/example_latest_only.py for tasks to queue
[2023-11-26T17:50:20.191+0000] {logging_mixin.py:154} INFO - [2023-11-26T17:50:20.191+0000] {dagbag.py:536} INFO - Filling up the DagBag from /home/airflow/.local/lib/python3.8/site-packages/airflow/example_dags/example_latest_only.py
[2023-11-26T17:50:20.230+0000] {processor.py:839} INFO - DAG(s) dict_keys(['latest_only']) retrieved from /home/airflow/.local/lib/python3.8/site-packages/airflow/example_dags/example_latest_only.py
[2023-11-26T17:50:20.312+0000] {logging_mixin.py:154} INFO - [2023-11-26T17:50:20.312+0000] {dag.py:2941} INFO - Sync 1 DAGs
[2023-11-26T17:50:20.416+0000] {logging_mixin.py:154} INFO - [2023-11-26T17:50:20.415+0000] {dag.py:3722} INFO - Setting next_dagrun for latest_only to 2023-11-26T13:50:20.415009+00:00, run_after=2023-11-26T17:50:20.415009+00:00
[2023-11-26T17:50:20.563+0000] {processor.py:179} INFO - Processing /home/airflow/.local/lib/python3.8/site-packages/airflow/example_dags/example_latest_only.py took 0.414 seconds
[2023-11-26T17:50:51.117+0000] {processor.py:157} INFO - Started process (PID=534) to work on /home/airflow/.local/lib/python3.8/site-packages/airflow/example_dags/example_latest_only.py
[2023-11-26T17:50:51.123+0000] {processor.py:829} INFO - Processing file /home/airflow/.local/lib/python3.8/site-packages/airflow/example_dags/example_latest_only.py for tasks to queue
[2023-11-26T17:50:51.133+0000] {logging_mixin.py:154} INFO - [2023-11-26T17:50:51.133+0000] {dagbag.py:536} INFO - Filling up the DagBag from /home/airflow/.local/lib/python3.8/site-packages/airflow/example_dags/example_latest_only.py
[2023-11-26T17:50:51.173+0000] {processor.py:839} INFO - DAG(s) dict_keys(['latest_only']) retrieved from /home/airflow/.local/lib/python3.8/site-packages/airflow/example_dags/example_latest_only.py
[2023-11-26T17:50:51.289+0000] {logging_mixin.py:154} INFO - [2023-11-26T17:50:51.288+0000] {dag.py:2941} INFO - Sync 1 DAGs
[2023-11-26T17:50:51.425+0000] {logging_mixin.py:154} INFO - [2023-11-26T17:50:51.424+0000] {dag.py:3722} INFO - Setting next_dagrun for latest_only to 2023-11-26T13:50:51.424069+00:00, run_after=2023-11-26T17:50:51.424069+00:00
[2023-11-26T17:50:51.559+0000] {processor.py:179} INFO - Processing /home/airflow/.local/lib/python3.8/site-packages/airflow/example_dags/example_latest_only.py took 0.460 seconds
[2023-11-26T17:51:22.702+0000] {processor.py:157} INFO - Started process (PID=588) to work on /home/airflow/.local/lib/python3.8/site-packages/airflow/example_dags/example_latest_only.py
[2023-11-26T17:51:22.708+0000] {processor.py:829} INFO - Processing file /home/airflow/.local/lib/python3.8/site-packages/airflow/example_dags/example_latest_only.py for tasks to queue
[2023-11-26T17:51:22.716+0000] {logging_mixin.py:154} INFO - [2023-11-26T17:51:22.716+0000] {dagbag.py:536} INFO - Filling up the DagBag from /home/airflow/.local/lib/python3.8/site-packages/airflow/example_dags/example_latest_only.py
[2023-11-26T17:51:22.732+0000] {processor.py:839} INFO - DAG(s) dict_keys(['latest_only']) retrieved from /home/airflow/.local/lib/python3.8/site-packages/airflow/example_dags/example_latest_only.py
[2023-11-26T17:51:22.801+0000] {logging_mixin.py:154} INFO - [2023-11-26T17:51:22.801+0000] {dag.py:2941} INFO - Sync 1 DAGs
[2023-11-26T17:51:22.874+0000] {logging_mixin.py:154} INFO - [2023-11-26T17:51:22.874+0000] {dag.py:3722} INFO - Setting next_dagrun for latest_only to 2023-11-26T13:51:22.873340+00:00, run_after=2023-11-26T17:51:22.873340+00:00
[2023-11-26T17:51:22.940+0000] {processor.py:179} INFO - Processing /home/airflow/.local/lib/python3.8/site-packages/airflow/example_dags/example_latest_only.py took 0.248 seconds
[2023-11-26T17:51:53.527+0000] {processor.py:157} INFO - Started process (PID=641) to work on /home/airflow/.local/lib/python3.8/site-packages/airflow/example_dags/example_latest_only.py
[2023-11-26T17:51:53.533+0000] {processor.py:829} INFO - Processing file /home/airflow/.local/lib/python3.8/site-packages/airflow/example_dags/example_latest_only.py for tasks to queue
[2023-11-26T17:51:53.543+0000] {logging_mixin.py:154} INFO - [2023-11-26T17:51:53.542+0000] {dagbag.py:536} INFO - Filling up the DagBag from /home/airflow/.local/lib/python3.8/site-packages/airflow/example_dags/example_latest_only.py
[2023-11-26T17:51:53.569+0000] {processor.py:839} INFO - DAG(s) dict_keys(['latest_only']) retrieved from /home/airflow/.local/lib/python3.8/site-packages/airflow/example_dags/example_latest_only.py
[2023-11-26T17:51:53.728+0000] {logging_mixin.py:154} INFO - [2023-11-26T17:51:53.726+0000] {dag.py:2941} INFO - Sync 1 DAGs
[2023-11-26T17:51:53.858+0000] {logging_mixin.py:154} INFO - [2023-11-26T17:51:53.858+0000] {dag.py:3722} INFO - Setting next_dagrun for latest_only to 2023-11-26T13:51:53.856800+00:00, run_after=2023-11-26T17:51:53.856800+00:00
[2023-11-26T17:51:53.961+0000] {processor.py:179} INFO - Processing /home/airflow/.local/lib/python3.8/site-packages/airflow/example_dags/example_latest_only.py took 0.451 seconds
[2023-11-26T17:52:24.369+0000] {processor.py:157} INFO - Started process (PID=695) to work on /home/airflow/.local/lib/python3.8/site-packages/airflow/example_dags/example_latest_only.py
[2023-11-26T17:52:24.383+0000] {processor.py:829} INFO - Processing file /home/airflow/.local/lib/python3.8/site-packages/airflow/example_dags/example_latest_only.py for tasks to queue
[2023-11-26T17:52:24.394+0000] {logging_mixin.py:154} INFO - [2023-11-26T17:52:24.393+0000] {dagbag.py:536} INFO - Filling up the DagBag from /home/airflow/.local/lib/python3.8/site-packages/airflow/example_dags/example_latest_only.py
[2023-11-26T17:52:24.414+0000] {processor.py:839} INFO - DAG(s) dict_keys(['latest_only']) retrieved from /home/airflow/.local/lib/python3.8/site-packages/airflow/example_dags/example_latest_only.py
[2023-11-26T17:52:24.510+0000] {logging_mixin.py:154} INFO - [2023-11-26T17:52:24.509+0000] {dag.py:2941} INFO - Sync 1 DAGs
[2023-11-26T17:52:24.619+0000] {logging_mixin.py:154} INFO - [2023-11-26T17:52:24.618+0000] {dag.py:3722} INFO - Setting next_dagrun for latest_only to 2023-11-26T13:52:24.617625+00:00, run_after=2023-11-26T17:52:24.617625+00:00
[2023-11-26T17:52:24.820+0000] {processor.py:179} INFO - Processing /home/airflow/.local/lib/python3.8/site-packages/airflow/example_dags/example_latest_only.py took 0.465 seconds
[2023-11-26T17:52:54.970+0000] {processor.py:157} INFO - Started process (PID=749) to work on /home/airflow/.local/lib/python3.8/site-packages/airflow/example_dags/example_latest_only.py
[2023-11-26T17:52:54.973+0000] {processor.py:829} INFO - Processing file /home/airflow/.local/lib/python3.8/site-packages/airflow/example_dags/example_latest_only.py for tasks to queue
[2023-11-26T17:52:54.983+0000] {logging_mixin.py:154} INFO - [2023-11-26T17:52:54.982+0000] {dagbag.py:536} INFO - Filling up the DagBag from /home/airflow/.local/lib/python3.8/site-packages/airflow/example_dags/example_latest_only.py
[2023-11-26T17:52:55.000+0000] {processor.py:839} INFO - DAG(s) dict_keys(['latest_only']) retrieved from /home/airflow/.local/lib/python3.8/site-packages/airflow/example_dags/example_latest_only.py
[2023-11-26T17:52:55.057+0000] {logging_mixin.py:154} INFO - [2023-11-26T17:52:55.055+0000] {dag.py:2941} INFO - Sync 1 DAGs
[2023-11-26T17:52:55.152+0000] {logging_mixin.py:154} INFO - [2023-11-26T17:52:55.151+0000] {dag.py:3722} INFO - Setting next_dagrun for latest_only to 2023-11-26T13:52:55.149968+00:00, run_after=2023-11-26T17:52:55.149968+00:00
[2023-11-26T17:52:55.197+0000] {processor.py:179} INFO - Processing /home/airflow/.local/lib/python3.8/site-packages/airflow/example_dags/example_latest_only.py took 0.268 seconds
[2023-11-26T17:53:25.416+0000] {processor.py:157} INFO - Started process (PID=803) to work on /home/airflow/.local/lib/python3.8/site-packages/airflow/example_dags/example_latest_only.py
[2023-11-26T17:53:25.424+0000] {processor.py:829} INFO - Processing file /home/airflow/.local/lib/python3.8/site-packages/airflow/example_dags/example_latest_only.py for tasks to queue
[2023-11-26T17:53:25.431+0000] {logging_mixin.py:154} INFO - [2023-11-26T17:53:25.430+0000] {dagbag.py:536} INFO - Filling up the DagBag from /home/airflow/.local/lib/python3.8/site-packages/airflow/example_dags/example_latest_only.py
[2023-11-26T17:53:25.444+0000] {processor.py:839} INFO - DAG(s) dict_keys(['latest_only']) retrieved from /home/airflow/.local/lib/python3.8/site-packages/airflow/example_dags/example_latest_only.py
[2023-11-26T17:53:25.492+0000] {logging_mixin.py:154} INFO - [2023-11-26T17:53:25.492+0000] {dag.py:2941} INFO - Sync 1 DAGs
[2023-11-26T17:53:25.547+0000] {logging_mixin.py:154} INFO - [2023-11-26T17:53:25.546+0000] {dag.py:3722} INFO - Setting next_dagrun for latest_only to 2023-11-26T13:53:25.546248+00:00, run_after=2023-11-26T17:53:25.546248+00:00
[2023-11-26T17:53:25.605+0000] {processor.py:179} INFO - Processing /home/airflow/.local/lib/python3.8/site-packages/airflow/example_dags/example_latest_only.py took 0.199 seconds
[2023-11-26T17:53:55.874+0000] {processor.py:157} INFO - Started process (PID=857) to work on /home/airflow/.local/lib/python3.8/site-packages/airflow/example_dags/example_latest_only.py
[2023-11-26T17:53:55.876+0000] {processor.py:829} INFO - Processing file /home/airflow/.local/lib/python3.8/site-packages/airflow/example_dags/example_latest_only.py for tasks to queue
[2023-11-26T17:53:55.883+0000] {logging_mixin.py:154} INFO - [2023-11-26T17:53:55.881+0000] {dagbag.py:536} INFO - Filling up the DagBag from /home/airflow/.local/lib/python3.8/site-packages/airflow/example_dags/example_latest_only.py
[2023-11-26T17:53:55.894+0000] {processor.py:839} INFO - DAG(s) dict_keys(['latest_only']) retrieved from /home/airflow/.local/lib/python3.8/site-packages/airflow/example_dags/example_latest_only.py
[2023-11-26T17:53:55.938+0000] {logging_mixin.py:154} INFO - [2023-11-26T17:53:55.937+0000] {dag.py:2941} INFO - Sync 1 DAGs
[2023-11-26T17:53:55.990+0000] {logging_mixin.py:154} INFO - [2023-11-26T17:53:55.990+0000] {dag.py:3722} INFO - Setting next_dagrun for latest_only to 2023-11-26T13:53:55.989978+00:00, run_after=2023-11-26T17:53:55.989978+00:00
[2023-11-26T17:53:56.031+0000] {processor.py:179} INFO - Processing /home/airflow/.local/lib/python3.8/site-packages/airflow/example_dags/example_latest_only.py took 0.164 seconds
[2023-11-26T17:54:29.389+0000] {processor.py:157} INFO - Started process (PID=908) to work on /home/airflow/.local/lib/python3.8/site-packages/airflow/example_dags/example_latest_only.py
[2023-11-26T17:54:29.508+0000] {processor.py:829} INFO - Processing file /home/airflow/.local/lib/python3.8/site-packages/airflow/example_dags/example_latest_only.py for tasks to queue
[2023-11-26T17:54:29.558+0000] {logging_mixin.py:154} INFO - [2023-11-26T17:54:29.557+0000] {dagbag.py:536} INFO - Filling up the DagBag from /home/airflow/.local/lib/python3.8/site-packages/airflow/example_dags/example_latest_only.py
[2023-11-26T17:54:29.702+0000] {processor.py:839} INFO - DAG(s) dict_keys(['latest_only']) retrieved from /home/airflow/.local/lib/python3.8/site-packages/airflow/example_dags/example_latest_only.py
[2023-11-26T17:54:29.954+0000] {logging_mixin.py:154} INFO - [2023-11-26T17:54:29.954+0000] {dag.py:2941} INFO - Sync 1 DAGs
[2023-11-26T17:54:30.226+0000] {logging_mixin.py:154} INFO - [2023-11-26T17:54:30.226+0000] {dag.py:3722} INFO - Setting next_dagrun for latest_only to 2023-11-26T13:54:30.225488+00:00, run_after=2023-11-26T17:54:30.225488+00:00
[2023-11-26T17:54:30.577+0000] {processor.py:179} INFO - Processing /home/airflow/.local/lib/python3.8/site-packages/airflow/example_dags/example_latest_only.py took 1.245 seconds
[2023-11-26T17:55:01.657+0000] {processor.py:157} INFO - Started process (PID=962) to work on /home/airflow/.local/lib/python3.8/site-packages/airflow/example_dags/example_latest_only.py
[2023-11-26T17:55:01.664+0000] {processor.py:829} INFO - Processing file /home/airflow/.local/lib/python3.8/site-packages/airflow/example_dags/example_latest_only.py for tasks to queue
[2023-11-26T17:55:01.671+0000] {logging_mixin.py:154} INFO - [2023-11-26T17:55:01.670+0000] {dagbag.py:536} INFO - Filling up the DagBag from /home/airflow/.local/lib/python3.8/site-packages/airflow/example_dags/example_latest_only.py
[2023-11-26T17:55:01.691+0000] {processor.py:839} INFO - DAG(s) dict_keys(['latest_only']) retrieved from /home/airflow/.local/lib/python3.8/site-packages/airflow/example_dags/example_latest_only.py
[2023-11-26T17:55:01.982+0000] {logging_mixin.py:154} INFO - [2023-11-26T17:55:01.982+0000] {dag.py:2941} INFO - Sync 1 DAGs
[2023-11-26T17:55:02.418+0000] {logging_mixin.py:154} INFO - [2023-11-26T17:55:02.410+0000] {dag.py:3722} INFO - Setting next_dagrun for latest_only to 2023-11-26T13:55:02.320291+00:00, run_after=2023-11-26T17:55:02.320291+00:00
[2023-11-26T17:55:02.491+0000] {processor.py:179} INFO - Processing /home/airflow/.local/lib/python3.8/site-packages/airflow/example_dags/example_latest_only.py took 0.845 seconds
[2023-11-26T17:55:33.051+0000] {processor.py:157} INFO - Started process (PID=1017) to work on /home/airflow/.local/lib/python3.8/site-packages/airflow/example_dags/example_latest_only.py
[2023-11-26T17:55:33.053+0000] {processor.py:829} INFO - Processing file /home/airflow/.local/lib/python3.8/site-packages/airflow/example_dags/example_latest_only.py for tasks to queue
[2023-11-26T17:55:33.058+0000] {logging_mixin.py:154} INFO - [2023-11-26T17:55:33.057+0000] {dagbag.py:536} INFO - Filling up the DagBag from /home/airflow/.local/lib/python3.8/site-packages/airflow/example_dags/example_latest_only.py
[2023-11-26T17:55:33.069+0000] {processor.py:839} INFO - DAG(s) dict_keys(['latest_only']) retrieved from /home/airflow/.local/lib/python3.8/site-packages/airflow/example_dags/example_latest_only.py
[2023-11-26T17:55:33.133+0000] {logging_mixin.py:154} INFO - [2023-11-26T17:55:33.133+0000] {dag.py:2941} INFO - Sync 1 DAGs
[2023-11-26T17:55:33.203+0000] {logging_mixin.py:154} INFO - [2023-11-26T17:55:33.202+0000] {dag.py:3722} INFO - Setting next_dagrun for latest_only to 2023-11-26T13:55:33.202030+00:00, run_after=2023-11-26T17:55:33.202030+00:00
[2023-11-26T17:55:33.264+0000] {processor.py:179} INFO - Processing /home/airflow/.local/lib/python3.8/site-packages/airflow/example_dags/example_latest_only.py took 0.220 seconds
[2023-11-26T17:56:03.385+0000] {processor.py:157} INFO - Started process (PID=1071) to work on /home/airflow/.local/lib/python3.8/site-packages/airflow/example_dags/example_latest_only.py
[2023-11-26T17:56:03.387+0000] {processor.py:829} INFO - Processing file /home/airflow/.local/lib/python3.8/site-packages/airflow/example_dags/example_latest_only.py for tasks to queue
[2023-11-26T17:56:03.396+0000] {logging_mixin.py:154} INFO - [2023-11-26T17:56:03.395+0000] {dagbag.py:536} INFO - Filling up the DagBag from /home/airflow/.local/lib/python3.8/site-packages/airflow/example_dags/example_latest_only.py
[2023-11-26T17:56:03.409+0000] {processor.py:839} INFO - DAG(s) dict_keys(['latest_only']) retrieved from /home/airflow/.local/lib/python3.8/site-packages/airflow/example_dags/example_latest_only.py
[2023-11-26T17:56:03.459+0000] {logging_mixin.py:154} INFO - [2023-11-26T17:56:03.458+0000] {dag.py:2941} INFO - Sync 1 DAGs
[2023-11-26T17:56:03.519+0000] {logging_mixin.py:154} INFO - [2023-11-26T17:56:03.518+0000] {dag.py:3722} INFO - Setting next_dagrun for latest_only to 2023-11-26T13:56:03.518154+00:00, run_after=2023-11-26T17:56:03.518154+00:00
[2023-11-26T17:56:03.950+0000] {processor.py:179} INFO - Processing /home/airflow/.local/lib/python3.8/site-packages/airflow/example_dags/example_latest_only.py took 0.572 seconds
[2023-11-26T17:56:34.339+0000] {processor.py:157} INFO - Started process (PID=1125) to work on /home/airflow/.local/lib/python3.8/site-packages/airflow/example_dags/example_latest_only.py
[2023-11-26T17:56:34.344+0000] {processor.py:829} INFO - Processing file /home/airflow/.local/lib/python3.8/site-packages/airflow/example_dags/example_latest_only.py for tasks to queue
[2023-11-26T17:56:34.351+0000] {logging_mixin.py:154} INFO - [2023-11-26T17:56:34.351+0000] {dagbag.py:536} INFO - Filling up the DagBag from /home/airflow/.local/lib/python3.8/site-packages/airflow/example_dags/example_latest_only.py
[2023-11-26T17:56:34.365+0000] {processor.py:839} INFO - DAG(s) dict_keys(['latest_only']) retrieved from /home/airflow/.local/lib/python3.8/site-packages/airflow/example_dags/example_latest_only.py
[2023-11-26T17:56:34.451+0000] {logging_mixin.py:154} INFO - [2023-11-26T17:56:34.450+0000] {dag.py:2941} INFO - Sync 1 DAGs
[2023-11-26T17:56:34.508+0000] {logging_mixin.py:154} INFO - [2023-11-26T17:56:34.507+0000] {dag.py:3722} INFO - Setting next_dagrun for latest_only to 2023-11-26T13:56:34.506463+00:00, run_after=2023-11-26T17:56:34.506463+00:00
[2023-11-26T17:56:34.564+0000] {processor.py:179} INFO - Processing /home/airflow/.local/lib/python3.8/site-packages/airflow/example_dags/example_latest_only.py took 0.235 seconds
[2023-11-26T17:57:04.784+0000] {processor.py:157} INFO - Started process (PID=1179) to work on /home/airflow/.local/lib/python3.8/site-packages/airflow/example_dags/example_latest_only.py
[2023-11-26T17:57:04.786+0000] {processor.py:829} INFO - Processing file /home/airflow/.local/lib/python3.8/site-packages/airflow/example_dags/example_latest_only.py for tasks to queue
[2023-11-26T17:57:04.791+0000] {logging_mixin.py:154} INFO - [2023-11-26T17:57:04.790+0000] {dagbag.py:536} INFO - Filling up the DagBag from /home/airflow/.local/lib/python3.8/site-packages/airflow/example_dags/example_latest_only.py
[2023-11-26T17:57:04.801+0000] {processor.py:839} INFO - DAG(s) dict_keys(['latest_only']) retrieved from /home/airflow/.local/lib/python3.8/site-packages/airflow/example_dags/example_latest_only.py
[2023-11-26T17:57:04.849+0000] {logging_mixin.py:154} INFO - [2023-11-26T17:57:04.849+0000] {dag.py:2941} INFO - Sync 1 DAGs
[2023-11-26T17:57:04.898+0000] {logging_mixin.py:154} INFO - [2023-11-26T17:57:04.897+0000] {dag.py:3722} INFO - Setting next_dagrun for latest_only to 2023-11-26T13:57:04.897434+00:00, run_after=2023-11-26T17:57:04.897434+00:00
[2023-11-26T17:57:04.937+0000] {processor.py:179} INFO - Processing /home/airflow/.local/lib/python3.8/site-packages/airflow/example_dags/example_latest_only.py took 0.160 seconds
[2023-11-26T17:57:44.729+0000] {processor.py:157} INFO - Started process (PID=1231) to work on /home/airflow/.local/lib/python3.8/site-packages/airflow/example_dags/example_latest_only.py
[2023-11-26T17:57:44.734+0000] {processor.py:829} INFO - Processing file /home/airflow/.local/lib/python3.8/site-packages/airflow/example_dags/example_latest_only.py for tasks to queue
[2023-11-26T17:57:44.751+0000] {logging_mixin.py:154} INFO - [2023-11-26T17:57:44.751+0000] {dagbag.py:536} INFO - Filling up the DagBag from /home/airflow/.local/lib/python3.8/site-packages/airflow/example_dags/example_latest_only.py
[2023-11-26T17:57:44.776+0000] {processor.py:839} INFO - DAG(s) dict_keys(['latest_only']) retrieved from /home/airflow/.local/lib/python3.8/site-packages/airflow/example_dags/example_latest_only.py
[2023-11-26T17:57:45.082+0000] {logging_mixin.py:154} INFO - [2023-11-26T17:57:45.069+0000] {dag.py:2941} INFO - Sync 1 DAGs
[2023-11-26T17:57:45.730+0000] {logging_mixin.py:154} INFO - [2023-11-26T17:57:45.729+0000] {dag.py:3722} INFO - Setting next_dagrun for latest_only to 2023-11-26T13:57:45.728844+00:00, run_after=2023-11-26T17:57:45.728844+00:00
[2023-11-26T17:57:45.931+0000] {processor.py:179} INFO - Processing /home/airflow/.local/lib/python3.8/site-packages/airflow/example_dags/example_latest_only.py took 1.209 seconds
[2023-11-26T17:58:16.177+0000] {processor.py:157} INFO - Started process (PID=1285) to work on /home/airflow/.local/lib/python3.8/site-packages/airflow/example_dags/example_latest_only.py
[2023-11-26T17:58:16.210+0000] {processor.py:829} INFO - Processing file /home/airflow/.local/lib/python3.8/site-packages/airflow/example_dags/example_latest_only.py for tasks to queue
[2023-11-26T17:58:16.215+0000] {logging_mixin.py:154} INFO - [2023-11-26T17:58:16.214+0000] {dagbag.py:536} INFO - Filling up the DagBag from /home/airflow/.local/lib/python3.8/site-packages/airflow/example_dags/example_latest_only.py
[2023-11-26T17:58:16.242+0000] {processor.py:839} INFO - DAG(s) dict_keys(['latest_only']) retrieved from /home/airflow/.local/lib/python3.8/site-packages/airflow/example_dags/example_latest_only.py
[2023-11-26T17:58:16.350+0000] {logging_mixin.py:154} INFO - [2023-11-26T17:58:16.350+0000] {dag.py:2941} INFO - Sync 1 DAGs
[2023-11-26T17:58:16.438+0000] {logging_mixin.py:154} INFO - [2023-11-26T17:58:16.438+0000] {dag.py:3722} INFO - Setting next_dagrun for latest_only to 2023-11-26T13:58:16.437688+00:00, run_after=2023-11-26T17:58:16.437688+00:00
[2023-11-26T17:58:16.773+0000] {processor.py:179} INFO - Processing /home/airflow/.local/lib/python3.8/site-packages/airflow/example_dags/example_latest_only.py took 0.609 seconds
[2023-11-26T17:58:48.266+0000] {processor.py:157} INFO - Started process (PID=1339) to work on /home/airflow/.local/lib/python3.8/site-packages/airflow/example_dags/example_latest_only.py
[2023-11-26T17:58:48.269+0000] {processor.py:829} INFO - Processing file /home/airflow/.local/lib/python3.8/site-packages/airflow/example_dags/example_latest_only.py for tasks to queue
[2023-11-26T17:58:48.278+0000] {logging_mixin.py:154} INFO - [2023-11-26T17:58:48.277+0000] {dagbag.py:536} INFO - Filling up the DagBag from /home/airflow/.local/lib/python3.8/site-packages/airflow/example_dags/example_latest_only.py
[2023-11-26T17:58:48.296+0000] {processor.py:839} INFO - DAG(s) dict_keys(['latest_only']) retrieved from /home/airflow/.local/lib/python3.8/site-packages/airflow/example_dags/example_latest_only.py
[2023-11-26T17:58:48.399+0000] {logging_mixin.py:154} INFO - [2023-11-26T17:58:48.399+0000] {dag.py:2941} INFO - Sync 1 DAGs
[2023-11-26T17:58:48.501+0000] {logging_mixin.py:154} INFO - [2023-11-26T17:58:48.501+0000] {dag.py:3722} INFO - Setting next_dagrun for latest_only to 2023-11-26T13:58:48.500728+00:00, run_after=2023-11-26T17:58:48.500728+00:00
[2023-11-26T17:58:48.557+0000] {processor.py:179} INFO - Processing /home/airflow/.local/lib/python3.8/site-packages/airflow/example_dags/example_latest_only.py took 0.301 seconds
[2023-11-26T17:59:19.248+0000] {processor.py:157} INFO - Started process (PID=1393) to work on /home/airflow/.local/lib/python3.8/site-packages/airflow/example_dags/example_latest_only.py
[2023-11-26T17:59:19.251+0000] {processor.py:829} INFO - Processing file /home/airflow/.local/lib/python3.8/site-packages/airflow/example_dags/example_latest_only.py for tasks to queue
[2023-11-26T17:59:19.258+0000] {logging_mixin.py:154} INFO - [2023-11-26T17:59:19.257+0000] {dagbag.py:536} INFO - Filling up the DagBag from /home/airflow/.local/lib/python3.8/site-packages/airflow/example_dags/example_latest_only.py
[2023-11-26T17:59:19.274+0000] {processor.py:839} INFO - DAG(s) dict_keys(['latest_only']) retrieved from /home/airflow/.local/lib/python3.8/site-packages/airflow/example_dags/example_latest_only.py
[2023-11-26T17:59:19.333+0000] {logging_mixin.py:154} INFO - [2023-11-26T17:59:19.332+0000] {dag.py:2941} INFO - Sync 1 DAGs
[2023-11-26T17:59:19.489+0000] {logging_mixin.py:154} INFO - [2023-11-26T17:59:19.489+0000] {dag.py:3722} INFO - Setting next_dagrun for latest_only to 2023-11-26T13:59:19.488940+00:00, run_after=2023-11-26T17:59:19.488940+00:00
[2023-11-26T17:59:19.567+0000] {processor.py:179} INFO - Processing /home/airflow/.local/lib/python3.8/site-packages/airflow/example_dags/example_latest_only.py took 0.330 seconds
[2023-11-26T17:59:51.627+0000] {processor.py:157} INFO - Started process (PID=1447) to work on /home/airflow/.local/lib/python3.8/site-packages/airflow/example_dags/example_latest_only.py
[2023-11-26T17:59:51.630+0000] {processor.py:829} INFO - Processing file /home/airflow/.local/lib/python3.8/site-packages/airflow/example_dags/example_latest_only.py for tasks to queue
[2023-11-26T17:59:51.640+0000] {logging_mixin.py:154} INFO - [2023-11-26T17:59:51.639+0000] {dagbag.py:536} INFO - Filling up the DagBag from /home/airflow/.local/lib/python3.8/site-packages/airflow/example_dags/example_latest_only.py
[2023-11-26T17:59:51.776+0000] {processor.py:839} INFO - DAG(s) dict_keys(['latest_only']) retrieved from /home/airflow/.local/lib/python3.8/site-packages/airflow/example_dags/example_latest_only.py
[2023-11-26T17:59:51.858+0000] {logging_mixin.py:154} INFO - [2023-11-26T17:59:51.857+0000] {dag.py:2941} INFO - Sync 1 DAGs
[2023-11-26T17:59:52.595+0000] {logging_mixin.py:154} INFO - [2023-11-26T17:59:52.595+0000] {dag.py:3722} INFO - Setting next_dagrun for latest_only to 2023-11-26T13:59:52.594772+00:00, run_after=2023-11-26T17:59:52.594772+00:00
[2023-11-26T17:59:52.662+0000] {processor.py:179} INFO - Processing /home/airflow/.local/lib/python3.8/site-packages/airflow/example_dags/example_latest_only.py took 1.090 seconds
[2023-11-26T18:00:23.834+0000] {processor.py:157} INFO - Started process (PID=1500) to work on /home/airflow/.local/lib/python3.8/site-packages/airflow/example_dags/example_latest_only.py
[2023-11-26T18:00:23.838+0000] {processor.py:829} INFO - Processing file /home/airflow/.local/lib/python3.8/site-packages/airflow/example_dags/example_latest_only.py for tasks to queue
[2023-11-26T18:00:23.850+0000] {logging_mixin.py:154} INFO - [2023-11-26T18:00:23.848+0000] {dagbag.py:536} INFO - Filling up the DagBag from /home/airflow/.local/lib/python3.8/site-packages/airflow/example_dags/example_latest_only.py
[2023-11-26T18:00:23.873+0000] {processor.py:839} INFO - DAG(s) dict_keys(['latest_only']) retrieved from /home/airflow/.local/lib/python3.8/site-packages/airflow/example_dags/example_latest_only.py
[2023-11-26T18:00:23.958+0000] {logging_mixin.py:154} INFO - [2023-11-26T18:00:23.957+0000] {dag.py:2941} INFO - Sync 1 DAGs
[2023-11-26T18:00:24.072+0000] {logging_mixin.py:154} INFO - [2023-11-26T18:00:24.071+0000] {dag.py:3722} INFO - Setting next_dagrun for latest_only to 2023-11-26T14:00:24.070949+00:00, run_after=2023-11-26T18:00:24.070949+00:00
[2023-11-26T18:00:24.130+0000] {processor.py:179} INFO - Processing /home/airflow/.local/lib/python3.8/site-packages/airflow/example_dags/example_latest_only.py took 0.308 seconds
[2023-11-26T18:00:54.817+0000] {processor.py:157} INFO - Started process (PID=1554) to work on /home/airflow/.local/lib/python3.8/site-packages/airflow/example_dags/example_latest_only.py
[2023-11-26T18:00:54.831+0000] {processor.py:829} INFO - Processing file /home/airflow/.local/lib/python3.8/site-packages/airflow/example_dags/example_latest_only.py for tasks to queue
[2023-11-26T18:00:54.858+0000] {logging_mixin.py:154} INFO - [2023-11-26T18:00:54.845+0000] {dagbag.py:536} INFO - Filling up the DagBag from /home/airflow/.local/lib/python3.8/site-packages/airflow/example_dags/example_latest_only.py
[2023-11-26T18:00:54.874+0000] {processor.py:839} INFO - DAG(s) dict_keys(['latest_only']) retrieved from /home/airflow/.local/lib/python3.8/site-packages/airflow/example_dags/example_latest_only.py
[2023-11-26T18:00:54.945+0000] {logging_mixin.py:154} INFO - [2023-11-26T18:00:54.944+0000] {dag.py:2941} INFO - Sync 1 DAGs
[2023-11-26T18:00:55.004+0000] {logging_mixin.py:154} INFO - [2023-11-26T18:00:55.003+0000] {dag.py:3722} INFO - Setting next_dagrun for latest_only to 2023-11-26T14:00:55.003073+00:00, run_after=2023-11-26T18:00:55.003073+00:00
[2023-11-26T18:00:55.058+0000] {processor.py:179} INFO - Processing /home/airflow/.local/lib/python3.8/site-packages/airflow/example_dags/example_latest_only.py took 0.260 seconds
[2023-11-26T18:01:25.420+0000] {processor.py:157} INFO - Started process (PID=1606) to work on /home/airflow/.local/lib/python3.8/site-packages/airflow/example_dags/example_latest_only.py
[2023-11-26T18:01:25.423+0000] {processor.py:829} INFO - Processing file /home/airflow/.local/lib/python3.8/site-packages/airflow/example_dags/example_latest_only.py for tasks to queue
[2023-11-26T18:01:25.433+0000] {logging_mixin.py:154} INFO - [2023-11-26T18:01:25.432+0000] {dagbag.py:536} INFO - Filling up the DagBag from /home/airflow/.local/lib/python3.8/site-packages/airflow/example_dags/example_latest_only.py
[2023-11-26T18:01:25.453+0000] {processor.py:839} INFO - DAG(s) dict_keys(['latest_only']) retrieved from /home/airflow/.local/lib/python3.8/site-packages/airflow/example_dags/example_latest_only.py
[2023-11-26T18:01:25.542+0000] {logging_mixin.py:154} INFO - [2023-11-26T18:01:25.538+0000] {dag.py:2941} INFO - Sync 1 DAGs
[2023-11-26T18:01:25.650+0000] {logging_mixin.py:154} INFO - [2023-11-26T18:01:25.649+0000] {dag.py:3722} INFO - Setting next_dagrun for latest_only to 2023-11-26T14:01:25.649389+00:00, run_after=2023-11-26T18:01:25.649389+00:00
[2023-11-26T18:01:25.766+0000] {processor.py:179} INFO - Processing /home/airflow/.local/lib/python3.8/site-packages/airflow/example_dags/example_latest_only.py took 0.358 seconds
[2023-11-26T18:01:56.633+0000] {processor.py:157} INFO - Started process (PID=1659) to work on /home/airflow/.local/lib/python3.8/site-packages/airflow/example_dags/example_latest_only.py
[2023-11-26T18:01:56.637+0000] {processor.py:829} INFO - Processing file /home/airflow/.local/lib/python3.8/site-packages/airflow/example_dags/example_latest_only.py for tasks to queue
[2023-11-26T18:01:56.643+0000] {logging_mixin.py:154} INFO - [2023-11-26T18:01:56.642+0000] {dagbag.py:536} INFO - Filling up the DagBag from /home/airflow/.local/lib/python3.8/site-packages/airflow/example_dags/example_latest_only.py
[2023-11-26T18:01:56.657+0000] {processor.py:839} INFO - DAG(s) dict_keys(['latest_only']) retrieved from /home/airflow/.local/lib/python3.8/site-packages/airflow/example_dags/example_latest_only.py
[2023-11-26T18:01:56.708+0000] {logging_mixin.py:154} INFO - [2023-11-26T18:01:56.708+0000] {dag.py:2941} INFO - Sync 1 DAGs
[2023-11-26T18:01:56.765+0000] {logging_mixin.py:154} INFO - [2023-11-26T18:01:56.765+0000] {dag.py:3722} INFO - Setting next_dagrun for latest_only to 2023-11-26T14:01:56.764433+00:00, run_after=2023-11-26T18:01:56.764433+00:00
[2023-11-26T18:01:56.816+0000] {processor.py:179} INFO - Processing /home/airflow/.local/lib/python3.8/site-packages/airflow/example_dags/example_latest_only.py took 0.190 seconds
[2023-11-26T18:02:31.002+0000] {processor.py:157} INFO - Started process (PID=1713) to work on /home/airflow/.local/lib/python3.8/site-packages/airflow/example_dags/example_latest_only.py
[2023-11-26T18:02:31.045+0000] {processor.py:829} INFO - Processing file /home/airflow/.local/lib/python3.8/site-packages/airflow/example_dags/example_latest_only.py for tasks to queue
[2023-11-26T18:02:31.061+0000] {logging_mixin.py:154} INFO - [2023-11-26T18:02:31.061+0000] {dagbag.py:536} INFO - Filling up the DagBag from /home/airflow/.local/lib/python3.8/site-packages/airflow/example_dags/example_latest_only.py
[2023-11-26T18:02:31.250+0000] {processor.py:839} INFO - DAG(s) dict_keys(['latest_only']) retrieved from /home/airflow/.local/lib/python3.8/site-packages/airflow/example_dags/example_latest_only.py
[2023-11-26T18:02:31.712+0000] {logging_mixin.py:154} INFO - [2023-11-26T18:02:31.712+0000] {dag.py:2941} INFO - Sync 1 DAGs
[2023-11-26T18:02:32.228+0000] {logging_mixin.py:154} INFO - [2023-11-26T18:02:32.228+0000] {dag.py:3722} INFO - Setting next_dagrun for latest_only to 2023-11-26T14:02:32.228075+00:00, run_after=2023-11-26T18:02:32.228075+00:00
[2023-11-26T18:02:32.437+0000] {processor.py:179} INFO - Processing /home/airflow/.local/lib/python3.8/site-packages/airflow/example_dags/example_latest_only.py took 1.453 seconds
[2023-11-26T18:03:03.479+0000] {processor.py:157} INFO - Started process (PID=1767) to work on /home/airflow/.local/lib/python3.8/site-packages/airflow/example_dags/example_latest_only.py
[2023-11-26T18:03:03.482+0000] {processor.py:829} INFO - Processing file /home/airflow/.local/lib/python3.8/site-packages/airflow/example_dags/example_latest_only.py for tasks to queue
[2023-11-26T18:03:03.512+0000] {logging_mixin.py:154} INFO - [2023-11-26T18:03:03.510+0000] {dagbag.py:536} INFO - Filling up the DagBag from /home/airflow/.local/lib/python3.8/site-packages/airflow/example_dags/example_latest_only.py
[2023-11-26T18:03:03.596+0000] {processor.py:839} INFO - DAG(s) dict_keys(['latest_only']) retrieved from /home/airflow/.local/lib/python3.8/site-packages/airflow/example_dags/example_latest_only.py
[2023-11-26T18:03:03.857+0000] {logging_mixin.py:154} INFO - [2023-11-26T18:03:03.857+0000] {dag.py:2941} INFO - Sync 1 DAGs
[2023-11-26T18:03:03.980+0000] {logging_mixin.py:154} INFO - [2023-11-26T18:03:03.979+0000] {dag.py:3722} INFO - Setting next_dagrun for latest_only to 2023-11-26T14:03:03.978866+00:00, run_after=2023-11-26T18:03:03.978866+00:00
[2023-11-26T18:03:04.068+0000] {processor.py:179} INFO - Processing /home/airflow/.local/lib/python3.8/site-packages/airflow/example_dags/example_latest_only.py took 0.599 seconds
