[2023-11-26T17:42:12.723+0000] {processor.py:157} INFO - Started process (PID=58) to work on /home/airflow/.local/lib/python3.8/site-packages/airflow/example_dags/example_sensor_decorator.py
[2023-11-26T17:42:12.728+0000] {processor.py:829} INFO - Processing file /home/airflow/.local/lib/python3.8/site-packages/airflow/example_dags/example_sensor_decorator.py for tasks to queue
[2023-11-26T17:42:12.736+0000] {logging_mixin.py:154} INFO - [2023-11-26T17:42:12.735+0000] {dagbag.py:536} INFO - Filling up the DagBag from /home/airflow/.local/lib/python3.8/site-packages/airflow/example_dags/example_sensor_decorator.py
[2023-11-26T17:42:12.764+0000] {processor.py:839} INFO - DAG(s) dict_keys(['example_sensor_decorator']) retrieved from /home/airflow/.local/lib/python3.8/site-packages/airflow/example_dags/example_sensor_decorator.py
[2023-11-26T17:42:13.008+0000] {logging_mixin.py:154} INFO - [2023-11-26T17:42:13.008+0000] {dag.py:2941} INFO - Sync 1 DAGs
[2023-11-26T17:42:13.073+0000] {logging_mixin.py:154} INFO - [2023-11-26T17:42:13.072+0000] {dag.py:3722} INFO - Setting next_dagrun for example_sensor_decorator to None, run_after=None
[2023-11-26T17:42:13.150+0000] {processor.py:179} INFO - Processing /home/airflow/.local/lib/python3.8/site-packages/airflow/example_dags/example_sensor_decorator.py took 0.440 seconds
[2023-11-26T17:46:10.618+0000] {processor.py:157} INFO - Started process (PID=66) to work on /home/airflow/.local/lib/python3.8/site-packages/airflow/example_dags/example_sensor_decorator.py
[2023-11-26T17:46:10.623+0000] {processor.py:829} INFO - Processing file /home/airflow/.local/lib/python3.8/site-packages/airflow/example_dags/example_sensor_decorator.py for tasks to queue
[2023-11-26T17:46:10.639+0000] {logging_mixin.py:154} INFO - [2023-11-26T17:46:10.638+0000] {dagbag.py:536} INFO - Filling up the DagBag from /home/airflow/.local/lib/python3.8/site-packages/airflow/example_dags/example_sensor_decorator.py
[2023-11-26T17:46:10.666+0000] {processor.py:839} INFO - DAG(s) dict_keys(['example_sensor_decorator']) retrieved from /home/airflow/.local/lib/python3.8/site-packages/airflow/example_dags/example_sensor_decorator.py
[2023-11-26T17:46:10.803+0000] {logging_mixin.py:154} INFO - [2023-11-26T17:46:10.803+0000] {dag.py:2941} INFO - Sync 1 DAGs
[2023-11-26T17:46:10.853+0000] {logging_mixin.py:154} INFO - [2023-11-26T17:46:10.852+0000] {dag.py:3722} INFO - Setting next_dagrun for example_sensor_decorator to None, run_after=None
[2023-11-26T17:46:10.945+0000] {processor.py:179} INFO - Processing /home/airflow/.local/lib/python3.8/site-packages/airflow/example_dags/example_sensor_decorator.py took 0.335 seconds
[2023-11-26T17:46:46.074+0000] {processor.py:157} INFO - Started process (PID=120) to work on /home/airflow/.local/lib/python3.8/site-packages/airflow/example_dags/example_sensor_decorator.py
[2023-11-26T17:46:46.078+0000] {processor.py:829} INFO - Processing file /home/airflow/.local/lib/python3.8/site-packages/airflow/example_dags/example_sensor_decorator.py for tasks to queue
[2023-11-26T17:46:46.087+0000] {logging_mixin.py:154} INFO - [2023-11-26T17:46:46.086+0000] {dagbag.py:536} INFO - Filling up the DagBag from /home/airflow/.local/lib/python3.8/site-packages/airflow/example_dags/example_sensor_decorator.py
[2023-11-26T17:46:46.123+0000] {processor.py:839} INFO - DAG(s) dict_keys(['example_sensor_decorator']) retrieved from /home/airflow/.local/lib/python3.8/site-packages/airflow/example_dags/example_sensor_decorator.py
[2023-11-26T17:46:46.288+0000] {logging_mixin.py:154} INFO - [2023-11-26T17:46:46.287+0000] {dag.py:2941} INFO - Sync 1 DAGs
[2023-11-26T17:46:46.390+0000] {logging_mixin.py:154} INFO - [2023-11-26T17:46:46.389+0000] {dag.py:3722} INFO - Setting next_dagrun for example_sensor_decorator to None, run_after=None
[2023-11-26T17:46:46.464+0000] {processor.py:179} INFO - Processing /home/airflow/.local/lib/python3.8/site-packages/airflow/example_dags/example_sensor_decorator.py took 0.401 seconds
[2023-11-26T17:47:16.613+0000] {processor.py:157} INFO - Started process (PID=173) to work on /home/airflow/.local/lib/python3.8/site-packages/airflow/example_dags/example_sensor_decorator.py
[2023-11-26T17:47:16.616+0000] {processor.py:829} INFO - Processing file /home/airflow/.local/lib/python3.8/site-packages/airflow/example_dags/example_sensor_decorator.py for tasks to queue
[2023-11-26T17:47:16.621+0000] {logging_mixin.py:154} INFO - [2023-11-26T17:47:16.621+0000] {dagbag.py:536} INFO - Filling up the DagBag from /home/airflow/.local/lib/python3.8/site-packages/airflow/example_dags/example_sensor_decorator.py
[2023-11-26T17:47:16.635+0000] {processor.py:839} INFO - DAG(s) dict_keys(['example_sensor_decorator']) retrieved from /home/airflow/.local/lib/python3.8/site-packages/airflow/example_dags/example_sensor_decorator.py
[2023-11-26T17:47:16.688+0000] {logging_mixin.py:154} INFO - [2023-11-26T17:47:16.688+0000] {dag.py:2941} INFO - Sync 1 DAGs
[2023-11-26T17:47:16.722+0000] {logging_mixin.py:154} INFO - [2023-11-26T17:47:16.721+0000] {dag.py:3722} INFO - Setting next_dagrun for example_sensor_decorator to None, run_after=None
[2023-11-26T17:47:16.770+0000] {processor.py:179} INFO - Processing /home/airflow/.local/lib/python3.8/site-packages/airflow/example_dags/example_sensor_decorator.py took 0.165 seconds
[2023-11-26T17:47:47.868+0000] {processor.py:157} INFO - Started process (PID=228) to work on /home/airflow/.local/lib/python3.8/site-packages/airflow/example_dags/example_sensor_decorator.py
[2023-11-26T17:47:47.871+0000] {processor.py:829} INFO - Processing file /home/airflow/.local/lib/python3.8/site-packages/airflow/example_dags/example_sensor_decorator.py for tasks to queue
[2023-11-26T17:47:47.876+0000] {logging_mixin.py:154} INFO - [2023-11-26T17:47:47.875+0000] {dagbag.py:536} INFO - Filling up the DagBag from /home/airflow/.local/lib/python3.8/site-packages/airflow/example_dags/example_sensor_decorator.py
[2023-11-26T17:47:47.888+0000] {processor.py:839} INFO - DAG(s) dict_keys(['example_sensor_decorator']) retrieved from /home/airflow/.local/lib/python3.8/site-packages/airflow/example_dags/example_sensor_decorator.py
[2023-11-26T17:47:47.936+0000] {logging_mixin.py:154} INFO - [2023-11-26T17:47:47.935+0000] {dag.py:2941} INFO - Sync 1 DAGs
[2023-11-26T17:47:47.967+0000] {logging_mixin.py:154} INFO - [2023-11-26T17:47:47.967+0000] {dag.py:3722} INFO - Setting next_dagrun for example_sensor_decorator to None, run_after=None
[2023-11-26T17:47:48.024+0000] {processor.py:179} INFO - Processing /home/airflow/.local/lib/python3.8/site-packages/airflow/example_dags/example_sensor_decorator.py took 0.163 seconds
[2023-11-26T17:48:19.225+0000] {processor.py:157} INFO - Started process (PID=281) to work on /home/airflow/.local/lib/python3.8/site-packages/airflow/example_dags/example_sensor_decorator.py
[2023-11-26T17:48:19.227+0000] {processor.py:829} INFO - Processing file /home/airflow/.local/lib/python3.8/site-packages/airflow/example_dags/example_sensor_decorator.py for tasks to queue
[2023-11-26T17:48:19.232+0000] {logging_mixin.py:154} INFO - [2023-11-26T17:48:19.231+0000] {dagbag.py:536} INFO - Filling up the DagBag from /home/airflow/.local/lib/python3.8/site-packages/airflow/example_dags/example_sensor_decorator.py
[2023-11-26T17:48:19.246+0000] {processor.py:839} INFO - DAG(s) dict_keys(['example_sensor_decorator']) retrieved from /home/airflow/.local/lib/python3.8/site-packages/airflow/example_dags/example_sensor_decorator.py
[2023-11-26T17:48:19.299+0000] {logging_mixin.py:154} INFO - [2023-11-26T17:48:19.299+0000] {dag.py:2941} INFO - Sync 1 DAGs
[2023-11-26T17:48:19.335+0000] {logging_mixin.py:154} INFO - [2023-11-26T17:48:19.335+0000] {dag.py:3722} INFO - Setting next_dagrun for example_sensor_decorator to None, run_after=None
[2023-11-26T17:48:19.383+0000] {processor.py:179} INFO - Processing /home/airflow/.local/lib/python3.8/site-packages/airflow/example_dags/example_sensor_decorator.py took 0.167 seconds
[2023-11-26T17:48:50.642+0000] {processor.py:157} INFO - Started process (PID=333) to work on /home/airflow/.local/lib/python3.8/site-packages/airflow/example_dags/example_sensor_decorator.py
[2023-11-26T17:48:50.645+0000] {processor.py:829} INFO - Processing file /home/airflow/.local/lib/python3.8/site-packages/airflow/example_dags/example_sensor_decorator.py for tasks to queue
[2023-11-26T17:48:50.650+0000] {logging_mixin.py:154} INFO - [2023-11-26T17:48:50.650+0000] {dagbag.py:536} INFO - Filling up the DagBag from /home/airflow/.local/lib/python3.8/site-packages/airflow/example_dags/example_sensor_decorator.py
[2023-11-26T17:48:50.669+0000] {processor.py:839} INFO - DAG(s) dict_keys(['example_sensor_decorator']) retrieved from /home/airflow/.local/lib/python3.8/site-packages/airflow/example_dags/example_sensor_decorator.py
[2023-11-26T17:48:50.855+0000] {logging_mixin.py:154} INFO - [2023-11-26T17:48:50.855+0000] {dag.py:2941} INFO - Sync 1 DAGs
[2023-11-26T17:48:50.993+0000] {logging_mixin.py:154} INFO - [2023-11-26T17:48:50.993+0000] {dag.py:3722} INFO - Setting next_dagrun for example_sensor_decorator to None, run_after=None
[2023-11-26T17:48:51.046+0000] {processor.py:179} INFO - Processing /home/airflow/.local/lib/python3.8/site-packages/airflow/example_dags/example_sensor_decorator.py took 0.415 seconds
[2023-11-26T17:49:22.619+0000] {processor.py:157} INFO - Started process (PID=386) to work on /home/airflow/.local/lib/python3.8/site-packages/airflow/example_dags/example_sensor_decorator.py
[2023-11-26T17:49:22.641+0000] {processor.py:829} INFO - Processing file /home/airflow/.local/lib/python3.8/site-packages/airflow/example_dags/example_sensor_decorator.py for tasks to queue
[2023-11-26T17:49:22.658+0000] {logging_mixin.py:154} INFO - [2023-11-26T17:49:22.657+0000] {dagbag.py:536} INFO - Filling up the DagBag from /home/airflow/.local/lib/python3.8/site-packages/airflow/example_dags/example_sensor_decorator.py
[2023-11-26T17:49:22.703+0000] {processor.py:839} INFO - DAG(s) dict_keys(['example_sensor_decorator']) retrieved from /home/airflow/.local/lib/python3.8/site-packages/airflow/example_dags/example_sensor_decorator.py
[2023-11-26T17:49:22.804+0000] {logging_mixin.py:154} INFO - [2023-11-26T17:49:22.804+0000] {dag.py:2941} INFO - Sync 1 DAGs
[2023-11-26T17:49:22.840+0000] {logging_mixin.py:154} INFO - [2023-11-26T17:49:22.840+0000] {dag.py:3722} INFO - Setting next_dagrun for example_sensor_decorator to None, run_after=None
[2023-11-26T17:49:22.895+0000] {processor.py:179} INFO - Processing /home/airflow/.local/lib/python3.8/site-packages/airflow/example_dags/example_sensor_decorator.py took 0.290 seconds
[2023-11-26T17:49:54.247+0000] {processor.py:157} INFO - Started process (PID=439) to work on /home/airflow/.local/lib/python3.8/site-packages/airflow/example_dags/example_sensor_decorator.py
[2023-11-26T17:49:54.250+0000] {processor.py:829} INFO - Processing file /home/airflow/.local/lib/python3.8/site-packages/airflow/example_dags/example_sensor_decorator.py for tasks to queue
[2023-11-26T17:49:54.257+0000] {logging_mixin.py:154} INFO - [2023-11-26T17:49:54.256+0000] {dagbag.py:536} INFO - Filling up the DagBag from /home/airflow/.local/lib/python3.8/site-packages/airflow/example_dags/example_sensor_decorator.py
[2023-11-26T17:49:54.272+0000] {processor.py:839} INFO - DAG(s) dict_keys(['example_sensor_decorator']) retrieved from /home/airflow/.local/lib/python3.8/site-packages/airflow/example_dags/example_sensor_decorator.py
[2023-11-26T17:49:54.331+0000] {logging_mixin.py:154} INFO - [2023-11-26T17:49:54.330+0000] {dag.py:2941} INFO - Sync 1 DAGs
[2023-11-26T17:49:54.410+0000] {logging_mixin.py:154} INFO - [2023-11-26T17:49:54.410+0000] {dag.py:3722} INFO - Setting next_dagrun for example_sensor_decorator to None, run_after=None
[2023-11-26T17:49:54.471+0000] {processor.py:179} INFO - Processing /home/airflow/.local/lib/python3.8/site-packages/airflow/example_dags/example_sensor_decorator.py took 0.231 seconds
[2023-11-26T17:50:24.958+0000] {processor.py:157} INFO - Started process (PID=492) to work on /home/airflow/.local/lib/python3.8/site-packages/airflow/example_dags/example_sensor_decorator.py
[2023-11-26T17:50:24.967+0000] {processor.py:829} INFO - Processing file /home/airflow/.local/lib/python3.8/site-packages/airflow/example_dags/example_sensor_decorator.py for tasks to queue
[2023-11-26T17:50:24.974+0000] {logging_mixin.py:154} INFO - [2023-11-26T17:50:24.973+0000] {dagbag.py:536} INFO - Filling up the DagBag from /home/airflow/.local/lib/python3.8/site-packages/airflow/example_dags/example_sensor_decorator.py
[2023-11-26T17:50:24.995+0000] {processor.py:839} INFO - DAG(s) dict_keys(['example_sensor_decorator']) retrieved from /home/airflow/.local/lib/python3.8/site-packages/airflow/example_dags/example_sensor_decorator.py
[2023-11-26T17:50:25.058+0000] {logging_mixin.py:154} INFO - [2023-11-26T17:50:25.057+0000] {dag.py:2941} INFO - Sync 1 DAGs
[2023-11-26T17:50:25.114+0000] {logging_mixin.py:154} INFO - [2023-11-26T17:50:25.114+0000] {dag.py:3722} INFO - Setting next_dagrun for example_sensor_decorator to None, run_after=None
[2023-11-26T17:50:25.173+0000] {processor.py:179} INFO - Processing /home/airflow/.local/lib/python3.8/site-packages/airflow/example_dags/example_sensor_decorator.py took 0.224 seconds
[2023-11-26T17:50:56.110+0000] {processor.py:157} INFO - Started process (PID=547) to work on /home/airflow/.local/lib/python3.8/site-packages/airflow/example_dags/example_sensor_decorator.py
[2023-11-26T17:50:56.113+0000] {processor.py:829} INFO - Processing file /home/airflow/.local/lib/python3.8/site-packages/airflow/example_dags/example_sensor_decorator.py for tasks to queue
[2023-11-26T17:50:56.124+0000] {logging_mixin.py:154} INFO - [2023-11-26T17:50:56.123+0000] {dagbag.py:536} INFO - Filling up the DagBag from /home/airflow/.local/lib/python3.8/site-packages/airflow/example_dags/example_sensor_decorator.py
[2023-11-26T17:50:56.165+0000] {processor.py:839} INFO - DAG(s) dict_keys(['example_sensor_decorator']) retrieved from /home/airflow/.local/lib/python3.8/site-packages/airflow/example_dags/example_sensor_decorator.py
[2023-11-26T17:50:56.318+0000] {logging_mixin.py:154} INFO - [2023-11-26T17:50:56.318+0000] {dag.py:2941} INFO - Sync 1 DAGs
[2023-11-26T17:50:56.421+0000] {logging_mixin.py:154} INFO - [2023-11-26T17:50:56.421+0000] {dag.py:3722} INFO - Setting next_dagrun for example_sensor_decorator to None, run_after=None
[2023-11-26T17:50:56.529+0000] {processor.py:179} INFO - Processing /home/airflow/.local/lib/python3.8/site-packages/airflow/example_dags/example_sensor_decorator.py took 0.429 seconds
[2023-11-26T17:51:28.414+0000] {processor.py:157} INFO - Started process (PID=607) to work on /home/airflow/.local/lib/python3.8/site-packages/airflow/example_dags/example_sensor_decorator.py
[2023-11-26T17:51:28.418+0000] {processor.py:829} INFO - Processing file /home/airflow/.local/lib/python3.8/site-packages/airflow/example_dags/example_sensor_decorator.py for tasks to queue
[2023-11-26T17:51:28.441+0000] {logging_mixin.py:154} INFO - [2023-11-26T17:51:28.440+0000] {dagbag.py:536} INFO - Filling up the DagBag from /home/airflow/.local/lib/python3.8/site-packages/airflow/example_dags/example_sensor_decorator.py
[2023-11-26T17:51:28.675+0000] {processor.py:839} INFO - DAG(s) dict_keys(['example_sensor_decorator']) retrieved from /home/airflow/.local/lib/python3.8/site-packages/airflow/example_dags/example_sensor_decorator.py
[2023-11-26T17:51:29.029+0000] {logging_mixin.py:154} INFO - [2023-11-26T17:51:29.029+0000] {dag.py:2941} INFO - Sync 1 DAGs
[2023-11-26T17:51:29.139+0000] {logging_mixin.py:154} INFO - [2023-11-26T17:51:29.138+0000] {dag.py:3722} INFO - Setting next_dagrun for example_sensor_decorator to None, run_after=None
[2023-11-26T17:51:29.443+0000] {processor.py:179} INFO - Processing /home/airflow/.local/lib/python3.8/site-packages/airflow/example_dags/example_sensor_decorator.py took 1.040 seconds
[2023-11-26T17:51:59.826+0000] {processor.py:157} INFO - Started process (PID=661) to work on /home/airflow/.local/lib/python3.8/site-packages/airflow/example_dags/example_sensor_decorator.py
[2023-11-26T17:51:59.829+0000] {processor.py:829} INFO - Processing file /home/airflow/.local/lib/python3.8/site-packages/airflow/example_dags/example_sensor_decorator.py for tasks to queue
[2023-11-26T17:51:59.836+0000] {logging_mixin.py:154} INFO - [2023-11-26T17:51:59.835+0000] {dagbag.py:536} INFO - Filling up the DagBag from /home/airflow/.local/lib/python3.8/site-packages/airflow/example_dags/example_sensor_decorator.py
[2023-11-26T17:51:59.854+0000] {processor.py:839} INFO - DAG(s) dict_keys(['example_sensor_decorator']) retrieved from /home/airflow/.local/lib/python3.8/site-packages/airflow/example_dags/example_sensor_decorator.py
[2023-11-26T17:51:59.910+0000] {logging_mixin.py:154} INFO - [2023-11-26T17:51:59.909+0000] {dag.py:2941} INFO - Sync 1 DAGs
[2023-11-26T17:51:59.951+0000] {logging_mixin.py:154} INFO - [2023-11-26T17:51:59.950+0000] {dag.py:3722} INFO - Setting next_dagrun for example_sensor_decorator to None, run_after=None
[2023-11-26T17:52:00.026+0000] {processor.py:179} INFO - Processing /home/airflow/.local/lib/python3.8/site-packages/airflow/example_dags/example_sensor_decorator.py took 0.207 seconds
[2023-11-26T17:52:30.212+0000] {processor.py:157} INFO - Started process (PID=715) to work on /home/airflow/.local/lib/python3.8/site-packages/airflow/example_dags/example_sensor_decorator.py
[2023-11-26T17:52:30.215+0000] {processor.py:829} INFO - Processing file /home/airflow/.local/lib/python3.8/site-packages/airflow/example_dags/example_sensor_decorator.py for tasks to queue
[2023-11-26T17:52:30.224+0000] {logging_mixin.py:154} INFO - [2023-11-26T17:52:30.222+0000] {dagbag.py:536} INFO - Filling up the DagBag from /home/airflow/.local/lib/python3.8/site-packages/airflow/example_dags/example_sensor_decorator.py
[2023-11-26T17:52:30.239+0000] {processor.py:839} INFO - DAG(s) dict_keys(['example_sensor_decorator']) retrieved from /home/airflow/.local/lib/python3.8/site-packages/airflow/example_dags/example_sensor_decorator.py
[2023-11-26T17:52:30.301+0000] {logging_mixin.py:154} INFO - [2023-11-26T17:52:30.300+0000] {dag.py:2941} INFO - Sync 1 DAGs
[2023-11-26T17:52:30.344+0000] {logging_mixin.py:154} INFO - [2023-11-26T17:52:30.343+0000] {dag.py:3722} INFO - Setting next_dagrun for example_sensor_decorator to None, run_after=None
[2023-11-26T17:52:30.469+0000] {processor.py:179} INFO - Processing /home/airflow/.local/lib/python3.8/site-packages/airflow/example_dags/example_sensor_decorator.py took 0.271 seconds
[2023-11-26T17:53:03.767+0000] {processor.py:157} INFO - Started process (PID=769) to work on /home/airflow/.local/lib/python3.8/site-packages/airflow/example_dags/example_sensor_decorator.py
[2023-11-26T17:53:03.789+0000] {processor.py:829} INFO - Processing file /home/airflow/.local/lib/python3.8/site-packages/airflow/example_dags/example_sensor_decorator.py for tasks to queue
[2023-11-26T17:53:03.795+0000] {logging_mixin.py:154} INFO - [2023-11-26T17:53:03.794+0000] {dagbag.py:536} INFO - Filling up the DagBag from /home/airflow/.local/lib/python3.8/site-packages/airflow/example_dags/example_sensor_decorator.py
[2023-11-26T17:53:03.809+0000] {processor.py:839} INFO - DAG(s) dict_keys(['example_sensor_decorator']) retrieved from /home/airflow/.local/lib/python3.8/site-packages/airflow/example_dags/example_sensor_decorator.py
[2023-11-26T17:53:03.969+0000] {logging_mixin.py:154} INFO - [2023-11-26T17:53:03.968+0000] {dag.py:2941} INFO - Sync 1 DAGs
[2023-11-26T17:53:04.021+0000] {logging_mixin.py:154} INFO - [2023-11-26T17:53:04.020+0000] {dag.py:3722} INFO - Setting next_dagrun for example_sensor_decorator to None, run_after=None
[2023-11-26T17:53:04.152+0000] {processor.py:179} INFO - Processing /home/airflow/.local/lib/python3.8/site-packages/airflow/example_dags/example_sensor_decorator.py took 0.394 seconds
[2023-11-26T17:53:34.554+0000] {processor.py:157} INFO - Started process (PID=823) to work on /home/airflow/.local/lib/python3.8/site-packages/airflow/example_dags/example_sensor_decorator.py
[2023-11-26T17:53:34.557+0000] {processor.py:829} INFO - Processing file /home/airflow/.local/lib/python3.8/site-packages/airflow/example_dags/example_sensor_decorator.py for tasks to queue
[2023-11-26T17:53:34.566+0000] {logging_mixin.py:154} INFO - [2023-11-26T17:53:34.564+0000] {dagbag.py:536} INFO - Filling up the DagBag from /home/airflow/.local/lib/python3.8/site-packages/airflow/example_dags/example_sensor_decorator.py
[2023-11-26T17:53:34.586+0000] {processor.py:839} INFO - DAG(s) dict_keys(['example_sensor_decorator']) retrieved from /home/airflow/.local/lib/python3.8/site-packages/airflow/example_dags/example_sensor_decorator.py
[2023-11-26T17:53:34.652+0000] {logging_mixin.py:154} INFO - [2023-11-26T17:53:34.652+0000] {dag.py:2941} INFO - Sync 1 DAGs
[2023-11-26T17:53:34.718+0000] {logging_mixin.py:154} INFO - [2023-11-26T17:53:34.717+0000] {dag.py:3722} INFO - Setting next_dagrun for example_sensor_decorator to None, run_after=None
[2023-11-26T17:53:34.816+0000] {processor.py:179} INFO - Processing /home/airflow/.local/lib/python3.8/site-packages/airflow/example_dags/example_sensor_decorator.py took 0.283 seconds
[2023-11-26T17:54:05.674+0000] {processor.py:157} INFO - Started process (PID=877) to work on /home/airflow/.local/lib/python3.8/site-packages/airflow/example_dags/example_sensor_decorator.py
[2023-11-26T17:54:05.679+0000] {processor.py:829} INFO - Processing file /home/airflow/.local/lib/python3.8/site-packages/airflow/example_dags/example_sensor_decorator.py for tasks to queue
[2023-11-26T17:54:05.692+0000] {logging_mixin.py:154} INFO - [2023-11-26T17:54:05.692+0000] {dagbag.py:536} INFO - Filling up the DagBag from /home/airflow/.local/lib/python3.8/site-packages/airflow/example_dags/example_sensor_decorator.py
[2023-11-26T17:54:05.729+0000] {processor.py:839} INFO - DAG(s) dict_keys(['example_sensor_decorator']) retrieved from /home/airflow/.local/lib/python3.8/site-packages/airflow/example_dags/example_sensor_decorator.py
[2023-11-26T17:54:05.873+0000] {logging_mixin.py:154} INFO - [2023-11-26T17:54:05.872+0000] {dag.py:2941} INFO - Sync 1 DAGs
[2023-11-26T17:54:05.950+0000] {logging_mixin.py:154} INFO - [2023-11-26T17:54:05.950+0000] {dag.py:3722} INFO - Setting next_dagrun for example_sensor_decorator to None, run_after=None
[2023-11-26T17:54:06.075+0000] {processor.py:179} INFO - Processing /home/airflow/.local/lib/python3.8/site-packages/airflow/example_dags/example_sensor_decorator.py took 0.470 seconds
[2023-11-26T17:54:40.071+0000] {processor.py:157} INFO - Started process (PID=931) to work on /home/airflow/.local/lib/python3.8/site-packages/airflow/example_dags/example_sensor_decorator.py
[2023-11-26T17:54:40.084+0000] {processor.py:829} INFO - Processing file /home/airflow/.local/lib/python3.8/site-packages/airflow/example_dags/example_sensor_decorator.py for tasks to queue
[2023-11-26T17:54:40.111+0000] {logging_mixin.py:154} INFO - [2023-11-26T17:54:40.107+0000] {dagbag.py:536} INFO - Filling up the DagBag from /home/airflow/.local/lib/python3.8/site-packages/airflow/example_dags/example_sensor_decorator.py
[2023-11-26T17:54:40.140+0000] {processor.py:839} INFO - DAG(s) dict_keys(['example_sensor_decorator']) retrieved from /home/airflow/.local/lib/python3.8/site-packages/airflow/example_dags/example_sensor_decorator.py
[2023-11-26T17:54:40.319+0000] {logging_mixin.py:154} INFO - [2023-11-26T17:54:40.318+0000] {dag.py:2941} INFO - Sync 1 DAGs
[2023-11-26T17:54:40.453+0000] {logging_mixin.py:154} INFO - [2023-11-26T17:54:40.452+0000] {dag.py:3722} INFO - Setting next_dagrun for example_sensor_decorator to None, run_after=None
[2023-11-26T17:54:40.688+0000] {processor.py:179} INFO - Processing /home/airflow/.local/lib/python3.8/site-packages/airflow/example_dags/example_sensor_decorator.py took 0.627 seconds
[2023-11-26T17:55:11.035+0000] {processor.py:157} INFO - Started process (PID=986) to work on /home/airflow/.local/lib/python3.8/site-packages/airflow/example_dags/example_sensor_decorator.py
[2023-11-26T17:55:11.039+0000] {processor.py:829} INFO - Processing file /home/airflow/.local/lib/python3.8/site-packages/airflow/example_dags/example_sensor_decorator.py for tasks to queue
[2023-11-26T17:55:11.046+0000] {logging_mixin.py:154} INFO - [2023-11-26T17:55:11.045+0000] {dagbag.py:536} INFO - Filling up the DagBag from /home/airflow/.local/lib/python3.8/site-packages/airflow/example_dags/example_sensor_decorator.py
[2023-11-26T17:55:11.072+0000] {processor.py:839} INFO - DAG(s) dict_keys(['example_sensor_decorator']) retrieved from /home/airflow/.local/lib/python3.8/site-packages/airflow/example_dags/example_sensor_decorator.py
[2023-11-26T17:55:11.141+0000] {logging_mixin.py:154} INFO - [2023-11-26T17:55:11.140+0000] {dag.py:2941} INFO - Sync 1 DAGs
[2023-11-26T17:55:11.181+0000] {logging_mixin.py:154} INFO - [2023-11-26T17:55:11.180+0000] {dag.py:3722} INFO - Setting next_dagrun for example_sensor_decorator to None, run_after=None
[2023-11-26T17:55:11.235+0000] {processor.py:179} INFO - Processing /home/airflow/.local/lib/python3.8/site-packages/airflow/example_dags/example_sensor_decorator.py took 0.218 seconds
[2023-11-26T17:55:41.858+0000] {processor.py:157} INFO - Started process (PID=1040) to work on /home/airflow/.local/lib/python3.8/site-packages/airflow/example_dags/example_sensor_decorator.py
[2023-11-26T17:55:41.860+0000] {processor.py:829} INFO - Processing file /home/airflow/.local/lib/python3.8/site-packages/airflow/example_dags/example_sensor_decorator.py for tasks to queue
[2023-11-26T17:55:41.864+0000] {logging_mixin.py:154} INFO - [2023-11-26T17:55:41.864+0000] {dagbag.py:536} INFO - Filling up the DagBag from /home/airflow/.local/lib/python3.8/site-packages/airflow/example_dags/example_sensor_decorator.py
[2023-11-26T17:55:41.878+0000] {processor.py:839} INFO - DAG(s) dict_keys(['example_sensor_decorator']) retrieved from /home/airflow/.local/lib/python3.8/site-packages/airflow/example_dags/example_sensor_decorator.py
[2023-11-26T17:55:41.917+0000] {logging_mixin.py:154} INFO - [2023-11-26T17:55:41.917+0000] {dag.py:2941} INFO - Sync 1 DAGs
[2023-11-26T17:55:41.947+0000] {logging_mixin.py:154} INFO - [2023-11-26T17:55:41.947+0000] {dag.py:3722} INFO - Setting next_dagrun for example_sensor_decorator to None, run_after=None
[2023-11-26T17:55:41.990+0000] {processor.py:179} INFO - Processing /home/airflow/.local/lib/python3.8/site-packages/airflow/example_dags/example_sensor_decorator.py took 0.140 seconds
[2023-11-26T17:56:12.922+0000] {processor.py:157} INFO - Started process (PID=1094) to work on /home/airflow/.local/lib/python3.8/site-packages/airflow/example_dags/example_sensor_decorator.py
[2023-11-26T17:56:12.932+0000] {processor.py:829} INFO - Processing file /home/airflow/.local/lib/python3.8/site-packages/airflow/example_dags/example_sensor_decorator.py for tasks to queue
[2023-11-26T17:56:12.938+0000] {logging_mixin.py:154} INFO - [2023-11-26T17:56:12.937+0000] {dagbag.py:536} INFO - Filling up the DagBag from /home/airflow/.local/lib/python3.8/site-packages/airflow/example_dags/example_sensor_decorator.py
[2023-11-26T17:56:12.954+0000] {processor.py:839} INFO - DAG(s) dict_keys(['example_sensor_decorator']) retrieved from /home/airflow/.local/lib/python3.8/site-packages/airflow/example_dags/example_sensor_decorator.py
[2023-11-26T17:56:13.008+0000] {logging_mixin.py:154} INFO - [2023-11-26T17:56:13.007+0000] {dag.py:2941} INFO - Sync 1 DAGs
[2023-11-26T17:56:13.046+0000] {logging_mixin.py:154} INFO - [2023-11-26T17:56:13.046+0000] {dag.py:3722} INFO - Setting next_dagrun for example_sensor_decorator to None, run_after=None
[2023-11-26T17:56:13.097+0000] {processor.py:179} INFO - Processing /home/airflow/.local/lib/python3.8/site-packages/airflow/example_dags/example_sensor_decorator.py took 0.184 seconds
[2023-11-26T17:56:44.336+0000] {processor.py:157} INFO - Started process (PID=1146) to work on /home/airflow/.local/lib/python3.8/site-packages/airflow/example_dags/example_sensor_decorator.py
[2023-11-26T17:56:44.339+0000] {processor.py:829} INFO - Processing file /home/airflow/.local/lib/python3.8/site-packages/airflow/example_dags/example_sensor_decorator.py for tasks to queue
[2023-11-26T17:56:44.344+0000] {logging_mixin.py:154} INFO - [2023-11-26T17:56:44.344+0000] {dagbag.py:536} INFO - Filling up the DagBag from /home/airflow/.local/lib/python3.8/site-packages/airflow/example_dags/example_sensor_decorator.py
[2023-11-26T17:56:44.369+0000] {processor.py:839} INFO - DAG(s) dict_keys(['example_sensor_decorator']) retrieved from /home/airflow/.local/lib/python3.8/site-packages/airflow/example_dags/example_sensor_decorator.py
[2023-11-26T17:56:44.455+0000] {logging_mixin.py:154} INFO - [2023-11-26T17:56:44.455+0000] {dag.py:2941} INFO - Sync 1 DAGs
[2023-11-26T17:56:44.537+0000] {logging_mixin.py:154} INFO - [2023-11-26T17:56:44.537+0000] {dag.py:3722} INFO - Setting next_dagrun for example_sensor_decorator to None, run_after=None
[2023-11-26T17:56:45.094+0000] {processor.py:179} INFO - Processing /home/airflow/.local/lib/python3.8/site-packages/airflow/example_dags/example_sensor_decorator.py took 0.768 seconds
[2023-11-26T17:57:15.410+0000] {processor.py:157} INFO - Started process (PID=1201) to work on /home/airflow/.local/lib/python3.8/site-packages/airflow/example_dags/example_sensor_decorator.py
[2023-11-26T17:57:15.412+0000] {processor.py:829} INFO - Processing file /home/airflow/.local/lib/python3.8/site-packages/airflow/example_dags/example_sensor_decorator.py for tasks to queue
[2023-11-26T17:57:15.418+0000] {logging_mixin.py:154} INFO - [2023-11-26T17:57:15.417+0000] {dagbag.py:536} INFO - Filling up the DagBag from /home/airflow/.local/lib/python3.8/site-packages/airflow/example_dags/example_sensor_decorator.py
[2023-11-26T17:57:15.463+0000] {processor.py:839} INFO - DAG(s) dict_keys(['example_sensor_decorator']) retrieved from /home/airflow/.local/lib/python3.8/site-packages/airflow/example_dags/example_sensor_decorator.py
[2023-11-26T17:57:15.524+0000] {logging_mixin.py:154} INFO - [2023-11-26T17:57:15.524+0000] {dag.py:2941} INFO - Sync 1 DAGs
[2023-11-26T17:57:15.592+0000] {logging_mixin.py:154} INFO - [2023-11-26T17:57:15.591+0000] {dag.py:3722} INFO - Setting next_dagrun for example_sensor_decorator to None, run_after=None
[2023-11-26T17:57:15.645+0000] {processor.py:179} INFO - Processing /home/airflow/.local/lib/python3.8/site-packages/airflow/example_dags/example_sensor_decorator.py took 0.245 seconds
[2023-11-26T17:57:59.853+0000] {processor.py:157} INFO - Started process (PID=1254) to work on /home/airflow/.local/lib/python3.8/site-packages/airflow/example_dags/example_sensor_decorator.py
[2023-11-26T17:57:59.859+0000] {processor.py:829} INFO - Processing file /home/airflow/.local/lib/python3.8/site-packages/airflow/example_dags/example_sensor_decorator.py for tasks to queue
[2023-11-26T17:57:59.866+0000] {logging_mixin.py:154} INFO - [2023-11-26T17:57:59.865+0000] {dagbag.py:536} INFO - Filling up the DagBag from /home/airflow/.local/lib/python3.8/site-packages/airflow/example_dags/example_sensor_decorator.py
[2023-11-26T17:57:59.882+0000] {processor.py:839} INFO - DAG(s) dict_keys(['example_sensor_decorator']) retrieved from /home/airflow/.local/lib/python3.8/site-packages/airflow/example_dags/example_sensor_decorator.py
[2023-11-26T17:57:59.954+0000] {logging_mixin.py:154} INFO - [2023-11-26T17:57:59.954+0000] {dag.py:2941} INFO - Sync 1 DAGs
[2023-11-26T17:58:00.028+0000] {logging_mixin.py:154} INFO - [2023-11-26T17:58:00.028+0000] {dag.py:3722} INFO - Setting next_dagrun for example_sensor_decorator to None, run_after=None
[2023-11-26T17:58:00.090+0000] {processor.py:179} INFO - Processing /home/airflow/.local/lib/python3.8/site-packages/airflow/example_dags/example_sensor_decorator.py took 0.246 seconds
[2023-11-26T17:58:30.533+0000] {processor.py:157} INFO - Started process (PID=1308) to work on /home/airflow/.local/lib/python3.8/site-packages/airflow/example_dags/example_sensor_decorator.py
[2023-11-26T17:58:30.535+0000] {processor.py:829} INFO - Processing file /home/airflow/.local/lib/python3.8/site-packages/airflow/example_dags/example_sensor_decorator.py for tasks to queue
[2023-11-26T17:58:30.542+0000] {logging_mixin.py:154} INFO - [2023-11-26T17:58:30.541+0000] {dagbag.py:536} INFO - Filling up the DagBag from /home/airflow/.local/lib/python3.8/site-packages/airflow/example_dags/example_sensor_decorator.py
[2023-11-26T17:58:30.555+0000] {processor.py:839} INFO - DAG(s) dict_keys(['example_sensor_decorator']) retrieved from /home/airflow/.local/lib/python3.8/site-packages/airflow/example_dags/example_sensor_decorator.py
[2023-11-26T17:58:30.601+0000] {logging_mixin.py:154} INFO - [2023-11-26T17:58:30.600+0000] {dag.py:2941} INFO - Sync 1 DAGs
[2023-11-26T17:58:30.634+0000] {logging_mixin.py:154} INFO - [2023-11-26T17:58:30.633+0000] {dag.py:3722} INFO - Setting next_dagrun for example_sensor_decorator to None, run_after=None
[2023-11-26T17:58:30.672+0000] {processor.py:179} INFO - Processing /home/airflow/.local/lib/python3.8/site-packages/airflow/example_dags/example_sensor_decorator.py took 0.148 seconds
[2023-11-26T17:59:01.933+0000] {processor.py:157} INFO - Started process (PID=1362) to work on /home/airflow/.local/lib/python3.8/site-packages/airflow/example_dags/example_sensor_decorator.py
[2023-11-26T17:59:01.935+0000] {processor.py:829} INFO - Processing file /home/airflow/.local/lib/python3.8/site-packages/airflow/example_dags/example_sensor_decorator.py for tasks to queue
[2023-11-26T17:59:01.940+0000] {logging_mixin.py:154} INFO - [2023-11-26T17:59:01.940+0000] {dagbag.py:536} INFO - Filling up the DagBag from /home/airflow/.local/lib/python3.8/site-packages/airflow/example_dags/example_sensor_decorator.py
[2023-11-26T17:59:01.954+0000] {processor.py:839} INFO - DAG(s) dict_keys(['example_sensor_decorator']) retrieved from /home/airflow/.local/lib/python3.8/site-packages/airflow/example_dags/example_sensor_decorator.py
[2023-11-26T17:59:02.001+0000] {logging_mixin.py:154} INFO - [2023-11-26T17:59:02.000+0000] {dag.py:2941} INFO - Sync 1 DAGs
[2023-11-26T17:59:02.381+0000] {logging_mixin.py:154} INFO - [2023-11-26T17:59:02.381+0000] {dag.py:3722} INFO - Setting next_dagrun for example_sensor_decorator to None, run_after=None
[2023-11-26T17:59:02.422+0000] {processor.py:179} INFO - Processing /home/airflow/.local/lib/python3.8/site-packages/airflow/example_dags/example_sensor_decorator.py took 0.497 seconds
[2023-11-26T17:59:32.595+0000] {processor.py:157} INFO - Started process (PID=1416) to work on /home/airflow/.local/lib/python3.8/site-packages/airflow/example_dags/example_sensor_decorator.py
[2023-11-26T17:59:32.599+0000] {processor.py:829} INFO - Processing file /home/airflow/.local/lib/python3.8/site-packages/airflow/example_dags/example_sensor_decorator.py for tasks to queue
[2023-11-26T17:59:32.605+0000] {logging_mixin.py:154} INFO - [2023-11-26T17:59:32.604+0000] {dagbag.py:536} INFO - Filling up the DagBag from /home/airflow/.local/lib/python3.8/site-packages/airflow/example_dags/example_sensor_decorator.py
[2023-11-26T17:59:32.622+0000] {processor.py:839} INFO - DAG(s) dict_keys(['example_sensor_decorator']) retrieved from /home/airflow/.local/lib/python3.8/site-packages/airflow/example_dags/example_sensor_decorator.py
[2023-11-26T17:59:32.687+0000] {logging_mixin.py:154} INFO - [2023-11-26T17:59:32.686+0000] {dag.py:2941} INFO - Sync 1 DAGs
[2023-11-26T17:59:32.745+0000] {logging_mixin.py:154} INFO - [2023-11-26T17:59:32.745+0000] {dag.py:3722} INFO - Setting next_dagrun for example_sensor_decorator to None, run_after=None
[2023-11-26T17:59:33.109+0000] {processor.py:179} INFO - Processing /home/airflow/.local/lib/python3.8/site-packages/airflow/example_dags/example_sensor_decorator.py took 0.522 seconds
[2023-11-26T18:00:08.034+0000] {processor.py:157} INFO - Started process (PID=1470) to work on /home/airflow/.local/lib/python3.8/site-packages/airflow/example_dags/example_sensor_decorator.py
[2023-11-26T18:00:08.043+0000] {processor.py:829} INFO - Processing file /home/airflow/.local/lib/python3.8/site-packages/airflow/example_dags/example_sensor_decorator.py for tasks to queue
[2023-11-26T18:00:08.069+0000] {logging_mixin.py:154} INFO - [2023-11-26T18:00:08.068+0000] {dagbag.py:536} INFO - Filling up the DagBag from /home/airflow/.local/lib/python3.8/site-packages/airflow/example_dags/example_sensor_decorator.py
[2023-11-26T18:00:08.090+0000] {processor.py:839} INFO - DAG(s) dict_keys(['example_sensor_decorator']) retrieved from /home/airflow/.local/lib/python3.8/site-packages/airflow/example_dags/example_sensor_decorator.py
[2023-11-26T18:00:08.197+0000] {logging_mixin.py:154} INFO - [2023-11-26T18:00:08.197+0000] {dag.py:2941} INFO - Sync 1 DAGs
[2023-11-26T18:00:08.294+0000] {logging_mixin.py:154} INFO - [2023-11-26T18:00:08.293+0000] {dag.py:3722} INFO - Setting next_dagrun for example_sensor_decorator to None, run_after=None
[2023-11-26T18:00:08.399+0000] {processor.py:179} INFO - Processing /home/airflow/.local/lib/python3.8/site-packages/airflow/example_dags/example_sensor_decorator.py took 0.372 seconds
[2023-11-26T18:00:39.013+0000] {processor.py:157} INFO - Started process (PID=1523) to work on /home/airflow/.local/lib/python3.8/site-packages/airflow/example_dags/example_sensor_decorator.py
[2023-11-26T18:00:39.017+0000] {processor.py:829} INFO - Processing file /home/airflow/.local/lib/python3.8/site-packages/airflow/example_dags/example_sensor_decorator.py for tasks to queue
[2023-11-26T18:00:39.026+0000] {logging_mixin.py:154} INFO - [2023-11-26T18:00:39.026+0000] {dagbag.py:536} INFO - Filling up the DagBag from /home/airflow/.local/lib/python3.8/site-packages/airflow/example_dags/example_sensor_decorator.py
[2023-11-26T18:00:39.043+0000] {processor.py:839} INFO - DAG(s) dict_keys(['example_sensor_decorator']) retrieved from /home/airflow/.local/lib/python3.8/site-packages/airflow/example_dags/example_sensor_decorator.py
[2023-11-26T18:00:39.108+0000] {logging_mixin.py:154} INFO - [2023-11-26T18:00:39.108+0000] {dag.py:2941} INFO - Sync 1 DAGs
[2023-11-26T18:00:39.151+0000] {logging_mixin.py:154} INFO - [2023-11-26T18:00:39.149+0000] {dag.py:3722} INFO - Setting next_dagrun for example_sensor_decorator to None, run_after=None
[2023-11-26T18:00:39.209+0000] {processor.py:179} INFO - Processing /home/airflow/.local/lib/python3.8/site-packages/airflow/example_dags/example_sensor_decorator.py took 0.212 seconds
[2023-11-26T18:01:10.224+0000] {processor.py:157} INFO - Started process (PID=1577) to work on /home/airflow/.local/lib/python3.8/site-packages/airflow/example_dags/example_sensor_decorator.py
[2023-11-26T18:01:10.227+0000] {processor.py:829} INFO - Processing file /home/airflow/.local/lib/python3.8/site-packages/airflow/example_dags/example_sensor_decorator.py for tasks to queue
[2023-11-26T18:01:10.232+0000] {logging_mixin.py:154} INFO - [2023-11-26T18:01:10.231+0000] {dagbag.py:536} INFO - Filling up the DagBag from /home/airflow/.local/lib/python3.8/site-packages/airflow/example_dags/example_sensor_decorator.py
[2023-11-26T18:01:10.246+0000] {processor.py:839} INFO - DAG(s) dict_keys(['example_sensor_decorator']) retrieved from /home/airflow/.local/lib/python3.8/site-packages/airflow/example_dags/example_sensor_decorator.py
[2023-11-26T18:01:10.294+0000] {logging_mixin.py:154} INFO - [2023-11-26T18:01:10.293+0000] {dag.py:2941} INFO - Sync 1 DAGs
[2023-11-26T18:01:10.326+0000] {logging_mixin.py:154} INFO - [2023-11-26T18:01:10.326+0000] {dag.py:3722} INFO - Setting next_dagrun for example_sensor_decorator to None, run_after=None
[2023-11-26T18:01:10.382+0000] {processor.py:179} INFO - Processing /home/airflow/.local/lib/python3.8/site-packages/airflow/example_dags/example_sensor_decorator.py took 0.169 seconds
[2023-11-26T18:01:40.776+0000] {processor.py:157} INFO - Started process (PID=1631) to work on /home/airflow/.local/lib/python3.8/site-packages/airflow/example_dags/example_sensor_decorator.py
[2023-11-26T18:01:40.778+0000] {processor.py:829} INFO - Processing file /home/airflow/.local/lib/python3.8/site-packages/airflow/example_dags/example_sensor_decorator.py for tasks to queue
[2023-11-26T18:01:40.911+0000] {logging_mixin.py:154} INFO - [2023-11-26T18:01:40.911+0000] {dagbag.py:536} INFO - Filling up the DagBag from /home/airflow/.local/lib/python3.8/site-packages/airflow/example_dags/example_sensor_decorator.py
[2023-11-26T18:01:40.944+0000] {processor.py:839} INFO - DAG(s) dict_keys(['example_sensor_decorator']) retrieved from /home/airflow/.local/lib/python3.8/site-packages/airflow/example_dags/example_sensor_decorator.py
[2023-11-26T18:01:40.998+0000] {logging_mixin.py:154} INFO - [2023-11-26T18:01:40.998+0000] {dag.py:2941} INFO - Sync 1 DAGs
[2023-11-26T18:01:41.031+0000] {logging_mixin.py:154} INFO - [2023-11-26T18:01:41.030+0000] {dag.py:3722} INFO - Setting next_dagrun for example_sensor_decorator to None, run_after=None
[2023-11-26T18:01:41.114+0000] {processor.py:179} INFO - Processing /home/airflow/.local/lib/python3.8/site-packages/airflow/example_dags/example_sensor_decorator.py took 0.345 seconds
[2023-11-26T18:02:11.376+0000] {processor.py:157} INFO - Started process (PID=1684) to work on /home/airflow/.local/lib/python3.8/site-packages/airflow/example_dags/example_sensor_decorator.py
[2023-11-26T18:02:11.379+0000] {processor.py:829} INFO - Processing file /home/airflow/.local/lib/python3.8/site-packages/airflow/example_dags/example_sensor_decorator.py for tasks to queue
[2023-11-26T18:02:11.385+0000] {logging_mixin.py:154} INFO - [2023-11-26T18:02:11.384+0000] {dagbag.py:536} INFO - Filling up the DagBag from /home/airflow/.local/lib/python3.8/site-packages/airflow/example_dags/example_sensor_decorator.py
[2023-11-26T18:02:11.399+0000] {processor.py:839} INFO - DAG(s) dict_keys(['example_sensor_decorator']) retrieved from /home/airflow/.local/lib/python3.8/site-packages/airflow/example_dags/example_sensor_decorator.py
[2023-11-26T18:02:11.447+0000] {logging_mixin.py:154} INFO - [2023-11-26T18:02:11.446+0000] {dag.py:2941} INFO - Sync 1 DAGs
[2023-11-26T18:02:11.481+0000] {logging_mixin.py:154} INFO - [2023-11-26T18:02:11.481+0000] {dag.py:3722} INFO - Setting next_dagrun for example_sensor_decorator to None, run_after=None
[2023-11-26T18:02:11.549+0000] {processor.py:179} INFO - Processing /home/airflow/.local/lib/python3.8/site-packages/airflow/example_dags/example_sensor_decorator.py took 0.181 seconds
[2023-11-26T18:02:42.857+0000] {processor.py:157} INFO - Started process (PID=1738) to work on /home/airflow/.local/lib/python3.8/site-packages/airflow/example_dags/example_sensor_decorator.py
[2023-11-26T18:02:42.860+0000] {processor.py:829} INFO - Processing file /home/airflow/.local/lib/python3.8/site-packages/airflow/example_dags/example_sensor_decorator.py for tasks to queue
[2023-11-26T18:02:42.866+0000] {logging_mixin.py:154} INFO - [2023-11-26T18:02:42.865+0000] {dagbag.py:536} INFO - Filling up the DagBag from /home/airflow/.local/lib/python3.8/site-packages/airflow/example_dags/example_sensor_decorator.py
[2023-11-26T18:02:42.937+0000] {processor.py:839} INFO - DAG(s) dict_keys(['example_sensor_decorator']) retrieved from /home/airflow/.local/lib/python3.8/site-packages/airflow/example_dags/example_sensor_decorator.py
[2023-11-26T18:02:43.047+0000] {logging_mixin.py:154} INFO - [2023-11-26T18:02:43.047+0000] {dag.py:2941} INFO - Sync 1 DAGs
[2023-11-26T18:02:43.108+0000] {logging_mixin.py:154} INFO - [2023-11-26T18:02:43.107+0000] {dag.py:3722} INFO - Setting next_dagrun for example_sensor_decorator to None, run_after=None
[2023-11-26T18:02:43.257+0000] {processor.py:179} INFO - Processing /home/airflow/.local/lib/python3.8/site-packages/airflow/example_dags/example_sensor_decorator.py took 0.412 seconds
[2023-11-26T18:03:13.657+0000] {processor.py:157} INFO - Started process (PID=1792) to work on /home/airflow/.local/lib/python3.8/site-packages/airflow/example_dags/example_sensor_decorator.py
[2023-11-26T18:03:13.659+0000] {processor.py:829} INFO - Processing file /home/airflow/.local/lib/python3.8/site-packages/airflow/example_dags/example_sensor_decorator.py for tasks to queue
[2023-11-26T18:03:13.665+0000] {logging_mixin.py:154} INFO - [2023-11-26T18:03:13.664+0000] {dagbag.py:536} INFO - Filling up the DagBag from /home/airflow/.local/lib/python3.8/site-packages/airflow/example_dags/example_sensor_decorator.py
[2023-11-26T18:03:13.680+0000] {processor.py:839} INFO - DAG(s) dict_keys(['example_sensor_decorator']) retrieved from /home/airflow/.local/lib/python3.8/site-packages/airflow/example_dags/example_sensor_decorator.py
[2023-11-26T18:03:13.737+0000] {logging_mixin.py:154} INFO - [2023-11-26T18:03:13.737+0000] {dag.py:2941} INFO - Sync 1 DAGs
[2023-11-26T18:03:13.810+0000] {logging_mixin.py:154} INFO - [2023-11-26T18:03:13.810+0000] {dag.py:3722} INFO - Setting next_dagrun for example_sensor_decorator to None, run_after=None
[2023-11-26T18:03:13.862+0000] {processor.py:179} INFO - Processing /home/airflow/.local/lib/python3.8/site-packages/airflow/example_dags/example_sensor_decorator.py took 0.213 seconds
