[2023-11-26T17:42:11.789+0000] {processor.py:157} INFO - Started process (PID=55) to work on /home/airflow/.local/lib/python3.8/site-packages/airflow/example_dags/tutorial_taskflow_api.py
[2023-11-26T17:42:11.810+0000] {processor.py:829} INFO - Processing file /home/airflow/.local/lib/python3.8/site-packages/airflow/example_dags/tutorial_taskflow_api.py for tasks to queue
[2023-11-26T17:42:11.824+0000] {logging_mixin.py:154} INFO - [2023-11-26T17:42:11.818+0000] {dagbag.py:536} INFO - Filling up the DagBag from /home/airflow/.local/lib/python3.8/site-packages/airflow/example_dags/tutorial_taskflow_api.py
[2023-11-26T17:42:11.862+0000] {processor.py:839} INFO - DAG(s) dict_keys(['tutorial_taskflow_api']) retrieved from /home/airflow/.local/lib/python3.8/site-packages/airflow/example_dags/tutorial_taskflow_api.py
[2023-11-26T17:42:11.981+0000] {logging_mixin.py:154} INFO - [2023-11-26T17:42:11.980+0000] {dag.py:2941} INFO - Sync 1 DAGs
[2023-11-26T17:42:12.063+0000] {logging_mixin.py:154} INFO - [2023-11-26T17:42:12.063+0000] {dag.py:3722} INFO - Setting next_dagrun for tutorial_taskflow_api to None, run_after=None
[2023-11-26T17:42:12.157+0000] {processor.py:179} INFO - Processing /home/airflow/.local/lib/python3.8/site-packages/airflow/example_dags/tutorial_taskflow_api.py took 0.395 seconds
[2023-11-26T17:46:09.847+0000] {processor.py:157} INFO - Started process (PID=63) to work on /home/airflow/.local/lib/python3.8/site-packages/airflow/example_dags/tutorial_taskflow_api.py
[2023-11-26T17:46:09.853+0000] {processor.py:829} INFO - Processing file /home/airflow/.local/lib/python3.8/site-packages/airflow/example_dags/tutorial_taskflow_api.py for tasks to queue
[2023-11-26T17:46:09.859+0000] {logging_mixin.py:154} INFO - [2023-11-26T17:46:09.858+0000] {dagbag.py:536} INFO - Filling up the DagBag from /home/airflow/.local/lib/python3.8/site-packages/airflow/example_dags/tutorial_taskflow_api.py
[2023-11-26T17:46:09.891+0000] {processor.py:839} INFO - DAG(s) dict_keys(['tutorial_taskflow_api']) retrieved from /home/airflow/.local/lib/python3.8/site-packages/airflow/example_dags/tutorial_taskflow_api.py
[2023-11-26T17:46:10.015+0000] {logging_mixin.py:154} INFO - [2023-11-26T17:46:10.014+0000] {dag.py:2941} INFO - Sync 1 DAGs
[2023-11-26T17:46:10.068+0000] {logging_mixin.py:154} INFO - [2023-11-26T17:46:10.068+0000] {dag.py:3722} INFO - Setting next_dagrun for tutorial_taskflow_api to None, run_after=None
[2023-11-26T17:46:10.136+0000] {processor.py:179} INFO - Processing /home/airflow/.local/lib/python3.8/site-packages/airflow/example_dags/tutorial_taskflow_api.py took 0.302 seconds
[2023-11-26T17:46:45.606+0000] {processor.py:157} INFO - Started process (PID=117) to work on /home/airflow/.local/lib/python3.8/site-packages/airflow/example_dags/tutorial_taskflow_api.py
[2023-11-26T17:46:45.608+0000] {processor.py:829} INFO - Processing file /home/airflow/.local/lib/python3.8/site-packages/airflow/example_dags/tutorial_taskflow_api.py for tasks to queue
[2023-11-26T17:46:45.618+0000] {logging_mixin.py:154} INFO - [2023-11-26T17:46:45.618+0000] {dagbag.py:536} INFO - Filling up the DagBag from /home/airflow/.local/lib/python3.8/site-packages/airflow/example_dags/tutorial_taskflow_api.py
[2023-11-26T17:46:45.641+0000] {processor.py:839} INFO - DAG(s) dict_keys(['tutorial_taskflow_api']) retrieved from /home/airflow/.local/lib/python3.8/site-packages/airflow/example_dags/tutorial_taskflow_api.py
[2023-11-26T17:46:45.695+0000] {logging_mixin.py:154} INFO - [2023-11-26T17:46:45.695+0000] {dag.py:2941} INFO - Sync 1 DAGs
[2023-11-26T17:46:45.735+0000] {logging_mixin.py:154} INFO - [2023-11-26T17:46:45.734+0000] {dag.py:3722} INFO - Setting next_dagrun for tutorial_taskflow_api to None, run_after=None
[2023-11-26T17:46:45.798+0000] {processor.py:179} INFO - Processing /home/airflow/.local/lib/python3.8/site-packages/airflow/example_dags/tutorial_taskflow_api.py took 0.202 seconds
[2023-11-26T17:47:15.908+0000] {processor.py:157} INFO - Started process (PID=170) to work on /home/airflow/.local/lib/python3.8/site-packages/airflow/example_dags/tutorial_taskflow_api.py
[2023-11-26T17:47:15.912+0000] {processor.py:829} INFO - Processing file /home/airflow/.local/lib/python3.8/site-packages/airflow/example_dags/tutorial_taskflow_api.py for tasks to queue
[2023-11-26T17:47:15.920+0000] {logging_mixin.py:154} INFO - [2023-11-26T17:47:15.919+0000] {dagbag.py:536} INFO - Filling up the DagBag from /home/airflow/.local/lib/python3.8/site-packages/airflow/example_dags/tutorial_taskflow_api.py
[2023-11-26T17:47:15.937+0000] {processor.py:839} INFO - DAG(s) dict_keys(['tutorial_taskflow_api']) retrieved from /home/airflow/.local/lib/python3.8/site-packages/airflow/example_dags/tutorial_taskflow_api.py
[2023-11-26T17:47:16.073+0000] {logging_mixin.py:154} INFO - [2023-11-26T17:47:16.072+0000] {dag.py:2941} INFO - Sync 1 DAGs
[2023-11-26T17:47:16.113+0000] {logging_mixin.py:154} INFO - [2023-11-26T17:47:16.112+0000] {dag.py:3722} INFO - Setting next_dagrun for tutorial_taskflow_api to None, run_after=None
[2023-11-26T17:47:16.171+0000] {processor.py:179} INFO - Processing /home/airflow/.local/lib/python3.8/site-packages/airflow/example_dags/tutorial_taskflow_api.py took 0.273 seconds
[2023-11-26T17:47:46.762+0000] {processor.py:157} INFO - Started process (PID=224) to work on /home/airflow/.local/lib/python3.8/site-packages/airflow/example_dags/tutorial_taskflow_api.py
[2023-11-26T17:47:46.765+0000] {processor.py:829} INFO - Processing file /home/airflow/.local/lib/python3.8/site-packages/airflow/example_dags/tutorial_taskflow_api.py for tasks to queue
[2023-11-26T17:47:46.770+0000] {logging_mixin.py:154} INFO - [2023-11-26T17:47:46.769+0000] {dagbag.py:536} INFO - Filling up the DagBag from /home/airflow/.local/lib/python3.8/site-packages/airflow/example_dags/tutorial_taskflow_api.py
[2023-11-26T17:47:46.785+0000] {processor.py:839} INFO - DAG(s) dict_keys(['tutorial_taskflow_api']) retrieved from /home/airflow/.local/lib/python3.8/site-packages/airflow/example_dags/tutorial_taskflow_api.py
[2023-11-26T17:47:46.890+0000] {logging_mixin.py:154} INFO - [2023-11-26T17:47:46.890+0000] {dag.py:2941} INFO - Sync 1 DAGs
[2023-11-26T17:47:47.007+0000] {logging_mixin.py:154} INFO - [2023-11-26T17:47:47.006+0000] {dag.py:3722} INFO - Setting next_dagrun for tutorial_taskflow_api to None, run_after=None
[2023-11-26T17:47:47.085+0000] {processor.py:179} INFO - Processing /home/airflow/.local/lib/python3.8/site-packages/airflow/example_dags/tutorial_taskflow_api.py took 0.332 seconds
[2023-11-26T17:48:18.366+0000] {processor.py:157} INFO - Started process (PID=276) to work on /home/airflow/.local/lib/python3.8/site-packages/airflow/example_dags/tutorial_taskflow_api.py
[2023-11-26T17:48:18.371+0000] {processor.py:829} INFO - Processing file /home/airflow/.local/lib/python3.8/site-packages/airflow/example_dags/tutorial_taskflow_api.py for tasks to queue
[2023-11-26T17:48:18.377+0000] {logging_mixin.py:154} INFO - [2023-11-26T17:48:18.376+0000] {dagbag.py:536} INFO - Filling up the DagBag from /home/airflow/.local/lib/python3.8/site-packages/airflow/example_dags/tutorial_taskflow_api.py
[2023-11-26T17:48:18.402+0000] {processor.py:839} INFO - DAG(s) dict_keys(['tutorial_taskflow_api']) retrieved from /home/airflow/.local/lib/python3.8/site-packages/airflow/example_dags/tutorial_taskflow_api.py
[2023-11-26T17:48:18.566+0000] {logging_mixin.py:154} INFO - [2023-11-26T17:48:18.566+0000] {dag.py:2941} INFO - Sync 1 DAGs
[2023-11-26T17:48:18.610+0000] {logging_mixin.py:154} INFO - [2023-11-26T17:48:18.610+0000] {dag.py:3722} INFO - Setting next_dagrun for tutorial_taskflow_api to None, run_after=None
[2023-11-26T17:48:18.658+0000] {processor.py:179} INFO - Processing /home/airflow/.local/lib/python3.8/site-packages/airflow/example_dags/tutorial_taskflow_api.py took 0.301 seconds
[2023-11-26T17:48:49.651+0000] {processor.py:157} INFO - Started process (PID=330) to work on /home/airflow/.local/lib/python3.8/site-packages/airflow/example_dags/tutorial_taskflow_api.py
[2023-11-26T17:48:49.653+0000] {processor.py:829} INFO - Processing file /home/airflow/.local/lib/python3.8/site-packages/airflow/example_dags/tutorial_taskflow_api.py for tasks to queue
[2023-11-26T17:48:49.661+0000] {logging_mixin.py:154} INFO - [2023-11-26T17:48:49.660+0000] {dagbag.py:536} INFO - Filling up the DagBag from /home/airflow/.local/lib/python3.8/site-packages/airflow/example_dags/tutorial_taskflow_api.py
[2023-11-26T17:48:49.707+0000] {processor.py:839} INFO - DAG(s) dict_keys(['tutorial_taskflow_api']) retrieved from /home/airflow/.local/lib/python3.8/site-packages/airflow/example_dags/tutorial_taskflow_api.py
[2023-11-26T17:48:49.800+0000] {logging_mixin.py:154} INFO - [2023-11-26T17:48:49.800+0000] {dag.py:2941} INFO - Sync 1 DAGs
[2023-11-26T17:48:49.860+0000] {logging_mixin.py:154} INFO - [2023-11-26T17:48:49.859+0000] {dag.py:3722} INFO - Setting next_dagrun for tutorial_taskflow_api to None, run_after=None
[2023-11-26T17:48:49.917+0000] {processor.py:179} INFO - Processing /home/airflow/.local/lib/python3.8/site-packages/airflow/example_dags/tutorial_taskflow_api.py took 0.276 seconds
[2023-11-26T17:49:21.914+0000] {processor.py:157} INFO - Started process (PID=383) to work on /home/airflow/.local/lib/python3.8/site-packages/airflow/example_dags/tutorial_taskflow_api.py
[2023-11-26T17:49:21.918+0000] {processor.py:829} INFO - Processing file /home/airflow/.local/lib/python3.8/site-packages/airflow/example_dags/tutorial_taskflow_api.py for tasks to queue
[2023-11-26T17:49:21.924+0000] {logging_mixin.py:154} INFO - [2023-11-26T17:49:21.924+0000] {dagbag.py:536} INFO - Filling up the DagBag from /home/airflow/.local/lib/python3.8/site-packages/airflow/example_dags/tutorial_taskflow_api.py
[2023-11-26T17:49:21.940+0000] {processor.py:839} INFO - DAG(s) dict_keys(['tutorial_taskflow_api']) retrieved from /home/airflow/.local/lib/python3.8/site-packages/airflow/example_dags/tutorial_taskflow_api.py
[2023-11-26T17:49:21.997+0000] {logging_mixin.py:154} INFO - [2023-11-26T17:49:21.996+0000] {dag.py:2941} INFO - Sync 1 DAGs
[2023-11-26T17:49:22.043+0000] {logging_mixin.py:154} INFO - [2023-11-26T17:49:22.042+0000] {dag.py:3722} INFO - Setting next_dagrun for tutorial_taskflow_api to None, run_after=None
[2023-11-26T17:49:22.121+0000] {processor.py:179} INFO - Processing /home/airflow/.local/lib/python3.8/site-packages/airflow/example_dags/tutorial_taskflow_api.py took 0.216 seconds
[2023-11-26T17:49:53.347+0000] {processor.py:157} INFO - Started process (PID=436) to work on /home/airflow/.local/lib/python3.8/site-packages/airflow/example_dags/tutorial_taskflow_api.py
[2023-11-26T17:49:53.354+0000] {processor.py:829} INFO - Processing file /home/airflow/.local/lib/python3.8/site-packages/airflow/example_dags/tutorial_taskflow_api.py for tasks to queue
[2023-11-26T17:49:53.380+0000] {logging_mixin.py:154} INFO - [2023-11-26T17:49:53.379+0000] {dagbag.py:536} INFO - Filling up the DagBag from /home/airflow/.local/lib/python3.8/site-packages/airflow/example_dags/tutorial_taskflow_api.py
[2023-11-26T17:49:53.406+0000] {processor.py:839} INFO - DAG(s) dict_keys(['tutorial_taskflow_api']) retrieved from /home/airflow/.local/lib/python3.8/site-packages/airflow/example_dags/tutorial_taskflow_api.py
[2023-11-26T17:49:53.490+0000] {logging_mixin.py:154} INFO - [2023-11-26T17:49:53.490+0000] {dag.py:2941} INFO - Sync 1 DAGs
[2023-11-26T17:49:53.645+0000] {logging_mixin.py:154} INFO - [2023-11-26T17:49:53.645+0000] {dag.py:3722} INFO - Setting next_dagrun for tutorial_taskflow_api to None, run_after=None
[2023-11-26T17:49:53.707+0000] {processor.py:179} INFO - Processing /home/airflow/.local/lib/python3.8/site-packages/airflow/example_dags/tutorial_taskflow_api.py took 0.370 seconds
[2023-11-26T17:50:24.330+0000] {processor.py:157} INFO - Started process (PID=490) to work on /home/airflow/.local/lib/python3.8/site-packages/airflow/example_dags/tutorial_taskflow_api.py
[2023-11-26T17:50:24.332+0000] {processor.py:829} INFO - Processing file /home/airflow/.local/lib/python3.8/site-packages/airflow/example_dags/tutorial_taskflow_api.py for tasks to queue
[2023-11-26T17:50:24.341+0000] {logging_mixin.py:154} INFO - [2023-11-26T17:50:24.340+0000] {dagbag.py:536} INFO - Filling up the DagBag from /home/airflow/.local/lib/python3.8/site-packages/airflow/example_dags/tutorial_taskflow_api.py
[2023-11-26T17:50:24.364+0000] {processor.py:839} INFO - DAG(s) dict_keys(['tutorial_taskflow_api']) retrieved from /home/airflow/.local/lib/python3.8/site-packages/airflow/example_dags/tutorial_taskflow_api.py
[2023-11-26T17:50:24.435+0000] {logging_mixin.py:154} INFO - [2023-11-26T17:50:24.435+0000] {dag.py:2941} INFO - Sync 1 DAGs
[2023-11-26T17:50:24.483+0000] {logging_mixin.py:154} INFO - [2023-11-26T17:50:24.483+0000] {dag.py:3722} INFO - Setting next_dagrun for tutorial_taskflow_api to None, run_after=None
[2023-11-26T17:50:24.550+0000] {processor.py:179} INFO - Processing /home/airflow/.local/lib/python3.8/site-packages/airflow/example_dags/tutorial_taskflow_api.py took 0.229 seconds
[2023-11-26T17:50:54.658+0000] {processor.py:157} INFO - Started process (PID=543) to work on /home/airflow/.local/lib/python3.8/site-packages/airflow/example_dags/tutorial_taskflow_api.py
[2023-11-26T17:50:54.666+0000] {processor.py:829} INFO - Processing file /home/airflow/.local/lib/python3.8/site-packages/airflow/example_dags/tutorial_taskflow_api.py for tasks to queue
[2023-11-26T17:50:54.672+0000] {logging_mixin.py:154} INFO - [2023-11-26T17:50:54.672+0000] {dagbag.py:536} INFO - Filling up the DagBag from /home/airflow/.local/lib/python3.8/site-packages/airflow/example_dags/tutorial_taskflow_api.py
[2023-11-26T17:50:54.693+0000] {processor.py:839} INFO - DAG(s) dict_keys(['tutorial_taskflow_api']) retrieved from /home/airflow/.local/lib/python3.8/site-packages/airflow/example_dags/tutorial_taskflow_api.py
[2023-11-26T17:50:54.849+0000] {logging_mixin.py:154} INFO - [2023-11-26T17:50:54.848+0000] {dag.py:2941} INFO - Sync 1 DAGs
[2023-11-26T17:50:54.956+0000] {logging_mixin.py:154} INFO - [2023-11-26T17:50:54.955+0000] {dag.py:3722} INFO - Setting next_dagrun for tutorial_taskflow_api to None, run_after=None
[2023-11-26T17:50:55.062+0000] {processor.py:179} INFO - Processing /home/airflow/.local/lib/python3.8/site-packages/airflow/example_dags/tutorial_taskflow_api.py took 0.413 seconds
[2023-11-26T17:51:25.238+0000] {processor.py:157} INFO - Started process (PID=597) to work on /home/airflow/.local/lib/python3.8/site-packages/airflow/example_dags/tutorial_taskflow_api.py
[2023-11-26T17:51:25.241+0000] {processor.py:829} INFO - Processing file /home/airflow/.local/lib/python3.8/site-packages/airflow/example_dags/tutorial_taskflow_api.py for tasks to queue
[2023-11-26T17:51:25.250+0000] {logging_mixin.py:154} INFO - [2023-11-26T17:51:25.249+0000] {dagbag.py:536} INFO - Filling up the DagBag from /home/airflow/.local/lib/python3.8/site-packages/airflow/example_dags/tutorial_taskflow_api.py
[2023-11-26T17:51:25.271+0000] {processor.py:839} INFO - DAG(s) dict_keys(['tutorial_taskflow_api']) retrieved from /home/airflow/.local/lib/python3.8/site-packages/airflow/example_dags/tutorial_taskflow_api.py
[2023-11-26T17:51:25.389+0000] {logging_mixin.py:154} INFO - [2023-11-26T17:51:25.381+0000] {dag.py:2941} INFO - Sync 1 DAGs
[2023-11-26T17:51:25.465+0000] {logging_mixin.py:154} INFO - [2023-11-26T17:51:25.465+0000] {dag.py:3722} INFO - Setting next_dagrun for tutorial_taskflow_api to None, run_after=None
[2023-11-26T17:51:25.580+0000] {processor.py:179} INFO - Processing /home/airflow/.local/lib/python3.8/site-packages/airflow/example_dags/tutorial_taskflow_api.py took 0.358 seconds
[2023-11-26T17:51:55.732+0000] {processor.py:157} INFO - Started process (PID=650) to work on /home/airflow/.local/lib/python3.8/site-packages/airflow/example_dags/tutorial_taskflow_api.py
[2023-11-26T17:51:55.734+0000] {processor.py:829} INFO - Processing file /home/airflow/.local/lib/python3.8/site-packages/airflow/example_dags/tutorial_taskflow_api.py for tasks to queue
[2023-11-26T17:51:55.743+0000] {logging_mixin.py:154} INFO - [2023-11-26T17:51:55.742+0000] {dagbag.py:536} INFO - Filling up the DagBag from /home/airflow/.local/lib/python3.8/site-packages/airflow/example_dags/tutorial_taskflow_api.py
[2023-11-26T17:51:55.761+0000] {processor.py:839} INFO - DAG(s) dict_keys(['tutorial_taskflow_api']) retrieved from /home/airflow/.local/lib/python3.8/site-packages/airflow/example_dags/tutorial_taskflow_api.py
[2023-11-26T17:51:55.840+0000] {logging_mixin.py:154} INFO - [2023-11-26T17:51:55.840+0000] {dag.py:2941} INFO - Sync 1 DAGs
[2023-11-26T17:51:55.883+0000] {logging_mixin.py:154} INFO - [2023-11-26T17:51:55.882+0000] {dag.py:3722} INFO - Setting next_dagrun for tutorial_taskflow_api to None, run_after=None
[2023-11-26T17:51:55.954+0000] {processor.py:179} INFO - Processing /home/airflow/.local/lib/python3.8/site-packages/airflow/example_dags/tutorial_taskflow_api.py took 0.232 seconds
[2023-11-26T17:52:26.518+0000] {processor.py:157} INFO - Started process (PID=704) to work on /home/airflow/.local/lib/python3.8/site-packages/airflow/example_dags/tutorial_taskflow_api.py
[2023-11-26T17:52:26.525+0000] {processor.py:829} INFO - Processing file /home/airflow/.local/lib/python3.8/site-packages/airflow/example_dags/tutorial_taskflow_api.py for tasks to queue
[2023-11-26T17:52:26.544+0000] {logging_mixin.py:154} INFO - [2023-11-26T17:52:26.543+0000] {dagbag.py:536} INFO - Filling up the DagBag from /home/airflow/.local/lib/python3.8/site-packages/airflow/example_dags/tutorial_taskflow_api.py
[2023-11-26T17:52:26.600+0000] {processor.py:839} INFO - DAG(s) dict_keys(['tutorial_taskflow_api']) retrieved from /home/airflow/.local/lib/python3.8/site-packages/airflow/example_dags/tutorial_taskflow_api.py
[2023-11-26T17:52:26.679+0000] {logging_mixin.py:154} INFO - [2023-11-26T17:52:26.679+0000] {dag.py:2941} INFO - Sync 1 DAGs
[2023-11-26T17:52:26.736+0000] {logging_mixin.py:154} INFO - [2023-11-26T17:52:26.735+0000] {dag.py:3722} INFO - Setting next_dagrun for tutorial_taskflow_api to None, run_after=None
[2023-11-26T17:52:26.809+0000] {processor.py:179} INFO - Processing /home/airflow/.local/lib/python3.8/site-packages/airflow/example_dags/tutorial_taskflow_api.py took 0.308 seconds
[2023-11-26T17:52:57.740+0000] {processor.py:157} INFO - Started process (PID=758) to work on /home/airflow/.local/lib/python3.8/site-packages/airflow/example_dags/tutorial_taskflow_api.py
[2023-11-26T17:52:57.746+0000] {processor.py:829} INFO - Processing file /home/airflow/.local/lib/python3.8/site-packages/airflow/example_dags/tutorial_taskflow_api.py for tasks to queue
[2023-11-26T17:52:57.757+0000] {logging_mixin.py:154} INFO - [2023-11-26T17:52:57.756+0000] {dagbag.py:536} INFO - Filling up the DagBag from /home/airflow/.local/lib/python3.8/site-packages/airflow/example_dags/tutorial_taskflow_api.py
[2023-11-26T17:52:57.910+0000] {processor.py:839} INFO - DAG(s) dict_keys(['tutorial_taskflow_api']) retrieved from /home/airflow/.local/lib/python3.8/site-packages/airflow/example_dags/tutorial_taskflow_api.py
[2023-11-26T17:52:58.194+0000] {logging_mixin.py:154} INFO - [2023-11-26T17:52:58.191+0000] {dag.py:2941} INFO - Sync 1 DAGs
[2023-11-26T17:52:58.394+0000] {logging_mixin.py:154} INFO - [2023-11-26T17:52:58.393+0000] {dag.py:3722} INFO - Setting next_dagrun for tutorial_taskflow_api to None, run_after=None
[2023-11-26T17:52:59.140+0000] {processor.py:179} INFO - Processing /home/airflow/.local/lib/python3.8/site-packages/airflow/example_dags/tutorial_taskflow_api.py took 1.422 seconds
[2023-11-26T17:53:30.452+0000] {processor.py:157} INFO - Started process (PID=812) to work on /home/airflow/.local/lib/python3.8/site-packages/airflow/example_dags/tutorial_taskflow_api.py
[2023-11-26T17:53:30.454+0000] {processor.py:829} INFO - Processing file /home/airflow/.local/lib/python3.8/site-packages/airflow/example_dags/tutorial_taskflow_api.py for tasks to queue
[2023-11-26T17:53:30.468+0000] {logging_mixin.py:154} INFO - [2023-11-26T17:53:30.467+0000] {dagbag.py:536} INFO - Filling up the DagBag from /home/airflow/.local/lib/python3.8/site-packages/airflow/example_dags/tutorial_taskflow_api.py
[2023-11-26T17:53:30.489+0000] {processor.py:839} INFO - DAG(s) dict_keys(['tutorial_taskflow_api']) retrieved from /home/airflow/.local/lib/python3.8/site-packages/airflow/example_dags/tutorial_taskflow_api.py
[2023-11-26T17:53:30.567+0000] {logging_mixin.py:154} INFO - [2023-11-26T17:53:30.566+0000] {dag.py:2941} INFO - Sync 1 DAGs
[2023-11-26T17:53:30.604+0000] {logging_mixin.py:154} INFO - [2023-11-26T17:53:30.604+0000] {dag.py:3722} INFO - Setting next_dagrun for tutorial_taskflow_api to None, run_after=None
[2023-11-26T17:53:30.659+0000] {processor.py:179} INFO - Processing /home/airflow/.local/lib/python3.8/site-packages/airflow/example_dags/tutorial_taskflow_api.py took 0.221 seconds
[2023-11-26T17:54:00.875+0000] {processor.py:157} INFO - Started process (PID=866) to work on /home/airflow/.local/lib/python3.8/site-packages/airflow/example_dags/tutorial_taskflow_api.py
[2023-11-26T17:54:00.880+0000] {processor.py:829} INFO - Processing file /home/airflow/.local/lib/python3.8/site-packages/airflow/example_dags/tutorial_taskflow_api.py for tasks to queue
[2023-11-26T17:54:00.887+0000] {logging_mixin.py:154} INFO - [2023-11-26T17:54:00.885+0000] {dagbag.py:536} INFO - Filling up the DagBag from /home/airflow/.local/lib/python3.8/site-packages/airflow/example_dags/tutorial_taskflow_api.py
[2023-11-26T17:54:00.905+0000] {processor.py:839} INFO - DAG(s) dict_keys(['tutorial_taskflow_api']) retrieved from /home/airflow/.local/lib/python3.8/site-packages/airflow/example_dags/tutorial_taskflow_api.py
[2023-11-26T17:54:00.958+0000] {logging_mixin.py:154} INFO - [2023-11-26T17:54:00.958+0000] {dag.py:2941} INFO - Sync 1 DAGs
[2023-11-26T17:54:00.997+0000] {logging_mixin.py:154} INFO - [2023-11-26T17:54:00.997+0000] {dag.py:3722} INFO - Setting next_dagrun for tutorial_taskflow_api to None, run_after=None
[2023-11-26T17:54:01.057+0000] {processor.py:179} INFO - Processing /home/airflow/.local/lib/python3.8/site-packages/airflow/example_dags/tutorial_taskflow_api.py took 0.189 seconds
[2023-11-26T17:54:38.821+0000] {processor.py:157} INFO - Started process (PID=927) to work on /home/airflow/.local/lib/python3.8/site-packages/airflow/example_dags/tutorial_taskflow_api.py
[2023-11-26T17:54:38.828+0000] {processor.py:829} INFO - Processing file /home/airflow/.local/lib/python3.8/site-packages/airflow/example_dags/tutorial_taskflow_api.py for tasks to queue
[2023-11-26T17:54:38.835+0000] {logging_mixin.py:154} INFO - [2023-11-26T17:54:38.834+0000] {dagbag.py:536} INFO - Filling up the DagBag from /home/airflow/.local/lib/python3.8/site-packages/airflow/example_dags/tutorial_taskflow_api.py
[2023-11-26T17:54:38.858+0000] {processor.py:839} INFO - DAG(s) dict_keys(['tutorial_taskflow_api']) retrieved from /home/airflow/.local/lib/python3.8/site-packages/airflow/example_dags/tutorial_taskflow_api.py
[2023-11-26T17:54:39.054+0000] {logging_mixin.py:154} INFO - [2023-11-26T17:54:39.053+0000] {dag.py:2941} INFO - Sync 1 DAGs
[2023-11-26T17:54:39.116+0000] {logging_mixin.py:154} INFO - [2023-11-26T17:54:39.116+0000] {dag.py:3722} INFO - Setting next_dagrun for tutorial_taskflow_api to None, run_after=None
[2023-11-26T17:54:39.178+0000] {processor.py:179} INFO - Processing /home/airflow/.local/lib/python3.8/site-packages/airflow/example_dags/tutorial_taskflow_api.py took 0.366 seconds
[2023-11-26T17:55:09.708+0000] {processor.py:157} INFO - Started process (PID=982) to work on /home/airflow/.local/lib/python3.8/site-packages/airflow/example_dags/tutorial_taskflow_api.py
[2023-11-26T17:55:09.722+0000] {processor.py:829} INFO - Processing file /home/airflow/.local/lib/python3.8/site-packages/airflow/example_dags/tutorial_taskflow_api.py for tasks to queue
[2023-11-26T17:55:09.731+0000] {logging_mixin.py:154} INFO - [2023-11-26T17:55:09.731+0000] {dagbag.py:536} INFO - Filling up the DagBag from /home/airflow/.local/lib/python3.8/site-packages/airflow/example_dags/tutorial_taskflow_api.py
[2023-11-26T17:55:09.771+0000] {processor.py:839} INFO - DAG(s) dict_keys(['tutorial_taskflow_api']) retrieved from /home/airflow/.local/lib/python3.8/site-packages/airflow/example_dags/tutorial_taskflow_api.py
[2023-11-26T17:55:09.844+0000] {logging_mixin.py:154} INFO - [2023-11-26T17:55:09.843+0000] {dag.py:2941} INFO - Sync 1 DAGs
[2023-11-26T17:55:09.894+0000] {logging_mixin.py:154} INFO - [2023-11-26T17:55:09.893+0000] {dag.py:3722} INFO - Setting next_dagrun for tutorial_taskflow_api to None, run_after=None
[2023-11-26T17:55:09.991+0000] {processor.py:179} INFO - Processing /home/airflow/.local/lib/python3.8/site-packages/airflow/example_dags/tutorial_taskflow_api.py took 0.290 seconds
[2023-11-26T17:55:41.432+0000] {processor.py:157} INFO - Started process (PID=1037) to work on /home/airflow/.local/lib/python3.8/site-packages/airflow/example_dags/tutorial_taskflow_api.py
[2023-11-26T17:55:41.436+0000] {processor.py:829} INFO - Processing file /home/airflow/.local/lib/python3.8/site-packages/airflow/example_dags/tutorial_taskflow_api.py for tasks to queue
[2023-11-26T17:55:41.441+0000] {logging_mixin.py:154} INFO - [2023-11-26T17:55:41.441+0000] {dagbag.py:536} INFO - Filling up the DagBag from /home/airflow/.local/lib/python3.8/site-packages/airflow/example_dags/tutorial_taskflow_api.py
[2023-11-26T17:55:41.455+0000] {processor.py:839} INFO - DAG(s) dict_keys(['tutorial_taskflow_api']) retrieved from /home/airflow/.local/lib/python3.8/site-packages/airflow/example_dags/tutorial_taskflow_api.py
[2023-11-26T17:55:41.508+0000] {logging_mixin.py:154} INFO - [2023-11-26T17:55:41.508+0000] {dag.py:2941} INFO - Sync 1 DAGs
[2023-11-26T17:55:41.547+0000] {logging_mixin.py:154} INFO - [2023-11-26T17:55:41.546+0000] {dag.py:3722} INFO - Setting next_dagrun for tutorial_taskflow_api to None, run_after=None
[2023-11-26T17:55:41.588+0000] {processor.py:179} INFO - Processing /home/airflow/.local/lib/python3.8/site-packages/airflow/example_dags/tutorial_taskflow_api.py took 0.164 seconds
[2023-11-26T17:56:12.332+0000] {processor.py:157} INFO - Started process (PID=1091) to work on /home/airflow/.local/lib/python3.8/site-packages/airflow/example_dags/tutorial_taskflow_api.py
[2023-11-26T17:56:12.336+0000] {processor.py:829} INFO - Processing file /home/airflow/.local/lib/python3.8/site-packages/airflow/example_dags/tutorial_taskflow_api.py for tasks to queue
[2023-11-26T17:56:12.342+0000] {logging_mixin.py:154} INFO - [2023-11-26T17:56:12.341+0000] {dagbag.py:536} INFO - Filling up the DagBag from /home/airflow/.local/lib/python3.8/site-packages/airflow/example_dags/tutorial_taskflow_api.py
[2023-11-26T17:56:12.358+0000] {processor.py:839} INFO - DAG(s) dict_keys(['tutorial_taskflow_api']) retrieved from /home/airflow/.local/lib/python3.8/site-packages/airflow/example_dags/tutorial_taskflow_api.py
[2023-11-26T17:56:12.423+0000] {logging_mixin.py:154} INFO - [2023-11-26T17:56:12.422+0000] {dag.py:2941} INFO - Sync 1 DAGs
[2023-11-26T17:56:12.462+0000] {logging_mixin.py:154} INFO - [2023-11-26T17:56:12.462+0000] {dag.py:3722} INFO - Setting next_dagrun for tutorial_taskflow_api to None, run_after=None
[2023-11-26T17:56:12.528+0000] {processor.py:179} INFO - Processing /home/airflow/.local/lib/python3.8/site-packages/airflow/example_dags/tutorial_taskflow_api.py took 0.203 seconds
[2023-11-26T17:56:43.168+0000] {processor.py:157} INFO - Started process (PID=1143) to work on /home/airflow/.local/lib/python3.8/site-packages/airflow/example_dags/tutorial_taskflow_api.py
[2023-11-26T17:56:43.170+0000] {processor.py:829} INFO - Processing file /home/airflow/.local/lib/python3.8/site-packages/airflow/example_dags/tutorial_taskflow_api.py for tasks to queue
[2023-11-26T17:56:43.180+0000] {logging_mixin.py:154} INFO - [2023-11-26T17:56:43.179+0000] {dagbag.py:536} INFO - Filling up the DagBag from /home/airflow/.local/lib/python3.8/site-packages/airflow/example_dags/tutorial_taskflow_api.py
[2023-11-26T17:56:43.197+0000] {processor.py:839} INFO - DAG(s) dict_keys(['tutorial_taskflow_api']) retrieved from /home/airflow/.local/lib/python3.8/site-packages/airflow/example_dags/tutorial_taskflow_api.py
[2023-11-26T17:56:43.336+0000] {logging_mixin.py:154} INFO - [2023-11-26T17:56:43.336+0000] {dag.py:2941} INFO - Sync 1 DAGs
[2023-11-26T17:56:43.377+0000] {logging_mixin.py:154} INFO - [2023-11-26T17:56:43.377+0000] {dag.py:3722} INFO - Setting next_dagrun for tutorial_taskflow_api to None, run_after=None
[2023-11-26T17:56:43.833+0000] {processor.py:179} INFO - Processing /home/airflow/.local/lib/python3.8/site-packages/airflow/example_dags/tutorial_taskflow_api.py took 0.672 seconds
[2023-11-26T17:57:14.101+0000] {processor.py:157} INFO - Started process (PID=1198) to work on /home/airflow/.local/lib/python3.8/site-packages/airflow/example_dags/tutorial_taskflow_api.py
[2023-11-26T17:57:14.106+0000] {processor.py:829} INFO - Processing file /home/airflow/.local/lib/python3.8/site-packages/airflow/example_dags/tutorial_taskflow_api.py for tasks to queue
[2023-11-26T17:57:14.110+0000] {logging_mixin.py:154} INFO - [2023-11-26T17:57:14.110+0000] {dagbag.py:536} INFO - Filling up the DagBag from /home/airflow/.local/lib/python3.8/site-packages/airflow/example_dags/tutorial_taskflow_api.py
[2023-11-26T17:57:14.133+0000] {processor.py:839} INFO - DAG(s) dict_keys(['tutorial_taskflow_api']) retrieved from /home/airflow/.local/lib/python3.8/site-packages/airflow/example_dags/tutorial_taskflow_api.py
[2023-11-26T17:57:14.202+0000] {logging_mixin.py:154} INFO - [2023-11-26T17:57:14.201+0000] {dag.py:2941} INFO - Sync 1 DAGs
[2023-11-26T17:57:14.236+0000] {logging_mixin.py:154} INFO - [2023-11-26T17:57:14.235+0000] {dag.py:3722} INFO - Setting next_dagrun for tutorial_taskflow_api to None, run_after=None
[2023-11-26T17:57:14.298+0000] {processor.py:179} INFO - Processing /home/airflow/.local/lib/python3.8/site-packages/airflow/example_dags/tutorial_taskflow_api.py took 0.209 seconds
[2023-11-26T17:57:59.083+0000] {processor.py:157} INFO - Started process (PID=1251) to work on /home/airflow/.local/lib/python3.8/site-packages/airflow/example_dags/tutorial_taskflow_api.py
[2023-11-26T17:57:59.106+0000] {processor.py:829} INFO - Processing file /home/airflow/.local/lib/python3.8/site-packages/airflow/example_dags/tutorial_taskflow_api.py for tasks to queue
[2023-11-26T17:57:59.128+0000] {logging_mixin.py:154} INFO - [2023-11-26T17:57:59.127+0000] {dagbag.py:536} INFO - Filling up the DagBag from /home/airflow/.local/lib/python3.8/site-packages/airflow/example_dags/tutorial_taskflow_api.py
[2023-11-26T17:57:59.162+0000] {processor.py:839} INFO - DAG(s) dict_keys(['tutorial_taskflow_api']) retrieved from /home/airflow/.local/lib/python3.8/site-packages/airflow/example_dags/tutorial_taskflow_api.py
[2023-11-26T17:57:59.301+0000] {logging_mixin.py:154} INFO - [2023-11-26T17:57:59.301+0000] {dag.py:2941} INFO - Sync 1 DAGs
[2023-11-26T17:57:59.374+0000] {logging_mixin.py:154} INFO - [2023-11-26T17:57:59.373+0000] {dag.py:3722} INFO - Setting next_dagrun for tutorial_taskflow_api to None, run_after=None
[2023-11-26T17:57:59.461+0000] {processor.py:179} INFO - Processing /home/airflow/.local/lib/python3.8/site-packages/airflow/example_dags/tutorial_taskflow_api.py took 0.457 seconds
[2023-11-26T17:58:30.007+0000] {processor.py:157} INFO - Started process (PID=1305) to work on /home/airflow/.local/lib/python3.8/site-packages/airflow/example_dags/tutorial_taskflow_api.py
[2023-11-26T17:58:30.010+0000] {processor.py:829} INFO - Processing file /home/airflow/.local/lib/python3.8/site-packages/airflow/example_dags/tutorial_taskflow_api.py for tasks to queue
[2023-11-26T17:58:30.016+0000] {logging_mixin.py:154} INFO - [2023-11-26T17:58:30.015+0000] {dagbag.py:536} INFO - Filling up the DagBag from /home/airflow/.local/lib/python3.8/site-packages/airflow/example_dags/tutorial_taskflow_api.py
[2023-11-26T17:58:30.035+0000] {processor.py:839} INFO - DAG(s) dict_keys(['tutorial_taskflow_api']) retrieved from /home/airflow/.local/lib/python3.8/site-packages/airflow/example_dags/tutorial_taskflow_api.py
[2023-11-26T17:58:30.097+0000] {logging_mixin.py:154} INFO - [2023-11-26T17:58:30.097+0000] {dag.py:2941} INFO - Sync 1 DAGs
[2023-11-26T17:58:30.143+0000] {logging_mixin.py:154} INFO - [2023-11-26T17:58:30.141+0000] {dag.py:3722} INFO - Setting next_dagrun for tutorial_taskflow_api to None, run_after=None
[2023-11-26T17:58:30.206+0000] {processor.py:179} INFO - Processing /home/airflow/.local/lib/python3.8/site-packages/airflow/example_dags/tutorial_taskflow_api.py took 0.207 seconds
[2023-11-26T17:59:00.914+0000] {processor.py:157} INFO - Started process (PID=1359) to work on /home/airflow/.local/lib/python3.8/site-packages/airflow/example_dags/tutorial_taskflow_api.py
[2023-11-26T17:59:00.917+0000] {processor.py:829} INFO - Processing file /home/airflow/.local/lib/python3.8/site-packages/airflow/example_dags/tutorial_taskflow_api.py for tasks to queue
[2023-11-26T17:59:00.925+0000] {logging_mixin.py:154} INFO - [2023-11-26T17:59:00.925+0000] {dagbag.py:536} INFO - Filling up the DagBag from /home/airflow/.local/lib/python3.8/site-packages/airflow/example_dags/tutorial_taskflow_api.py
[2023-11-26T17:59:00.949+0000] {processor.py:839} INFO - DAG(s) dict_keys(['tutorial_taskflow_api']) retrieved from /home/airflow/.local/lib/python3.8/site-packages/airflow/example_dags/tutorial_taskflow_api.py
[2023-11-26T17:59:01.081+0000] {logging_mixin.py:154} INFO - [2023-11-26T17:59:01.080+0000] {dag.py:2941} INFO - Sync 1 DAGs
[2023-11-26T17:59:01.394+0000] {logging_mixin.py:154} INFO - [2023-11-26T17:59:01.393+0000] {dag.py:3722} INFO - Setting next_dagrun for tutorial_taskflow_api to None, run_after=None
[2023-11-26T17:59:01.451+0000] {processor.py:179} INFO - Processing /home/airflow/.local/lib/python3.8/site-packages/airflow/example_dags/tutorial_taskflow_api.py took 0.551 seconds
[2023-11-26T17:59:31.947+0000] {processor.py:157} INFO - Started process (PID=1413) to work on /home/airflow/.local/lib/python3.8/site-packages/airflow/example_dags/tutorial_taskflow_api.py
[2023-11-26T17:59:31.953+0000] {processor.py:829} INFO - Processing file /home/airflow/.local/lib/python3.8/site-packages/airflow/example_dags/tutorial_taskflow_api.py for tasks to queue
[2023-11-26T17:59:31.959+0000] {logging_mixin.py:154} INFO - [2023-11-26T17:59:31.958+0000] {dagbag.py:536} INFO - Filling up the DagBag from /home/airflow/.local/lib/python3.8/site-packages/airflow/example_dags/tutorial_taskflow_api.py
[2023-11-26T17:59:31.977+0000] {processor.py:839} INFO - DAG(s) dict_keys(['tutorial_taskflow_api']) retrieved from /home/airflow/.local/lib/python3.8/site-packages/airflow/example_dags/tutorial_taskflow_api.py
[2023-11-26T17:59:32.038+0000] {logging_mixin.py:154} INFO - [2023-11-26T17:59:32.037+0000] {dag.py:2941} INFO - Sync 1 DAGs
[2023-11-26T17:59:32.092+0000] {logging_mixin.py:154} INFO - [2023-11-26T17:59:32.091+0000] {dag.py:3722} INFO - Setting next_dagrun for tutorial_taskflow_api to None, run_after=None
[2023-11-26T17:59:32.137+0000] {processor.py:179} INFO - Processing /home/airflow/.local/lib/python3.8/site-packages/airflow/example_dags/tutorial_taskflow_api.py took 0.199 seconds
[2023-11-26T18:00:06.541+0000] {processor.py:157} INFO - Started process (PID=1467) to work on /home/airflow/.local/lib/python3.8/site-packages/airflow/example_dags/tutorial_taskflow_api.py
[2023-11-26T18:00:06.641+0000] {processor.py:829} INFO - Processing file /home/airflow/.local/lib/python3.8/site-packages/airflow/example_dags/tutorial_taskflow_api.py for tasks to queue
[2023-11-26T18:00:06.648+0000] {logging_mixin.py:154} INFO - [2023-11-26T18:00:06.647+0000] {dagbag.py:536} INFO - Filling up the DagBag from /home/airflow/.local/lib/python3.8/site-packages/airflow/example_dags/tutorial_taskflow_api.py
[2023-11-26T18:00:06.697+0000] {processor.py:839} INFO - DAG(s) dict_keys(['tutorial_taskflow_api']) retrieved from /home/airflow/.local/lib/python3.8/site-packages/airflow/example_dags/tutorial_taskflow_api.py
[2023-11-26T18:00:06.888+0000] {logging_mixin.py:154} INFO - [2023-11-26T18:00:06.888+0000] {dag.py:2941} INFO - Sync 1 DAGs
[2023-11-26T18:00:06.953+0000] {logging_mixin.py:154} INFO - [2023-11-26T18:00:06.952+0000] {dag.py:3722} INFO - Setting next_dagrun for tutorial_taskflow_api to None, run_after=None
[2023-11-26T18:00:07.048+0000] {processor.py:179} INFO - Processing /home/airflow/.local/lib/python3.8/site-packages/airflow/example_dags/tutorial_taskflow_api.py took 0.518 seconds
[2023-11-26T18:00:38.040+0000] {processor.py:157} INFO - Started process (PID=1520) to work on /home/airflow/.local/lib/python3.8/site-packages/airflow/example_dags/tutorial_taskflow_api.py
[2023-11-26T18:00:38.071+0000] {processor.py:829} INFO - Processing file /home/airflow/.local/lib/python3.8/site-packages/airflow/example_dags/tutorial_taskflow_api.py for tasks to queue
[2023-11-26T18:00:38.079+0000] {logging_mixin.py:154} INFO - [2023-11-26T18:00:38.078+0000] {dagbag.py:536} INFO - Filling up the DagBag from /home/airflow/.local/lib/python3.8/site-packages/airflow/example_dags/tutorial_taskflow_api.py
[2023-11-26T18:00:38.139+0000] {processor.py:839} INFO - DAG(s) dict_keys(['tutorial_taskflow_api']) retrieved from /home/airflow/.local/lib/python3.8/site-packages/airflow/example_dags/tutorial_taskflow_api.py
[2023-11-26T18:00:38.383+0000] {logging_mixin.py:154} INFO - [2023-11-26T18:00:38.381+0000] {dag.py:2941} INFO - Sync 1 DAGs
[2023-11-26T18:00:38.480+0000] {logging_mixin.py:154} INFO - [2023-11-26T18:00:38.479+0000] {dag.py:3722} INFO - Setting next_dagrun for tutorial_taskflow_api to None, run_after=None
[2023-11-26T18:00:38.643+0000] {processor.py:179} INFO - Processing /home/airflow/.local/lib/python3.8/site-packages/airflow/example_dags/tutorial_taskflow_api.py took 0.632 seconds
[2023-11-26T18:01:09.497+0000] {processor.py:157} INFO - Started process (PID=1574) to work on /home/airflow/.local/lib/python3.8/site-packages/airflow/example_dags/tutorial_taskflow_api.py
[2023-11-26T18:01:09.499+0000] {processor.py:829} INFO - Processing file /home/airflow/.local/lib/python3.8/site-packages/airflow/example_dags/tutorial_taskflow_api.py for tasks to queue
[2023-11-26T18:01:09.514+0000] {logging_mixin.py:154} INFO - [2023-11-26T18:01:09.513+0000] {dagbag.py:536} INFO - Filling up the DagBag from /home/airflow/.local/lib/python3.8/site-packages/airflow/example_dags/tutorial_taskflow_api.py
[2023-11-26T18:01:09.568+0000] {processor.py:839} INFO - DAG(s) dict_keys(['tutorial_taskflow_api']) retrieved from /home/airflow/.local/lib/python3.8/site-packages/airflow/example_dags/tutorial_taskflow_api.py
[2023-11-26T18:01:09.735+0000] {logging_mixin.py:154} INFO - [2023-11-26T18:01:09.734+0000] {dag.py:2941} INFO - Sync 1 DAGs
[2023-11-26T18:01:09.771+0000] {logging_mixin.py:154} INFO - [2023-11-26T18:01:09.770+0000] {dag.py:3722} INFO - Setting next_dagrun for tutorial_taskflow_api to None, run_after=None
[2023-11-26T18:01:09.817+0000] {processor.py:179} INFO - Processing /home/airflow/.local/lib/python3.8/site-packages/airflow/example_dags/tutorial_taskflow_api.py took 0.351 seconds
[2023-11-26T18:01:40.249+0000] {processor.py:157} INFO - Started process (PID=1628) to work on /home/airflow/.local/lib/python3.8/site-packages/airflow/example_dags/tutorial_taskflow_api.py
[2023-11-26T18:01:40.252+0000] {processor.py:829} INFO - Processing file /home/airflow/.local/lib/python3.8/site-packages/airflow/example_dags/tutorial_taskflow_api.py for tasks to queue
[2023-11-26T18:01:40.257+0000] {logging_mixin.py:154} INFO - [2023-11-26T18:01:40.257+0000] {dagbag.py:536} INFO - Filling up the DagBag from /home/airflow/.local/lib/python3.8/site-packages/airflow/example_dags/tutorial_taskflow_api.py
[2023-11-26T18:01:40.275+0000] {processor.py:839} INFO - DAG(s) dict_keys(['tutorial_taskflow_api']) retrieved from /home/airflow/.local/lib/python3.8/site-packages/airflow/example_dags/tutorial_taskflow_api.py
[2023-11-26T18:01:40.336+0000] {logging_mixin.py:154} INFO - [2023-11-26T18:01:40.336+0000] {dag.py:2941} INFO - Sync 1 DAGs
[2023-11-26T18:01:40.374+0000] {logging_mixin.py:154} INFO - [2023-11-26T18:01:40.373+0000] {dag.py:3722} INFO - Setting next_dagrun for tutorial_taskflow_api to None, run_after=None
[2023-11-26T18:01:40.430+0000] {processor.py:179} INFO - Processing /home/airflow/.local/lib/python3.8/site-packages/airflow/example_dags/tutorial_taskflow_api.py took 0.189 seconds
[2023-11-26T18:02:10.710+0000] {processor.py:157} INFO - Started process (PID=1680) to work on /home/airflow/.local/lib/python3.8/site-packages/airflow/example_dags/tutorial_taskflow_api.py
[2023-11-26T18:02:10.713+0000] {processor.py:829} INFO - Processing file /home/airflow/.local/lib/python3.8/site-packages/airflow/example_dags/tutorial_taskflow_api.py for tasks to queue
[2023-11-26T18:02:10.722+0000] {logging_mixin.py:154} INFO - [2023-11-26T18:02:10.721+0000] {dagbag.py:536} INFO - Filling up the DagBag from /home/airflow/.local/lib/python3.8/site-packages/airflow/example_dags/tutorial_taskflow_api.py
[2023-11-26T18:02:10.744+0000] {processor.py:839} INFO - DAG(s) dict_keys(['tutorial_taskflow_api']) retrieved from /home/airflow/.local/lib/python3.8/site-packages/airflow/example_dags/tutorial_taskflow_api.py
[2023-11-26T18:02:10.800+0000] {logging_mixin.py:154} INFO - [2023-11-26T18:02:10.800+0000] {dag.py:2941} INFO - Sync 1 DAGs
[2023-11-26T18:02:10.827+0000] {logging_mixin.py:154} INFO - [2023-11-26T18:02:10.827+0000] {dag.py:3722} INFO - Setting next_dagrun for tutorial_taskflow_api to None, run_after=None
[2023-11-26T18:02:10.872+0000] {processor.py:179} INFO - Processing /home/airflow/.local/lib/python3.8/site-packages/airflow/example_dags/tutorial_taskflow_api.py took 0.168 seconds
[2023-11-26T18:02:41.629+0000] {processor.py:157} INFO - Started process (PID=1735) to work on /home/airflow/.local/lib/python3.8/site-packages/airflow/example_dags/tutorial_taskflow_api.py
[2023-11-26T18:02:41.646+0000] {processor.py:829} INFO - Processing file /home/airflow/.local/lib/python3.8/site-packages/airflow/example_dags/tutorial_taskflow_api.py for tasks to queue
[2023-11-26T18:02:41.743+0000] {logging_mixin.py:154} INFO - [2023-11-26T18:02:41.742+0000] {dagbag.py:536} INFO - Filling up the DagBag from /home/airflow/.local/lib/python3.8/site-packages/airflow/example_dags/tutorial_taskflow_api.py
[2023-11-26T18:02:41.769+0000] {processor.py:839} INFO - DAG(s) dict_keys(['tutorial_taskflow_api']) retrieved from /home/airflow/.local/lib/python3.8/site-packages/airflow/example_dags/tutorial_taskflow_api.py
[2023-11-26T18:02:42.019+0000] {logging_mixin.py:154} INFO - [2023-11-26T18:02:42.010+0000] {dag.py:2941} INFO - Sync 1 DAGs
[2023-11-26T18:02:42.105+0000] {logging_mixin.py:154} INFO - [2023-11-26T18:02:42.104+0000] {dag.py:3722} INFO - Setting next_dagrun for tutorial_taskflow_api to None, run_after=None
[2023-11-26T18:02:42.228+0000] {processor.py:179} INFO - Processing /home/airflow/.local/lib/python3.8/site-packages/airflow/example_dags/tutorial_taskflow_api.py took 0.610 seconds
[2023-11-26T18:03:12.989+0000] {processor.py:157} INFO - Started process (PID=1789) to work on /home/airflow/.local/lib/python3.8/site-packages/airflow/example_dags/tutorial_taskflow_api.py
[2023-11-26T18:03:12.992+0000] {processor.py:829} INFO - Processing file /home/airflow/.local/lib/python3.8/site-packages/airflow/example_dags/tutorial_taskflow_api.py for tasks to queue
[2023-11-26T18:03:12.998+0000] {logging_mixin.py:154} INFO - [2023-11-26T18:03:12.998+0000] {dagbag.py:536} INFO - Filling up the DagBag from /home/airflow/.local/lib/python3.8/site-packages/airflow/example_dags/tutorial_taskflow_api.py
[2023-11-26T18:03:13.015+0000] {processor.py:839} INFO - DAG(s) dict_keys(['tutorial_taskflow_api']) retrieved from /home/airflow/.local/lib/python3.8/site-packages/airflow/example_dags/tutorial_taskflow_api.py
[2023-11-26T18:03:13.073+0000] {logging_mixin.py:154} INFO - [2023-11-26T18:03:13.072+0000] {dag.py:2941} INFO - Sync 1 DAGs
[2023-11-26T18:03:13.109+0000] {logging_mixin.py:154} INFO - [2023-11-26T18:03:13.109+0000] {dag.py:3722} INFO - Setting next_dagrun for tutorial_taskflow_api to None, run_after=None
[2023-11-26T18:03:13.165+0000] {processor.py:179} INFO - Processing /home/airflow/.local/lib/python3.8/site-packages/airflow/example_dags/tutorial_taskflow_api.py took 0.184 seconds
