[2023-11-26T17:42:45.631+0000] {processor.py:157} INFO - Started process (PID=95) to work on /home/airflow/.local/lib/python3.8/site-packages/airflow/example_dags/tutorial.py
[2023-11-26T17:42:45.647+0000] {processor.py:829} INFO - Processing file /home/airflow/.local/lib/python3.8/site-packages/airflow/example_dags/tutorial.py for tasks to queue
[2023-11-26T17:42:45.725+0000] {logging_mixin.py:154} INFO - [2023-11-26T17:42:45.724+0000] {dagbag.py:536} INFO - Filling up the DagBag from /home/airflow/.local/lib/python3.8/site-packages/airflow/example_dags/tutorial.py
[2023-11-26T17:42:46.507+0000] {processor.py:839} INFO - DAG(s) dict_keys(['tutorial']) retrieved from /home/airflow/.local/lib/python3.8/site-packages/airflow/example_dags/tutorial.py
[2023-11-26T17:42:47.084+0000] {logging_mixin.py:154} INFO - [2023-11-26T17:42:47.082+0000] {dag.py:2941} INFO - Sync 1 DAGs
[2023-11-26T17:42:47.647+0000] {logging_mixin.py:154} INFO - [2023-11-26T17:42:47.646+0000] {dag.py:3722} INFO - Setting next_dagrun for tutorial to 2023-11-25T17:42:47.622053+00:00, run_after=2023-11-26T17:42:47.622053+00:00
[2023-11-26T17:42:48.483+0000] {processor.py:179} INFO - Processing /home/airflow/.local/lib/python3.8/site-packages/airflow/example_dags/tutorial.py took 3.137 seconds
[2023-11-26T17:46:30.390+0000] {processor.py:157} INFO - Started process (PID=97) to work on /home/airflow/.local/lib/python3.8/site-packages/airflow/example_dags/tutorial.py
[2023-11-26T17:46:30.404+0000] {processor.py:829} INFO - Processing file /home/airflow/.local/lib/python3.8/site-packages/airflow/example_dags/tutorial.py for tasks to queue
[2023-11-26T17:46:30.436+0000] {logging_mixin.py:154} INFO - [2023-11-26T17:46:30.435+0000] {dagbag.py:536} INFO - Filling up the DagBag from /home/airflow/.local/lib/python3.8/site-packages/airflow/example_dags/tutorial.py
[2023-11-26T17:46:30.457+0000] {processor.py:839} INFO - DAG(s) dict_keys(['tutorial']) retrieved from /home/airflow/.local/lib/python3.8/site-packages/airflow/example_dags/tutorial.py
[2023-11-26T17:46:30.562+0000] {logging_mixin.py:154} INFO - [2023-11-26T17:46:30.559+0000] {dag.py:2941} INFO - Sync 1 DAGs
[2023-11-26T17:46:30.666+0000] {logging_mixin.py:154} INFO - [2023-11-26T17:46:30.665+0000] {dag.py:3722} INFO - Setting next_dagrun for tutorial to 2023-11-25T17:46:30.665252+00:00, run_after=2023-11-26T17:46:30.665252+00:00
[2023-11-26T17:46:30.744+0000] {processor.py:179} INFO - Processing /home/airflow/.local/lib/python3.8/site-packages/airflow/example_dags/tutorial.py took 0.385 seconds
[2023-11-26T17:47:01.877+0000] {processor.py:157} INFO - Started process (PID=150) to work on /home/airflow/.local/lib/python3.8/site-packages/airflow/example_dags/tutorial.py
[2023-11-26T17:47:01.939+0000] {processor.py:829} INFO - Processing file /home/airflow/.local/lib/python3.8/site-packages/airflow/example_dags/tutorial.py for tasks to queue
[2023-11-26T17:47:01.950+0000] {logging_mixin.py:154} INFO - [2023-11-26T17:47:01.949+0000] {dagbag.py:536} INFO - Filling up the DagBag from /home/airflow/.local/lib/python3.8/site-packages/airflow/example_dags/tutorial.py
[2023-11-26T17:47:01.986+0000] {processor.py:839} INFO - DAG(s) dict_keys(['tutorial']) retrieved from /home/airflow/.local/lib/python3.8/site-packages/airflow/example_dags/tutorial.py
[2023-11-26T17:47:02.239+0000] {logging_mixin.py:154} INFO - [2023-11-26T17:47:02.238+0000] {dag.py:2941} INFO - Sync 1 DAGs
[2023-11-26T17:47:02.426+0000] {logging_mixin.py:154} INFO - [2023-11-26T17:47:02.424+0000] {dag.py:3722} INFO - Setting next_dagrun for tutorial to 2023-11-25T17:47:02.424002+00:00, run_after=2023-11-26T17:47:02.424002+00:00
[2023-11-26T17:47:02.781+0000] {processor.py:179} INFO - Processing /home/airflow/.local/lib/python3.8/site-packages/airflow/example_dags/tutorial.py took 0.966 seconds
[2023-11-26T17:47:33.303+0000] {processor.py:157} INFO - Started process (PID=205) to work on /home/airflow/.local/lib/python3.8/site-packages/airflow/example_dags/tutorial.py
[2023-11-26T17:47:33.306+0000] {processor.py:829} INFO - Processing file /home/airflow/.local/lib/python3.8/site-packages/airflow/example_dags/tutorial.py for tasks to queue
[2023-11-26T17:47:33.314+0000] {logging_mixin.py:154} INFO - [2023-11-26T17:47:33.313+0000] {dagbag.py:536} INFO - Filling up the DagBag from /home/airflow/.local/lib/python3.8/site-packages/airflow/example_dags/tutorial.py
[2023-11-26T17:47:33.328+0000] {processor.py:839} INFO - DAG(s) dict_keys(['tutorial']) retrieved from /home/airflow/.local/lib/python3.8/site-packages/airflow/example_dags/tutorial.py
[2023-11-26T17:47:33.380+0000] {logging_mixin.py:154} INFO - [2023-11-26T17:47:33.380+0000] {dag.py:2941} INFO - Sync 1 DAGs
[2023-11-26T17:47:33.440+0000] {logging_mixin.py:154} INFO - [2023-11-26T17:47:33.440+0000] {dag.py:3722} INFO - Setting next_dagrun for tutorial to 2023-11-25T17:47:33.439750+00:00, run_after=2023-11-26T17:47:33.439750+00:00
[2023-11-26T17:47:33.484+0000] {processor.py:179} INFO - Processing /home/airflow/.local/lib/python3.8/site-packages/airflow/example_dags/tutorial.py took 0.188 seconds
[2023-11-26T17:48:03.892+0000] {processor.py:157} INFO - Started process (PID=258) to work on /home/airflow/.local/lib/python3.8/site-packages/airflow/example_dags/tutorial.py
[2023-11-26T17:48:03.895+0000] {processor.py:829} INFO - Processing file /home/airflow/.local/lib/python3.8/site-packages/airflow/example_dags/tutorial.py for tasks to queue
[2023-11-26T17:48:03.901+0000] {logging_mixin.py:154} INFO - [2023-11-26T17:48:03.901+0000] {dagbag.py:536} INFO - Filling up the DagBag from /home/airflow/.local/lib/python3.8/site-packages/airflow/example_dags/tutorial.py
[2023-11-26T17:48:03.915+0000] {processor.py:839} INFO - DAG(s) dict_keys(['tutorial']) retrieved from /home/airflow/.local/lib/python3.8/site-packages/airflow/example_dags/tutorial.py
[2023-11-26T17:48:03.968+0000] {logging_mixin.py:154} INFO - [2023-11-26T17:48:03.968+0000] {dag.py:2941} INFO - Sync 1 DAGs
[2023-11-26T17:48:04.025+0000] {logging_mixin.py:154} INFO - [2023-11-26T17:48:04.022+0000] {dag.py:3722} INFO - Setting next_dagrun for tutorial to 2023-11-25T17:48:04.022057+00:00, run_after=2023-11-26T17:48:04.022057+00:00
[2023-11-26T17:48:04.074+0000] {processor.py:179} INFO - Processing /home/airflow/.local/lib/python3.8/site-packages/airflow/example_dags/tutorial.py took 0.189 seconds
[2023-11-26T17:48:34.892+0000] {processor.py:157} INFO - Started process (PID=312) to work on /home/airflow/.local/lib/python3.8/site-packages/airflow/example_dags/tutorial.py
[2023-11-26T17:48:34.893+0000] {processor.py:829} INFO - Processing file /home/airflow/.local/lib/python3.8/site-packages/airflow/example_dags/tutorial.py for tasks to queue
[2023-11-26T17:48:34.899+0000] {logging_mixin.py:154} INFO - [2023-11-26T17:48:34.899+0000] {dagbag.py:536} INFO - Filling up the DagBag from /home/airflow/.local/lib/python3.8/site-packages/airflow/example_dags/tutorial.py
[2023-11-26T17:48:34.917+0000] {processor.py:839} INFO - DAG(s) dict_keys(['tutorial']) retrieved from /home/airflow/.local/lib/python3.8/site-packages/airflow/example_dags/tutorial.py
[2023-11-26T17:48:34.966+0000] {logging_mixin.py:154} INFO - [2023-11-26T17:48:34.966+0000] {dag.py:2941} INFO - Sync 1 DAGs
[2023-11-26T17:48:35.029+0000] {logging_mixin.py:154} INFO - [2023-11-26T17:48:35.029+0000] {dag.py:3722} INFO - Setting next_dagrun for tutorial to 2023-11-25T17:48:35.029043+00:00, run_after=2023-11-26T17:48:35.029043+00:00
[2023-11-26T17:48:35.080+0000] {processor.py:179} INFO - Processing /home/airflow/.local/lib/python3.8/site-packages/airflow/example_dags/tutorial.py took 0.196 seconds
[2023-11-26T17:49:05.475+0000] {processor.py:157} INFO - Started process (PID=365) to work on /home/airflow/.local/lib/python3.8/site-packages/airflow/example_dags/tutorial.py
[2023-11-26T17:49:05.478+0000] {processor.py:829} INFO - Processing file /home/airflow/.local/lib/python3.8/site-packages/airflow/example_dags/tutorial.py for tasks to queue
[2023-11-26T17:49:05.485+0000] {logging_mixin.py:154} INFO - [2023-11-26T17:49:05.484+0000] {dagbag.py:536} INFO - Filling up the DagBag from /home/airflow/.local/lib/python3.8/site-packages/airflow/example_dags/tutorial.py
[2023-11-26T17:49:05.502+0000] {processor.py:839} INFO - DAG(s) dict_keys(['tutorial']) retrieved from /home/airflow/.local/lib/python3.8/site-packages/airflow/example_dags/tutorial.py
[2023-11-26T17:49:05.549+0000] {logging_mixin.py:154} INFO - [2023-11-26T17:49:05.549+0000] {dag.py:2941} INFO - Sync 1 DAGs
[2023-11-26T17:49:05.612+0000] {logging_mixin.py:154} INFO - [2023-11-26T17:49:05.611+0000] {dag.py:3722} INFO - Setting next_dagrun for tutorial to 2023-11-25T17:49:05.611290+00:00, run_after=2023-11-26T17:49:05.611290+00:00
[2023-11-26T17:49:05.663+0000] {processor.py:179} INFO - Processing /home/airflow/.local/lib/python3.8/site-packages/airflow/example_dags/tutorial.py took 0.194 seconds
[2023-11-26T17:49:36.175+0000] {processor.py:157} INFO - Started process (PID=418) to work on /home/airflow/.local/lib/python3.8/site-packages/airflow/example_dags/tutorial.py
[2023-11-26T17:49:36.178+0000] {processor.py:829} INFO - Processing file /home/airflow/.local/lib/python3.8/site-packages/airflow/example_dags/tutorial.py for tasks to queue
[2023-11-26T17:49:36.184+0000] {logging_mixin.py:154} INFO - [2023-11-26T17:49:36.183+0000] {dagbag.py:536} INFO - Filling up the DagBag from /home/airflow/.local/lib/python3.8/site-packages/airflow/example_dags/tutorial.py
[2023-11-26T17:49:36.201+0000] {processor.py:839} INFO - DAG(s) dict_keys(['tutorial']) retrieved from /home/airflow/.local/lib/python3.8/site-packages/airflow/example_dags/tutorial.py
[2023-11-26T17:49:36.297+0000] {logging_mixin.py:154} INFO - [2023-11-26T17:49:36.297+0000] {dag.py:2941} INFO - Sync 1 DAGs
[2023-11-26T17:49:36.434+0000] {logging_mixin.py:154} INFO - [2023-11-26T17:49:36.433+0000] {dag.py:3722} INFO - Setting next_dagrun for tutorial to 2023-11-25T17:49:36.432855+00:00, run_after=2023-11-26T17:49:36.432855+00:00
[2023-11-26T17:49:36.506+0000] {processor.py:179} INFO - Processing /home/airflow/.local/lib/python3.8/site-packages/airflow/example_dags/tutorial.py took 0.340 seconds
[2023-11-26T17:50:07.709+0000] {processor.py:157} INFO - Started process (PID=472) to work on /home/airflow/.local/lib/python3.8/site-packages/airflow/example_dags/tutorial.py
[2023-11-26T17:50:07.725+0000] {processor.py:829} INFO - Processing file /home/airflow/.local/lib/python3.8/site-packages/airflow/example_dags/tutorial.py for tasks to queue
[2023-11-26T17:50:07.736+0000] {logging_mixin.py:154} INFO - [2023-11-26T17:50:07.736+0000] {dagbag.py:536} INFO - Filling up the DagBag from /home/airflow/.local/lib/python3.8/site-packages/airflow/example_dags/tutorial.py
[2023-11-26T17:50:07.776+0000] {processor.py:839} INFO - DAG(s) dict_keys(['tutorial']) retrieved from /home/airflow/.local/lib/python3.8/site-packages/airflow/example_dags/tutorial.py
[2023-11-26T17:50:07.902+0000] {logging_mixin.py:154} INFO - [2023-11-26T17:50:07.902+0000] {dag.py:2941} INFO - Sync 1 DAGs
[2023-11-26T17:50:08.148+0000] {logging_mixin.py:154} INFO - [2023-11-26T17:50:08.147+0000] {dag.py:3722} INFO - Setting next_dagrun for tutorial to 2023-11-25T17:50:08.147132+00:00, run_after=2023-11-26T17:50:08.147132+00:00
[2023-11-26T17:50:08.217+0000] {processor.py:179} INFO - Processing /home/airflow/.local/lib/python3.8/site-packages/airflow/example_dags/tutorial.py took 0.638 seconds
[2023-11-26T17:50:39.191+0000] {processor.py:157} INFO - Started process (PID=526) to work on /home/airflow/.local/lib/python3.8/site-packages/airflow/example_dags/tutorial.py
[2023-11-26T17:50:39.196+0000] {processor.py:829} INFO - Processing file /home/airflow/.local/lib/python3.8/site-packages/airflow/example_dags/tutorial.py for tasks to queue
[2023-11-26T17:50:39.204+0000] {logging_mixin.py:154} INFO - [2023-11-26T17:50:39.203+0000] {dagbag.py:536} INFO - Filling up the DagBag from /home/airflow/.local/lib/python3.8/site-packages/airflow/example_dags/tutorial.py
[2023-11-26T17:50:39.231+0000] {processor.py:839} INFO - DAG(s) dict_keys(['tutorial']) retrieved from /home/airflow/.local/lib/python3.8/site-packages/airflow/example_dags/tutorial.py
[2023-11-26T17:50:39.332+0000] {logging_mixin.py:154} INFO - [2023-11-26T17:50:39.323+0000] {dag.py:2941} INFO - Sync 1 DAGs
[2023-11-26T17:50:39.418+0000] {logging_mixin.py:154} INFO - [2023-11-26T17:50:39.417+0000] {dag.py:3722} INFO - Setting next_dagrun for tutorial to 2023-11-25T17:50:39.416748+00:00, run_after=2023-11-26T17:50:39.416748+00:00
[2023-11-26T17:50:39.484+0000] {processor.py:179} INFO - Processing /home/airflow/.local/lib/python3.8/site-packages/airflow/example_dags/tutorial.py took 0.300 seconds
[2023-11-26T17:51:09.958+0000] {processor.py:157} INFO - Started process (PID=580) to work on /home/airflow/.local/lib/python3.8/site-packages/airflow/example_dags/tutorial.py
[2023-11-26T17:51:09.960+0000] {processor.py:829} INFO - Processing file /home/airflow/.local/lib/python3.8/site-packages/airflow/example_dags/tutorial.py for tasks to queue
[2023-11-26T17:51:09.967+0000] {logging_mixin.py:154} INFO - [2023-11-26T17:51:09.966+0000] {dagbag.py:536} INFO - Filling up the DagBag from /home/airflow/.local/lib/python3.8/site-packages/airflow/example_dags/tutorial.py
[2023-11-26T17:51:09.981+0000] {processor.py:839} INFO - DAG(s) dict_keys(['tutorial']) retrieved from /home/airflow/.local/lib/python3.8/site-packages/airflow/example_dags/tutorial.py
[2023-11-26T17:51:10.035+0000] {logging_mixin.py:154} INFO - [2023-11-26T17:51:10.034+0000] {dag.py:2941} INFO - Sync 1 DAGs
[2023-11-26T17:51:10.101+0000] {logging_mixin.py:154} INFO - [2023-11-26T17:51:10.101+0000] {dag.py:3722} INFO - Setting next_dagrun for tutorial to 2023-11-25T17:51:10.100554+00:00, run_after=2023-11-26T17:51:10.100554+00:00
[2023-11-26T17:51:10.157+0000] {processor.py:179} INFO - Processing /home/airflow/.local/lib/python3.8/site-packages/airflow/example_dags/tutorial.py took 0.207 seconds
[2023-11-26T17:51:45.788+0000] {processor.py:157} INFO - Started process (PID=633) to work on /home/airflow/.local/lib/python3.8/site-packages/airflow/example_dags/tutorial.py
[2023-11-26T17:51:45.791+0000] {processor.py:829} INFO - Processing file /home/airflow/.local/lib/python3.8/site-packages/airflow/example_dags/tutorial.py for tasks to queue
[2023-11-26T17:51:45.804+0000] {logging_mixin.py:154} INFO - [2023-11-26T17:51:45.804+0000] {dagbag.py:536} INFO - Filling up the DagBag from /home/airflow/.local/lib/python3.8/site-packages/airflow/example_dags/tutorial.py
[2023-11-26T17:51:45.823+0000] {processor.py:839} INFO - DAG(s) dict_keys(['tutorial']) retrieved from /home/airflow/.local/lib/python3.8/site-packages/airflow/example_dags/tutorial.py
[2023-11-26T17:51:45.919+0000] {logging_mixin.py:154} INFO - [2023-11-26T17:51:45.919+0000] {dag.py:2941} INFO - Sync 1 DAGs
[2023-11-26T17:51:46.019+0000] {logging_mixin.py:154} INFO - [2023-11-26T17:51:46.019+0000] {dag.py:3722} INFO - Setting next_dagrun for tutorial to 2023-11-25T17:51:46.018249+00:00, run_after=2023-11-26T17:51:46.018249+00:00
[2023-11-26T17:51:46.119+0000] {processor.py:179} INFO - Processing /home/airflow/.local/lib/python3.8/site-packages/airflow/example_dags/tutorial.py took 0.348 seconds
[2023-11-26T17:52:18.032+0000] {processor.py:157} INFO - Started process (PID=687) to work on /home/airflow/.local/lib/python3.8/site-packages/airflow/example_dags/tutorial.py
[2023-11-26T17:52:18.037+0000] {processor.py:829} INFO - Processing file /home/airflow/.local/lib/python3.8/site-packages/airflow/example_dags/tutorial.py for tasks to queue
[2023-11-26T17:52:18.050+0000] {logging_mixin.py:154} INFO - [2023-11-26T17:52:18.050+0000] {dagbag.py:536} INFO - Filling up the DagBag from /home/airflow/.local/lib/python3.8/site-packages/airflow/example_dags/tutorial.py
[2023-11-26T17:52:18.083+0000] {processor.py:839} INFO - DAG(s) dict_keys(['tutorial']) retrieved from /home/airflow/.local/lib/python3.8/site-packages/airflow/example_dags/tutorial.py
[2023-11-26T17:52:18.248+0000] {logging_mixin.py:154} INFO - [2023-11-26T17:52:18.248+0000] {dag.py:2941} INFO - Sync 1 DAGs
[2023-11-26T17:52:18.486+0000] {logging_mixin.py:154} INFO - [2023-11-26T17:52:18.485+0000] {dag.py:3722} INFO - Setting next_dagrun for tutorial to 2023-11-25T17:52:18.485159+00:00, run_after=2023-11-26T17:52:18.485159+00:00
[2023-11-26T17:52:18.614+0000] {processor.py:179} INFO - Processing /home/airflow/.local/lib/python3.8/site-packages/airflow/example_dags/tutorial.py took 0.594 seconds
[2023-11-26T17:52:49.006+0000] {processor.py:157} INFO - Started process (PID=739) to work on /home/airflow/.local/lib/python3.8/site-packages/airflow/example_dags/tutorial.py
[2023-11-26T17:52:49.012+0000] {processor.py:829} INFO - Processing file /home/airflow/.local/lib/python3.8/site-packages/airflow/example_dags/tutorial.py for tasks to queue
[2023-11-26T17:52:49.021+0000] {logging_mixin.py:154} INFO - [2023-11-26T17:52:49.019+0000] {dagbag.py:536} INFO - Filling up the DagBag from /home/airflow/.local/lib/python3.8/site-packages/airflow/example_dags/tutorial.py
[2023-11-26T17:52:49.047+0000] {processor.py:839} INFO - DAG(s) dict_keys(['tutorial']) retrieved from /home/airflow/.local/lib/python3.8/site-packages/airflow/example_dags/tutorial.py
[2023-11-26T17:52:49.163+0000] {logging_mixin.py:154} INFO - [2023-11-26T17:52:49.162+0000] {dag.py:2941} INFO - Sync 1 DAGs
[2023-11-26T17:52:49.383+0000] {logging_mixin.py:154} INFO - [2023-11-26T17:52:49.383+0000] {dag.py:3722} INFO - Setting next_dagrun for tutorial to 2023-11-25T17:52:49.382558+00:00, run_after=2023-11-26T17:52:49.382558+00:00
[2023-11-26T17:52:49.468+0000] {processor.py:179} INFO - Processing /home/airflow/.local/lib/python3.8/site-packages/airflow/example_dags/tutorial.py took 0.471 seconds
[2023-11-26T17:53:20.300+0000] {processor.py:157} INFO - Started process (PID=793) to work on /home/airflow/.local/lib/python3.8/site-packages/airflow/example_dags/tutorial.py
[2023-11-26T17:53:20.303+0000] {processor.py:829} INFO - Processing file /home/airflow/.local/lib/python3.8/site-packages/airflow/example_dags/tutorial.py for tasks to queue
[2023-11-26T17:53:20.310+0000] {logging_mixin.py:154} INFO - [2023-11-26T17:53:20.310+0000] {dagbag.py:536} INFO - Filling up the DagBag from /home/airflow/.local/lib/python3.8/site-packages/airflow/example_dags/tutorial.py
[2023-11-26T17:53:20.327+0000] {processor.py:839} INFO - DAG(s) dict_keys(['tutorial']) retrieved from /home/airflow/.local/lib/python3.8/site-packages/airflow/example_dags/tutorial.py
[2023-11-26T17:53:20.384+0000] {logging_mixin.py:154} INFO - [2023-11-26T17:53:20.384+0000] {dag.py:2941} INFO - Sync 1 DAGs
[2023-11-26T17:53:20.497+0000] {logging_mixin.py:154} INFO - [2023-11-26T17:53:20.496+0000] {dag.py:3722} INFO - Setting next_dagrun for tutorial to 2023-11-25T17:53:20.495057+00:00, run_after=2023-11-26T17:53:20.495057+00:00
[2023-11-26T17:53:20.575+0000] {processor.py:179} INFO - Processing /home/airflow/.local/lib/python3.8/site-packages/airflow/example_dags/tutorial.py took 0.284 seconds
[2023-11-26T17:53:50.755+0000] {processor.py:157} INFO - Started process (PID=846) to work on /home/airflow/.local/lib/python3.8/site-packages/airflow/example_dags/tutorial.py
[2023-11-26T17:53:50.758+0000] {processor.py:829} INFO - Processing file /home/airflow/.local/lib/python3.8/site-packages/airflow/example_dags/tutorial.py for tasks to queue
[2023-11-26T17:53:50.763+0000] {logging_mixin.py:154} INFO - [2023-11-26T17:53:50.762+0000] {dagbag.py:536} INFO - Filling up the DagBag from /home/airflow/.local/lib/python3.8/site-packages/airflow/example_dags/tutorial.py
[2023-11-26T17:53:50.780+0000] {processor.py:839} INFO - DAG(s) dict_keys(['tutorial']) retrieved from /home/airflow/.local/lib/python3.8/site-packages/airflow/example_dags/tutorial.py
[2023-11-26T17:53:50.836+0000] {logging_mixin.py:154} INFO - [2023-11-26T17:53:50.835+0000] {dag.py:2941} INFO - Sync 1 DAGs
[2023-11-26T17:53:50.895+0000] {logging_mixin.py:154} INFO - [2023-11-26T17:53:50.895+0000] {dag.py:3722} INFO - Setting next_dagrun for tutorial to 2023-11-25T17:53:50.894416+00:00, run_after=2023-11-26T17:53:50.894416+00:00
[2023-11-26T17:53:50.945+0000] {processor.py:179} INFO - Processing /home/airflow/.local/lib/python3.8/site-packages/airflow/example_dags/tutorial.py took 0.200 seconds
[2023-11-26T17:54:21.081+0000] {processor.py:157} INFO - Started process (PID=899) to work on /home/airflow/.local/lib/python3.8/site-packages/airflow/example_dags/tutorial.py
[2023-11-26T17:54:21.096+0000] {processor.py:829} INFO - Processing file /home/airflow/.local/lib/python3.8/site-packages/airflow/example_dags/tutorial.py for tasks to queue
[2023-11-26T17:54:21.113+0000] {logging_mixin.py:154} INFO - [2023-11-26T17:54:21.112+0000] {dagbag.py:536} INFO - Filling up the DagBag from /home/airflow/.local/lib/python3.8/site-packages/airflow/example_dags/tutorial.py
[2023-11-26T17:54:21.133+0000] {processor.py:839} INFO - DAG(s) dict_keys(['tutorial']) retrieved from /home/airflow/.local/lib/python3.8/site-packages/airflow/example_dags/tutorial.py
[2023-11-26T17:54:21.590+0000] {logging_mixin.py:154} INFO - [2023-11-26T17:54:21.590+0000] {dag.py:2941} INFO - Sync 1 DAGs
[2023-11-26T17:54:21.863+0000] {logging_mixin.py:154} INFO - [2023-11-26T17:54:21.860+0000] {dag.py:3722} INFO - Setting next_dagrun for tutorial to 2023-11-25T17:54:21.859255+00:00, run_after=2023-11-26T17:54:21.859255+00:00
[2023-11-26T17:54:22.042+0000] {processor.py:179} INFO - Processing /home/airflow/.local/lib/python3.8/site-packages/airflow/example_dags/tutorial.py took 0.975 seconds
[2023-11-26T17:54:52.976+0000] {processor.py:157} INFO - Started process (PID=953) to work on /home/airflow/.local/lib/python3.8/site-packages/airflow/example_dags/tutorial.py
[2023-11-26T17:54:52.979+0000] {processor.py:829} INFO - Processing file /home/airflow/.local/lib/python3.8/site-packages/airflow/example_dags/tutorial.py for tasks to queue
[2023-11-26T17:54:53.068+0000] {logging_mixin.py:154} INFO - [2023-11-26T17:54:53.068+0000] {dagbag.py:536} INFO - Filling up the DagBag from /home/airflow/.local/lib/python3.8/site-packages/airflow/example_dags/tutorial.py
[2023-11-26T17:54:53.248+0000] {processor.py:839} INFO - DAG(s) dict_keys(['tutorial']) retrieved from /home/airflow/.local/lib/python3.8/site-packages/airflow/example_dags/tutorial.py
[2023-11-26T17:54:53.400+0000] {logging_mixin.py:154} INFO - [2023-11-26T17:54:53.400+0000] {dag.py:2941} INFO - Sync 1 DAGs
[2023-11-26T17:54:53.641+0000] {logging_mixin.py:154} INFO - [2023-11-26T17:54:53.639+0000] {dag.py:3722} INFO - Setting next_dagrun for tutorial to 2023-11-25T17:54:53.636986+00:00, run_after=2023-11-26T17:54:53.636986+00:00
[2023-11-26T17:54:53.824+0000] {processor.py:179} INFO - Processing /home/airflow/.local/lib/python3.8/site-packages/airflow/example_dags/tutorial.py took 0.857 seconds
[2023-11-26T17:55:23.983+0000] {processor.py:157} INFO - Started process (PID=1007) to work on /home/airflow/.local/lib/python3.8/site-packages/airflow/example_dags/tutorial.py
[2023-11-26T17:55:23.985+0000] {processor.py:829} INFO - Processing file /home/airflow/.local/lib/python3.8/site-packages/airflow/example_dags/tutorial.py for tasks to queue
[2023-11-26T17:55:23.991+0000] {logging_mixin.py:154} INFO - [2023-11-26T17:55:23.990+0000] {dagbag.py:536} INFO - Filling up the DagBag from /home/airflow/.local/lib/python3.8/site-packages/airflow/example_dags/tutorial.py
[2023-11-26T17:55:24.002+0000] {processor.py:839} INFO - DAG(s) dict_keys(['tutorial']) retrieved from /home/airflow/.local/lib/python3.8/site-packages/airflow/example_dags/tutorial.py
[2023-11-26T17:55:24.047+0000] {logging_mixin.py:154} INFO - [2023-11-26T17:55:24.047+0000] {dag.py:2941} INFO - Sync 1 DAGs
[2023-11-26T17:55:24.440+0000] {logging_mixin.py:154} INFO - [2023-11-26T17:55:24.440+0000] {dag.py:3722} INFO - Setting next_dagrun for tutorial to 2023-11-25T17:55:24.440080+00:00, run_after=2023-11-26T17:55:24.440080+00:00
[2023-11-26T17:55:24.484+0000] {processor.py:179} INFO - Processing /home/airflow/.local/lib/python3.8/site-packages/airflow/example_dags/tutorial.py took 0.508 seconds
[2023-11-26T17:55:55.655+0000] {processor.py:157} INFO - Started process (PID=1063) to work on /home/airflow/.local/lib/python3.8/site-packages/airflow/example_dags/tutorial.py
[2023-11-26T17:55:55.660+0000] {processor.py:829} INFO - Processing file /home/airflow/.local/lib/python3.8/site-packages/airflow/example_dags/tutorial.py for tasks to queue
[2023-11-26T17:55:55.669+0000] {logging_mixin.py:154} INFO - [2023-11-26T17:55:55.668+0000] {dagbag.py:536} INFO - Filling up the DagBag from /home/airflow/.local/lib/python3.8/site-packages/airflow/example_dags/tutorial.py
[2023-11-26T17:55:55.691+0000] {processor.py:839} INFO - DAG(s) dict_keys(['tutorial']) retrieved from /home/airflow/.local/lib/python3.8/site-packages/airflow/example_dags/tutorial.py
[2023-11-26T17:55:55.761+0000] {logging_mixin.py:154} INFO - [2023-11-26T17:55:55.760+0000] {dag.py:2941} INFO - Sync 1 DAGs
[2023-11-26T17:55:55.820+0000] {logging_mixin.py:154} INFO - [2023-11-26T17:55:55.820+0000] {dag.py:3722} INFO - Setting next_dagrun for tutorial to 2023-11-25T17:55:55.819760+00:00, run_after=2023-11-26T17:55:55.819760+00:00
[2023-11-26T17:55:55.868+0000] {processor.py:179} INFO - Processing /home/airflow/.local/lib/python3.8/site-packages/airflow/example_dags/tutorial.py took 0.224 seconds
[2023-11-26T17:56:26.932+0000] {processor.py:157} INFO - Started process (PID=1117) to work on /home/airflow/.local/lib/python3.8/site-packages/airflow/example_dags/tutorial.py
[2023-11-26T17:56:26.938+0000] {processor.py:829} INFO - Processing file /home/airflow/.local/lib/python3.8/site-packages/airflow/example_dags/tutorial.py for tasks to queue
[2023-11-26T17:56:26.945+0000] {logging_mixin.py:154} INFO - [2023-11-26T17:56:26.944+0000] {dagbag.py:536} INFO - Filling up the DagBag from /home/airflow/.local/lib/python3.8/site-packages/airflow/example_dags/tutorial.py
[2023-11-26T17:56:26.961+0000] {processor.py:839} INFO - DAG(s) dict_keys(['tutorial']) retrieved from /home/airflow/.local/lib/python3.8/site-packages/airflow/example_dags/tutorial.py
[2023-11-26T17:56:27.024+0000] {logging_mixin.py:154} INFO - [2023-11-26T17:56:27.023+0000] {dag.py:2941} INFO - Sync 1 DAGs
[2023-11-26T17:56:27.109+0000] {logging_mixin.py:154} INFO - [2023-11-26T17:56:27.108+0000] {dag.py:3722} INFO - Setting next_dagrun for tutorial to 2023-11-25T17:56:27.108097+00:00, run_after=2023-11-26T17:56:27.108097+00:00
[2023-11-26T17:56:27.191+0000] {processor.py:179} INFO - Processing /home/airflow/.local/lib/python3.8/site-packages/airflow/example_dags/tutorial.py took 0.270 seconds
[2023-11-26T17:56:57.707+0000] {processor.py:157} INFO - Started process (PID=1171) to work on /home/airflow/.local/lib/python3.8/site-packages/airflow/example_dags/tutorial.py
[2023-11-26T17:56:57.709+0000] {processor.py:829} INFO - Processing file /home/airflow/.local/lib/python3.8/site-packages/airflow/example_dags/tutorial.py for tasks to queue
[2023-11-26T17:56:57.716+0000] {logging_mixin.py:154} INFO - [2023-11-26T17:56:57.715+0000] {dagbag.py:536} INFO - Filling up the DagBag from /home/airflow/.local/lib/python3.8/site-packages/airflow/example_dags/tutorial.py
[2023-11-26T17:56:57.728+0000] {processor.py:839} INFO - DAG(s) dict_keys(['tutorial']) retrieved from /home/airflow/.local/lib/python3.8/site-packages/airflow/example_dags/tutorial.py
[2023-11-26T17:56:57.776+0000] {logging_mixin.py:154} INFO - [2023-11-26T17:56:57.775+0000] {dag.py:2941} INFO - Sync 1 DAGs
[2023-11-26T17:56:57.826+0000] {logging_mixin.py:154} INFO - [2023-11-26T17:56:57.825+0000] {dag.py:3722} INFO - Setting next_dagrun for tutorial to 2023-11-25T17:56:57.821516+00:00, run_after=2023-11-26T17:56:57.821516+00:00
[2023-11-26T17:56:57.909+0000] {processor.py:179} INFO - Processing /home/airflow/.local/lib/python3.8/site-packages/airflow/example_dags/tutorial.py took 0.211 seconds
[2023-11-26T17:57:47.255+0000] {processor.py:157} INFO - Started process (PID=1236) to work on /home/airflow/.local/lib/python3.8/site-packages/airflow/example_dags/tutorial.py
[2023-11-26T17:57:47.395+0000] {processor.py:829} INFO - Processing file /home/airflow/.local/lib/python3.8/site-packages/airflow/example_dags/tutorial.py for tasks to queue
[2023-11-26T17:57:47.433+0000] {logging_mixin.py:154} INFO - [2023-11-26T17:57:47.432+0000] {dagbag.py:536} INFO - Filling up the DagBag from /home/airflow/.local/lib/python3.8/site-packages/airflow/example_dags/tutorial.py
[2023-11-26T17:57:47.523+0000] {processor.py:839} INFO - DAG(s) dict_keys(['tutorial']) retrieved from /home/airflow/.local/lib/python3.8/site-packages/airflow/example_dags/tutorial.py
[2023-11-26T17:57:47.895+0000] {logging_mixin.py:154} INFO - [2023-11-26T17:57:47.895+0000] {dag.py:2941} INFO - Sync 1 DAGs
[2023-11-26T17:57:48.148+0000] {logging_mixin.py:154} INFO - [2023-11-26T17:57:48.147+0000] {dag.py:3722} INFO - Setting next_dagrun for tutorial to 2023-11-25T17:57:48.146636+00:00, run_after=2023-11-26T17:57:48.146636+00:00
[2023-11-26T17:57:48.396+0000] {processor.py:179} INFO - Processing /home/airflow/.local/lib/python3.8/site-packages/airflow/example_dags/tutorial.py took 1.148 seconds
[2023-11-26T17:58:19.159+0000] {processor.py:157} INFO - Started process (PID=1290) to work on /home/airflow/.local/lib/python3.8/site-packages/airflow/example_dags/tutorial.py
[2023-11-26T17:58:19.162+0000] {processor.py:829} INFO - Processing file /home/airflow/.local/lib/python3.8/site-packages/airflow/example_dags/tutorial.py for tasks to queue
[2023-11-26T17:58:19.170+0000] {logging_mixin.py:154} INFO - [2023-11-26T17:58:19.170+0000] {dagbag.py:536} INFO - Filling up the DagBag from /home/airflow/.local/lib/python3.8/site-packages/airflow/example_dags/tutorial.py
[2023-11-26T17:58:19.187+0000] {processor.py:839} INFO - DAG(s) dict_keys(['tutorial']) retrieved from /home/airflow/.local/lib/python3.8/site-packages/airflow/example_dags/tutorial.py
[2023-11-26T17:58:19.241+0000] {logging_mixin.py:154} INFO - [2023-11-26T17:58:19.240+0000] {dag.py:2941} INFO - Sync 1 DAGs
[2023-11-26T17:58:19.557+0000] {logging_mixin.py:154} INFO - [2023-11-26T17:58:19.556+0000] {dag.py:3722} INFO - Setting next_dagrun for tutorial to 2023-11-25T17:58:19.556302+00:00, run_after=2023-11-26T17:58:19.556302+00:00
[2023-11-26T17:58:19.603+0000] {processor.py:179} INFO - Processing /home/airflow/.local/lib/python3.8/site-packages/airflow/example_dags/tutorial.py took 0.452 seconds
[2023-11-26T17:58:50.431+0000] {processor.py:157} INFO - Started process (PID=1344) to work on /home/airflow/.local/lib/python3.8/site-packages/airflow/example_dags/tutorial.py
[2023-11-26T17:58:50.435+0000] {processor.py:829} INFO - Processing file /home/airflow/.local/lib/python3.8/site-packages/airflow/example_dags/tutorial.py for tasks to queue
[2023-11-26T17:58:50.445+0000] {logging_mixin.py:154} INFO - [2023-11-26T17:58:50.444+0000] {dagbag.py:536} INFO - Filling up the DagBag from /home/airflow/.local/lib/python3.8/site-packages/airflow/example_dags/tutorial.py
[2023-11-26T17:58:50.461+0000] {processor.py:839} INFO - DAG(s) dict_keys(['tutorial']) retrieved from /home/airflow/.local/lib/python3.8/site-packages/airflow/example_dags/tutorial.py
[2023-11-26T17:58:50.512+0000] {logging_mixin.py:154} INFO - [2023-11-26T17:58:50.512+0000] {dag.py:2941} INFO - Sync 1 DAGs
[2023-11-26T17:58:50.642+0000] {logging_mixin.py:154} INFO - [2023-11-26T17:58:50.642+0000] {dag.py:3722} INFO - Setting next_dagrun for tutorial to 2023-11-25T17:58:50.641444+00:00, run_after=2023-11-26T17:58:50.641444+00:00
[2023-11-26T17:58:50.715+0000] {processor.py:179} INFO - Processing /home/airflow/.local/lib/python3.8/site-packages/airflow/example_dags/tutorial.py took 0.292 seconds
[2023-11-26T17:59:21.197+0000] {processor.py:157} INFO - Started process (PID=1398) to work on /home/airflow/.local/lib/python3.8/site-packages/airflow/example_dags/tutorial.py
[2023-11-26T17:59:21.201+0000] {processor.py:829} INFO - Processing file /home/airflow/.local/lib/python3.8/site-packages/airflow/example_dags/tutorial.py for tasks to queue
[2023-11-26T17:59:21.208+0000] {logging_mixin.py:154} INFO - [2023-11-26T17:59:21.208+0000] {dagbag.py:536} INFO - Filling up the DagBag from /home/airflow/.local/lib/python3.8/site-packages/airflow/example_dags/tutorial.py
[2023-11-26T17:59:21.228+0000] {processor.py:839} INFO - DAG(s) dict_keys(['tutorial']) retrieved from /home/airflow/.local/lib/python3.8/site-packages/airflow/example_dags/tutorial.py
[2023-11-26T17:59:21.312+0000] {logging_mixin.py:154} INFO - [2023-11-26T17:59:21.312+0000] {dag.py:2941} INFO - Sync 1 DAGs
[2023-11-26T17:59:21.376+0000] {logging_mixin.py:154} INFO - [2023-11-26T17:59:21.376+0000] {dag.py:3722} INFO - Setting next_dagrun for tutorial to 2023-11-25T17:59:21.375896+00:00, run_after=2023-11-26T17:59:21.375896+00:00
[2023-11-26T17:59:21.427+0000] {processor.py:179} INFO - Processing /home/airflow/.local/lib/python3.8/site-packages/airflow/example_dags/tutorial.py took 0.239 seconds
[2023-11-26T17:59:54.174+0000] {processor.py:157} INFO - Started process (PID=1452) to work on /home/airflow/.local/lib/python3.8/site-packages/airflow/example_dags/tutorial.py
[2023-11-26T17:59:54.178+0000] {processor.py:829} INFO - Processing file /home/airflow/.local/lib/python3.8/site-packages/airflow/example_dags/tutorial.py for tasks to queue
[2023-11-26T17:59:54.184+0000] {logging_mixin.py:154} INFO - [2023-11-26T17:59:54.184+0000] {dagbag.py:536} INFO - Filling up the DagBag from /home/airflow/.local/lib/python3.8/site-packages/airflow/example_dags/tutorial.py
[2023-11-26T17:59:54.200+0000] {processor.py:839} INFO - DAG(s) dict_keys(['tutorial']) retrieved from /home/airflow/.local/lib/python3.8/site-packages/airflow/example_dags/tutorial.py
[2023-11-26T17:59:54.668+0000] {logging_mixin.py:154} INFO - [2023-11-26T17:59:54.668+0000] {dag.py:2941} INFO - Sync 1 DAGs
[2023-11-26T17:59:55.544+0000] {logging_mixin.py:154} INFO - [2023-11-26T17:59:55.543+0000] {dag.py:3722} INFO - Setting next_dagrun for tutorial to 2023-11-25T17:59:55.543153+00:00, run_after=2023-11-26T17:59:55.543153+00:00
[2023-11-26T17:59:55.655+0000] {processor.py:179} INFO - Processing /home/airflow/.local/lib/python3.8/site-packages/airflow/example_dags/tutorial.py took 1.491 seconds
[2023-11-26T18:00:26.834+0000] {processor.py:157} INFO - Started process (PID=1505) to work on /home/airflow/.local/lib/python3.8/site-packages/airflow/example_dags/tutorial.py
[2023-11-26T18:00:26.838+0000] {processor.py:829} INFO - Processing file /home/airflow/.local/lib/python3.8/site-packages/airflow/example_dags/tutorial.py for tasks to queue
[2023-11-26T18:00:26.844+0000] {logging_mixin.py:154} INFO - [2023-11-26T18:00:26.844+0000] {dagbag.py:536} INFO - Filling up the DagBag from /home/airflow/.local/lib/python3.8/site-packages/airflow/example_dags/tutorial.py
[2023-11-26T18:00:26.860+0000] {processor.py:839} INFO - DAG(s) dict_keys(['tutorial']) retrieved from /home/airflow/.local/lib/python3.8/site-packages/airflow/example_dags/tutorial.py
[2023-11-26T18:00:26.908+0000] {logging_mixin.py:154} INFO - [2023-11-26T18:00:26.907+0000] {dag.py:2941} INFO - Sync 1 DAGs
[2023-11-26T18:00:26.962+0000] {logging_mixin.py:154} INFO - [2023-11-26T18:00:26.961+0000] {dag.py:3722} INFO - Setting next_dagrun for tutorial to 2023-11-25T18:00:26.961490+00:00, run_after=2023-11-26T18:00:26.961490+00:00
[2023-11-26T18:00:27.008+0000] {processor.py:179} INFO - Processing /home/airflow/.local/lib/python3.8/site-packages/airflow/example_dags/tutorial.py took 0.182 seconds
[2023-11-26T18:00:57.794+0000] {processor.py:157} INFO - Started process (PID=1559) to work on /home/airflow/.local/lib/python3.8/site-packages/airflow/example_dags/tutorial.py
[2023-11-26T18:00:57.801+0000] {processor.py:829} INFO - Processing file /home/airflow/.local/lib/python3.8/site-packages/airflow/example_dags/tutorial.py for tasks to queue
[2023-11-26T18:00:57.812+0000] {logging_mixin.py:154} INFO - [2023-11-26T18:00:57.811+0000] {dagbag.py:536} INFO - Filling up the DagBag from /home/airflow/.local/lib/python3.8/site-packages/airflow/example_dags/tutorial.py
[2023-11-26T18:00:57.841+0000] {processor.py:839} INFO - DAG(s) dict_keys(['tutorial']) retrieved from /home/airflow/.local/lib/python3.8/site-packages/airflow/example_dags/tutorial.py
[2023-11-26T18:00:57.900+0000] {logging_mixin.py:154} INFO - [2023-11-26T18:00:57.900+0000] {dag.py:2941} INFO - Sync 1 DAGs
[2023-11-26T18:00:57.963+0000] {logging_mixin.py:154} INFO - [2023-11-26T18:00:57.962+0000] {dag.py:3722} INFO - Setting next_dagrun for tutorial to 2023-11-25T18:00:57.961807+00:00, run_after=2023-11-26T18:00:57.961807+00:00
[2023-11-26T18:00:58.016+0000] {processor.py:179} INFO - Processing /home/airflow/.local/lib/python3.8/site-packages/airflow/example_dags/tutorial.py took 0.234 seconds
[2023-11-26T18:01:28.514+0000] {processor.py:157} INFO - Started process (PID=1613) to work on /home/airflow/.local/lib/python3.8/site-packages/airflow/example_dags/tutorial.py
[2023-11-26T18:01:28.528+0000] {processor.py:829} INFO - Processing file /home/airflow/.local/lib/python3.8/site-packages/airflow/example_dags/tutorial.py for tasks to queue
[2023-11-26T18:01:28.534+0000] {logging_mixin.py:154} INFO - [2023-11-26T18:01:28.534+0000] {dagbag.py:536} INFO - Filling up the DagBag from /home/airflow/.local/lib/python3.8/site-packages/airflow/example_dags/tutorial.py
[2023-11-26T18:01:28.556+0000] {processor.py:839} INFO - DAG(s) dict_keys(['tutorial']) retrieved from /home/airflow/.local/lib/python3.8/site-packages/airflow/example_dags/tutorial.py
[2023-11-26T18:01:28.713+0000] {logging_mixin.py:154} INFO - [2023-11-26T18:01:28.712+0000] {dag.py:2941} INFO - Sync 1 DAGs
[2023-11-26T18:01:28.865+0000] {logging_mixin.py:154} INFO - [2023-11-26T18:01:28.865+0000] {dag.py:3722} INFO - Setting next_dagrun for tutorial to 2023-11-25T18:01:28.864859+00:00, run_after=2023-11-26T18:01:28.864859+00:00
[2023-11-26T18:01:28.978+0000] {processor.py:179} INFO - Processing /home/airflow/.local/lib/python3.8/site-packages/airflow/example_dags/tutorial.py took 0.485 seconds
[2023-11-26T18:01:59.373+0000] {processor.py:157} INFO - Started process (PID=1664) to work on /home/airflow/.local/lib/python3.8/site-packages/airflow/example_dags/tutorial.py
[2023-11-26T18:01:59.376+0000] {processor.py:829} INFO - Processing file /home/airflow/.local/lib/python3.8/site-packages/airflow/example_dags/tutorial.py for tasks to queue
[2023-11-26T18:01:59.382+0000] {logging_mixin.py:154} INFO - [2023-11-26T18:01:59.381+0000] {dagbag.py:536} INFO - Filling up the DagBag from /home/airflow/.local/lib/python3.8/site-packages/airflow/example_dags/tutorial.py
[2023-11-26T18:01:59.396+0000] {processor.py:839} INFO - DAG(s) dict_keys(['tutorial']) retrieved from /home/airflow/.local/lib/python3.8/site-packages/airflow/example_dags/tutorial.py
[2023-11-26T18:01:59.456+0000] {logging_mixin.py:154} INFO - [2023-11-26T18:01:59.455+0000] {dag.py:2941} INFO - Sync 1 DAGs
[2023-11-26T18:01:59.523+0000] {logging_mixin.py:154} INFO - [2023-11-26T18:01:59.523+0000] {dag.py:3722} INFO - Setting next_dagrun for tutorial to 2023-11-25T18:01:59.522552+00:00, run_after=2023-11-26T18:01:59.522552+00:00
[2023-11-26T18:01:59.583+0000] {processor.py:179} INFO - Processing /home/airflow/.local/lib/python3.8/site-packages/airflow/example_dags/tutorial.py took 0.219 seconds
[2023-11-26T18:02:34.514+0000] {processor.py:157} INFO - Started process (PID=1718) to work on /home/airflow/.local/lib/python3.8/site-packages/airflow/example_dags/tutorial.py
[2023-11-26T18:02:34.518+0000] {processor.py:829} INFO - Processing file /home/airflow/.local/lib/python3.8/site-packages/airflow/example_dags/tutorial.py for tasks to queue
[2023-11-26T18:02:34.526+0000] {logging_mixin.py:154} INFO - [2023-11-26T18:02:34.526+0000] {dagbag.py:536} INFO - Filling up the DagBag from /home/airflow/.local/lib/python3.8/site-packages/airflow/example_dags/tutorial.py
[2023-11-26T18:02:34.544+0000] {processor.py:839} INFO - DAG(s) dict_keys(['tutorial']) retrieved from /home/airflow/.local/lib/python3.8/site-packages/airflow/example_dags/tutorial.py
[2023-11-26T18:02:34.612+0000] {logging_mixin.py:154} INFO - [2023-11-26T18:02:34.611+0000] {dag.py:2941} INFO - Sync 1 DAGs
[2023-11-26T18:02:34.728+0000] {logging_mixin.py:154} INFO - [2023-11-26T18:02:34.727+0000] {dag.py:3722} INFO - Setting next_dagrun for tutorial to 2023-11-25T18:02:34.726974+00:00, run_after=2023-11-26T18:02:34.726974+00:00
[2023-11-26T18:02:34.810+0000] {processor.py:179} INFO - Processing /home/airflow/.local/lib/python3.8/site-packages/airflow/example_dags/tutorial.py took 0.306 seconds
[2023-11-26T18:03:05.546+0000] {processor.py:157} INFO - Started process (PID=1772) to work on /home/airflow/.local/lib/python3.8/site-packages/airflow/example_dags/tutorial.py
[2023-11-26T18:03:05.548+0000] {processor.py:829} INFO - Processing file /home/airflow/.local/lib/python3.8/site-packages/airflow/example_dags/tutorial.py for tasks to queue
[2023-11-26T18:03:05.555+0000] {logging_mixin.py:154} INFO - [2023-11-26T18:03:05.554+0000] {dagbag.py:536} INFO - Filling up the DagBag from /home/airflow/.local/lib/python3.8/site-packages/airflow/example_dags/tutorial.py
[2023-11-26T18:03:05.577+0000] {processor.py:839} INFO - DAG(s) dict_keys(['tutorial']) retrieved from /home/airflow/.local/lib/python3.8/site-packages/airflow/example_dags/tutorial.py
[2023-11-26T18:03:05.646+0000] {logging_mixin.py:154} INFO - [2023-11-26T18:03:05.645+0000] {dag.py:2941} INFO - Sync 1 DAGs
[2023-11-26T18:03:05.744+0000] {logging_mixin.py:154} INFO - [2023-11-26T18:03:05.744+0000] {dag.py:3722} INFO - Setting next_dagrun for tutorial to 2023-11-25T18:03:05.742311+00:00, run_after=2023-11-26T18:03:05.742311+00:00
[2023-11-26T18:03:05.834+0000] {processor.py:179} INFO - Processing /home/airflow/.local/lib/python3.8/site-packages/airflow/example_dags/tutorial.py took 0.296 seconds
