[2023-11-26T17:42:11.023+0000] {processor.py:157} INFO - Started process (PID=52) to work on /home/airflow/.local/lib/python3.8/site-packages/airflow/example_dags/tutorial_dag.py
[2023-11-26T17:42:11.026+0000] {processor.py:829} INFO - Processing file /home/airflow/.local/lib/python3.8/site-packages/airflow/example_dags/tutorial_dag.py for tasks to queue
[2023-11-26T17:42:11.049+0000] {logging_mixin.py:154} INFO - [2023-11-26T17:42:11.047+0000] {dagbag.py:536} INFO - Filling up the DagBag from /home/airflow/.local/lib/python3.8/site-packages/airflow/example_dags/tutorial_dag.py
[2023-11-26T17:42:11.101+0000] {processor.py:839} INFO - DAG(s) dict_keys(['tutorial_dag']) retrieved from /home/airflow/.local/lib/python3.8/site-packages/airflow/example_dags/tutorial_dag.py
[2023-11-26T17:42:11.318+0000] {logging_mixin.py:154} INFO - [2023-11-26T17:42:11.317+0000] {dag.py:2941} INFO - Sync 1 DAGs
[2023-11-26T17:42:11.355+0000] {logging_mixin.py:154} INFO - [2023-11-26T17:42:11.354+0000] {dag.py:3722} INFO - Setting next_dagrun for tutorial_dag to None, run_after=None
[2023-11-26T17:42:11.398+0000] {processor.py:179} INFO - Processing /home/airflow/.local/lib/python3.8/site-packages/airflow/example_dags/tutorial_dag.py took 0.413 seconds
[2023-11-26T17:46:08.824+0000] {processor.py:157} INFO - Started process (PID=60) to work on /home/airflow/.local/lib/python3.8/site-packages/airflow/example_dags/tutorial_dag.py
[2023-11-26T17:46:08.836+0000] {processor.py:829} INFO - Processing file /home/airflow/.local/lib/python3.8/site-packages/airflow/example_dags/tutorial_dag.py for tasks to queue
[2023-11-26T17:46:08.842+0000] {logging_mixin.py:154} INFO - [2023-11-26T17:46:08.841+0000] {dagbag.py:536} INFO - Filling up the DagBag from /home/airflow/.local/lib/python3.8/site-packages/airflow/example_dags/tutorial_dag.py
[2023-11-26T17:46:08.887+0000] {processor.py:839} INFO - DAG(s) dict_keys(['tutorial_dag']) retrieved from /home/airflow/.local/lib/python3.8/site-packages/airflow/example_dags/tutorial_dag.py
[2023-11-26T17:46:08.990+0000] {logging_mixin.py:154} INFO - [2023-11-26T17:46:08.990+0000] {dag.py:2941} INFO - Sync 1 DAGs
[2023-11-26T17:46:09.032+0000] {logging_mixin.py:154} INFO - [2023-11-26T17:46:09.031+0000] {dag.py:3722} INFO - Setting next_dagrun for tutorial_dag to None, run_after=None
[2023-11-26T17:46:09.156+0000] {processor.py:179} INFO - Processing /home/airflow/.local/lib/python3.8/site-packages/airflow/example_dags/tutorial_dag.py took 0.343 seconds
[2023-11-26T17:46:45.052+0000] {processor.py:157} INFO - Started process (PID=114) to work on /home/airflow/.local/lib/python3.8/site-packages/airflow/example_dags/tutorial_dag.py
[2023-11-26T17:46:45.061+0000] {processor.py:829} INFO - Processing file /home/airflow/.local/lib/python3.8/site-packages/airflow/example_dags/tutorial_dag.py for tasks to queue
[2023-11-26T17:46:45.072+0000] {logging_mixin.py:154} INFO - [2023-11-26T17:46:45.070+0000] {dagbag.py:536} INFO - Filling up the DagBag from /home/airflow/.local/lib/python3.8/site-packages/airflow/example_dags/tutorial_dag.py
[2023-11-26T17:46:45.086+0000] {processor.py:839} INFO - DAG(s) dict_keys(['tutorial_dag']) retrieved from /home/airflow/.local/lib/python3.8/site-packages/airflow/example_dags/tutorial_dag.py
[2023-11-26T17:46:45.149+0000] {logging_mixin.py:154} INFO - [2023-11-26T17:46:45.148+0000] {dag.py:2941} INFO - Sync 1 DAGs
[2023-11-26T17:46:45.186+0000] {logging_mixin.py:154} INFO - [2023-11-26T17:46:45.186+0000] {dag.py:3722} INFO - Setting next_dagrun for tutorial_dag to None, run_after=None
[2023-11-26T17:46:45.229+0000] {processor.py:179} INFO - Processing /home/airflow/.local/lib/python3.8/site-packages/airflow/example_dags/tutorial_dag.py took 0.189 seconds
[2023-11-26T17:47:15.468+0000] {processor.py:157} INFO - Started process (PID=167) to work on /home/airflow/.local/lib/python3.8/site-packages/airflow/example_dags/tutorial_dag.py
[2023-11-26T17:47:15.471+0000] {processor.py:829} INFO - Processing file /home/airflow/.local/lib/python3.8/site-packages/airflow/example_dags/tutorial_dag.py for tasks to queue
[2023-11-26T17:47:15.477+0000] {logging_mixin.py:154} INFO - [2023-11-26T17:47:15.476+0000] {dagbag.py:536} INFO - Filling up the DagBag from /home/airflow/.local/lib/python3.8/site-packages/airflow/example_dags/tutorial_dag.py
[2023-11-26T17:47:15.489+0000] {processor.py:839} INFO - DAG(s) dict_keys(['tutorial_dag']) retrieved from /home/airflow/.local/lib/python3.8/site-packages/airflow/example_dags/tutorial_dag.py
[2023-11-26T17:47:15.543+0000] {logging_mixin.py:154} INFO - [2023-11-26T17:47:15.543+0000] {dag.py:2941} INFO - Sync 1 DAGs
[2023-11-26T17:47:15.578+0000] {logging_mixin.py:154} INFO - [2023-11-26T17:47:15.578+0000] {dag.py:3722} INFO - Setting next_dagrun for tutorial_dag to None, run_after=None
[2023-11-26T17:47:15.617+0000] {processor.py:179} INFO - Processing /home/airflow/.local/lib/python3.8/site-packages/airflow/example_dags/tutorial_dag.py took 0.155 seconds
[2023-11-26T17:47:46.210+0000] {processor.py:157} INFO - Started process (PID=220) to work on /home/airflow/.local/lib/python3.8/site-packages/airflow/example_dags/tutorial_dag.py
[2023-11-26T17:47:46.215+0000] {processor.py:829} INFO - Processing file /home/airflow/.local/lib/python3.8/site-packages/airflow/example_dags/tutorial_dag.py for tasks to queue
[2023-11-26T17:47:46.222+0000] {logging_mixin.py:154} INFO - [2023-11-26T17:47:46.221+0000] {dagbag.py:536} INFO - Filling up the DagBag from /home/airflow/.local/lib/python3.8/site-packages/airflow/example_dags/tutorial_dag.py
[2023-11-26T17:47:46.236+0000] {processor.py:839} INFO - DAG(s) dict_keys(['tutorial_dag']) retrieved from /home/airflow/.local/lib/python3.8/site-packages/airflow/example_dags/tutorial_dag.py
[2023-11-26T17:47:46.330+0000] {logging_mixin.py:154} INFO - [2023-11-26T17:47:46.321+0000] {dag.py:2941} INFO - Sync 1 DAGs
[2023-11-26T17:47:46.384+0000] {logging_mixin.py:154} INFO - [2023-11-26T17:47:46.383+0000] {dag.py:3722} INFO - Setting next_dagrun for tutorial_dag to None, run_after=None
[2023-11-26T17:47:46.435+0000] {processor.py:179} INFO - Processing /home/airflow/.local/lib/python3.8/site-packages/airflow/example_dags/tutorial_dag.py took 0.234 seconds
[2023-11-26T17:48:17.630+0000] {processor.py:157} INFO - Started process (PID=273) to work on /home/airflow/.local/lib/python3.8/site-packages/airflow/example_dags/tutorial_dag.py
[2023-11-26T17:48:17.632+0000] {processor.py:829} INFO - Processing file /home/airflow/.local/lib/python3.8/site-packages/airflow/example_dags/tutorial_dag.py for tasks to queue
[2023-11-26T17:48:17.640+0000] {logging_mixin.py:154} INFO - [2023-11-26T17:48:17.638+0000] {dagbag.py:536} INFO - Filling up the DagBag from /home/airflow/.local/lib/python3.8/site-packages/airflow/example_dags/tutorial_dag.py
[2023-11-26T17:48:17.665+0000] {processor.py:839} INFO - DAG(s) dict_keys(['tutorial_dag']) retrieved from /home/airflow/.local/lib/python3.8/site-packages/airflow/example_dags/tutorial_dag.py
[2023-11-26T17:48:17.752+0000] {logging_mixin.py:154} INFO - [2023-11-26T17:48:17.752+0000] {dag.py:2941} INFO - Sync 1 DAGs
[2023-11-26T17:48:17.840+0000] {logging_mixin.py:154} INFO - [2023-11-26T17:48:17.840+0000] {dag.py:3722} INFO - Setting next_dagrun for tutorial_dag to None, run_after=None
[2023-11-26T17:48:17.961+0000] {processor.py:179} INFO - Processing /home/airflow/.local/lib/python3.8/site-packages/airflow/example_dags/tutorial_dag.py took 0.339 seconds
[2023-11-26T17:48:48.157+0000] {processor.py:157} INFO - Started process (PID=327) to work on /home/airflow/.local/lib/python3.8/site-packages/airflow/example_dags/tutorial_dag.py
[2023-11-26T17:48:48.159+0000] {processor.py:829} INFO - Processing file /home/airflow/.local/lib/python3.8/site-packages/airflow/example_dags/tutorial_dag.py for tasks to queue
[2023-11-26T17:48:48.163+0000] {logging_mixin.py:154} INFO - [2023-11-26T17:48:48.162+0000] {dagbag.py:536} INFO - Filling up the DagBag from /home/airflow/.local/lib/python3.8/site-packages/airflow/example_dags/tutorial_dag.py
[2023-11-26T17:48:48.173+0000] {processor.py:839} INFO - DAG(s) dict_keys(['tutorial_dag']) retrieved from /home/airflow/.local/lib/python3.8/site-packages/airflow/example_dags/tutorial_dag.py
[2023-11-26T17:48:48.221+0000] {logging_mixin.py:154} INFO - [2023-11-26T17:48:48.221+0000] {dag.py:2941} INFO - Sync 1 DAGs
[2023-11-26T17:48:48.247+0000] {logging_mixin.py:154} INFO - [2023-11-26T17:48:48.246+0000] {dag.py:3722} INFO - Setting next_dagrun for tutorial_dag to None, run_after=None
[2023-11-26T17:48:48.287+0000] {processor.py:179} INFO - Processing /home/airflow/.local/lib/python3.8/site-packages/airflow/example_dags/tutorial_dag.py took 0.137 seconds
[2023-11-26T17:49:19.188+0000] {processor.py:157} INFO - Started process (PID=380) to work on /home/airflow/.local/lib/python3.8/site-packages/airflow/example_dags/tutorial_dag.py
[2023-11-26T17:49:19.191+0000] {processor.py:829} INFO - Processing file /home/airflow/.local/lib/python3.8/site-packages/airflow/example_dags/tutorial_dag.py for tasks to queue
[2023-11-26T17:49:19.199+0000] {logging_mixin.py:154} INFO - [2023-11-26T17:49:19.199+0000] {dagbag.py:536} INFO - Filling up the DagBag from /home/airflow/.local/lib/python3.8/site-packages/airflow/example_dags/tutorial_dag.py
[2023-11-26T17:49:19.215+0000] {processor.py:839} INFO - DAG(s) dict_keys(['tutorial_dag']) retrieved from /home/airflow/.local/lib/python3.8/site-packages/airflow/example_dags/tutorial_dag.py
[2023-11-26T17:49:19.399+0000] {logging_mixin.py:154} INFO - [2023-11-26T17:49:19.398+0000] {dag.py:2941} INFO - Sync 1 DAGs
[2023-11-26T17:49:19.452+0000] {logging_mixin.py:154} INFO - [2023-11-26T17:49:19.452+0000] {dag.py:3722} INFO - Setting next_dagrun for tutorial_dag to None, run_after=None
[2023-11-26T17:49:19.499+0000] {processor.py:179} INFO - Processing /home/airflow/.local/lib/python3.8/site-packages/airflow/example_dags/tutorial_dag.py took 0.318 seconds
[2023-11-26T17:49:51.308+0000] {processor.py:157} INFO - Started process (PID=433) to work on /home/airflow/.local/lib/python3.8/site-packages/airflow/example_dags/tutorial_dag.py
[2023-11-26T17:49:51.312+0000] {processor.py:829} INFO - Processing file /home/airflow/.local/lib/python3.8/site-packages/airflow/example_dags/tutorial_dag.py for tasks to queue
[2023-11-26T17:49:51.319+0000] {logging_mixin.py:154} INFO - [2023-11-26T17:49:51.318+0000] {dagbag.py:536} INFO - Filling up the DagBag from /home/airflow/.local/lib/python3.8/site-packages/airflow/example_dags/tutorial_dag.py
[2023-11-26T17:49:51.334+0000] {processor.py:839} INFO - DAG(s) dict_keys(['tutorial_dag']) retrieved from /home/airflow/.local/lib/python3.8/site-packages/airflow/example_dags/tutorial_dag.py
[2023-11-26T17:49:51.458+0000] {logging_mixin.py:154} INFO - [2023-11-26T17:49:51.458+0000] {dag.py:2941} INFO - Sync 1 DAGs
[2023-11-26T17:49:51.517+0000] {logging_mixin.py:154} INFO - [2023-11-26T17:49:51.516+0000] {dag.py:3722} INFO - Setting next_dagrun for tutorial_dag to None, run_after=None
[2023-11-26T17:49:51.582+0000] {processor.py:179} INFO - Processing /home/airflow/.local/lib/python3.8/site-packages/airflow/example_dags/tutorial_dag.py took 0.286 seconds
[2023-11-26T17:50:21.964+0000] {processor.py:157} INFO - Started process (PID=487) to work on /home/airflow/.local/lib/python3.8/site-packages/airflow/example_dags/tutorial_dag.py
[2023-11-26T17:50:21.970+0000] {processor.py:829} INFO - Processing file /home/airflow/.local/lib/python3.8/site-packages/airflow/example_dags/tutorial_dag.py for tasks to queue
[2023-11-26T17:50:21.976+0000] {logging_mixin.py:154} INFO - [2023-11-26T17:50:21.975+0000] {dagbag.py:536} INFO - Filling up the DagBag from /home/airflow/.local/lib/python3.8/site-packages/airflow/example_dags/tutorial_dag.py
[2023-11-26T17:50:21.994+0000] {processor.py:839} INFO - DAG(s) dict_keys(['tutorial_dag']) retrieved from /home/airflow/.local/lib/python3.8/site-packages/airflow/example_dags/tutorial_dag.py
[2023-11-26T17:50:22.064+0000] {logging_mixin.py:154} INFO - [2023-11-26T17:50:22.064+0000] {dag.py:2941} INFO - Sync 1 DAGs
[2023-11-26T17:50:22.105+0000] {logging_mixin.py:154} INFO - [2023-11-26T17:50:22.105+0000] {dag.py:3722} INFO - Setting next_dagrun for tutorial_dag to None, run_after=None
[2023-11-26T17:50:22.175+0000] {processor.py:179} INFO - Processing /home/airflow/.local/lib/python3.8/site-packages/airflow/example_dags/tutorial_dag.py took 0.223 seconds
[2023-11-26T17:50:53.377+0000] {processor.py:157} INFO - Started process (PID=541) to work on /home/airflow/.local/lib/python3.8/site-packages/airflow/example_dags/tutorial_dag.py
[2023-11-26T17:50:53.380+0000] {processor.py:829} INFO - Processing file /home/airflow/.local/lib/python3.8/site-packages/airflow/example_dags/tutorial_dag.py for tasks to queue
[2023-11-26T17:50:53.388+0000] {logging_mixin.py:154} INFO - [2023-11-26T17:50:53.387+0000] {dagbag.py:536} INFO - Filling up the DagBag from /home/airflow/.local/lib/python3.8/site-packages/airflow/example_dags/tutorial_dag.py
[2023-11-26T17:50:53.449+0000] {processor.py:839} INFO - DAG(s) dict_keys(['tutorial_dag']) retrieved from /home/airflow/.local/lib/python3.8/site-packages/airflow/example_dags/tutorial_dag.py
[2023-11-26T17:50:53.578+0000] {logging_mixin.py:154} INFO - [2023-11-26T17:50:53.575+0000] {dag.py:2941} INFO - Sync 1 DAGs
[2023-11-26T17:50:53.646+0000] {logging_mixin.py:154} INFO - [2023-11-26T17:50:53.646+0000] {dag.py:3722} INFO - Setting next_dagrun for tutorial_dag to None, run_after=None
[2023-11-26T17:50:53.732+0000] {processor.py:179} INFO - Processing /home/airflow/.local/lib/python3.8/site-packages/airflow/example_dags/tutorial_dag.py took 0.368 seconds
[2023-11-26T17:51:24.913+0000] {processor.py:157} INFO - Started process (PID=595) to work on /home/airflow/.local/lib/python3.8/site-packages/airflow/example_dags/tutorial_dag.py
[2023-11-26T17:51:24.916+0000] {processor.py:829} INFO - Processing file /home/airflow/.local/lib/python3.8/site-packages/airflow/example_dags/tutorial_dag.py for tasks to queue
[2023-11-26T17:51:24.924+0000] {logging_mixin.py:154} INFO - [2023-11-26T17:51:24.924+0000] {dagbag.py:536} INFO - Filling up the DagBag from /home/airflow/.local/lib/python3.8/site-packages/airflow/example_dags/tutorial_dag.py
[2023-11-26T17:51:24.941+0000] {processor.py:839} INFO - DAG(s) dict_keys(['tutorial_dag']) retrieved from /home/airflow/.local/lib/python3.8/site-packages/airflow/example_dags/tutorial_dag.py
[2023-11-26T17:51:25.007+0000] {logging_mixin.py:154} INFO - [2023-11-26T17:51:25.007+0000] {dag.py:2941} INFO - Sync 1 DAGs
[2023-11-26T17:51:25.054+0000] {logging_mixin.py:154} INFO - [2023-11-26T17:51:25.053+0000] {dag.py:3722} INFO - Setting next_dagrun for tutorial_dag to None, run_after=None
[2023-11-26T17:51:25.127+0000] {processor.py:179} INFO - Processing /home/airflow/.local/lib/python3.8/site-packages/airflow/example_dags/tutorial_dag.py took 0.223 seconds
[2023-11-26T17:51:55.343+0000] {processor.py:157} INFO - Started process (PID=648) to work on /home/airflow/.local/lib/python3.8/site-packages/airflow/example_dags/tutorial_dag.py
[2023-11-26T17:51:55.346+0000] {processor.py:829} INFO - Processing file /home/airflow/.local/lib/python3.8/site-packages/airflow/example_dags/tutorial_dag.py for tasks to queue
[2023-11-26T17:51:55.356+0000] {logging_mixin.py:154} INFO - [2023-11-26T17:51:55.354+0000] {dagbag.py:536} INFO - Filling up the DagBag from /home/airflow/.local/lib/python3.8/site-packages/airflow/example_dags/tutorial_dag.py
[2023-11-26T17:51:55.376+0000] {processor.py:839} INFO - DAG(s) dict_keys(['tutorial_dag']) retrieved from /home/airflow/.local/lib/python3.8/site-packages/airflow/example_dags/tutorial_dag.py
[2023-11-26T17:51:55.489+0000] {logging_mixin.py:154} INFO - [2023-11-26T17:51:55.489+0000] {dag.py:2941} INFO - Sync 1 DAGs
[2023-11-26T17:51:55.591+0000] {logging_mixin.py:154} INFO - [2023-11-26T17:51:55.591+0000] {dag.py:3722} INFO - Setting next_dagrun for tutorial_dag to None, run_after=None
[2023-11-26T17:51:55.651+0000] {processor.py:179} INFO - Processing /home/airflow/.local/lib/python3.8/site-packages/airflow/example_dags/tutorial_dag.py took 0.318 seconds
[2023-11-26T17:52:25.957+0000] {processor.py:157} INFO - Started process (PID=702) to work on /home/airflow/.local/lib/python3.8/site-packages/airflow/example_dags/tutorial_dag.py
[2023-11-26T17:52:25.968+0000] {processor.py:829} INFO - Processing file /home/airflow/.local/lib/python3.8/site-packages/airflow/example_dags/tutorial_dag.py for tasks to queue
[2023-11-26T17:52:25.984+0000] {logging_mixin.py:154} INFO - [2023-11-26T17:52:25.983+0000] {dagbag.py:536} INFO - Filling up the DagBag from /home/airflow/.local/lib/python3.8/site-packages/airflow/example_dags/tutorial_dag.py
[2023-11-26T17:52:26.006+0000] {processor.py:839} INFO - DAG(s) dict_keys(['tutorial_dag']) retrieved from /home/airflow/.local/lib/python3.8/site-packages/airflow/example_dags/tutorial_dag.py
[2023-11-26T17:52:26.096+0000] {logging_mixin.py:154} INFO - [2023-11-26T17:52:26.095+0000] {dag.py:2941} INFO - Sync 1 DAGs
[2023-11-26T17:52:26.151+0000] {logging_mixin.py:154} INFO - [2023-11-26T17:52:26.151+0000] {dag.py:3722} INFO - Setting next_dagrun for tutorial_dag to None, run_after=None
[2023-11-26T17:52:26.224+0000] {processor.py:179} INFO - Processing /home/airflow/.local/lib/python3.8/site-packages/airflow/example_dags/tutorial_dag.py took 0.276 seconds
[2023-11-26T17:52:56.424+0000] {processor.py:157} INFO - Started process (PID=756) to work on /home/airflow/.local/lib/python3.8/site-packages/airflow/example_dags/tutorial_dag.py
[2023-11-26T17:52:56.430+0000] {processor.py:829} INFO - Processing file /home/airflow/.local/lib/python3.8/site-packages/airflow/example_dags/tutorial_dag.py for tasks to queue
[2023-11-26T17:52:56.438+0000] {logging_mixin.py:154} INFO - [2023-11-26T17:52:56.437+0000] {dagbag.py:536} INFO - Filling up the DagBag from /home/airflow/.local/lib/python3.8/site-packages/airflow/example_dags/tutorial_dag.py
[2023-11-26T17:52:56.461+0000] {processor.py:839} INFO - DAG(s) dict_keys(['tutorial_dag']) retrieved from /home/airflow/.local/lib/python3.8/site-packages/airflow/example_dags/tutorial_dag.py
[2023-11-26T17:52:56.553+0000] {logging_mixin.py:154} INFO - [2023-11-26T17:52:56.553+0000] {dag.py:2941} INFO - Sync 1 DAGs
[2023-11-26T17:52:56.585+0000] {logging_mixin.py:154} INFO - [2023-11-26T17:52:56.585+0000] {dag.py:3722} INFO - Setting next_dagrun for tutorial_dag to None, run_after=None
[2023-11-26T17:52:56.641+0000] {processor.py:179} INFO - Processing /home/airflow/.local/lib/python3.8/site-packages/airflow/example_dags/tutorial_dag.py took 0.253 seconds
[2023-11-26T17:53:29.327+0000] {processor.py:157} INFO - Started process (PID=810) to work on /home/airflow/.local/lib/python3.8/site-packages/airflow/example_dags/tutorial_dag.py
[2023-11-26T17:53:29.331+0000] {processor.py:829} INFO - Processing file /home/airflow/.local/lib/python3.8/site-packages/airflow/example_dags/tutorial_dag.py for tasks to queue
[2023-11-26T17:53:29.338+0000] {logging_mixin.py:154} INFO - [2023-11-26T17:53:29.337+0000] {dagbag.py:536} INFO - Filling up the DagBag from /home/airflow/.local/lib/python3.8/site-packages/airflow/example_dags/tutorial_dag.py
[2023-11-26T17:53:29.355+0000] {processor.py:839} INFO - DAG(s) dict_keys(['tutorial_dag']) retrieved from /home/airflow/.local/lib/python3.8/site-packages/airflow/example_dags/tutorial_dag.py
[2023-11-26T17:53:29.509+0000] {logging_mixin.py:154} INFO - [2023-11-26T17:53:29.509+0000] {dag.py:2941} INFO - Sync 1 DAGs
[2023-11-26T17:53:29.614+0000] {logging_mixin.py:154} INFO - [2023-11-26T17:53:29.614+0000] {dag.py:3722} INFO - Setting next_dagrun for tutorial_dag to None, run_after=None
[2023-11-26T17:53:29.694+0000] {processor.py:179} INFO - Processing /home/airflow/.local/lib/python3.8/site-packages/airflow/example_dags/tutorial_dag.py took 0.377 seconds
[2023-11-26T17:54:00.572+0000] {processor.py:157} INFO - Started process (PID=864) to work on /home/airflow/.local/lib/python3.8/site-packages/airflow/example_dags/tutorial_dag.py
[2023-11-26T17:54:00.574+0000] {processor.py:829} INFO - Processing file /home/airflow/.local/lib/python3.8/site-packages/airflow/example_dags/tutorial_dag.py for tasks to queue
[2023-11-26T17:54:00.579+0000] {logging_mixin.py:154} INFO - [2023-11-26T17:54:00.578+0000] {dagbag.py:536} INFO - Filling up the DagBag from /home/airflow/.local/lib/python3.8/site-packages/airflow/example_dags/tutorial_dag.py
[2023-11-26T17:54:00.591+0000] {processor.py:839} INFO - DAG(s) dict_keys(['tutorial_dag']) retrieved from /home/airflow/.local/lib/python3.8/site-packages/airflow/example_dags/tutorial_dag.py
[2023-11-26T17:54:00.639+0000] {logging_mixin.py:154} INFO - [2023-11-26T17:54:00.638+0000] {dag.py:2941} INFO - Sync 1 DAGs
[2023-11-26T17:54:00.678+0000] {logging_mixin.py:154} INFO - [2023-11-26T17:54:00.677+0000] {dag.py:3722} INFO - Setting next_dagrun for tutorial_dag to None, run_after=None
[2023-11-26T17:54:00.729+0000] {processor.py:179} INFO - Processing /home/airflow/.local/lib/python3.8/site-packages/airflow/example_dags/tutorial_dag.py took 0.167 seconds
[2023-11-26T17:54:38.418+0000] {processor.py:157} INFO - Started process (PID=925) to work on /home/airflow/.local/lib/python3.8/site-packages/airflow/example_dags/tutorial_dag.py
[2023-11-26T17:54:38.421+0000] {processor.py:829} INFO - Processing file /home/airflow/.local/lib/python3.8/site-packages/airflow/example_dags/tutorial_dag.py for tasks to queue
[2023-11-26T17:54:38.428+0000] {logging_mixin.py:154} INFO - [2023-11-26T17:54:38.428+0000] {dagbag.py:536} INFO - Filling up the DagBag from /home/airflow/.local/lib/python3.8/site-packages/airflow/example_dags/tutorial_dag.py
[2023-11-26T17:54:38.447+0000] {processor.py:839} INFO - DAG(s) dict_keys(['tutorial_dag']) retrieved from /home/airflow/.local/lib/python3.8/site-packages/airflow/example_dags/tutorial_dag.py
[2023-11-26T17:54:38.512+0000] {logging_mixin.py:154} INFO - [2023-11-26T17:54:38.512+0000] {dag.py:2941} INFO - Sync 1 DAGs
[2023-11-26T17:54:38.614+0000] {logging_mixin.py:154} INFO - [2023-11-26T17:54:38.613+0000] {dag.py:3722} INFO - Setting next_dagrun for tutorial_dag to None, run_after=None
[2023-11-26T17:54:38.682+0000] {processor.py:179} INFO - Processing /home/airflow/.local/lib/python3.8/site-packages/airflow/example_dags/tutorial_dag.py took 0.272 seconds
[2023-11-26T17:55:09.278+0000] {processor.py:157} INFO - Started process (PID=980) to work on /home/airflow/.local/lib/python3.8/site-packages/airflow/example_dags/tutorial_dag.py
[2023-11-26T17:55:09.286+0000] {processor.py:829} INFO - Processing file /home/airflow/.local/lib/python3.8/site-packages/airflow/example_dags/tutorial_dag.py for tasks to queue
[2023-11-26T17:55:09.293+0000] {logging_mixin.py:154} INFO - [2023-11-26T17:55:09.293+0000] {dagbag.py:536} INFO - Filling up the DagBag from /home/airflow/.local/lib/python3.8/site-packages/airflow/example_dags/tutorial_dag.py
[2023-11-26T17:55:09.308+0000] {processor.py:839} INFO - DAG(s) dict_keys(['tutorial_dag']) retrieved from /home/airflow/.local/lib/python3.8/site-packages/airflow/example_dags/tutorial_dag.py
[2023-11-26T17:55:09.414+0000] {logging_mixin.py:154} INFO - [2023-11-26T17:55:09.413+0000] {dag.py:2941} INFO - Sync 1 DAGs
[2023-11-26T17:55:09.463+0000] {logging_mixin.py:154} INFO - [2023-11-26T17:55:09.462+0000] {dag.py:3722} INFO - Setting next_dagrun for tutorial_dag to None, run_after=None
[2023-11-26T17:55:09.520+0000] {processor.py:179} INFO - Processing /home/airflow/.local/lib/python3.8/site-packages/airflow/example_dags/tutorial_dag.py took 0.273 seconds
[2023-11-26T17:55:40.984+0000] {processor.py:157} INFO - Started process (PID=1034) to work on /home/airflow/.local/lib/python3.8/site-packages/airflow/example_dags/tutorial_dag.py
[2023-11-26T17:55:40.987+0000] {processor.py:829} INFO - Processing file /home/airflow/.local/lib/python3.8/site-packages/airflow/example_dags/tutorial_dag.py for tasks to queue
[2023-11-26T17:55:40.992+0000] {logging_mixin.py:154} INFO - [2023-11-26T17:55:40.992+0000] {dagbag.py:536} INFO - Filling up the DagBag from /home/airflow/.local/lib/python3.8/site-packages/airflow/example_dags/tutorial_dag.py
[2023-11-26T17:55:41.004+0000] {processor.py:839} INFO - DAG(s) dict_keys(['tutorial_dag']) retrieved from /home/airflow/.local/lib/python3.8/site-packages/airflow/example_dags/tutorial_dag.py
[2023-11-26T17:55:41.051+0000] {logging_mixin.py:154} INFO - [2023-11-26T17:55:41.050+0000] {dag.py:2941} INFO - Sync 1 DAGs
[2023-11-26T17:55:41.089+0000] {logging_mixin.py:154} INFO - [2023-11-26T17:55:41.089+0000] {dag.py:3722} INFO - Setting next_dagrun for tutorial_dag to None, run_after=None
[2023-11-26T17:55:41.134+0000] {processor.py:179} INFO - Processing /home/airflow/.local/lib/python3.8/site-packages/airflow/example_dags/tutorial_dag.py took 0.162 seconds
[2023-11-26T17:56:11.203+0000] {processor.py:157} INFO - Started process (PID=1086) to work on /home/airflow/.local/lib/python3.8/site-packages/airflow/example_dags/tutorial_dag.py
[2023-11-26T17:56:11.206+0000] {processor.py:829} INFO - Processing file /home/airflow/.local/lib/python3.8/site-packages/airflow/example_dags/tutorial_dag.py for tasks to queue
[2023-11-26T17:56:11.212+0000] {logging_mixin.py:154} INFO - [2023-11-26T17:56:11.211+0000] {dagbag.py:536} INFO - Filling up the DagBag from /home/airflow/.local/lib/python3.8/site-packages/airflow/example_dags/tutorial_dag.py
[2023-11-26T17:56:11.225+0000] {processor.py:839} INFO - DAG(s) dict_keys(['tutorial_dag']) retrieved from /home/airflow/.local/lib/python3.8/site-packages/airflow/example_dags/tutorial_dag.py
[2023-11-26T17:56:11.281+0000] {logging_mixin.py:154} INFO - [2023-11-26T17:56:11.281+0000] {dag.py:2941} INFO - Sync 1 DAGs
[2023-11-26T17:56:11.321+0000] {logging_mixin.py:154} INFO - [2023-11-26T17:56:11.320+0000] {dag.py:3722} INFO - Setting next_dagrun for tutorial_dag to None, run_after=None
[2023-11-26T17:56:11.377+0000] {processor.py:179} INFO - Processing /home/airflow/.local/lib/python3.8/site-packages/airflow/example_dags/tutorial_dag.py took 0.184 seconds
[2023-11-26T17:56:42.105+0000] {processor.py:157} INFO - Started process (PID=1140) to work on /home/airflow/.local/lib/python3.8/site-packages/airflow/example_dags/tutorial_dag.py
[2023-11-26T17:56:42.130+0000] {processor.py:829} INFO - Processing file /home/airflow/.local/lib/python3.8/site-packages/airflow/example_dags/tutorial_dag.py for tasks to queue
[2023-11-26T17:56:42.138+0000] {logging_mixin.py:154} INFO - [2023-11-26T17:56:42.136+0000] {dagbag.py:536} INFO - Filling up the DagBag from /home/airflow/.local/lib/python3.8/site-packages/airflow/example_dags/tutorial_dag.py
[2023-11-26T17:56:42.154+0000] {processor.py:839} INFO - DAG(s) dict_keys(['tutorial_dag']) retrieved from /home/airflow/.local/lib/python3.8/site-packages/airflow/example_dags/tutorial_dag.py
[2023-11-26T17:56:42.221+0000] {logging_mixin.py:154} INFO - [2023-11-26T17:56:42.221+0000] {dag.py:2941} INFO - Sync 1 DAGs
[2023-11-26T17:56:42.261+0000] {logging_mixin.py:154} INFO - [2023-11-26T17:56:42.261+0000] {dag.py:3722} INFO - Setting next_dagrun for tutorial_dag to None, run_after=None
[2023-11-26T17:56:42.310+0000] {processor.py:179} INFO - Processing /home/airflow/.local/lib/python3.8/site-packages/airflow/example_dags/tutorial_dag.py took 0.217 seconds
[2023-11-26T17:57:13.052+0000] {processor.py:157} INFO - Started process (PID=1195) to work on /home/airflow/.local/lib/python3.8/site-packages/airflow/example_dags/tutorial_dag.py
[2023-11-26T17:57:13.055+0000] {processor.py:829} INFO - Processing file /home/airflow/.local/lib/python3.8/site-packages/airflow/example_dags/tutorial_dag.py for tasks to queue
[2023-11-26T17:57:13.061+0000] {logging_mixin.py:154} INFO - [2023-11-26T17:57:13.061+0000] {dagbag.py:536} INFO - Filling up the DagBag from /home/airflow/.local/lib/python3.8/site-packages/airflow/example_dags/tutorial_dag.py
[2023-11-26T17:57:13.077+0000] {processor.py:839} INFO - DAG(s) dict_keys(['tutorial_dag']) retrieved from /home/airflow/.local/lib/python3.8/site-packages/airflow/example_dags/tutorial_dag.py
[2023-11-26T17:57:13.149+0000] {logging_mixin.py:154} INFO - [2023-11-26T17:57:13.148+0000] {dag.py:2941} INFO - Sync 1 DAGs
[2023-11-26T17:57:13.195+0000] {logging_mixin.py:154} INFO - [2023-11-26T17:57:13.194+0000] {dag.py:3722} INFO - Setting next_dagrun for tutorial_dag to None, run_after=None
[2023-11-26T17:57:13.249+0000] {processor.py:179} INFO - Processing /home/airflow/.local/lib/python3.8/site-packages/airflow/example_dags/tutorial_dag.py took 0.205 seconds
[2023-11-26T17:57:56.760+0000] {processor.py:157} INFO - Started process (PID=1248) to work on /home/airflow/.local/lib/python3.8/site-packages/airflow/example_dags/tutorial_dag.py
[2023-11-26T17:57:56.765+0000] {processor.py:829} INFO - Processing file /home/airflow/.local/lib/python3.8/site-packages/airflow/example_dags/tutorial_dag.py for tasks to queue
[2023-11-26T17:57:56.777+0000] {logging_mixin.py:154} INFO - [2023-11-26T17:57:56.777+0000] {dagbag.py:536} INFO - Filling up the DagBag from /home/airflow/.local/lib/python3.8/site-packages/airflow/example_dags/tutorial_dag.py
[2023-11-26T17:57:56.813+0000] {processor.py:839} INFO - DAG(s) dict_keys(['tutorial_dag']) retrieved from /home/airflow/.local/lib/python3.8/site-packages/airflow/example_dags/tutorial_dag.py
[2023-11-26T17:57:56.925+0000] {logging_mixin.py:154} INFO - [2023-11-26T17:57:56.924+0000] {dag.py:2941} INFO - Sync 1 DAGs
[2023-11-26T17:57:57.177+0000] {logging_mixin.py:154} INFO - [2023-11-26T17:57:57.176+0000] {dag.py:3722} INFO - Setting next_dagrun for tutorial_dag to None, run_after=None
[2023-11-26T17:57:57.233+0000] {processor.py:179} INFO - Processing /home/airflow/.local/lib/python3.8/site-packages/airflow/example_dags/tutorial_dag.py took 0.482 seconds
[2023-11-26T17:58:28.617+0000] {processor.py:157} INFO - Started process (PID=1302) to work on /home/airflow/.local/lib/python3.8/site-packages/airflow/example_dags/tutorial_dag.py
[2023-11-26T17:58:28.620+0000] {processor.py:829} INFO - Processing file /home/airflow/.local/lib/python3.8/site-packages/airflow/example_dags/tutorial_dag.py for tasks to queue
[2023-11-26T17:58:28.625+0000] {logging_mixin.py:154} INFO - [2023-11-26T17:58:28.624+0000] {dagbag.py:536} INFO - Filling up the DagBag from /home/airflow/.local/lib/python3.8/site-packages/airflow/example_dags/tutorial_dag.py
[2023-11-26T17:58:28.641+0000] {processor.py:839} INFO - DAG(s) dict_keys(['tutorial_dag']) retrieved from /home/airflow/.local/lib/python3.8/site-packages/airflow/example_dags/tutorial_dag.py
[2023-11-26T17:58:28.709+0000] {logging_mixin.py:154} INFO - [2023-11-26T17:58:28.708+0000] {dag.py:2941} INFO - Sync 1 DAGs
[2023-11-26T17:58:29.275+0000] {logging_mixin.py:154} INFO - [2023-11-26T17:58:29.274+0000] {dag.py:3722} INFO - Setting next_dagrun for tutorial_dag to None, run_after=None
[2023-11-26T17:58:29.319+0000] {processor.py:179} INFO - Processing /home/airflow/.local/lib/python3.8/site-packages/airflow/example_dags/tutorial_dag.py took 0.711 seconds
[2023-11-26T17:58:59.479+0000] {processor.py:157} INFO - Started process (PID=1356) to work on /home/airflow/.local/lib/python3.8/site-packages/airflow/example_dags/tutorial_dag.py
[2023-11-26T17:58:59.481+0000] {processor.py:829} INFO - Processing file /home/airflow/.local/lib/python3.8/site-packages/airflow/example_dags/tutorial_dag.py for tasks to queue
[2023-11-26T17:58:59.488+0000] {logging_mixin.py:154} INFO - [2023-11-26T17:58:59.487+0000] {dagbag.py:536} INFO - Filling up the DagBag from /home/airflow/.local/lib/python3.8/site-packages/airflow/example_dags/tutorial_dag.py
[2023-11-26T17:58:59.514+0000] {processor.py:839} INFO - DAG(s) dict_keys(['tutorial_dag']) retrieved from /home/airflow/.local/lib/python3.8/site-packages/airflow/example_dags/tutorial_dag.py
[2023-11-26T17:58:59.583+0000] {logging_mixin.py:154} INFO - [2023-11-26T17:58:59.582+0000] {dag.py:2941} INFO - Sync 1 DAGs
[2023-11-26T17:58:59.651+0000] {logging_mixin.py:154} INFO - [2023-11-26T17:58:59.651+0000] {dag.py:3722} INFO - Setting next_dagrun for tutorial_dag to None, run_after=None
[2023-11-26T17:59:00.060+0000] {processor.py:179} INFO - Processing /home/airflow/.local/lib/python3.8/site-packages/airflow/example_dags/tutorial_dag.py took 0.594 seconds
[2023-11-26T17:59:30.759+0000] {processor.py:157} INFO - Started process (PID=1410) to work on /home/airflow/.local/lib/python3.8/site-packages/airflow/example_dags/tutorial_dag.py
[2023-11-26T17:59:30.762+0000] {processor.py:829} INFO - Processing file /home/airflow/.local/lib/python3.8/site-packages/airflow/example_dags/tutorial_dag.py for tasks to queue
[2023-11-26T17:59:30.771+0000] {logging_mixin.py:154} INFO - [2023-11-26T17:59:30.770+0000] {dagbag.py:536} INFO - Filling up the DagBag from /home/airflow/.local/lib/python3.8/site-packages/airflow/example_dags/tutorial_dag.py
[2023-11-26T17:59:30.784+0000] {processor.py:839} INFO - DAG(s) dict_keys(['tutorial_dag']) retrieved from /home/airflow/.local/lib/python3.8/site-packages/airflow/example_dags/tutorial_dag.py
[2023-11-26T17:59:30.837+0000] {logging_mixin.py:154} INFO - [2023-11-26T17:59:30.836+0000] {dag.py:2941} INFO - Sync 1 DAGs
[2023-11-26T17:59:30.880+0000] {logging_mixin.py:154} INFO - [2023-11-26T17:59:30.879+0000] {dag.py:3722} INFO - Setting next_dagrun for tutorial_dag to None, run_after=None
[2023-11-26T17:59:30.939+0000] {processor.py:179} INFO - Processing /home/airflow/.local/lib/python3.8/site-packages/airflow/example_dags/tutorial_dag.py took 0.187 seconds
[2023-11-26T18:00:01.715+0000] {processor.py:157} INFO - Started process (PID=1464) to work on /home/airflow/.local/lib/python3.8/site-packages/airflow/example_dags/tutorial_dag.py
[2023-11-26T18:00:01.726+0000] {processor.py:829} INFO - Processing file /home/airflow/.local/lib/python3.8/site-packages/airflow/example_dags/tutorial_dag.py for tasks to queue
[2023-11-26T18:00:01.743+0000] {logging_mixin.py:154} INFO - [2023-11-26T18:00:01.731+0000] {dagbag.py:536} INFO - Filling up the DagBag from /home/airflow/.local/lib/python3.8/site-packages/airflow/example_dags/tutorial_dag.py
[2023-11-26T18:00:02.812+0000] {processor.py:839} INFO - DAG(s) dict_keys(['tutorial_dag']) retrieved from /home/airflow/.local/lib/python3.8/site-packages/airflow/example_dags/tutorial_dag.py
[2023-11-26T18:00:03.197+0000] {logging_mixin.py:154} INFO - [2023-11-26T18:00:03.197+0000] {dag.py:2941} INFO - Sync 1 DAGs
[2023-11-26T18:00:03.295+0000] {logging_mixin.py:154} INFO - [2023-11-26T18:00:03.294+0000] {dag.py:3722} INFO - Setting next_dagrun for tutorial_dag to None, run_after=None
[2023-11-26T18:00:03.417+0000] {processor.py:179} INFO - Processing /home/airflow/.local/lib/python3.8/site-packages/airflow/example_dags/tutorial_dag.py took 1.718 seconds
[2023-11-26T18:00:34.103+0000] {processor.py:157} INFO - Started process (PID=1517) to work on /home/airflow/.local/lib/python3.8/site-packages/airflow/example_dags/tutorial_dag.py
[2023-11-26T18:00:34.106+0000] {processor.py:829} INFO - Processing file /home/airflow/.local/lib/python3.8/site-packages/airflow/example_dags/tutorial_dag.py for tasks to queue
[2023-11-26T18:00:34.111+0000] {logging_mixin.py:154} INFO - [2023-11-26T18:00:34.111+0000] {dagbag.py:536} INFO - Filling up the DagBag from /home/airflow/.local/lib/python3.8/site-packages/airflow/example_dags/tutorial_dag.py
[2023-11-26T18:00:34.125+0000] {processor.py:839} INFO - DAG(s) dict_keys(['tutorial_dag']) retrieved from /home/airflow/.local/lib/python3.8/site-packages/airflow/example_dags/tutorial_dag.py
[2023-11-26T18:00:34.217+0000] {logging_mixin.py:154} INFO - [2023-11-26T18:00:34.216+0000] {dag.py:2941} INFO - Sync 1 DAGs
[2023-11-26T18:00:34.252+0000] {logging_mixin.py:154} INFO - [2023-11-26T18:00:34.252+0000] {dag.py:3722} INFO - Setting next_dagrun for tutorial_dag to None, run_after=None
[2023-11-26T18:00:34.304+0000] {processor.py:179} INFO - Processing /home/airflow/.local/lib/python3.8/site-packages/airflow/example_dags/tutorial_dag.py took 0.210 seconds
[2023-11-26T18:01:04.601+0000] {processor.py:157} INFO - Started process (PID=1571) to work on /home/airflow/.local/lib/python3.8/site-packages/airflow/example_dags/tutorial_dag.py
[2023-11-26T18:01:04.619+0000] {processor.py:829} INFO - Processing file /home/airflow/.local/lib/python3.8/site-packages/airflow/example_dags/tutorial_dag.py for tasks to queue
[2023-11-26T18:01:04.636+0000] {logging_mixin.py:154} INFO - [2023-11-26T18:01:04.635+0000] {dagbag.py:536} INFO - Filling up the DagBag from /home/airflow/.local/lib/python3.8/site-packages/airflow/example_dags/tutorial_dag.py
[2023-11-26T18:01:04.668+0000] {processor.py:839} INFO - DAG(s) dict_keys(['tutorial_dag']) retrieved from /home/airflow/.local/lib/python3.8/site-packages/airflow/example_dags/tutorial_dag.py
[2023-11-26T18:01:04.795+0000] {logging_mixin.py:154} INFO - [2023-11-26T18:01:04.795+0000] {dag.py:2941} INFO - Sync 1 DAGs
[2023-11-26T18:01:04.885+0000] {logging_mixin.py:154} INFO - [2023-11-26T18:01:04.884+0000] {dag.py:3722} INFO - Setting next_dagrun for tutorial_dag to None, run_after=None
[2023-11-26T18:01:04.965+0000] {processor.py:179} INFO - Processing /home/airflow/.local/lib/python3.8/site-packages/airflow/example_dags/tutorial_dag.py took 0.371 seconds
[2023-11-26T18:01:35.680+0000] {processor.py:157} INFO - Started process (PID=1625) to work on /home/airflow/.local/lib/python3.8/site-packages/airflow/example_dags/tutorial_dag.py
[2023-11-26T18:01:35.685+0000] {processor.py:829} INFO - Processing file /home/airflow/.local/lib/python3.8/site-packages/airflow/example_dags/tutorial_dag.py for tasks to queue
[2023-11-26T18:01:35.699+0000] {logging_mixin.py:154} INFO - [2023-11-26T18:01:35.698+0000] {dagbag.py:536} INFO - Filling up the DagBag from /home/airflow/.local/lib/python3.8/site-packages/airflow/example_dags/tutorial_dag.py
[2023-11-26T18:01:35.716+0000] {processor.py:839} INFO - DAG(s) dict_keys(['tutorial_dag']) retrieved from /home/airflow/.local/lib/python3.8/site-packages/airflow/example_dags/tutorial_dag.py
[2023-11-26T18:01:35.795+0000] {logging_mixin.py:154} INFO - [2023-11-26T18:01:35.794+0000] {dag.py:2941} INFO - Sync 1 DAGs
[2023-11-26T18:01:35.864+0000] {logging_mixin.py:154} INFO - [2023-11-26T18:01:35.864+0000] {dag.py:3722} INFO - Setting next_dagrun for tutorial_dag to None, run_after=None
[2023-11-26T18:01:35.942+0000] {processor.py:179} INFO - Processing /home/airflow/.local/lib/python3.8/site-packages/airflow/example_dags/tutorial_dag.py took 0.276 seconds
[2023-11-26T18:02:06.086+0000] {processor.py:157} INFO - Started process (PID=1677) to work on /home/airflow/.local/lib/python3.8/site-packages/airflow/example_dags/tutorial_dag.py
[2023-11-26T18:02:06.088+0000] {processor.py:829} INFO - Processing file /home/airflow/.local/lib/python3.8/site-packages/airflow/example_dags/tutorial_dag.py for tasks to queue
[2023-11-26T18:02:06.097+0000] {logging_mixin.py:154} INFO - [2023-11-26T18:02:06.096+0000] {dagbag.py:536} INFO - Filling up the DagBag from /home/airflow/.local/lib/python3.8/site-packages/airflow/example_dags/tutorial_dag.py
[2023-11-26T18:02:06.129+0000] {processor.py:839} INFO - DAG(s) dict_keys(['tutorial_dag']) retrieved from /home/airflow/.local/lib/python3.8/site-packages/airflow/example_dags/tutorial_dag.py
[2023-11-26T18:02:06.263+0000] {logging_mixin.py:154} INFO - [2023-11-26T18:02:06.251+0000] {dag.py:2941} INFO - Sync 1 DAGs
[2023-11-26T18:02:06.302+0000] {logging_mixin.py:154} INFO - [2023-11-26T18:02:06.302+0000] {dag.py:3722} INFO - Setting next_dagrun for tutorial_dag to None, run_after=None
[2023-11-26T18:02:06.355+0000] {processor.py:179} INFO - Processing /home/airflow/.local/lib/python3.8/site-packages/airflow/example_dags/tutorial_dag.py took 0.279 seconds
[2023-11-26T18:02:37.335+0000] {processor.py:157} INFO - Started process (PID=1732) to work on /home/airflow/.local/lib/python3.8/site-packages/airflow/example_dags/tutorial_dag.py
[2023-11-26T18:02:37.337+0000] {processor.py:829} INFO - Processing file /home/airflow/.local/lib/python3.8/site-packages/airflow/example_dags/tutorial_dag.py for tasks to queue
[2023-11-26T18:02:37.347+0000] {logging_mixin.py:154} INFO - [2023-11-26T18:02:37.347+0000] {dagbag.py:536} INFO - Filling up the DagBag from /home/airflow/.local/lib/python3.8/site-packages/airflow/example_dags/tutorial_dag.py
[2023-11-26T18:02:37.362+0000] {processor.py:839} INFO - DAG(s) dict_keys(['tutorial_dag']) retrieved from /home/airflow/.local/lib/python3.8/site-packages/airflow/example_dags/tutorial_dag.py
[2023-11-26T18:02:37.464+0000] {logging_mixin.py:154} INFO - [2023-11-26T18:02:37.463+0000] {dag.py:2941} INFO - Sync 1 DAGs
[2023-11-26T18:02:37.557+0000] {logging_mixin.py:154} INFO - [2023-11-26T18:02:37.556+0000] {dag.py:3722} INFO - Setting next_dagrun for tutorial_dag to None, run_after=None
[2023-11-26T18:02:37.628+0000] {processor.py:179} INFO - Processing /home/airflow/.local/lib/python3.8/site-packages/airflow/example_dags/tutorial_dag.py took 0.301 seconds
[2023-11-26T18:03:07.692+0000] {processor.py:157} INFO - Started process (PID=1784) to work on /home/airflow/.local/lib/python3.8/site-packages/airflow/example_dags/tutorial_dag.py
[2023-11-26T18:03:07.694+0000] {processor.py:829} INFO - Processing file /home/airflow/.local/lib/python3.8/site-packages/airflow/example_dags/tutorial_dag.py for tasks to queue
[2023-11-26T18:03:07.699+0000] {logging_mixin.py:154} INFO - [2023-11-26T18:03:07.699+0000] {dagbag.py:536} INFO - Filling up the DagBag from /home/airflow/.local/lib/python3.8/site-packages/airflow/example_dags/tutorial_dag.py
[2023-11-26T18:03:07.713+0000] {processor.py:839} INFO - DAG(s) dict_keys(['tutorial_dag']) retrieved from /home/airflow/.local/lib/python3.8/site-packages/airflow/example_dags/tutorial_dag.py
[2023-11-26T18:03:07.781+0000] {logging_mixin.py:154} INFO - [2023-11-26T18:03:07.781+0000] {dag.py:2941} INFO - Sync 1 DAGs
[2023-11-26T18:03:07.810+0000] {logging_mixin.py:154} INFO - [2023-11-26T18:03:07.809+0000] {dag.py:3722} INFO - Setting next_dagrun for tutorial_dag to None, run_after=None
[2023-11-26T18:03:07.849+0000] {processor.py:179} INFO - Processing /home/airflow/.local/lib/python3.8/site-packages/airflow/example_dags/tutorial_dag.py took 0.168 seconds
